<?xml version="1.0" ?>
<testsuites disabled="0" errors="0" failures="0" tests="338" time="2650.494567632675">
	<testsuite disabled="0" errors="0" failures="0" name="conformance_tests" skipped="0" tests="338" time="2650.494567632675">
		<testcase name="General test of command line generation" time="5.540224" class="required, command_line_tool" file="cl_basic_generation" url="cwltest:conformance_tests#1">
			<system-out>{
    &quot;args&quot;: [
        &quot;bwa&quot;,
        &quot;mem&quot;,
        &quot;-t&quot;,
        &quot;2&quot;,
        &quot;-I&quot;,
        &quot;1,2,3,4&quot;,
        &quot;-m&quot;,
        &quot;3&quot;,
        &quot;chr20.fa&quot;,
        &quot;example_human_Illumina.pe_1.fastq&quot;,
        &quot;example_human_Illumina.pe_2.fastq&quot;
    ]
}</system-out>
			<system-err>[2022-05-12T15:22:02+0200] [MainThread] [I] [cwltool] Resolved 'tests/bwa-mem-tool.cwl' to 'file:///home/michael/cwl-v1.2/tests/bwa-mem-tool.cwl'
[2022-05-12T15:22:04+0200] [MainThread] [I] [toil.job] Saving graph of 1 jobs, 1 new
[2022-05-12T15:22:04+0200] [MainThread] [I] [toil.job] Processing job 'CWLJob' bwa-mem-tool.cwl kind-CWLJob/instance-f0q_4ke9 v0
[2022-05-12T15:22:04+0200] [MainThread] [I] [toil] Running Toil version 5.6.0-c34146a6437e4407a61e946e968bcce67a0ebbca on host mrc-tux.
[2022-05-12T15:22:04+0200] [MainThread] [I] [toil.leader] Issued job 'CWLJob' bwa-mem-tool.cwl kind-CWLJob/instance-f0q_4ke9 v1 with job batch system ID: 0 and cores: 2, disk: 2.0 Gi, and memory: 256.0 Mi
[2022-05-12T15:22:04+0200] [MainThread] [I] [toil.worker] Redirecting logging to /tmp/293aca15513d582d926b21b5d8eafeb8/3e00/worker_log.txt
[2022-05-12T15:22:05+0200] [MainThread] [I] [toil.leader] 0 jobs are running, 0 jobs are issued and waiting to run
[2022-05-12T15:22:07+0200] [MainThread] [I] [toil.leader] Finished toil run successfully.
[2022-05-12T15:22:07+0200] [MainThread] [I] [toil.common] Successfully deleted the job store: FileJobStore(/tmp/tmprx0rznq8)
</system-err>
		</testcase>
		<testcase name="Test nested prefixes with arrays" time="5.372500" class="required, command_line_tool" file="nested_prefixes_arrays" url="cwltest:conformance_tests#2">
			<system-out>{
    &quot;args&quot;: [
        &quot;bwa&quot;,
        &quot;mem&quot;,
        &quot;chr20.fa&quot;,
        &quot;-XXX&quot;,
        &quot;-YYY&quot;,
        &quot;example_human_Illumina.pe_1.fastq&quot;,
        &quot;-YYY&quot;,
        &quot;example_human_Illumina.pe_2.fastq&quot;
    ]
}</system-out>
			<system-err>[2022-05-12T15:22:02+0200] [MainThread] [I] [cwltool] Resolved 'tests/binding-test.cwl' to 'file:///home/michael/cwl-v1.2/tests/binding-test.cwl'
[2022-05-12T15:22:04+0200] [MainThread] [I] [toil.job] Saving graph of 1 jobs, 1 new
[2022-05-12T15:22:04+0200] [MainThread] [I] [toil.job] Processing job 'CWLJob' binding-test.cwl kind-CWLJob/instance-ygykynr8 v0
[2022-05-12T15:22:04+0200] [MainThread] [I] [toil] Running Toil version 5.6.0-c34146a6437e4407a61e946e968bcce67a0ebbca on host mrc-tux.
[2022-05-12T15:22:04+0200] [MainThread] [I] [toil.leader] Issued job 'CWLJob' binding-test.cwl kind-CWLJob/instance-ygykynr8 v1 with job batch system ID: 0 and cores: 1, disk: 3.0 Gi, and memory: 2.0 Gi
[2022-05-12T15:22:04+0200] [MainThread] [I] [toil.worker] Redirecting logging to /tmp/cf0bb26d828252e5b48d4841c2f8f126/aab6/worker_log.txt
[2022-05-12T15:22:05+0200] [MainThread] [I] [toil.leader] 0 jobs are running, 0 jobs are issued and waiting to run
[2022-05-12T15:22:07+0200] [MainThread] [I] [toil.leader] Finished toil run successfully.
[2022-05-12T15:22:07+0200] [MainThread] [I] [toil.common] Successfully deleted the job store: FileJobStore(/tmp/tmp3eapvnw6)
</system-err>
		</testcase>
		<testcase name="Test nested command line bindings" time="5.477437" class="schema_def, command_line_tool" file="nested_cl_bindings" url="cwltest:conformance_tests#3">
			<system-out>{
    &quot;args&quot;: [
        &quot;tmap&quot;,
        &quot;mapall&quot;,
        &quot;stage1&quot;,
        &quot;map1&quot;,
        &quot;--min-seq-length&quot;,
        &quot;20&quot;,
        &quot;map2&quot;,
        &quot;--min-seq-length&quot;,
        &quot;20&quot;,
        &quot;stage2&quot;,
        &quot;map1&quot;,
        &quot;--max-seq-length&quot;,
        &quot;20&quot;,
        &quot;--min-seq-length&quot;,
        &quot;10&quot;,
        &quot;--seed-length&quot;,
        &quot;16&quot;,
        &quot;map2&quot;,
        &quot;--max-seed-hits&quot;,
        &quot;-1&quot;,
        &quot;--max-seq-length&quot;,
        &quot;20&quot;,
        &quot;--min-seq-length&quot;,
        &quot;10&quot;
    ]
}</system-out>
			<system-err>[2022-05-12T15:22:02+0200] [MainThread] [I] [cwltool] Resolved 'tests/tmap-tool.cwl' to 'file:///home/michael/cwl-v1.2/tests/tmap-tool.cwl'
[2022-05-12T15:22:04+0200] [MainThread] [I] [toil.job] Saving graph of 1 jobs, 1 new
[2022-05-12T15:22:04+0200] [MainThread] [I] [toil.job] Processing job 'CWLJob' tmap-tool.cwl kind-CWLJob/instance-izez163d v0
[2022-05-12T15:22:04+0200] [MainThread] [I] [toil] Running Toil version 5.6.0-c34146a6437e4407a61e946e968bcce67a0ebbca on host mrc-tux.
[2022-05-12T15:22:04+0200] [MainThread] [I] [toil.leader] Issued job 'CWLJob' tmap-tool.cwl kind-CWLJob/instance-izez163d v1 with job batch system ID: 0 and cores: 1, disk: 3.0 Gi, and memory: 2.0 Gi
[2022-05-12T15:22:04+0200] [MainThread] [I] [toil.worker] Redirecting logging to /tmp/9b92e9d8b35a58cd979d4ee6da14131b/6ad3/worker_log.txt
[2022-05-12T15:22:05+0200] [MainThread] [I] [toil.leader] 0 jobs are running, 0 jobs are issued and waiting to run
[2022-05-12T15:22:07+0200] [MainThread] [I] [toil.leader] Finished toil run successfully.
[2022-05-12T15:22:07+0200] [MainThread] [I] [toil.common] Successfully deleted the job store: FileJobStore(/tmp/tmpmkfy3mpo)
</system-err>
		</testcase>
		<testcase name="Test command line with optional input (missing)" time="5.471823" class="required, command_line_tool" file="cl_optional_inputs_missing" url="cwltest:conformance_tests#4">
			<system-out>{
    &quot;args&quot;: [
        &quot;cat&quot;,
        &quot;hello.txt&quot;
    ]
}</system-out>
			<system-err>[2022-05-12T15:22:02+0200] [MainThread] [I] [cwltool] Resolved 'tests/cat1-testcli.cwl' to 'file:///home/michael/cwl-v1.2/tests/cat1-testcli.cwl'
[2022-05-12T15:22:04+0200] [MainThread] [I] [toil.job] Saving graph of 1 jobs, 1 new
[2022-05-12T15:22:04+0200] [MainThread] [I] [toil.job] Processing job 'CWLJob' cat1-testcli.cwl kind-CWLJob/instance-59o4274o v0
[2022-05-12T15:22:04+0200] [MainThread] [I] [toil] Running Toil version 5.6.0-c34146a6437e4407a61e946e968bcce67a0ebbca on host mrc-tux.
[2022-05-12T15:22:04+0200] [MainThread] [I] [toil.leader] Issued job 'CWLJob' cat1-testcli.cwl kind-CWLJob/instance-59o4274o v1 with job batch system ID: 0 and cores: 1, disk: 3.0 Gi, and memory: 2.0 Gi
[2022-05-12T15:22:04+0200] [MainThread] [I] [toil.worker] Redirecting logging to /tmp/32600133718a5f4ebb47ed1b3b94d390/8072/worker_log.txt
[2022-05-12T15:22:05+0200] [MainThread] [I] [toil.leader] 0 jobs are running, 0 jobs are issued and waiting to run
[2022-05-12T15:22:07+0200] [MainThread] [I] [toil.leader] Finished toil run successfully.
[2022-05-12T15:22:07+0200] [MainThread] [I] [toil.common] Successfully deleted the job store: FileJobStore(/tmp/tmp3umdsszq)
</system-err>
		</testcase>
		<testcase name="Test command line with optional input (provided)" time="5.350342" class="required, command_line_tool" file="cl_optional_bindings_provided" url="cwltest:conformance_tests#5">
			<system-out>{
    &quot;args&quot;: [
        &quot;cat&quot;,
        &quot;-n&quot;,
        &quot;hello.txt&quot;
    ]
}</system-out>
			<system-err>[2022-05-12T15:22:07+0200] [MainThread] [I] [cwltool] Resolved 'tests/cat1-testcli.cwl' to 'file:///home/michael/cwl-v1.2/tests/cat1-testcli.cwl'
[2022-05-12T15:22:09+0200] [MainThread] [I] [toil.job] Saving graph of 1 jobs, 1 new
[2022-05-12T15:22:09+0200] [MainThread] [I] [toil.job] Processing job 'CWLJob' cat1-testcli.cwl kind-CWLJob/instance-ort4izi5 v0
[2022-05-12T15:22:09+0200] [MainThread] [I] [toil] Running Toil version 5.6.0-c34146a6437e4407a61e946e968bcce67a0ebbca on host mrc-tux.
[2022-05-12T15:22:09+0200] [MainThread] [I] [toil.leader] Issued job 'CWLJob' cat1-testcli.cwl kind-CWLJob/instance-ort4izi5 v1 with job batch system ID: 0 and cores: 1, disk: 3.0 Gi, and memory: 2.0 Gi
[2022-05-12T15:22:09+0200] [MainThread] [I] [toil.worker] Redirecting logging to /tmp/76f12d6c44d75e95a0bbdd67c2752549/308e/worker_log.txt
[2022-05-12T15:22:11+0200] [MainThread] [I] [toil.leader] 0 jobs are running, 0 jobs are issued and waiting to run
[2022-05-12T15:22:12+0200] [MainThread] [I] [toil.leader] Finished toil run successfully.
[2022-05-12T15:22:12+0200] [MainThread] [I] [toil.common] Successfully deleted the job store: FileJobStore(/tmp/tmphb377que)
</system-err>
		</testcase>
		<testcase name="Test InitialWorkDirRequirement ExpressionEngineRequirement.engineConfig feature" time="6.051094" class="initial_work_dir, inline_javascript, command_line_tool" file="initworkdir_expreng_requirements" url="cwltest:conformance_tests#6">
			<system-out>{
    &quot;foo&quot;: {
        &quot;location&quot;: &quot;file:///tmp/tmpm_0tvqfz/foo.txt&quot;,
        &quot;basename&quot;: &quot;foo.txt&quot;,
        &quot;nameroot&quot;: &quot;foo&quot;,
        &quot;nameext&quot;: &quot;.txt&quot;,
        &quot;class&quot;: &quot;File&quot;,
        &quot;checksum&quot;: &quot;sha1$63da67422622fbf9251a046d7a34b7ea0fd4fead&quot;,
        &quot;size&quot;: 22
    }
}</system-out>
			<system-err>[2022-05-12T15:22:07+0200] [MainThread] [I] [cwltool] Resolved 'tests/template-tool.cwl' to 'file:///home/michael/cwl-v1.2/tests/template-tool.cwl'
[2022-05-12T15:22:10+0200] [MainThread] [W] [cwltool] tests/template-tool.cwl:7:9: JSHINT:       exports = module.exports = _;
tests/template-tool.cwl:7:9: JSHINT:       ^
tests/template-tool.cwl:7:9: JSHINT: W117: 'exports' is not defined.
[2022-05-12T15:22:10+0200] [MainThread] [W] [cwltool] tests/template-tool.cwl:7:9: JSHINT:     exports._ = _;
tests/template-tool.cwl:7:9: JSHINT:     ^
tests/template-tool.cwl:7:9: JSHINT: W117: 'exports' is not defined.
[2022-05-12T15:22:10+0200] [MainThread] [W] [cwltool] tests/template-tool.cwl:7:9: JSHINT:     if (typeof module !== 'undefined' &amp;&amp; module.exports) {
tests/template-tool.cwl:7:9: JSHINT:                                          ^
tests/template-tool.cwl:7:9: JSHINT: W117: 'module' is not defined.
[2022-05-12T15:22:10+0200] [MainThread] [W] [cwltool] tests/template-tool.cwl:7:9: JSHINT:       exports = module.exports = _;
tests/template-tool.cwl:7:9: JSHINT:                 ^
tests/template-tool.cwl:7:9: JSHINT: W117: 'module' is not defined.
[2022-05-12T15:22:10+0200] [MainThread] [W] [cwltool] tests/template-tool.cwl:7:9: JSHINT:     return setTimeout(function(){
tests/template-tool.cwl:7:9: JSHINT:            ^
tests/template-tool.cwl:7:9: JSHINT: W117: 'setTimeout' is not defined.
[2022-05-12T15:22:10+0200] [MainThread] [W] [cwltool] tests/template-tool.cwl:7:9: JSHINT:         timeout = setTimeout(later, remaining);
tests/template-tool.cwl:7:9: JSHINT:                   ^
tests/template-tool.cwl:7:9: JSHINT: W117: 'setTimeout' is not defined.
[2022-05-12T15:22:10+0200] [MainThread] [W] [cwltool] tests/template-tool.cwl:7:9: JSHINT:         timeout = setTimeout(later, wait - last);
tests/template-tool.cwl:7:9: JSHINT:                   ^
tests/template-tool.cwl:7:9: JSHINT: W117: 'setTimeout' is not defined.
[2022-05-12T15:22:10+0200] [MainThread] [W] [cwltool] tests/template-tool.cwl:7:9: JSHINT:       if (!timeout) timeout = setTimeout(later, wait);
tests/template-tool.cwl:7:9: JSHINT:                               ^
tests/template-tool.cwl:7:9: JSHINT: W117: 'setTimeout' is not defined.
[2022-05-12T15:22:10+0200] [MainThread] [W] [cwltool] tests/template-tool.cwl:7:9: JSHINT:         clearTimeout(timeout);
tests/template-tool.cwl:7:9: JSHINT:         ^
tests/template-tool.cwl:7:9: JSHINT: W117: 'clearTimeout' is not defined.
[2022-05-12T15:22:10+0200] [MainThread] [W] [cwltool] tests/template-tool.cwl:7:9: JSHINT:     root._ = previousUnderscore;
tests/template-tool.cwl:7:9: JSHINT:              ^
tests/template-tool.cwl:7:9: JSHINT: W117: 'previousUnderscore' is not defined.
[2022-05-12T15:22:10+0200] [MainThread] [W] [cwltool] tests/template-tool.cwl:7:9: JSHINT:   if (typeof define === 'function' &amp;&amp; define.amd) {
tests/template-tool.cwl:7:9: JSHINT:                                       ^
tests/template-tool.cwl:7:9: JSHINT: W117: 'define' is not defined.
[2022-05-12T15:22:10+0200] [MainThread] [W] [cwltool] tests/template-tool.cwl:7:9: JSHINT:     define('underscore', [], function() {
tests/template-tool.cwl:7:9: JSHINT:     ^
tests/template-tool.cwl:7:9: JSHINT: W117: 'define' is not defined.
[2022-05-12T15:22:10+0200] [MainThread] [W] [cwltool] tests/template-tool.cwl:8:9: JSHINT: var t = function(s) { return _.template(s, {variable: 'data'})({'inputs': inputs}); };
tests/template-tool.cwl:8:9: JSHINT:                              ^
tests/template-tool.cwl:8:9: JSHINT: W117: '_' is not defined.
[2022-05-12T15:22:10+0200] [MainThread] [I] [toil.job] Saving graph of 1 jobs, 1 new
[2022-05-12T15:22:10+0200] [MainThread] [I] [toil.job] Processing job 'CWLJob' template-tool.cwl kind-CWLJob/instance-pfre_rdc v0
[2022-05-12T15:22:10+0200] [MainThread] [I] [toil] Running Toil version 5.6.0-c34146a6437e4407a61e946e968bcce67a0ebbca on host mrc-tux.
[2022-05-12T15:22:10+0200] [MainThread] [I] [toil.leader] Issued job 'CWLJob' template-tool.cwl kind-CWLJob/instance-pfre_rdc v1 with job batch system ID: 0 and cores: 1, disk: 3.0 Gi, and memory: 2.0 Gi
[2022-05-12T15:22:10+0200] [MainThread] [I] [toil.worker] Redirecting logging to /tmp/3d9edea4cefa5d92a38449a277ba7d66/ad9c/worker_log.txt
[2022-05-12T15:22:12+0200] [MainThread] [I] [toil.leader] 0 jobs are running, 0 jobs are issued and waiting to run
[2022-05-12T15:22:13+0200] [MainThread] [I] [toil.leader] Finished toil run successfully.
[2022-05-12T15:22:13+0200] [MainThread] [I] [toil.common] Successfully deleted the job store: FileJobStore(/tmp/tmpw1a_fo2m)
</system-err>
		</testcase>
		<testcase name="Test command execution in Docker with stdout redirection" time="5.326531" class="docker, command_line_tool" file="stdout_redirect_docker" url="cwltest:conformance_tests#7">
			<system-out>{
    &quot;output_file&quot;: {
        &quot;location&quot;: &quot;file:///tmp/tmpesmxkp1f/output.txt&quot;,
        &quot;basename&quot;: &quot;output.txt&quot;,
        &quot;nameroot&quot;: &quot;output&quot;,
        &quot;nameext&quot;: &quot;.txt&quot;,
        &quot;class&quot;: &quot;File&quot;,
        &quot;checksum&quot;: &quot;sha1$47a013e660d408619d894b20806b1d5086aab03b&quot;,
        &quot;size&quot;: 13
    }
}</system-out>
			<system-err>[2022-05-12T15:22:07+0200] [MainThread] [I] [cwltool] Resolved 'tests/cat3-tool.cwl' to 'file:///home/michael/cwl-v1.2/tests/cat3-tool.cwl'
[2022-05-12T15:22:09+0200] [MainThread] [I] [toil.job] Saving graph of 1 jobs, 1 new
[2022-05-12T15:22:09+0200] [MainThread] [I] [toil.job] Processing job 'CWLJob' cat3-tool.cwl kind-CWLJob/instance-i6ht8jre v0
[2022-05-12T15:22:09+0200] [MainThread] [I] [toil] Running Toil version 5.6.0-c34146a6437e4407a61e946e968bcce67a0ebbca on host mrc-tux.
[2022-05-12T15:22:09+0200] [MainThread] [I] [toil.leader] Issued job 'CWLJob' cat3-tool.cwl kind-CWLJob/instance-i6ht8jre v1 with job batch system ID: 0 and cores: 1, disk: 3.0 Gi, and memory: 2.0 Gi
[2022-05-12T15:22:09+0200] [MainThread] [I] [toil.worker] Redirecting logging to /tmp/172455912f92560cbcee00acabee83c7/012c/worker_log.txt
[2022-05-12T15:22:11+0200] [MainThread] [I] [toil.leader] 0 jobs are running, 0 jobs are issued and waiting to run
[2022-05-12T15:22:12+0200] [MainThread] [I] [toil.leader] Finished toil run successfully.
[2022-05-12T15:22:12+0200] [MainThread] [I] [toil.common] Successfully deleted the job store: FileJobStore(/tmp/tmpan2rh2ml)
</system-err>
		</testcase>
		<testcase name="Test command execution in Docker with shortcut stdout redirection" time="5.344074" class="docker, command_line_tool" file="stdout_redirect_shortcut_docker" url="cwltest:conformance_tests#8">
			<system-out>{
    &quot;output_file&quot;: {
        &quot;location&quot;: &quot;file:///tmp/tmpk9e18esh/7cb3ad2dc4eb35619099023b8277e1c0645358e6&quot;,
        &quot;basename&quot;: &quot;7cb3ad2dc4eb35619099023b8277e1c0645358e6&quot;,
        &quot;nameroot&quot;: &quot;7cb3ad2dc4eb35619099023b8277e1c0645358e6&quot;,
        &quot;nameext&quot;: &quot;&quot;,
        &quot;class&quot;: &quot;File&quot;,
        &quot;checksum&quot;: &quot;sha1$47a013e660d408619d894b20806b1d5086aab03b&quot;,
        &quot;size&quot;: 13
    }
}</system-out>
			<system-err>[2022-05-12T15:22:07+0200] [MainThread] [I] [cwltool] Resolved 'tests/cat3-tool-shortcut.cwl' to 'file:///home/michael/cwl-v1.2/tests/cat3-tool-shortcut.cwl'
[2022-05-12T15:22:09+0200] [MainThread] [I] [toil.job] Saving graph of 1 jobs, 1 new
[2022-05-12T15:22:09+0200] [MainThread] [I] [toil.job] Processing job 'CWLJob' cat3-tool-shortcut.cwl kind-CWLJob/instance-1jlvmit5 v0
[2022-05-12T15:22:09+0200] [MainThread] [I] [toil] Running Toil version 5.6.0-c34146a6437e4407a61e946e968bcce67a0ebbca on host mrc-tux.
[2022-05-12T15:22:09+0200] [MainThread] [I] [toil.leader] Issued job 'CWLJob' cat3-tool-shortcut.cwl kind-CWLJob/instance-1jlvmit5 v1 with job batch system ID: 0 and cores: 1, disk: 3.0 Gi, and memory: 2.0 Gi
[2022-05-12T15:22:10+0200] [MainThread] [I] [toil.worker] Redirecting logging to /tmp/d79453527ded5d049858b71ffdc0bb6d/0216/worker_log.txt
[2022-05-12T15:22:11+0200] [MainThread] [I] [toil.leader] 0 jobs are running, 0 jobs are issued and waiting to run
[2022-05-12T15:22:12+0200] [MainThread] [I] [toil.leader] Finished toil run successfully.
[2022-05-12T15:22:12+0200] [MainThread] [I] [toil.common] Successfully deleted the job store: FileJobStore(/tmp/tmp844w3dfe)
</system-err>
		</testcase>
		<testcase name="Test command execution in Docker with mediumcut stdout redirection" time="5.215991" class="docker, command_line_tool" file="stdout_redirect_mediumcut_docker" url="cwltest:conformance_tests#9">
			<system-out>{
    &quot;output_file&quot;: {
        &quot;location&quot;: &quot;file:///tmp/tmpzjeqltcj/cat-out&quot;,
        &quot;basename&quot;: &quot;cat-out&quot;,
        &quot;nameroot&quot;: &quot;cat-out&quot;,
        &quot;nameext&quot;: &quot;&quot;,
        &quot;class&quot;: &quot;File&quot;,
        &quot;checksum&quot;: &quot;sha1$47a013e660d408619d894b20806b1d5086aab03b&quot;,
        &quot;size&quot;: 13
    }
}</system-out>
			<system-err>[2022-05-12T15:22:13+0200] [MainThread] [I] [cwltool] Resolved 'tests/cat3-tool-mediumcut.cwl' to 'file:///home/michael/cwl-v1.2/tests/cat3-tool-mediumcut.cwl'
[2022-05-12T15:22:14+0200] [MainThread] [I] [toil.job] Saving graph of 1 jobs, 1 new
[2022-05-12T15:22:14+0200] [MainThread] [I] [toil.job] Processing job 'CWLJob' cat3-tool-mediumcut.cwl kind-CWLJob/instance-cv7dl5je v0
[2022-05-12T15:22:14+0200] [MainThread] [I] [toil] Running Toil version 5.6.0-c34146a6437e4407a61e946e968bcce67a0ebbca on host mrc-tux.
[2022-05-12T15:22:14+0200] [MainThread] [I] [toil.leader] Issued job 'CWLJob' cat3-tool-mediumcut.cwl kind-CWLJob/instance-cv7dl5je v1 with job batch system ID: 0 and cores: 1, disk: 3.0 Gi, and memory: 2.0 Gi
[2022-05-12T15:22:15+0200] [MainThread] [I] [toil.worker] Redirecting logging to /tmp/85cef0334435542ebd5f8621e0c14ca0/d1c1/worker_log.txt
[2022-05-12T15:22:16+0200] [MainThread] [I] [toil.leader] 0 jobs are running, 0 jobs are issued and waiting to run
[2022-05-12T15:22:17+0200] [MainThread] [I] [toil.leader] Finished toil run successfully.
[2022-05-12T15:22:17+0200] [MainThread] [I] [toil.common] Successfully deleted the job store: FileJobStore(/tmp/tmpbm6p3hqe)
</system-err>
		</testcase>
		<testcase name="Test command line with stderr redirection" time="4.210874" class="shell_command, command_line_tool" file="stderr_redirect" url="cwltest:conformance_tests#10">
			<system-out>{
    &quot;output_file&quot;: {
        &quot;location&quot;: &quot;file:///tmp/tmpxiktv01u/error.txt&quot;,
        &quot;basename&quot;: &quot;error.txt&quot;,
        &quot;nameroot&quot;: &quot;error&quot;,
        &quot;nameext&quot;: &quot;.txt&quot;,
        &quot;class&quot;: &quot;File&quot;,
        &quot;checksum&quot;: &quot;sha1$f1d2d2f924e986ac86fdf7b36c94bcdf32beec15&quot;,
        &quot;size&quot;: 4
    }
}</system-out>
			<system-err>[2022-05-12T15:22:13+0200] [MainThread] [I] [cwltool] Resolved 'tests/stderr.cwl' to 'file:///home/michael/cwl-v1.2/tests/stderr.cwl'
[2022-05-12T15:22:14+0200] [MainThread] [I] [toil.job] Saving graph of 1 jobs, 1 new
[2022-05-12T15:22:14+0200] [MainThread] [I] [toil.job] Processing job 'CWLJob' stderr.cwl kind-CWLJob/instance-7j2qk0_2 v0
[2022-05-12T15:22:14+0200] [MainThread] [I] [toil] Running Toil version 5.6.0-c34146a6437e4407a61e946e968bcce67a0ebbca on host mrc-tux.
[2022-05-12T15:22:14+0200] [MainThread] [I] [toil.leader] Issued job 'CWLJob' stderr.cwl kind-CWLJob/instance-7j2qk0_2 v1 with job batch system ID: 0 and cores: 1, disk: 3.0 Gi, and memory: 2.0 Gi
[2022-05-12T15:22:15+0200] [MainThread] [I] [toil.worker] Redirecting logging to /tmp/0b63c728d9225af5a99545a56d391f9f/2125/worker_log.txt
[2022-05-12T15:22:15+0200] [MainThread] [I] [toil.leader] 0 jobs are running, 0 jobs are issued and waiting to run
[2022-05-12T15:22:16+0200] [MainThread] [I] [toil.leader] Finished toil run successfully.
[2022-05-12T15:22:16+0200] [MainThread] [I] [toil.common] Successfully deleted the job store: FileJobStore(/tmp/tmp5icbvode)
</system-err>
		</testcase>
		<testcase name="Test command line with stderr redirection, brief syntax" time="4.367142" class="shell_command, command_line_tool" file="stderr_redirect_shortcut" url="cwltest:conformance_tests#11">
			<system-out>{
    &quot;output_file&quot;: {
        &quot;location&quot;: &quot;file:///tmp/tmp5rz6v9lo/c79b45d64b0915ff871d6b79a5c8a6348ef6a8ce&quot;,
        &quot;basename&quot;: &quot;c79b45d64b0915ff871d6b79a5c8a6348ef6a8ce&quot;,
        &quot;nameroot&quot;: &quot;c79b45d64b0915ff871d6b79a5c8a6348ef6a8ce&quot;,
        &quot;nameext&quot;: &quot;&quot;,
        &quot;class&quot;: &quot;File&quot;,
        &quot;checksum&quot;: &quot;sha1$f1d2d2f924e986ac86fdf7b36c94bcdf32beec15&quot;,
        &quot;size&quot;: 4
    }
}</system-out>
			<system-err>[2022-05-12T15:22:13+0200] [MainThread] [I] [cwltool] Resolved 'tests/stderr-shortcut.cwl' to 'file:///home/michael/cwl-v1.2/tests/stderr-shortcut.cwl'
[2022-05-12T15:22:15+0200] [MainThread] [I] [toil.job] Saving graph of 1 jobs, 1 new
[2022-05-12T15:22:15+0200] [MainThread] [I] [toil.job] Processing job 'CWLJob' stderr-shortcut.cwl kind-CWLJob/instance-6g2r439p v0
[2022-05-12T15:22:15+0200] [MainThread] [I] [toil] Running Toil version 5.6.0-c34146a6437e4407a61e946e968bcce67a0ebbca on host mrc-tux.
[2022-05-12T15:22:15+0200] [MainThread] [I] [toil.leader] Issued job 'CWLJob' stderr-shortcut.cwl kind-CWLJob/instance-6g2r439p v1 with job batch system ID: 0 and cores: 1, disk: 3.0 Gi, and memory: 2.0 Gi
[2022-05-12T15:22:15+0200] [MainThread] [I] [toil.worker] Redirecting logging to /tmp/a1b4b4a480e45e4ba32101d1cb778def/32d5/worker_log.txt
[2022-05-12T15:22:15+0200] [MainThread] [I] [toil.leader] 0 jobs are running, 0 jobs are issued and waiting to run
[2022-05-12T15:22:17+0200] [MainThread] [I] [toil.leader] Finished toil run successfully.
[2022-05-12T15:22:17+0200] [MainThread] [I] [toil.common] Successfully deleted the job store: FileJobStore(/tmp/tmpty8n9jo4)
</system-err>
		</testcase>
		<testcase name="Test command line with stderr redirection, named brief syntax" time="4.823889" class="shell_command, command_line_tool" file="stderr_redirect_mediumcut" url="cwltest:conformance_tests#12">
			<system-out>{
    &quot;output_file&quot;: {
        &quot;location&quot;: &quot;file:///tmp/tmpww4_j0i6/std.err&quot;,
        &quot;basename&quot;: &quot;std.err&quot;,
        &quot;nameroot&quot;: &quot;std&quot;,
        &quot;nameext&quot;: &quot;.err&quot;,
        &quot;class&quot;: &quot;File&quot;,
        &quot;checksum&quot;: &quot;sha1$f1d2d2f924e986ac86fdf7b36c94bcdf32beec15&quot;,
        &quot;size&quot;: 4
    }
}</system-out>
			<system-err>[2022-05-12T15:22:13+0200] [MainThread] [I] [cwltool] Resolved 'tests/stderr-mediumcut.cwl' to 'file:///home/michael/cwl-v1.2/tests/stderr-mediumcut.cwl'
[2022-05-12T15:22:15+0200] [MainThread] [I] [toil.job] Saving graph of 1 jobs, 1 new
[2022-05-12T15:22:15+0200] [MainThread] [I] [toil.job] Processing job 'CWLJob' stderr-mediumcut.cwl kind-CWLJob/instance-vlkdyqba v0
[2022-05-12T15:22:15+0200] [MainThread] [I] [toil] Running Toil version 5.6.0-c34146a6437e4407a61e946e968bcce67a0ebbca on host mrc-tux.
[2022-05-12T15:22:15+0200] [MainThread] [I] [toil.leader] Issued job 'CWLJob' stderr-mediumcut.cwl kind-CWLJob/instance-vlkdyqba v1 with job batch system ID: 0 and cores: 1, disk: 3.0 Gi, and memory: 2.0 Gi
[2022-05-12T15:22:15+0200] [MainThread] [I] [toil.worker] Redirecting logging to /tmp/60c14c5cb609534f8ca68118a20d8cfd/71d6/worker_log.txt
[2022-05-12T15:22:16+0200] [MainThread] [I] [toil.leader] 0 jobs are running, 0 jobs are issued and waiting to run
[2022-05-12T15:22:18+0200] [MainThread] [I] [toil.leader] Finished toil run successfully.
[2022-05-12T15:22:18+0200] [MainThread] [I] [toil.common] Successfully deleted the job store: FileJobStore(/tmp/tmpq90k2e7m)
</system-err>
		</testcase>
		<testcase name="Test command execution in Docker with stdin and stdout redirection" time="5.129881" class="required, command_line_tool" file="stdinout_redirect_docker" url="cwltest:conformance_tests#13">
			<system-out>{
    &quot;output_txt&quot;: {
        &quot;location&quot;: &quot;file:///tmp/tmpn82sy3rt/output.txt&quot;,
        &quot;basename&quot;: &quot;output.txt&quot;,
        &quot;nameroot&quot;: &quot;output&quot;,
        &quot;nameext&quot;: &quot;.txt&quot;,
        &quot;class&quot;: &quot;File&quot;,
        &quot;checksum&quot;: &quot;sha1$47a013e660d408619d894b20806b1d5086aab03b&quot;,
        &quot;size&quot;: 13
    }
}</system-out>
			<system-err>[2022-05-12T15:22:17+0200] [MainThread] [I] [cwltool] Resolved 'tests/cat4-tool.cwl' to 'file:///home/michael/cwl-v1.2/tests/cat4-tool.cwl'
[2022-05-12T15:22:18+0200] [MainThread] [I] [toil.job] Saving graph of 1 jobs, 1 new
[2022-05-12T15:22:18+0200] [MainThread] [I] [toil.job] Processing job 'CWLJob' cat4-tool.cwl kind-CWLJob/instance-uoqucpve v0
[2022-05-12T15:22:18+0200] [MainThread] [I] [toil] Running Toil version 5.6.0-c34146a6437e4407a61e946e968bcce67a0ebbca on host mrc-tux.
[2022-05-12T15:22:18+0200] [MainThread] [I] [toil.leader] Issued job 'CWLJob' cat4-tool.cwl kind-CWLJob/instance-uoqucpve v1 with job batch system ID: 0 and cores: 1, disk: 3.0 Gi, and memory: 2.0 Gi
[2022-05-12T15:22:19+0200] [MainThread] [I] [toil.worker] Redirecting logging to /tmp/614f3c353416588090f594b99808ded6/04e7/worker_log.txt
[2022-05-12T15:22:20+0200] [MainThread] [I] [toil.leader] 0 jobs are running, 0 jobs are issued and waiting to run
[2022-05-12T15:22:21+0200] [MainThread] [I] [toil.leader] Finished toil run successfully.
[2022-05-12T15:22:21+0200] [MainThread] [I] [toil.common] Successfully deleted the job store: FileJobStore(/tmp/tmpu2_jtk8y)
</system-err>
		</testcase>
		<testcase name="Test default usage of Any in expressions." time="4.954849" class="inline_javascript, expression_tool" file="expression_any" url="cwltest:conformance_tests#14">
			<system-out>{
    &quot;output&quot;: 1
}</system-out>
			<system-err>[2022-05-12T15:22:17+0200] [MainThread] [I] [cwltool] Resolved 'tests/null-expression1-tool.cwl' to 'file:///home/michael/cwl-v1.2/tests/null-expression1-tool.cwl'
[2022-05-12T15:22:19+0200] [MainThread] [I] [toil.job] Saving graph of 1 jobs, 1 new
[2022-05-12T15:22:19+0200] [MainThread] [I] [toil.job] Processing job 'CWLJob' null-expression1-tool.cwl kind-CWLJob/instance-uxd69sdn v0
[2022-05-12T15:22:19+0200] [MainThread] [I] [toil] Running Toil version 5.6.0-c34146a6437e4407a61e946e968bcce67a0ebbca on host mrc-tux.
[2022-05-12T15:22:19+0200] [MainThread] [I] [toil.leader] Issued job 'CWLJob' null-expression1-tool.cwl kind-CWLJob/instance-uxd69sdn v1 with job batch system ID: 0 and cores: 1, disk: 3.0 Gi, and memory: 2.0 Gi
[2022-05-12T15:22:19+0200] [MainThread] [I] [toil.worker] Redirecting logging to /tmp/a7b648de1d955679af1bd2febb1de95c/a08b/worker_log.txt
[2022-05-12T15:22:20+0200] [MainThread] [I] [toil.leader] 0 jobs are running, 0 jobs are issued and waiting to run
[2022-05-12T15:22:22+0200] [MainThread] [I] [toil.leader] Finished toil run successfully.
[2022-05-12T15:22:22+0200] [MainThread] [I] [toil.common] Successfully deleted the job store: FileJobStore(/tmp/tmpui7oloj8)
</system-err>
		</testcase>
		<testcase name="Test explicitly passing null to Any type inputs with default values." time="4.721601" class="inline_javascript, expression_tool" file="expression_any_null" url="cwltest:conformance_tests#15">
			<system-out>{
    &quot;output&quot;: 1
}</system-out>
			<system-err>[2022-05-12T15:22:18+0200] [MainThread] [I] [cwltool] Resolved 'tests/null-expression1-tool.cwl' to 'file:///home/michael/cwl-v1.2/tests/null-expression1-tool.cwl'
[2022-05-12T15:22:20+0200] [MainThread] [I] [toil.job] Saving graph of 1 jobs, 1 new
[2022-05-12T15:22:20+0200] [MainThread] [I] [toil.job] Processing job 'CWLJob' null-expression1-tool.cwl kind-CWLJob/instance-99edv_e1 v0
[2022-05-12T15:22:20+0200] [MainThread] [I] [toil] Running Toil version 5.6.0-c34146a6437e4407a61e946e968bcce67a0ebbca on host mrc-tux.
[2022-05-12T15:22:20+0200] [MainThread] [I] [toil.leader] Issued job 'CWLJob' null-expression1-tool.cwl kind-CWLJob/instance-99edv_e1 v1 with job batch system ID: 0 and cores: 1, disk: 3.0 Gi, and memory: 2.0 Gi
[2022-05-12T15:22:20+0200] [MainThread] [I] [toil.worker] Redirecting logging to /tmp/b9dcf5e721c554d3ae4ac6e366d16def/85d4/worker_log.txt
[2022-05-12T15:22:21+0200] [MainThread] [I] [toil.leader] 0 jobs are running, 0 jobs are issued and waiting to run
[2022-05-12T15:22:22+0200] [MainThread] [I] [toil.leader] Finished toil run successfully.
[2022-05-12T15:22:22+0200] [MainThread] [I] [toil.common] Successfully deleted the job store: FileJobStore(/tmp/tmptpbtwl1d)
</system-err>
		</testcase>
		<testcase name="Testing the string 'null' does not trip up an Any with a default value." time="4.586197" class="inline_javascript, expression_tool" file="expression_any_string" url="cwltest:conformance_tests#16">
			<system-out>{
    &quot;output&quot;: 2
}</system-out>
			<system-err>[2022-05-12T15:22:18+0200] [MainThread] [I] [cwltool] Resolved 'tests/null-expression1-tool.cwl' to 'file:///home/michael/cwl-v1.2/tests/null-expression1-tool.cwl'
[2022-05-12T15:22:20+0200] [MainThread] [I] [toil.job] Saving graph of 1 jobs, 1 new
[2022-05-12T15:22:20+0200] [MainThread] [I] [toil.job] Processing job 'CWLJob' null-expression1-tool.cwl kind-CWLJob/instance-cisj1_ee v0
[2022-05-12T15:22:20+0200] [MainThread] [I] [toil] Running Toil version 5.6.0-c34146a6437e4407a61e946e968bcce67a0ebbca on host mrc-tux.
[2022-05-12T15:22:20+0200] [MainThread] [I] [toil.leader] Issued job 'CWLJob' null-expression1-tool.cwl kind-CWLJob/instance-cisj1_ee v1 with job batch system ID: 0 and cores: 1, disk: 3.0 Gi, and memory: 2.0 Gi
[2022-05-12T15:22:21+0200] [MainThread] [I] [toil.worker] Redirecting logging to /tmp/1636238d02df5366b5ceb853fd5533df/96b6/worker_log.txt
[2022-05-12T15:22:21+0200] [MainThread] [I] [toil.leader] 0 jobs are running, 0 jobs are issued and waiting to run
[2022-05-12T15:22:22+0200] [MainThread] [I] [toil.leader] Finished toil run successfully.
[2022-05-12T15:22:22+0200] [MainThread] [I] [toil.common] Successfully deleted the job store: FileJobStore(/tmp/tmpsvcqarou)
</system-err>
		</testcase>
		<testcase name="Test Any without defaults cannot be unspecified." time="2.503649" class="inline_javascript, expression_tool" file="expression_any_nodefaultany" url="cwltest:conformance_tests#17">
			<system-err>[2022-05-12T15:22:22+0200] [MainThread] [I] [cwltool] Resolved 'tests/null-expression2-tool.cwl' to 'file:///home/michael/cwl-v1.2/tests/null-expression2-tool.cwl'
Traceback (most recent call last):
  File &quot;/home/michael/common-workflow-language/toil5.6.0/lib/python3.10/site-packages/cwltool/process.py&quot;, line 456, in fill_in_defaults
    raise WorkflowException(
cwltool.errors.WorkflowException: Missing required input parameter 'i1'

During handling of the above exception, another exception occurred:

Traceback (most recent call last):
  File &quot;/home/michael/common-workflow-language/toil5.6.0/bin/toil-cwl-runner&quot;, line 8, in &lt;module&gt;
    sys.exit(main())
  File &quot;/home/michael/common-workflow-language/toil5.6.0/lib/python3.10/site-packages/toil/cwl/cwltoil.py&quot;, line 3389, in main
    fill_in_defaults(tool.tool[&quot;inputs&quot;], initialized_job_order, fs_access)
  File &quot;/home/michael/common-workflow-language/toil5.6.0/lib/python3.10/site-packages/cwltool/process.py&quot;, line 447, in fill_in_defaults
    with SourceLine(inputs, e, WorkflowException, debug):
  File &quot;schema_salad/sourceline.py&quot;, line 256, in __exit__
cwltool.errors.WorkflowException: tests/null-expression2-tool.cwl:9:3: Missing required input parameter 'i1'
</system-err>
		</testcase>
		<testcase name="Test explicitly passing null to Any type without a default value." time="2.546209" class="inline_javascript, expression_tool" file="expression_any_null_nodefaultany" url="cwltest:conformance_tests#18">
			<system-err>[2022-05-12T15:22:22+0200] [MainThread] [I] [cwltool] Resolved 'tests/null-expression2-tool.cwl' to 'file:///home/michael/cwl-v1.2/tests/null-expression2-tool.cwl'
Traceback (most recent call last):
  File &quot;/home/michael/common-workflow-language/toil5.6.0/lib/python3.10/site-packages/cwltool/process.py&quot;, line 456, in fill_in_defaults
    raise WorkflowException(
cwltool.errors.WorkflowException: Missing required input parameter 'i1'

During handling of the above exception, another exception occurred:

Traceback (most recent call last):
  File &quot;/home/michael/common-workflow-language/toil5.6.0/bin/toil-cwl-runner&quot;, line 8, in &lt;module&gt;
    sys.exit(main())
  File &quot;/home/michael/common-workflow-language/toil5.6.0/lib/python3.10/site-packages/toil/cwl/cwltoil.py&quot;, line 3389, in main
    fill_in_defaults(tool.tool[&quot;inputs&quot;], initialized_job_order, fs_access)
  File &quot;/home/michael/common-workflow-language/toil5.6.0/lib/python3.10/site-packages/cwltool/process.py&quot;, line 447, in fill_in_defaults
    with SourceLine(inputs, e, WorkflowException, debug):
  File &quot;schema_salad/sourceline.py&quot;, line 256, in __exit__
cwltool.errors.WorkflowException: tests/null-expression2-tool.cwl:9:3: Missing required input parameter 'i1'
</system-err>
		</testcase>
		<testcase name="Testing the string 'null' does not trip up an Any without a default value." time="4.845827" class="inline_javascript, expression_tool" file="expression_any_nullstring_nodefaultany" url="cwltest:conformance_tests#19">
			<system-out>{
    &quot;output&quot;: 2
}</system-out>
			<system-err>[2022-05-12T15:22:23+0200] [MainThread] [I] [cwltool] Resolved 'tests/null-expression2-tool.cwl' to 'file:///home/michael/cwl-v1.2/tests/null-expression2-tool.cwl'
[2022-05-12T15:22:25+0200] [MainThread] [I] [toil.job] Saving graph of 1 jobs, 1 new
[2022-05-12T15:22:25+0200] [MainThread] [I] [toil.job] Processing job 'CWLJob' null-expression2-tool.cwl kind-CWLJob/instance-k92j3osg v0
[2022-05-12T15:22:25+0200] [MainThread] [I] [toil] Running Toil version 5.6.0-c34146a6437e4407a61e946e968bcce67a0ebbca on host mrc-tux.
[2022-05-12T15:22:25+0200] [MainThread] [I] [toil.leader] Issued job 'CWLJob' null-expression2-tool.cwl kind-CWLJob/instance-k92j3osg v1 with job batch system ID: 0 and cores: 1, disk: 3.0 Gi, and memory: 2.0 Gi
[2022-05-12T15:22:25+0200] [MainThread] [I] [toil.worker] Redirecting logging to /tmp/5c0a5babcc445ded8edc2f68ab320a3a/b3d8/worker_log.txt
[2022-05-12T15:22:26+0200] [MainThread] [I] [toil.leader] 0 jobs are running, 0 jobs are issued and waiting to run
[2022-05-12T15:22:27+0200] [MainThread] [I] [toil.leader] Finished toil run successfully.
[2022-05-12T15:22:27+0200] [MainThread] [I] [toil.common] Successfully deleted the job store: FileJobStore(/tmp/tmpbsm99_rh)
</system-err>
		</testcase>
		<testcase name="Testing Any type compatibility in outputSource" time="4.546884" class="required, workflow" file="any_outputSource_compatibility" url="cwltest:conformance_tests#20">
			<system-out>{
    &quot;output1&quot;: [
        &quot;hello&quot;,
        &quot;world&quot;
    ],
    &quot;output2&quot;: [
        &quot;foo&quot;,
        &quot;bar&quot;
    ],
    &quot;output3&quot;: &quot;hello&quot;
}</system-out>
			<system-err>[2022-05-12T15:22:23+0200] [MainThread] [I] [cwltool] Resolved 'tests/any-type-compat.cwl' to 'file:///home/michael/cwl-v1.2/tests/any-type-compat.cwl'
[2022-05-12T15:22:25+0200] [MainThread] [I] [toil.job] Saving graph of 2 jobs, 2 new
[2022-05-12T15:22:25+0200] [MainThread] [I] [toil.job] Processing job 'ResolveIndirect' kind-ResolveIndirect/instance-sfzwuomx v0
[2022-05-12T15:22:25+0200] [MainThread] [I] [toil.job] Processing job 'CWLWorkflow' kind-CWLWorkflow/instance-asbh8u4z v0
[2022-05-12T15:22:25+0200] [MainThread] [I] [toil] Running Toil version 5.6.0-c34146a6437e4407a61e946e968bcce67a0ebbca on host mrc-tux.
[2022-05-12T15:22:25+0200] [MainThread] [I] [toil.worker] Redirecting logging to /tmp/923f95f289915d789f0bee7786f33980/5c4c/worker_log.txt
[2022-05-12T15:22:25+0200] [MainThread] [I] [toil.leader] 0 jobs are running, 0 jobs are issued and waiting to run
[2022-05-12T15:22:27+0200] [MainThread] [I] [toil.leader] Finished toil run successfully.
[2022-05-12T15:22:27+0200] [MainThread] [I] [toil.common] Successfully deleted the job store: FileJobStore(/tmp/tmp8mz1p_s8)
</system-err>
		</testcase>
		<testcase name="Test command execution in with stdin and stdout redirection" time="4.274421" class="required, command_line_tool" file="stdinout_redirect" url="cwltest:conformance_tests#21">
			<system-out>{
    &quot;output&quot;: {
        &quot;location&quot;: &quot;file:///tmp/tmpo9vskpc1/output&quot;,
        &quot;basename&quot;: &quot;output&quot;,
        &quot;nameroot&quot;: &quot;output&quot;,
        &quot;nameext&quot;: &quot;&quot;,
        &quot;class&quot;: &quot;File&quot;,
        &quot;checksum&quot;: &quot;sha1$47a013e660d408619d894b20806b1d5086aab03b&quot;,
        &quot;size&quot;: 13
    }
}</system-out>
			<system-err>[2022-05-12T15:22:25+0200] [MainThread] [I] [cwltool] Resolved 'tests/cat-tool.cwl' to 'file:///home/michael/cwl-v1.2/tests/cat-tool.cwl'
[2022-05-12T15:22:26+0200] [MainThread] [I] [toil.job] Saving graph of 1 jobs, 1 new
[2022-05-12T15:22:26+0200] [MainThread] [I] [toil.job] Processing job 'CWLJob' cat-tool.cwl kind-CWLJob/instance-_7axmwbn v0
[2022-05-12T15:22:26+0200] [MainThread] [I] [toil] Running Toil version 5.6.0-c34146a6437e4407a61e946e968bcce67a0ebbca on host mrc-tux.
[2022-05-12T15:22:26+0200] [MainThread] [I] [toil.leader] Issued job 'CWLJob' cat-tool.cwl kind-CWLJob/instance-_7axmwbn v1 with job batch system ID: 0 and cores: 1, disk: 3.0 Gi, and memory: 2.0 Gi
[2022-05-12T15:22:27+0200] [MainThread] [I] [toil.worker] Redirecting logging to /tmp/89da4e6a8b8552abbbeb100fff6d13a3/a014/worker_log.txt
[2022-05-12T15:22:27+0200] [MainThread] [I] [toil.leader] 0 jobs are running, 0 jobs are issued and waiting to run
[2022-05-12T15:22:28+0200] [MainThread] [I] [toil.leader] Finished toil run successfully.
[2022-05-12T15:22:28+0200] [MainThread] [I] [toil.common] Successfully deleted the job store: FileJobStore(/tmp/tmpmfbsm01v)
</system-err>
		</testcase>
		<testcase name="Test ExpressionTool with Javascript engine" time="4.555549" class="inline_javascript, expression_tool" file="expression_parseint" url="cwltest:conformance_tests#22">
			<system-out>{
    &quot;output&quot;: 42
}</system-out>
			<system-err>[2022-05-12T15:22:25+0200] [MainThread] [I] [cwltool] Resolved 'tests/parseInt-tool.cwl' to 'file:///home/michael/cwl-v1.2/tests/parseInt-tool.cwl'
[2022-05-12T15:22:27+0200] [MainThread] [I] [toil.job] Saving graph of 1 jobs, 1 new
[2022-05-12T15:22:27+0200] [MainThread] [I] [toil.job] Processing job 'CWLJob' parseInt-tool.cwl kind-CWLJob/instance-v1xo89l7 v0
[2022-05-12T15:22:27+0200] [MainThread] [I] [toil] Running Toil version 5.6.0-c34146a6437e4407a61e946e968bcce67a0ebbca on host mrc-tux.
[2022-05-12T15:22:27+0200] [MainThread] [I] [toil.leader] Issued job 'CWLJob' parseInt-tool.cwl kind-CWLJob/instance-v1xo89l7 v1 with job batch system ID: 0 and cores: 1, disk: 3.0 Gi, and memory: 2.0 Gi
[2022-05-12T15:22:27+0200] [MainThread] [I] [toil.worker] Redirecting logging to /tmp/5c008dafbdcb51a0a69dbd5c9182bb0a/7d6a/worker_log.txt
[2022-05-12T15:22:27+0200] [MainThread] [I] [toil.leader] 0 jobs are running, 0 jobs are issued and waiting to run
[2022-05-12T15:22:29+0200] [MainThread] [I] [toil.leader] Finished toil run successfully.
[2022-05-12T15:22:29+0200] [MainThread] [I] [toil.common] Successfully deleted the job store: FileJobStore(/tmp/tmpfzuyk3qs)
</system-err>
		</testcase>
		<testcase name="Test outputEval to transform output" time="4.507729" class="inline_javascript, command_line_tool" file="expression_outputEval" url="cwltest:conformance_tests#23">
			<system-out>{
    &quot;output&quot;: 16
}</system-out>
			<system-err>[2022-05-12T15:22:27+0200] [MainThread] [I] [cwltool] Resolved 'tests/wc2-tool.cwl' to 'file:///home/michael/cwl-v1.2/tests/wc2-tool.cwl'
[2022-05-12T15:22:29+0200] [MainThread] [I] [toil.job] Saving graph of 1 jobs, 1 new
[2022-05-12T15:22:29+0200] [MainThread] [I] [toil.job] Processing job 'CWLJob' wc2-tool.cwl kind-CWLJob/instance-pc_2uihh v0
[2022-05-12T15:22:29+0200] [MainThread] [I] [toil] Running Toil version 5.6.0-c34146a6437e4407a61e946e968bcce67a0ebbca on host mrc-tux.
[2022-05-12T15:22:29+0200] [MainThread] [I] [toil.leader] Issued job 'CWLJob' wc2-tool.cwl kind-CWLJob/instance-pc_2uihh v1 with job batch system ID: 0 and cores: 1, disk: 3.0 Gi, and memory: 2.0 Gi
[2022-05-12T15:22:30+0200] [MainThread] [I] [toil.worker] Redirecting logging to /tmp/fc36fd922cb75aaabf2816a8ec111701/a9f0/worker_log.txt
[2022-05-12T15:22:30+0200] [MainThread] [I] [toil.leader] 0 jobs are running, 0 jobs are issued and waiting to run
[2022-05-12T15:22:31+0200] [MainThread] [I] [toil.leader] Finished toil run successfully.
[2022-05-12T15:22:31+0200] [MainThread] [I] [toil.common] Successfully deleted the job store: FileJobStore(/tmp/tmp6mvdqb91)
</system-err>
		</testcase>
		<testcase name="Test two step workflow with imported tools" time="7.952686" class="inline_javascript, workflow" file="wf_wc_parseInt" url="cwltest:conformance_tests#24">
			<system-out>{
    &quot;count_output&quot;: 16
}</system-out>
			<system-err>[2022-05-12T15:22:27+0200] [MainThread] [I] [cwltool] Resolved 'tests/count-lines1-wf.cwl' to 'file:///home/michael/cwl-v1.2/tests/count-lines1-wf.cwl'
[2022-05-12T15:22:31+0200] [MainThread] [I] [toil.job] Saving graph of 2 jobs, 2 new
[2022-05-12T15:22:31+0200] [MainThread] [I] [toil.job] Processing job 'ResolveIndirect' kind-ResolveIndirect/instance-qayl5fc_ v0
[2022-05-12T15:22:31+0200] [MainThread] [I] [toil.job] Processing job 'CWLWorkflow' kind-CWLWorkflow/instance-3nbxxcna v0
[2022-05-12T15:22:31+0200] [MainThread] [I] [toil] Running Toil version 5.6.0-c34146a6437e4407a61e946e968bcce67a0ebbca on host mrc-tux.
[2022-05-12T15:22:31+0200] [MainThread] [I] [toil.worker] Redirecting logging to /tmp/c85ed27c6c5650f799e998744d4ffe09/9cc3/worker_log.txt
[2022-05-12T15:22:31+0200] [MainThread] [I] [toil.leader] 0 jobs are running, 0 jobs are issued and waiting to run
[2022-05-12T15:22:31+0200] [MainThread] [I] [toil.leader] Issued job 'CWLJob' count-lines1-wf.cwl.step1.wc-tool.cwl kind-CWLJob/instance-typ_ebw7 v1 with job batch system ID: 1 and cores: 1, disk: 3.0 Gi, and memory: 2.0 Gi
[2022-05-12T15:22:32+0200] [MainThread] [I] [toil.worker] Redirecting logging to /tmp/c85ed27c6c5650f799e998744d4ffe09/248b/worker_log.txt
[2022-05-12T15:22:33+0200] [MainThread] [I] [toil.worker] Redirecting logging to /tmp/c85ed27c6c5650f799e998744d4ffe09/0008/worker_log.txt
[2022-05-12T15:22:33+0200] [MainThread] [I] [toil.worker] Redirecting logging to /tmp/c85ed27c6c5650f799e998744d4ffe09/61de/worker_log.txt
[2022-05-12T15:22:35+0200] [MainThread] [I] [toil.leader] Finished toil run successfully.
[2022-05-12T15:22:35+0200] [MainThread] [I] [toil.common] Successfully deleted the job store: FileJobStore(/tmp/tmpqv3eazll)
</system-err>
		</testcase>
		<testcase name="Test two step workflow with inline tools" time="7.980201" class="inline_javascript, workflow" file="wf_wc_expressiontool" url="cwltest:conformance_tests#25">
			<system-out>{
    &quot;count_output&quot;: 16
}</system-out>
			<system-err>[2022-05-12T15:22:29+0200] [MainThread] [I] [cwltool] Resolved 'tests/count-lines2-wf.cwl' to 'file:///home/michael/cwl-v1.2/tests/count-lines2-wf.cwl'
[2022-05-12T15:22:32+0200] [MainThread] [I] [toil.job] Saving graph of 2 jobs, 2 new
[2022-05-12T15:22:32+0200] [MainThread] [I] [toil.job] Processing job 'ResolveIndirect' kind-ResolveIndirect/instance-s175_5er v0
[2022-05-12T15:22:32+0200] [MainThread] [I] [toil.job] Processing job 'CWLWorkflow' kind-CWLWorkflow/instance-m9aeru1c v0
[2022-05-12T15:22:32+0200] [MainThread] [I] [toil] Running Toil version 5.6.0-c34146a6437e4407a61e946e968bcce67a0ebbca on host mrc-tux.
[2022-05-12T15:22:33+0200] [MainThread] [I] [toil.worker] Redirecting logging to /tmp/9f7319fa9ce0543ba085c374ecc5851b/a51e/worker_log.txt
[2022-05-12T15:22:33+0200] [MainThread] [I] [toil.leader] 0 jobs are running, 0 jobs are issued and waiting to run
[2022-05-12T15:22:33+0200] [MainThread] [I] [toil.leader] Issued job 'CWLJob' count-lines2-wf.cwl.step1.wc kind-CWLJob/instance-9smqb87j v1 with job batch system ID: 1 and cores: 1, disk: 3.0 Gi, and memory: 2.0 Gi
[2022-05-12T15:22:33+0200] [MainThread] [I] [toil.worker] Redirecting logging to /tmp/9f7319fa9ce0543ba085c374ecc5851b/abad/worker_log.txt
[2022-05-12T15:22:34+0200] [MainThread] [I] [toil.worker] Redirecting logging to /tmp/9f7319fa9ce0543ba085c374ecc5851b/3626/worker_log.txt
[2022-05-12T15:22:35+0200] [MainThread] [I] [toil.worker] Redirecting logging to /tmp/9f7319fa9ce0543ba085c374ecc5851b/2a85/worker_log.txt
[2022-05-12T15:22:36+0200] [MainThread] [I] [toil.leader] Finished toil run successfully.
[2022-05-12T15:22:36+0200] [MainThread] [I] [toil.common] Successfully deleted the job store: FileJobStore(/tmp/tmpofszon8k)
</system-err>
		</testcase>
		<testcase name="Test single step workflow with Scatter step" time="9.594310" class="scatter, inline_javascript, workflow" file="wf_wc_scatter" url="cwltest:conformance_tests#26">
			<system-out>{
    &quot;count_output&quot;: [
        16,
        1
    ]
}</system-out>
			<system-err>[2022-05-12T15:22:29+0200] [MainThread] [I] [cwltool] Resolved 'tests/count-lines3-wf.cwl' to 'file:///home/michael/cwl-v1.2/tests/count-lines3-wf.cwl'
[2022-05-12T15:22:32+0200] [MainThread] [I] [toil.job] Saving graph of 2 jobs, 2 new
[2022-05-12T15:22:32+0200] [MainThread] [I] [toil.job] Processing job 'ResolveIndirect' kind-ResolveIndirect/instance-cxu6ubuw v0
[2022-05-12T15:22:32+0200] [MainThread] [I] [toil.job] Processing job 'CWLWorkflow' kind-CWLWorkflow/instance-xd0g8p1j v0
[2022-05-12T15:22:32+0200] [MainThread] [I] [toil] Running Toil version 5.6.0-c34146a6437e4407a61e946e968bcce67a0ebbca on host mrc-tux.
[2022-05-12T15:22:33+0200] [MainThread] [I] [toil.worker] Redirecting logging to /tmp/11894965d7645906b38359cee1e63f7b/a420/worker_log.txt
[2022-05-12T15:22:33+0200] [MainThread] [I] [toil.leader] 0 jobs are running, 0 jobs are issued and waiting to run
[2022-05-12T15:22:33+0200] [MainThread] [I] [toil.worker] Redirecting logging to /tmp/11894965d7645906b38359cee1e63f7b/4bbf/worker_log.txt
[2022-05-12T15:22:33+0200] [MainThread] [I] [toil.leader] Issued job 'CWLJob' count-lines3-wf.cwl[1].wc2-tool.cwl kind-CWLJob/instance-x02rs50h v1 with job batch system ID: 2 and cores: 1, disk: 3.0 Gi, and memory: 2.0 Gi
[2022-05-12T15:22:33+0200] [MainThread] [I] [toil.leader] Issued job 'CWLJob' count-lines3-wf.cwl[0].wc2-tool.cwl kind-CWLJob/instance-geeygy1d v1 with job batch system ID: 3 and cores: 1, disk: 3.0 Gi, and memory: 2.0 Gi
[2022-05-12T15:22:34+0200] [MainThread] [I] [toil.worker] Redirecting logging to /tmp/11894965d7645906b38359cee1e63f7b/b92c/worker_log.txt
[2022-05-12T15:22:34+0200] [MainThread] [I] [toil.worker] Redirecting logging to /tmp/11894965d7645906b38359cee1e63f7b/1b34/worker_log.txt
[2022-05-12T15:22:35+0200] [MainThread] [I] [toil.worker] Redirecting logging to /tmp/11894965d7645906b38359cee1e63f7b/8d84/worker_log.txt
[2022-05-12T15:22:35+0200] [MainThread] [I] [toil.worker] Redirecting logging to /tmp/11894965d7645906b38359cee1e63f7b/2efb/worker_log.txt
[2022-05-12T15:22:36+0200] [MainThread] [I] [toil.worker] Redirecting logging to /tmp/11894965d7645906b38359cee1e63f7b/fba9/worker_log.txt
[2022-05-12T15:22:36+0200] [MainThread] [I] [toil.worker] Redirecting logging to /tmp/11894965d7645906b38359cee1e63f7b/a155/worker_log.txt
[2022-05-12T15:22:38+0200] [MainThread] [I] [toil.leader] Finished toil run successfully.
[2022-05-12T15:22:38+0200] [MainThread] [I] [toil.common] Successfully deleted the job store: FileJobStore(/tmp/tmpfuayrj1f)
</system-err>
		</testcase>
		<testcase name="Test single step workflow with Scatter step and two data links connected to same input, default merge behavior" time="9.522015" class="scatter, multiple_input, inline_javascript, workflow" file="wf_wc_scatter_multiple_merge" url="cwltest:conformance_tests#27">
			<system-out>{
    &quot;count_output&quot;: [
        16,
        1
    ]
}</system-out>
			<system-err>[2022-05-12T15:22:32+0200] [MainThread] [I] [cwltool] Resolved 'tests/count-lines4-wf.cwl' to 'file:///home/michael/cwl-v1.2/tests/count-lines4-wf.cwl'
[2022-05-12T15:22:35+0200] [MainThread] [I] [toil.job] Saving graph of 2 jobs, 2 new
[2022-05-12T15:22:35+0200] [MainThread] [I] [toil.job] Processing job 'ResolveIndirect' kind-ResolveIndirect/instance-oers2h9_ v0
[2022-05-12T15:22:35+0200] [MainThread] [I] [toil.job] Processing job 'CWLWorkflow' kind-CWLWorkflow/instance-7jv48019 v0
[2022-05-12T15:22:35+0200] [MainThread] [I] [toil] Running Toil version 5.6.0-c34146a6437e4407a61e946e968bcce67a0ebbca on host mrc-tux.
[2022-05-12T15:22:35+0200] [MainThread] [I] [toil.worker] Redirecting logging to /tmp/7b65d3a6255757858d3bdd9b77a31725/9a78/worker_log.txt
[2022-05-12T15:22:35+0200] [MainThread] [I] [toil.leader] 0 jobs are running, 0 jobs are issued and waiting to run
[2022-05-12T15:22:36+0200] [MainThread] [I] [toil.worker] Redirecting logging to /tmp/7b65d3a6255757858d3bdd9b77a31725/2334/worker_log.txt
[2022-05-12T15:22:36+0200] [MainThread] [I] [toil.leader] Issued job 'CWLJob' count-lines4-wf.cwl[1].wc2-tool.cwl kind-CWLJob/instance-akpxw2q9 v1 with job batch system ID: 2 and cores: 1, disk: 3.0 Gi, and memory: 2.0 Gi
[2022-05-12T15:22:36+0200] [MainThread] [I] [toil.leader] Issued job 'CWLJob' count-lines4-wf.cwl[0].wc2-tool.cwl kind-CWLJob/instance-pkimn542 v1 with job batch system ID: 3 and cores: 1, disk: 3.0 Gi, and memory: 2.0 Gi
[2022-05-12T15:22:36+0200] [MainThread] [I] [toil.worker] Redirecting logging to /tmp/7b65d3a6255757858d3bdd9b77a31725/2f67/worker_log.txt
[2022-05-12T15:22:36+0200] [MainThread] [I] [toil.worker] Redirecting logging to /tmp/7b65d3a6255757858d3bdd9b77a31725/c7bc/worker_log.txt
[2022-05-12T15:22:37+0200] [MainThread] [I] [toil.worker] Redirecting logging to /tmp/7b65d3a6255757858d3bdd9b77a31725/f753/worker_log.txt
[2022-05-12T15:22:38+0200] [MainThread] [I] [toil.worker] Redirecting logging to /tmp/7b65d3a6255757858d3bdd9b77a31725/7bb3/worker_log.txt
[2022-05-12T15:22:38+0200] [MainThread] [I] [toil.worker] Redirecting logging to /tmp/7b65d3a6255757858d3bdd9b77a31725/6829/worker_log.txt
[2022-05-12T15:22:39+0200] [MainThread] [I] [toil.worker] Redirecting logging to /tmp/7b65d3a6255757858d3bdd9b77a31725/e525/worker_log.txt
[2022-05-12T15:22:41+0200] [MainThread] [I] [toil.leader] Finished toil run successfully.
[2022-05-12T15:22:41+0200] [MainThread] [I] [toil.common] Successfully deleted the job store: FileJobStore(/tmp/tmpy2pukeod)
</system-err>
		</testcase>
		<testcase name="Test single step workflow with Scatter step and two data links connected to same input, nested merge behavior" time="9.747619" class="scatter, multiple_input, inline_javascript, workflow" file="wf_wc_scatter_multiple_nested" url="cwltest:conformance_tests#28">
			<system-out>{
    &quot;count_output&quot;: [
        32,
        2
    ]
}</system-out>
			<system-err>[2022-05-12T15:22:35+0200] [MainThread] [I] [cwltool] Resolved 'tests/count-lines6-wf.cwl' to 'file:///home/michael/cwl-v1.2/tests/count-lines6-wf.cwl'
[2022-05-12T15:22:38+0200] [MainThread] [I] [toil.job] Saving graph of 2 jobs, 2 new
[2022-05-12T15:22:38+0200] [MainThread] [I] [toil.job] Processing job 'ResolveIndirect' kind-ResolveIndirect/instance-brow_fck v0
[2022-05-12T15:22:38+0200] [MainThread] [I] [toil.job] Processing job 'CWLWorkflow' kind-CWLWorkflow/instance-nfna6z2f v0
[2022-05-12T15:22:38+0200] [MainThread] [I] [toil] Running Toil version 5.6.0-c34146a6437e4407a61e946e968bcce67a0ebbca on host mrc-tux.
[2022-05-12T15:22:39+0200] [MainThread] [I] [toil.worker] Redirecting logging to /tmp/711a77b2092459e3851830b0753730ff/16da/worker_log.txt
[2022-05-12T15:22:39+0200] [MainThread] [I] [toil.leader] 0 jobs are running, 0 jobs are issued and waiting to run
[2022-05-12T15:22:39+0200] [MainThread] [I] [toil.worker] Redirecting logging to /tmp/711a77b2092459e3851830b0753730ff/c298/worker_log.txt
[2022-05-12T15:22:40+0200] [MainThread] [I] [toil.leader] Issued job 'CWLJob' count-lines6-wf.cwl[1].wc3-tool.cwl kind-CWLJob/instance-o4i6w4yp v1 with job batch system ID: 2 and cores: 1, disk: 3.0 Gi, and memory: 2.0 Gi
[2022-05-12T15:22:40+0200] [MainThread] [I] [toil.leader] Issued job 'CWLJob' count-lines6-wf.cwl[0].wc3-tool.cwl kind-CWLJob/instance-k3_u3ck1 v1 with job batch system ID: 3 and cores: 1, disk: 3.0 Gi, and memory: 2.0 Gi
[2022-05-12T15:22:40+0200] [MainThread] [I] [toil.worker] Redirecting logging to /tmp/711a77b2092459e3851830b0753730ff/3ba8/worker_log.txt
[2022-05-12T15:22:40+0200] [MainThread] [I] [toil.worker] Redirecting logging to /tmp/711a77b2092459e3851830b0753730ff/fafd/worker_log.txt
[2022-05-12T15:22:41+0200] [MainThread] [I] [toil.worker] Redirecting logging to /tmp/711a77b2092459e3851830b0753730ff/b3d3/worker_log.txt
[2022-05-12T15:22:42+0200] [MainThread] [I] [toil.worker] Redirecting logging to /tmp/711a77b2092459e3851830b0753730ff/dce8/worker_log.txt
[2022-05-12T15:22:42+0200] [MainThread] [I] [toil.worker] Redirecting logging to /tmp/711a77b2092459e3851830b0753730ff/1aec/worker_log.txt
[2022-05-12T15:22:43+0200] [MainThread] [I] [toil.worker] Redirecting logging to /tmp/711a77b2092459e3851830b0753730ff/0cc2/worker_log.txt
[2022-05-12T15:22:45+0200] [MainThread] [I] [toil.leader] Finished toil run successfully.
[2022-05-12T15:22:45+0200] [MainThread] [I] [toil.common] Successfully deleted the job store: FileJobStore(/tmp/tmp2brk2j1f)
</system-err>
		</testcase>
		<testcase name="Test single step workflow with Scatter step and two data links connected to same input, flattened merge behavior" time="7.572001" class="multiple_input, inline_javascript, workflow" file="wf_wc_scatter_multiple_flattened" url="cwltest:conformance_tests#29">
			<system-out>{
    &quot;count_output&quot;: 34
}</system-out>
			<system-err>[2022-05-12T15:22:37+0200] [MainThread] [I] [cwltool] Resolved 'tests/count-lines7-wf.cwl' to 'file:///home/michael/cwl-v1.2/tests/count-lines7-wf.cwl'
[2022-05-12T15:22:40+0200] [MainThread] [I] [toil.job] Saving graph of 2 jobs, 2 new
[2022-05-12T15:22:40+0200] [MainThread] [I] [toil.job] Processing job 'ResolveIndirect' kind-ResolveIndirect/instance-ughfo9m_ v0
[2022-05-12T15:22:40+0200] [MainThread] [I] [toil.job] Processing job 'CWLWorkflow' kind-CWLWorkflow/instance-peftqkv9 v0
[2022-05-12T15:22:40+0200] [MainThread] [I] [toil] Running Toil version 5.6.0-c34146a6437e4407a61e946e968bcce67a0ebbca on host mrc-tux.
[2022-05-12T15:22:40+0200] [MainThread] [I] [toil.worker] Redirecting logging to /tmp/b140453dbcf15d059e430fcd42152865/eddb/worker_log.txt
[2022-05-12T15:22:40+0200] [MainThread] [I] [toil.leader] 0 jobs are running, 0 jobs are issued and waiting to run
[2022-05-12T15:22:40+0200] [MainThread] [I] [toil.leader] Issued job 'CWLJob' count-lines7-wf.cwl.step1.wc3-tool.cwl kind-CWLJob/instance-o3gdudnp v1 with job batch system ID: 1 and cores: 1, disk: 3.0 Gi, and memory: 2.0 Gi
[2022-05-12T15:22:41+0200] [MainThread] [I] [toil.worker] Redirecting logging to /tmp/b140453dbcf15d059e430fcd42152865/c467/worker_log.txt
[2022-05-12T15:22:42+0200] [MainThread] [I] [toil.worker] Redirecting logging to /tmp/b140453dbcf15d059e430fcd42152865/35d4/worker_log.txt
[2022-05-12T15:22:42+0200] [MainThread] [I] [toil.worker] Redirecting logging to /tmp/b140453dbcf15d059e430fcd42152865/d338/worker_log.txt
[2022-05-12T15:22:44+0200] [MainThread] [I] [toil.leader] Finished toil run successfully.
[2022-05-12T15:22:44+0200] [MainThread] [I] [toil.common] Successfully deleted the job store: FileJobStore(/tmp/tmpkdq9lwqi)
</system-err>
		</testcase>
		<testcase name="Test when step source is a single-item list and there is no linkMerge, then it not wrapped in a list, and that MultipleInputFeatureRequirement is not required." time="7.467986" class="inline_javascript, workflow" file="wf_wc_nomultiple" url="cwltest:conformance_tests#30">
			<system-out>{
    &quot;count_output&quot;: 16
}</system-out>
			<system-err>[2022-05-12T15:22:39+0200] [MainThread] [I] [cwltool] Resolved 'tests/count-lines13-wf.cwl' to 'file:///home/michael/cwl-v1.2/tests/count-lines13-wf.cwl'
[2022-05-12T15:22:42+0200] [MainThread] [I] [toil.job] Saving graph of 2 jobs, 2 new
[2022-05-12T15:22:42+0200] [MainThread] [I] [toil.job] Processing job 'ResolveIndirect' kind-ResolveIndirect/instance-mczgg28i v0
[2022-05-12T15:22:42+0200] [MainThread] [I] [toil.job] Processing job 'CWLWorkflow' kind-CWLWorkflow/instance-kicde4bk v0
[2022-05-12T15:22:42+0200] [MainThread] [I] [toil] Running Toil version 5.6.0-c34146a6437e4407a61e946e968bcce67a0ebbca on host mrc-tux.
[2022-05-12T15:22:42+0200] [MainThread] [I] [toil.worker] Redirecting logging to /tmp/9338bf99277c52998390f016740ab922/5df8/worker_log.txt
[2022-05-12T15:22:42+0200] [MainThread] [I] [toil.leader] 0 jobs are running, 0 jobs are issued and waiting to run
[2022-05-12T15:22:42+0200] [MainThread] [I] [toil.leader] Issued job 'CWLJob' count-lines13-wf.cwl.step1.wc2-tool.cwl kind-CWLJob/instance-3hhdhhod v1 with job batch system ID: 1 and cores: 1, disk: 3.0 Gi, and memory: 2.0 Gi
[2022-05-12T15:22:43+0200] [MainThread] [I] [toil.worker] Redirecting logging to /tmp/9338bf99277c52998390f016740ab922/21c9/worker_log.txt
[2022-05-12T15:22:43+0200] [MainThread] [I] [toil.worker] Redirecting logging to /tmp/9338bf99277c52998390f016740ab922/703f/worker_log.txt
[2022-05-12T15:22:44+0200] [MainThread] [I] [toil.worker] Redirecting logging to /tmp/9338bf99277c52998390f016740ab922/da75/worker_log.txt
[2022-05-12T15:22:46+0200] [MainThread] [I] [toil.leader] Finished toil run successfully.
[2022-05-12T15:22:46+0200] [MainThread] [I] [toil.common] Successfully deleted the job store: FileJobStore(/tmp/tmp924280x6)
</system-err>
		</testcase>
		<testcase name="Test when step source is a single-item list and linkMerge is listed, then it is wrapped in a list." time="7.324109" class="inline_javascript, workflow" file="wf_wc_nomultiple_merge_nested" url="cwltest:conformance_tests#31">
			<system-out>{
    &quot;count_output&quot;: 16
}</system-out>
			<system-err>[2022-05-12T15:22:42+0200] [MainThread] [I] [cwltool] Resolved 'tests/count-lines19-wf.cwl' to 'file:///home/michael/cwl-v1.2/tests/count-lines19-wf.cwl'
[2022-05-12T15:22:44+0200] [MainThread] [I] [toil.job] Saving graph of 2 jobs, 2 new
[2022-05-12T15:22:44+0200] [MainThread] [I] [toil.job] Processing job 'ResolveIndirect' kind-ResolveIndirect/instance-wm8eeey8 v0
[2022-05-12T15:22:44+0200] [MainThread] [I] [toil.job] Processing job 'CWLWorkflow' kind-CWLWorkflow/instance-yqeeb2ic v0
[2022-05-12T15:22:44+0200] [MainThread] [I] [toil] Running Toil version 5.6.0-c34146a6437e4407a61e946e968bcce67a0ebbca on host mrc-tux.
[2022-05-12T15:22:44+0200] [MainThread] [I] [toil.worker] Redirecting logging to /tmp/9d8a59994a82528e808c9af5082c2bd5/29d8/worker_log.txt
[2022-05-12T15:22:45+0200] [MainThread] [I] [toil.leader] 0 jobs are running, 0 jobs are issued and waiting to run
[2022-05-12T15:22:45+0200] [MainThread] [I] [toil.leader] Issued job 'CWLJob' count-lines19-wf.cwl.step1.wc3-tool.cwl kind-CWLJob/instance-ovkmxbuu v1 with job batch system ID: 1 and cores: 1, disk: 3.0 Gi, and memory: 2.0 Gi
[2022-05-12T15:22:45+0200] [MainThread] [I] [toil.worker] Redirecting logging to /tmp/9d8a59994a82528e808c9af5082c2bd5/d017/worker_log.txt
[2022-05-12T15:22:46+0200] [MainThread] [I] [toil.worker] Redirecting logging to /tmp/9d8a59994a82528e808c9af5082c2bd5/cdc1/worker_log.txt
[2022-05-12T15:22:46+0200] [MainThread] [I] [toil.worker] Redirecting logging to /tmp/9d8a59994a82528e808c9af5082c2bd5/776f/worker_log.txt
[2022-05-12T15:22:48+0200] [MainThread] [I] [toil.leader] Finished toil run successfully.
[2022-05-12T15:22:48+0200] [MainThread] [I] [toil.common] Successfully deleted the job store: FileJobStore(/tmp/tmpxtikig3t)
</system-err>
		</testcase>
		<testcase name="Test workflow with default value for input parameter (missing)" time="7.330167" class="inline_javascript, workflow" file="wf_input_default_missing" url="cwltest:conformance_tests#32">
			<system-out>{
    &quot;count_output&quot;: 1
}</system-out>
			<system-err>[2022-05-12T15:22:44+0200] [MainThread] [I] [cwltool] Resolved 'tests/count-lines5-wf.cwl' to 'file:///home/michael/cwl-v1.2/tests/count-lines5-wf.cwl'
[2022-05-12T15:22:47+0200] [MainThread] [I] [toil.job] Saving graph of 2 jobs, 2 new
[2022-05-12T15:22:47+0200] [MainThread] [I] [toil.job] Processing job 'ResolveIndirect' kind-ResolveIndirect/instance-m4g2s5n0 v0
[2022-05-12T15:22:47+0200] [MainThread] [I] [toil.job] Processing job 'CWLWorkflow' kind-CWLWorkflow/instance-z064jo4s v0
[2022-05-12T15:22:47+0200] [MainThread] [I] [toil] Running Toil version 5.6.0-c34146a6437e4407a61e946e968bcce67a0ebbca on host mrc-tux.
[2022-05-12T15:22:47+0200] [MainThread] [I] [toil.worker] Redirecting logging to /tmp/c14b3809216d5e5fba8b3ef746b6ee47/bbbc/worker_log.txt
[2022-05-12T15:22:48+0200] [MainThread] [I] [toil.leader] 0 jobs are running, 0 jobs are issued and waiting to run
[2022-05-12T15:22:48+0200] [MainThread] [I] [toil.leader] Issued job 'CWLJob' count-lines5-wf.cwl.step1.wc2-tool.cwl kind-CWLJob/instance-jgg1dift v1 with job batch system ID: 1 and cores: 1, disk: 3.0 Gi, and memory: 2.0 Gi
[2022-05-12T15:22:48+0200] [MainThread] [I] [toil.worker] Redirecting logging to /tmp/c14b3809216d5e5fba8b3ef746b6ee47/ece8/worker_log.txt
[2022-05-12T15:22:49+0200] [MainThread] [I] [toil.worker] Redirecting logging to /tmp/c14b3809216d5e5fba8b3ef746b6ee47/ca8e/worker_log.txt
[2022-05-12T15:22:50+0200] [MainThread] [I] [toil.worker] Redirecting logging to /tmp/c14b3809216d5e5fba8b3ef746b6ee47/c525/worker_log.txt
[2022-05-12T15:22:51+0200] [MainThread] [I] [toil.leader] Finished toil run successfully.
[2022-05-12T15:22:51+0200] [MainThread] [I] [toil.common] Successfully deleted the job store: FileJobStore(/tmp/tmp60ws4n56)
</system-err>
		</testcase>
		<testcase name="Test workflow with default value for input parameter (provided)" time="7.333256" class="inline_javascript, workflow" file="wf_input_default_provided" url="cwltest:conformance_tests#33">
			<system-out>{
    &quot;count_output&quot;: 16
}</system-out>
			<system-err>[2022-05-12T15:22:45+0200] [MainThread] [I] [cwltool] Resolved 'tests/count-lines5-wf.cwl' to 'file:///home/michael/cwl-v1.2/tests/count-lines5-wf.cwl'
[2022-05-12T15:22:48+0200] [MainThread] [I] [toil.job] Saving graph of 2 jobs, 2 new
[2022-05-12T15:22:48+0200] [MainThread] [I] [toil.job] Processing job 'ResolveIndirect' kind-ResolveIndirect/instance-tl43kxnv v0
[2022-05-12T15:22:48+0200] [MainThread] [I] [toil.job] Processing job 'CWLWorkflow' kind-CWLWorkflow/instance-_8xghqra v0
[2022-05-12T15:22:48+0200] [MainThread] [I] [toil] Running Toil version 5.6.0-c34146a6437e4407a61e946e968bcce67a0ebbca on host mrc-tux.
[2022-05-12T15:22:48+0200] [MainThread] [I] [toil.worker] Redirecting logging to /tmp/34324e4b6b185660956ddb6547aa1aed/6d0d/worker_log.txt
[2022-05-12T15:22:49+0200] [MainThread] [I] [toil.leader] 0 jobs are running, 0 jobs are issued and waiting to run
[2022-05-12T15:22:49+0200] [MainThread] [I] [toil.leader] Issued job 'CWLJob' count-lines5-wf.cwl.step1.wc2-tool.cwl kind-CWLJob/instance-f7vv0se_ v1 with job batch system ID: 1 and cores: 1, disk: 3.0 Gi, and memory: 2.0 Gi
[2022-05-12T15:22:49+0200] [MainThread] [I] [toil.worker] Redirecting logging to /tmp/34324e4b6b185660956ddb6547aa1aed/3734/worker_log.txt
[2022-05-12T15:22:50+0200] [MainThread] [I] [toil.worker] Redirecting logging to /tmp/34324e4b6b185660956ddb6547aa1aed/54aa/worker_log.txt
[2022-05-12T15:22:50+0200] [MainThread] [I] [toil.worker] Redirecting logging to /tmp/34324e4b6b185660956ddb6547aa1aed/9286/worker_log.txt
[2022-05-12T15:22:52+0200] [MainThread] [I] [toil.leader] Finished toil run successfully.
[2022-05-12T15:22:52+0200] [MainThread] [I] [toil.common] Successfully deleted the job store: FileJobStore(/tmp/tmp_6as1oep)
</system-err>
		</testcase>
		<testcase name="Test that workflow defaults override tool defaults" time="7.236673" class="required, workflow" file="wf_default_tool_default" url="cwltest:conformance_tests#34">
			<system-out>{
    &quot;default_output&quot;: &quot;workflow_default&quot;
}</system-out>
			<system-err>[2022-05-12T15:22:46+0200] [MainThread] [I] [cwltool] Resolved 'tests/echo-wf-default.cwl' to 'file:///home/michael/cwl-v1.2/tests/echo-wf-default.cwl'
[2022-05-12T15:22:49+0200] [MainThread] [I] [toil.job] Saving graph of 2 jobs, 2 new
[2022-05-12T15:22:49+0200] [MainThread] [I] [toil.job] Processing job 'ResolveIndirect' kind-ResolveIndirect/instance-06lmb9mn v0
[2022-05-12T15:22:49+0200] [MainThread] [I] [toil.job] Processing job 'CWLWorkflow' kind-CWLWorkflow/instance-c7jgwo1v v0
[2022-05-12T15:22:49+0200] [MainThread] [I] [toil] Running Toil version 5.6.0-c34146a6437e4407a61e946e968bcce67a0ebbca on host mrc-tux.
[2022-05-12T15:22:49+0200] [MainThread] [I] [toil.worker] Redirecting logging to /tmp/8bb64bcd3e795bccbfebb2aaea83e991/1f26/worker_log.txt
[2022-05-12T15:22:50+0200] [MainThread] [I] [toil.leader] 0 jobs are running, 0 jobs are issued and waiting to run
[2022-05-12T15:22:50+0200] [MainThread] [I] [toil.leader] Issued job 'CWLJob' echo-wf-default.cwl.step1.echo-tool-default.cwl kind-CWLJob/instance-33gn5glb v1 with job batch system ID: 1 and cores: 1, disk: 3.0 Gi, and memory: 2.0 Gi
[2022-05-12T15:22:50+0200] [MainThread] [I] [toil.worker] Redirecting logging to /tmp/8bb64bcd3e795bccbfebb2aaea83e991/ee37/worker_log.txt
[2022-05-12T15:22:50+0200] [MainThread] [I] [toil.worker] Redirecting logging to /tmp/8bb64bcd3e795bccbfebb2aaea83e991/f790/worker_log.txt
[2022-05-12T15:22:51+0200] [MainThread] [I] [toil.worker] Redirecting logging to /tmp/8bb64bcd3e795bccbfebb2aaea83e991/adaa/worker_log.txt
[2022-05-12T15:22:53+0200] [MainThread] [I] [toil.leader] Finished toil run successfully.
[2022-05-12T15:22:53+0200] [MainThread] [I] [toil.common] Successfully deleted the job store: FileJobStore(/tmp/tmp8m407qvf)
</system-err>
		</testcase>
		<testcase name="Test EnvVarRequirement" time="4.372442" class="env_var, command_line_tool" file="envvar_req" url="cwltest:conformance_tests#35">
			<system-out>{
    &quot;out&quot;: {
        &quot;location&quot;: &quot;file:///tmp/tmp6ai234a3/out&quot;,
        &quot;basename&quot;: &quot;out&quot;,
        &quot;nameroot&quot;: &quot;out&quot;,
        &quot;nameext&quot;: &quot;&quot;,
        &quot;class&quot;: &quot;File&quot;,
        &quot;checksum&quot;: &quot;sha1$b3ec4ed1749c207e52b3a6d08c59f31d83bff519&quot;,
        &quot;size&quot;: 15
    }
}</system-out>
			<system-err>[2022-05-12T15:22:49+0200] [MainThread] [I] [cwltool] Resolved 'tests/env-tool1.cwl' to 'file:///home/michael/cwl-v1.2/tests/env-tool1.cwl'
[2022-05-12T15:22:51+0200] [MainThread] [I] [toil.job] Saving graph of 1 jobs, 1 new
[2022-05-12T15:22:51+0200] [MainThread] [I] [toil.job] Processing job 'CWLJob' env-tool1.cwl kind-CWLJob/instance-im2b3ofq v0
[2022-05-12T15:22:51+0200] [MainThread] [I] [toil] Running Toil version 5.6.0-c34146a6437e4407a61e946e968bcce67a0ebbca on host mrc-tux.
[2022-05-12T15:22:51+0200] [MainThread] [I] [toil.leader] Issued job 'CWLJob' env-tool1.cwl kind-CWLJob/instance-im2b3ofq v1 with job batch system ID: 0 and cores: 1, disk: 3.0 Gi, and memory: 2.0 Gi
[2022-05-12T15:22:51+0200] [MainThread] [I] [toil.worker] Redirecting logging to /tmp/a3d1011098ba573c97c0d7e3baf8e708/94cf/worker_log.txt
[2022-05-12T15:22:51+0200] [MainThread] [I] [toil.leader] 0 jobs are running, 0 jobs are issued and waiting to run
[2022-05-12T15:22:53+0200] [MainThread] [I] [toil.leader] Finished toil run successfully.
[2022-05-12T15:22:53+0200] [MainThread] [I] [toil.common] Successfully deleted the job store: FileJobStore(/tmp/tmp_f12gyms)
</system-err>
		</testcase>
		<testcase name="Test workflow scatter with single scatter parameter" time="9.990254" class="scatter, workflow" file="wf_scatter_single_param" url="cwltest:conformance_tests#36">
			<system-out>{
    &quot;out&quot;: [
        &quot;foo one&quot;,
        &quot;foo two&quot;,
        &quot;foo three&quot;,
        &quot;foo four&quot;
    ]
}</system-out>
			<system-err>[2022-05-12T15:22:52+0200] [MainThread] [I] [cwltool] Resolved 'tests/scatter-wf1.cwl' to 'file:///home/michael/cwl-v1.2/tests/scatter-wf1.cwl'
[2022-05-12T15:22:54+0200] [MainThread] [I] [toil.job] Saving graph of 2 jobs, 2 new
[2022-05-12T15:22:54+0200] [MainThread] [I] [toil.job] Processing job 'ResolveIndirect' kind-ResolveIndirect/instance-73bf07ff v0
[2022-05-12T15:22:54+0200] [MainThread] [I] [toil.job] Processing job 'CWLWorkflow' kind-CWLWorkflow/instance-1g4pqi_e v0
[2022-05-12T15:22:54+0200] [MainThread] [I] [toil] Running Toil version 5.6.0-c34146a6437e4407a61e946e968bcce67a0ebbca on host mrc-tux.
[2022-05-12T15:22:54+0200] [MainThread] [I] [toil.worker] Redirecting logging to /tmp/68d0d1348bc35e50a766db3ce8d0f1d7/8bd8/worker_log.txt
[2022-05-12T15:22:55+0200] [MainThread] [I] [toil.leader] 0 jobs are running, 0 jobs are issued and waiting to run
[2022-05-12T15:22:55+0200] [MainThread] [I] [toil.worker] Redirecting logging to /tmp/68d0d1348bc35e50a766db3ce8d0f1d7/61b0/worker_log.txt
[2022-05-12T15:22:55+0200] [MainThread] [I] [toil.leader] Issued job 'CWLJob' scatter-wf1.cwl[1]._:cc4ea719-e36a-40c6-b878-f3e363587317 kind-CWLJob/instance-g2vobddi v1 with job batch system ID: 2 and cores: 1, disk: 3.0 Gi, and memory: 2.0 Gi
[2022-05-12T15:22:55+0200] [MainThread] [I] [toil.leader] Issued job 'CWLJob' scatter-wf1.cwl[3]._:cc4ea719-e36a-40c6-b878-f3e363587317 kind-CWLJob/instance-bzwptwne v1 with job batch system ID: 3 and cores: 1, disk: 3.0 Gi, and memory: 2.0 Gi
[2022-05-12T15:22:55+0200] [MainThread] [I] [toil.leader] Issued job 'CWLJob' scatter-wf1.cwl[2]._:cc4ea719-e36a-40c6-b878-f3e363587317 kind-CWLJob/instance-ohn62ujw v1 with job batch system ID: 4 and cores: 1, disk: 3.0 Gi, and memory: 2.0 Gi
[2022-05-12T15:22:55+0200] [MainThread] [I] [toil.leader] Issued job 'CWLJob' scatter-wf1.cwl[0]._:cc4ea719-e36a-40c6-b878-f3e363587317 kind-CWLJob/instance-zvz45vap v1 with job batch system ID: 5 and cores: 1, disk: 3.0 Gi, and memory: 2.0 Gi
[2022-05-12T15:22:56+0200] [MainThread] [I] [toil.worker] Redirecting logging to /tmp/68d0d1348bc35e50a766db3ce8d0f1d7/78a7/worker_log.txt
[2022-05-12T15:22:56+0200] [MainThread] [I] [toil.worker] Redirecting logging to /tmp/68d0d1348bc35e50a766db3ce8d0f1d7/493b/worker_log.txt
[2022-05-12T15:22:56+0200] [MainThread] [I] [toil.worker] Redirecting logging to /tmp/68d0d1348bc35e50a766db3ce8d0f1d7/2f70/worker_log.txt
[2022-05-12T15:22:56+0200] [MainThread] [I] [toil.worker] Redirecting logging to /tmp/68d0d1348bc35e50a766db3ce8d0f1d7/88c3/worker_log.txt
[2022-05-12T15:22:57+0200] [MainThread] [I] [toil.worker] Redirecting logging to /tmp/68d0d1348bc35e50a766db3ce8d0f1d7/2df9/worker_log.txt
[2022-05-12T15:22:58+0200] [MainThread] [I] [toil.worker] Redirecting logging to /tmp/68d0d1348bc35e50a766db3ce8d0f1d7/2629/worker_log.txt
[2022-05-12T15:22:59+0200] [MainThread] [I] [toil.worker] Redirecting logging to /tmp/68d0d1348bc35e50a766db3ce8d0f1d7/e835/worker_log.txt
[2022-05-12T15:22:59+0200] [MainThread] [I] [toil.worker] Redirecting logging to /tmp/68d0d1348bc35e50a766db3ce8d0f1d7/295f/worker_log.txt
[2022-05-12T15:23:01+0200] [MainThread] [I] [toil.leader] Finished toil run successfully.
[2022-05-12T15:23:01+0200] [MainThread] [I] [toil.common] Successfully deleted the job store: FileJobStore(/tmp/tmpn_vcdn_j)
</system-err>
		</testcase>
		<testcase name="Test workflow scatter with two scatter parameters and nested_crossproduct join method" time="10.185588" class="scatter, workflow" file="wf_scatter_two_nested_crossproduct" url="cwltest:conformance_tests#37">
			<system-out>{
    &quot;out&quot;: [
        [
            &quot;foo one three&quot;,
            &quot;foo one four&quot;
        ],
        [
            &quot;foo two three&quot;,
            &quot;foo two four&quot;
        ]
    ]
}</system-out>
			<system-err>[2022-05-12T15:22:52+0200] [MainThread] [I] [cwltool] Resolved 'tests/scatter-wf2.cwl' to 'file:///home/michael/cwl-v1.2/tests/scatter-wf2.cwl'
[2022-05-12T15:22:55+0200] [MainThread] [I] [toil.job] Saving graph of 2 jobs, 2 new
[2022-05-12T15:22:55+0200] [MainThread] [I] [toil.job] Processing job 'ResolveIndirect' kind-ResolveIndirect/instance-qnej7vcc v0
[2022-05-12T15:22:55+0200] [MainThread] [I] [toil.job] Processing job 'CWLWorkflow' kind-CWLWorkflow/instance-_8nja1p0 v0
[2022-05-12T15:22:55+0200] [MainThread] [I] [toil] Running Toil version 5.6.0-c34146a6437e4407a61e946e968bcce67a0ebbca on host mrc-tux.
[2022-05-12T15:22:56+0200] [MainThread] [I] [toil.worker] Redirecting logging to /tmp/74d2a6bfefa354dfb2af9623ce23bf92/d304/worker_log.txt
[2022-05-12T15:22:56+0200] [MainThread] [I] [toil.leader] 0 jobs are running, 0 jobs are issued and waiting to run
[2022-05-12T15:22:57+0200] [MainThread] [I] [toil.worker] Redirecting logging to /tmp/74d2a6bfefa354dfb2af9623ce23bf92/3e29/worker_log.txt
[2022-05-12T15:22:57+0200] [MainThread] [I] [toil.leader] Issued job 'CWLJob' scatter-wf2.cwl[0].step1command kind-CWLJob/instance-uhs7lt90 v1 with job batch system ID: 2 and cores: 1, disk: 3.0 Gi, and memory: 2.0 Gi
[2022-05-12T15:22:57+0200] [MainThread] [I] [toil.leader] Issued job 'CWLJob' scatter-wf2.cwl[1].step1command kind-CWLJob/instance-vp3sgwf8 v1 with job batch system ID: 3 and cores: 1, disk: 3.0 Gi, and memory: 2.0 Gi
[2022-05-12T15:22:57+0200] [MainThread] [I] [toil.leader] Issued job 'CWLJob' scatter-wf2.cwl[0].step1command kind-CWLJob/instance-ymehek31 v1 with job batch system ID: 4 and cores: 1, disk: 3.0 Gi, and memory: 2.0 Gi
[2022-05-12T15:22:57+0200] [MainThread] [I] [toil.leader] Issued job 'CWLJob' scatter-wf2.cwl[1].step1command kind-CWLJob/instance-g3zqjev7 v1 with job batch system ID: 5 and cores: 1, disk: 3.0 Gi, and memory: 2.0 Gi
[2022-05-12T15:22:57+0200] [MainThread] [I] [toil.worker] Redirecting logging to /tmp/74d2a6bfefa354dfb2af9623ce23bf92/bd25/worker_log.txt
[2022-05-12T15:22:57+0200] [MainThread] [I] [toil.worker] Redirecting logging to /tmp/74d2a6bfefa354dfb2af9623ce23bf92/befb/worker_log.txt
[2022-05-12T15:22:57+0200] [MainThread] [I] [toil.worker] Redirecting logging to /tmp/74d2a6bfefa354dfb2af9623ce23bf92/7d37/worker_log.txt
[2022-05-12T15:22:57+0200] [MainThread] [I] [toil.worker] Redirecting logging to /tmp/74d2a6bfefa354dfb2af9623ce23bf92/c4c2/worker_log.txt
[2022-05-12T15:22:58+0200] [MainThread] [I] [toil.worker] Redirecting logging to /tmp/74d2a6bfefa354dfb2af9623ce23bf92/1e8c/worker_log.txt
[2022-05-12T15:22:59+0200] [MainThread] [I] [toil.worker] Redirecting logging to /tmp/74d2a6bfefa354dfb2af9623ce23bf92/7c4a/worker_log.txt
[2022-05-12T15:23:00+0200] [MainThread] [I] [toil.worker] Redirecting logging to /tmp/74d2a6bfefa354dfb2af9623ce23bf92/0b9d/worker_log.txt
[2022-05-12T15:23:01+0200] [MainThread] [I] [toil.worker] Redirecting logging to /tmp/74d2a6bfefa354dfb2af9623ce23bf92/ce03/worker_log.txt
[2022-05-12T15:23:02+0200] [MainThread] [I] [toil.leader] Finished toil run successfully.
[2022-05-12T15:23:02+0200] [MainThread] [I] [toil.common] Successfully deleted the job store: FileJobStore(/tmp/tmpnic5yt4u)
</system-err>
		</testcase>
		<testcase name="Test workflow scatter with two scatter parameters and flat_crossproduct join method" time="10.567834" class="scatter, workflow" file="wf_scatter_two_flat_crossproduct" url="cwltest:conformance_tests#38">
			<system-out>{
    &quot;out&quot;: [
        &quot;foo one three&quot;,
        &quot;foo one four&quot;,
        &quot;foo two three&quot;,
        &quot;foo two four&quot;
    ]
}</system-out>
			<system-err>[2022-05-12T15:22:53+0200] [MainThread] [I] [cwltool] Resolved 'tests/scatter-wf3.cwl#main' to 'file:///home/michael/cwl-v1.2/tests/scatter-wf3.cwl#main'
[2022-05-12T15:22:56+0200] [MainThread] [I] [toil.job] Saving graph of 2 jobs, 2 new
[2022-05-12T15:22:56+0200] [MainThread] [I] [toil.job] Processing job 'ResolveIndirect' kind-ResolveIndirect/instance-n7z5451a v0
[2022-05-12T15:22:56+0200] [MainThread] [I] [toil.job] Processing job 'CWLWorkflow' kind-CWLWorkflow/instance-nu232r37 v0
[2022-05-12T15:22:56+0200] [MainThread] [I] [toil] Running Toil version 5.6.0-c34146a6437e4407a61e946e968bcce67a0ebbca on host mrc-tux.
[2022-05-12T15:22:57+0200] [MainThread] [I] [toil.worker] Redirecting logging to /tmp/86dae1c43dbd512398e578198d8aa3f2/4f93/worker_log.txt
[2022-05-12T15:22:57+0200] [MainThread] [I] [toil.leader] 0 jobs are running, 0 jobs are issued and waiting to run
[2022-05-12T15:22:57+0200] [MainThread] [I] [toil.worker] Redirecting logging to /tmp/86dae1c43dbd512398e578198d8aa3f2/40bc/worker_log.txt
[2022-05-12T15:22:58+0200] [MainThread] [I] [toil.leader] Issued job 'CWLJob' main[0].echo kind-CWLJob/instance-4wlc94rp v1 with job batch system ID: 2 and cores: 1, disk: 3.0 Gi, and memory: 2.0 Gi
[2022-05-12T15:22:58+0200] [MainThread] [I] [toil.leader] Issued job 'CWLJob' main[1].echo kind-CWLJob/instance-6hz31br9 v1 with job batch system ID: 3 and cores: 1, disk: 3.0 Gi, and memory: 2.0 Gi
[2022-05-12T15:22:58+0200] [MainThread] [I] [toil.leader] Issued job 'CWLJob' main[1].echo kind-CWLJob/instance-czvjj60p v1 with job batch system ID: 4 and cores: 1, disk: 3.0 Gi, and memory: 2.0 Gi
[2022-05-12T15:22:58+0200] [MainThread] [I] [toil.leader] Issued job 'CWLJob' main[0].echo kind-CWLJob/instance-iogeboky v1 with job batch system ID: 5 and cores: 1, disk: 3.0 Gi, and memory: 2.0 Gi
[2022-05-12T15:22:58+0200] [MainThread] [I] [toil.worker] Redirecting logging to /tmp/86dae1c43dbd512398e578198d8aa3f2/3764/worker_log.txt
[2022-05-12T15:22:58+0200] [MainThread] [I] [toil.worker] Redirecting logging to /tmp/86dae1c43dbd512398e578198d8aa3f2/04ea/worker_log.txt
[2022-05-12T15:22:58+0200] [MainThread] [I] [toil.worker] Redirecting logging to /tmp/86dae1c43dbd512398e578198d8aa3f2/fcdc/worker_log.txt
[2022-05-12T15:22:58+0200] [MainThread] [I] [toil.worker] Redirecting logging to /tmp/86dae1c43dbd512398e578198d8aa3f2/a9f6/worker_log.txt
[2022-05-12T15:22:59+0200] [MainThread] [I] [toil.worker] Redirecting logging to /tmp/86dae1c43dbd512398e578198d8aa3f2/ac7d/worker_log.txt
[2022-05-12T15:23:00+0200] [MainThread] [I] [toil.worker] Redirecting logging to /tmp/86dae1c43dbd512398e578198d8aa3f2/e001/worker_log.txt
[2022-05-12T15:23:01+0200] [MainThread] [I] [toil.worker] Redirecting logging to /tmp/86dae1c43dbd512398e578198d8aa3f2/24c7/worker_log.txt
[2022-05-12T15:23:01+0200] [MainThread] [I] [toil.worker] Redirecting logging to /tmp/86dae1c43dbd512398e578198d8aa3f2/2377/worker_log.txt
[2022-05-12T15:23:03+0200] [MainThread] [I] [toil.leader] Finished toil run successfully.
[2022-05-12T15:23:03+0200] [MainThread] [I] [toil.common] Successfully deleted the job store: FileJobStore(/tmp/tmppxc7iiz0)
</system-err>
		</testcase>
		<testcase name="Test workflow scatter with two scatter parameters and dotproduct join method" time="10.900814" class="scatter, workflow" file="wf_scatter_two_dotproduct" url="cwltest:conformance_tests#39">
			<system-out>{
    &quot;out&quot;: [
        &quot;foo one three&quot;,
        &quot;foo two four&quot;
    ]
}</system-out>
			<system-err>[2022-05-12T15:22:54+0200] [MainThread] [I] [cwltool] Resolved 'tests/scatter-wf4.cwl#main' to 'file:///home/michael/cwl-v1.2/tests/scatter-wf4.cwl#main'
[2022-05-12T15:22:57+0200] [MainThread] [I] [toil.job] Saving graph of 2 jobs, 2 new
[2022-05-12T15:22:57+0200] [MainThread] [I] [toil.job] Processing job 'ResolveIndirect' kind-ResolveIndirect/instance-q74dxki5 v0
[2022-05-12T15:22:57+0200] [MainThread] [I] [toil.job] Processing job 'CWLWorkflow' kind-CWLWorkflow/instance-x5p1hvsp v0
[2022-05-12T15:22:57+0200] [MainThread] [I] [toil] Running Toil version 5.6.0-c34146a6437e4407a61e946e968bcce67a0ebbca on host mrc-tux.
[2022-05-12T15:22:57+0200] [MainThread] [I] [toil.worker] Redirecting logging to /tmp/c02d39c3403357449d29814eda125342/827d/worker_log.txt
[2022-05-12T15:22:58+0200] [MainThread] [I] [toil.leader] 0 jobs are running, 0 jobs are issued and waiting to run
[2022-05-12T15:22:58+0200] [MainThread] [I] [toil.worker] Redirecting logging to /tmp/c02d39c3403357449d29814eda125342/42b1/worker_log.txt
[2022-05-12T15:22:59+0200] [MainThread] [I] [toil.leader] Issued job 'CWLJob' main[0].echo kind-CWLJob/instance-9_xhcc8y v1 with job batch system ID: 2 and cores: 1, disk: 3.0 Gi, and memory: 2.0 Gi
[2022-05-12T15:22:59+0200] [MainThread] [I] [toil.leader] Issued job 'CWLJob' main[1].echo kind-CWLJob/instance-omoy69ee v1 with job batch system ID: 3 and cores: 1, disk: 3.0 Gi, and memory: 2.0 Gi
[2022-05-12T15:22:59+0200] [MainThread] [I] [toil.worker] Redirecting logging to /tmp/c02d39c3403357449d29814eda125342/8497/worker_log.txt
[2022-05-12T15:22:59+0200] [MainThread] [I] [toil.worker] Redirecting logging to /tmp/c02d39c3403357449d29814eda125342/cdef/worker_log.txt
[2022-05-12T15:23:00+0200] [MainThread] [I] [toil.worker] Redirecting logging to /tmp/c02d39c3403357449d29814eda125342/d9e8/worker_log.txt
[2022-05-12T15:23:01+0200] [MainThread] [I] [toil.worker] Redirecting logging to /tmp/c02d39c3403357449d29814eda125342/9efa/worker_log.txt
[2022-05-12T15:23:01+0200] [MainThread] [I] [toil.worker] Redirecting logging to /tmp/c02d39c3403357449d29814eda125342/6d88/worker_log.txt
[2022-05-12T15:23:02+0200] [MainThread] [I] [toil.worker] Redirecting logging to /tmp/c02d39c3403357449d29814eda125342/1096/worker_log.txt
[2022-05-12T15:23:04+0200] [MainThread] [I] [toil.leader] Finished toil run successfully.
[2022-05-12T15:23:04+0200] [MainThread] [I] [toil.common] Successfully deleted the job store: FileJobStore(/tmp/tmpfw5d2xxk)
</system-err>
		</testcase>
		<testcase name="Test workflow scatter with single empty list parameter" time="6.917938" class="scatter, workflow" file="wf_scatter_emptylist" url="cwltest:conformance_tests#40">
			<system-out>{
    &quot;out&quot;: []
}</system-out>
			<system-err>[2022-05-12T15:23:02+0200] [MainThread] [I] [cwltool] Resolved 'tests/scatter-wf1.cwl' to 'file:///home/michael/cwl-v1.2/tests/scatter-wf1.cwl'
[2022-05-12T15:23:04+0200] [MainThread] [I] [toil.job] Saving graph of 2 jobs, 2 new
[2022-05-12T15:23:04+0200] [MainThread] [I] [toil.job] Processing job 'ResolveIndirect' kind-ResolveIndirect/instance-1cjxo2v3 v0
[2022-05-12T15:23:04+0200] [MainThread] [I] [toil.job] Processing job 'CWLWorkflow' kind-CWLWorkflow/instance-ui4jp4p_ v0
[2022-05-12T15:23:04+0200] [MainThread] [I] [toil] Running Toil version 5.6.0-c34146a6437e4407a61e946e968bcce67a0ebbca on host mrc-tux.
[2022-05-12T15:23:04+0200] [MainThread] [I] [toil.worker] Redirecting logging to /tmp/c35da97a5d845abb9877ef19026b5aa3/addf/worker_log.txt
[2022-05-12T15:23:05+0200] [MainThread] [I] [toil.leader] 0 jobs are running, 0 jobs are issued and waiting to run
[2022-05-12T15:23:05+0200] [MainThread] [I] [toil.worker] Redirecting logging to /tmp/c35da97a5d845abb9877ef19026b5aa3/ee35/worker_log.txt
[2022-05-12T15:23:06+0200] [MainThread] [I] [toil.worker] Redirecting logging to /tmp/c35da97a5d845abb9877ef19026b5aa3/9c66/worker_log.txt
[2022-05-12T15:23:06+0200] [MainThread] [I] [toil.worker] Redirecting logging to /tmp/c35da97a5d845abb9877ef19026b5aa3/a35a/worker_log.txt
[2022-05-12T15:23:08+0200] [MainThread] [I] [toil.leader] Finished toil run successfully.
[2022-05-12T15:23:08+0200] [MainThread] [I] [toil.common] Successfully deleted the job store: FileJobStore(/tmp/tmpzrzyfgop)
</system-err>
		</testcase>
		<testcase name="Test workflow scatter with two scatter parameters and nested_crossproduct join method with second list empty" time="7.081847" class="scatter, workflow" file="wf_scatter_nested_crossproduct_secondempty" url="cwltest:conformance_tests#41">
			<system-out>{
    &quot;out&quot;: [
        [],
        []
    ]
}</system-out>
			<system-err>[2022-05-12T15:23:03+0200] [MainThread] [I] [cwltool] Resolved 'tests/scatter-wf2.cwl' to 'file:///home/michael/cwl-v1.2/tests/scatter-wf2.cwl'
[2022-05-12T15:23:05+0200] [MainThread] [I] [toil.job] Saving graph of 2 jobs, 2 new
[2022-05-12T15:23:05+0200] [MainThread] [I] [toil.job] Processing job 'ResolveIndirect' kind-ResolveIndirect/instance-atd_cqlo v0
[2022-05-12T15:23:05+0200] [MainThread] [I] [toil.job] Processing job 'CWLWorkflow' kind-CWLWorkflow/instance-euavced2 v0
[2022-05-12T15:23:05+0200] [MainThread] [I] [toil] Running Toil version 5.6.0-c34146a6437e4407a61e946e968bcce67a0ebbca on host mrc-tux.
[2022-05-12T15:23:06+0200] [MainThread] [I] [toil.worker] Redirecting logging to /tmp/057e139280d255fea17bc455395a4114/d907/worker_log.txt
[2022-05-12T15:23:06+0200] [MainThread] [I] [toil.leader] 0 jobs are running, 0 jobs are issued and waiting to run
[2022-05-12T15:23:06+0200] [MainThread] [I] [toil.worker] Redirecting logging to /tmp/057e139280d255fea17bc455395a4114/5267/worker_log.txt
[2022-05-12T15:23:07+0200] [MainThread] [I] [toil.worker] Redirecting logging to /tmp/057e139280d255fea17bc455395a4114/b000/worker_log.txt
[2022-05-12T15:23:07+0200] [MainThread] [I] [toil.worker] Redirecting logging to /tmp/057e139280d255fea17bc455395a4114/00e4/worker_log.txt
[2022-05-12T15:23:09+0200] [MainThread] [I] [toil.leader] Finished toil run successfully.
[2022-05-12T15:23:09+0200] [MainThread] [I] [toil.common] Successfully deleted the job store: FileJobStore(/tmp/tmpq4fu8xjm)
</system-err>
		</testcase>
		<testcase name="Test workflow scatter with two scatter parameters and nested_crossproduct join method with first list empty" time="7.117326" class="scatter, workflow" file="wf_scatter_nested_crossproduct_firstempty" url="cwltest:conformance_tests#42">
			<system-out>{
    &quot;out&quot;: []
}</system-out>
			<system-err>[2022-05-12T15:23:04+0200] [MainThread] [I] [cwltool] Resolved 'tests/scatter-wf3.cwl#main' to 'file:///home/michael/cwl-v1.2/tests/scatter-wf3.cwl#main'
[2022-05-12T15:23:06+0200] [MainThread] [I] [toil.job] Saving graph of 2 jobs, 2 new
[2022-05-12T15:23:06+0200] [MainThread] [I] [toil.job] Processing job 'ResolveIndirect' kind-ResolveIndirect/instance-79g_ep92 v0
[2022-05-12T15:23:06+0200] [MainThread] [I] [toil.job] Processing job 'CWLWorkflow' kind-CWLWorkflow/instance-qzo0ycle v0
[2022-05-12T15:23:06+0200] [MainThread] [I] [toil] Running Toil version 5.6.0-c34146a6437e4407a61e946e968bcce67a0ebbca on host mrc-tux.
[2022-05-12T15:23:07+0200] [MainThread] [I] [toil.worker] Redirecting logging to /tmp/a18369fae2a6567cbea1396d4189e0f7/e982/worker_log.txt
[2022-05-12T15:23:07+0200] [MainThread] [I] [toil.leader] 0 jobs are running, 0 jobs are issued and waiting to run
[2022-05-12T15:23:07+0200] [MainThread] [I] [toil.worker] Redirecting logging to /tmp/a18369fae2a6567cbea1396d4189e0f7/9b3f/worker_log.txt
[2022-05-12T15:23:08+0200] [MainThread] [I] [toil.worker] Redirecting logging to /tmp/a18369fae2a6567cbea1396d4189e0f7/66ea/worker_log.txt
[2022-05-12T15:23:08+0200] [MainThread] [I] [toil.worker] Redirecting logging to /tmp/a18369fae2a6567cbea1396d4189e0f7/6585/worker_log.txt
[2022-05-12T15:23:10+0200] [MainThread] [I] [toil.leader] Finished toil run successfully.
[2022-05-12T15:23:10+0200] [MainThread] [I] [toil.common] Successfully deleted the job store: FileJobStore(/tmp/tmpi581x7n6)
</system-err>
		</testcase>
		<testcase name="Test workflow scatter with two scatter parameters, one of which is empty and flat_crossproduct join method" time="7.172154" class="scatter, workflow" file="wf_scatter_flat_crossproduct_oneempty" url="cwltest:conformance_tests#43">
			<system-out>{
    &quot;out&quot;: []
}</system-out>
			<system-err>[2022-05-12T15:23:04+0200] [MainThread] [I] [cwltool] Resolved 'tests/scatter-wf3.cwl#main' to 'file:///home/michael/cwl-v1.2/tests/scatter-wf3.cwl#main'
[2022-05-12T15:23:07+0200] [MainThread] [I] [toil.job] Saving graph of 2 jobs, 2 new
[2022-05-12T15:23:07+0200] [MainThread] [I] [toil.job] Processing job 'ResolveIndirect' kind-ResolveIndirect/instance-141e04c3 v0
[2022-05-12T15:23:07+0200] [MainThread] [I] [toil.job] Processing job 'CWLWorkflow' kind-CWLWorkflow/instance-jpgza7yc v0
[2022-05-12T15:23:07+0200] [MainThread] [I] [toil] Running Toil version 5.6.0-c34146a6437e4407a61e946e968bcce67a0ebbca on host mrc-tux.
[2022-05-12T15:23:07+0200] [MainThread] [I] [toil.worker] Redirecting logging to /tmp/64a7274b19fc5073bfd00801bb233c99/9385/worker_log.txt
[2022-05-12T15:23:08+0200] [MainThread] [I] [toil.leader] 0 jobs are running, 0 jobs are issued and waiting to run
[2022-05-12T15:23:08+0200] [MainThread] [I] [toil.worker] Redirecting logging to /tmp/64a7274b19fc5073bfd00801bb233c99/0f80/worker_log.txt
[2022-05-12T15:23:08+0200] [MainThread] [I] [toil.worker] Redirecting logging to /tmp/64a7274b19fc5073bfd00801bb233c99/e471/worker_log.txt
[2022-05-12T15:23:09+0200] [MainThread] [I] [toil.worker] Redirecting logging to /tmp/64a7274b19fc5073bfd00801bb233c99/527c/worker_log.txt
[2022-05-12T15:23:11+0200] [MainThread] [I] [toil.leader] Finished toil run successfully.
[2022-05-12T15:23:11+0200] [MainThread] [I] [toil.common] Successfully deleted the job store: FileJobStore(/tmp/tmpyitualyb)
</system-err>
		</testcase>
		<testcase name="Test workflow scatter with two empty scatter parameters and dotproduct join method" time="7.092079" class="scatter, workflow" file="wf_scatter_dotproduct_twoempty" url="cwltest:conformance_tests#44">
			<system-out>{
    &quot;out&quot;: []
}</system-out>
			<system-err>[2022-05-12T15:23:09+0200] [MainThread] [I] [cwltool] Resolved 'tests/scatter-wf4.cwl#main' to 'file:///home/michael/cwl-v1.2/tests/scatter-wf4.cwl#main'
[2022-05-12T15:23:11+0200] [MainThread] [I] [toil.job] Saving graph of 2 jobs, 2 new
[2022-05-12T15:23:11+0200] [MainThread] [I] [toil.job] Processing job 'ResolveIndirect' kind-ResolveIndirect/instance-5il1wcqs v0
[2022-05-12T15:23:11+0200] [MainThread] [I] [toil.job] Processing job 'CWLWorkflow' kind-CWLWorkflow/instance-d0d2co8z v0
[2022-05-12T15:23:11+0200] [MainThread] [I] [toil] Running Toil version 5.6.0-c34146a6437e4407a61e946e968bcce67a0ebbca on host mrc-tux.
[2022-05-12T15:23:11+0200] [MainThread] [I] [toil.worker] Redirecting logging to /tmp/cfc80e1c0d785e0c881709f4511e5e15/6f34/worker_log.txt
[2022-05-12T15:23:12+0200] [MainThread] [I] [toil.leader] 0 jobs are running, 0 jobs are issued and waiting to run
[2022-05-12T15:23:12+0200] [MainThread] [I] [toil.worker] Redirecting logging to /tmp/cfc80e1c0d785e0c881709f4511e5e15/e98b/worker_log.txt
[2022-05-12T15:23:13+0200] [MainThread] [I] [toil.worker] Redirecting logging to /tmp/cfc80e1c0d785e0c881709f4511e5e15/6d56/worker_log.txt
[2022-05-12T15:23:13+0200] [MainThread] [I] [toil.worker] Redirecting logging to /tmp/cfc80e1c0d785e0c881709f4511e5e15/9cd3/worker_log.txt
[2022-05-12T15:23:15+0200] [MainThread] [I] [toil.leader] Finished toil run successfully.
[2022-05-12T15:23:15+0200] [MainThread] [I] [toil.common] Successfully deleted the job store: FileJobStore(/tmp/tmpob0a4ohc)
</system-err>
		</testcase>
		<testcase name="Test Any type input parameter" time="4.238508" class="required, command_line_tool" file="any_input_param" url="cwltest:conformance_tests#45">
			<system-out>{
    &quot;out&quot;: &quot;hello test env\n&quot;
}</system-out>
			<system-err>[2022-05-12T15:23:10+0200] [MainThread] [I] [cwltool] Resolved 'tests/echo-tool.cwl' to 'file:///home/michael/cwl-v1.2/tests/echo-tool.cwl'
[2022-05-12T15:23:11+0200] [MainThread] [I] [toil.job] Saving graph of 1 jobs, 1 new
[2022-05-12T15:23:11+0200] [MainThread] [I] [toil.job] Processing job 'CWLJob' echo-tool.cwl kind-CWLJob/instance-hfe2tp3e v0
[2022-05-12T15:23:11+0200] [MainThread] [I] [toil] Running Toil version 5.6.0-c34146a6437e4407a61e946e968bcce67a0ebbca on host mrc-tux.
[2022-05-12T15:23:11+0200] [MainThread] [I] [toil.leader] Issued job 'CWLJob' echo-tool.cwl kind-CWLJob/instance-hfe2tp3e v1 with job batch system ID: 0 and cores: 1, disk: 3.0 Gi, and memory: 2.0 Gi
[2022-05-12T15:23:12+0200] [MainThread] [I] [toil.worker] Redirecting logging to /tmp/9f14d19ff48a5a6e9b3432f68e316624/c168/worker_log.txt
[2022-05-12T15:23:12+0200] [MainThread] [I] [toil.leader] 0 jobs are running, 0 jobs are issued and waiting to run
[2022-05-12T15:23:13+0200] [MainThread] [I] [toil.leader] Finished toil run successfully.
[2022-05-12T15:23:13+0200] [MainThread] [I] [toil.common] Successfully deleted the job store: FileJobStore(/tmp/tmpx3qfjj1h)
</system-err>
		</testcase>
		<testcase name="Test nested workflow" time="10.917684" class="subworkflow, workflow, inline_javascript" file="nested_workflow" url="cwltest:conformance_tests#46">
			<system-out>{
    &quot;count_output&quot;: 16
}</system-out>
			<system-err>[2022-05-12T15:23:11+0200] [MainThread] [I] [cwltool] Resolved 'tests/count-lines8-wf.cwl' to 'file:///home/michael/cwl-v1.2/tests/count-lines8-wf.cwl'
[2022-05-12T15:23:15+0200] [MainThread] [I] [toil.job] Saving graph of 2 jobs, 2 new
[2022-05-12T15:23:15+0200] [MainThread] [I] [toil.job] Processing job 'ResolveIndirect' kind-ResolveIndirect/instance-xeaz5w52 v0
[2022-05-12T15:23:15+0200] [MainThread] [I] [toil.job] Processing job 'CWLWorkflow' kind-CWLWorkflow/instance-6g4420ly v0
[2022-05-12T15:23:15+0200] [MainThread] [I] [toil] Running Toil version 5.6.0-c34146a6437e4407a61e946e968bcce67a0ebbca on host mrc-tux.
[2022-05-12T15:23:15+0200] [MainThread] [I] [toil.worker] Redirecting logging to /tmp/645e9f211f585a8e980b4b6e66320f0f/1bcb/worker_log.txt
[2022-05-12T15:23:16+0200] [MainThread] [I] [toil.leader] 0 jobs are running, 0 jobs are issued and waiting to run
[2022-05-12T15:23:16+0200] [MainThread] [I] [toil.worker] Redirecting logging to /tmp/645e9f211f585a8e980b4b6e66320f0f/6605/worker_log.txt
[2022-05-12T15:23:16+0200] [MainThread] [I] [toil.leader] Issued job 'CWLJob' count-lines1-wf.cwl.step1.wc-tool.cwl kind-CWLJob/instance-holkac3h v1 with job batch system ID: 2 and cores: 1, disk: 3.0 Gi, and memory: 2.0 Gi
[2022-05-12T15:23:17+0200] [MainThread] [I] [toil.worker] Redirecting logging to /tmp/645e9f211f585a8e980b4b6e66320f0f/afd5/worker_log.txt
[2022-05-12T15:23:18+0200] [MainThread] [I] [toil.worker] Redirecting logging to /tmp/645e9f211f585a8e980b4b6e66320f0f/0a8e/worker_log.txt
[2022-05-12T15:23:18+0200] [MainThread] [I] [toil.worker] Redirecting logging to /tmp/645e9f211f585a8e980b4b6e66320f0f/b46c/worker_log.txt
[2022-05-12T15:23:19+0200] [MainThread] [I] [toil.worker] Redirecting logging to /tmp/645e9f211f585a8e980b4b6e66320f0f/ed57/worker_log.txt
[2022-05-12T15:23:19+0200] [MainThread] [I] [toil.worker] Redirecting logging to /tmp/645e9f211f585a8e980b4b6e66320f0f/510c/worker_log.txt
[2022-05-12T15:23:21+0200] [MainThread] [I] [toil.leader] Finished toil run successfully.
[2022-05-12T15:23:21+0200] [MainThread] [I] [toil.common] Successfully deleted the job store: FileJobStore(/tmp/tmp3iktjvm9)
</system-err>
		</testcase>
		<testcase name="Test requirement priority" time="6.973840" class="env_var, workflow" file="requirement_priority" url="cwltest:conformance_tests#47">
			<system-out>{
    &quot;out&quot;: {
        &quot;location&quot;: &quot;file:///tmp/tmpsd5283jn/out&quot;,
        &quot;basename&quot;: &quot;out&quot;,
        &quot;nameroot&quot;: &quot;out&quot;,
        &quot;nameext&quot;: &quot;&quot;,
        &quot;class&quot;: &quot;File&quot;,
        &quot;checksum&quot;: &quot;sha1$b3ec4ed1749c207e52b3a6d08c59f31d83bff519&quot;,
        &quot;size&quot;: 15
    }
}</system-out>
			<system-err>[2022-05-12T15:23:12+0200] [MainThread] [I] [cwltool] Resolved 'tests/env-wf1.cwl' to 'file:///home/michael/cwl-v1.2/tests/env-wf1.cwl'
[2022-05-12T15:23:14+0200] [MainThread] [I] [toil.job] Saving graph of 2 jobs, 2 new
[2022-05-12T15:23:14+0200] [MainThread] [I] [toil.job] Processing job 'ResolveIndirect' kind-ResolveIndirect/instance-8p962eho v0
[2022-05-12T15:23:14+0200] [MainThread] [I] [toil.job] Processing job 'CWLWorkflow' kind-CWLWorkflow/instance-h9a68kl0 v0
[2022-05-12T15:23:14+0200] [MainThread] [I] [toil] Running Toil version 5.6.0-c34146a6437e4407a61e946e968bcce67a0ebbca on host mrc-tux.
[2022-05-12T15:23:14+0200] [MainThread] [I] [toil.worker] Redirecting logging to /tmp/5a292f64baa357c78d569cb872fdc92e/1988/worker_log.txt
[2022-05-12T15:23:15+0200] [MainThread] [I] [toil.leader] 0 jobs are running, 0 jobs are issued and waiting to run
[2022-05-12T15:23:15+0200] [MainThread] [I] [toil.leader] Issued job 'CWLJob' env-wf1.cwl.step1.env-tool1.cwl kind-CWLJob/instance-n6s4yj5c v1 with job batch system ID: 1 and cores: 1, disk: 3.0 Gi, and memory: 2.0 Gi
[2022-05-12T15:23:15+0200] [MainThread] [I] [toil.worker] Redirecting logging to /tmp/5a292f64baa357c78d569cb872fdc92e/2f2d/worker_log.txt
[2022-05-12T15:23:15+0200] [MainThread] [I] [toil.worker] Redirecting logging to /tmp/5a292f64baa357c78d569cb872fdc92e/572c/worker_log.txt
[2022-05-12T15:23:16+0200] [MainThread] [I] [toil.worker] Redirecting logging to /tmp/5a292f64baa357c78d569cb872fdc92e/5fc3/worker_log.txt
[2022-05-12T15:23:18+0200] [MainThread] [I] [toil.leader] Finished toil run successfully.
[2022-05-12T15:23:18+0200] [MainThread] [I] [toil.common] Successfully deleted the job store: FileJobStore(/tmp/tmps5s1okmd)
</system-err>
		</testcase>
		<testcase name="Test requirements override hints" time="7.076496" class="env_var, workflow" file="requirement_override_hints" url="cwltest:conformance_tests#48">
			<system-out>{
    &quot;out&quot;: {
        &quot;location&quot;: &quot;file:///tmp/tmprto7x9ul/out&quot;,
        &quot;basename&quot;: &quot;out&quot;,
        &quot;nameroot&quot;: &quot;out&quot;,
        &quot;nameext&quot;: &quot;&quot;,
        &quot;class&quot;: &quot;File&quot;,
        &quot;checksum&quot;: &quot;sha1$cdc1e84968261d6a7575b5305945471f8be199b6&quot;,
        &quot;size&quot;: 9
    }
}</system-out>
			<system-err>[2022-05-12T15:23:14+0200] [MainThread] [I] [cwltool] Resolved 'tests/env-wf2.cwl' to 'file:///home/michael/cwl-v1.2/tests/env-wf2.cwl'
[2022-05-12T15:23:16+0200] [MainThread] [I] [toil.job] Saving graph of 2 jobs, 2 new
[2022-05-12T15:23:16+0200] [MainThread] [I] [toil.job] Processing job 'ResolveIndirect' kind-ResolveIndirect/instance-az8xdt81 v0
[2022-05-12T15:23:16+0200] [MainThread] [I] [toil.job] Processing job 'CWLWorkflow' kind-CWLWorkflow/instance-6y6o7k5k v0
[2022-05-12T15:23:16+0200] [MainThread] [I] [toil] Running Toil version 5.6.0-c34146a6437e4407a61e946e968bcce67a0ebbca on host mrc-tux.
[2022-05-12T15:23:17+0200] [MainThread] [I] [toil.worker] Redirecting logging to /tmp/b60ae7a11c795447bd26ba3fe6308dfd/64cd/worker_log.txt
[2022-05-12T15:23:17+0200] [MainThread] [I] [toil.leader] 0 jobs are running, 0 jobs are issued and waiting to run
[2022-05-12T15:23:17+0200] [MainThread] [I] [toil.leader] Issued job 'CWLJob' env-wf2.cwl.step1.env-tool2.cwl kind-CWLJob/instance-u6wwwrzl v1 with job batch system ID: 1 and cores: 1, disk: 3.0 Gi, and memory: 2.0 Gi
[2022-05-12T15:23:17+0200] [MainThread] [I] [toil.worker] Redirecting logging to /tmp/b60ae7a11c795447bd26ba3fe6308dfd/0ba8/worker_log.txt
[2022-05-12T15:23:18+0200] [MainThread] [I] [toil.worker] Redirecting logging to /tmp/b60ae7a11c795447bd26ba3fe6308dfd/fb3f/worker_log.txt
[2022-05-12T15:23:19+0200] [MainThread] [I] [toil.worker] Redirecting logging to /tmp/b60ae7a11c795447bd26ba3fe6308dfd/4ae4/worker_log.txt
[2022-05-12T15:23:20+0200] [MainThread] [I] [toil.leader] Finished toil run successfully.
[2022-05-12T15:23:20+0200] [MainThread] [I] [toil.common] Successfully deleted the job store: FileJobStore(/tmp/tmpjbkms8va)
</system-err>
		</testcase>
		<testcase name="Test requirements on workflow steps" time="7.066468" class="env_var, workflow" file="requirement_workflow_steps" url="cwltest:conformance_tests#49">
			<system-out>{
    &quot;out&quot;: {
        &quot;location&quot;: &quot;file:///tmp/tmpsfte42uv/out&quot;,
        &quot;basename&quot;: &quot;out&quot;,
        &quot;nameroot&quot;: &quot;out&quot;,
        &quot;nameext&quot;: &quot;&quot;,
        &quot;class&quot;: &quot;File&quot;,
        &quot;checksum&quot;: &quot;sha1$cdc1e84968261d6a7575b5305945471f8be199b6&quot;,
        &quot;size&quot;: 9
    }
}</system-out>
			<system-err>[2022-05-12T15:23:16+0200] [MainThread] [I] [cwltool] Resolved 'tests/env-wf3.cwl' to 'file:///home/michael/cwl-v1.2/tests/env-wf3.cwl'
[2022-05-12T15:23:18+0200] [MainThread] [I] [toil.job] Saving graph of 2 jobs, 2 new
[2022-05-12T15:23:18+0200] [MainThread] [I] [toil.job] Processing job 'ResolveIndirect' kind-ResolveIndirect/instance-gygctnep v0
[2022-05-12T15:23:18+0200] [MainThread] [I] [toil.job] Processing job 'CWLWorkflow' kind-CWLWorkflow/instance-aa13o_ru v0
[2022-05-12T15:23:18+0200] [MainThread] [I] [toil] Running Toil version 5.6.0-c34146a6437e4407a61e946e968bcce67a0ebbca on host mrc-tux.
[2022-05-12T15:23:18+0200] [MainThread] [I] [toil.worker] Redirecting logging to /tmp/02fc4b4c844d547abf390f861ea3db07/1dfc/worker_log.txt
[2022-05-12T15:23:19+0200] [MainThread] [I] [toil.leader] 0 jobs are running, 0 jobs are issued and waiting to run
[2022-05-12T15:23:19+0200] [MainThread] [I] [toil.leader] Issued job 'CWLJob' env-wf3.cwl.step1.env-tool2.cwl kind-CWLJob/instance-prqtk90t v1 with job batch system ID: 1 and cores: 1, disk: 3.0 Gi, and memory: 2.0 Gi
[2022-05-12T15:23:19+0200] [MainThread] [I] [toil.worker] Redirecting logging to /tmp/02fc4b4c844d547abf390f861ea3db07/5a5f/worker_log.txt
[2022-05-12T15:23:20+0200] [MainThread] [I] [toil.worker] Redirecting logging to /tmp/02fc4b4c844d547abf390f861ea3db07/b2a4/worker_log.txt
[2022-05-12T15:23:20+0200] [MainThread] [I] [toil.worker] Redirecting logging to /tmp/02fc4b4c844d547abf390f861ea3db07/a4bc/worker_log.txt
[2022-05-12T15:23:22+0200] [MainThread] [I] [toil.leader] Finished toil run successfully.
[2022-05-12T15:23:22+0200] [MainThread] [I] [toil.common] Successfully deleted the job store: FileJobStore(/tmp/tmp4faxu1d7)
</system-err>
		</testcase>
		<testcase name="Test default value on step input parameter" time="7.962304" class="inline_javascript, workflow" file="step_input_default_value" url="cwltest:conformance_tests#50">
			<system-out>{
    &quot;count_output&quot;: 16
}</system-out>
			<system-err>[2022-05-12T15:23:19+0200] [MainThread] [I] [cwltool] Resolved 'tests/count-lines9-wf.cwl' to 'file:///home/michael/cwl-v1.2/tests/count-lines9-wf.cwl'
[2022-05-12T15:23:22+0200] [MainThread] [I] [toil.job] Saving graph of 2 jobs, 2 new
[2022-05-12T15:23:22+0200] [MainThread] [I] [toil.job] Processing job 'ResolveIndirect' kind-ResolveIndirect/instance-rh5siynh v0
[2022-05-12T15:23:22+0200] [MainThread] [I] [toil.job] Processing job 'CWLWorkflow' kind-CWLWorkflow/instance-o4u02jun v0
[2022-05-12T15:23:22+0200] [MainThread] [I] [toil] Running Toil version 5.6.0-c34146a6437e4407a61e946e968bcce67a0ebbca on host mrc-tux.
[2022-05-12T15:23:22+0200] [MainThread] [I] [toil.worker] Redirecting logging to /tmp/d90a54eb438d5c8c9412fd8b99f8a42c/bb9f/worker_log.txt
[2022-05-12T15:23:23+0200] [MainThread] [I] [toil.leader] 0 jobs are running, 0 jobs are issued and waiting to run
[2022-05-12T15:23:23+0200] [MainThread] [I] [toil.leader] Issued job 'CWLJob' count-lines9-wf.cwl.step1.wc-tool.cwl kind-CWLJob/instance-tlepbgr0 v1 with job batch system ID: 1 and cores: 1, disk: 3.0 Gi, and memory: 2.0 Gi
[2022-05-12T15:23:23+0200] [MainThread] [I] [toil.worker] Redirecting logging to /tmp/d90a54eb438d5c8c9412fd8b99f8a42c/dbc4/worker_log.txt
[2022-05-12T15:23:24+0200] [MainThread] [I] [toil.worker] Redirecting logging to /tmp/d90a54eb438d5c8c9412fd8b99f8a42c/a0c5/worker_log.txt
[2022-05-12T15:23:24+0200] [MainThread] [I] [toil.worker] Redirecting logging to /tmp/d90a54eb438d5c8c9412fd8b99f8a42c/945d/worker_log.txt
[2022-05-12T15:23:26+0200] [MainThread] [I] [toil.leader] Finished toil run successfully.
[2022-05-12T15:23:26+0200] [MainThread] [I] [toil.common] Successfully deleted the job store: FileJobStore(/tmp/tmpqozhed78)
</system-err>
		</testcase>
		<testcase name="Test use default value on step input parameter with empty source" time="8.416888" class="inline_javascript, workflow" file="step_input_default_value_nosource" url="cwltest:conformance_tests#51">
			<system-out>{
    &quot;count_output&quot;: 16
}</system-out>
			<system-err>[2022-05-12T15:23:21+0200] [MainThread] [I] [cwltool] Resolved 'tests/count-lines11-wf.cwl' to 'file:///home/michael/cwl-v1.2/tests/count-lines11-wf.cwl'
[2022-05-12T15:23:25+0200] [MainThread] [W] [cwltool] Workflow checker warning:
tests/count-lines11-wf.cwl:6:3:  Source 'file1' of type [&quot;null&quot;, &quot;File&quot;] may be incompatible
tests/count-lines11-wf.cwl:17:7:   with sink 'file1' of type &quot;File&quot;
[2022-05-12T15:23:25+0200] [MainThread] [I] [toil.job] Saving graph of 2 jobs, 2 new
[2022-05-12T15:23:25+0200] [MainThread] [I] [toil.job] Processing job 'ResolveIndirect' kind-ResolveIndirect/instance-efbelej5 v0
[2022-05-12T15:23:25+0200] [MainThread] [I] [toil.job] Processing job 'CWLWorkflow' kind-CWLWorkflow/instance-yrwb9n92 v0
[2022-05-12T15:23:25+0200] [MainThread] [I] [toil] Running Toil version 5.6.0-c34146a6437e4407a61e946e968bcce67a0ebbca on host mrc-tux.
[2022-05-12T15:23:25+0200] [MainThread] [I] [toil.worker] Redirecting logging to /tmp/771a2ad7bd1950578068fac22b17d0bb/88d5/worker_log.txt
[2022-05-12T15:23:25+0200] [MainThread] [I] [toil.leader] 0 jobs are running, 0 jobs are issued and waiting to run
[2022-05-12T15:23:25+0200] [MainThread] [I] [toil.leader] Issued job 'CWLJob' count-lines11-wf.cwl.step1.wc-tool.cwl kind-CWLJob/instance-jfk65qh4 v1 with job batch system ID: 1 and cores: 1, disk: 3.0 Gi, and memory: 2.0 Gi
[2022-05-12T15:23:26+0200] [MainThread] [I] [toil.worker] Redirecting logging to /tmp/771a2ad7bd1950578068fac22b17d0bb/8d57/worker_log.txt
[2022-05-12T15:23:27+0200] [MainThread] [I] [toil.worker] Redirecting logging to /tmp/771a2ad7bd1950578068fac22b17d0bb/a0cd/worker_log.txt
[2022-05-12T15:23:27+0200] [MainThread] [I] [toil.worker] Redirecting logging to /tmp/771a2ad7bd1950578068fac22b17d0bb/f65c/worker_log.txt
[2022-05-12T15:23:29+0200] [MainThread] [I] [toil.leader] Finished toil run successfully.
[2022-05-12T15:23:29+0200] [MainThread] [I] [toil.common] Successfully deleted the job store: FileJobStore(/tmp/tmpqwf1zjwu)
</system-err>
		</testcase>
		<testcase name="Test use default value on step input parameter with null source" time="8.240793" class="inline_javascript, workflow" file="step_input_default_value_nullsource" url="cwltest:conformance_tests#52">
			<system-out>{
    &quot;count_output&quot;: 16
}</system-out>
			<system-err>[2022-05-12T15:23:22+0200] [MainThread] [I] [cwltool] Resolved 'tests/count-lines11-wf.cwl' to 'file:///home/michael/cwl-v1.2/tests/count-lines11-wf.cwl'
[2022-05-12T15:23:25+0200] [MainThread] [W] [cwltool] Workflow checker warning:
tests/count-lines11-wf.cwl:6:3:  Source 'file1' of type [&quot;null&quot;, &quot;File&quot;] may be incompatible
tests/count-lines11-wf.cwl:17:7:   with sink 'file1' of type &quot;File&quot;
[2022-05-12T15:23:25+0200] [MainThread] [I] [toil.job] Saving graph of 2 jobs, 2 new
[2022-05-12T15:23:25+0200] [MainThread] [I] [toil.job] Processing job 'ResolveIndirect' kind-ResolveIndirect/instance-s2lgm6jn v0
[2022-05-12T15:23:25+0200] [MainThread] [I] [toil.job] Processing job 'CWLWorkflow' kind-CWLWorkflow/instance-0ksk0y_k v0
[2022-05-12T15:23:25+0200] [MainThread] [I] [toil] Running Toil version 5.6.0-c34146a6437e4407a61e946e968bcce67a0ebbca on host mrc-tux.
[2022-05-12T15:23:26+0200] [MainThread] [I] [toil.worker] Redirecting logging to /tmp/d23a9771302d577e97d06f2951865d14/03fc/worker_log.txt
[2022-05-12T15:23:26+0200] [MainThread] [I] [toil.leader] 0 jobs are running, 0 jobs are issued and waiting to run
[2022-05-12T15:23:26+0200] [MainThread] [I] [toil.leader] Issued job 'CWLJob' count-lines11-wf.cwl.step1.wc-tool.cwl kind-CWLJob/instance-gh_ch69v v1 with job batch system ID: 1 and cores: 1, disk: 3.0 Gi, and memory: 2.0 Gi
[2022-05-12T15:23:26+0200] [MainThread] [I] [toil.worker] Redirecting logging to /tmp/d23a9771302d577e97d06f2951865d14/1751/worker_log.txt
[2022-05-12T15:23:27+0200] [MainThread] [I] [toil.worker] Redirecting logging to /tmp/d23a9771302d577e97d06f2951865d14/7c81/worker_log.txt
[2022-05-12T15:23:28+0200] [MainThread] [I] [toil.worker] Redirecting logging to /tmp/d23a9771302d577e97d06f2951865d14/3fdc/worker_log.txt
[2022-05-12T15:23:29+0200] [MainThread] [I] [toil.leader] Finished toil run successfully.
[2022-05-12T15:23:29+0200] [MainThread] [I] [toil.common] Successfully deleted the job store: FileJobStore(/tmp/tmpzjxieok7)
</system-err>
		</testcase>
		<testcase name="Test default value on step input parameter overridden by provided source" time="8.463872" class="inline_javascript, workflow" file="step_input_default_value_overriden" url="cwltest:conformance_tests#53">
			<system-out>{
    &quot;count_output&quot;: 1
}</system-out>
			<system-err>[2022-05-12T15:23:23+0200] [MainThread] [I] [cwltool] Resolved 'tests/count-lines11-wf.cwl' to 'file:///home/michael/cwl-v1.2/tests/count-lines11-wf.cwl'
[2022-05-12T15:23:27+0200] [MainThread] [W] [cwltool] Workflow checker warning:
tests/count-lines11-wf.cwl:6:3:  Source 'file1' of type [&quot;null&quot;, &quot;File&quot;] may be incompatible
tests/count-lines11-wf.cwl:17:7:   with sink 'file1' of type &quot;File&quot;
[2022-05-12T15:23:27+0200] [MainThread] [I] [toil.job] Saving graph of 2 jobs, 2 new
[2022-05-12T15:23:27+0200] [MainThread] [I] [toil.job] Processing job 'ResolveIndirect' kind-ResolveIndirect/instance-961vzff9 v0
[2022-05-12T15:23:27+0200] [MainThread] [I] [toil.job] Processing job 'CWLWorkflow' kind-CWLWorkflow/instance-_mgdcx5w v0
[2022-05-12T15:23:27+0200] [MainThread] [I] [toil] Running Toil version 5.6.0-c34146a6437e4407a61e946e968bcce67a0ebbca on host mrc-tux.
[2022-05-12T15:23:27+0200] [MainThread] [I] [toil.worker] Redirecting logging to /tmp/0c15d16ed04656d9b2b0533f57a27a2d/2e34/worker_log.txt
[2022-05-12T15:23:27+0200] [MainThread] [I] [toil.leader] 0 jobs are running, 0 jobs are issued and waiting to run
[2022-05-12T15:23:27+0200] [MainThread] [I] [toil.leader] Issued job 'CWLJob' count-lines11-wf.cwl.step1.wc-tool.cwl kind-CWLJob/instance-tvngjk3b v1 with job batch system ID: 1 and cores: 1, disk: 3.0 Gi, and memory: 2.0 Gi
[2022-05-12T15:23:28+0200] [MainThread] [I] [toil.worker] Redirecting logging to /tmp/0c15d16ed04656d9b2b0533f57a27a2d/9c7f/worker_log.txt
[2022-05-12T15:23:29+0200] [MainThread] [I] [toil.worker] Redirecting logging to /tmp/0c15d16ed04656d9b2b0533f57a27a2d/e4e0/worker_log.txt
[2022-05-12T15:23:29+0200] [MainThread] [I] [toil.worker] Redirecting logging to /tmp/0c15d16ed04656d9b2b0533f57a27a2d/93d5/worker_log.txt
[2022-05-12T15:23:31+0200] [MainThread] [I] [toil.leader] Finished toil run successfully.
[2022-05-12T15:23:31+0200] [MainThread] [I] [toil.common] Successfully deleted the job store: FileJobStore(/tmp/tmp2_vpp6j4)
</system-err>
		</testcase>
		<testcase name="Test simple workflow" time="11.338103" class="required, workflow" file="wf_simple" url="cwltest:conformance_tests#54">
			<system-out>{
    &quot;output&quot;: {
        &quot;location&quot;: &quot;file:///tmp/tmpzxqkamf9/output.txt&quot;,
        &quot;basename&quot;: &quot;output.txt&quot;,
        &quot;nameroot&quot;: &quot;output&quot;,
        &quot;nameext&quot;: &quot;.txt&quot;,
        &quot;class&quot;: &quot;File&quot;,
        &quot;checksum&quot;: &quot;sha1$b9214658cc453331b62c2282b772a5c063dbd284&quot;,
        &quot;size&quot;: 1111
    }
}</system-out>
			<system-err>[2022-05-12T15:23:27+0200] [MainThread] [I] [cwltool] Resolved 'tests/revsort.cwl' to 'file:///home/michael/cwl-v1.2/tests/revsort.cwl'
[2022-05-12T15:23:30+0200] [MainThread] [I] [toil.job] Saving graph of 2 jobs, 2 new
[2022-05-12T15:23:30+0200] [MainThread] [I] [toil.job] Processing job 'ResolveIndirect' kind-ResolveIndirect/instance-2mydaftz v0
[2022-05-12T15:23:30+0200] [MainThread] [I] [toil.job] Processing job 'CWLWorkflow' kind-CWLWorkflow/instance-p1lerk7b v0
[2022-05-12T15:23:30+0200] [MainThread] [I] [toil] Running Toil version 5.6.0-c34146a6437e4407a61e946e968bcce67a0ebbca on host mrc-tux.
[2022-05-12T15:23:31+0200] [MainThread] [I] [toil.worker] Redirecting logging to /tmp/7013630616585c789161cb0f5665f63f/3a67/worker_log.txt
[2022-05-12T15:23:31+0200] [MainThread] [I] [toil.leader] 0 jobs are running, 0 jobs are issued and waiting to run
[2022-05-12T15:23:31+0200] [MainThread] [I] [toil.leader] Issued job 'CWLJob' revsort.cwl.rev.revtool.cwl kind-CWLJob/instance-elkkqi89 v1 with job batch system ID: 1 and cores: 1, disk: 3.0 Gi, and memory: 2.0 Gi
[2022-05-12T15:23:31+0200] [MainThread] [I] [toil.worker] Redirecting logging to /tmp/7013630616585c789161cb0f5665f63f/9062/worker_log.txt
[2022-05-12T15:23:33+0200] [MainThread] [I] [toil.leader] Issued job 'CWLJob' revsort.cwl.sorted.sorttool.cwl kind-CWLJob/instance-v9228hxc v1 with job batch system ID: 2 and cores: 1, disk: 3.0 Gi, and memory: 2.0 Gi
[2022-05-12T15:23:33+0200] [MainThread] [I] [toil.worker] Redirecting logging to /tmp/7013630616585c789161cb0f5665f63f/8cc1/worker_log.txt
[2022-05-12T15:23:34+0200] [MainThread] [I] [toil.leader] Issued job 'CWLJob' revsort.cwl.rev.revtool.cwl kind-CWLJob/instance-elkkqi89 v2 with job batch system ID: 3 and cores: 1, disk: 3.0 Gi, and memory: 2.0 Gi
[2022-05-12T15:23:34+0200] [MainThread] [I] [toil.worker] Redirecting logging to /tmp/7013630616585c789161cb0f5665f63f/33bd/worker_log.txt
[2022-05-12T15:23:35+0200] [MainThread] [I] [toil.worker] Redirecting logging to /tmp/7013630616585c789161cb0f5665f63f/d8bd/worker_log.txt
[2022-05-12T15:23:36+0200] [MainThread] [I] [toil.worker] Redirecting logging to /tmp/7013630616585c789161cb0f5665f63f/880f/worker_log.txt
[2022-05-12T15:23:37+0200] [MainThread] [I] [toil.leader] Finished toil run successfully.
[2022-05-12T15:23:37+0200] [MainThread] [I] [toil.common] Successfully deleted the job store: FileJobStore(/tmp/tmp20ybq39v)
</system-err>
		</testcase>
		<testcase name="Test unknown hints are ignored." time="5.698430" class="required, command_line_tool" file="hints_unknown_ignored" url="cwltest:conformance_tests#55">
			<system-out>{
    &quot;output_file&quot;: {
        &quot;location&quot;: &quot;file:///tmp/tmp5f2wlfzp/output.txt&quot;,
        &quot;basename&quot;: &quot;output.txt&quot;,
        &quot;nameroot&quot;: &quot;output&quot;,
        &quot;nameext&quot;: &quot;.txt&quot;,
        &quot;class&quot;: &quot;File&quot;,
        &quot;checksum&quot;: &quot;sha1$47a013e660d408619d894b20806b1d5086aab03b&quot;,
        &quot;size&quot;: 13
    }
}</system-out>
			<system-err>[2022-05-12T15:23:29+0200] [MainThread] [I] [cwltool] Resolved 'tests/cat5-tool.cwl' to 'file:///home/michael/cwl-v1.2/tests/cat5-tool.cwl'
[2022-05-12T15:23:31+0200] [MainThread] [I] [cwltool] tests/cat5-tool.cwl:10:3: Unknown hint http://example.com/BlibberBlubberFakeRequirement
[2022-05-12T15:23:32+0200] [MainThread] [I] [toil.job] Saving graph of 1 jobs, 1 new
[2022-05-12T15:23:32+0200] [MainThread] [I] [toil.job] Processing job 'CWLJob' cat5-tool.cwl kind-CWLJob/instance-7bxm_1qw v0
[2022-05-12T15:23:32+0200] [MainThread] [I] [toil] Running Toil version 5.6.0-c34146a6437e4407a61e946e968bcce67a0ebbca on host mrc-tux.
[2022-05-12T15:23:32+0200] [MainThread] [I] [toil.leader] Issued job 'CWLJob' cat5-tool.cwl kind-CWLJob/instance-7bxm_1qw v1 with job batch system ID: 0 and cores: 1, disk: 3.0 Gi, and memory: 2.0 Gi
[2022-05-12T15:23:32+0200] [MainThread] [I] [toil.worker] Redirecting logging to /tmp/38dae6e5145c5bce928285cbc3595a85/b4c5/worker_log.txt
[2022-05-12T15:23:33+0200] [MainThread] [I] [toil.leader] 0 jobs are running, 0 jobs are issued and waiting to run
[2022-05-12T15:23:35+0200] [MainThread] [I] [toil.leader] Finished toil run successfully.
[2022-05-12T15:23:35+0200] [MainThread] [I] [toil.common] Successfully deleted the job store: FileJobStore(/tmp/tmpgsz63oxm)
</system-err>
		</testcase>
		<testcase name="Test InitialWorkDirRequirement linking input files and capturing secondaryFiles on input and output. Also tests the use of a variety of parameter references and expressions in the secondaryFiles field." time="11.358010" class="initial_work_dir, inline_javascript, command_line_tool" file="initial_workdir_secondary_files_expr" url="cwltest:conformance_tests#56">
			<system-out>{
    &quot;indexedfile&quot;: {
        &quot;location&quot;: &quot;file:///tmp/tmp9m3p_bzd/input.txt&quot;,
        &quot;basename&quot;: &quot;input.txt&quot;,
        &quot;nameroot&quot;: &quot;input&quot;,
        &quot;nameext&quot;: &quot;.txt&quot;,
        &quot;class&quot;: &quot;File&quot;,
        &quot;checksum&quot;: &quot;sha1$327fc7aedf4f6b69a42a7c8b808dc5a7aff61376&quot;,
        &quot;size&quot;: 1111,
        &quot;secondaryFiles&quot;: [
            {
                &quot;basename&quot;: &quot;input.txt.idx1&quot;,
                &quot;location&quot;: &quot;file:///tmp/tmp9m3p_bzd/input.txt.idx1&quot;,
                &quot;class&quot;: &quot;File&quot;,
                &quot;nameroot&quot;: &quot;input.txt&quot;,
                &quot;nameext&quot;: &quot;.idx1&quot;,
                &quot;checksum&quot;: &quot;sha1$1f6fe811644355974cdd06d9eb695d6e859f3b44&quot;,
                &quot;size&quot;: 1500
            },
            {
                &quot;basename&quot;: &quot;input.idx2&quot;,
                &quot;location&quot;: &quot;file:///tmp/tmp9m3p_bzd/input.idx2&quot;,
                &quot;class&quot;: &quot;File&quot;,
                &quot;nameroot&quot;: &quot;input&quot;,
                &quot;nameext&quot;: &quot;.idx2&quot;,
                &quot;checksum&quot;: &quot;sha1$da39a3ee5e6b4b0d3255bfef95601890afd80709&quot;,
                &quot;size&quot;: 0
            },
            {
                &quot;basename&quot;: &quot;input.txt.idx3&quot;,
                &quot;location&quot;: &quot;file:///tmp/tmp9m3p_bzd/input.txt.idx3&quot;,
                &quot;class&quot;: &quot;File&quot;,
                &quot;nameroot&quot;: &quot;input.txt&quot;,
                &quot;nameext&quot;: &quot;.idx3&quot;,
                &quot;checksum&quot;: &quot;sha1$da39a3ee5e6b4b0d3255bfef95601890afd80709&quot;,
                &quot;size&quot;: 0
            },
            {
                &quot;basename&quot;: &quot;input.txt.idx4&quot;,
                &quot;location&quot;: &quot;file:///tmp/tmp9m3p_bzd/input.txt.idx4&quot;,
                &quot;class&quot;: &quot;File&quot;,
                &quot;nameroot&quot;: &quot;input.txt&quot;,
                &quot;nameext&quot;: &quot;.idx4&quot;,
                &quot;checksum&quot;: &quot;sha1$da39a3ee5e6b4b0d3255bfef95601890afd80709&quot;,
                &quot;size&quot;: 0
            },
            {
                &quot;class&quot;: &quot;File&quot;,
                &quot;basename&quot;: &quot;input.txt.idx5&quot;,
                &quot;location&quot;: &quot;file:///tmp/tmp9m3p_bzd/input.txt.idx5&quot;,
                &quot;nameroot&quot;: &quot;input.txt&quot;,
                &quot;nameext&quot;: &quot;.idx5&quot;,
                &quot;checksum&quot;: &quot;sha1$da39a3ee5e6b4b0d3255bfef95601890afd80709&quot;,
                &quot;size&quot;: 0
            },
            {
                &quot;basename&quot;: &quot;input.idx6.txt&quot;,
                &quot;location&quot;: &quot;file:///tmp/tmp9m3p_bzd/input.idx6.txt&quot;,
                &quot;class&quot;: &quot;File&quot;,
                &quot;nameroot&quot;: &quot;input.idx6&quot;,
                &quot;nameext&quot;: &quot;.txt&quot;,
                &quot;checksum&quot;: &quot;sha1$da39a3ee5e6b4b0d3255bfef95601890afd80709&quot;,
                &quot;size&quot;: 0
            },
            {
                &quot;basename&quot;: &quot;input.txt.idx7&quot;,
                &quot;location&quot;: &quot;file:///tmp/tmp9m3p_bzd/input.txt.idx7&quot;,
                &quot;class&quot;: &quot;File&quot;,
                &quot;nameroot&quot;: &quot;input.txt&quot;,
                &quot;nameext&quot;: &quot;.idx7&quot;,
                &quot;checksum&quot;: &quot;sha1$da39a3ee5e6b4b0d3255bfef95601890afd80709&quot;,
                &quot;size&quot;: 0
            },
            {
                &quot;class&quot;: &quot;File&quot;,
                &quot;location&quot;: &quot;file:///tmp/tmp9m3p_bzd/hello.txt&quot;,
                &quot;size&quot;: 13,
                &quot;basename&quot;: &quot;hello.txt&quot;,
                &quot;nameroot&quot;: &quot;hello&quot;,
                &quot;nameext&quot;: &quot;.txt&quot;,
                &quot;streamable&quot;: false,
                &quot;checksum&quot;: &quot;sha1$47a013e660d408619d894b20806b1d5086aab03b&quot;
            },
            {
                &quot;basename&quot;: &quot;input.txt_idx8&quot;,
                &quot;location&quot;: &quot;file:///tmp/tmp9m3p_bzd/input.txt_idx8&quot;,
                &quot;class&quot;: &quot;Directory&quot;,
                &quot;listing&quot;: [
                    {
                        &quot;class&quot;: &quot;File&quot;,
                        &quot;location&quot;: &quot;file:///tmp/tmp9m3p_bzd/input.txt_idx8/index&quot;,
                        &quot;basename&quot;: &quot;index&quot;,
                        &quot;size&quot;: 0,
                        &quot;nameroot&quot;: &quot;index&quot;,
                        &quot;nameext&quot;: &quot;&quot;,
                        &quot;checksum&quot;: &quot;sha1$da39a3ee5e6b4b0d3255bfef95601890afd80709&quot;
                    }
                ]
            }
        ]
    },
    &quot;outfile&quot;: {
        &quot;location&quot;: &quot;file:///tmp/tmp9m3p_bzd/result.txt&quot;,
        &quot;basename&quot;: &quot;result.txt&quot;,
        &quot;nameroot&quot;: &quot;result&quot;,
        &quot;nameext&quot;: &quot;.txt&quot;,
        &quot;class&quot;: &quot;File&quot;,
        &quot;checksum&quot;: &quot;sha1$e2dc9daaef945ac15f01c238ed2f1660f60909a0&quot;,
        &quot;size&quot;: 142
    }
}</system-out>
			<system-err>[2022-05-12T15:23:30+0200] [MainThread] [I] [cwltool] Resolved 'tests/search.cwl#main' to 'file:///home/michael/cwl-v1.2/tests/search.cwl#main'
[2022-05-12T15:23:34+0200] [MainThread] [W] [cwltool] Workflow checker warning:
tests/search.cwl:103:13: Source 'result' of type &quot;File&quot; may be incompatible
tests/search.cwl:108:9:    with sink 'file' of type &quot;File&quot;
[2022-05-12T15:23:34+0200] [MainThread] [I] [toil.job] Saving graph of 2 jobs, 2 new
[2022-05-12T15:23:34+0200] [MainThread] [I] [toil.job] Processing job 'ResolveIndirect' kind-ResolveIndirect/instance-o2k8e05p v0
[2022-05-12T15:23:34+0200] [MainThread] [I] [toil.job] Processing job 'CWLWorkflow' kind-CWLWorkflow/instance-f61nmutn v0
[2022-05-12T15:23:34+0200] [MainThread] [I] [toil] Running Toil version 5.6.0-c34146a6437e4407a61e946e968bcce67a0ebbca on host mrc-tux.
[2022-05-12T15:23:34+0200] [MainThread] [I] [toil.worker] Redirecting logging to /tmp/c5d9be3f493d564bbd1aa87c8d278b1d/3952/worker_log.txt
[2022-05-12T15:23:34+0200] [MainThread] [I] [toil.leader] 0 jobs are running, 0 jobs are issued and waiting to run
[2022-05-12T15:23:34+0200] [MainThread] [I] [toil.leader] Issued job 'CWLJob' main.index.index kind-CWLJob/instance-wmu_hzuk v1 with job batch system ID: 1 and cores: 1, disk: 3.0 Gi, and memory: 2.0 Gi
[2022-05-12T15:23:35+0200] [MainThread] [I] [toil.worker] Redirecting logging to /tmp/c5d9be3f493d564bbd1aa87c8d278b1d/15ff/worker_log.txt
[2022-05-12T15:23:36+0200] [MainThread] [I] [toil.leader] Issued job 'CWLJob' main.search.search kind-CWLJob/instance-q_w72eui v1 with job batch system ID: 2 and cores: 1, disk: 3.0 Gi, and memory: 2.0 Gi
[2022-05-12T15:23:36+0200] [MainThread] [I] [toil.worker] Redirecting logging to /tmp/c5d9be3f493d564bbd1aa87c8d278b1d/956d/worker_log.txt
[2022-05-12T15:23:38+0200] [MainThread] [I] [toil.leader] Issued job 'CWLJob' main.index.index kind-CWLJob/instance-wmu_hzuk v2 with job batch system ID: 3 and cores: 1, disk: 3.0 Gi, and memory: 2.0 Gi
[2022-05-12T15:23:38+0200] [MainThread] [I] [toil.worker] Redirecting logging to /tmp/c5d9be3f493d564bbd1aa87c8d278b1d/c757/worker_log.txt
[2022-05-12T15:23:39+0200] [MainThread] [I] [toil.worker] Redirecting logging to /tmp/c5d9be3f493d564bbd1aa87c8d278b1d/e8f4/worker_log.txt
[2022-05-12T15:23:39+0200] [MainThread] [I] [toil.worker] Redirecting logging to /tmp/c5d9be3f493d564bbd1aa87c8d278b1d/73f9/worker_log.txt
[2022-05-12T15:23:41+0200] [MainThread] [I] [toil.leader] Finished toil run successfully.
[2022-05-12T15:23:41+0200] [MainThread] [I] [toil.common] Successfully deleted the job store: FileJobStore(/tmp/tmp42o4qtua)
</system-err>
		</testcase>
		<testcase name="Test InitialWorkDirRequirement with expression in filename." time="4.534143" class="initial_work_dir, command_line_tool" file="rename" url="cwltest:conformance_tests#57">
			<system-out>{
    &quot;outfile&quot;: {
        &quot;location&quot;: &quot;file:///tmp/tmp_ztebd9y/fish.txt&quot;,
        &quot;basename&quot;: &quot;fish.txt&quot;,
        &quot;nameroot&quot;: &quot;fish&quot;,
        &quot;nameext&quot;: &quot;.txt&quot;,
        &quot;class&quot;: &quot;File&quot;,
        &quot;checksum&quot;: &quot;sha1$327fc7aedf4f6b69a42a7c8b808dc5a7aff61376&quot;,
        &quot;size&quot;: 1111
    }
}</system-out>
			<system-err>[2022-05-12T15:23:31+0200] [MainThread] [I] [cwltool] Resolved 'tests/rename.cwl' to 'file:///home/michael/cwl-v1.2/tests/rename.cwl'
[2022-05-12T15:23:33+0200] [MainThread] [I] [toil.job] Saving graph of 1 jobs, 1 new
[2022-05-12T15:23:33+0200] [MainThread] [I] [toil.job] Processing job 'CWLJob' rename.cwl kind-CWLJob/instance-jmomx952 v0
[2022-05-12T15:23:33+0200] [MainThread] [I] [toil] Running Toil version 5.6.0-c34146a6437e4407a61e946e968bcce67a0ebbca on host mrc-tux.
[2022-05-12T15:23:33+0200] [MainThread] [I] [toil.leader] Issued job 'CWLJob' rename.cwl kind-CWLJob/instance-jmomx952 v1 with job batch system ID: 0 and cores: 1, disk: 3.0 Gi, and memory: 2.0 Gi
[2022-05-12T15:23:34+0200] [MainThread] [I] [toil.worker] Redirecting logging to /tmp/2675923167785607b6e2b063fd706e38/8df0/worker_log.txt
[2022-05-12T15:23:34+0200] [MainThread] [I] [toil.leader] 0 jobs are running, 0 jobs are issued and waiting to run
[2022-05-12T15:23:35+0200] [MainThread] [I] [toil.leader] Finished toil run successfully.
[2022-05-12T15:23:35+0200] [MainThread] [I] [toil.common] Successfully deleted the job store: FileJobStore(/tmp/tmpqwgw0ups)
</system-err>
		</testcase>
		<testcase name="Test if trailing newline is present in file entry in InitialWorkDir" time="4.272926" class="initial_work_dir, command_line_tool" file="initial_workdir_trailingnl" url="cwltest:conformance_tests#58">
			<system-out>{
    &quot;out&quot;: {
        &quot;location&quot;: &quot;file:///tmp/tmpjme38z24/example.conf&quot;,
        &quot;basename&quot;: &quot;example.conf&quot;,
        &quot;nameroot&quot;: &quot;example&quot;,
        &quot;nameext&quot;: &quot;.conf&quot;,
        &quot;class&quot;: &quot;File&quot;,
        &quot;checksum&quot;: &quot;sha1$6a47aa22b2a9d13a66a24b3ee5eaed95ce4753cf&quot;,
        &quot;size&quot;: 16
    }
}</system-out>
			<system-err>[2022-05-12T15:23:35+0200] [MainThread] [I] [cwltool] Resolved 'tests/iwdr-entry.cwl' to 'file:///home/michael/cwl-v1.2/tests/iwdr-entry.cwl'
[2022-05-12T15:23:37+0200] [MainThread] [I] [toil.job] Saving graph of 1 jobs, 1 new
[2022-05-12T15:23:37+0200] [MainThread] [I] [toil.job] Processing job 'CWLJob' iwdr-entry.cwl kind-CWLJob/instance-yn7bgmm6 v0
[2022-05-12T15:23:37+0200] [MainThread] [I] [toil] Running Toil version 5.6.0-c34146a6437e4407a61e946e968bcce67a0ebbca on host mrc-tux.
[2022-05-12T15:23:37+0200] [MainThread] [I] [toil.leader] Issued job 'CWLJob' iwdr-entry.cwl kind-CWLJob/instance-yn7bgmm6 v1 with job batch system ID: 0 and cores: 1, disk: 3.0 Gi, and memory: 2.0 Gi
[2022-05-12T15:23:37+0200] [MainThread] [I] [toil.worker] Redirecting logging to /tmp/a08cdc3b04bf5f088c425e2a82729062/c1e7/worker_log.txt
[2022-05-12T15:23:37+0200] [MainThread] [I] [toil.leader] 0 jobs are running, 0 jobs are issued and waiting to run
[2022-05-12T15:23:39+0200] [MainThread] [I] [toil.leader] Finished toil run successfully.
[2022-05-12T15:23:39+0200] [MainThread] [I] [toil.common] Successfully deleted the job store: FileJobStore(/tmp/tmpnav2r5qh)
</system-err>
		</testcase>
		<testcase name="Test inline expressions" time="4.612654" class="inline_javascript, command_line_tool" file="inline_expressions" url="cwltest:conformance_tests#59">
			<system-out>{
    &quot;output&quot;: 16
}</system-out>
			<system-err>[2022-05-12T15:23:36+0200] [MainThread] [I] [cwltool] Resolved 'tests/wc4-tool.cwl' to 'file:///home/michael/cwl-v1.2/tests/wc4-tool.cwl'
[2022-05-12T15:23:38+0200] [MainThread] [I] [toil.job] Saving graph of 1 jobs, 1 new
[2022-05-12T15:23:38+0200] [MainThread] [I] [toil.job] Processing job 'CWLJob' wc4-tool.cwl kind-CWLJob/instance-egy7_q83 v0
[2022-05-12T15:23:38+0200] [MainThread] [I] [toil] Running Toil version 5.6.0-c34146a6437e4407a61e946e968bcce67a0ebbca on host mrc-tux.
[2022-05-12T15:23:38+0200] [MainThread] [I] [toil.leader] Issued job 'CWLJob' wc4-tool.cwl kind-CWLJob/instance-egy7_q83 v1 with job batch system ID: 0 and cores: 1, disk: 3.0 Gi, and memory: 2.0 Gi
[2022-05-12T15:23:38+0200] [MainThread] [I] [toil.worker] Redirecting logging to /tmp/5255b54851ce599b9cc3d4f68f80feeb/b9cf/worker_log.txt
[2022-05-12T15:23:39+0200] [MainThread] [I] [toil.leader] 0 jobs are running, 0 jobs are issued and waiting to run
[2022-05-12T15:23:40+0200] [MainThread] [I] [toil.leader] Finished toil run successfully.
[2022-05-12T15:23:40+0200] [MainThread] [I] [toil.common] Successfully deleted the job store: FileJobStore(/tmp/tmpnja2lmp4)
</system-err>
		</testcase>
		<testcase name="Test SchemaDefRequirement definition used in tool parameter" time="4.206258" class="schema_def, command_line_tool" file="schemadef_req_tool_param" url="cwltest:conformance_tests#60">
			<system-out>{
    &quot;output&quot;: {
        &quot;location&quot;: &quot;file:///tmp/tmpg6vb1bjk/output.txt&quot;,
        &quot;basename&quot;: &quot;output.txt&quot;,
        &quot;nameroot&quot;: &quot;output&quot;,
        &quot;nameext&quot;: &quot;.txt&quot;,
        &quot;class&quot;: &quot;File&quot;,
        &quot;checksum&quot;: &quot;sha1$f12e6cfe70f3253f70b0dbde17c692e7fb0f1e5e&quot;,
        &quot;size&quot;: 12
    }
}</system-out>
			<system-err>[2022-05-12T15:23:38+0200] [MainThread] [I] [cwltool] Resolved 'tests/schemadef-tool.cwl' to 'file:///home/michael/cwl-v1.2/tests/schemadef-tool.cwl'
[2022-05-12T15:23:39+0200] [MainThread] [I] [toil.job] Saving graph of 1 jobs, 1 new
[2022-05-12T15:23:39+0200] [MainThread] [I] [toil.job] Processing job 'CWLJob' schemadef-tool.cwl kind-CWLJob/instance-rrf6qlh0 v0
[2022-05-12T15:23:39+0200] [MainThread] [I] [toil] Running Toil version 5.6.0-c34146a6437e4407a61e946e968bcce67a0ebbca on host mrc-tux.
[2022-05-12T15:23:39+0200] [MainThread] [I] [toil.leader] Issued job 'CWLJob' schemadef-tool.cwl kind-CWLJob/instance-rrf6qlh0 v1 with job batch system ID: 0 and cores: 1, disk: 3.0 Gi, and memory: 2.0 Gi
[2022-05-12T15:23:40+0200] [MainThread] [I] [toil.worker] Redirecting logging to /tmp/09f2fede75135f29b13770e866b9a511/39dc/worker_log.txt
[2022-05-12T15:23:40+0200] [MainThread] [I] [toil.leader] 0 jobs are running, 0 jobs are issued and waiting to run
[2022-05-12T15:23:41+0200] [MainThread] [I] [toil.leader] Finished toil run successfully.
[2022-05-12T15:23:41+0200] [MainThread] [I] [toil.common] Successfully deleted the job store: FileJobStore(/tmp/tmp2f6itozs)
</system-err>
		</testcase>
		<testcase name="Test SchemaDefRequirement definition used in workflow parameter" time="6.912920" class="schema_def, workflow" file="schemadef_req_wf_param" url="cwltest:conformance_tests#61">
			<system-out>{
    &quot;output&quot;: {
        &quot;location&quot;: &quot;file:///tmp/tmpmtkmb4_s/output.txt&quot;,
        &quot;basename&quot;: &quot;output.txt&quot;,
        &quot;nameroot&quot;: &quot;output&quot;,
        &quot;nameext&quot;: &quot;.txt&quot;,
        &quot;class&quot;: &quot;File&quot;,
        &quot;checksum&quot;: &quot;sha1$f12e6cfe70f3253f70b0dbde17c692e7fb0f1e5e&quot;,
        &quot;size&quot;: 12
    }
}</system-out>
			<system-err>[2022-05-12T15:23:39+0200] [MainThread] [I] [cwltool] Resolved 'tests/schemadef-wf.cwl' to 'file:///home/michael/cwl-v1.2/tests/schemadef-wf.cwl'
[2022-05-12T15:23:42+0200] [MainThread] [I] [toil.job] Saving graph of 2 jobs, 2 new
[2022-05-12T15:23:42+0200] [MainThread] [I] [toil.job] Processing job 'ResolveIndirect' kind-ResolveIndirect/instance-3a3ywc8r v0
[2022-05-12T15:23:42+0200] [MainThread] [I] [toil.job] Processing job 'CWLWorkflow' kind-CWLWorkflow/instance-o2x7ukv7 v0
[2022-05-12T15:23:42+0200] [MainThread] [I] [toil] Running Toil version 5.6.0-c34146a6437e4407a61e946e968bcce67a0ebbca on host mrc-tux.
[2022-05-12T15:23:42+0200] [MainThread] [I] [toil.worker] Redirecting logging to /tmp/5e4255f1e3e75b928a5243e8db186a89/953f/worker_log.txt
[2022-05-12T15:23:42+0200] [MainThread] [I] [toil.leader] 0 jobs are running, 0 jobs are issued and waiting to run
[2022-05-12T15:23:42+0200] [MainThread] [I] [toil.leader] Issued job 'CWLJob' schemadef-wf.cwl.step1.schemadef-tool.cwl kind-CWLJob/instance-ql09vgjm v1 with job batch system ID: 1 and cores: 1, disk: 3.0 Gi, and memory: 2.0 Gi
[2022-05-12T15:23:43+0200] [MainThread] [I] [toil.worker] Redirecting logging to /tmp/5e4255f1e3e75b928a5243e8db186a89/ea7c/worker_log.txt
[2022-05-12T15:23:43+0200] [MainThread] [I] [toil.worker] Redirecting logging to /tmp/5e4255f1e3e75b928a5243e8db186a89/c417/worker_log.txt
[2022-05-12T15:23:44+0200] [MainThread] [I] [toil.worker] Redirecting logging to /tmp/5e4255f1e3e75b928a5243e8db186a89/a211/worker_log.txt
[2022-05-12T15:23:46+0200] [MainThread] [I] [toil.leader] Finished toil run successfully.
[2022-05-12T15:23:46+0200] [MainThread] [I] [toil.common] Successfully deleted the job store: FileJobStore(/tmp/tmp427_un4b)
</system-err>
		</testcase>
		<testcase name="Test parameter evaluation, no support for JS expressions" time="4.362763" class="required, command_line_tool" file="param_evaluation_noexpr" url="cwltest:conformance_tests#62">
			<system-out>{
    &quot;t1&quot;: {
        &quot;bar&quot;: {
            &quot;baz&quot;: &quot;zab1&quot;,
            &quot;b az&quot;: 2,
            &quot;b'az&quot;: true,
            &quot;b\&quot;az&quot;: null,
            &quot;buz&quot;: [
                &quot;a&quot;,
                &quot;b&quot;,
                &quot;c&quot;
            ]
        }
    },
    &quot;t2&quot;: {
        &quot;baz&quot;: &quot;zab1&quot;,
        &quot;b az&quot;: 2,
        &quot;b'az&quot;: true,
        &quot;b\&quot;az&quot;: null,
        &quot;buz&quot;: [
            &quot;a&quot;,
            &quot;b&quot;,
            &quot;c&quot;
        ]
    },
    &quot;t3&quot;: {
        &quot;baz&quot;: &quot;zab1&quot;,
        &quot;b az&quot;: 2,
        &quot;b'az&quot;: true,
        &quot;b\&quot;az&quot;: null,
        &quot;buz&quot;: [
            &quot;a&quot;,
            &quot;b&quot;,
            &quot;c&quot;
        ]
    },
    &quot;t4&quot;: {
        &quot;baz&quot;: &quot;zab1&quot;,
        &quot;b az&quot;: 2,
        &quot;b'az&quot;: true,
        &quot;b\&quot;az&quot;: null,
        &quot;buz&quot;: [
            &quot;a&quot;,
            &quot;b&quot;,
            &quot;c&quot;
        ]
    },
    &quot;t5&quot;: &quot;zab1&quot;,
    &quot;t6&quot;: &quot;zab1&quot;,
    &quot;t7&quot;: &quot;zab1&quot;,
    &quot;t8&quot;: &quot;zab1&quot;,
    &quot;t9&quot;: 2,
    &quot;t10&quot;: true,
    &quot;t11&quot;: true,
    &quot;t12&quot;: null,
    &quot;t13&quot;: &quot;-zab1&quot;,
    &quot;t14&quot;: &quot;-zab1&quot;,
    &quot;t15&quot;: &quot;-zab1&quot;,
    &quot;t16&quot;: &quot;-zab1&quot;,
    &quot;t17&quot;: &quot;zab1 zab1&quot;,
    &quot;t18&quot;: &quot;zab1 zab1&quot;,
    &quot;t19&quot;: &quot;zab1 zab1&quot;,
    &quot;t20&quot;: &quot;zab1 zab1&quot;,
    &quot;t21&quot;: &quot;2 2&quot;,
    &quot;t22&quot;: &quot;true true&quot;,
    &quot;t23&quot;: &quot;true true&quot;,
    &quot;t24&quot;: &quot;null null&quot;,
    &quot;t25&quot;: &quot;b&quot;,
    &quot;t26&quot;: &quot;b b&quot;,
    &quot;t27&quot;: null,
    &quot;t28&quot;: 3
}</system-out>
			<system-err>[2022-05-12T15:23:40+0200] [MainThread] [I] [cwltool] Resolved 'tests/params.cwl' to 'file:///home/michael/cwl-v1.2/tests/params.cwl'
[2022-05-12T15:23:42+0200] [MainThread] [I] [toil.job] Saving graph of 1 jobs, 1 new
[2022-05-12T15:23:42+0200] [MainThread] [I] [toil.job] Processing job 'CWLJob' params.cwl kind-CWLJob/instance-11q7uuhf v0
[2022-05-12T15:23:42+0200] [MainThread] [I] [toil] Running Toil version 5.6.0-c34146a6437e4407a61e946e968bcce67a0ebbca on host mrc-tux.
[2022-05-12T15:23:42+0200] [MainThread] [I] [toil.leader] Issued job 'CWLJob' params.cwl kind-CWLJob/instance-11q7uuhf v1 with job batch system ID: 0 and cores: 1, disk: 3.0 Gi, and memory: 2.0 Gi
[2022-05-12T15:23:43+0200] [MainThread] [I] [toil.worker] Redirecting logging to /tmp/8679d801e85b50e6ae1e208a4816098f/ace4/worker_log.txt
[2022-05-12T15:23:43+0200] [MainThread] [I] [toil.leader] 0 jobs are running, 0 jobs are issued and waiting to run
[2022-05-12T15:23:44+0200] [MainThread] [I] [toil.leader] Finished toil run successfully.
[2022-05-12T15:23:44+0200] [MainThread] [I] [toil.common] Successfully deleted the job store: FileJobStore(/tmp/tmpcl1odnk_)
</system-err>
		</testcase>
		<testcase name="Test parameter evaluation, with support for JS expressions" time="4.776125" class="inline_javascript, command_line_tool" file="param_evaluation_expr" url="cwltest:conformance_tests#63">
			<system-out>{
    &quot;t1&quot;: {
        &quot;bar&quot;: {
            &quot;baz&quot;: &quot;zab1&quot;,
            &quot;b az&quot;: 2,
            &quot;b'az&quot;: true,
            &quot;b\&quot;az&quot;: null,
            &quot;buz&quot;: [
                &quot;a&quot;,
                &quot;b&quot;,
                &quot;c&quot;
            ]
        }
    },
    &quot;t2&quot;: {
        &quot;baz&quot;: &quot;zab1&quot;,
        &quot;b az&quot;: 2,
        &quot;b'az&quot;: true,
        &quot;b\&quot;az&quot;: null,
        &quot;buz&quot;: [
            &quot;a&quot;,
            &quot;b&quot;,
            &quot;c&quot;
        ]
    },
    &quot;t3&quot;: {
        &quot;baz&quot;: &quot;zab1&quot;,
        &quot;b az&quot;: 2,
        &quot;b'az&quot;: true,
        &quot;b\&quot;az&quot;: null,
        &quot;buz&quot;: [
            &quot;a&quot;,
            &quot;b&quot;,
            &quot;c&quot;
        ]
    },
    &quot;t4&quot;: {
        &quot;baz&quot;: &quot;zab1&quot;,
        &quot;b az&quot;: 2,
        &quot;b'az&quot;: true,
        &quot;b\&quot;az&quot;: null,
        &quot;buz&quot;: [
            &quot;a&quot;,
            &quot;b&quot;,
            &quot;c&quot;
        ]
    },
    &quot;t5&quot;: &quot;zab1&quot;,
    &quot;t6&quot;: &quot;zab1&quot;,
    &quot;t7&quot;: &quot;zab1&quot;,
    &quot;t8&quot;: &quot;zab1&quot;,
    &quot;t9&quot;: 2,
    &quot;t10&quot;: true,
    &quot;t11&quot;: true,
    &quot;t12&quot;: null,
    &quot;t13&quot;: &quot;-zab1&quot;,
    &quot;t14&quot;: &quot;-zab1&quot;,
    &quot;t15&quot;: &quot;-zab1&quot;,
    &quot;t16&quot;: &quot;-zab1&quot;,
    &quot;t17&quot;: &quot;zab1 zab1&quot;,
    &quot;t18&quot;: &quot;zab1 zab1&quot;,
    &quot;t19&quot;: &quot;zab1 zab1&quot;,
    &quot;t20&quot;: &quot;zab1 zab1&quot;,
    &quot;t21&quot;: &quot;2 2&quot;,
    &quot;t22&quot;: &quot;true true&quot;,
    &quot;t23&quot;: &quot;true true&quot;,
    &quot;t24&quot;: &quot;null null&quot;,
    &quot;t25&quot;: &quot;b&quot;,
    &quot;t26&quot;: &quot;b b&quot;,
    &quot;t27&quot;: null,
    &quot;t28&quot;: 3
}</system-out>
			<system-err>[2022-05-12T15:23:41+0200] [MainThread] [I] [cwltool] Resolved 'tests/params2.cwl' to 'file:///home/michael/cwl-v1.2/tests/params2.cwl'
[2022-05-12T15:23:43+0200] [MainThread] [I] [toil.job] Saving graph of 1 jobs, 1 new
[2022-05-12T15:23:43+0200] [MainThread] [I] [toil.job] Processing job 'CWLJob' params2.cwl kind-CWLJob/instance-biy7rvx7 v0
[2022-05-12T15:23:44+0200] [MainThread] [I] [toil] Running Toil version 5.6.0-c34146a6437e4407a61e946e968bcce67a0ebbca on host mrc-tux.
[2022-05-12T15:23:44+0200] [MainThread] [I] [toil.leader] Issued job 'CWLJob' params2.cwl kind-CWLJob/instance-biy7rvx7 v1 with job batch system ID: 0 and cores: 1, disk: 3.0 Gi, and memory: 2.0 Gi
[2022-05-12T15:23:44+0200] [MainThread] [I] [toil.worker] Redirecting logging to /tmp/62147f926f1a5320a99cc274e1182a2e/9cb5/worker_log.txt
[2022-05-12T15:23:44+0200] [MainThread] [I] [toil.leader] 0 jobs are running, 0 jobs are issued and waiting to run
[2022-05-12T15:23:46+0200] [MainThread] [I] [toil.leader] Finished toil run successfully.
[2022-05-12T15:23:46+0200] [MainThread] [I] [toil.common] Successfully deleted the job store: FileJobStore(/tmp/tmp9ckngx6o)
</system-err>
		</testcase>
		<testcase name="Test metadata" time="5.495659" class="required, command_line_tool" file="metadata" url="cwltest:conformance_tests#64">
			<system-out>{}</system-out>
			<system-err>[2022-05-12T15:23:42+0200] [MainThread] [I] [cwltool] Resolved 'tests/metadata.cwl' to 'file:///home/michael/cwl-v1.2/tests/metadata.cwl'
[2022-05-12T15:23:44+0200] [MainThread] [I] [toil.job] Saving graph of 1 jobs, 1 new
[2022-05-12T15:23:44+0200] [MainThread] [I] [toil.job] Processing job 'CWLJob' metadata.cwl kind-CWLJob/instance-erokixrb v0
[2022-05-12T15:23:44+0200] [MainThread] [I] [toil] Running Toil version 5.6.0-c34146a6437e4407a61e946e968bcce67a0ebbca on host mrc-tux.
[2022-05-12T15:23:44+0200] [MainThread] [I] [toil.leader] Issued job 'CWLJob' metadata.cwl kind-CWLJob/instance-erokixrb v1 with job batch system ID: 0 and cores: 1, disk: 3.0 Gi, and memory: 2.0 Gi
[2022-05-12T15:23:44+0200] [MainThread] [I] [toil.worker] Redirecting logging to /tmp/fadb48bb540b5759a2c68ebc9b6813e2/81eb/worker_log.txt
[2022-05-12T15:23:46+0200] [MainThread] [I] [toil.leader] 0 jobs are running, 0 jobs are issued and waiting to run
[2022-05-12T15:23:47+0200] [MainThread] [I] [toil.leader] Finished toil run successfully.
[2022-05-12T15:23:47+0200] [MainThread] [I] [toil.common] Successfully deleted the job store: FileJobStore(/tmp/tmpmt4o0_6a)
</system-err>
		</testcase>
		<testcase name="Test simple format checking." time="4.088372" class="required, command_line_tool" file="format_checking" url="cwltest:conformance_tests#65">
			<system-out>{
    &quot;output&quot;: {
        &quot;location&quot;: &quot;file:///tmp/tmp56y3d76o/output.txt&quot;,
        &quot;basename&quot;: &quot;output.txt&quot;,
        &quot;nameroot&quot;: &quot;output&quot;,
        &quot;nameext&quot;: &quot;.txt&quot;,
        &quot;class&quot;: &quot;File&quot;,
        &quot;checksum&quot;: &quot;sha1$97fe1b50b4582cebc7d853796ebd62e3e163aa3f&quot;,
        &quot;size&quot;: 1111,
        &quot;format&quot;: &quot;http://edamontology.org/format_2330&quot;
    }
}</system-out>
			<system-err>[2022-05-12T15:23:45+0200] [MainThread] [I] [cwltool] Resolved 'tests/formattest.cwl' to 'file:///home/michael/cwl-v1.2/tests/formattest.cwl'
[2022-05-12T15:23:46+0200] [MainThread] [I] [toil.job] Saving graph of 1 jobs, 1 new
[2022-05-12T15:23:46+0200] [MainThread] [I] [toil.job] Processing job 'CWLJob' formattest.cwl kind-CWLJob/instance-6mypuyqr v0
[2022-05-12T15:23:46+0200] [MainThread] [I] [toil] Running Toil version 5.6.0-c34146a6437e4407a61e946e968bcce67a0ebbca on host mrc-tux.
[2022-05-12T15:23:46+0200] [MainThread] [I] [toil.leader] Issued job 'CWLJob' formattest.cwl kind-CWLJob/instance-6mypuyqr v1 with job batch system ID: 0 and cores: 1, disk: 3.0 Gi, and memory: 2.0 Gi
[2022-05-12T15:23:47+0200] [MainThread] [I] [toil.worker] Redirecting logging to /tmp/d86261082ba35a12b4a4ee4467ee8312/1a08/worker_log.txt
[2022-05-12T15:23:47+0200] [MainThread] [I] [toil.leader] 0 jobs are running, 0 jobs are issued and waiting to run
[2022-05-12T15:23:48+0200] [MainThread] [I] [toil.leader] Finished toil run successfully.
[2022-05-12T15:23:48+0200] [MainThread] [I] [toil.common] Successfully deleted the job store: FileJobStore(/tmp/tmpiv89bnt5)
</system-err>
		</testcase>
		<testcase name="Test format checking against ontology using subclassOf." time="10.934770" class="required, command_line_tool" file="format_checking_subclass" url="cwltest:conformance_tests#66">
			<system-out>{
    &quot;output&quot;: {
        &quot;location&quot;: &quot;file:///tmp/tmp7d_1so1f/output.txt&quot;,
        &quot;basename&quot;: &quot;output.txt&quot;,
        &quot;nameroot&quot;: &quot;output&quot;,
        &quot;nameext&quot;: &quot;.txt&quot;,
        &quot;class&quot;: &quot;File&quot;,
        &quot;checksum&quot;: &quot;sha1$971d88faeda85a796752ecf752b7e2e34f1337ce&quot;,
        &quot;size&quot;: 12010,
        &quot;format&quot;: &quot;http://edamontology.org/format_1929&quot;
    }
}</system-out>
			<system-err>[2022-05-12T15:23:46+0200] [MainThread] [I] [cwltool] Resolved 'tests/formattest2.cwl' to 'file:///home/michael/cwl-v1.2/tests/formattest2.cwl'
[2022-05-12T15:23:51+0200] [MainThread] [I] [toil.job] Saving graph of 1 jobs, 1 new
[2022-05-12T15:23:51+0200] [MainThread] [I] [toil.job] Processing job 'CWLJob' formattest2.cwl kind-CWLJob/instance-zmiv6tzr v0
[2022-05-12T15:23:52+0200] [MainThread] [I] [toil] Running Toil version 5.6.0-c34146a6437e4407a61e946e968bcce67a0ebbca on host mrc-tux.
[2022-05-12T15:23:52+0200] [MainThread] [I] [toil.leader] Issued job 'CWLJob' formattest2.cwl kind-CWLJob/instance-zmiv6tzr v1 with job batch system ID: 0 and cores: 1, disk: 3.0 Gi, and memory: 2.0 Gi
[2022-05-12T15:23:52+0200] [MainThread] [I] [toil.worker] Redirecting logging to /tmp/2f98f541294c5af88cc801cb07dadbcd/d6c0/worker_log.txt
[2022-05-12T15:23:54+0200] [MainThread] [I] [toil.leader] 1 jobs are running, 0 jobs are issued and waiting to run
[2022-05-12T15:23:56+0200] [MainThread] [I] [toil.leader] Finished toil run successfully.
[2022-05-12T15:23:56+0200] [MainThread] [I] [toil.common] Successfully deleted the job store: FileJobStore(/tmp/tmpfeapqdxs)
</system-err>
		</testcase>
		<testcase name="Test format checking against ontology using equivalentClass." time="11.370510" class="required, command_line_tool" file="format_checking_equivalentclass" url="cwltest:conformance_tests#67">
			<system-out>{
    &quot;output&quot;: {
        &quot;location&quot;: &quot;file:///tmp/tmpatzb0ek3/output.txt&quot;,
        &quot;basename&quot;: &quot;output.txt&quot;,
        &quot;nameroot&quot;: &quot;output&quot;,
        &quot;nameext&quot;: &quot;.txt&quot;,
        &quot;class&quot;: &quot;File&quot;,
        &quot;checksum&quot;: &quot;sha1$971d88faeda85a796752ecf752b7e2e34f1337ce&quot;,
        &quot;size&quot;: 12010,
        &quot;format&quot;: &quot;http://edamontology.org/format_1929&quot;
    }
}</system-out>
			<system-err>[2022-05-12T15:23:46+0200] [MainThread] [I] [cwltool] Resolved 'tests/formattest3.cwl' to 'file:///home/michael/cwl-v1.2/tests/formattest3.cwl'
[2022-05-12T15:23:52+0200] [MainThread] [I] [toil.job] Saving graph of 1 jobs, 1 new
[2022-05-12T15:23:52+0200] [MainThread] [I] [toil.job] Processing job 'CWLJob' formattest3.cwl kind-CWLJob/instance-_odnzvoc v0
[2022-05-12T15:23:52+0200] [MainThread] [I] [toil] Running Toil version 5.6.0-c34146a6437e4407a61e946e968bcce67a0ebbca on host mrc-tux.
[2022-05-12T15:23:52+0200] [MainThread] [I] [toil.leader] Issued job 'CWLJob' formattest3.cwl kind-CWLJob/instance-_odnzvoc v1 with job batch system ID: 0 and cores: 1, disk: 3.0 Gi, and memory: 2.0 Gi
[2022-05-12T15:23:53+0200] [MainThread] [I] [toil.worker] Redirecting logging to /tmp/f1896e677af05d648c26ec14fad0ec6a/4a70/worker_log.txt
[2022-05-12T15:23:54+0200] [MainThread] [I] [toil.leader] 1 jobs are running, 0 jobs are issued and waiting to run
[2022-05-12T15:23:56+0200] [MainThread] [I] [toil.leader] Finished toil run successfully.
[2022-05-12T15:23:56+0200] [MainThread] [I] [toil.common] Successfully deleted the job store: FileJobStore(/tmp/tmpyihokwc3)
</system-err>
		</testcase>
		<testcase name="Test optional output file and optional secondaryFile on output." time="5.305850" class="docker, command_line_tool" file="output_secondaryfile_optional" url="cwltest:conformance_tests#68">
			<system-out>{
    &quot;optional_file&quot;: null,
    &quot;output_file&quot;: {
        &quot;location&quot;: &quot;file:///tmp/tmp58u3yqe_/output.txt&quot;,
        &quot;basename&quot;: &quot;output.txt&quot;,
        &quot;nameroot&quot;: &quot;output&quot;,
        &quot;nameext&quot;: &quot;.txt&quot;,
        &quot;class&quot;: &quot;File&quot;,
        &quot;checksum&quot;: &quot;sha1$47a013e660d408619d894b20806b1d5086aab03b&quot;,
        &quot;size&quot;: 13,
        &quot;secondaryFiles&quot;: []
    }
}</system-out>
			<system-err>[2022-05-12T15:23:48+0200] [MainThread] [I] [cwltool] Resolved 'tests/optional-output.cwl' to 'file:///home/michael/cwl-v1.2/tests/optional-output.cwl'
[2022-05-12T15:23:49+0200] [MainThread] [I] [toil.job] Saving graph of 1 jobs, 1 new
[2022-05-12T15:23:49+0200] [MainThread] [I] [toil.job] Processing job 'CWLJob' optional-output.cwl kind-CWLJob/instance-fqs_zddm v0
[2022-05-12T15:23:49+0200] [MainThread] [I] [toil] Running Toil version 5.6.0-c34146a6437e4407a61e946e968bcce67a0ebbca on host mrc-tux.
[2022-05-12T15:23:49+0200] [MainThread] [I] [toil.leader] Issued job 'CWLJob' optional-output.cwl kind-CWLJob/instance-fqs_zddm v1 with job batch system ID: 0 and cores: 1, disk: 3.0 Gi, and memory: 2.0 Gi
[2022-05-12T15:23:50+0200] [MainThread] [I] [toil.worker] Redirecting logging to /tmp/4143e356c5735791a06d4c9dbdd11f17/8328/worker_log.txt
[2022-05-12T15:23:51+0200] [MainThread] [I] [toil.leader] 0 jobs are running, 0 jobs are issued and waiting to run
[2022-05-12T15:23:52+0200] [MainThread] [I] [toil.leader] Finished toil run successfully.
[2022-05-12T15:23:52+0200] [MainThread] [I] [toil.common] Successfully deleted the job store: FileJobStore(/tmp/tmpri3iuza7)
</system-err>
		</testcase>
		<testcase name="Test that valueFrom is ignored when the parameter is null" time="4.940770" class="inline_javascript, command_line_tool" file="valuefrom_ignored_null" url="cwltest:conformance_tests#69">
			<system-out>{
    &quot;out&quot;: &quot;\n&quot;
}</system-out>
			<system-err>[2022-05-12T15:23:49+0200] [MainThread] [I] [cwltool] Resolved 'tests/vf-concat.cwl' to 'file:///home/michael/cwl-v1.2/tests/vf-concat.cwl'
[2022-05-12T15:23:51+0200] [MainThread] [I] [toil.job] Saving graph of 1 jobs, 1 new
[2022-05-12T15:23:51+0200] [MainThread] [I] [toil.job] Processing job 'CWLJob' vf-concat.cwl kind-CWLJob/instance-cw_24tsq v0
[2022-05-12T15:23:51+0200] [MainThread] [I] [toil] Running Toil version 5.6.0-c34146a6437e4407a61e946e968bcce67a0ebbca on host mrc-tux.
[2022-05-12T15:23:51+0200] [MainThread] [I] [toil.leader] Issued job 'CWLJob' vf-concat.cwl kind-CWLJob/instance-cw_24tsq v1 with job batch system ID: 0 and cores: 1, disk: 3.0 Gi, and memory: 2.0 Gi
[2022-05-12T15:23:52+0200] [MainThread] [I] [toil.worker] Redirecting logging to /tmp/5ced828616d852459adfbb755e1350c0/1556/worker_log.txt
[2022-05-12T15:23:52+0200] [MainThread] [I] [toil.leader] 0 jobs are running, 0 jobs are issued and waiting to run
[2022-05-12T15:23:53+0200] [MainThread] [I] [toil.leader] Finished toil run successfully.
[2022-05-12T15:23:53+0200] [MainThread] [I] [toil.common] Successfully deleted the job store: FileJobStore(/tmp/tmptureyx3i)
</system-err>
		</testcase>
		<testcase name="Test that second expression in concatenated valueFrom is not ignored" time="6.275126" class="inline_javascript, command_line_tool" file="valuefrom_secondexpr_ignored" url="cwltest:conformance_tests#70">
			<system-out>{
    &quot;out&quot;: &quot;a string\n&quot;
}</system-out>
			<system-err>[2022-05-12T15:23:53+0200] [MainThread] [I] [cwltool] Resolved 'tests/vf-concat.cwl' to 'file:///home/michael/cwl-v1.2/tests/vf-concat.cwl'
[2022-05-12T15:23:56+0200] [MainThread] [I] [toil.job] Saving graph of 1 jobs, 1 new
[2022-05-12T15:23:56+0200] [MainThread] [I] [toil.job] Processing job 'CWLJob' vf-concat.cwl kind-CWLJob/instance-k37ehflp v0
[2022-05-12T15:23:56+0200] [MainThread] [I] [toil] Running Toil version 5.6.0-c34146a6437e4407a61e946e968bcce67a0ebbca on host mrc-tux.
[2022-05-12T15:23:56+0200] [MainThread] [I] [toil.leader] Issued job 'CWLJob' vf-concat.cwl kind-CWLJob/instance-k37ehflp v1 with job batch system ID: 0 and cores: 1, disk: 3.0 Gi, and memory: 2.0 Gi
[2022-05-12T15:23:56+0200] [MainThread] [I] [toil.worker] Redirecting logging to /tmp/2e293a106c1051ab8bd225038e4c4481/27c2/worker_log.txt
[2022-05-12T15:23:57+0200] [MainThread] [I] [toil.leader] 0 jobs are running, 0 jobs are issued and waiting to run
[2022-05-12T15:23:59+0200] [MainThread] [I] [toil.leader] Finished toil run successfully.
[2022-05-12T15:23:59+0200] [MainThread] [I] [toil.common] Successfully deleted the job store: FileJobStore(/tmp/tmpos3qv79_)
</system-err>
		</testcase>
		<testcase name="Test valueFrom on workflow step." time="10.258527" class="step_input, inline_javascript, workflow" file="valuefrom_wf_step" url="cwltest:conformance_tests#71">
			<system-out>{
    &quot;count_output&quot;: 16
}</system-out>
			<system-err>[2022-05-12T15:23:54+0200] [MainThread] [I] [cwltool] Resolved 'tests/step-valuefrom-wf.cwl' to 'file:///home/michael/cwl-v1.2/tests/step-valuefrom-wf.cwl'
[2022-05-12T15:23:58+0200] [MainThread] [I] [toil.job] Saving graph of 2 jobs, 2 new
[2022-05-12T15:23:58+0200] [MainThread] [I] [toil.job] Processing job 'ResolveIndirect' kind-ResolveIndirect/instance-0vko4jpe v0
[2022-05-12T15:23:58+0200] [MainThread] [I] [toil.job] Processing job 'CWLWorkflow' kind-CWLWorkflow/instance-jr3_k80o v0
[2022-05-12T15:23:58+0200] [MainThread] [I] [toil] Running Toil version 5.6.0-c34146a6437e4407a61e946e968bcce67a0ebbca on host mrc-tux.
[2022-05-12T15:23:59+0200] [MainThread] [I] [toil.worker] Redirecting logging to /tmp/95499de1be9952f9a821cef1176a7dcf/4810/worker_log.txt
[2022-05-12T15:23:59+0200] [MainThread] [I] [toil.leader] 0 jobs are running, 0 jobs are issued and waiting to run
[2022-05-12T15:23:59+0200] [MainThread] [I] [toil.leader] Issued job 'CWLJob' step-valuefrom-wf.cwl.step1.wc-tool.cwl kind-CWLJob/instance-dhg1dxwf v1 with job batch system ID: 1 and cores: 1, disk: 3.0 Gi, and memory: 2.0 Gi
[2022-05-12T15:24:00+0200] [MainThread] [I] [toil.worker] Redirecting logging to /tmp/95499de1be9952f9a821cef1176a7dcf/fd07/worker_log.txt
[2022-05-12T15:24:01+0200] [MainThread] [I] [toil.worker] Redirecting logging to /tmp/95499de1be9952f9a821cef1176a7dcf/f0e5/worker_log.txt
[2022-05-12T15:24:02+0200] [MainThread] [I] [toil.worker] Redirecting logging to /tmp/95499de1be9952f9a821cef1176a7dcf/a266/worker_log.txt
[2022-05-12T15:24:03+0200] [MainThread] [I] [toil.leader] Finished toil run successfully.
[2022-05-12T15:24:03+0200] [MainThread] [I] [toil.common] Successfully deleted the job store: FileJobStore(/tmp/tmpny0ztnbs)
</system-err>
		</testcase>
		<testcase name="Test valueFrom on workflow step with multiple sources" time="8.821342" class="step_input, inline_javascript, multiple_input, workflow" file="valuefrom_wf_step_multiple" url="cwltest:conformance_tests#72">
			<system-out>{
    &quot;val&quot;: &quot;3\n&quot;
}</system-out>
			<system-err>[2022-05-12T15:23:57+0200] [MainThread] [I] [cwltool] Resolved 'tests/step-valuefrom2-wf.cwl' to 'file:///home/michael/cwl-v1.2/tests/step-valuefrom2-wf.cwl'
[2022-05-12T15:24:00+0200] [MainThread] [I] [toil.job] Saving graph of 2 jobs, 2 new
[2022-05-12T15:24:00+0200] [MainThread] [I] [toil.job] Processing job 'ResolveIndirect' kind-ResolveIndirect/instance-s8t99rjf v0
[2022-05-12T15:24:00+0200] [MainThread] [I] [toil.job] Processing job 'CWLWorkflow' kind-CWLWorkflow/instance-8hfufp0a v0
[2022-05-12T15:24:00+0200] [MainThread] [I] [toil] Running Toil version 5.6.0-c34146a6437e4407a61e946e968bcce67a0ebbca on host mrc-tux.
[2022-05-12T15:24:01+0200] [MainThread] [I] [toil.worker] Redirecting logging to /tmp/5bd0df3931465924ba8b0638c0f81107/60b1/worker_log.txt
[2022-05-12T15:24:01+0200] [MainThread] [I] [toil.leader] 0 jobs are running, 0 jobs are issued and waiting to run
[2022-05-12T15:24:01+0200] [MainThread] [I] [toil.leader] Issued job 'CWLJob' step-valuefrom2-wf.cwl.step1.echo kind-CWLJob/instance-lhov32oi v1 with job batch system ID: 1 and cores: 1, disk: 3.0 Gi, and memory: 2.0 Gi
[2022-05-12T15:24:02+0200] [MainThread] [I] [toil.worker] Redirecting logging to /tmp/5bd0df3931465924ba8b0638c0f81107/717b/worker_log.txt
[2022-05-12T15:24:03+0200] [MainThread] [I] [toil.worker] Redirecting logging to /tmp/5bd0df3931465924ba8b0638c0f81107/22cb/worker_log.txt
[2022-05-12T15:24:03+0200] [MainThread] [I] [toil.worker] Redirecting logging to /tmp/5bd0df3931465924ba8b0638c0f81107/d623/worker_log.txt
[2022-05-12T15:24:05+0200] [MainThread] [I] [toil.leader] Finished toil run successfully.
[2022-05-12T15:24:05+0200] [MainThread] [I] [toil.common] Successfully deleted the job store: FileJobStore(/tmp/tmpf71f9q5y)
</system-err>
		</testcase>
		<testcase name="Test valueFrom on workflow step referencing other inputs" time="8.997012" class="step_input, inline_javascript, workflow" file="valuefrom_wf_step_other" url="cwltest:conformance_tests#73">
			<system-out>{
    &quot;val&quot;: &quot;3\n&quot;
}</system-out>
			<system-err>[2022-05-12T15:23:58+0200] [MainThread] [I] [cwltool] Resolved 'tests/step-valuefrom3-wf.cwl' to 'file:///home/michael/cwl-v1.2/tests/step-valuefrom3-wf.cwl'
[2022-05-12T15:24:01+0200] [MainThread] [I] [toil.job] Saving graph of 2 jobs, 2 new
[2022-05-12T15:24:01+0200] [MainThread] [I] [toil.job] Processing job 'ResolveIndirect' kind-ResolveIndirect/instance-a0j7ae3g v0
[2022-05-12T15:24:01+0200] [MainThread] [I] [toil.job] Processing job 'CWLWorkflow' kind-CWLWorkflow/instance-korozkr3 v0
[2022-05-12T15:24:01+0200] [MainThread] [I] [toil] Running Toil version 5.6.0-c34146a6437e4407a61e946e968bcce67a0ebbca on host mrc-tux.
[2022-05-12T15:24:02+0200] [MainThread] [I] [toil.worker] Redirecting logging to /tmp/105693f07edc5190b79dc6924693dee7/1886/worker_log.txt
[2022-05-12T15:24:02+0200] [MainThread] [I] [toil.leader] 0 jobs are running, 0 jobs are issued and waiting to run
[2022-05-12T15:24:02+0200] [MainThread] [I] [toil.leader] Issued job 'CWLJob' step-valuefrom3-wf.cwl.step1.echo kind-CWLJob/instance-3z_qqbgh v1 with job batch system ID: 1 and cores: 1, disk: 3.0 Gi, and memory: 2.0 Gi
[2022-05-12T15:24:02+0200] [MainThread] [I] [toil.worker] Redirecting logging to /tmp/105693f07edc5190b79dc6924693dee7/9b95/worker_log.txt
[2022-05-12T15:24:03+0200] [MainThread] [I] [toil.worker] Redirecting logging to /tmp/105693f07edc5190b79dc6924693dee7/f85c/worker_log.txt
[2022-05-12T15:24:04+0200] [MainThread] [I] [toil.worker] Redirecting logging to /tmp/105693f07edc5190b79dc6924693dee7/7531/worker_log.txt
[2022-05-12T15:24:06+0200] [MainThread] [I] [toil.leader] Finished toil run successfully.
[2022-05-12T15:24:06+0200] [MainThread] [I] [toil.common] Successfully deleted the job store: FileJobStore(/tmp/tmpoy9wr0dh)
</system-err>
		</testcase>
		<testcase name="Test record type output binding." time="5.232161" class="shell_command, command_line_tool" file="record_output_binding" url="cwltest:conformance_tests#74">
			<system-out>{
    &quot;orec&quot;: {
        &quot;ofoo&quot;: {
            &quot;location&quot;: &quot;file:///tmp/tmpn0r90r_3/foo&quot;,
            &quot;basename&quot;: &quot;foo&quot;,
            &quot;nameroot&quot;: &quot;foo&quot;,
            &quot;nameext&quot;: &quot;&quot;,
            &quot;class&quot;: &quot;File&quot;,
            &quot;checksum&quot;: &quot;sha1$327fc7aedf4f6b69a42a7c8b808dc5a7aff61376&quot;,
            &quot;size&quot;: 1111
        },
        &quot;obar&quot;: {
            &quot;location&quot;: &quot;file:///tmp/tmpn0r90r_3/bar&quot;,
            &quot;basename&quot;: &quot;bar&quot;,
            &quot;nameroot&quot;: &quot;bar&quot;,
            &quot;nameext&quot;: &quot;&quot;,
            &quot;class&quot;: &quot;File&quot;,
            &quot;checksum&quot;: &quot;sha1$aeb3d11bdf536511649129f4077d5cda6a324118&quot;,
            &quot;size&quot;: 12010
        }
    }
}</system-out>
			<system-err>[2022-05-12T15:23:59+0200] [MainThread] [I] [cwltool] Resolved 'tests/record-output.cwl' to 'file:///home/michael/cwl-v1.2/tests/record-output.cwl'
[2022-05-12T15:24:02+0200] [MainThread] [I] [toil.job] Saving graph of 1 jobs, 1 new
[2022-05-12T15:24:02+0200] [MainThread] [I] [toil.job] Processing job 'CWLJob' record-output.cwl kind-CWLJob/instance-uplyu8__ v0
[2022-05-12T15:24:02+0200] [MainThread] [I] [toil] Running Toil version 5.6.0-c34146a6437e4407a61e946e968bcce67a0ebbca on host mrc-tux.
[2022-05-12T15:24:02+0200] [MainThread] [I] [toil.leader] Issued job 'CWLJob' record-output.cwl kind-CWLJob/instance-uplyu8__ v1 with job batch system ID: 0 and cores: 1, disk: 3.0 Gi, and memory: 2.0 Gi
[2022-05-12T15:24:02+0200] [MainThread] [I] [toil.worker] Redirecting logging to /tmp/c8263d1f54075191a3a2cb2212a6bbbb/b8bc/worker_log.txt
[2022-05-12T15:24:03+0200] [MainThread] [I] [toil.leader] 0 jobs are running, 0 jobs are issued and waiting to run
[2022-05-12T15:24:04+0200] [MainThread] [I] [toil.leader] Finished toil run successfully.
[2022-05-12T15:24:04+0200] [MainThread] [I] [toil.common] Successfully deleted the job store: FileJobStore(/tmp/tmpbc0zt8my)
</system-err>
		</testcase>
		<testcase name="Test support for reading cwl.output.json when running in a Docker container and just 'path' is provided." time="5.557168" class="shell_command, command_line_tool" file="docker_json_output_path" url="cwltest:conformance_tests#75">
			<system-out>{
    &quot;foo&quot;: {
        &quot;class&quot;: &quot;File&quot;,
        &quot;basename&quot;: &quot;foo&quot;,
        &quot;location&quot;: &quot;file:///tmp/tmpez0865op/foo&quot;,
        &quot;nameroot&quot;: &quot;foo&quot;,
        &quot;nameext&quot;: &quot;&quot;,
        &quot;checksum&quot;: &quot;sha1$f1d2d2f924e986ac86fdf7b36c94bcdf32beec15&quot;,
        &quot;size&quot;: 4
    }
}</system-out>
			<system-err>[2022-05-12T15:24:04+0200] [MainThread] [I] [cwltool] Resolved 'tests/test-cwl-out.cwl' to 'file:///home/michael/cwl-v1.2/tests/test-cwl-out.cwl'
[2022-05-12T15:24:06+0200] [MainThread] [I] [toil.job] Saving graph of 1 jobs, 1 new
[2022-05-12T15:24:06+0200] [MainThread] [I] [toil.job] Processing job 'CWLJob' test-cwl-out.cwl kind-CWLJob/instance-kp6erpbe v0
[2022-05-12T15:24:06+0200] [MainThread] [I] [toil] Running Toil version 5.6.0-c34146a6437e4407a61e946e968bcce67a0ebbca on host mrc-tux.
[2022-05-12T15:24:06+0200] [MainThread] [I] [toil.leader] Issued job 'CWLJob' test-cwl-out.cwl kind-CWLJob/instance-kp6erpbe v1 with job batch system ID: 0 and cores: 1, disk: 3.0 Gi, and memory: 2.0 Gi
[2022-05-12T15:24:06+0200] [MainThread] [I] [toil.worker] Redirecting logging to /tmp/3fc018011f5158c99ff36df4439171ac/378a/worker_log.txt
[2022-05-12T15:24:08+0200] [MainThread] [I] [toil.leader] 0 jobs are running, 0 jobs are issued and waiting to run
[2022-05-12T15:24:09+0200] [MainThread] [I] [toil.leader] Finished toil run successfully.
[2022-05-12T15:24:09+0200] [MainThread] [I] [toil.common] Successfully deleted the job store: FileJobStore(/tmp/tmpfru_l6ml)
</system-err>
		</testcase>
		<testcase name="Test support for reading cwl.output.json when running in a Docker container and just 'location' is provided." time="5.573488" class="shell_command, command_line_tool" file="docker_json_output_location" url="cwltest:conformance_tests#76">
			<system-out>{
    &quot;foo&quot;: {
        &quot;location&quot;: &quot;file:///tmp/tmp9diw820z/foo&quot;,
        &quot;class&quot;: &quot;File&quot;,
        &quot;basename&quot;: &quot;foo&quot;,
        &quot;nameroot&quot;: &quot;foo&quot;,
        &quot;nameext&quot;: &quot;&quot;,
        &quot;checksum&quot;: &quot;sha1$f1d2d2f924e986ac86fdf7b36c94bcdf32beec15&quot;,
        &quot;size&quot;: 4
    }
}</system-out>
			<system-err>[2022-05-12T15:24:04+0200] [MainThread] [I] [cwltool] Resolved 'tests/test-cwl-out2.cwl' to 'file:///home/michael/cwl-v1.2/tests/test-cwl-out2.cwl'
[2022-05-12T15:24:06+0200] [MainThread] [I] [toil.job] Saving graph of 1 jobs, 1 new
[2022-05-12T15:24:06+0200] [MainThread] [I] [toil.job] Processing job 'CWLJob' test-cwl-out2.cwl kind-CWLJob/instance-zmc5u20s v0
[2022-05-12T15:24:06+0200] [MainThread] [I] [toil] Running Toil version 5.6.0-c34146a6437e4407a61e946e968bcce67a0ebbca on host mrc-tux.
[2022-05-12T15:24:06+0200] [MainThread] [I] [toil.leader] Issued job 'CWLJob' test-cwl-out2.cwl kind-CWLJob/instance-zmc5u20s v1 with job batch system ID: 0 and cores: 1, disk: 3.0 Gi, and memory: 2.0 Gi
[2022-05-12T15:24:07+0200] [MainThread] [I] [toil.worker] Redirecting logging to /tmp/eb7874d0866d5fe4a5f9a6c5c5d20cf6/7e6a/worker_log.txt
[2022-05-12T15:24:08+0200] [MainThread] [I] [toil.leader] 0 jobs are running, 0 jobs are issued and waiting to run
[2022-05-12T15:24:09+0200] [MainThread] [I] [toil.leader] Finished toil run successfully.
[2022-05-12T15:24:09+0200] [MainThread] [I] [toil.common] Successfully deleted the job store: FileJobStore(/tmp/tmpwe67zil9)
</system-err>
		</testcase>
		<testcase name="Test support for returning multiple glob patterns from expression" time="4.719869" class="required, command_line_tool" file="multiple_glob_expr_list" url="cwltest:conformance_tests#77">
			<system-out>{
    &quot;files&quot;: [
        {
            &quot;location&quot;: &quot;file:///tmp/tmpfljeqrkp/a&quot;,
            &quot;basename&quot;: &quot;a&quot;,
            &quot;nameroot&quot;: &quot;a&quot;,
            &quot;nameext&quot;: &quot;&quot;,
            &quot;class&quot;: &quot;File&quot;,
            &quot;checksum&quot;: &quot;sha1$da39a3ee5e6b4b0d3255bfef95601890afd80709&quot;,
            &quot;size&quot;: 0
        },
        {
            &quot;location&quot;: &quot;file:///tmp/tmpfljeqrkp/b&quot;,
            &quot;basename&quot;: &quot;b&quot;,
            &quot;nameroot&quot;: &quot;b&quot;,
            &quot;nameext&quot;: &quot;&quot;,
            &quot;class&quot;: &quot;File&quot;,
            &quot;checksum&quot;: &quot;sha1$da39a3ee5e6b4b0d3255bfef95601890afd80709&quot;,
            &quot;size&quot;: 0
        },
        {
            &quot;location&quot;: &quot;file:///tmp/tmpfljeqrkp/c&quot;,
            &quot;basename&quot;: &quot;c&quot;,
            &quot;nameroot&quot;: &quot;c&quot;,
            &quot;nameext&quot;: &quot;&quot;,
            &quot;class&quot;: &quot;File&quot;,
            &quot;checksum&quot;: &quot;sha1$da39a3ee5e6b4b0d3255bfef95601890afd80709&quot;,
            &quot;size&quot;: 0
        }
    ]
}</system-out>
			<system-err>[2022-05-12T15:24:06+0200] [MainThread] [I] [cwltool] Resolved 'tests/glob-expr-list.cwl' to 'file:///home/michael/cwl-v1.2/tests/glob-expr-list.cwl'
[2022-05-12T15:24:08+0200] [MainThread] [I] [toil.job] Saving graph of 1 jobs, 1 new
[2022-05-12T15:24:08+0200] [MainThread] [I] [toil.job] Processing job 'CWLJob' glob-expr-list.cwl kind-CWLJob/instance-7sncczm1 v0
[2022-05-12T15:24:08+0200] [MainThread] [I] [toil] Running Toil version 5.6.0-c34146a6437e4407a61e946e968bcce67a0ebbca on host mrc-tux.
[2022-05-12T15:24:08+0200] [MainThread] [I] [toil.leader] Issued job 'CWLJob' glob-expr-list.cwl kind-CWLJob/instance-7sncczm1 v1 with job batch system ID: 0 and cores: 1, disk: 3.0 Gi, and memory: 2.0 Gi
[2022-05-12T15:24:08+0200] [MainThread] [I] [toil.worker] Redirecting logging to /tmp/96b4b28f9ea75785a7b21ff6edce270d/4e27/worker_log.txt
[2022-05-12T15:24:09+0200] [MainThread] [I] [toil.leader] 0 jobs are running, 0 jobs are issued and waiting to run
[2022-05-12T15:24:10+0200] [MainThread] [I] [toil.leader] Finished toil run successfully.
[2022-05-12T15:24:10+0200] [MainThread] [I] [toil.common] Successfully deleted the job store: FileJobStore(/tmp/tmpkuwcdrl4)
</system-err>
		</testcase>
		<testcase name="Test workflow scatter with single scatter parameter and two valueFrom on step input (first and current el)" time="11.628325" class="scatter, step_input, workflow" file="wf_scatter_oneparam_valuefrom" url="cwltest:conformance_tests#78">
			<system-out>{
    &quot;out&quot;: [
        &quot;foo one one&quot;,
        &quot;foo one two&quot;,
        &quot;foo one three&quot;,
        &quot;foo one four&quot;
    ]
}</system-out>
			<system-err>[2022-05-12T15:24:07+0200] [MainThread] [I] [cwltool] Resolved 'tests/scatter-valuefrom-wf1.cwl' to 'file:///home/michael/cwl-v1.2/tests/scatter-valuefrom-wf1.cwl'
[2022-05-12T15:24:10+0200] [MainThread] [I] [toil.job] Saving graph of 2 jobs, 2 new
[2022-05-12T15:24:10+0200] [MainThread] [I] [toil.job] Processing job 'ResolveIndirect' kind-ResolveIndirect/instance-vg8g5_pv v0
[2022-05-12T15:24:10+0200] [MainThread] [I] [toil.job] Processing job 'CWLWorkflow' kind-CWLWorkflow/instance-_dx4men_ v0
[2022-05-12T15:24:10+0200] [MainThread] [I] [toil] Running Toil version 5.6.0-c34146a6437e4407a61e946e968bcce67a0ebbca on host mrc-tux.
[2022-05-12T15:24:10+0200] [MainThread] [I] [toil.worker] Redirecting logging to /tmp/a1448eb3f9c95edd9ba50b609ef106d2/5b83/worker_log.txt
[2022-05-12T15:24:10+0200] [MainThread] [I] [toil.leader] 0 jobs are running, 0 jobs are issued and waiting to run
[2022-05-12T15:24:11+0200] [MainThread] [I] [toil.worker] Redirecting logging to /tmp/a1448eb3f9c95edd9ba50b609ef106d2/6901/worker_log.txt
[2022-05-12T15:24:11+0200] [MainThread] [I] [toil.leader] Issued job 'CWLJob' scatter-valuefrom-wf1.cwl[1]._:6eafd818-23ef-479c-9154-77303648f4a5 kind-CWLJob/instance-qkdmnzuy v1 with job batch system ID: 2 and cores: 1, disk: 3.0 Gi, and memory: 2.0 Gi
[2022-05-12T15:24:11+0200] [MainThread] [I] [toil.leader] Issued job 'CWLJob' scatter-valuefrom-wf1.cwl[3]._:6eafd818-23ef-479c-9154-77303648f4a5 kind-CWLJob/instance-l6mz8eyt v1 with job batch system ID: 3 and cores: 1, disk: 3.0 Gi, and memory: 2.0 Gi
[2022-05-12T15:24:11+0200] [MainThread] [I] [toil.leader] Issued job 'CWLJob' scatter-valuefrom-wf1.cwl[2]._:6eafd818-23ef-479c-9154-77303648f4a5 kind-CWLJob/instance-5od9ipar v1 with job batch system ID: 4 and cores: 1, disk: 3.0 Gi, and memory: 2.0 Gi
[2022-05-12T15:24:11+0200] [MainThread] [I] [toil.leader] Issued job 'CWLJob' scatter-valuefrom-wf1.cwl[0]._:6eafd818-23ef-479c-9154-77303648f4a5 kind-CWLJob/instance-lecki1gz v1 with job batch system ID: 5 and cores: 1, disk: 3.0 Gi, and memory: 2.0 Gi
[2022-05-12T15:24:12+0200] [MainThread] [I] [toil.worker] Redirecting logging to /tmp/a1448eb3f9c95edd9ba50b609ef106d2/31c5/worker_log.txt
[2022-05-12T15:24:12+0200] [MainThread] [I] [toil.worker] Redirecting logging to /tmp/a1448eb3f9c95edd9ba50b609ef106d2/6125/worker_log.txt
[2022-05-12T15:24:12+0200] [MainThread] [I] [toil.worker] Redirecting logging to /tmp/a1448eb3f9c95edd9ba50b609ef106d2/8efb/worker_log.txt
[2022-05-12T15:24:12+0200] [MainThread] [I] [toil.worker] Redirecting logging to /tmp/a1448eb3f9c95edd9ba50b609ef106d2/322a/worker_log.txt
[2022-05-12T15:24:13+0200] [MainThread] [I] [toil.worker] Redirecting logging to /tmp/a1448eb3f9c95edd9ba50b609ef106d2/30f8/worker_log.txt
[2022-05-12T15:24:13+0200] [MainThread] [I] [toil.worker] Redirecting logging to /tmp/a1448eb3f9c95edd9ba50b609ef106d2/979e/worker_log.txt
[2022-05-12T15:24:14+0200] [MainThread] [I] [toil.worker] Redirecting logging to /tmp/a1448eb3f9c95edd9ba50b609ef106d2/4acb/worker_log.txt
[2022-05-12T15:24:15+0200] [MainThread] [I] [toil.worker] Redirecting logging to /tmp/a1448eb3f9c95edd9ba50b609ef106d2/a0a7/worker_log.txt
[2022-05-12T15:24:18+0200] [MainThread] [I] [toil.leader] Finished toil run successfully.
[2022-05-12T15:24:18+0200] [MainThread] [I] [toil.common] Successfully deleted the job store: FileJobStore(/tmp/tmpl6a5ik3l)
</system-err>
		</testcase>
		<testcase name="Test workflow scatter with two scatter parameters and nested_crossproduct join method and valueFrom on step input" time="12.128688" class="scatter, step_input, workflow" file="wf_scatter_twoparam_nested_crossproduct_valuefrom" url="cwltest:conformance_tests#79">
			<system-out>{
    &quot;out&quot;: [
        [
            &quot;foo one one three&quot;,
            &quot;foo one one four&quot;
        ],
        [
            &quot;foo one two three&quot;,
            &quot;foo one two four&quot;
        ]
    ]
}</system-out>
			<system-err>[2022-05-12T15:24:10+0200] [MainThread] [I] [cwltool] Resolved 'tests/scatter-valuefrom-wf2.cwl' to 'file:///home/michael/cwl-v1.2/tests/scatter-valuefrom-wf2.cwl'
[2022-05-12T15:24:13+0200] [MainThread] [I] [toil.job] Saving graph of 2 jobs, 2 new
[2022-05-12T15:24:13+0200] [MainThread] [I] [toil.job] Processing job 'ResolveIndirect' kind-ResolveIndirect/instance-3drrm3nq v0
[2022-05-12T15:24:13+0200] [MainThread] [I] [toil.job] Processing job 'CWLWorkflow' kind-CWLWorkflow/instance-ilyr4pny v0
[2022-05-12T15:24:13+0200] [MainThread] [I] [toil] Running Toil version 5.6.0-c34146a6437e4407a61e946e968bcce67a0ebbca on host mrc-tux.
[2022-05-12T15:24:14+0200] [MainThread] [I] [toil.worker] Redirecting logging to /tmp/9d13a0caa19b595bab7f8804e3440dcc/2146/worker_log.txt
[2022-05-12T15:24:14+0200] [MainThread] [I] [toil.leader] 0 jobs are running, 0 jobs are issued and waiting to run
[2022-05-12T15:24:14+0200] [MainThread] [I] [toil.worker] Redirecting logging to /tmp/9d13a0caa19b595bab7f8804e3440dcc/621a/worker_log.txt
[2022-05-12T15:24:15+0200] [MainThread] [I] [toil.leader] Issued job 'CWLJob' scatter-valuefrom-wf2.cwl[0].step1command kind-CWLJob/instance-nf2p45wj v1 with job batch system ID: 2 and cores: 1, disk: 3.0 Gi, and memory: 2.0 Gi
[2022-05-12T15:24:15+0200] [MainThread] [I] [toil.leader] Issued job 'CWLJob' scatter-valuefrom-wf2.cwl[0].step1command kind-CWLJob/instance-08p65jpi v1 with job batch system ID: 3 and cores: 1, disk: 3.0 Gi, and memory: 2.0 Gi
[2022-05-12T15:24:15+0200] [MainThread] [I] [toil.leader] Issued job 'CWLJob' scatter-valuefrom-wf2.cwl[1].step1command kind-CWLJob/instance-poc1zmwz v1 with job batch system ID: 4 and cores: 1, disk: 3.0 Gi, and memory: 2.0 Gi
[2022-05-12T15:24:15+0200] [MainThread] [I] [toil.leader] Issued job 'CWLJob' scatter-valuefrom-wf2.cwl[1].step1command kind-CWLJob/instance-v1jz9hu_ v1 with job batch system ID: 5 and cores: 1, disk: 3.0 Gi, and memory: 2.0 Gi
[2022-05-12T15:24:15+0200] [MainThread] [I] [toil.worker] Redirecting logging to /tmp/9d13a0caa19b595bab7f8804e3440dcc/3301/worker_log.txt
[2022-05-12T15:24:15+0200] [MainThread] [I] [toil.worker] Redirecting logging to /tmp/9d13a0caa19b595bab7f8804e3440dcc/7f59/worker_log.txt
[2022-05-12T15:24:15+0200] [MainThread] [I] [toil.worker] Redirecting logging to /tmp/9d13a0caa19b595bab7f8804e3440dcc/925c/worker_log.txt
[2022-05-12T15:24:15+0200] [MainThread] [I] [toil.worker] Redirecting logging to /tmp/9d13a0caa19b595bab7f8804e3440dcc/2db0/worker_log.txt
[2022-05-12T15:24:17+0200] [MainThread] [I] [toil.worker] Redirecting logging to /tmp/9d13a0caa19b595bab7f8804e3440dcc/aafb/worker_log.txt
[2022-05-12T15:24:18+0200] [MainThread] [I] [toil.worker] Redirecting logging to /tmp/9d13a0caa19b595bab7f8804e3440dcc/195a/worker_log.txt
[2022-05-12T15:24:18+0200] [MainThread] [I] [toil.worker] Redirecting logging to /tmp/9d13a0caa19b595bab7f8804e3440dcc/b38b/worker_log.txt
[2022-05-12T15:24:19+0200] [MainThread] [I] [toil.worker] Redirecting logging to /tmp/9d13a0caa19b595bab7f8804e3440dcc/6666/worker_log.txt
[2022-05-12T15:24:21+0200] [MainThread] [I] [toil.leader] Finished toil run successfully.
[2022-05-12T15:24:21+0200] [MainThread] [I] [toil.common] Successfully deleted the job store: FileJobStore(/tmp/tmp0q49nei0)
</system-err>
		</testcase>
		<testcase name="Test workflow scatter with two scatter parameters and flat_crossproduct join method and valueFrom on step input" time="12.159195" class="scatter, step_input, workflow" file="wf_scatter_twoparam_flat_crossproduct_valuefrom" url="cwltest:conformance_tests#80">
			<system-out>{
    &quot;out&quot;: [
        &quot;foo one one three&quot;,
        &quot;foo one one four&quot;,
        &quot;foo one two three&quot;,
        &quot;foo one two four&quot;
    ]
}</system-out>
			<system-err>[2022-05-12T15:24:10+0200] [MainThread] [I] [cwltool] Resolved 'tests/scatter-valuefrom-wf3.cwl#main' to 'file:///home/michael/cwl-v1.2/tests/scatter-valuefrom-wf3.cwl#main'
[2022-05-12T15:24:13+0200] [MainThread] [I] [toil.job] Saving graph of 2 jobs, 2 new
[2022-05-12T15:24:13+0200] [MainThread] [I] [toil.job] Processing job 'ResolveIndirect' kind-ResolveIndirect/instance-8v2p7pka v0
[2022-05-12T15:24:13+0200] [MainThread] [I] [toil.job] Processing job 'CWLWorkflow' kind-CWLWorkflow/instance-nor8e9ds v0
[2022-05-12T15:24:13+0200] [MainThread] [I] [toil] Running Toil version 5.6.0-c34146a6437e4407a61e946e968bcce67a0ebbca on host mrc-tux.
[2022-05-12T15:24:14+0200] [MainThread] [I] [toil.worker] Redirecting logging to /tmp/fb2b6a818cd35d3aa69b113206b262e3/0d21/worker_log.txt
[2022-05-12T15:24:14+0200] [MainThread] [I] [toil.leader] 0 jobs are running, 0 jobs are issued and waiting to run
[2022-05-12T15:24:15+0200] [MainThread] [I] [toil.worker] Redirecting logging to /tmp/fb2b6a818cd35d3aa69b113206b262e3/1884/worker_log.txt
[2022-05-12T15:24:15+0200] [MainThread] [I] [toil.leader] Issued job 'CWLJob' main[0].echo kind-CWLJob/instance-c_wx33dz v1 with job batch system ID: 2 and cores: 1, disk: 3.0 Gi, and memory: 2.0 Gi
[2022-05-12T15:24:15+0200] [MainThread] [I] [toil.leader] Issued job 'CWLJob' main[1].echo kind-CWLJob/instance-5lfqcx8m v1 with job batch system ID: 3 and cores: 1, disk: 3.0 Gi, and memory: 2.0 Gi
[2022-05-12T15:24:15+0200] [MainThread] [I] [toil.leader] Issued job 'CWLJob' main[0].echo kind-CWLJob/instance-xholeehc v1 with job batch system ID: 4 and cores: 1, disk: 3.0 Gi, and memory: 2.0 Gi
[2022-05-12T15:24:15+0200] [MainThread] [I] [toil.leader] Issued job 'CWLJob' main[1].echo kind-CWLJob/instance-9km6kd_v v1 with job batch system ID: 5 and cores: 1, disk: 3.0 Gi, and memory: 2.0 Gi
[2022-05-12T15:24:16+0200] [MainThread] [I] [toil.worker] Redirecting logging to /tmp/fb2b6a818cd35d3aa69b113206b262e3/39a8/worker_log.txt
[2022-05-12T15:24:16+0200] [MainThread] [I] [toil.worker] Redirecting logging to /tmp/fb2b6a818cd35d3aa69b113206b262e3/a4a4/worker_log.txt
[2022-05-12T15:24:16+0200] [MainThread] [I] [toil.worker] Redirecting logging to /tmp/fb2b6a818cd35d3aa69b113206b262e3/5a8a/worker_log.txt
[2022-05-12T15:24:16+0200] [MainThread] [I] [toil.worker] Redirecting logging to /tmp/fb2b6a818cd35d3aa69b113206b262e3/8fb6/worker_log.txt
[2022-05-12T15:24:17+0200] [MainThread] [I] [toil.worker] Redirecting logging to /tmp/fb2b6a818cd35d3aa69b113206b262e3/f8d4/worker_log.txt
[2022-05-12T15:24:18+0200] [MainThread] [I] [toil.worker] Redirecting logging to /tmp/fb2b6a818cd35d3aa69b113206b262e3/8bd0/worker_log.txt
[2022-05-12T15:24:19+0200] [MainThread] [I] [toil.worker] Redirecting logging to /tmp/fb2b6a818cd35d3aa69b113206b262e3/89bc/worker_log.txt
[2022-05-12T15:24:19+0200] [MainThread] [I] [toil.worker] Redirecting logging to /tmp/fb2b6a818cd35d3aa69b113206b262e3/5d96/worker_log.txt
[2022-05-12T15:24:22+0200] [MainThread] [I] [toil.leader] Finished toil run successfully.
[2022-05-12T15:24:22+0200] [MainThread] [I] [toil.common] Successfully deleted the job store: FileJobStore(/tmp/tmpnb_e5_pn)
</system-err>
		</testcase>
		<testcase name="Test workflow scatter with two scatter parameters and dotproduct join method and valueFrom on step input" time="12.153166" class="scatter, step_input, workflow" file="wf_scatter_twoparam_dotproduct_valuefrom" url="cwltest:conformance_tests#81">
			<system-out>{
    &quot;out&quot;: [
        &quot;foo one one three&quot;,
        &quot;foo one two four&quot;
    ]
}</system-out>
			<system-err>[2022-05-12T15:24:11+0200] [MainThread] [I] [cwltool] Resolved 'tests/scatter-valuefrom-wf4.cwl#main' to 'file:///home/michael/cwl-v1.2/tests/scatter-valuefrom-wf4.cwl#main'
[2022-05-12T15:24:14+0200] [MainThread] [I] [toil.job] Saving graph of 2 jobs, 2 new
[2022-05-12T15:24:14+0200] [MainThread] [I] [toil.job] Processing job 'ResolveIndirect' kind-ResolveIndirect/instance-94s8l1us v0
[2022-05-12T15:24:14+0200] [MainThread] [I] [toil.job] Processing job 'CWLWorkflow' kind-CWLWorkflow/instance-hi9t_qxw v0
[2022-05-12T15:24:14+0200] [MainThread] [I] [toil] Running Toil version 5.6.0-c34146a6437e4407a61e946e968bcce67a0ebbca on host mrc-tux.
[2022-05-12T15:24:15+0200] [MainThread] [I] [toil.worker] Redirecting logging to /tmp/deb12509c7a95766b1905b2be3d3f479/76a4/worker_log.txt
[2022-05-12T15:24:15+0200] [MainThread] [I] [toil.leader] 0 jobs are running, 0 jobs are issued and waiting to run
[2022-05-12T15:24:16+0200] [MainThread] [I] [toil.worker] Redirecting logging to /tmp/deb12509c7a95766b1905b2be3d3f479/d580/worker_log.txt
[2022-05-12T15:24:16+0200] [MainThread] [I] [toil.leader] Issued job 'CWLJob' main[1].echo kind-CWLJob/instance-25rwazy5 v1 with job batch system ID: 2 and cores: 1, disk: 3.0 Gi, and memory: 2.0 Gi
[2022-05-12T15:24:16+0200] [MainThread] [I] [toil.leader] Issued job 'CWLJob' main[0].echo kind-CWLJob/instance-8v5oplvx v1 with job batch system ID: 3 and cores: 1, disk: 3.0 Gi, and memory: 2.0 Gi
[2022-05-12T15:24:17+0200] [MainThread] [I] [toil.worker] Redirecting logging to /tmp/deb12509c7a95766b1905b2be3d3f479/43d9/worker_log.txt
[2022-05-12T15:24:17+0200] [MainThread] [I] [toil.worker] Redirecting logging to /tmp/deb12509c7a95766b1905b2be3d3f479/4465/worker_log.txt
[2022-05-12T15:24:18+0200] [MainThread] [I] [toil.worker] Redirecting logging to /tmp/deb12509c7a95766b1905b2be3d3f479/2a2e/worker_log.txt
[2022-05-12T15:24:19+0200] [MainThread] [I] [toil.worker] Redirecting logging to /tmp/deb12509c7a95766b1905b2be3d3f479/d072/worker_log.txt
[2022-05-12T15:24:19+0200] [MainThread] [I] [toil.worker] Redirecting logging to /tmp/deb12509c7a95766b1905b2be3d3f479/4faf/worker_log.txt
[2022-05-12T15:24:20+0200] [MainThread] [I] [toil.worker] Redirecting logging to /tmp/deb12509c7a95766b1905b2be3d3f479/8f4e/worker_log.txt
[2022-05-12T15:24:22+0200] [MainThread] [I] [toil.leader] Finished toil run successfully.
[2022-05-12T15:24:22+0200] [MainThread] [I] [toil.common] Successfully deleted the job store: FileJobStore(/tmp/tmp9_1usivm)
</system-err>
		</testcase>
		<testcase name="Test workflow scatter with single scatter parameter and two valueFrom on step input (current el twice)" time="10.781640" class="scatter, step_input, workflow" file="wf_scatter_oneparam_valuefrom_twice_current_el" url="cwltest:conformance_tests#82">
			<system-out>{
    &quot;out&quot;: [
        &quot;foo one one&quot;,
        &quot;foo two two&quot;,
        &quot;foo three three&quot;,
        &quot;foo four four&quot;
    ]
}</system-out>
			<system-err>[2022-05-12T15:24:19+0200] [MainThread] [I] [cwltool] Resolved 'tests/scatter-valuefrom-wf5.cwl' to 'file:///home/michael/cwl-v1.2/tests/scatter-valuefrom-wf5.cwl'
[2022-05-12T15:24:21+0200] [MainThread] [I] [toil.job] Saving graph of 2 jobs, 2 new
[2022-05-12T15:24:21+0200] [MainThread] [I] [toil.job] Processing job 'ResolveIndirect' kind-ResolveIndirect/instance-t77sb2uu v0
[2022-05-12T15:24:21+0200] [MainThread] [I] [toil.job] Processing job 'CWLWorkflow' kind-CWLWorkflow/instance-a6iqvn4m v0
[2022-05-12T15:24:21+0200] [MainThread] [I] [toil] Running Toil version 5.6.0-c34146a6437e4407a61e946e968bcce67a0ebbca on host mrc-tux.
[2022-05-12T15:24:22+0200] [MainThread] [I] [toil.worker] Redirecting logging to /tmp/6cdc69b3cd2253e4875bd49a00aa4b84/7271/worker_log.txt
[2022-05-12T15:24:22+0200] [MainThread] [I] [toil.leader] 0 jobs are running, 0 jobs are issued and waiting to run
[2022-05-12T15:24:22+0200] [MainThread] [I] [toil.worker] Redirecting logging to /tmp/6cdc69b3cd2253e4875bd49a00aa4b84/2c85/worker_log.txt
[2022-05-12T15:24:23+0200] [MainThread] [I] [toil.leader] Issued job 'CWLJob' scatter-valuefrom-wf5.cwl[2]._:12302a65-7ce9-4184-9c24-4af8c1020844 kind-CWLJob/instance-_81nkiup v1 with job batch system ID: 2 and cores: 1, disk: 3.0 Gi, and memory: 2.0 Gi
[2022-05-12T15:24:23+0200] [MainThread] [I] [toil.leader] Issued job 'CWLJob' scatter-valuefrom-wf5.cwl[1]._:12302a65-7ce9-4184-9c24-4af8c1020844 kind-CWLJob/instance-flgkw7ik v1 with job batch system ID: 3 and cores: 1, disk: 3.0 Gi, and memory: 2.0 Gi
[2022-05-12T15:24:23+0200] [MainThread] [I] [toil.leader] Issued job 'CWLJob' scatter-valuefrom-wf5.cwl[0]._:12302a65-7ce9-4184-9c24-4af8c1020844 kind-CWLJob/instance-zs68lj07 v1 with job batch system ID: 4 and cores: 1, disk: 3.0 Gi, and memory: 2.0 Gi
[2022-05-12T15:24:23+0200] [MainThread] [I] [toil.leader] Issued job 'CWLJob' scatter-valuefrom-wf5.cwl[3]._:12302a65-7ce9-4184-9c24-4af8c1020844 kind-CWLJob/instance-prnxsdf2 v1 with job batch system ID: 5 and cores: 1, disk: 3.0 Gi, and memory: 2.0 Gi
[2022-05-12T15:24:23+0200] [MainThread] [I] [toil.worker] Redirecting logging to /tmp/6cdc69b3cd2253e4875bd49a00aa4b84/b6d3/worker_log.txt
[2022-05-12T15:24:23+0200] [MainThread] [I] [toil.worker] Redirecting logging to /tmp/6cdc69b3cd2253e4875bd49a00aa4b84/8664/worker_log.txt
[2022-05-12T15:24:23+0200] [MainThread] [I] [toil.worker] Redirecting logging to /tmp/6cdc69b3cd2253e4875bd49a00aa4b84/cb28/worker_log.txt
[2022-05-12T15:24:23+0200] [MainThread] [I] [toil.worker] Redirecting logging to /tmp/6cdc69b3cd2253e4875bd49a00aa4b84/4fcc/worker_log.txt
[2022-05-12T15:24:24+0200] [MainThread] [I] [toil.worker] Redirecting logging to /tmp/6cdc69b3cd2253e4875bd49a00aa4b84/5496/worker_log.txt
[2022-05-12T15:24:25+0200] [MainThread] [I] [toil.worker] Redirecting logging to /tmp/6cdc69b3cd2253e4875bd49a00aa4b84/48f8/worker_log.txt
[2022-05-12T15:24:26+0200] [MainThread] [I] [toil.worker] Redirecting logging to /tmp/6cdc69b3cd2253e4875bd49a00aa4b84/76cc/worker_log.txt
[2022-05-12T15:24:26+0200] [MainThread] [I] [toil.worker] Redirecting logging to /tmp/6cdc69b3cd2253e4875bd49a00aa4b84/7ff4/worker_log.txt
[2022-05-12T15:24:28+0200] [MainThread] [I] [toil.leader] Finished toil run successfully.
[2022-05-12T15:24:28+0200] [MainThread] [I] [toil.common] Successfully deleted the job store: FileJobStore(/tmp/tmpu9pm7a3a)
</system-err>
		</testcase>
		<testcase name="Test valueFrom eval on scattered input parameter" time="10.933088" class="scatter, step_input, workflow" file="wf_scatter_oneparam_valueFrom" url="cwltest:conformance_tests#83">
			<system-out>{
    &quot;out_message&quot;: [
        {
            &quot;location&quot;: &quot;file:///tmp/tmpoaxpu2q4/28bfaa88d5b3a7e1a7b0e10aeba956eb80a8e55a&quot;,
            &quot;basename&quot;: &quot;28bfaa88d5b3a7e1a7b0e10aeba956eb80a8e55a&quot;,
            &quot;nameroot&quot;: &quot;28bfaa88d5b3a7e1a7b0e10aeba956eb80a8e55a&quot;,
            &quot;nameext&quot;: &quot;&quot;,
            &quot;class&quot;: &quot;File&quot;,
            &quot;checksum&quot;: &quot;sha1$98030575f6fc40e5021be5a8803a6bef94aee11f&quot;,
            &quot;size&quot;: 16
        },
        {
            &quot;location&quot;: &quot;file:///tmp/tmpoaxpu2q4/28bfaa88d5b3a7e1a7b0e10aeba956eb80a8e55a_2&quot;,
            &quot;basename&quot;: &quot;28bfaa88d5b3a7e1a7b0e10aeba956eb80a8e55a&quot;,
            &quot;nameroot&quot;: &quot;28bfaa88d5b3a7e1a7b0e10aeba956eb80a8e55a&quot;,
            &quot;nameext&quot;: &quot;&quot;,
            &quot;class&quot;: &quot;File&quot;,
            &quot;checksum&quot;: &quot;sha1$edcacd50778d98ae113015406b3195c165059dd8&quot;,
            &quot;size&quot;: 16
        }
    ]
}</system-out>
			<system-err>[2022-05-12T15:24:22+0200] [MainThread] [I] [cwltool] Resolved 'tests/scatter-valuefrom-wf6.cwl' to 'file:///home/michael/cwl-v1.2/tests/scatter-valuefrom-wf6.cwl'
[2022-05-12T15:24:25+0200] [MainThread] [I] [toil.job] Saving graph of 2 jobs, 2 new
[2022-05-12T15:24:25+0200] [MainThread] [I] [toil.job] Processing job 'ResolveIndirect' kind-ResolveIndirect/instance-f4l2bt4l v0
[2022-05-12T15:24:25+0200] [MainThread] [I] [toil.job] Processing job 'CWLWorkflow' kind-CWLWorkflow/instance-k9mp484c v0
[2022-05-12T15:24:25+0200] [MainThread] [I] [toil] Running Toil version 5.6.0-c34146a6437e4407a61e946e968bcce67a0ebbca on host mrc-tux.
[2022-05-12T15:24:25+0200] [MainThread] [I] [toil.worker] Redirecting logging to /tmp/aac57243567559b5a2c303a8b18a7c23/9d23/worker_log.txt
[2022-05-12T15:24:26+0200] [MainThread] [I] [toil.leader] 0 jobs are running, 0 jobs are issued and waiting to run
[2022-05-12T15:24:26+0200] [MainThread] [I] [toil.worker] Redirecting logging to /tmp/aac57243567559b5a2c303a8b18a7c23/8475/worker_log.txt
[2022-05-12T15:24:27+0200] [MainThread] [I] [toil.leader] Issued job 'CWLJob' scatter-valuefrom-wf6.cwl[0].scatter-valueFrom-tool.cwl kind-CWLJob/instance-l99ws51i v1 with job batch system ID: 2 and cores: 1, disk: 3.0 Gi, and memory: 2.0 Gi
[2022-05-12T15:24:27+0200] [MainThread] [I] [toil.leader] Issued job 'CWLJob' scatter-valuefrom-wf6.cwl[1].scatter-valueFrom-tool.cwl kind-CWLJob/instance-cb3kdi3x v1 with job batch system ID: 3 and cores: 1, disk: 3.0 Gi, and memory: 2.0 Gi
[2022-05-12T15:24:27+0200] [MainThread] [I] [toil.worker] Redirecting logging to /tmp/aac57243567559b5a2c303a8b18a7c23/6c44/worker_log.txt
[2022-05-12T15:24:27+0200] [MainThread] [I] [toil.worker] Redirecting logging to /tmp/aac57243567559b5a2c303a8b18a7c23/9038/worker_log.txt
[2022-05-12T15:24:28+0200] [MainThread] [I] [toil.worker] Redirecting logging to /tmp/aac57243567559b5a2c303a8b18a7c23/ed27/worker_log.txt
[2022-05-12T15:24:28+0200] [MainThread] [I] [toil.worker] Redirecting logging to /tmp/aac57243567559b5a2c303a8b18a7c23/d361/worker_log.txt
[2022-05-12T15:24:29+0200] [MainThread] [I] [toil.worker] Redirecting logging to /tmp/aac57243567559b5a2c303a8b18a7c23/9dab/worker_log.txt
[2022-05-12T15:24:30+0200] [MainThread] [I] [toil.worker] Redirecting logging to /tmp/aac57243567559b5a2c303a8b18a7c23/8790/worker_log.txt
[2022-05-12T15:24:32+0200] [MainThread] [I] [toil.leader] Finished toil run successfully.
[2022-05-12T15:24:32+0200] [MainThread] [I] [toil.common] Successfully deleted the job store: FileJobStore(/tmp/tmpr14uipgx)
</system-err>
		</testcase>
		<testcase name="Test workflow two input files with same name." time="12.201278" class="required, workflow" file="wf_two_inputfiles_namecollision" url="cwltest:conformance_tests#84">
			<system-out>{
    &quot;fileout&quot;: {
        &quot;location&quot;: &quot;file:///tmp/tmpm5fw3u6g/out.txt&quot;,
        &quot;basename&quot;: &quot;out.txt&quot;,
        &quot;nameroot&quot;: &quot;out&quot;,
        &quot;nameext&quot;: &quot;.txt&quot;,
        &quot;class&quot;: &quot;File&quot;,
        &quot;checksum&quot;: &quot;sha1$a2d8d6e7b28295dc9977dc3bdb652ddd480995f0&quot;,
        &quot;size&quot;: 25
    }
}</system-out>
			<system-err>[2022-05-12T15:24:22+0200] [MainThread] [I] [cwltool] Resolved 'tests/conflict-wf.cwl#collision' to 'file:///home/michael/cwl-v1.2/tests/conflict-wf.cwl#collision'
[2022-05-12T15:24:28+0200] [MainThread] [I] [toil.job] Saving graph of 2 jobs, 2 new
[2022-05-12T15:24:28+0200] [MainThread] [I] [toil.job] Processing job 'ResolveIndirect' kind-ResolveIndirect/instance-bsdolvez v0
[2022-05-12T15:24:28+0200] [MainThread] [I] [toil.job] Processing job 'CWLWorkflow' kind-CWLWorkflow/instance-honlypuv v0
[2022-05-12T15:24:28+0200] [MainThread] [I] [toil] Running Toil version 5.6.0-c34146a6437e4407a61e946e968bcce67a0ebbca on host mrc-tux.
[2022-05-12T15:24:28+0200] [MainThread] [I] [toil.worker] Redirecting logging to /tmp/33ce70c6465c54faba72b72c58778767/2629/worker_log.txt
[2022-05-12T15:24:28+0200] [MainThread] [I] [toil.leader] 0 jobs are running, 0 jobs are issued and waiting to run
[2022-05-12T15:24:28+0200] [MainThread] [I] [toil.leader] Issued job 'CWLJob' collision.echo_1.echo kind-CWLJob/instance-y58ov91o v1 with job batch system ID: 1 and cores: 1, disk: 3.0 Gi, and memory: 2.0 Gi
[2022-05-12T15:24:28+0200] [MainThread] [I] [toil.leader] Issued job 'CWLJob' collision.echo_2.echo kind-CWLJob/instance-ldcdb0bj v1 with job batch system ID: 2 and cores: 1, disk: 3.0 Gi, and memory: 2.0 Gi
[2022-05-12T15:24:29+0200] [MainThread] [I] [toil.worker] Redirecting logging to /tmp/33ce70c6465c54faba72b72c58778767/aca0/worker_log.txt
[2022-05-12T15:24:29+0200] [MainThread] [I] [toil.worker] Redirecting logging to /tmp/33ce70c6465c54faba72b72c58778767/7245/worker_log.txt
[2022-05-12T15:24:29+0200] [MainThread] [I] [toil.leader] Issued job 'CWLJob' collision.cat_step.cat kind-CWLJob/instance-w6i49qhd v1 with job batch system ID: 3 and cores: 1, disk: 3.0 Gi, and memory: 2.0 Gi
[2022-05-12T15:24:30+0200] [MainThread] [I] [toil.worker] Redirecting logging to /tmp/33ce70c6465c54faba72b72c58778767/b073/worker_log.txt
[2022-05-12T15:24:30+0200] [MainThread] [I] [toil.leader] Issued job 'CWLJob' collision.echo_1.echo kind-CWLJob/instance-y58ov91o v2 with job batch system ID: 4 and cores: 1, disk: 3.0 Gi, and memory: 2.0 Gi
[2022-05-12T15:24:30+0200] [MainThread] [I] [toil.leader] Issued job 'CWLJob' collision.echo_2.echo kind-CWLJob/instance-ldcdb0bj v2 with job batch system ID: 5 and cores: 1, disk: 3.0 Gi, and memory: 2.0 Gi
[2022-05-12T15:24:31+0200] [MainThread] [I] [toil.worker] Redirecting logging to /tmp/33ce70c6465c54faba72b72c58778767/5318/worker_log.txt
[2022-05-12T15:24:31+0200] [MainThread] [I] [toil.worker] Redirecting logging to /tmp/33ce70c6465c54faba72b72c58778767/adaf/worker_log.txt
[2022-05-12T15:24:31+0200] [MainThread] [I] [toil.worker] Redirecting logging to /tmp/33ce70c6465c54faba72b72c58778767/0055/worker_log.txt
[2022-05-12T15:24:32+0200] [MainThread] [I] [toil.worker] Redirecting logging to /tmp/33ce70c6465c54faba72b72c58778767/88de/worker_log.txt
[2022-05-12T15:24:34+0200] [MainThread] [I] [toil.leader] Finished toil run successfully.
[2022-05-12T15:24:34+0200] [MainThread] [I] [toil.common] Successfully deleted the job store: FileJobStore(/tmp/tmpwe8e8bfl)
</system-err>
		</testcase>
		<testcase name="Test directory input with parameter reference" time="5.297590" class="shell_command, command_line_tool" file="directory_input_param_ref" url="cwltest:conformance_tests#85">
			<system-out>{
    &quot;outlist&quot;: {
        &quot;location&quot;: &quot;file:///tmp/tmppf6v995n/output.txt&quot;,
        &quot;basename&quot;: &quot;output.txt&quot;,
        &quot;nameroot&quot;: &quot;output&quot;,
        &quot;nameext&quot;: &quot;.txt&quot;,
        &quot;class&quot;: &quot;File&quot;,
        &quot;checksum&quot;: &quot;sha1$13cda8661796ae241da3a18668fb552161a72592&quot;,
        &quot;size&quot;: 20
    }
}</system-out>
			<system-err>[2022-05-12T15:24:23+0200] [MainThread] [I] [cwltool] Resolved 'tests/dir.cwl' to 'file:///home/michael/cwl-v1.2/tests/dir.cwl'
[2022-05-12T15:24:25+0200] [MainThread] [I] [toil.job] Saving graph of 1 jobs, 1 new
[2022-05-12T15:24:25+0200] [MainThread] [I] [toil.job] Processing job 'CWLJob' dir.cwl kind-CWLJob/instance-fj4zdhqy v0
[2022-05-12T15:24:25+0200] [MainThread] [I] [toil] Running Toil version 5.6.0-c34146a6437e4407a61e946e968bcce67a0ebbca on host mrc-tux.
[2022-05-12T15:24:25+0200] [MainThread] [I] [toil.leader] Issued job 'CWLJob' dir.cwl kind-CWLJob/instance-fj4zdhqy v1 with job batch system ID: 0 and cores: 1, disk: 3.0 Gi, and memory: 2.0 Gi
[2022-05-12T15:24:26+0200] [MainThread] [I] [toil.worker] Redirecting logging to /tmp/42c4ccf16b5858ba905f6f2b58a5bb98/22c3/worker_log.txt
[2022-05-12T15:24:26+0200] [MainThread] [I] [toil.leader] 0 jobs are running, 0 jobs are issued and waiting to run
[2022-05-12T15:24:27+0200] [MainThread] [I] [toil.leader] Finished toil run successfully.
[2022-05-12T15:24:27+0200] [MainThread] [I] [toil.common] Successfully deleted the job store: FileJobStore(/tmp/tmplr6fghg6)
</system-err>
		</testcase>
		<testcase name="Test directory input in Docker" time="6.095765" class="required, command_line_tool, shell_command" file="directory_input_docker" url="cwltest:conformance_tests#86">
			<system-out>{
    &quot;outlist&quot;: {
        &quot;location&quot;: &quot;file:///tmp/tmpa800go62/output.txt&quot;,
        &quot;basename&quot;: &quot;output.txt&quot;,
        &quot;nameroot&quot;: &quot;output&quot;,
        &quot;nameext&quot;: &quot;.txt&quot;,
        &quot;class&quot;: &quot;File&quot;,
        &quot;checksum&quot;: &quot;sha1$13cda8661796ae241da3a18668fb552161a72592&quot;,
        &quot;size&quot;: 20
    }
}</system-out>
			<system-err>[2022-05-12T15:24:28+0200] [MainThread] [I] [cwltool] Resolved 'tests/dir2.cwl' to 'file:///home/michael/cwl-v1.2/tests/dir2.cwl'
[2022-05-12T15:24:30+0200] [MainThread] [I] [toil.job] Saving graph of 1 jobs, 1 new
[2022-05-12T15:24:30+0200] [MainThread] [I] [toil.job] Processing job 'CWLJob' dir2.cwl kind-CWLJob/instance-wy1t1slt v0
[2022-05-12T15:24:31+0200] [MainThread] [I] [toil] Running Toil version 5.6.0-c34146a6437e4407a61e946e968bcce67a0ebbca on host mrc-tux.
[2022-05-12T15:24:31+0200] [MainThread] [I] [toil.leader] Issued job 'CWLJob' dir2.cwl kind-CWLJob/instance-wy1t1slt v1 with job batch system ID: 0 and cores: 1, disk: 3.0 Gi, and memory: 2.0 Gi
[2022-05-12T15:24:31+0200] [MainThread] [I] [toil.worker] Redirecting logging to /tmp/47c79e879ffa5dd9afcb8ed3e3ea495d/a878/worker_log.txt
[2022-05-12T15:24:32+0200] [MainThread] [I] [toil.leader] 0 jobs are running, 0 jobs are issued and waiting to run
[2022-05-12T15:24:34+0200] [MainThread] [I] [toil.leader] Finished toil run successfully.
[2022-05-12T15:24:34+0200] [MainThread] [I] [toil.common] Successfully deleted the job store: FileJobStore(/tmp/tmp21am7nnq)
</system-err>
		</testcase>
		<testcase name="Test directory output" time="4.848781" class="required, command_line_tool" file="directory_output" url="cwltest:conformance_tests#87">
			<system-out>{
    &quot;outdir&quot;: {
        &quot;location&quot;: &quot;file:///tmp/tmpxsjm_i2j/tmpfjq0oq9x&quot;,
        &quot;basename&quot;: &quot;tmpfjq0oq9x&quot;,
        &quot;nameroot&quot;: &quot;tmpfjq0oq9x&quot;,
        &quot;nameext&quot;: &quot;&quot;,
        &quot;class&quot;: &quot;Directory&quot;,
        &quot;listing&quot;: [
            {
                &quot;class&quot;: &quot;File&quot;,
                &quot;location&quot;: &quot;file:///tmp/tmpxsjm_i2j/tmpfjq0oq9x/goodbye.txt&quot;,
                &quot;basename&quot;: &quot;goodbye.txt&quot;,
                &quot;size&quot;: 24,
                &quot;nameroot&quot;: &quot;goodbye&quot;,
                &quot;nameext&quot;: &quot;.txt&quot;,
                &quot;checksum&quot;: &quot;sha1$dd0a4c4c49ba43004d6611771972b6cf969c1c01&quot;
            },
            {
                &quot;class&quot;: &quot;File&quot;,
                &quot;location&quot;: &quot;file:///tmp/tmpxsjm_i2j/tmpfjq0oq9x/hello.txt&quot;,
                &quot;basename&quot;: &quot;hello.txt&quot;,
                &quot;size&quot;: 13,
                &quot;nameroot&quot;: &quot;hello&quot;,
                &quot;nameext&quot;: &quot;.txt&quot;,
                &quot;checksum&quot;: &quot;sha1$47a013e660d408619d894b20806b1d5086aab03b&quot;
            }
        ]
    }
}</system-out>
			<system-err>[2022-05-12T15:24:29+0200] [MainThread] [I] [cwltool] Resolved 'tests/dir3.cwl' to 'file:///home/michael/cwl-v1.2/tests/dir3.cwl'
[2022-05-12T15:24:31+0200] [MainThread] [I] [toil.job] Saving graph of 1 jobs, 1 new
[2022-05-12T15:24:31+0200] [MainThread] [I] [toil.job] Processing job 'CWLJob' dir3.cwl kind-CWLJob/instance-1gq875w9 v0
[2022-05-12T15:24:31+0200] [MainThread] [I] [toil] Running Toil version 5.6.0-c34146a6437e4407a61e946e968bcce67a0ebbca on host mrc-tux.
[2022-05-12T15:24:31+0200] [MainThread] [I] [toil.leader] Issued job 'CWLJob' dir3.cwl kind-CWLJob/instance-1gq875w9 v1 with job batch system ID: 0 and cores: 1, disk: 3.0 Gi, and memory: 2.0 Gi
[2022-05-12T15:24:32+0200] [MainThread] [I] [toil.worker] Redirecting logging to /tmp/4acc13770bba5436b6c31f456d323a9f/5a06/worker_log.txt
[2022-05-12T15:24:32+0200] [MainThread] [I] [toil.leader] 0 jobs are running, 0 jobs are issued and waiting to run
[2022-05-12T15:24:33+0200] [MainThread] [I] [toil.leader] Finished toil run successfully.
[2022-05-12T15:24:33+0200] [MainThread] [I] [toil.common] Successfully deleted the job store: FileJobStore(/tmp/tmpd96g6l4l)
</system-err>
		</testcase>
		<testcase name="Test directories in secondaryFiles" time="4.526865" class="shell_command, command_line_tool" file="directory_secondaryfiles" url="cwltest:conformance_tests#88">
			<system-out>{
    &quot;outlist&quot;: {
        &quot;location&quot;: &quot;file:///tmp/tmp737kln4w/output.txt&quot;,
        &quot;basename&quot;: &quot;output.txt&quot;,
        &quot;nameroot&quot;: &quot;output&quot;,
        &quot;nameext&quot;: &quot;.txt&quot;,
        &quot;class&quot;: &quot;File&quot;,
        &quot;checksum&quot;: &quot;sha1$13cda8661796ae241da3a18668fb552161a72592&quot;,
        &quot;size&quot;: 20
    }
}</system-out>
			<system-err>[2022-05-12T15:24:33+0200] [MainThread] [I] [cwltool] Resolved 'tests/dir4.cwl' to 'file:///home/michael/cwl-v1.2/tests/dir4.cwl'
[2022-05-12T15:24:34+0200] [MainThread] [I] [toil.job] Saving graph of 1 jobs, 1 new
[2022-05-12T15:24:34+0200] [MainThread] [I] [toil.job] Processing job 'CWLJob' dir4.cwl kind-CWLJob/instance-9kyv503y v0
[2022-05-12T15:24:35+0200] [MainThread] [I] [toil] Running Toil version 5.6.0-c34146a6437e4407a61e946e968bcce67a0ebbca on host mrc-tux.
[2022-05-12T15:24:35+0200] [MainThread] [I] [toil.leader] Issued job 'CWLJob' dir4.cwl kind-CWLJob/instance-9kyv503y v1 with job batch system ID: 0 and cores: 1, disk: 3.0 Gi, and memory: 2.0 Gi
[2022-05-12T15:24:35+0200] [MainThread] [I] [toil.worker] Redirecting logging to /tmp/88810b88665d5d1bab7657ad2dee9059/daa7/worker_log.txt
[2022-05-12T15:24:35+0200] [MainThread] [I] [toil.leader] 0 jobs are running, 0 jobs are issued and waiting to run
[2022-05-12T15:24:37+0200] [MainThread] [I] [toil.leader] Finished toil run successfully.
[2022-05-12T15:24:37+0200] [MainThread] [I] [toil.common] Successfully deleted the job store: FileJobStore(/tmp/tmpuhs6s0y8)
</system-err>
		</testcase>
		<testcase name="Test dynamic initial work dir" time="4.578157" class="shell_command, initial_work_dir, command_line_tool" file="dynamic_initial_workdir" url="cwltest:conformance_tests#89">
			<system-out>{
    &quot;outlist&quot;: {
        &quot;location&quot;: &quot;file:///tmp/tmp5251elje/output.txt&quot;,
        &quot;basename&quot;: &quot;output.txt&quot;,
        &quot;nameroot&quot;: &quot;output&quot;,
        &quot;nameext&quot;: &quot;.txt&quot;,
        &quot;class&quot;: &quot;File&quot;,
        &quot;checksum&quot;: &quot;sha1$13cda8661796ae241da3a18668fb552161a72592&quot;,
        &quot;size&quot;: 20
    }
}</system-out>
			<system-err>[2022-05-12T15:24:34+0200] [MainThread] [I] [cwltool] Resolved 'tests/dir5.cwl' to 'file:///home/michael/cwl-v1.2/tests/dir5.cwl'
[2022-05-12T15:24:36+0200] [MainThread] [I] [toil.job] Saving graph of 1 jobs, 1 new
[2022-05-12T15:24:36+0200] [MainThread] [I] [toil.job] Processing job 'CWLJob' dir5.cwl kind-CWLJob/instance-w1kg3eji v0
[2022-05-12T15:24:36+0200] [MainThread] [I] [toil] Running Toil version 5.6.0-c34146a6437e4407a61e946e968bcce67a0ebbca on host mrc-tux.
[2022-05-12T15:24:36+0200] [MainThread] [I] [toil.leader] Issued job 'CWLJob' dir5.cwl kind-CWLJob/instance-w1kg3eji v1 with job batch system ID: 0 and cores: 1, disk: 3.0 Gi, and memory: 2.0 Gi
[2022-05-12T15:24:36+0200] [MainThread] [I] [toil.worker] Redirecting logging to /tmp/5068c544003153d0abdf2928a9312650/daaa/worker_log.txt
[2022-05-12T15:24:37+0200] [MainThread] [I] [toil.leader] 0 jobs are running, 0 jobs are issued and waiting to run
[2022-05-12T15:24:38+0200] [MainThread] [I] [toil.leader] Finished toil run successfully.
[2022-05-12T15:24:38+0200] [MainThread] [I] [toil.common] Successfully deleted the job store: FileJobStore(/tmp/tmpj0c9mad7)
</system-err>
		</testcase>
		<testcase name="Test writable staged files." time="5.573710" class="initial_work_dir, command_line_tool" file="writable_stagedfiles" url="cwltest:conformance_tests#90">
			<system-out>{
    &quot;outfile&quot;: {
        &quot;location&quot;: &quot;file:///tmp/tmpfb3d1xj2/bob.txt&quot;,
        &quot;basename&quot;: &quot;bob.txt&quot;,
        &quot;nameroot&quot;: &quot;bob&quot;,
        &quot;nameext&quot;: &quot;.txt&quot;,
        &quot;class&quot;: &quot;File&quot;,
        &quot;checksum&quot;: &quot;sha1$b769c7b2e316edd4b5eb2d24799b2c1f9d8c86e6&quot;,
        &quot;size&quot;: 1111
    }
}</system-out>
			<system-err>[2022-05-12T15:24:34+0200] [MainThread] [I] [cwltool] Resolved 'tests/stagefile.cwl' to 'file:///home/michael/cwl-v1.2/tests/stagefile.cwl'
[2022-05-12T15:24:36+0200] [MainThread] [I] [toil.job] Saving graph of 1 jobs, 1 new
[2022-05-12T15:24:36+0200] [MainThread] [I] [toil.job] Processing job 'CWLJob' stagefile.cwl kind-CWLJob/instance-vo4zqoai v0
[2022-05-12T15:24:36+0200] [MainThread] [I] [toil] Running Toil version 5.6.0-c34146a6437e4407a61e946e968bcce67a0ebbca on host mrc-tux.
[2022-05-12T15:24:36+0200] [MainThread] [I] [toil.leader] Issued job 'CWLJob' stagefile.cwl kind-CWLJob/instance-vo4zqoai v1 with job batch system ID: 0 and cores: 1, disk: 3.0 Gi, and memory: 2.0 Gi
[2022-05-12T15:24:37+0200] [MainThread] [I] [toil.worker] Redirecting logging to /tmp/e6a0bb41ce5e5e84b8d34b3b5d6ab228/026e/worker_log.txt
[2022-05-12T15:24:38+0200] [MainThread] [I] [toil.leader] 0 jobs are running, 0 jobs are issued and waiting to run
[2022-05-12T15:24:39+0200] [MainThread] [I] [toil.leader] Finished toil run successfully.
[2022-05-12T15:24:39+0200] [MainThread] [I] [toil.common] Successfully deleted the job store: FileJobStore(/tmp/tmpfhzq0tj_)
</system-err>
		</testcase>
		<testcase name="Test file literal as input" time="5.599132" class="required, command_line_tool" file="input_file_literal" url="cwltest:conformance_tests#91">
			<system-out>{
    &quot;output_file&quot;: {
        &quot;location&quot;: &quot;file:///tmp/tmpvx0oh_1i/output.txt&quot;,
        &quot;basename&quot;: &quot;output.txt&quot;,
        &quot;nameroot&quot;: &quot;output&quot;,
        &quot;nameext&quot;: &quot;.txt&quot;,
        &quot;class&quot;: &quot;File&quot;,
        &quot;checksum&quot;: &quot;sha1$d0e04ff6c413c7d57f9a0ca0a33cd3ab52e2dd9c&quot;,
        &quot;size&quot;: 18
    }
}</system-out>
			<system-err>[2022-05-12T15:24:34+0200] [MainThread] [I] [cwltool] Resolved 'tests/cat3-tool.cwl' to 'file:///home/michael/cwl-v1.2/tests/cat3-tool.cwl'
[2022-05-12T15:24:36+0200] [MainThread] [I] [toil.job] Saving graph of 1 jobs, 1 new
[2022-05-12T15:24:36+0200] [MainThread] [I] [toil.job] Processing job 'CWLJob' cat3-tool.cwl kind-CWLJob/instance-owx_1_lc v0
[2022-05-12T15:24:36+0200] [MainThread] [I] [toil] Running Toil version 5.6.0-c34146a6437e4407a61e946e968bcce67a0ebbca on host mrc-tux.
[2022-05-12T15:24:36+0200] [MainThread] [I] [toil.leader] Issued job 'CWLJob' cat3-tool.cwl kind-CWLJob/instance-owx_1_lc v1 with job batch system ID: 0 and cores: 1, disk: 3.0 Gi, and memory: 2.0 Gi
[2022-05-12T15:24:37+0200] [MainThread] [I] [toil.worker] Redirecting logging to /tmp/09349300a1005b2fb39bf1ffb73e7075/5cd1/worker_log.txt
[2022-05-12T15:24:38+0200] [MainThread] [I] [toil.leader] 0 jobs are running, 0 jobs are issued and waiting to run
[2022-05-12T15:24:39+0200] [MainThread] [I] [toil.leader] Finished toil run successfully.
[2022-05-12T15:24:39+0200] [MainThread] [I] [toil.common] Successfully deleted the job store: FileJobStore(/tmp/tmpdz5fuc1u)
</system-err>
		</testcase>
		<testcase name="Test expression in InitialWorkDir listing" time="4.624788" class="initial_work_dir, command_line_tool" file="initial_workdir_expr" url="cwltest:conformance_tests#92">
			<system-out>{
    &quot;classfile&quot;: {
        &quot;location&quot;: &quot;file:///tmp/tmphfr3nw1c/Hello.class&quot;,
        &quot;basename&quot;: &quot;Hello.class&quot;,
        &quot;nameroot&quot;: &quot;Hello&quot;,
        &quot;nameext&quot;: &quot;.class&quot;,
        &quot;class&quot;: &quot;File&quot;,
        &quot;checksum&quot;: &quot;sha1$da39a3ee5e6b4b0d3255bfef95601890afd80709&quot;,
        &quot;size&quot;: 0
    }
}</system-out>
			<system-err>[2022-05-12T15:24:37+0200] [MainThread] [I] [cwltool] Resolved 'tests/linkfile.cwl' to 'file:///home/michael/cwl-v1.2/tests/linkfile.cwl'
[2022-05-12T15:24:39+0200] [MainThread] [I] [toil.job] Saving graph of 1 jobs, 1 new
[2022-05-12T15:24:39+0200] [MainThread] [I] [toil.job] Processing job 'CWLJob' linkfile.cwl kind-CWLJob/instance-_b04v15u v0
[2022-05-12T15:24:39+0200] [MainThread] [I] [toil] Running Toil version 5.6.0-c34146a6437e4407a61e946e968bcce67a0ebbca on host mrc-tux.
[2022-05-12T15:24:39+0200] [MainThread] [I] [toil.leader] Issued job 'CWLJob' linkfile.cwl kind-CWLJob/instance-_b04v15u v1 with job batch system ID: 0 and cores: 1, disk: 3.0 Gi, and memory: 2.0 Gi
[2022-05-12T15:24:40+0200] [MainThread] [I] [toil.worker] Redirecting logging to /tmp/1c0d26caa7575955b15e3875551f8037/8eb3/worker_log.txt
[2022-05-12T15:24:40+0200] [MainThread] [I] [toil.leader] 0 jobs are running, 0 jobs are issued and waiting to run
[2022-05-12T15:24:41+0200] [MainThread] [I] [toil.leader] Finished toil run successfully.
[2022-05-12T15:24:41+0200] [MainThread] [I] [toil.common] Successfully deleted the job store: FileJobStore(/tmp/tmp3vbunnhv)
</system-err>
		</testcase>
		<testcase name="Test nameroot/nameext expression in arguments, stdout" time="4.513089" class="required, command_line_tool" file="nameroot_nameext_stdout_expr" url="cwltest:conformance_tests#93">
			<system-out>{
    &quot;b&quot;: {
        &quot;location&quot;: &quot;file:///tmp/tmp34jprbo3/whale.xtx&quot;,
        &quot;basename&quot;: &quot;whale.xtx&quot;,
        &quot;nameroot&quot;: &quot;whale&quot;,
        &quot;nameext&quot;: &quot;.xtx&quot;,
        &quot;class&quot;: &quot;File&quot;,
        &quot;checksum&quot;: &quot;sha1$c4cfd130e7578714e3eef91c1d6d90e0e0b9db3e&quot;,
        &quot;size&quot;: 21
    }
}</system-out>
			<system-err>[2022-05-12T15:24:39+0200] [MainThread] [I] [cwltool] Resolved 'tests/nameroot.cwl' to 'file:///home/michael/cwl-v1.2/tests/nameroot.cwl'
[2022-05-12T15:24:40+0200] [MainThread] [I] [toil.job] Saving graph of 1 jobs, 1 new
[2022-05-12T15:24:40+0200] [MainThread] [I] [toil.job] Processing job 'CWLJob' nameroot.cwl kind-CWLJob/instance-salxpecp v0
[2022-05-12T15:24:40+0200] [MainThread] [I] [toil] Running Toil version 5.6.0-c34146a6437e4407a61e946e968bcce67a0ebbca on host mrc-tux.
[2022-05-12T15:24:40+0200] [MainThread] [I] [toil.leader] Issued job 'CWLJob' nameroot.cwl kind-CWLJob/instance-salxpecp v1 with job batch system ID: 0 and cores: 1, disk: 3.0 Gi, and memory: 2.0 Gi
[2022-05-12T15:24:41+0200] [MainThread] [I] [toil.worker] Redirecting logging to /tmp/7a1957c8b217590c92fd7b16e2f6fb6f/dcc8/worker_log.txt
[2022-05-12T15:24:41+0200] [MainThread] [I] [toil.leader] 0 jobs are running, 0 jobs are issued and waiting to run
[2022-05-12T15:24:42+0200] [MainThread] [I] [toil.leader] Finished toil run successfully.
[2022-05-12T15:24:42+0200] [MainThread] [I] [toil.common] Successfully deleted the job store: FileJobStore(/tmp/tmpn9ek1wry)
</system-err>
		</testcase>
		<testcase name="Test directory input with inputBinding" time="4.826976" class="shell_command, command_line_tool" file="input_dir_inputbinding" url="cwltest:conformance_tests#94">
			<system-out>{
    &quot;outlist&quot;: {
        &quot;location&quot;: &quot;file:///tmp/tmpfn7_anir/output.txt&quot;,
        &quot;basename&quot;: &quot;output.txt&quot;,
        &quot;nameroot&quot;: &quot;output&quot;,
        &quot;nameext&quot;: &quot;.txt&quot;,
        &quot;class&quot;: &quot;File&quot;,
        &quot;checksum&quot;: &quot;sha1$13cda8661796ae241da3a18668fb552161a72592&quot;,
        &quot;size&quot;: 20
    }
}</system-out>
			<system-err>[2022-05-12T15:24:40+0200] [MainThread] [I] [cwltool] Resolved 'tests/dir6.cwl' to 'file:///home/michael/cwl-v1.2/tests/dir6.cwl'
[2022-05-12T15:24:42+0200] [MainThread] [I] [toil.job] Saving graph of 1 jobs, 1 new
[2022-05-12T15:24:42+0200] [MainThread] [I] [toil.job] Processing job 'CWLJob' dir6.cwl kind-CWLJob/instance-xo9cjpva v0
[2022-05-12T15:24:42+0200] [MainThread] [I] [toil] Running Toil version 5.6.0-c34146a6437e4407a61e946e968bcce67a0ebbca on host mrc-tux.
[2022-05-12T15:24:42+0200] [MainThread] [I] [toil.leader] Issued job 'CWLJob' dir6.cwl kind-CWLJob/instance-xo9cjpva v1 with job batch system ID: 0 and cores: 1, disk: 3.0 Gi, and memory: 2.0 Gi
[2022-05-12T15:24:42+0200] [MainThread] [I] [toil.worker] Redirecting logging to /tmp/245551b5bcff5ca28caf327b35cee676/1b81/worker_log.txt
[2022-05-12T15:24:43+0200] [MainThread] [I] [toil.leader] 0 jobs are running, 0 jobs are issued and waiting to run
[2022-05-12T15:24:44+0200] [MainThread] [I] [toil.leader] Finished toil run successfully.
[2022-05-12T15:24:44+0200] [MainThread] [I] [toil.common] Successfully deleted the job store: FileJobStore(/tmp/tmpuyi_bgs5)
</system-err>
		</testcase>
		<testcase name="Test command line generation of array-of-arrays" time="4.889996" class="required, command_line_tool" file="cl_gen_arrayofarrays" url="cwltest:conformance_tests#95">
			<system-out>{
    &quot;echo&quot;: {
        &quot;location&quot;: &quot;file:///tmp/tmp7ibdoshe/echo.txt&quot;,
        &quot;basename&quot;: &quot;echo.txt&quot;,
        &quot;nameroot&quot;: &quot;echo&quot;,
        &quot;nameext&quot;: &quot;.txt&quot;,
        &quot;class&quot;: &quot;File&quot;,
        &quot;checksum&quot;: &quot;sha1$3f786850e387550fdab836ed7e6dc881de23001b&quot;,
        &quot;size&quot;: 2
    }
}</system-out>
			<system-err>[2022-05-12T15:24:40+0200] [MainThread] [I] [cwltool] Resolved 'tests/nested-array.cwl' to 'file:///home/michael/cwl-v1.2/tests/nested-array.cwl'
[2022-05-12T15:24:42+0200] [MainThread] [I] [toil.job] Saving graph of 1 jobs, 1 new
[2022-05-12T15:24:42+0200] [MainThread] [I] [toil.job] Processing job 'CWLJob' nested-array.cwl kind-CWLJob/instance-wcfgjn5g v0
[2022-05-12T15:24:42+0200] [MainThread] [I] [toil] Running Toil version 5.6.0-c34146a6437e4407a61e946e968bcce67a0ebbca on host mrc-tux.
[2022-05-12T15:24:42+0200] [MainThread] [I] [toil.leader] Issued job 'CWLJob' nested-array.cwl kind-CWLJob/instance-wcfgjn5g v1 with job batch system ID: 0 and cores: 1, disk: 3.0 Gi, and memory: 2.0 Gi
[2022-05-12T15:24:43+0200] [MainThread] [I] [toil.worker] Redirecting logging to /tmp/d2663f06b8455cb8bef93151db5133ff/f2f9/worker_log.txt
[2022-05-12T15:24:43+0200] [MainThread] [I] [toil.leader] 0 jobs are running, 0 jobs are issued and waiting to run
[2022-05-12T15:24:44+0200] [MainThread] [I] [toil.leader] Finished toil run successfully.
[2022-05-12T15:24:44+0200] [MainThread] [I] [toil.common] Successfully deleted the job store: FileJobStore(/tmp/tmpz1kxmixl)
</system-err>
		</testcase>
		<testcase name="Test $HOME and $TMPDIR are set correctly" time="5.352038" class="shell_command, command_line_tool" file="env_home_tmpdir" url="cwltest:conformance_tests#96">
			<system-out>{}</system-out>
			<system-err>[2022-05-12T15:24:42+0200] [MainThread] [I] [cwltool] Resolved 'tests/envvar.cwl' to 'file:///home/michael/cwl-v1.2/tests/envvar.cwl'
[2022-05-12T15:24:44+0200] [MainThread] [I] [toil.job] Saving graph of 1 jobs, 1 new
[2022-05-12T15:24:44+0200] [MainThread] [I] [toil.job] Processing job 'CWLJob' envvar.cwl kind-CWLJob/instance-o71rfnbo v0
[2022-05-12T15:24:44+0200] [MainThread] [I] [toil] Running Toil version 5.6.0-c34146a6437e4407a61e946e968bcce67a0ebbca on host mrc-tux.
[2022-05-12T15:24:44+0200] [MainThread] [I] [toil.leader] Issued job 'CWLJob' envvar.cwl kind-CWLJob/instance-o71rfnbo v1 with job batch system ID: 0 and cores: 1, disk: 3.0 Gi, and memory: 2.0 Gi
[2022-05-12T15:24:45+0200] [MainThread] [I] [toil.worker] Redirecting logging to /tmp/7929f46179db5fc4a2b3b139a1f8c786/5f3e/worker_log.txt
[2022-05-12T15:24:45+0200] [MainThread] [I] [toil.leader] 0 jobs are running, 0 jobs are issued and waiting to run
[2022-05-12T15:24:46+0200] [MainThread] [I] [toil.leader] Finished toil run successfully.
[2022-05-12T15:24:47+0200] [MainThread] [I] [toil.common] Successfully deleted the job store: FileJobStore(/tmp/tmpdt9vi4co)
</system-err>
		</testcase>
		<testcase name="Test $HOME and $TMPDIR are set correctly in Docker" time="6.489746" class="shell_command, command_line_tool" file="env_home_tmpdir_docker" url="cwltest:conformance_tests#97">
			<system-out>{}</system-out>
			<system-err>[2022-05-12T15:24:43+0200] [MainThread] [I] [cwltool] Resolved 'tests/envvar2.cwl' to 'file:///home/michael/cwl-v1.2/tests/envvar2.cwl'
[2022-05-12T15:24:46+0200] [MainThread] [I] [toil.job] Saving graph of 1 jobs, 1 new
[2022-05-12T15:24:46+0200] [MainThread] [I] [toil.job] Processing job 'CWLJob' envvar2.cwl kind-CWLJob/instance-2s2gt7wy v0
[2022-05-12T15:24:46+0200] [MainThread] [I] [toil] Running Toil version 5.6.0-c34146a6437e4407a61e946e968bcce67a0ebbca on host mrc-tux.
[2022-05-12T15:24:46+0200] [MainThread] [I] [toil.leader] Issued job 'CWLJob' envvar2.cwl kind-CWLJob/instance-2s2gt7wy v1 with job batch system ID: 0 and cores: 1, disk: 3.0 Gi, and memory: 2.0 Gi
[2022-05-12T15:24:46+0200] [MainThread] [I] [toil.worker] Redirecting logging to /tmp/394783e0e3225ed1ab97bda42cd0ff55/5098/worker_log.txt
[2022-05-12T15:24:48+0200] [MainThread] [I] [toil.leader] 0 jobs are running, 0 jobs are issued and waiting to run
[2022-05-12T15:24:49+0200] [MainThread] [I] [toil.leader] Finished toil run successfully.
[2022-05-12T15:24:49+0200] [MainThread] [I] [toil.common] Successfully deleted the job store: FileJobStore(/tmp/tmpelqurc2m)
</system-err>
		</testcase>
		<testcase name="Test that expressionLib requirement of individual tool step overrides expressionLib of workflow." time="10.158143" class="inline_javascript, workflow" file="expressionlib_tool_wf_override" url="cwltest:conformance_tests#98">
			<system-out>{
    &quot;out&quot;: {
        &quot;location&quot;: &quot;file:///tmp/tmp8nvyhn7c/whatever.txt&quot;,
        &quot;basename&quot;: &quot;whatever.txt&quot;,
        &quot;nameroot&quot;: &quot;whatever&quot;,
        &quot;nameext&quot;: &quot;.txt&quot;,
        &quot;class&quot;: &quot;File&quot;,
        &quot;checksum&quot;: &quot;sha1$7448d8798a4380162d4b56f9b452e2f6f9e24e7a&quot;,
        &quot;size&quot;: 2
    }
}</system-out>
			<system-err>[2022-05-12T15:24:45+0200] [MainThread] [I] [cwltool] Resolved 'tests/js-expr-req-wf.cwl#wf' to 'file:///home/michael/cwl-v1.2/tests/js-expr-req-wf.cwl#wf'
[2022-05-12T15:24:49+0200] [MainThread] [I] [toil.job] Saving graph of 2 jobs, 2 new
[2022-05-12T15:24:49+0200] [MainThread] [I] [toil.job] Processing job 'ResolveIndirect' kind-ResolveIndirect/instance-feunxodq v0
[2022-05-12T15:24:49+0200] [MainThread] [I] [toil.job] Processing job 'CWLWorkflow' kind-CWLWorkflow/instance-mu1f5jg5 v0
[2022-05-12T15:24:49+0200] [MainThread] [I] [toil] Running Toil version 5.6.0-c34146a6437e4407a61e946e968bcce67a0ebbca on host mrc-tux.
[2022-05-12T15:24:50+0200] [MainThread] [I] [toil.worker] Redirecting logging to /tmp/c32a670459a756f7994092649b008a54/3288/worker_log.txt
[2022-05-12T15:24:50+0200] [MainThread] [I] [toil.leader] 0 jobs are running, 0 jobs are issued and waiting to run
[2022-05-12T15:24:50+0200] [MainThread] [I] [toil.leader] Issued job 'CWLJob' wf.tool.tool kind-CWLJob/instance-mh4pd5bw v1 with job batch system ID: 1 and cores: 1, disk: 3.0 Gi, and memory: 2.0 Gi
[2022-05-12T15:24:50+0200] [MainThread] [I] [toil.worker] Redirecting logging to /tmp/c32a670459a756f7994092649b008a54/e12e/worker_log.txt
[2022-05-12T15:24:51+0200] [MainThread] [I] [toil.worker] Redirecting logging to /tmp/c32a670459a756f7994092649b008a54/0a5d/worker_log.txt
[2022-05-12T15:24:52+0200] [MainThread] [I] [toil.worker] Redirecting logging to /tmp/c32a670459a756f7994092649b008a54/4ffd/worker_log.txt
[2022-05-12T15:24:54+0200] [MainThread] [I] [toil.leader] Finished toil run successfully.
[2022-05-12T15:24:54+0200] [MainThread] [I] [toil.common] Successfully deleted the job store: FileJobStore(/tmp/tmpa1_3u5du)
</system-err>
		</testcase>
		<testcase name="Test output of InitialWorkDir" time="6.521861" class="docker, initial_work_dir, command_line_tool" file="initial_workdir_output" url="cwltest:conformance_tests#99">
			<system-out>{
    &quot;OUTPUT&quot;: {
        &quot;location&quot;: &quot;file:///tmp/tmprtq1it_i/ref.fasta&quot;,
        &quot;basename&quot;: &quot;ref.fasta&quot;,
        &quot;nameroot&quot;: &quot;ref&quot;,
        &quot;nameext&quot;: &quot;.fasta&quot;,
        &quot;class&quot;: &quot;File&quot;,
        &quot;checksum&quot;: &quot;sha1$aeb3d11bdf536511649129f4077d5cda6a324118&quot;,
        &quot;size&quot;: 12010,
        &quot;secondaryFiles&quot;: [
            {
                &quot;basename&quot;: &quot;ref.fasta.fai&quot;,
                &quot;location&quot;: &quot;file:///tmp/tmprtq1it_i/ref.fasta.fai&quot;,
                &quot;class&quot;: &quot;File&quot;,
                &quot;nameroot&quot;: &quot;ref.fasta&quot;,
                &quot;nameext&quot;: &quot;.fai&quot;,
                &quot;checksum&quot;: &quot;sha1$da39a3ee5e6b4b0d3255bfef95601890afd80709&quot;,
                &quot;size&quot;: 0
            }
        ]
    }
}</system-out>
			<system-err>[2022-05-12T15:24:45+0200] [MainThread] [I] [cwltool] Resolved 'tests/initialworkdirrequirement-docker-out.cwl' to 'file:///home/michael/cwl-v1.2/tests/initialworkdirrequirement-docker-out.cwl'
[2022-05-12T15:24:48+0200] [MainThread] [I] [toil.job] Saving graph of 1 jobs, 1 new
[2022-05-12T15:24:48+0200] [MainThread] [I] [toil.job] Processing job 'CWLJob' initialworkdirrequirement-docker-out.cwl kind-CWLJob/instance-5x2m7l5j v0
[2022-05-12T15:24:48+0200] [MainThread] [I] [toil] Running Toil version 5.6.0-c34146a6437e4407a61e946e968bcce67a0ebbca on host mrc-tux.
[2022-05-12T15:24:48+0200] [MainThread] [I] [toil.leader] Issued job 'CWLJob' initialworkdirrequirement-docker-out.cwl kind-CWLJob/instance-5x2m7l5j v1 with job batch system ID: 0 and cores: 1, disk: 3.0 Gi, and memory: 2.0 Gi
[2022-05-12T15:24:48+0200] [MainThread] [I] [toil.worker] Redirecting logging to /tmp/1e5b16ff433259ba8493e689b0cf3445/edce/worker_log.txt
[2022-05-12T15:24:50+0200] [MainThread] [I] [toil.leader] 0 jobs are running, 0 jobs are issued and waiting to run
[2022-05-12T15:24:51+0200] [MainThread] [I] [toil.leader] Finished toil run successfully.
[2022-05-12T15:24:51+0200] [MainThread] [I] [toil.common] Successfully deleted the job store: FileJobStore(/tmp/tmpmzax17eq)
</system-err>
		</testcase>
		<testcase name="Test embedded subworkflow" time="14.096237" class="subworkflow, workflow" file="embedded_subworkflow" url="cwltest:conformance_tests#100">
			<system-out>{
    &quot;count_output&quot;: 16
}</system-out>
			<system-err>[2022-05-12T15:24:48+0200] [MainThread] [I] [cwltool] Resolved 'tests/count-lines10-wf.cwl' to 'file:///home/michael/cwl-v1.2/tests/count-lines10-wf.cwl'
[2022-05-12T15:24:54+0200] [MainThread] [I] [toil.job] Saving graph of 2 jobs, 2 new
[2022-05-12T15:24:54+0200] [MainThread] [I] [toil.job] Processing job 'ResolveIndirect' kind-ResolveIndirect/instance-eh6t99rb v0
[2022-05-12T15:24:54+0200] [MainThread] [I] [toil.job] Processing job 'CWLWorkflow' kind-CWLWorkflow/instance-pfuypunw v0
[2022-05-12T15:24:54+0200] [MainThread] [I] [toil] Running Toil version 5.6.0-c34146a6437e4407a61e946e968bcce67a0ebbca on host mrc-tux.
[2022-05-12T15:24:54+0200] [MainThread] [I] [toil.worker] Redirecting logging to /tmp/c740e584c59c55a6bef1e098c71517a1/eab4/worker_log.txt
[2022-05-12T15:24:54+0200] [MainThread] [I] [toil.leader] 0 jobs are running, 0 jobs are issued and waiting to run
[2022-05-12T15:24:55+0200] [MainThread] [I] [toil.worker] Redirecting logging to /tmp/c740e584c59c55a6bef1e098c71517a1/4fae/worker_log.txt
[2022-05-12T15:24:55+0200] [MainThread] [I] [toil.leader] Issued job 'CWLJob' _:1dd163b9-da58-4ac3-ad85-465098d0ea3f.step1.wc-tool.cwl kind-CWLJob/instance-2ej23h4j v1 with job batch system ID: 2 and cores: 1, disk: 3.0 Gi, and memory: 2.0 Gi
[2022-05-12T15:24:56+0200] [MainThread] [I] [toil.worker] Redirecting logging to /tmp/c740e584c59c55a6bef1e098c71517a1/f173/worker_log.txt
[2022-05-12T15:24:57+0200] [MainThread] [I] [toil.worker] Redirecting logging to /tmp/c740e584c59c55a6bef1e098c71517a1/c751/worker_log.txt
[2022-05-12T15:24:57+0200] [MainThread] [I] [toil.worker] Redirecting logging to /tmp/c740e584c59c55a6bef1e098c71517a1/671b/worker_log.txt
[2022-05-12T15:24:58+0200] [MainThread] [I] [toil.worker] Redirecting logging to /tmp/c740e584c59c55a6bef1e098c71517a1/457f/worker_log.txt
[2022-05-12T15:24:59+0200] [MainThread] [I] [toil.worker] Redirecting logging to /tmp/c740e584c59c55a6bef1e098c71517a1/918f/worker_log.txt
[2022-05-12T15:25:01+0200] [MainThread] [I] [toil.leader] Finished toil run successfully.
[2022-05-12T15:25:01+0200] [MainThread] [I] [toil.common] Successfully deleted the job store: FileJobStore(/tmp/tmp228s9za1)
</system-err>
		</testcase>
		<testcase name="Test required, optional and null secondaryFiles on array of files." time="7.978306" class="docker, inline_javascript, shell_command, command_line_tool" file="filesarray_secondaryfiles" url="cwltest:conformance_tests#101">
			<system-out>{
    &quot;bai_list&quot;: {
        &quot;location&quot;: &quot;file:///tmp/tmp93czm2o1/fai.list&quot;,
        &quot;basename&quot;: &quot;fai.list&quot;,
        &quot;nameroot&quot;: &quot;fai&quot;,
        &quot;nameext&quot;: &quot;.list&quot;,
        &quot;class&quot;: &quot;File&quot;,
        &quot;checksum&quot;: &quot;sha1$081fc0e57d6efa5f75eeb237aab1d04031132be6&quot;,
        &quot;size&quot;: 386,
        &quot;secondaryFiles&quot;: []
    }
}</system-out>
			<system-err>[2022-05-12T15:24:50+0200] [MainThread] [I] [cwltool] Resolved 'tests/docker-array-secondaryfiles.cwl' to 'file:///home/michael/cwl-v1.2/tests/docker-array-secondaryfiles.cwl'
[2022-05-12T15:24:53+0200] [MainThread] [I] [toil.job] Saving graph of 1 jobs, 1 new
[2022-05-12T15:24:53+0200] [MainThread] [I] [toil.job] Processing job 'CWLJob' docker-array-secondaryfiles.cwl kind-CWLJob/instance-beiom_zm v0
[2022-05-12T15:24:53+0200] [MainThread] [I] [toil] Running Toil version 5.6.0-c34146a6437e4407a61e946e968bcce67a0ebbca on host mrc-tux.
[2022-05-12T15:24:53+0200] [MainThread] [I] [toil.leader] Issued job 'CWLJob' docker-array-secondaryfiles.cwl kind-CWLJob/instance-beiom_zm v1 with job batch system ID: 0 and cores: 1, disk: 3.0 Gi, and memory: 2.0 Gi
[2022-05-12T15:24:53+0200] [MainThread] [I] [toil.worker] Redirecting logging to /tmp/1d99441e7e905052a85515efc70023eb/00cc/worker_log.txt
[2022-05-12T15:24:55+0200] [MainThread] [I] [toil.leader] 1 jobs are running, 0 jobs are issued and waiting to run
[2022-05-12T15:24:57+0200] [MainThread] [I] [toil.leader] Finished toil run successfully.
[2022-05-12T15:24:57+0200] [MainThread] [I] [toil.common] Successfully deleted the job store: FileJobStore(/tmp/tmp0oszfs35)
</system-err>
		</testcase>
		<testcase name="Test required, optional and null secondaryFiles on array of files." time="3.568733" class="docker, inline_javascript, shell_command, command_line_tool" file="filesarray_secondaryfiles2" url="cwltest:conformance_tests#102">
			<system-err>[2022-05-12T15:24:51+0200] [MainThread] [I] [cwltool] Resolved 'tests/docker-array-secondaryfiles.cwl' to 'file:///home/michael/cwl-v1.2/tests/docker-array-secondaryfiles.cwl'
Traceback (most recent call last):
  File &quot;/home/michael/common-workflow-language/toil5.6.0/bin/toil-cwl-runner&quot;, line 8, in &lt;module&gt;
    sys.exit(main())
  File &quot;/home/michael/common-workflow-language/toil5.6.0/lib/python3.10/site-packages/toil/cwl/cwltoil.py&quot;, line 3418, in main
    builder = tool._init_job(initialized_job_order, runtime_context)
  File &quot;/home/michael/common-workflow-language/toil5.6.0/lib/python3.10/site-packages/cwltool/process.py&quot;, line 920, in _init_job
    builder.bind_input(
  File &quot;/home/michael/common-workflow-language/toil5.6.0/lib/python3.10/site-packages/cwltool/builder.py&quot;, line 355, in bind_input
    self.bind_input(
  File &quot;/home/michael/common-workflow-language/toil5.6.0/lib/python3.10/site-packages/cwltool/builder.py&quot;, line 321, in bind_input
    self.bind_input(
  File &quot;/home/michael/common-workflow-language/toil5.6.0/lib/python3.10/site-packages/cwltool/builder.py&quot;, line 380, in bind_input
    self.bind_input(
  File &quot;/home/michael/common-workflow-language/toil5.6.0/lib/python3.10/site-packages/cwltool/builder.py&quot;, line 539, in bind_input
    raise SourceLine(
cwltool.errors.WorkflowException: Missing required secondary file '.dat' from file object: {
    &quot;class&quot;: &quot;File&quot;,
    &quot;location&quot;: &quot;file:///home/michael/cwl-v1.2/tests/ref.fasta&quot;,
    &quot;size&quot;: 12010,
    &quot;basename&quot;: &quot;ref.fasta&quot;,
    &quot;nameroot&quot;: &quot;ref&quot;,
    &quot;nameext&quot;: &quot;.fasta&quot;,
    &quot;secondaryFiles&quot;: [
        {
            &quot;location&quot;: &quot;file:///home/michael/cwl-v1.2/tests/ref.fasta.fai&quot;,
            &quot;basename&quot;: &quot;ref.fasta.fai&quot;,
            &quot;class&quot;: &quot;File&quot;
        }
    ]
}
</system-err>
		</testcase>
		<testcase name="Test directory literal output created by ExpressionTool" time="6.144137" class="inline_javascript, expression_tool" file="exprtool_directory_literal" url="cwltest:conformance_tests#103">
			<system-out>{
    &quot;dir&quot;: {
        &quot;class&quot;: &quot;Directory&quot;,
        &quot;basename&quot;: &quot;a_directory&quot;,
        &quot;listing&quot;: [
            {
                &quot;class&quot;: &quot;File&quot;,
                &quot;location&quot;: &quot;file:///tmp/tmpfijp1ut2/a_directory/hello.txt&quot;,
                &quot;size&quot;: 13,
                &quot;basename&quot;: &quot;hello.txt&quot;,
                &quot;nameroot&quot;: &quot;hello&quot;,
                &quot;nameext&quot;: &quot;.txt&quot;,
                &quot;checksum&quot;: &quot;sha1$47a013e660d408619d894b20806b1d5086aab03b&quot;
            },
            {
                &quot;class&quot;: &quot;File&quot;,
                &quot;location&quot;: &quot;file:///tmp/tmpfijp1ut2/a_directory/whale.txt&quot;,
                &quot;size&quot;: 1111,
                &quot;basename&quot;: &quot;whale.txt&quot;,
                &quot;nameroot&quot;: &quot;whale&quot;,
                &quot;nameext&quot;: &quot;.txt&quot;,
                &quot;checksum&quot;: &quot;sha1$327fc7aedf4f6b69a42a7c8b808dc5a7aff61376&quot;
            }
        ],
        &quot;location&quot;: &quot;file:///tmp/tmpfijp1ut2/a_directory&quot;
    }
}</system-out>
			<system-err>[2022-05-12T15:24:55+0200] [MainThread] [I] [cwltool] Resolved 'tests/dir7.cwl' to 'file:///home/michael/cwl-v1.2/tests/dir7.cwl'
[2022-05-12T15:24:57+0200] [MainThread] [I] [toil.job] Saving graph of 1 jobs, 1 new
[2022-05-12T15:24:57+0200] [MainThread] [I] [toil.job] Processing job 'CWLJob' dir7.cwl kind-CWLJob/instance-3shn9sej v0
[2022-05-12T15:24:57+0200] [MainThread] [I] [toil] Running Toil version 5.6.0-c34146a6437e4407a61e946e968bcce67a0ebbca on host mrc-tux.
[2022-05-12T15:24:57+0200] [MainThread] [I] [toil.leader] Issued job 'CWLJob' dir7.cwl kind-CWLJob/instance-3shn9sej v1 with job batch system ID: 0 and cores: 1, disk: 3.0 Gi, and memory: 2.0 Gi
[2022-05-12T15:24:58+0200] [MainThread] [I] [toil.worker] Redirecting logging to /tmp/fef437812da85805a26f239f4c9da6da/91d9/worker_log.txt
[2022-05-12T15:24:58+0200] [MainThread] [I] [toil.leader] 0 jobs are running, 0 jobs are issued and waiting to run
[2022-05-12T15:25:00+0200] [MainThread] [I] [toil.leader] Finished toil run successfully.
[2022-05-12T15:25:00+0200] [MainThread] [I] [toil.common] Successfully deleted the job store: FileJobStore(/tmp/tmpsai1x8ep)
</system-err>
		</testcase>
		<testcase name="Test file literal output created by ExpressionTool" time="5.374160" class="inline_javascript, expression_tool" file="exprtool_file_literal" url="cwltest:conformance_tests#104">
			<system-out>{
    &quot;lit&quot;: {
        &quot;class&quot;: &quot;File&quot;,
        &quot;basename&quot;: &quot;a_file&quot;,
        &quot;location&quot;: &quot;file:///tmp/tmp_754pl4h/a_file&quot;,
        &quot;nameroot&quot;: &quot;a_file&quot;,
        &quot;nameext&quot;: &quot;&quot;,
        &quot;checksum&quot;: &quot;sha1$fea23663b9c8ed71968f86415b5ec091bb111448&quot;,
        &quot;size&quot;: 19
    }
}</system-out>
			<system-err>[2022-05-12T15:24:55+0200] [MainThread] [I] [cwltool] Resolved 'tests/file-literal-ex.cwl' to 'file:///home/michael/cwl-v1.2/tests/file-literal-ex.cwl'
[2022-05-12T15:24:58+0200] [MainThread] [I] [toil.job] Saving graph of 1 jobs, 1 new
[2022-05-12T15:24:58+0200] [MainThread] [I] [toil.job] Processing job 'CWLJob' file-literal-ex.cwl kind-CWLJob/instance-o_kjc445 v0
[2022-05-12T15:24:58+0200] [MainThread] [I] [toil] Running Toil version 5.6.0-c34146a6437e4407a61e946e968bcce67a0ebbca on host mrc-tux.
[2022-05-12T15:24:58+0200] [MainThread] [I] [toil.leader] Issued job 'CWLJob' file-literal-ex.cwl kind-CWLJob/instance-o_kjc445 v1 with job batch system ID: 0 and cores: 1, disk: 3.0 Gi, and memory: 2.0 Gi
[2022-05-12T15:24:58+0200] [MainThread] [I] [toil.worker] Redirecting logging to /tmp/8312bf231f7d51289521b086d87f7c0d/f55b/worker_log.txt
[2022-05-12T15:24:59+0200] [MainThread] [I] [toil.leader] 0 jobs are running, 0 jobs are issued and waiting to run
[2022-05-12T15:25:00+0200] [MainThread] [I] [toil.leader] Finished toil run successfully.
[2022-05-12T15:25:00+0200] [MainThread] [I] [toil.common] Successfully deleted the job store: FileJobStore(/tmp/tmp58dn_uw3)
</system-err>
		</testcase>
		<testcase name="Test dockerOutputDirectory" time="5.774882" class="docker, command_line_tool" file="dockeroutputdir" url="cwltest:conformance_tests#105">
			<system-out>{
    &quot;thing&quot;: {
        &quot;location&quot;: &quot;file:///tmp/tmpa4irjwos/thing&quot;,
        &quot;basename&quot;: &quot;thing&quot;,
        &quot;nameroot&quot;: &quot;thing&quot;,
        &quot;nameext&quot;: &quot;&quot;,
        &quot;class&quot;: &quot;File&quot;,
        &quot;checksum&quot;: &quot;sha1$da39a3ee5e6b4b0d3255bfef95601890afd80709&quot;,
        &quot;size&quot;: 0
    }
}</system-out>
			<system-err>[2022-05-12T15:24:58+0200] [MainThread] [I] [cwltool] Resolved 'tests/docker-output-dir.cwl' to 'file:///home/michael/cwl-v1.2/tests/docker-output-dir.cwl'
[2022-05-12T15:25:00+0200] [MainThread] [I] [toil.job] Saving graph of 1 jobs, 1 new
[2022-05-12T15:25:00+0200] [MainThread] [I] [toil.job] Processing job 'CWLJob' docker-output-dir.cwl kind-CWLJob/instance-_n_flsfj v0
[2022-05-12T15:25:00+0200] [MainThread] [I] [toil] Running Toil version 5.6.0-c34146a6437e4407a61e946e968bcce67a0ebbca on host mrc-tux.
[2022-05-12T15:25:00+0200] [MainThread] [I] [toil.leader] Issued job 'CWLJob' docker-output-dir.cwl kind-CWLJob/instance-_n_flsfj v1 with job batch system ID: 0 and cores: 1, disk: 3.0 Gi, and memory: 2.0 Gi
[2022-05-12T15:25:00+0200] [MainThread] [I] [toil.worker] Redirecting logging to /tmp/07729f52c0bb5d41b77f796a08072d2c/787b/worker_log.txt
[2022-05-12T15:25:01+0200] [MainThread] [I] [toil.leader] 0 jobs are running, 0 jobs are issued and waiting to run
[2022-05-12T15:25:03+0200] [MainThread] [I] [toil.leader] Finished toil run successfully.
[2022-05-12T15:25:03+0200] [MainThread] [I] [toil.common] Successfully deleted the job store: FileJobStore(/tmp/tmpj3h6jfvj)
</system-err>
		</testcase>
		<testcase name="Test hints with $import" time="4.612220" class="required, command_line_tool" file="hints_import" url="cwltest:conformance_tests#106">
			<system-out>{
    &quot;out&quot;: {
        &quot;location&quot;: &quot;file:///tmp/tmpudnvxxkj/out&quot;,
        &quot;basename&quot;: &quot;out&quot;,
        &quot;nameroot&quot;: &quot;out&quot;,
        &quot;nameext&quot;: &quot;&quot;,
        &quot;class&quot;: &quot;File&quot;,
        &quot;checksum&quot;: &quot;sha1$b3ec4ed1749c207e52b3a6d08c59f31d83bff519&quot;,
        &quot;size&quot;: 15
    }
}</system-out>
			<system-err>[2022-05-12T15:25:00+0200] [MainThread] [I] [cwltool] Resolved 'tests/imported-hint.cwl' to 'file:///home/michael/cwl-v1.2/tests/imported-hint.cwl'
[2022-05-12T15:25:02+0200] [MainThread] [I] [toil.job] Saving graph of 1 jobs, 1 new
[2022-05-12T15:25:02+0200] [MainThread] [I] [toil.job] Processing job 'CWLJob' imported-hint.cwl kind-CWLJob/instance-rbr2x3pz v0
[2022-05-12T15:25:02+0200] [MainThread] [I] [toil] Running Toil version 5.6.0-c34146a6437e4407a61e946e968bcce67a0ebbca on host mrc-tux.
[2022-05-12T15:25:02+0200] [MainThread] [I] [toil.leader] Issued job 'CWLJob' imported-hint.cwl kind-CWLJob/instance-rbr2x3pz v1 with job batch system ID: 0 and cores: 1, disk: 3.0 Gi, and memory: 2.0 Gi
[2022-05-12T15:25:03+0200] [MainThread] [I] [toil.worker] Redirecting logging to /tmp/32ff02e25b2d5ffe848e335b61b60ee4/9d28/worker_log.txt
[2022-05-12T15:25:03+0200] [MainThread] [I] [toil.leader] 0 jobs are running, 0 jobs are issued and waiting to run
[2022-05-12T15:25:04+0200] [MainThread] [I] [toil.leader] Finished toil run successfully.
[2022-05-12T15:25:04+0200] [MainThread] [I] [toil.common] Successfully deleted the job store: FileJobStore(/tmp/tmprflbq_rv)
</system-err>
		</testcase>
		<testcase name="Test warning instead of error when default path is not found" time="4.589143" class="required, command_line_tool" file="default_path_notfound_warning" url="cwltest:conformance_tests#107">
			<system-out>{}</system-out>
			<system-err>[2022-05-12T15:25:01+0200] [MainThread] [I] [cwltool] Resolved 'tests/default_path.cwl' to 'file:///home/michael/cwl-v1.2/tests/default_path.cwl'
[2022-05-12T15:25:03+0200] [MainThread] [I] [toil.job] Saving graph of 1 jobs, 1 new
[2022-05-12T15:25:03+0200] [MainThread] [I] [toil.job] Processing job 'CWLJob' default_path.cwl kind-CWLJob/instance-gngnd3ef v0
[2022-05-12T15:25:03+0200] [MainThread] [I] [toil] Running Toil version 5.6.0-c34146a6437e4407a61e946e968bcce67a0ebbca on host mrc-tux.
[2022-05-12T15:25:03+0200] [MainThread] [I] [toil.leader] Issued job 'CWLJob' default_path.cwl kind-CWLJob/instance-gngnd3ef v1 with job batch system ID: 0 and cores: 1, disk: 3.0 Gi, and memory: 2.0 Gi
[2022-05-12T15:25:03+0200] [MainThread] [I] [toil.worker] Redirecting logging to /tmp/d9fc6d8717325bb18b8217cc751a7e56/5a4b/worker_log.txt
[2022-05-12T15:25:03+0200] [MainThread] [I] [toil.leader] 0 jobs are running, 0 jobs are issued and waiting to run
[2022-05-12T15:25:05+0200] [MainThread] [I] [toil.leader] Finished toil run successfully.
[2022-05-12T15:25:05+0200] [MainThread] [I] [toil.common] Successfully deleted the job store: FileJobStore(/tmp/tmp6jgqhmd9)
</system-err>
		</testcase>
		<testcase name="Test InlineJavascriptRequirement with multiple expressions in the same tool" time="5.942954" class="inline_javascript, command_line_tool" file="inlinejs_req_expressions" url="cwltest:conformance_tests#108">
			<system-out>{
    &quot;args&quot;: [
        &quot;-A&quot;,
        &quot;2&quot;,
        &quot;-B&quot;,
        &quot;baz&quot;,
        &quot;-C&quot;,
        &quot;10&quot;,
        &quot;9&quot;,
        &quot;8&quot;,
        &quot;7&quot;,
        &quot;6&quot;,
        &quot;5&quot;,
        &quot;4&quot;,
        &quot;3&quot;,
        &quot;2&quot;,
        &quot;1&quot;,
        &quot;-D&quot;
    ]
}</system-out>
			<system-err>[2022-05-12T15:25:01+0200] [MainThread] [I] [cwltool] Resolved 'tests/inline-js.cwl' to 'file:///home/michael/cwl-v1.2/tests/inline-js.cwl'
[2022-05-12T15:25:04+0200] [MainThread] [I] [toil.job] Saving graph of 1 jobs, 1 new
[2022-05-12T15:25:04+0200] [MainThread] [I] [toil.job] Processing job 'CWLJob' inline-js.cwl kind-CWLJob/instance-yi3uhc3m v0
[2022-05-12T15:25:04+0200] [MainThread] [I] [toil] Running Toil version 5.6.0-c34146a6437e4407a61e946e968bcce67a0ebbca on host mrc-tux.
[2022-05-12T15:25:04+0200] [MainThread] [I] [toil.leader] Issued job 'CWLJob' inline-js.cwl kind-CWLJob/instance-yi3uhc3m v1 with job batch system ID: 0 and cores: 1, disk: 3.0 Gi, and memory: 2.0 Gi
[2022-05-12T15:25:04+0200] [MainThread] [I] [toil.worker] Redirecting logging to /tmp/c7fb6d1dc12b5b23bca6558ab3ad9e7c/4c47/worker_log.txt
[2022-05-12T15:25:06+0200] [MainThread] [I] [toil.leader] 0 jobs are running, 0 jobs are issued and waiting to run
[2022-05-12T15:25:07+0200] [MainThread] [I] [toil.leader] Finished toil run successfully.
[2022-05-12T15:25:07+0200] [MainThread] [I] [toil.common] Successfully deleted the job store: FileJobStore(/tmp/tmp9myh61dq)
</system-err>
		</testcase>
		<testcase name="Test if a writable input directory is recursively copied and writable" time="4.693681" class="initial_work_dir, shell_command, command_line_tool" file="input_dir_recurs_copy_writable" url="cwltest:conformance_tests#109">
			<system-out>{
    &quot;output_dir&quot;: {
        &quot;location&quot;: &quot;file:///tmp/tmppmgq_vm8/work_dir&quot;,
        &quot;basename&quot;: &quot;work_dir&quot;,
        &quot;nameroot&quot;: &quot;work_dir&quot;,
        &quot;nameext&quot;: &quot;&quot;,
        &quot;class&quot;: &quot;Directory&quot;,
        &quot;listing&quot;: [
            {
                &quot;class&quot;: &quot;File&quot;,
                &quot;location&quot;: &quot;file:///tmp/tmppmgq_vm8/work_dir/e&quot;,
                &quot;basename&quot;: &quot;e&quot;,
                &quot;size&quot;: 0,
                &quot;nameroot&quot;: &quot;e&quot;,
                &quot;nameext&quot;: &quot;&quot;,
                &quot;checksum&quot;: &quot;sha1$da39a3ee5e6b4b0d3255bfef95601890afd80709&quot;
            },
            {
                &quot;class&quot;: &quot;File&quot;,
                &quot;location&quot;: &quot;file:///tmp/tmppmgq_vm8/work_dir/b&quot;,
                &quot;basename&quot;: &quot;b&quot;,
                &quot;size&quot;: 0,
                &quot;nameroot&quot;: &quot;b&quot;,
                &quot;nameext&quot;: &quot;&quot;,
                &quot;checksum&quot;: &quot;sha1$da39a3ee5e6b4b0d3255bfef95601890afd80709&quot;
            },
            {
                &quot;class&quot;: &quot;Directory&quot;,
                &quot;location&quot;: &quot;file:///tmp/tmppmgq_vm8/work_dir/c&quot;,
                &quot;basename&quot;: &quot;c&quot;,
                &quot;listing&quot;: [
                    {
                        &quot;class&quot;: &quot;File&quot;,
                        &quot;location&quot;: &quot;file:///tmp/tmppmgq_vm8/work_dir/c/d&quot;,
                        &quot;basename&quot;: &quot;d&quot;,
                        &quot;size&quot;: 0,
                        &quot;nameroot&quot;: &quot;d&quot;,
                        &quot;nameext&quot;: &quot;&quot;,
                        &quot;checksum&quot;: &quot;sha1$da39a3ee5e6b4b0d3255bfef95601890afd80709&quot;
                    }
                ]
            },
            {
                &quot;class&quot;: &quot;File&quot;,
                &quot;location&quot;: &quot;file:///tmp/tmppmgq_vm8/work_dir/a&quot;,
                &quot;basename&quot;: &quot;a&quot;,
                &quot;size&quot;: 0,
                &quot;nameroot&quot;: &quot;a&quot;,
                &quot;nameext&quot;: &quot;&quot;,
                &quot;checksum&quot;: &quot;sha1$da39a3ee5e6b4b0d3255bfef95601890afd80709&quot;
            }
        ]
    },
    &quot;test_result&quot;: {
        &quot;location&quot;: &quot;file:///tmp/tmppmgq_vm8/output.txt&quot;,
        &quot;basename&quot;: &quot;output.txt&quot;,
        &quot;nameroot&quot;: &quot;output&quot;,
        &quot;nameext&quot;: &quot;.txt&quot;,
        &quot;class&quot;: &quot;File&quot;,
        &quot;checksum&quot;: &quot;sha1$da39a3ee5e6b4b0d3255bfef95601890afd80709&quot;,
        &quot;size&quot;: 0
    }
}</system-out>
			<system-err>[2022-05-12T15:25:03+0200] [MainThread] [I] [cwltool] Resolved 'tests/recursive-input-directory.cwl' to 'file:///home/michael/cwl-v1.2/tests/recursive-input-directory.cwl'
[2022-05-12T15:25:05+0200] [MainThread] [I] [toil.job] Saving graph of 1 jobs, 1 new
[2022-05-12T15:25:05+0200] [MainThread] [I] [toil.job] Processing job 'CWLJob' recursive-input-directory.cwl kind-CWLJob/instance-62vt_v1f v0
[2022-05-12T15:25:05+0200] [MainThread] [I] [toil] Running Toil version 5.6.0-c34146a6437e4407a61e946e968bcce67a0ebbca on host mrc-tux.
[2022-05-12T15:25:05+0200] [MainThread] [I] [toil.leader] Issued job 'CWLJob' recursive-input-directory.cwl kind-CWLJob/instance-62vt_v1f v1 with job batch system ID: 0 and cores: 1, disk: 3.0 Gi, and memory: 2.0 Gi
[2022-05-12T15:25:06+0200] [MainThread] [I] [toil.worker] Redirecting logging to /tmp/1e0624406a2a5395a6ad041167341384/3c6d/worker_log.txt
[2022-05-12T15:25:06+0200] [MainThread] [I] [toil.leader] 0 jobs are running, 0 jobs are issued and waiting to run
[2022-05-12T15:25:07+0200] [MainThread] [I] [toil.leader] Finished toil run successfully.
[2022-05-12T15:25:07+0200] [MainThread] [I] [toil.common] Successfully deleted the job store: FileJobStore(/tmp/tmpg1pldvs4)
</system-err>
		</testcase>
		<testcase name="Test that missing parameters are null (not undefined) in expression" time="6.002671" class="inline_javascript, command_line_tool" file="null_missing_params" url="cwltest:conformance_tests#110">
			<system-out>{
    &quot;out&quot;: &quot;t\n&quot;
}</system-out>
			<system-err>[2022-05-12T15:25:05+0200] [MainThread] [I] [cwltool] Resolved 'tests/null-defined.cwl' to 'file:///home/michael/cwl-v1.2/tests/null-defined.cwl'
[2022-05-12T15:25:07+0200] [MainThread] [I] [toil.job] Saving graph of 1 jobs, 1 new
[2022-05-12T15:25:07+0200] [MainThread] [I] [toil.job] Processing job 'CWLJob' null-defined.cwl kind-CWLJob/instance-i2u4073a v0
[2022-05-12T15:25:07+0200] [MainThread] [I] [toil] Running Toil version 5.6.0-c34146a6437e4407a61e946e968bcce67a0ebbca on host mrc-tux.
[2022-05-12T15:25:07+0200] [MainThread] [I] [toil.leader] Issued job 'CWLJob' null-defined.cwl kind-CWLJob/instance-i2u4073a v1 with job batch system ID: 0 and cores: 1, disk: 3.0 Gi, and memory: 2.0 Gi
[2022-05-12T15:25:08+0200] [MainThread] [I] [toil.worker] Redirecting logging to /tmp/b01c58a1fcb55faba072899e1720f00c/ba7f/worker_log.txt
[2022-05-12T15:25:08+0200] [MainThread] [I] [toil.leader] 0 jobs are running, 0 jobs are issued and waiting to run
[2022-05-12T15:25:10+0200] [MainThread] [I] [toil.leader] Finished toil run successfully.
[2022-05-12T15:25:10+0200] [MainThread] [I] [toil.common] Successfully deleted the job store: FileJobStore(/tmp/tmp5ne5uxv7)
</system-err>
		</testcase>
		<testcase name="Test that provided parameter is not null in expression" time="4.958407" class="inline_javascript, command_line_tool" file="param_notnull_expr" url="cwltest:conformance_tests#111">
			<system-out>{
    &quot;out&quot;: &quot;f\n&quot;
}</system-out>
			<system-err>[2022-05-12T15:25:06+0200] [MainThread] [I] [cwltool] Resolved 'tests/null-defined.cwl' to 'file:///home/michael/cwl-v1.2/tests/null-defined.cwl'
[2022-05-12T15:25:08+0200] [MainThread] [I] [toil.job] Saving graph of 1 jobs, 1 new
[2022-05-12T15:25:08+0200] [MainThread] [I] [toil.job] Processing job 'CWLJob' null-defined.cwl kind-CWLJob/instance-6aak0bk9 v0
[2022-05-12T15:25:08+0200] [MainThread] [I] [toil] Running Toil version 5.6.0-c34146a6437e4407a61e946e968bcce67a0ebbca on host mrc-tux.
[2022-05-12T15:25:08+0200] [MainThread] [I] [toil.leader] Issued job 'CWLJob' null-defined.cwl kind-CWLJob/instance-6aak0bk9 v1 with job batch system ID: 0 and cores: 1, disk: 3.0 Gi, and memory: 2.0 Gi
[2022-05-12T15:25:08+0200] [MainThread] [I] [toil.worker] Redirecting logging to /tmp/4e97ac7e6f2f5b399711dc794b68a3bd/a627/worker_log.txt
[2022-05-12T15:25:09+0200] [MainThread] [I] [toil.leader] 0 jobs are running, 0 jobs are issued and waiting to run
[2022-05-12T15:25:10+0200] [MainThread] [I] [toil.leader] Finished toil run successfully.
[2022-05-12T15:25:10+0200] [MainThread] [I] [toil.common] Successfully deleted the job store: FileJobStore(/tmp/tmp5bd2ium8)
</system-err>
		</testcase>
		<testcase name="Test compound workflow document" time="12.644208" class="required, workflow" file="wf_compound_doc" url="cwltest:conformance_tests#112">
			<system-out>{
    &quot;output&quot;: {
        &quot;location&quot;: &quot;file:///tmp/tmpm5yvk5uq/output.txt&quot;,
        &quot;basename&quot;: &quot;output.txt&quot;,
        &quot;nameroot&quot;: &quot;output&quot;,
        &quot;nameext&quot;: &quot;.txt&quot;,
        &quot;class&quot;: &quot;File&quot;,
        &quot;checksum&quot;: &quot;sha1$b9214658cc453331b62c2282b772a5c063dbd284&quot;,
        &quot;size&quot;: 1111
    }
}</system-out>
			<system-err>[2022-05-12T15:25:07+0200] [MainThread] [I] [cwltool] Resolved 'tests/revsort-packed.cwl#main' to 'file:///home/michael/cwl-v1.2/tests/revsort-packed.cwl#main'
[2022-05-12T15:25:11+0200] [MainThread] [I] [toil.job] Saving graph of 2 jobs, 2 new
[2022-05-12T15:25:11+0200] [MainThread] [I] [toil.job] Processing job 'ResolveIndirect' kind-ResolveIndirect/instance-p6dj8o38 v0
[2022-05-12T15:25:11+0200] [MainThread] [I] [toil.job] Processing job 'CWLWorkflow' kind-CWLWorkflow/instance-79fgjdl6 v0
[2022-05-12T15:25:11+0200] [MainThread] [I] [toil] Running Toil version 5.6.0-c34146a6437e4407a61e946e968bcce67a0ebbca on host mrc-tux.
[2022-05-12T15:25:12+0200] [MainThread] [I] [toil.worker] Redirecting logging to /tmp/cdf96ea7caab504fbb4d1e63d013a349/5636/worker_log.txt
[2022-05-12T15:25:12+0200] [MainThread] [I] [toil.leader] 0 jobs are running, 0 jobs are issued and waiting to run
[2022-05-12T15:25:12+0200] [MainThread] [I] [toil.leader] Issued job 'CWLJob' main.rev.revtool.cwl kind-CWLJob/instance-bd1olkag v1 with job batch system ID: 1 and cores: 1, disk: 3.0 Gi, and memory: 2.0 Gi
[2022-05-12T15:25:12+0200] [MainThread] [I] [toil.worker] Redirecting logging to /tmp/cdf96ea7caab504fbb4d1e63d013a349/e985/worker_log.txt
[2022-05-12T15:25:14+0200] [MainThread] [I] [toil.leader] Issued job 'CWLJob' main.sorted.sorttool.cwl kind-CWLJob/instance-s8wvo7zx v1 with job batch system ID: 2 and cores: 1, disk: 3.0 Gi, and memory: 2.0 Gi
[2022-05-12T15:25:14+0200] [MainThread] [I] [toil.worker] Redirecting logging to /tmp/cdf96ea7caab504fbb4d1e63d013a349/aa6c/worker_log.txt
[2022-05-12T15:25:16+0200] [MainThread] [I] [toil.leader] Issued job 'CWLJob' main.rev.revtool.cwl kind-CWLJob/instance-bd1olkag v2 with job batch system ID: 3 and cores: 1, disk: 3.0 Gi, and memory: 2.0 Gi
[2022-05-12T15:25:16+0200] [MainThread] [I] [toil.worker] Redirecting logging to /tmp/cdf96ea7caab504fbb4d1e63d013a349/cd69/worker_log.txt
[2022-05-12T15:25:17+0200] [MainThread] [I] [toil.worker] Redirecting logging to /tmp/cdf96ea7caab504fbb4d1e63d013a349/e299/worker_log.txt
[2022-05-12T15:25:17+0200] [MainThread] [I] [toil.worker] Redirecting logging to /tmp/cdf96ea7caab504fbb4d1e63d013a349/5c23/worker_log.txt
[2022-05-12T15:25:19+0200] [MainThread] [I] [toil.leader] Finished toil run successfully.
[2022-05-12T15:25:19+0200] [MainThread] [I] [toil.common] Successfully deleted the job store: FileJobStore(/tmp/tmps9joo_9c)
</system-err>
		</testcase>
		<testcase name="Test that nameroot and nameext are generated from basename at execution time by the runner" time="9.714712" class="step_input, workflow" file="nameroot_nameext_generated" url="cwltest:conformance_tests#113">
			<system-out>{
    &quot;extFile&quot;: {
        &quot;location&quot;: &quot;file:///tmp/tmp8gntku2h/out.txt&quot;,
        &quot;basename&quot;: &quot;out.txt&quot;,
        &quot;nameroot&quot;: &quot;out&quot;,
        &quot;nameext&quot;: &quot;.txt&quot;,
        &quot;class&quot;: &quot;File&quot;,
        &quot;checksum&quot;: &quot;sha1$301a72c82a835e1737caf30f94d0eec210c4d9f1&quot;,
        &quot;size&quot;: 5
    },
    &quot;rootFile&quot;: {
        &quot;location&quot;: &quot;file:///tmp/tmp8gntku2h/out.txt_2&quot;,
        &quot;basename&quot;: &quot;out.txt&quot;,
        &quot;nameroot&quot;: &quot;out&quot;,
        &quot;nameext&quot;: &quot;.txt&quot;,
        &quot;class&quot;: &quot;File&quot;,
        &quot;checksum&quot;: &quot;sha1$b4a583c391e234cf210e1d576f68f674c8ad7ecd&quot;,
        &quot;size&quot;: 10
    }
}</system-out>
			<system-err>[2022-05-12T15:25:08+0200] [MainThread] [I] [cwltool] Resolved 'tests/basename-fields-test.cwl' to 'file:///home/michael/cwl-v1.2/tests/basename-fields-test.cwl'
[2022-05-12T15:25:12+0200] [MainThread] [I] [toil.job] Saving graph of 2 jobs, 2 new
[2022-05-12T15:25:12+0200] [MainThread] [I] [toil.job] Processing job 'ResolveIndirect' kind-ResolveIndirect/instance-phlmmcth v0
[2022-05-12T15:25:12+0200] [MainThread] [I] [toil.job] Processing job 'CWLWorkflow' kind-CWLWorkflow/instance-ijk104qs v0
[2022-05-12T15:25:12+0200] [MainThread] [I] [toil] Running Toil version 5.6.0-c34146a6437e4407a61e946e968bcce67a0ebbca on host mrc-tux.
[2022-05-12T15:25:13+0200] [MainThread] [I] [toil.worker] Redirecting logging to /tmp/465176196aac50bb9c2c1e735157725c/5f89/worker_log.txt
[2022-05-12T15:25:13+0200] [MainThread] [I] [toil.leader] 0 jobs are running, 0 jobs are issued and waiting to run
[2022-05-12T15:25:13+0200] [MainThread] [I] [toil.leader] Issued job 'CWLJob' basename-fields-test.cwl.root.echo-file-tool.cwl kind-CWLJob/instance-i1_vhr_i v1 with job batch system ID: 1 and cores: 1, disk: 3.0 Gi, and memory: 2.0 Gi
[2022-05-12T15:25:13+0200] [MainThread] [I] [toil.leader] Issued job 'CWLJob' basename-fields-test.cwl.ext.echo-file-tool.cwl kind-CWLJob/instance-vpvj5665 v1 with job batch system ID: 2 and cores: 1, disk: 3.0 Gi, and memory: 2.0 Gi
[2022-05-12T15:25:13+0200] [MainThread] [I] [toil.worker] Redirecting logging to /tmp/465176196aac50bb9c2c1e735157725c/a28a/worker_log.txt
[2022-05-12T15:25:13+0200] [MainThread] [I] [toil.worker] Redirecting logging to /tmp/465176196aac50bb9c2c1e735157725c/5b5a/worker_log.txt
[2022-05-12T15:25:14+0200] [MainThread] [I] [toil.worker] Redirecting logging to /tmp/465176196aac50bb9c2c1e735157725c/0f51/worker_log.txt
[2022-05-12T15:25:15+0200] [MainThread] [I] [toil.worker] Redirecting logging to /tmp/465176196aac50bb9c2c1e735157725c/c836/worker_log.txt
[2022-05-12T15:25:17+0200] [MainThread] [I] [toil.leader] Finished toil run successfully.
[2022-05-12T15:25:17+0200] [MainThread] [I] [toil.common] Successfully deleted the job store: FileJobStore(/tmp/tmp_4a6wmbx)
</system-err>
		</testcase>
		<testcase name="Test that file path in $(inputs) for initialworkdir is in $(outdir)." time="4.794722" class="initial_work_dir, command_line_tool" file="initialworkpath_output" url="cwltest:conformance_tests#114">
			<system-out>{}</system-out>
			<system-err>[2022-05-12T15:25:10+0200] [MainThread] [I] [cwltool] Resolved 'tests/initialwork-path.cwl' to 'file:///home/michael/cwl-v1.2/tests/initialwork-path.cwl'
[2022-05-12T15:25:13+0200] [MainThread] [I] [toil.job] Saving graph of 1 jobs, 1 new
[2022-05-12T15:25:13+0200] [MainThread] [I] [toil.job] Processing job 'CWLJob' initialwork-path.cwl kind-CWLJob/instance-7x_5v5_p v0
[2022-05-12T15:25:13+0200] [MainThread] [I] [toil] Running Toil version 5.6.0-c34146a6437e4407a61e946e968bcce67a0ebbca on host mrc-tux.
[2022-05-12T15:25:13+0200] [MainThread] [I] [toil.leader] Issued job 'CWLJob' initialwork-path.cwl kind-CWLJob/instance-7x_5v5_p v1 with job batch system ID: 0 and cores: 1, disk: 3.0 Gi, and memory: 2.0 Gi
[2022-05-12T15:25:13+0200] [MainThread] [I] [toil.worker] Redirecting logging to /tmp/cd122af4af415289836f6d49533ab7e7/a610/worker_log.txt
[2022-05-12T15:25:13+0200] [MainThread] [I] [toil.leader] 0 jobs are running, 0 jobs are issued and waiting to run
[2022-05-12T15:25:15+0200] [MainThread] [I] [toil.leader] Finished toil run successfully.
[2022-05-12T15:25:15+0200] [MainThread] [I] [toil.common] Successfully deleted the job store: FileJobStore(/tmp/tmp6wm9g0ty)
</system-err>
		</testcase>
		<testcase name="Test single step workflow with Scatter step and two data links connected to same input, flattened merge behavior. Workflow inputs are set as list" time="9.337595" class="multiple_input, inline_javascript, workflow" file="wf_scatter_twopar_oneinput_flattenedmerge" url="cwltest:conformance_tests#115">
			<system-out>{
    &quot;count_output&quot;: 34
}</system-out>
			<system-err>[2022-05-12T15:25:11+0200] [MainThread] [I] [cwltool] Resolved 'tests/count-lines12-wf.cwl' to 'file:///home/michael/cwl-v1.2/tests/count-lines12-wf.cwl'
[2022-05-12T15:25:15+0200] [MainThread] [I] [toil.job] Saving graph of 2 jobs, 2 new
[2022-05-12T15:25:15+0200] [MainThread] [I] [toil.job] Processing job 'ResolveIndirect' kind-ResolveIndirect/instance-zoj6ygl_ v0
[2022-05-12T15:25:15+0200] [MainThread] [I] [toil.job] Processing job 'CWLWorkflow' kind-CWLWorkflow/instance-phrbhl5h v0
[2022-05-12T15:25:15+0200] [MainThread] [I] [toil] Running Toil version 5.6.0-c34146a6437e4407a61e946e968bcce67a0ebbca on host mrc-tux.
[2022-05-12T15:25:15+0200] [MainThread] [I] [toil.worker] Redirecting logging to /tmp/21dc64239bbb585fadecdfb5c8121a64/bf1b/worker_log.txt
[2022-05-12T15:25:15+0200] [MainThread] [I] [toil.leader] 0 jobs are running, 0 jobs are issued and waiting to run
[2022-05-12T15:25:15+0200] [MainThread] [I] [toil.leader] Issued job 'CWLJob' count-lines12-wf.cwl.step1.wc3-tool.cwl kind-CWLJob/instance-8f_10_yt v1 with job batch system ID: 1 and cores: 1, disk: 3.0 Gi, and memory: 2.0 Gi
[2022-05-12T15:25:16+0200] [MainThread] [I] [toil.worker] Redirecting logging to /tmp/21dc64239bbb585fadecdfb5c8121a64/293d/worker_log.txt
[2022-05-12T15:25:17+0200] [MainThread] [I] [toil.worker] Redirecting logging to /tmp/21dc64239bbb585fadecdfb5c8121a64/ace1/worker_log.txt
[2022-05-12T15:25:17+0200] [MainThread] [I] [toil.worker] Redirecting logging to /tmp/21dc64239bbb585fadecdfb5c8121a64/6a71/worker_log.txt
[2022-05-12T15:25:20+0200] [MainThread] [I] [toil.leader] Finished toil run successfully.
[2022-05-12T15:25:20+0200] [MainThread] [I] [toil.common] Successfully deleted the job store: FileJobStore(/tmp/tmp6qwwnuoi)
</system-err>
		</testcase>
		<testcase name="Test step input with multiple sources with multiple types" time="7.681620" class="step_input, inline_javascript, multiple_input, workflow" file="wf_multiplesources_multipletypes" url="cwltest:conformance_tests#116">
			<system-out>{
    &quot;result&quot;: 12
}</system-out>
			<system-err>[2022-05-12T15:25:15+0200] [MainThread] [I] [cwltool] Resolved 'tests/sum-wf.cwl' to 'file:///home/michael/cwl-v1.2/tests/sum-wf.cwl'
[2022-05-12T15:25:18+0200] [MainThread] [I] [toil.job] Saving graph of 2 jobs, 2 new
[2022-05-12T15:25:18+0200] [MainThread] [I] [toil.job] Processing job 'ResolveIndirect' kind-ResolveIndirect/instance-a963he2z v0
[2022-05-12T15:25:18+0200] [MainThread] [I] [toil.job] Processing job 'CWLWorkflow' kind-CWLWorkflow/instance-s_92i2xy v0
[2022-05-12T15:25:18+0200] [MainThread] [I] [toil] Running Toil version 5.6.0-c34146a6437e4407a61e946e968bcce67a0ebbca on host mrc-tux.
[2022-05-12T15:25:19+0200] [MainThread] [I] [toil.worker] Redirecting logging to /tmp/1fad513ed9a8569d8ad60b35c5305a66/6b02/worker_log.txt
[2022-05-12T15:25:19+0200] [MainThread] [I] [toil.leader] 0 jobs are running, 0 jobs are issued and waiting to run
[2022-05-12T15:25:19+0200] [MainThread] [I] [toil.leader] Issued job 'CWLJob' sum-wf.cwl.sum._:081f212a-81ac-4588-a264-00b234cafcdf kind-CWLJob/instance-kf99llrx v1 with job batch system ID: 1 and cores: 1, disk: 3.0 Gi, and memory: 2.0 Gi
[2022-05-12T15:25:19+0200] [MainThread] [I] [toil.worker] Redirecting logging to /tmp/1fad513ed9a8569d8ad60b35c5305a66/9ed7/worker_log.txt
[2022-05-12T15:25:20+0200] [MainThread] [I] [toil.worker] Redirecting logging to /tmp/1fad513ed9a8569d8ad60b35c5305a66/1f76/worker_log.txt
[2022-05-12T15:25:21+0200] [MainThread] [I] [toil.worker] Redirecting logging to /tmp/1fad513ed9a8569d8ad60b35c5305a66/f5eb/worker_log.txt
[2022-05-12T15:25:22+0200] [MainThread] [I] [toil.leader] Finished toil run successfully.
[2022-05-12T15:25:22+0200] [MainThread] [I] [toil.common] Successfully deleted the job store: FileJobStore(/tmp/tmp5hgyjw_f)
</system-err>
		</testcase>
		<testcase name="Test that shell directives are not interpreted." time="4.532001" class="required, command_line_tool" file="shelldir_notinterpreted" url="cwltest:conformance_tests#117">
			<system-out>{
    &quot;stderr_file&quot;: {
        &quot;location&quot;: &quot;file:///tmp/tmpldcjwhjk/ceb9e562104a4a959101dfed3df5fd3dbf40d591&quot;,
        &quot;basename&quot;: &quot;ceb9e562104a4a959101dfed3df5fd3dbf40d591&quot;,
        &quot;nameroot&quot;: &quot;ceb9e562104a4a959101dfed3df5fd3dbf40d591&quot;,
        &quot;nameext&quot;: &quot;&quot;,
        &quot;class&quot;: &quot;File&quot;,
        &quot;checksum&quot;: &quot;sha1$da39a3ee5e6b4b0d3255bfef95601890afd80709&quot;,
        &quot;size&quot;: 0
    },
    &quot;stdout_file&quot;: {
        &quot;location&quot;: &quot;file:///tmp/tmpldcjwhjk/94e0459d7bc599da24bea9ecbf4bd50895bf01ea&quot;,
        &quot;basename&quot;: &quot;94e0459d7bc599da24bea9ecbf4bd50895bf01ea&quot;,
        &quot;nameroot&quot;: &quot;94e0459d7bc599da24bea9ecbf4bd50895bf01ea&quot;,
        &quot;nameext&quot;: &quot;&quot;,
        &quot;class&quot;: &quot;File&quot;,
        &quot;checksum&quot;: &quot;sha1$1555252d52d4ec3262538a4426a83a99cfff4402&quot;,
        &quot;size&quot;: 9
    }
}</system-out>
			<system-err>[2022-05-12T15:25:18+0200] [MainThread] [I] [cwltool] Resolved 'tests/shellchar.cwl' to 'file:///home/michael/cwl-v1.2/tests/shellchar.cwl'
[2022-05-12T15:25:20+0200] [MainThread] [I] [toil.job] Saving graph of 1 jobs, 1 new
[2022-05-12T15:25:20+0200] [MainThread] [I] [toil.job] Processing job 'CWLJob' shellchar.cwl kind-CWLJob/instance-0gbhzgvn v0
[2022-05-12T15:25:20+0200] [MainThread] [I] [toil] Running Toil version 5.6.0-c34146a6437e4407a61e946e968bcce67a0ebbca on host mrc-tux.
[2022-05-12T15:25:20+0200] [MainThread] [I] [toil.leader] Issued job 'CWLJob' shellchar.cwl kind-CWLJob/instance-0gbhzgvn v1 with job batch system ID: 0 and cores: 1, disk: 3.0 Gi, and memory: 2.0 Gi
[2022-05-12T15:25:20+0200] [MainThread] [I] [toil.worker] Redirecting logging to /tmp/df9465dc0c895257a910fe8517625656/d952/worker_log.txt
[2022-05-12T15:25:20+0200] [MainThread] [I] [toil.leader] 0 jobs are running, 0 jobs are issued and waiting to run
[2022-05-12T15:25:22+0200] [MainThread] [I] [toil.leader] Finished toil run successfully.
[2022-05-12T15:25:22+0200] [MainThread] [I] [toil.common] Successfully deleted the job store: FileJobStore(/tmp/tmpr9v1y7jh)
</system-err>
		</testcase>
		<testcase name="Test that shell directives are quoted." time="5.116325" class="shell_command, command_line_tool" file="shelldir_quoted" url="cwltest:conformance_tests#118">
			<system-out>{
    &quot;stderr_file&quot;: {
        &quot;location&quot;: &quot;file:///tmp/tmpf1yhrf6t/e73fb20d4ff13bb67205821761a9c8b9c6bf5da0&quot;,
        &quot;basename&quot;: &quot;e73fb20d4ff13bb67205821761a9c8b9c6bf5da0&quot;,
        &quot;nameroot&quot;: &quot;e73fb20d4ff13bb67205821761a9c8b9c6bf5da0&quot;,
        &quot;nameext&quot;: &quot;&quot;,
        &quot;class&quot;: &quot;File&quot;,
        &quot;checksum&quot;: &quot;sha1$da39a3ee5e6b4b0d3255bfef95601890afd80709&quot;,
        &quot;size&quot;: 0
    },
    &quot;stdout_file&quot;: {
        &quot;location&quot;: &quot;file:///tmp/tmpf1yhrf6t/ddc786eeb0dd676a79eb62b84ef5d5eb029eacc1&quot;,
        &quot;basename&quot;: &quot;ddc786eeb0dd676a79eb62b84ef5d5eb029eacc1&quot;,
        &quot;nameroot&quot;: &quot;ddc786eeb0dd676a79eb62b84ef5d5eb029eacc1&quot;,
        &quot;nameext&quot;: &quot;&quot;,
        &quot;class&quot;: &quot;File&quot;,
        &quot;checksum&quot;: &quot;sha1$1555252d52d4ec3262538a4426a83a99cfff4402&quot;,
        &quot;size&quot;: 9
    }
}</system-out>
			<system-err>[2022-05-12T15:25:20+0200] [MainThread] [I] [cwltool] Resolved 'tests/shellchar2.cwl' to 'file:///home/michael/cwl-v1.2/tests/shellchar2.cwl'
[2022-05-12T15:25:22+0200] [MainThread] [I] [toil.job] Saving graph of 1 jobs, 1 new
[2022-05-12T15:25:22+0200] [MainThread] [I] [toil.job] Processing job 'CWLJob' shellchar2.cwl kind-CWLJob/instance-u_iinwnj v0
[2022-05-12T15:25:22+0200] [MainThread] [I] [toil] Running Toil version 5.6.0-c34146a6437e4407a61e946e968bcce67a0ebbca on host mrc-tux.
[2022-05-12T15:25:22+0200] [MainThread] [I] [toil.leader] Issued job 'CWLJob' shellchar2.cwl kind-CWLJob/instance-u_iinwnj v1 with job batch system ID: 0 and cores: 1, disk: 3.0 Gi, and memory: 2.0 Gi
[2022-05-12T15:25:22+0200] [MainThread] [I] [toil.worker] Redirecting logging to /tmp/d600b6be893a5680a84f0a0f087a73bc/8ad3/worker_log.txt
[2022-05-12T15:25:23+0200] [MainThread] [I] [toil.leader] 0 jobs are running, 0 jobs are issued and waiting to run
[2022-05-12T15:25:24+0200] [MainThread] [I] [toil.leader] Finished toil run successfully.
[2022-05-12T15:25:24+0200] [MainThread] [I] [toil.common] Successfully deleted the job store: FileJobStore(/tmp/tmpkk8v2lv1)
</system-err>
		</testcase>
		<testcase name="Test empty writable dir with InitialWorkDirRequirement" time="4.665219" class="inline_javascript, initial_work_dir, command_line_tool" file="initial_workdir_empty_writable" url="cwltest:conformance_tests#119">
			<system-out>{
    &quot;out&quot;: {
        &quot;location&quot;: &quot;file:///tmp/tmpz7p3w78w/emptyWritableDir&quot;,
        &quot;basename&quot;: &quot;emptyWritableDir&quot;,
        &quot;nameroot&quot;: &quot;emptyWritableDir&quot;,
        &quot;nameext&quot;: &quot;&quot;,
        &quot;class&quot;: &quot;Directory&quot;,
        &quot;listing&quot;: [
            {
                &quot;class&quot;: &quot;File&quot;,
                &quot;location&quot;: &quot;file:///tmp/tmpz7p3w78w/emptyWritableDir/blurg&quot;,
                &quot;basename&quot;: &quot;blurg&quot;,
                &quot;size&quot;: 0,
                &quot;nameroot&quot;: &quot;blurg&quot;,
                &quot;nameext&quot;: &quot;&quot;,
                &quot;checksum&quot;: &quot;sha1$da39a3ee5e6b4b0d3255bfef95601890afd80709&quot;
            }
        ]
    }
}</system-out>
			<system-err>[2022-05-12T15:25:20+0200] [MainThread] [I] [cwltool] Resolved 'tests/writable-dir.cwl' to 'file:///home/michael/cwl-v1.2/tests/writable-dir.cwl'
[2022-05-12T15:25:22+0200] [MainThread] [I] [toil.job] Saving graph of 1 jobs, 1 new
[2022-05-12T15:25:22+0200] [MainThread] [I] [toil.job] Processing job 'CWLJob' writable-dir.cwl kind-CWLJob/instance-iql60yk0 v0
[2022-05-12T15:25:22+0200] [MainThread] [I] [toil] Running Toil version 5.6.0-c34146a6437e4407a61e946e968bcce67a0ebbca on host mrc-tux.
[2022-05-12T15:25:22+0200] [MainThread] [I] [toil.leader] Issued job 'CWLJob' writable-dir.cwl kind-CWLJob/instance-iql60yk0 v1 with job batch system ID: 0 and cores: 1, disk: 3.0 Gi, and memory: 2.0 Gi
[2022-05-12T15:25:23+0200] [MainThread] [I] [toil.worker] Redirecting logging to /tmp/f413aefe2ffc5d0e8363f4f5e2d5bcd2/8226/worker_log.txt
[2022-05-12T15:25:23+0200] [MainThread] [I] [toil.leader] 0 jobs are running, 0 jobs are issued and waiting to run
[2022-05-12T15:25:24+0200] [MainThread] [I] [toil.leader] Finished toil run successfully.
[2022-05-12T15:25:24+0200] [MainThread] [I] [toil.common] Successfully deleted the job store: FileJobStore(/tmp/tmpc5i3w7mh)
</system-err>
		</testcase>
		<testcase name="Test empty writable dir with InitialWorkDirRequirement inside Docker" time="6.512710" class="inline_javascript, initial_work_dir, command_line_tool" file="initial_workdir_empty_writable_docker" url="cwltest:conformance_tests#120">
			<system-out>{
    &quot;out&quot;: {
        &quot;location&quot;: &quot;file:///tmp/tmp858afxf5/emptyWritableDir&quot;,
        &quot;basename&quot;: &quot;emptyWritableDir&quot;,
        &quot;nameroot&quot;: &quot;emptyWritableDir&quot;,
        &quot;nameext&quot;: &quot;&quot;,
        &quot;class&quot;: &quot;Directory&quot;,
        &quot;listing&quot;: [
            {
                &quot;class&quot;: &quot;File&quot;,
                &quot;location&quot;: &quot;file:///tmp/tmp858afxf5/emptyWritableDir/blurg&quot;,
                &quot;basename&quot;: &quot;blurg&quot;,
                &quot;size&quot;: 0,
                &quot;nameroot&quot;: &quot;blurg&quot;,
                &quot;nameext&quot;: &quot;&quot;,
                &quot;checksum&quot;: &quot;sha1$da39a3ee5e6b4b0d3255bfef95601890afd80709&quot;
            }
        ]
    }
}</system-out>
			<system-err>[2022-05-12T15:25:22+0200] [MainThread] [I] [cwltool] Resolved 'tests/writable-dir-docker.cwl' to 'file:///home/michael/cwl-v1.2/tests/writable-dir-docker.cwl'
[2022-05-12T15:25:24+0200] [MainThread] [I] [toil.job] Saving graph of 1 jobs, 1 new
[2022-05-12T15:25:24+0200] [MainThread] [I] [toil.job] Processing job 'CWLJob' writable-dir-docker.cwl kind-CWLJob/instance-lk4vrxgh v0
[2022-05-12T15:25:24+0200] [MainThread] [I] [toil] Running Toil version 5.6.0-c34146a6437e4407a61e946e968bcce67a0ebbca on host mrc-tux.
[2022-05-12T15:25:24+0200] [MainThread] [I] [toil.leader] Issued job 'CWLJob' writable-dir-docker.cwl kind-CWLJob/instance-lk4vrxgh v1 with job batch system ID: 0 and cores: 1, disk: 3.0 Gi, and memory: 2.0 Gi
[2022-05-12T15:25:25+0200] [MainThread] [I] [toil.worker] Redirecting logging to /tmp/5840780fa7485e60bbf1f1662c9079f0/8a55/worker_log.txt
[2022-05-12T15:25:26+0200] [MainThread] [I] [toil.leader] 1 jobs are running, 0 jobs are issued and waiting to run
[2022-05-12T15:25:28+0200] [MainThread] [I] [toil.leader] Finished toil run successfully.
[2022-05-12T15:25:28+0200] [MainThread] [I] [toil.common] Successfully deleted the job store: FileJobStore(/tmp/tmpt2h71nsh)
</system-err>
		</testcase>
		<testcase name="Test dynamic resource reqs referencing inputs" time="6.542934" class="resource, command_line_tool" file="dynamic_resreq_inputs" url="cwltest:conformance_tests#121">
			<system-out>{
    &quot;output&quot;: {
        &quot;location&quot;: &quot;file:///tmp/tmp88cfp7xy/cores.txt&quot;,
        &quot;basename&quot;: &quot;cores.txt&quot;,
        &quot;nameroot&quot;: &quot;cores&quot;,
        &quot;nameext&quot;: &quot;.txt&quot;,
        &quot;class&quot;: &quot;File&quot;,
        &quot;checksum&quot;: &quot;sha1$7448d8798a4380162d4b56f9b452e2f6f9e24e7a&quot;,
        &quot;size&quot;: 2
    }
}</system-out>
			<system-err>[2022-05-12T15:25:23+0200] [MainThread] [I] [cwltool] Resolved 'tests/dynresreq.cwl' to 'file:///home/michael/cwl-v1.2/tests/dynresreq.cwl'
[2022-05-12T15:25:25+0200] [MainThread] [I] [toil.job] Saving graph of 1 jobs, 1 new
[2022-05-12T15:25:25+0200] [MainThread] [I] [toil.job] Processing job 'CWLJobWrapper' kind-CWLJobWrapper/instance-cb2y9agj v0
[2022-05-12T15:25:25+0200] [MainThread] [I] [toil] Running Toil version 5.6.0-c34146a6437e4407a61e946e968bcce67a0ebbca on host mrc-tux.
[2022-05-12T15:25:25+0200] [MainThread] [I] [toil.worker] Redirecting logging to /tmp/94b199646ea952ad898a367db9371712/6e06/worker_log.txt
[2022-05-12T15:25:26+0200] [MainThread] [I] [toil.leader] 0 jobs are running, 0 jobs are issued and waiting to run
[2022-05-12T15:25:26+0200] [MainThread] [I] [toil.leader] Issued job 'CWLJob' dynresreq.cwl kind-CWLJob/instance-zwu8mvix v1 with job batch system ID: 1 and cores: 2, disk: 2.0 Gi, and memory: 256.0 Mi
[2022-05-12T15:25:26+0200] [MainThread] [I] [toil.worker] Redirecting logging to /tmp/94b199646ea952ad898a367db9371712/3d46/worker_log.txt
[2022-05-12T15:25:27+0200] [MainThread] [I] [toil.worker] Redirecting logging to /tmp/94b199646ea952ad898a367db9371712/86f9/worker_log.txt
[2022-05-12T15:25:29+0200] [MainThread] [I] [toil.leader] Finished toil run successfully.
[2022-05-12T15:25:29+0200] [MainThread] [I] [toil.common] Successfully deleted the job store: FileJobStore(/tmp/tmpzy64dn9r)
</system-err>
		</testcase>
		<testcase name="Test file literal as input without Docker" time="5.574202" class="required, command_line_tool" file="fileliteral_input_docker" url="cwltest:conformance_tests#122">
			<system-out>{
    &quot;output_file&quot;: {
        &quot;location&quot;: &quot;file:///tmp/tmpd30vqsyi/output.txt&quot;,
        &quot;basename&quot;: &quot;output.txt&quot;,
        &quot;nameroot&quot;: &quot;output&quot;,
        &quot;nameext&quot;: &quot;.txt&quot;,
        &quot;class&quot;: &quot;File&quot;,
        &quot;checksum&quot;: &quot;sha1$d0e04ff6c413c7d57f9a0ca0a33cd3ab52e2dd9c&quot;,
        &quot;size&quot;: 18
    }
}</system-out>
			<system-err>[2022-05-12T15:25:25+0200] [MainThread] [I] [cwltool] Resolved 'tests/cat3-nodocker.cwl' to 'file:///home/michael/cwl-v1.2/tests/cat3-nodocker.cwl'
[2022-05-12T15:25:27+0200] [MainThread] [I] [toil.job] Saving graph of 1 jobs, 1 new
[2022-05-12T15:25:27+0200] [MainThread] [I] [toil.job] Processing job 'CWLJob' cat3-nodocker.cwl kind-CWLJob/instance-0uw8id9a v0
[2022-05-12T15:25:27+0200] [MainThread] [I] [toil] Running Toil version 5.6.0-c34146a6437e4407a61e946e968bcce67a0ebbca on host mrc-tux.
[2022-05-12T15:25:27+0200] [MainThread] [I] [toil.leader] Issued job 'CWLJob' cat3-nodocker.cwl kind-CWLJob/instance-0uw8id9a v1 with job batch system ID: 0 and cores: 1, disk: 3.0 Gi, and memory: 2.0 Gi
[2022-05-12T15:25:28+0200] [MainThread] [I] [toil.worker] Redirecting logging to /tmp/eeedc3d5126b59bb881cb7d481485a0b/e30b/worker_log.txt
[2022-05-12T15:25:28+0200] [MainThread] [I] [toil.leader] 0 jobs are running, 0 jobs are issued and waiting to run
[2022-05-12T15:25:30+0200] [MainThread] [I] [toil.leader] Finished toil run successfully.
[2022-05-12T15:25:30+0200] [MainThread] [I] [toil.common] Successfully deleted the job store: FileJobStore(/tmp/tmp4g1nde7q)
</system-err>
		</testcase>
		<testcase name="Test that OutputBinding.glob is sorted as specified by POSIX" time="5.226695" class="required, command_line_tool" file="outputbinding_glob_sorted" url="cwltest:conformance_tests#123">
			<system-out>{
    &quot;letters&quot;: [
        {
            &quot;location&quot;: &quot;file:///tmp/tmpvm_ku0bm/a&quot;,
            &quot;basename&quot;: &quot;a&quot;,
            &quot;nameroot&quot;: &quot;a&quot;,
            &quot;nameext&quot;: &quot;&quot;,
            &quot;class&quot;: &quot;File&quot;,
            &quot;checksum&quot;: &quot;sha1$da39a3ee5e6b4b0d3255bfef95601890afd80709&quot;,
            &quot;size&quot;: 0
        },
        {
            &quot;location&quot;: &quot;file:///tmp/tmpvm_ku0bm/b&quot;,
            &quot;basename&quot;: &quot;b&quot;,
            &quot;nameroot&quot;: &quot;b&quot;,
            &quot;nameext&quot;: &quot;&quot;,
            &quot;class&quot;: &quot;File&quot;,
            &quot;checksum&quot;: &quot;sha1$da39a3ee5e6b4b0d3255bfef95601890afd80709&quot;,
            &quot;size&quot;: 0
        },
        {
            &quot;location&quot;: &quot;file:///tmp/tmpvm_ku0bm/c&quot;,
            &quot;basename&quot;: &quot;c&quot;,
            &quot;nameroot&quot;: &quot;c&quot;,
            &quot;nameext&quot;: &quot;&quot;,
            &quot;class&quot;: &quot;File&quot;,
            &quot;checksum&quot;: &quot;sha1$da39a3ee5e6b4b0d3255bfef95601890afd80709&quot;,
            &quot;size&quot;: 0
        },
        {
            &quot;location&quot;: &quot;file:///tmp/tmpvm_ku0bm/w&quot;,
            &quot;basename&quot;: &quot;w&quot;,
            &quot;nameroot&quot;: &quot;w&quot;,
            &quot;nameext&quot;: &quot;&quot;,
            &quot;class&quot;: &quot;File&quot;,
            &quot;checksum&quot;: &quot;sha1$da39a3ee5e6b4b0d3255bfef95601890afd80709&quot;,
            &quot;size&quot;: 0
        },
        {
            &quot;location&quot;: &quot;file:///tmp/tmpvm_ku0bm/x&quot;,
            &quot;basename&quot;: &quot;x&quot;,
            &quot;nameroot&quot;: &quot;x&quot;,
            &quot;nameext&quot;: &quot;&quot;,
            &quot;class&quot;: &quot;File&quot;,
            &quot;checksum&quot;: &quot;sha1$da39a3ee5e6b4b0d3255bfef95601890afd80709&quot;,
            &quot;size&quot;: 0
        },
        {
            &quot;location&quot;: &quot;file:///tmp/tmpvm_ku0bm/y&quot;,
            &quot;basename&quot;: &quot;y&quot;,
            &quot;nameroot&quot;: &quot;y&quot;,
            &quot;nameext&quot;: &quot;&quot;,
            &quot;class&quot;: &quot;File&quot;,
            &quot;checksum&quot;: &quot;sha1$da39a3ee5e6b4b0d3255bfef95601890afd80709&quot;,
            &quot;size&quot;: 0
        },
        {
            &quot;location&quot;: &quot;file:///tmp/tmpvm_ku0bm/z&quot;,
            &quot;basename&quot;: &quot;z&quot;,
            &quot;nameroot&quot;: &quot;z&quot;,
            &quot;nameext&quot;: &quot;&quot;,
            &quot;class&quot;: &quot;File&quot;,
            &quot;checksum&quot;: &quot;sha1$da39a3ee5e6b4b0d3255bfef95601890afd80709&quot;,
            &quot;size&quot;: 0
        }
    ]
}</system-out>
			<system-err>[2022-05-12T15:25:25+0200] [MainThread] [I] [cwltool] Resolved 'tests/glob_test.cwl' to 'file:///home/michael/cwl-v1.2/tests/glob_test.cwl'
[2022-05-12T15:25:27+0200] [MainThread] [I] [toil.job] Saving graph of 1 jobs, 1 new
[2022-05-12T15:25:27+0200] [MainThread] [I] [toil.job] Processing job 'CWLJob' glob_test.cwl kind-CWLJob/instance-u_3tv1fx v0
[2022-05-12T15:25:27+0200] [MainThread] [I] [toil] Running Toil version 5.6.0-c34146a6437e4407a61e946e968bcce67a0ebbca on host mrc-tux.
[2022-05-12T15:25:27+0200] [MainThread] [I] [toil.leader] Issued job 'CWLJob' glob_test.cwl kind-CWLJob/instance-u_3tv1fx v1 with job batch system ID: 0 and cores: 1, disk: 3.0 Gi, and memory: 2.0 Gi
[2022-05-12T15:25:28+0200] [MainThread] [I] [toil.worker] Redirecting logging to /tmp/78e13d53f5b85190ab5283c588c009f0/f38b/worker_log.txt
[2022-05-12T15:25:28+0200] [MainThread] [I] [toil.leader] 0 jobs are running, 0 jobs are issued and waiting to run
[2022-05-12T15:25:30+0200] [MainThread] [I] [toil.leader] Finished toil run successfully.
[2022-05-12T15:25:30+0200] [MainThread] [I] [toil.common] Successfully deleted the job store: FileJobStore(/tmp/tmppnn4nas0)
</system-err>
		</testcase>
		<testcase name="Test InitialWorkDirRequirement with a nested directory structure from another step" time="8.352936" class="initial_work_dir, workflow" file="initialworkdir_nesteddir" url="cwltest:conformance_tests#124">
			<system-out>{
    &quot;ya_empty&quot;: {
        &quot;location&quot;: &quot;file:///tmp/tmpryv2r1v9/ya&quot;,
        &quot;basename&quot;: &quot;ya&quot;,
        &quot;nameroot&quot;: &quot;ya&quot;,
        &quot;nameext&quot;: &quot;&quot;,
        &quot;class&quot;: &quot;File&quot;,
        &quot;checksum&quot;: &quot;sha1$da39a3ee5e6b4b0d3255bfef95601890afd80709&quot;,
        &quot;size&quot;: 0
    }
}</system-out>
			<system-err>[2022-05-12T15:25:29+0200] [MainThread] [I] [cwltool] Resolved 'tests/iwdr_with_nested_dirs.cwl' to 'file:///home/michael/cwl-v1.2/tests/iwdr_with_nested_dirs.cwl'
[2022-05-12T15:25:32+0200] [MainThread] [I] [toil.job] Saving graph of 2 jobs, 2 new
[2022-05-12T15:25:32+0200] [MainThread] [I] [toil.job] Processing job 'ResolveIndirect' kind-ResolveIndirect/instance-1mlrgn2q v0
[2022-05-12T15:25:32+0200] [MainThread] [I] [toil.job] Processing job 'CWLWorkflow' kind-CWLWorkflow/instance-vskh0p0i v0
[2022-05-12T15:25:32+0200] [MainThread] [I] [toil] Running Toil version 5.6.0-c34146a6437e4407a61e946e968bcce67a0ebbca on host mrc-tux.
[2022-05-12T15:25:33+0200] [MainThread] [I] [toil.worker] Redirecting logging to /tmp/00bb65d59bb8581d8d1f4bd3465ab433/4cf8/worker_log.txt
[2022-05-12T15:25:33+0200] [MainThread] [I] [toil.leader] 0 jobs are running, 0 jobs are issued and waiting to run
[2022-05-12T15:25:33+0200] [MainThread] [I] [toil.leader] Issued job 'CWLJob' iwdr_with_nested_dirs.cwl.first._:53227bcd-5159-4eb4-b39c-f1e6128e5024 kind-CWLJob/instance-8o08ywd4 v1 with job batch system ID: 1 and cores: 1, disk: 3.0 Gi, and memory: 2.0 Gi
[2022-05-12T15:25:34+0200] [MainThread] [I] [toil.worker] Redirecting logging to /tmp/00bb65d59bb8581d8d1f4bd3465ab433/e288/worker_log.txt
[2022-05-12T15:25:34+0200] [MainThread] [I] [toil.worker] Redirecting logging to /tmp/00bb65d59bb8581d8d1f4bd3465ab433/01a8/worker_log.txt
[2022-05-12T15:25:35+0200] [MainThread] [I] [toil.worker] Redirecting logging to /tmp/00bb65d59bb8581d8d1f4bd3465ab433/778d/worker_log.txt
[2022-05-12T15:25:37+0200] [MainThread] [I] [toil.leader] Finished toil run successfully.
[2022-05-12T15:25:37+0200] [MainThread] [I] [toil.common] Successfully deleted the job store: FileJobStore(/tmp/tmpzarq761w)
</system-err>
		</testcase>
		<testcase name="Test that boolean flags do not appear on command line if inputBinding is empty and not null" time="5.685174" class="required, command_line_tool" file="booleanflags_cl_noinputbinding" url="cwltest:conformance_tests#125">
			<system-out>{
    &quot;args&quot;: []
}</system-out>
			<system-err>[2022-05-12T15:25:29+0200] [MainThread] [I] [cwltool] Resolved 'tests/bool-empty-inputbinding.cwl' to 'file:///home/michael/cwl-v1.2/tests/bool-empty-inputbinding.cwl'
[2022-05-12T15:25:31+0200] [MainThread] [I] [toil.job] Saving graph of 1 jobs, 1 new
[2022-05-12T15:25:31+0200] [MainThread] [I] [toil.job] Processing job 'CWLJob' bool-empty-inputbinding.cwl kind-CWLJob/instance-yxdzcame v0
[2022-05-12T15:25:31+0200] [MainThread] [I] [toil] Running Toil version 5.6.0-c34146a6437e4407a61e946e968bcce67a0ebbca on host mrc-tux.
[2022-05-12T15:25:31+0200] [MainThread] [I] [toil.leader] Issued job 'CWLJob' bool-empty-inputbinding.cwl kind-CWLJob/instance-yxdzcame v1 with job batch system ID: 0 and cores: 1, disk: 3.0 Gi, and memory: 2.0 Gi
[2022-05-12T15:25:32+0200] [MainThread] [I] [toil.worker] Redirecting logging to /tmp/8d6c86a823395a3da91651864ba95dd0/7c57/worker_log.txt
[2022-05-12T15:25:33+0200] [MainThread] [I] [toil.leader] 0 jobs are running, 0 jobs are issued and waiting to run
[2022-05-12T15:25:34+0200] [MainThread] [I] [toil.leader] Finished toil run successfully.
[2022-05-12T15:25:35+0200] [MainThread] [I] [toil.common] Successfully deleted the job store: FileJobStore(/tmp/tmpqb5kl6rm)
</system-err>
		</testcase>
		<testcase name="Test that expression engine does not fail to evaluate reference to self with unprovided input" time="5.740108" class="required, command_line_tool" file="expr_reference_self_noinput" url="cwltest:conformance_tests#126">
			<system-out>{
    &quot;args&quot;: []
}</system-out>
			<system-err>[2022-05-12T15:25:30+0200] [MainThread] [I] [cwltool] Resolved 'tests/stage-unprovided-file.cwl' to 'file:///home/michael/cwl-v1.2/tests/stage-unprovided-file.cwl'
[2022-05-12T15:25:32+0200] [MainThread] [I] [toil.job] Saving graph of 1 jobs, 1 new
[2022-05-12T15:25:32+0200] [MainThread] [I] [toil.job] Processing job 'CWLJob' stage-unprovided-file.cwl kind-CWLJob/instance-3l86ay6q v0
[2022-05-12T15:25:32+0200] [MainThread] [I] [toil] Running Toil version 5.6.0-c34146a6437e4407a61e946e968bcce67a0ebbca on host mrc-tux.
[2022-05-12T15:25:32+0200] [MainThread] [I] [toil.leader] Issued job 'CWLJob' stage-unprovided-file.cwl kind-CWLJob/instance-3l86ay6q v1 with job batch system ID: 0 and cores: 1, disk: 3.0 Gi, and memory: 2.0 Gi
[2022-05-12T15:25:33+0200] [MainThread] [I] [toil.worker] Redirecting logging to /tmp/ab6ce3be2903586095544b01ea187c21/9384/worker_log.txt
[2022-05-12T15:25:34+0200] [MainThread] [I] [toil.leader] 0 jobs are running, 0 jobs are issued and waiting to run
[2022-05-12T15:25:35+0200] [MainThread] [I] [toil.leader] Finished toil run successfully.
[2022-05-12T15:25:35+0200] [MainThread] [I] [toil.common] Successfully deleted the job store: FileJobStore(/tmp/tmp59694l0h)
</system-err>
		</testcase>
		<testcase name="Test successCodes" time="4.853492" class="required, command_line_tool" file="success_codes" url="cwltest:conformance_tests#127">
			<system-out>{}</system-out>
			<system-err>[2022-05-12T15:25:31+0200] [MainThread] [I] [cwltool] Resolved 'tests/exit-success.cwl' to 'file:///home/michael/cwl-v1.2/tests/exit-success.cwl'
[2022-05-12T15:25:33+0200] [MainThread] [I] [toil.job] Saving graph of 1 jobs, 1 new
[2022-05-12T15:25:33+0200] [MainThread] [I] [toil.job] Processing job 'CWLJob' exit-success.cwl kind-CWLJob/instance-xittmurb v0
[2022-05-12T15:25:33+0200] [MainThread] [I] [toil] Running Toil version 5.6.0-c34146a6437e4407a61e946e968bcce67a0ebbca on host mrc-tux.
[2022-05-12T15:25:33+0200] [MainThread] [I] [toil.leader] Issued job 'CWLJob' exit-success.cwl kind-CWLJob/instance-xittmurb v1 with job batch system ID: 0 and cores: 1, disk: 3.0 Gi, and memory: 2.0 Gi
[2022-05-12T15:25:33+0200] [MainThread] [I] [toil.worker] Redirecting logging to /tmp/570da9d4422c5566b6bd69812a6a6d91/8ae1/worker_log.txt
[2022-05-12T15:25:34+0200] [MainThread] [I] [toil.leader] 0 jobs are running, 0 jobs are issued and waiting to run
[2022-05-12T15:25:35+0200] [MainThread] [I] [toil.leader] Finished toil run successfully.
[2022-05-12T15:25:35+0200] [MainThread] [I] [toil.common] Successfully deleted the job store: FileJobStore(/tmp/tmpn4fh8nla)
</system-err>
		</testcase>
		<testcase name="Test simple workflow with a dynamic resource requirement" time="10.587166" class="resource, workflow" file="dynamic_resreq_wf" url="cwltest:conformance_tests#128">
			<system-out>{
    &quot;cores&quot;: {
        &quot;location&quot;: &quot;file:///tmp/tmpnj6frs7l/output&quot;,
        &quot;basename&quot;: &quot;output&quot;,
        &quot;nameroot&quot;: &quot;output&quot;,
        &quot;nameext&quot;: &quot;&quot;,
        &quot;class&quot;: &quot;File&quot;,
        &quot;checksum&quot;: &quot;sha1$7448d8798a4380162d4b56f9b452e2f6f9e24e7a&quot;,
        &quot;size&quot;: 2
    }
}</system-out>
			<system-err>[2022-05-12T15:25:35+0200] [MainThread] [I] [cwltool] Resolved 'tests/dynresreq-workflow.cwl' to 'file:///home/michael/cwl-v1.2/tests/dynresreq-workflow.cwl'
[2022-05-12T15:25:39+0200] [MainThread] [I] [toil.job] Saving graph of 2 jobs, 2 new
[2022-05-12T15:25:39+0200] [MainThread] [I] [toil.job] Processing job 'ResolveIndirect' kind-ResolveIndirect/instance-hwky6ey1 v0
[2022-05-12T15:25:39+0200] [MainThread] [I] [toil.job] Processing job 'CWLWorkflow' kind-CWLWorkflow/instance-tu85jebd v0
[2022-05-12T15:25:39+0200] [MainThread] [I] [toil] Running Toil version 5.6.0-c34146a6437e4407a61e946e968bcce67a0ebbca on host mrc-tux.
[2022-05-12T15:25:39+0200] [MainThread] [I] [toil.worker] Redirecting logging to /tmp/06af0fc955245d4483fe26d3e903515f/b59a/worker_log.txt
[2022-05-12T15:25:40+0200] [MainThread] [I] [toil.leader] 0 jobs are running, 0 jobs are issued and waiting to run
[2022-05-12T15:25:40+0200] [MainThread] [I] [toil.worker] Redirecting logging to /tmp/06af0fc955245d4483fe26d3e903515f/7f0b/worker_log.txt
[2022-05-12T15:25:41+0200] [MainThread] [I] [toil.leader] Issued job 'CWLJob' dynresreq-workflow.cwl.count.dynresreq.cwl kind-CWLJob/instance-x2u4nt28 v1 with job batch system ID: 2 and cores: 2, disk: 2.0 Gi, and memory: 256.0 Mi
[2022-05-12T15:25:41+0200] [MainThread] [I] [toil.worker] Redirecting logging to /tmp/06af0fc955245d4483fe26d3e903515f/9100/worker_log.txt
[2022-05-12T15:25:41+0200] [MainThread] [I] [toil.leader] Issued job 'CWLJob' dynresreq-workflow.cwl.report.cat-tool.cwl kind-CWLJob/instance-jujpbrqw v1 with job batch system ID: 3 and cores: 1, disk: 3.0 Gi, and memory: 2.0 Gi
[2022-05-12T15:25:42+0200] [MainThread] [I] [toil.worker] Redirecting logging to /tmp/06af0fc955245d4483fe26d3e903515f/270b/worker_log.txt
[2022-05-12T15:25:42+0200] [MainThread] [I] [toil.worker] Redirecting logging to /tmp/06af0fc955245d4483fe26d3e903515f/70f7/worker_log.txt
[2022-05-12T15:25:43+0200] [MainThread] [I] [toil.worker] Redirecting logging to /tmp/06af0fc955245d4483fe26d3e903515f/8342/worker_log.txt
[2022-05-12T15:25:44+0200] [MainThread] [I] [toil.worker] Redirecting logging to /tmp/06af0fc955245d4483fe26d3e903515f/f123/worker_log.txt
[2022-05-12T15:25:45+0200] [MainThread] [I] [toil.leader] Finished toil run successfully.
[2022-05-12T15:25:45+0200] [MainThread] [I] [toil.common] Successfully deleted the job store: FileJobStore(/tmp/tmpl_v3sl0l)
</system-err>
		</testcase>
		<testcase name="Test that empty array input does not add anything to command line" time="5.706604" class="required, command_line_tool" file="cl_empty_array_input" url="cwltest:conformance_tests#129">
			<system-out>{
    &quot;args&quot;: []
}</system-out>
			<system-err>[2022-05-12T15:25:35+0200] [MainThread] [I] [cwltool] Resolved 'tests/empty-array-input.cwl' to 'file:///home/michael/cwl-v1.2/tests/empty-array-input.cwl'
[2022-05-12T15:25:37+0200] [MainThread] [I] [toil.job] Saving graph of 1 jobs, 1 new
[2022-05-12T15:25:37+0200] [MainThread] [I] [toil.job] Processing job 'CWLJob' empty-array-input.cwl kind-CWLJob/instance-k6mek_ez v0
[2022-05-12T15:25:37+0200] [MainThread] [I] [toil] Running Toil version 5.6.0-c34146a6437e4407a61e946e968bcce67a0ebbca on host mrc-tux.
[2022-05-12T15:25:37+0200] [MainThread] [I] [toil.leader] Issued job 'CWLJob' empty-array-input.cwl kind-CWLJob/instance-k6mek_ez v1 with job batch system ID: 0 and cores: 1, disk: 3.0 Gi, and memory: 2.0 Gi
[2022-05-12T15:25:38+0200] [MainThread] [I] [toil.worker] Redirecting logging to /tmp/970bd6614795516c9ea17f457a78300d/a6c1/worker_log.txt
[2022-05-12T15:25:39+0200] [MainThread] [I] [toil.leader] 0 jobs are running, 0 jobs are issued and waiting to run
[2022-05-12T15:25:40+0200] [MainThread] [I] [toil.leader] Finished toil run successfully.
[2022-05-12T15:25:40+0200] [MainThread] [I] [toil.common] Successfully deleted the job store: FileJobStore(/tmp/tmp6ibf91ij)
</system-err>
		</testcase>
		<testcase name="Test that ResourceRequirement on a step level redefines requirement on the workflow level" time="7.685071" class="resource, workflow" file="resreq_step_overrides_wf" url="cwltest:conformance_tests#130">
			<system-out>{
    &quot;out&quot;: {
        &quot;location&quot;: &quot;file:///tmp/tmp0fw84khp/cores.txt&quot;,
        &quot;basename&quot;: &quot;cores.txt&quot;,
        &quot;nameroot&quot;: &quot;cores&quot;,
        &quot;nameext&quot;: &quot;.txt&quot;,
        &quot;class&quot;: &quot;File&quot;,
        &quot;checksum&quot;: &quot;sha1$e5fa44f2b31c1fb553b6021e7360d07d5d91ff5e&quot;,
        &quot;size&quot;: 2
    }
}</system-out>
			<system-err>[2022-05-12T15:25:36+0200] [MainThread] [I] [cwltool] Resolved 'tests/steplevel-resreq.cwl' to 'file:///home/michael/cwl-v1.2/tests/steplevel-resreq.cwl'
[2022-05-12T15:25:39+0200] [MainThread] [I] [toil.job] Saving graph of 2 jobs, 2 new
[2022-05-12T15:25:39+0200] [MainThread] [I] [toil.job] Processing job 'ResolveIndirect' kind-ResolveIndirect/instance-pfjyq9y8 v0
[2022-05-12T15:25:39+0200] [MainThread] [I] [toil.job] Processing job 'CWLWorkflow' kind-CWLWorkflow/instance-du8yn15a v0
[2022-05-12T15:25:39+0200] [MainThread] [I] [toil] Running Toil version 5.6.0-c34146a6437e4407a61e946e968bcce67a0ebbca on host mrc-tux.
[2022-05-12T15:25:39+0200] [MainThread] [I] [toil.worker] Redirecting logging to /tmp/499a218d9d605085a72ea8428b7b620b/6902/worker_log.txt
[2022-05-12T15:25:40+0200] [MainThread] [I] [toil.leader] 0 jobs are running, 0 jobs are issued and waiting to run
[2022-05-12T15:25:40+0200] [MainThread] [I] [toil.leader] Issued job 'CWLJob' steplevel-resreq.cwl.step1._:0abab70f-e4ef-48c5-963e-2111c5358a0f kind-CWLJob/instance-lq8rqbd8 v1 with job batch system ID: 1 and cores: 1, disk: 2.0 Gi, and memory: 256.0 Mi
[2022-05-12T15:25:40+0200] [MainThread] [I] [toil.worker] Redirecting logging to /tmp/499a218d9d605085a72ea8428b7b620b/ff95/worker_log.txt
[2022-05-12T15:25:41+0200] [MainThread] [I] [toil.worker] Redirecting logging to /tmp/499a218d9d605085a72ea8428b7b620b/7d21/worker_log.txt
[2022-05-12T15:25:42+0200] [MainThread] [I] [toil.worker] Redirecting logging to /tmp/499a218d9d605085a72ea8428b7b620b/d727/worker_log.txt
[2022-05-12T15:25:43+0200] [MainThread] [I] [toil.leader] Finished toil run successfully.
[2022-05-12T15:25:43+0200] [MainThread] [I] [toil.common] Successfully deleted the job store: FileJobStore(/tmp/tmpnxonhy1p)
</system-err>
		</testcase>
		<testcase name="Test valueFrom with constant value overriding provided array inputs" time="5.863813" class="required, command_line_tool" file="valuefrom_constant_overrides_inputs" url="cwltest:conformance_tests#131">
			<system-out>{
    &quot;args&quot;: [
        &quot;replacementValue&quot;
    ]
}</system-out>
			<system-err>[2022-05-12T15:25:37+0200] [MainThread] [I] [cwltool] Resolved 'tests/valueFrom-constant.cwl' to 'file:///home/michael/cwl-v1.2/tests/valueFrom-constant.cwl'
[2022-05-12T15:25:39+0200] [MainThread] [I] [toil.job] Saving graph of 1 jobs, 1 new
[2022-05-12T15:25:39+0200] [MainThread] [I] [toil.job] Processing job 'CWLJob' valueFrom-constant.cwl kind-CWLJob/instance-f0wj9dem v0
[2022-05-12T15:25:39+0200] [MainThread] [I] [toil] Running Toil version 5.6.0-c34146a6437e4407a61e946e968bcce67a0ebbca on host mrc-tux.
[2022-05-12T15:25:39+0200] [MainThread] [I] [toil.leader] Issued job 'CWLJob' valueFrom-constant.cwl kind-CWLJob/instance-f0wj9dem v1 with job batch system ID: 0 and cores: 1, disk: 3.0 Gi, and memory: 2.0 Gi
[2022-05-12T15:25:40+0200] [MainThread] [I] [toil.worker] Redirecting logging to /tmp/dab61af723835994bc6d41cc3a7f20fa/74d1/worker_log.txt
[2022-05-12T15:25:41+0200] [MainThread] [I] [toil.leader] 0 jobs are running, 0 jobs are issued and waiting to run
[2022-05-12T15:25:42+0200] [MainThread] [I] [toil.leader] Finished toil run successfully.
[2022-05-12T15:25:42+0200] [MainThread] [I] [toil.common] Successfully deleted the job store: FileJobStore(/tmp/tmp67en7dwv)
</system-err>
		</testcase>
		<testcase name="Test dynamic resource reqs referencing the size of Files inside a Directory" time="7.089349" class="resource, command_line_tool" file="dynamic_resreq_filesizes" url="cwltest:conformance_tests#132">
			<system-out>{
    &quot;output&quot;: {
        &quot;location&quot;: &quot;file:///tmp/tmpizbm476_/cores.txt&quot;,
        &quot;basename&quot;: &quot;cores.txt&quot;,
        &quot;nameroot&quot;: &quot;cores&quot;,
        &quot;nameext&quot;: &quot;.txt&quot;,
        &quot;class&quot;: &quot;File&quot;,
        &quot;checksum&quot;: &quot;sha1$7448d8798a4380162d4b56f9b452e2f6f9e24e7a&quot;,
        &quot;size&quot;: 2
    }
}</system-out>
			<system-err>[2022-05-12T15:25:41+0200] [MainThread] [I] [cwltool] Resolved 'tests/dynresreq-dir.cwl' to 'file:///home/michael/cwl-v1.2/tests/dynresreq-dir.cwl'
[2022-05-12T15:25:43+0200] [MainThread] [I] [toil.job] Saving graph of 1 jobs, 1 new
[2022-05-12T15:25:43+0200] [MainThread] [I] [toil.job] Processing job 'CWLJobWrapper' kind-CWLJobWrapper/instance-7pdyc4s4 v0
[2022-05-12T15:25:43+0200] [MainThread] [I] [toil] Running Toil version 5.6.0-c34146a6437e4407a61e946e968bcce67a0ebbca on host mrc-tux.
[2022-05-12T15:25:44+0200] [MainThread] [I] [toil.worker] Redirecting logging to /tmp/51a6c7ce6dd8568099f96ee53621739c/b02b/worker_log.txt
[2022-05-12T15:25:44+0200] [MainThread] [I] [toil.leader] 0 jobs are running, 0 jobs are issued and waiting to run
[2022-05-12T15:25:44+0200] [MainThread] [I] [toil.leader] Issued job 'CWLJob' dynresreq-dir.cwl kind-CWLJob/instance-bhas2bve v1 with job batch system ID: 1 and cores: 2, disk: 2.0 Gi, and memory: 256.0 Mi
[2022-05-12T15:25:45+0200] [MainThread] [I] [toil.worker] Redirecting logging to /tmp/51a6c7ce6dd8568099f96ee53621739c/c6da/worker_log.txt
[2022-05-12T15:25:45+0200] [MainThread] [I] [toil.worker] Redirecting logging to /tmp/51a6c7ce6dd8568099f96ee53621739c/a46f/worker_log.txt
[2022-05-12T15:25:47+0200] [MainThread] [I] [toil.leader] Finished toil run successfully.
[2022-05-12T15:25:48+0200] [MainThread] [I] [toil.common] Successfully deleted the job store: FileJobStore(/tmp/tmpnl68jk7y)
</system-err>
		</testcase>
		<testcase name="Test that it is not an error to connect a parameter to a workflow step, even if the parameter doesn't appear in the `run` process inputs." time="7.686095" class="required, workflow" file="wf_step_connect_undeclared_param" url="cwltest:conformance_tests#133">
			<system-out>{
    &quot;out&quot;: &quot;hello inp1\n&quot;
}</system-out>
			<system-err>[2022-05-12T15:25:43+0200] [MainThread] [I] [cwltool] Resolved 'tests/pass-unconnected.cwl' to 'file:///home/michael/cwl-v1.2/tests/pass-unconnected.cwl'
[2022-05-12T15:25:46+0200] [MainThread] [W] [cwltool] Workflow checker warning:
tests/pass-unconnected.cwl:18:7: 'in2' is not an input parameter of
                                 file:///home/michael/cwl-v1.2/tests/echo-tool.cwl, expected in
[2022-05-12T15:25:46+0200] [MainThread] [I] [toil.job] Saving graph of 2 jobs, 2 new
[2022-05-12T15:25:46+0200] [MainThread] [I] [toil.job] Processing job 'ResolveIndirect' kind-ResolveIndirect/instance-7dmtzhru v0
[2022-05-12T15:25:46+0200] [MainThread] [I] [toil.job] Processing job 'CWLWorkflow' kind-CWLWorkflow/instance-5ffgdwqp v0
[2022-05-12T15:25:46+0200] [MainThread] [I] [toil] Running Toil version 5.6.0-c34146a6437e4407a61e946e968bcce67a0ebbca on host mrc-tux.
[2022-05-12T15:25:46+0200] [MainThread] [I] [toil.worker] Redirecting logging to /tmp/e8d28a34a3e5585fad1d8fc30103a138/45b8/worker_log.txt
[2022-05-12T15:25:47+0200] [MainThread] [I] [toil.leader] 0 jobs are running, 0 jobs are issued and waiting to run
[2022-05-12T15:25:47+0200] [MainThread] [I] [toil.leader] Issued job 'CWLJob' pass-unconnected.cwl.step1.echo-tool.cwl kind-CWLJob/instance-w_o_co7p v1 with job batch system ID: 1 and cores: 1, disk: 3.0 Gi, and memory: 2.0 Gi
[2022-05-12T15:25:47+0200] [MainThread] [I] [toil.worker] Redirecting logging to /tmp/e8d28a34a3e5585fad1d8fc30103a138/cd76/worker_log.txt
[2022-05-12T15:25:48+0200] [MainThread] [I] [toil.worker] Redirecting logging to /tmp/e8d28a34a3e5585fad1d8fc30103a138/1301/worker_log.txt
[2022-05-12T15:25:49+0200] [MainThread] [I] [toil.worker] Redirecting logging to /tmp/e8d28a34a3e5585fad1d8fc30103a138/0039/worker_log.txt
[2022-05-12T15:25:50+0200] [MainThread] [I] [toil.leader] Finished toil run successfully.
[2022-05-12T15:25:50+0200] [MainThread] [I] [toil.common] Successfully deleted the job store: FileJobStore(/tmp/tmp4u96dw4k)
</system-err>
		</testcase>
		<testcase name="Test that parameters that don't appear in the `run` process inputs are not present in the input object used to run the tool." time="11.738312" class="required, workflow" file="wf_step_access_undeclared_param" url="cwltest:conformance_tests#134">
			<system-err>[2022-05-12T15:25:44+0200] [MainThread] [I] [cwltool] Resolved 'tests/fail-unconnected.cwl' to 'file:///home/michael/cwl-v1.2/tests/fail-unconnected.cwl'
[2022-05-12T15:25:47+0200] [MainThread] [W] [cwltool] Workflow checker warning:
tests/fail-unconnected.cwl:18:7: 'in2' is not an input parameter of
                                 file:///home/michael/cwl-v1.2/tests/fail-unspecified-input.cwl,
                                 expected in
[2022-05-12T15:25:47+0200] [MainThread] [I] [toil.job] Saving graph of 2 jobs, 2 new
[2022-05-12T15:25:47+0200] [MainThread] [I] [toil.job] Processing job 'ResolveIndirect' kind-ResolveIndirect/instance-f53tlgqw v0
[2022-05-12T15:25:47+0200] [MainThread] [I] [toil.job] Processing job 'CWLWorkflow' kind-CWLWorkflow/instance-bujzdyf4 v0
[2022-05-12T15:25:47+0200] [MainThread] [I] [toil] Running Toil version 5.6.0-c34146a6437e4407a61e946e968bcce67a0ebbca on host mrc-tux.
[2022-05-12T15:25:47+0200] [MainThread] [I] [toil.worker] Redirecting logging to /tmp/085277b26b3a53cda76129b6d472964e/013a/worker_log.txt
[2022-05-12T15:25:47+0200] [MainThread] [I] [toil.leader] 0 jobs are running, 0 jobs are issued and waiting to run
[2022-05-12T15:25:47+0200] [MainThread] [I] [toil.leader] Issued job 'CWLJob' fail-unconnected.cwl.step1.fail-unspecified-input.cwl kind-CWLJob/instance-us2gnsul v1 with job batch system ID: 1 and cores: 1, disk: 3.0 Gi, and memory: 2.0 Gi
[2022-05-12T15:25:48+0200] [MainThread] [I] [toil.worker] Redirecting logging to /tmp/085277b26b3a53cda76129b6d472964e/fd3a/worker_log.txt
[2022-05-12T15:25:48+0200] [Thread-1 (daddy)] [E] [toil.batchSystems.singleMachine] Got exit code 1 (indicating failure) from job _toil_worker CWLJob file:/tmp/tmpa390kbhi kind-CWLJob/instance-us2gnsul.
[2022-05-12T15:25:48+0200] [MainThread] [W] [toil.leader] Job failed with exit value 1: 'CWLJob' fail-unconnected.cwl.step1.fail-unspecified-input.cwl kind-CWLJob/instance-us2gnsul v1
Exit reason: None
[2022-05-12T15:25:48+0200] [MainThread] [W] [toil.leader] The job seems to have left a log file, indicating failure: 'CWLJob' fail-unconnected.cwl.step1.fail-unspecified-input.cwl kind-CWLJob/instance-us2gnsul v2
[2022-05-12T15:25:48+0200] [MainThread] [W] [toil.leader] Log from job &quot;kind-CWLJob/instance-us2gnsul&quot; follows:
=========&gt;
	[2022-05-12T15:25:48+0200] [MainThread] [I] [toil.worker] ---TOIL WORKER OUTPUT LOG---
	[2022-05-12T15:25:48+0200] [MainThread] [I] [toil] Running Toil version 5.6.0-c34146a6437e4407a61e946e968bcce67a0ebbca on host mrc-tux.
	[2022-05-12T15:25:48+0200] [MainThread] [I] [toil.worker] Working on job 'CWLJob' fail-unconnected.cwl.step1.fail-unspecified-input.cwl kind-CWLJob/instance-us2gnsul v1
	[2022-05-12T15:25:48+0200] [MainThread] [I] [toil.worker] Loaded body Job('CWLJob' fail-unconnected.cwl.step1.fail-unspecified-input.cwl kind-CWLJob/instance-us2gnsul v1) from description 'CWLJob' fail-unconnected.cwl.step1.fail-unspecified-input.cwl kind-CWLJob/instance-us2gnsul v1
	[2022-05-12T15:25:48+0200] [MainThread] [E] [cwltool] Syntax error in parameter reference 'inputs.in2': inputs does not contain key 'in2'. This could be due to using Javascript code without specifying InlineJavascriptRequirement.
	Traceback (most recent call last):
	  File &quot;/home/michael/common-workflow-language/toil5.6.0/lib/python3.10/site-packages/cwltool/expression.py&quot;, line 393, in do_eval
	    return interpolate(
	  File &quot;/home/michael/common-workflow-language/toil5.6.0/lib/python3.10/site-packages/cwltool/expression.py&quot;, line 297, in interpolate
	    e = evaluator(
	  File &quot;/home/michael/common-workflow-language/toil5.6.0/lib/python3.10/site-packages/cwltool/expression.py&quot;, line 243, in evaluator
	    raise JavascriptException(
	cwltool.sandboxjs.JavascriptException: Syntax error in parameter reference 'inputs.in2': inputs does not contain key 'in2'. This could be due to using Javascript code without specifying InlineJavascriptRequirement.
	Traceback (most recent call last):
	  File &quot;/home/michael/common-workflow-language/toil5.6.0/lib/python3.10/site-packages/cwltool/expression.py&quot;, line 393, in do_eval
	    return interpolate(
	  File &quot;/home/michael/common-workflow-language/toil5.6.0/lib/python3.10/site-packages/cwltool/expression.py&quot;, line 297, in interpolate
	    e = evaluator(
	  File &quot;/home/michael/common-workflow-language/toil5.6.0/lib/python3.10/site-packages/cwltool/expression.py&quot;, line 243, in evaluator
	    raise JavascriptException(
	cwltool.sandboxjs.JavascriptException: Syntax error in parameter reference 'inputs.in2': inputs does not contain key 'in2'. This could be due to using Javascript code without specifying InlineJavascriptRequirement.
	
	The above exception was the direct cause of the following exception:
	
	Traceback (most recent call last):
	  File &quot;/home/michael/common-workflow-language/toil5.6.0/lib/python3.10/site-packages/cwltool/builder.py&quot;, line 647, in generate_arg
	    value = self.do_eval(cast(str, binding[&quot;valueFrom&quot;]), context=value)
	  File &quot;/home/michael/common-workflow-language/toil5.6.0/lib/python3.10/site-packages/cwltool/builder.py&quot;, line 718, in do_eval
	    return expression.do_eval(
	  File &quot;/home/michael/common-workflow-language/toil5.6.0/lib/python3.10/site-packages/cwltool/expression.py&quot;, line 419, in do_eval
	    raise WorkflowException(&quot;Expression evaluation error:\n%s&quot; % str(e)) from e
	cwltool.errors.WorkflowException: Expression evaluation error:
	Syntax error in parameter reference 'inputs.in2': inputs does not contain key 'in2'. This could be due to using Javascript code without specifying InlineJavascriptRequirement.
	
	During handling of the above exception, another exception occurred:
	
	Traceback (most recent call last):
	  File &quot;/home/michael/common-workflow-language/toil5.6.0/lib/python3.10/site-packages/toil/worker.py&quot;, line 405, in workerScript
	    job._runner(jobGraph=None, jobStore=jobStore, fileStore=fileStore, defer=defer)
	  File &quot;/home/michael/common-workflow-language/toil5.6.0/lib/python3.10/site-packages/toil/job.py&quot;, line 2399, in _runner
	    returnValues = self._run(jobGraph=None, fileStore=fileStore)
	  File &quot;/home/michael/common-workflow-language/toil5.6.0/lib/python3.10/site-packages/toil/job.py&quot;, line 2317, in _run
	    return self.run(fileStore)
	  File &quot;/home/michael/common-workflow-language/toil5.6.0/lib/python3.10/site-packages/toil/cwl/cwltoil.py&quot;, line 2046, in run
	    output, status = ToilSingleJobExecutor().execute(
	  File &quot;/home/michael/common-workflow-language/toil5.6.0/lib/python3.10/site-packages/cwltool/executors.py&quot;, line 143, in execute
	    self.run_jobs(process, job_order_object, logger, runtime_context)
	  File &quot;/home/michael/common-workflow-language/toil5.6.0/lib/python3.10/site-packages/toil/cwl/cwltoil.py&quot;, line 922, in run_jobs
	    return super().run_jobs(process, job_order_object, logger, runtime_context)
	  File &quot;/home/michael/common-workflow-language/toil5.6.0/lib/python3.10/site-packages/cwltool/executors.py&quot;, line 227, in run_jobs
	    for job in jobiter:
	  File &quot;/home/michael/common-workflow-language/toil5.6.0/lib/python3.10/site-packages/cwltool/command_line_tool.py&quot;, line 1172, in job
	    j.command_line = flatten(list(map(builder.generate_arg, builder.bindings)))
	  File &quot;/home/michael/common-workflow-language/toil5.6.0/lib/python3.10/site-packages/cwltool/builder.py&quot;, line 641, in generate_arg
	    with SourceLine(
	  File &quot;schema_salad/sourceline.py&quot;, line 256, in __exit__
	cwltool.errors.WorkflowException: tests/fail-unspecified-input.cwl:13:33: Expression evaluation error:
	tests/fail-unspecified-input.cwl:13:33: Syntax error in parameter reference 'inputs.in2': inputs does not contain key 'in2'. This could be due to using Javascript code without specifying InlineJavascriptRequirement.
	[2022-05-12T15:25:48+0200] [MainThread] [E] [toil.worker] Exiting the worker because of a failed job on host mrc-tux
&lt;=========
[2022-05-12T15:25:48+0200] [MainThread] [W] [toil.job] Due to failure we are reducing the remaining try count of job 'CWLJob' fail-unconnected.cwl.step1.fail-unspecified-input.cwl kind-CWLJob/instance-us2gnsul v2 with ID kind-CWLJob/instance-us2gnsul to 1
[2022-05-12T15:25:48+0200] [MainThread] [I] [toil.leader] Issued job 'CWLJob' fail-unconnected.cwl.step1.fail-unspecified-input.cwl kind-CWLJob/instance-us2gnsul v3 with job batch system ID: 2 and cores: 1, disk: 3.0 Gi, and memory: 2.0 Gi
[2022-05-12T15:25:49+0200] [MainThread] [I] [toil.worker] Redirecting logging to /tmp/085277b26b3a53cda76129b6d472964e/0e48/worker_log.txt
[2022-05-12T15:25:49+0200] [Thread-1 (daddy)] [E] [toil.batchSystems.singleMachine] Got exit code 1 (indicating failure) from job _toil_worker CWLJob file:/tmp/tmpa390kbhi kind-CWLJob/instance-us2gnsul.
[2022-05-12T15:25:49+0200] [MainThread] [W] [toil.leader] Job failed with exit value 1: 'CWLJob' fail-unconnected.cwl.step1.fail-unspecified-input.cwl kind-CWLJob/instance-us2gnsul v3
Exit reason: None
[2022-05-12T15:25:49+0200] [MainThread] [W] [toil.leader] The job seems to have left a log file, indicating failure: 'CWLJob' fail-unconnected.cwl.step1.fail-unspecified-input.cwl kind-CWLJob/instance-us2gnsul v5
[2022-05-12T15:25:49+0200] [MainThread] [W] [toil.leader] Log from job &quot;kind-CWLJob/instance-us2gnsul&quot; follows:
=========&gt;
	[2022-05-12T15:25:49+0200] [MainThread] [I] [toil.worker] ---TOIL WORKER OUTPUT LOG---
	[2022-05-12T15:25:49+0200] [MainThread] [I] [toil] Running Toil version 5.6.0-c34146a6437e4407a61e946e968bcce67a0ebbca on host mrc-tux.
	[2022-05-12T15:25:49+0200] [MainThread] [I] [toil.worker] Working on job 'CWLJob' fail-unconnected.cwl.step1.fail-unspecified-input.cwl kind-CWLJob/instance-us2gnsul v4
	[2022-05-12T15:25:49+0200] [MainThread] [I] [toil.worker] Loaded body Job('CWLJob' fail-unconnected.cwl.step1.fail-unspecified-input.cwl kind-CWLJob/instance-us2gnsul v4) from description 'CWLJob' fail-unconnected.cwl.step1.fail-unspecified-input.cwl kind-CWLJob/instance-us2gnsul v4
	[2022-05-12T15:25:49+0200] [MainThread] [E] [cwltool] Syntax error in parameter reference 'inputs.in2': inputs does not contain key 'in2'. This could be due to using Javascript code without specifying InlineJavascriptRequirement.
	Traceback (most recent call last):
	  File &quot;/home/michael/common-workflow-language/toil5.6.0/lib/python3.10/site-packages/cwltool/expression.py&quot;, line 393, in do_eval
	    return interpolate(
	  File &quot;/home/michael/common-workflow-language/toil5.6.0/lib/python3.10/site-packages/cwltool/expression.py&quot;, line 297, in interpolate
	    e = evaluator(
	  File &quot;/home/michael/common-workflow-language/toil5.6.0/lib/python3.10/site-packages/cwltool/expression.py&quot;, line 243, in evaluator
	    raise JavascriptException(
	cwltool.sandboxjs.JavascriptException: Syntax error in parameter reference 'inputs.in2': inputs does not contain key 'in2'. This could be due to using Javascript code without specifying InlineJavascriptRequirement.
	Traceback (most recent call last):
	  File &quot;/home/michael/common-workflow-language/toil5.6.0/lib/python3.10/site-packages/cwltool/expression.py&quot;, line 393, in do_eval
	    return interpolate(
	  File &quot;/home/michael/common-workflow-language/toil5.6.0/lib/python3.10/site-packages/cwltool/expression.py&quot;, line 297, in interpolate
	    e = evaluator(
	  File &quot;/home/michael/common-workflow-language/toil5.6.0/lib/python3.10/site-packages/cwltool/expression.py&quot;, line 243, in evaluator
	    raise JavascriptException(
	cwltool.sandboxjs.JavascriptException: Syntax error in parameter reference 'inputs.in2': inputs does not contain key 'in2'. This could be due to using Javascript code without specifying InlineJavascriptRequirement.
	
	The above exception was the direct cause of the following exception:
	
	Traceback (most recent call last):
	  File &quot;/home/michael/common-workflow-language/toil5.6.0/lib/python3.10/site-packages/cwltool/builder.py&quot;, line 647, in generate_arg
	    value = self.do_eval(cast(str, binding[&quot;valueFrom&quot;]), context=value)
	  File &quot;/home/michael/common-workflow-language/toil5.6.0/lib/python3.10/site-packages/cwltool/builder.py&quot;, line 718, in do_eval
	    return expression.do_eval(
	  File &quot;/home/michael/common-workflow-language/toil5.6.0/lib/python3.10/site-packages/cwltool/expression.py&quot;, line 419, in do_eval
	    raise WorkflowException(&quot;Expression evaluation error:\n%s&quot; % str(e)) from e
	cwltool.errors.WorkflowException: Expression evaluation error:
	Syntax error in parameter reference 'inputs.in2': inputs does not contain key 'in2'. This could be due to using Javascript code without specifying InlineJavascriptRequirement.
	
	During handling of the above exception, another exception occurred:
	
	Traceback (most recent call last):
	  File &quot;/home/michael/common-workflow-language/toil5.6.0/lib/python3.10/site-packages/toil/worker.py&quot;, line 405, in workerScript
	    job._runner(jobGraph=None, jobStore=jobStore, fileStore=fileStore, defer=defer)
	  File &quot;/home/michael/common-workflow-language/toil5.6.0/lib/python3.10/site-packages/toil/job.py&quot;, line 2399, in _runner
	    returnValues = self._run(jobGraph=None, fileStore=fileStore)
	  File &quot;/home/michael/common-workflow-language/toil5.6.0/lib/python3.10/site-packages/toil/job.py&quot;, line 2317, in _run
	    return self.run(fileStore)
	  File &quot;/home/michael/common-workflow-language/toil5.6.0/lib/python3.10/site-packages/toil/cwl/cwltoil.py&quot;, line 2046, in run
	    output, status = ToilSingleJobExecutor().execute(
	  File &quot;/home/michael/common-workflow-language/toil5.6.0/lib/python3.10/site-packages/cwltool/executors.py&quot;, line 143, in execute
	    self.run_jobs(process, job_order_object, logger, runtime_context)
	  File &quot;/home/michael/common-workflow-language/toil5.6.0/lib/python3.10/site-packages/toil/cwl/cwltoil.py&quot;, line 922, in run_jobs
	    return super().run_jobs(process, job_order_object, logger, runtime_context)
	  File &quot;/home/michael/common-workflow-language/toil5.6.0/lib/python3.10/site-packages/cwltool/executors.py&quot;, line 227, in run_jobs
	    for job in jobiter:
	  File &quot;/home/michael/common-workflow-language/toil5.6.0/lib/python3.10/site-packages/cwltool/command_line_tool.py&quot;, line 1172, in job
	    j.command_line = flatten(list(map(builder.generate_arg, builder.bindings)))
	  File &quot;/home/michael/common-workflow-language/toil5.6.0/lib/python3.10/site-packages/cwltool/builder.py&quot;, line 641, in generate_arg
	    with SourceLine(
	  File &quot;schema_salad/sourceline.py&quot;, line 256, in __exit__
	cwltool.errors.WorkflowException: tests/fail-unspecified-input.cwl:13:33: Expression evaluation error:
	tests/fail-unspecified-input.cwl:13:33: Syntax error in parameter reference 'inputs.in2': inputs does not contain key 'in2'. This could be due to using Javascript code without specifying InlineJavascriptRequirement.
	[2022-05-12T15:25:49+0200] [MainThread] [E] [toil.worker] Exiting the worker because of a failed job on host mrc-tux
&lt;=========
[2022-05-12T15:25:49+0200] [MainThread] [W] [toil.job] Due to failure we are reducing the remaining try count of job 'CWLJob' fail-unconnected.cwl.step1.fail-unspecified-input.cwl kind-CWLJob/instance-us2gnsul v5 with ID kind-CWLJob/instance-us2gnsul to 0
[2022-05-12T15:25:49+0200] [MainThread] [W] [toil.leader] Job 'CWLJob' fail-unconnected.cwl.step1.fail-unspecified-input.cwl kind-CWLJob/instance-us2gnsul v6 is completely failed
[2022-05-12T15:25:55+0200] [MainThread] [I] [toil.leader] Finished toil run with 2 failed jobs.
[2022-05-12T15:25:55+0200] [MainThread] [I] [toil.leader] Failed jobs at end of the run: 'CWLJob' fail-unconnected.cwl.step1.fail-unspecified-input.cwl kind-CWLJob/instance-us2gnsul v6 'CWLWorkflow' kind-CWLWorkflow/instance-bujzdyf4 v2
Traceback (most recent call last):
  File &quot;/home/michael/common-workflow-language/toil5.6.0/bin/toil-cwl-runner&quot;, line 8, in &lt;module&gt;
    sys.exit(main())
  File &quot;/home/michael/common-workflow-language/toil5.6.0/lib/python3.10/site-packages/toil/cwl/cwltoil.py&quot;, line 3486, in main
    outobj = toil.start(wf1)
  File &quot;/home/michael/common-workflow-language/toil5.6.0/lib/python3.10/site-packages/toil/common.py&quot;, line 951, in start
    return self._runMainLoop(rootJobDescription)
  File &quot;/home/michael/common-workflow-language/toil5.6.0/lib/python3.10/site-packages/toil/common.py&quot;, line 1278, in _runMainLoop
    jobCache=self._jobCache).run()
  File &quot;/home/michael/common-workflow-language/toil5.6.0/lib/python3.10/site-packages/toil/leader.py&quot;, line 289, in run
    raise FailedJobsException(self.jobStore, failed_jobs, exit_code=self.recommended_fail_exit_code)
toil.leader.FailedJobsException: The job store '/tmp/tmpa390kbhi' contains 2 failed jobs: 'CWLJob' fail-unconnected.cwl.step1.fail-unspecified-input.cwl kind-CWLJob/instance-us2gnsul v6, 'CWLWorkflow' kind-CWLWorkflow/instance-bujzdyf4 v2
Log from job &quot;'CWLJob' fail-unconnected.cwl.step1.fail-unspecified-input.cwl kind-CWLJob/instance-us2gnsul v6&quot; follows:
=========&gt;
	[2022-05-12T15:25:49+0200] [MainThread] [I] [toil.worker] ---TOIL WORKER OUTPUT LOG---
	[2022-05-12T15:25:49+0200] [MainThread] [I] [toil] Running Toil version 5.6.0-c34146a6437e4407a61e946e968bcce67a0ebbca on host mrc-tux.
	[2022-05-12T15:25:49+0200] [MainThread] [I] [toil.worker] Working on job 'CWLJob' fail-unconnected.cwl.step1.fail-unspecified-input.cwl kind-CWLJob/instance-us2gnsul v4
	[2022-05-12T15:25:49+0200] [MainThread] [I] [toil.worker] Loaded body Job('CWLJob' fail-unconnected.cwl.step1.fail-unspecified-input.cwl kind-CWLJob/instance-us2gnsul v4) from description 'CWLJob' fail-unconnected.cwl.step1.fail-unspecified-input.cwl kind-CWLJob/instance-us2gnsul v4
	[2022-05-12T15:25:49+0200] [MainThread] [E] [cwltool] Syntax error in parameter reference 'inputs.in2': inputs does not contain key 'in2'. This could be due to using Javascript code without specifying InlineJavascriptRequirement.
	Traceback (most recent call last):
	  File &quot;/home/michael/common-workflow-language/toil5.6.0/lib/python3.10/site-packages/cwltool/expression.py&quot;, line 393, in do_eval
	    return interpolate(
	  File &quot;/home/michael/common-workflow-language/toil5.6.0/lib/python3.10/site-packages/cwltool/expression.py&quot;, line 297, in interpolate
	    e = evaluator(
	  File &quot;/home/michael/common-workflow-language/toil5.6.0/lib/python3.10/site-packages/cwltool/expression.py&quot;, line 243, in evaluator
	    raise JavascriptException(
	cwltool.sandboxjs.JavascriptException: Syntax error in parameter reference 'inputs.in2': inputs does not contain key 'in2'. This could be due to using Javascript code without specifying InlineJavascriptRequirement.
	Traceback (most recent call last):
	  File &quot;/home/michael/common-workflow-language/toil5.6.0/lib/python3.10/site-packages/cwltool/expression.py&quot;, line 393, in do_eval
	    return interpolate(
	  File &quot;/home/michael/common-workflow-language/toil5.6.0/lib/python3.10/site-packages/cwltool/expression.py&quot;, line 297, in interpolate
	    e = evaluator(
	  File &quot;/home/michael/common-workflow-language/toil5.6.0/lib/python3.10/site-packages/cwltool/expression.py&quot;, line 243, in evaluator
	    raise JavascriptException(
	cwltool.sandboxjs.JavascriptException: Syntax error in parameter reference 'inputs.in2': inputs does not contain key 'in2'. This could be due to using Javascript code without specifying InlineJavascriptRequirement.
	
	The above exception was the direct cause of the following exception:
	
	Traceback (most recent call last):
	  File &quot;/home/michael/common-workflow-language/toil5.6.0/lib/python3.10/site-packages/cwltool/builder.py&quot;, line 647, in generate_arg
	    value = self.do_eval(cast(str, binding[&quot;valueFrom&quot;]), context=value)
	  File &quot;/home/michael/common-workflow-language/toil5.6.0/lib/python3.10/site-packages/cwltool/builder.py&quot;, line 718, in do_eval
	    return expression.do_eval(
	  File &quot;/home/michael/common-workflow-language/toil5.6.0/lib/python3.10/site-packages/cwltool/expression.py&quot;, line 419, in do_eval
	    raise WorkflowException(&quot;Expression evaluation error:\n%s&quot; % str(e)) from e
	cwltool.errors.WorkflowException: Expression evaluation error:
	Syntax error in parameter reference 'inputs.in2': inputs does not contain key 'in2'. This could be due to using Javascript code without specifying InlineJavascriptRequirement.
	
	During handling of the above exception, another exception occurred:
	
	Traceback (most recent call last):
	  File &quot;/home/michael/common-workflow-language/toil5.6.0/lib/python3.10/site-packages/toil/worker.py&quot;, line 405, in workerScript
	    job._runner(jobGraph=None, jobStore=jobStore, fileStore=fileStore, defer=defer)
	  File &quot;/home/michael/common-workflow-language/toil5.6.0/lib/python3.10/site-packages/toil/job.py&quot;, line 2399, in _runner
	    returnValues = self._run(jobGraph=None, fileStore=fileStore)
	  File &quot;/home/michael/common-workflow-language/toil5.6.0/lib/python3.10/site-packages/toil/job.py&quot;, line 2317, in _run
	    return self.run(fileStore)
	  File &quot;/home/michael/common-workflow-language/toil5.6.0/lib/python3.10/site-packages/toil/cwl/cwltoil.py&quot;, line 2046, in run
	    output, status = ToilSingleJobExecutor().execute(
	  File &quot;/home/michael/common-workflow-language/toil5.6.0/lib/python3.10/site-packages/cwltool/executors.py&quot;, line 143, in execute
	    self.run_jobs(process, job_order_object, logger, runtime_context)
	  File &quot;/home/michael/common-workflow-language/toil5.6.0/lib/python3.10/site-packages/toil/cwl/cwltoil.py&quot;, line 922, in run_jobs
	    return super().run_jobs(process, job_order_object, logger, runtime_context)
	  File &quot;/home/michael/common-workflow-language/toil5.6.0/lib/python3.10/site-packages/cwltool/executors.py&quot;, line 227, in run_jobs
	    for job in jobiter:
	  File &quot;/home/michael/common-workflow-language/toil5.6.0/lib/python3.10/site-packages/cwltool/command_line_tool.py&quot;, line 1172, in job
	    j.command_line = flatten(list(map(builder.generate_arg, builder.bindings)))
	  File &quot;/home/michael/common-workflow-language/toil5.6.0/lib/python3.10/site-packages/cwltool/builder.py&quot;, line 641, in generate_arg
	    with SourceLine(
	  File &quot;schema_salad/sourceline.py&quot;, line 256, in __exit__
	cwltool.errors.WorkflowException: tests/fail-unspecified-input.cwl:13:33: Expression evaluation error:
	tests/fail-unspecified-input.cwl:13:33: Syntax error in parameter reference 'inputs.in2': inputs does not contain key 'in2'. This could be due to using Javascript code without specifying InlineJavascriptRequirement.
	[2022-05-12T15:25:49+0200] [MainThread] [E] [toil.worker] Exiting the worker because of a failed job on host mrc-tux
&lt;=========
</system-err>
		</testcase>
		<testcase name="Test $HOME and $TMPDIR are set correctly in Docker without using return code" time="5.782212" class="shell_command, command_line_tool" file="env_home_tmpdir_docker_no_return_code" url="cwltest:conformance_tests#135">
			<system-out>{
    &quot;results&quot;: {
        &quot;location&quot;: &quot;file:///tmp/tmpqrmy8vjo/results&quot;,
        &quot;basename&quot;: &quot;results&quot;,
        &quot;nameroot&quot;: &quot;results&quot;,
        &quot;nameext&quot;: &quot;&quot;,
        &quot;class&quot;: &quot;File&quot;,
        &quot;checksum&quot;: &quot;sha1$7d5ca8c0c03e883c56c4eb1ef6f6bb9bccad4d86&quot;,
        &quot;size&quot;: 8
    }
}</system-out>
			<system-err>[2022-05-12T15:25:46+0200] [MainThread] [I] [cwltool] Resolved 'tests/envvar3.cwl' to 'file:///home/michael/cwl-v1.2/tests/envvar3.cwl'
[2022-05-12T15:25:48+0200] [MainThread] [I] [toil.job] Saving graph of 1 jobs, 1 new
[2022-05-12T15:25:48+0200] [MainThread] [I] [toil.job] Processing job 'CWLJob' envvar3.cwl kind-CWLJob/instance-tqgidc2h v0
[2022-05-12T15:25:48+0200] [MainThread] [I] [toil] Running Toil version 5.6.0-c34146a6437e4407a61e946e968bcce67a0ebbca on host mrc-tux.
[2022-05-12T15:25:48+0200] [MainThread] [I] [toil.leader] Issued job 'CWLJob' envvar3.cwl kind-CWLJob/instance-tqgidc2h v1 with job batch system ID: 0 and cores: 1, disk: 3.0 Gi, and memory: 2.0 Gi
[2022-05-12T15:25:48+0200] [MainThread] [I] [toil.worker] Redirecting logging to /tmp/7b43011ab4765c879db4869648937855/7c96/worker_log.txt
[2022-05-12T15:25:50+0200] [MainThread] [I] [toil.leader] 0 jobs are running, 0 jobs are issued and waiting to run
[2022-05-12T15:25:51+0200] [MainThread] [I] [toil.leader] Finished toil run successfully.
[2022-05-12T15:25:51+0200] [MainThread] [I] [toil.common] Successfully deleted the job store: FileJobStore(/tmp/tmpooy_fq1h)
</system-err>
		</testcase>
		<testcase name="Test workflow scatter with single scatter parameter and two valueFrom using $inputs (first and current el)" time="10.495145" class="scatter, step_input, workflow" file="wf_scatter_oneparam_valuefrom_inputs" url="cwltest:conformance_tests#136">
			<system-out>{
    &quot;out&quot;: [
        &quot;foo one one&quot;,
        &quot;foo one two&quot;,
        &quot;foo one three&quot;,
        &quot;foo one four&quot;
    ]
}</system-out>
			<system-err>[2022-05-12T15:25:48+0200] [MainThread] [I] [cwltool] Resolved 'tests/scatter-valuefrom-inputs-wf1.cwl' to 'file:///home/michael/cwl-v1.2/tests/scatter-valuefrom-inputs-wf1.cwl'
[2022-05-12T15:25:51+0200] [MainThread] [I] [toil.job] Saving graph of 2 jobs, 2 new
[2022-05-12T15:25:51+0200] [MainThread] [I] [toil.job] Processing job 'ResolveIndirect' kind-ResolveIndirect/instance-vidromct v0
[2022-05-12T15:25:51+0200] [MainThread] [I] [toil.job] Processing job 'CWLWorkflow' kind-CWLWorkflow/instance-kojk4rel v0
[2022-05-12T15:25:51+0200] [MainThread] [I] [toil] Running Toil version 5.6.0-c34146a6437e4407a61e946e968bcce67a0ebbca on host mrc-tux.
[2022-05-12T15:25:51+0200] [MainThread] [I] [toil.worker] Redirecting logging to /tmp/7ca9c6f3ee925f2880a93e5f141af77e/6862/worker_log.txt
[2022-05-12T15:25:52+0200] [MainThread] [I] [toil.leader] 0 jobs are running, 0 jobs are issued and waiting to run
[2022-05-12T15:25:52+0200] [MainThread] [I] [toil.worker] Redirecting logging to /tmp/7ca9c6f3ee925f2880a93e5f141af77e/b931/worker_log.txt
[2022-05-12T15:25:52+0200] [MainThread] [I] [toil.leader] Issued job 'CWLJob' scatter-valuefrom-inputs-wf1.cwl[0]._:0d81afd8-fa6d-449a-8bcb-cf47cd904fa9 kind-CWLJob/instance-iijqxpbm v1 with job batch system ID: 2 and cores: 1, disk: 3.0 Gi, and memory: 2.0 Gi
[2022-05-12T15:25:52+0200] [MainThread] [I] [toil.leader] Issued job 'CWLJob' scatter-valuefrom-inputs-wf1.cwl[2]._:0d81afd8-fa6d-449a-8bcb-cf47cd904fa9 kind-CWLJob/instance-8zwwuwt1 v1 with job batch system ID: 3 and cores: 1, disk: 3.0 Gi, and memory: 2.0 Gi
[2022-05-12T15:25:52+0200] [MainThread] [I] [toil.leader] Issued job 'CWLJob' scatter-valuefrom-inputs-wf1.cwl[3]._:0d81afd8-fa6d-449a-8bcb-cf47cd904fa9 kind-CWLJob/instance-5g8yrgz1 v1 with job batch system ID: 4 and cores: 1, disk: 3.0 Gi, and memory: 2.0 Gi
[2022-05-12T15:25:52+0200] [MainThread] [I] [toil.leader] Issued job 'CWLJob' scatter-valuefrom-inputs-wf1.cwl[1]._:0d81afd8-fa6d-449a-8bcb-cf47cd904fa9 kind-CWLJob/instance-p0cb6wqc v1 with job batch system ID: 5 and cores: 1, disk: 3.0 Gi, and memory: 2.0 Gi
[2022-05-12T15:25:53+0200] [MainThread] [I] [toil.worker] Redirecting logging to /tmp/7ca9c6f3ee925f2880a93e5f141af77e/2a6f/worker_log.txt
[2022-05-12T15:25:53+0200] [MainThread] [I] [toil.worker] Redirecting logging to /tmp/7ca9c6f3ee925f2880a93e5f141af77e/0382/worker_log.txt
[2022-05-12T15:25:53+0200] [MainThread] [I] [toil.worker] Redirecting logging to /tmp/7ca9c6f3ee925f2880a93e5f141af77e/7310/worker_log.txt
[2022-05-12T15:25:53+0200] [MainThread] [I] [toil.worker] Redirecting logging to /tmp/7ca9c6f3ee925f2880a93e5f141af77e/594f/worker_log.txt
[2022-05-12T15:25:54+0200] [MainThread] [I] [toil.worker] Redirecting logging to /tmp/7ca9c6f3ee925f2880a93e5f141af77e/55c0/worker_log.txt
[2022-05-12T15:25:54+0200] [MainThread] [I] [toil.worker] Redirecting logging to /tmp/7ca9c6f3ee925f2880a93e5f141af77e/2286/worker_log.txt
[2022-05-12T15:25:55+0200] [MainThread] [I] [toil.worker] Redirecting logging to /tmp/7ca9c6f3ee925f2880a93e5f141af77e/873b/worker_log.txt
[2022-05-12T15:25:56+0200] [MainThread] [I] [toil.worker] Redirecting logging to /tmp/7ca9c6f3ee925f2880a93e5f141af77e/e6b3/worker_log.txt
[2022-05-12T15:25:58+0200] [MainThread] [I] [toil.leader] Finished toil run successfully.
[2022-05-12T15:25:58+0200] [MainThread] [I] [toil.common] Successfully deleted the job store: FileJobStore(/tmp/tmpo57awktp)
</system-err>
		</testcase>
		<testcase name="SchemaDefRequirement with $import, and packed" time="8.797714" class="schema_def, workflow" file="packed_import_schema" url="cwltest:conformance_tests#137">
			<system-out>{
    &quot;output_bam&quot;: {
        &quot;location&quot;: &quot;file:///tmp/tmpgmvr2aye/a.bam&quot;,
        &quot;basename&quot;: &quot;a.bam&quot;,
        &quot;nameroot&quot;: &quot;a&quot;,
        &quot;nameext&quot;: &quot;.bam&quot;,
        &quot;class&quot;: &quot;File&quot;,
        &quot;checksum&quot;: &quot;sha1$da39a3ee5e6b4b0d3255bfef95601890afd80709&quot;,
        &quot;size&quot;: 0
    }
}</system-out>
			<system-err>[2022-05-12T15:25:51+0200] [MainThread] [I] [cwltool] Resolved 'tests/import_schema-def_packed.cwl' to 'file:///home/michael/cwl-v1.2/tests/import_schema-def_packed.cwl'
[2022-05-12T15:25:54+0200] [MainThread] [I] [toil.job] Saving graph of 2 jobs, 2 new
[2022-05-12T15:25:54+0200] [MainThread] [I] [toil.job] Processing job 'ResolveIndirect' kind-ResolveIndirect/instance-dqv49u71 v0
[2022-05-12T15:25:54+0200] [MainThread] [I] [toil.job] Processing job 'CWLWorkflow' kind-CWLWorkflow/instance-mv8syvng v0
[2022-05-12T15:25:54+0200] [MainThread] [I] [toil] Running Toil version 5.6.0-c34146a6437e4407a61e946e968bcce67a0ebbca on host mrc-tux.
[2022-05-12T15:25:54+0200] [MainThread] [I] [toil.worker] Redirecting logging to /tmp/b6e498a47b52529e8cd0523653b1d2ab/ba0d/worker_log.txt
[2022-05-12T15:25:55+0200] [MainThread] [I] [toil.leader] 0 jobs are running, 0 jobs are issued and waiting to run
[2022-05-12T15:25:55+0200] [MainThread] [I] [toil.leader] Issued job 'CWLJob' main.touch_bam.touch.cwl kind-CWLJob/instance-2rr6yiqe v1 with job batch system ID: 1 and cores: 1, disk: 3.0 Gi, and memory: 2.0 Gi
[2022-05-12T15:25:55+0200] [MainThread] [I] [toil.worker] Redirecting logging to /tmp/b6e498a47b52529e8cd0523653b1d2ab/4b53/worker_log.txt
[2022-05-12T15:25:57+0200] [MainThread] [I] [toil.worker] Redirecting logging to /tmp/b6e498a47b52529e8cd0523653b1d2ab/d6cf/worker_log.txt
[2022-05-12T15:25:57+0200] [MainThread] [I] [toil.worker] Redirecting logging to /tmp/b6e498a47b52529e8cd0523653b1d2ab/8907/worker_log.txt
[2022-05-12T15:25:59+0200] [MainThread] [I] [toil.leader] Finished toil run successfully.
[2022-05-12T15:25:59+0200] [MainThread] [I] [toil.common] Successfully deleted the job store: FileJobStore(/tmp/tmpgv51fjvh)
</system-err>
		</testcase>
		<testcase name="Test specifying secondaryFiles in subdirectories of the job input document." time="4.620385" class="shell_command, command_line_tool" file="job_input_secondary_subdirs" url="cwltest:conformance_tests#138">
			<system-out>{
    &quot;outlist&quot;: {
        &quot;location&quot;: &quot;file:///tmp/tmphc0f83sx/output.txt&quot;,
        &quot;basename&quot;: &quot;output.txt&quot;,
        &quot;nameroot&quot;: &quot;output&quot;,
        &quot;nameext&quot;: &quot;.txt&quot;,
        &quot;class&quot;: &quot;File&quot;,
        &quot;checksum&quot;: &quot;sha1$9d9bc8f5252d39274b5dfbac64216c6e888f5dfc&quot;,
        &quot;size&quot;: 14
    }
}</system-out>
			<system-err>[2022-05-12T15:25:52+0200] [MainThread] [I] [cwltool] Resolved 'tests/dir4.cwl' to 'file:///home/michael/cwl-v1.2/tests/dir4.cwl'
[2022-05-12T15:25:53+0200] [MainThread] [I] [toil.job] Saving graph of 1 jobs, 1 new
[2022-05-12T15:25:53+0200] [MainThread] [I] [toil.job] Processing job 'CWLJob' dir4.cwl kind-CWLJob/instance-dwyr2nfu v0
[2022-05-12T15:25:53+0200] [MainThread] [I] [toil] Running Toil version 5.6.0-c34146a6437e4407a61e946e968bcce67a0ebbca on host mrc-tux.
[2022-05-12T15:25:53+0200] [MainThread] [I] [toil.leader] Issued job 'CWLJob' dir4.cwl kind-CWLJob/instance-dwyr2nfu v1 with job batch system ID: 0 and cores: 1, disk: 3.0 Gi, and memory: 2.0 Gi
[2022-05-12T15:25:54+0200] [MainThread] [I] [toil.worker] Redirecting logging to /tmp/8ea58b809fa7556eaf0ac4673d6860c1/e2ba/worker_log.txt
[2022-05-12T15:25:54+0200] [MainThread] [I] [toil.leader] 0 jobs are running, 0 jobs are issued and waiting to run
[2022-05-12T15:25:55+0200] [MainThread] [I] [toil.leader] Finished toil run successfully.
[2022-05-12T15:25:55+0200] [MainThread] [I] [toil.common] Successfully deleted the job store: FileJobStore(/tmp/tmpz5ce7hi0)
</system-err>
		</testcase>
		<testcase name="Test specifying secondaryFiles in same subdirectory of the job input as the primary input file." time="4.730382" class="shell_command, command_line_tool" file="job_input_subdir_primary_and_secondary_subdirs" url="cwltest:conformance_tests#139">
			<system-out>{
    &quot;outlist&quot;: {
        &quot;location&quot;: &quot;file:///tmp/tmps899iss9/output.txt&quot;,
        &quot;basename&quot;: &quot;output.txt&quot;,
        &quot;nameroot&quot;: &quot;output&quot;,
        &quot;nameext&quot;: &quot;.txt&quot;,
        &quot;class&quot;: &quot;File&quot;,
        &quot;checksum&quot;: &quot;sha1$9d9bc8f5252d39274b5dfbac64216c6e888f5dfc&quot;,
        &quot;size&quot;: 14
    }
}</system-out>
			<system-err>[2022-05-12T15:25:56+0200] [MainThread] [I] [cwltool] Resolved 'tests/dir4.cwl' to 'file:///home/michael/cwl-v1.2/tests/dir4.cwl'
[2022-05-12T15:25:57+0200] [MainThread] [I] [toil.job] Saving graph of 1 jobs, 1 new
[2022-05-12T15:25:57+0200] [MainThread] [I] [toil.job] Processing job 'CWLJob' dir4.cwl kind-CWLJob/instance-avzlxjya v0
[2022-05-12T15:25:57+0200] [MainThread] [I] [toil] Running Toil version 5.6.0-c34146a6437e4407a61e946e968bcce67a0ebbca on host mrc-tux.
[2022-05-12T15:25:57+0200] [MainThread] [I] [toil.leader] Issued job 'CWLJob' dir4.cwl kind-CWLJob/instance-avzlxjya v1 with job batch system ID: 0 and cores: 1, disk: 3.0 Gi, and memory: 2.0 Gi
[2022-05-12T15:25:58+0200] [MainThread] [I] [toil.worker] Redirecting logging to /tmp/21f446c52ad85042b16da22dbd849e37/93db/worker_log.txt
[2022-05-12T15:25:58+0200] [MainThread] [I] [toil.leader] 0 jobs are running, 0 jobs are issued and waiting to run
[2022-05-12T15:25:59+0200] [MainThread] [I] [toil.leader] Finished toil run successfully.
[2022-05-12T15:25:59+0200] [MainThread] [I] [toil.common] Successfully deleted the job store: FileJobStore(/tmp/tmp1zc53wr_)
</system-err>
		</testcase>
		<testcase name="Test simple scatter over an embedded subworkflow" time="16.601344" class="workflow, inline_javascript" file="scatter_embedded_subworkflow" url="cwltest:conformance_tests#140">
			<system-out>{
    &quot;count_output&quot;: [
        16,
        1
    ]
}</system-out>
			<system-err>[2022-05-12T15:25:56+0200] [MainThread] [I] [cwltool] Resolved 'tests/count-lines18-wf.cwl' to 'file:///home/michael/cwl-v1.2/tests/count-lines18-wf.cwl'
[2022-05-12T15:26:01+0200] [MainThread] [I] [toil.job] Saving graph of 2 jobs, 2 new
[2022-05-12T15:26:01+0200] [MainThread] [I] [toil.job] Processing job 'ResolveIndirect' kind-ResolveIndirect/instance-gdgj81ip v0
[2022-05-12T15:26:01+0200] [MainThread] [I] [toil.job] Processing job 'CWLWorkflow' kind-CWLWorkflow/instance-fc01yosh v0
[2022-05-12T15:26:01+0200] [MainThread] [I] [toil] Running Toil version 5.6.0-c34146a6437e4407a61e946e968bcce67a0ebbca on host mrc-tux.
[2022-05-12T15:26:01+0200] [MainThread] [I] [toil.worker] Redirecting logging to /tmp/a4fcb87b5ece511fb50c4e12296b4a64/4f72/worker_log.txt
[2022-05-12T15:26:02+0200] [MainThread] [I] [toil.leader] 0 jobs are running, 0 jobs are issued and waiting to run
[2022-05-12T15:26:02+0200] [MainThread] [I] [toil.worker] Redirecting logging to /tmp/a4fcb87b5ece511fb50c4e12296b4a64/9b36/worker_log.txt
[2022-05-12T15:26:03+0200] [MainThread] [I] [toil.worker] Redirecting logging to /tmp/a4fcb87b5ece511fb50c4e12296b4a64/4166/worker_log.txt
[2022-05-12T15:26:03+0200] [MainThread] [I] [toil.worker] Redirecting logging to /tmp/a4fcb87b5ece511fb50c4e12296b4a64/4a1b/worker_log.txt
[2022-05-12T15:26:04+0200] [MainThread] [I] [toil.leader] Issued job 'CWLJob' _:ef05a1d5-30e2-472b-ac40-dcf2f8f20248.step1.wc-tool.cwl kind-CWLJob/instance-khxyjdmv v1 with job batch system ID: 4 and cores: 1, disk: 3.0 Gi, and memory: 2.0 Gi
[2022-05-12T15:26:04+0200] [MainThread] [I] [toil.leader] Issued job 'CWLJob' _:ef05a1d5-30e2-472b-ac40-dcf2f8f20248.step1.wc-tool.cwl kind-CWLJob/instance-wev65_ap v1 with job batch system ID: 5 and cores: 1, disk: 3.0 Gi, and memory: 2.0 Gi
[2022-05-12T15:26:04+0200] [MainThread] [I] [toil.worker] Redirecting logging to /tmp/a4fcb87b5ece511fb50c4e12296b4a64/7a13/worker_log.txt
[2022-05-12T15:26:04+0200] [MainThread] [I] [toil.worker] Redirecting logging to /tmp/a4fcb87b5ece511fb50c4e12296b4a64/4292/worker_log.txt
[2022-05-12T15:26:05+0200] [MainThread] [I] [toil.worker] Redirecting logging to /tmp/a4fcb87b5ece511fb50c4e12296b4a64/b5ea/worker_log.txt
[2022-05-12T15:26:06+0200] [MainThread] [I] [toil.worker] Redirecting logging to /tmp/a4fcb87b5ece511fb50c4e12296b4a64/845a/worker_log.txt
[2022-05-12T15:26:06+0200] [MainThread] [I] [toil.worker] Redirecting logging to /tmp/a4fcb87b5ece511fb50c4e12296b4a64/8708/worker_log.txt
[2022-05-12T15:26:06+0200] [MainThread] [I] [toil.worker] Redirecting logging to /tmp/a4fcb87b5ece511fb50c4e12296b4a64/6d86/worker_log.txt
[2022-05-12T15:26:07+0200] [MainThread] [I] [toil.worker] Redirecting logging to /tmp/a4fcb87b5ece511fb50c4e12296b4a64/a55e/worker_log.txt
[2022-05-12T15:26:09+0200] [MainThread] [I] [toil.worker] Redirecting logging to /tmp/a4fcb87b5ece511fb50c4e12296b4a64/ad0a/worker_log.txt
[2022-05-12T15:26:09+0200] [MainThread] [I] [toil.worker] Redirecting logging to /tmp/a4fcb87b5ece511fb50c4e12296b4a64/ec6f/worker_log.txt
[2022-05-12T15:26:10+0200] [MainThread] [I] [toil.worker] Redirecting logging to /tmp/a4fcb87b5ece511fb50c4e12296b4a64/049d/worker_log.txt
[2022-05-12T15:26:12+0200] [MainThread] [I] [toil.leader] Finished toil run successfully.
[2022-05-12T15:26:12+0200] [MainThread] [I] [toil.common] Successfully deleted the job store: FileJobStore(/tmp/tmpts3c8po9)
</system-err>
		</testcase>
		<testcase name="Test simple multiple input scatter over an embedded subworkflow" time="16.199167" class="workflow, scatter, subworkflow, multiple_input, inline_javascript" file="scatter_multi_input_embedded_subworkflow" url="cwltest:conformance_tests#141">
			<system-out>{
    &quot;count_output&quot;: [
        16,
        1
    ]
}</system-out>
			<system-err>[2022-05-12T15:25:59+0200] [MainThread] [I] [cwltool] Resolved 'tests/count-lines14-wf.cwl' to 'file:///home/michael/cwl-v1.2/tests/count-lines14-wf.cwl'
[2022-05-12T15:26:04+0200] [MainThread] [I] [toil.job] Saving graph of 2 jobs, 2 new
[2022-05-12T15:26:04+0200] [MainThread] [I] [toil.job] Processing job 'ResolveIndirect' kind-ResolveIndirect/instance-95h6u90i v0
[2022-05-12T15:26:04+0200] [MainThread] [I] [toil.job] Processing job 'CWLWorkflow' kind-CWLWorkflow/instance-r_sgasbb v0
[2022-05-12T15:26:04+0200] [MainThread] [I] [toil] Running Toil version 5.6.0-c34146a6437e4407a61e946e968bcce67a0ebbca on host mrc-tux.
[2022-05-12T15:26:05+0200] [MainThread] [I] [toil.worker] Redirecting logging to /tmp/384043b89cef5a72bb34d7d6ac6a107c/096b/worker_log.txt
[2022-05-12T15:26:05+0200] [MainThread] [I] [toil.leader] 0 jobs are running, 0 jobs are issued and waiting to run
[2022-05-12T15:26:06+0200] [MainThread] [I] [toil.worker] Redirecting logging to /tmp/384043b89cef5a72bb34d7d6ac6a107c/1e7a/worker_log.txt
[2022-05-12T15:26:06+0200] [MainThread] [I] [toil.worker] Redirecting logging to /tmp/384043b89cef5a72bb34d7d6ac6a107c/7998/worker_log.txt
[2022-05-12T15:26:07+0200] [MainThread] [I] [toil.worker] Redirecting logging to /tmp/384043b89cef5a72bb34d7d6ac6a107c/e7bf/worker_log.txt
[2022-05-12T15:26:07+0200] [MainThread] [I] [toil.leader] Issued job 'CWLJob' _:1ed2a3ab-8ec1-4de0-805d-6a9f5c031597.step1.wc-tool.cwl kind-CWLJob/instance-r9px8ety v1 with job batch system ID: 4 and cores: 1, disk: 3.0 Gi, and memory: 2.0 Gi
[2022-05-12T15:26:07+0200] [MainThread] [I] [toil.leader] Issued job 'CWLJob' _:1ed2a3ab-8ec1-4de0-805d-6a9f5c031597.step1.wc-tool.cwl kind-CWLJob/instance-uei8xdon v1 with job batch system ID: 5 and cores: 1, disk: 3.0 Gi, and memory: 2.0 Gi
[2022-05-12T15:26:07+0200] [MainThread] [I] [toil.worker] Redirecting logging to /tmp/384043b89cef5a72bb34d7d6ac6a107c/098f/worker_log.txt
[2022-05-12T15:26:08+0200] [MainThread] [I] [toil.worker] Redirecting logging to /tmp/384043b89cef5a72bb34d7d6ac6a107c/4ede/worker_log.txt
[2022-05-12T15:26:09+0200] [MainThread] [I] [toil.worker] Redirecting logging to /tmp/384043b89cef5a72bb34d7d6ac6a107c/26e6/worker_log.txt
[2022-05-12T15:26:09+0200] [MainThread] [I] [toil.worker] Redirecting logging to /tmp/384043b89cef5a72bb34d7d6ac6a107c/4381/worker_log.txt
[2022-05-12T15:26:10+0200] [MainThread] [I] [toil.worker] Redirecting logging to /tmp/384043b89cef5a72bb34d7d6ac6a107c/1600/worker_log.txt
[2022-05-12T15:26:10+0200] [MainThread] [I] [toil.worker] Redirecting logging to /tmp/384043b89cef5a72bb34d7d6ac6a107c/1e36/worker_log.txt
[2022-05-12T15:26:11+0200] [MainThread] [I] [toil.worker] Redirecting logging to /tmp/384043b89cef5a72bb34d7d6ac6a107c/d9b1/worker_log.txt
[2022-05-12T15:26:11+0200] [MainThread] [I] [toil.worker] Redirecting logging to /tmp/384043b89cef5a72bb34d7d6ac6a107c/07d8/worker_log.txt
[2022-05-12T15:26:12+0200] [MainThread] [I] [toil.worker] Redirecting logging to /tmp/384043b89cef5a72bb34d7d6ac6a107c/9ebd/worker_log.txt
[2022-05-12T15:26:13+0200] [MainThread] [I] [toil.worker] Redirecting logging to /tmp/384043b89cef5a72bb34d7d6ac6a107c/19f3/worker_log.txt
[2022-05-12T15:26:14+0200] [MainThread] [I] [toil.leader] Finished toil run successfully.
[2022-05-12T15:26:14+0200] [MainThread] [I] [toil.common] Successfully deleted the job store: FileJobStore(/tmp/tmp3v5khhz7)
</system-err>
		</testcase>
		<testcase name="Test twice nested subworkflow" time="18.398130" class="workflow, subworkflow, inline_javascript" file="workflow_embedded_subworkflow_embedded_subsubworkflow" url="cwltest:conformance_tests#142">
			<system-out>{
    &quot;count_output&quot;: 16
}</system-out>
			<system-err>[2022-05-12T15:26:00+0200] [MainThread] [I] [cwltool] Resolved 'tests/count-lines15-wf.cwl' to 'file:///home/michael/cwl-v1.2/tests/count-lines15-wf.cwl'
[2022-05-12T15:26:07+0200] [MainThread] [I] [toil.job] Saving graph of 2 jobs, 2 new
[2022-05-12T15:26:07+0200] [MainThread] [I] [toil.job] Processing job 'ResolveIndirect' kind-ResolveIndirect/instance-i8jeobu1 v0
[2022-05-12T15:26:07+0200] [MainThread] [I] [toil.job] Processing job 'CWLWorkflow' kind-CWLWorkflow/instance-w2ni7s_1 v0
[2022-05-12T15:26:07+0200] [MainThread] [I] [toil] Running Toil version 5.6.0-c34146a6437e4407a61e946e968bcce67a0ebbca on host mrc-tux.
[2022-05-12T15:26:08+0200] [MainThread] [I] [toil.worker] Redirecting logging to /tmp/5678ca8a157b5821a31d8cf70ada7982/c4d7/worker_log.txt
[2022-05-12T15:26:08+0200] [MainThread] [I] [toil.leader] 0 jobs are running, 0 jobs are issued and waiting to run
[2022-05-12T15:26:09+0200] [MainThread] [I] [toil.worker] Redirecting logging to /tmp/5678ca8a157b5821a31d8cf70ada7982/5f1d/worker_log.txt
[2022-05-12T15:26:10+0200] [MainThread] [I] [toil.worker] Redirecting logging to /tmp/5678ca8a157b5821a31d8cf70ada7982/3403/worker_log.txt
[2022-05-12T15:26:11+0200] [MainThread] [I] [toil.leader] Issued job 'CWLJob' _:496f3017-15a1-4a7d-825f-59a828afbfab.step1.wc-tool.cwl kind-CWLJob/instance-u1ohunje v1 with job batch system ID: 3 and cores: 1, disk: 3.0 Gi, and memory: 2.0 Gi
[2022-05-12T15:26:11+0200] [MainThread] [I] [toil.worker] Redirecting logging to /tmp/5678ca8a157b5821a31d8cf70ada7982/bb92/worker_log.txt
[2022-05-12T15:26:12+0200] [MainThread] [I] [toil.worker] Redirecting logging to /tmp/5678ca8a157b5821a31d8cf70ada7982/610c/worker_log.txt
[2022-05-12T15:26:13+0200] [MainThread] [I] [toil.worker] Redirecting logging to /tmp/5678ca8a157b5821a31d8cf70ada7982/4a25/worker_log.txt
[2022-05-12T15:26:13+0200] [MainThread] [I] [toil.worker] Redirecting logging to /tmp/5678ca8a157b5821a31d8cf70ada7982/8cd8/worker_log.txt
[2022-05-12T15:26:14+0200] [MainThread] [I] [toil.worker] Redirecting logging to /tmp/5678ca8a157b5821a31d8cf70ada7982/b3fb/worker_log.txt
[2022-05-12T15:26:15+0200] [MainThread] [I] [toil.worker] Redirecting logging to /tmp/5678ca8a157b5821a31d8cf70ada7982/c6c9/worker_log.txt
[2022-05-12T15:26:16+0200] [MainThread] [I] [toil.worker] Redirecting logging to /tmp/5678ca8a157b5821a31d8cf70ada7982/22ba/worker_log.txt
[2022-05-12T15:26:17+0200] [MainThread] [I] [toil.leader] Finished toil run successfully.
[2022-05-12T15:26:17+0200] [MainThread] [I] [toil.common] Successfully deleted the job store: FileJobStore(/tmp/tmpeapb38be)
</system-err>
		</testcase>
		<testcase name="Test subworkflow of mixed depth with tool first" time="18.980844" class="workflow, subworkflow, inline_javascript" file="workflow_embedded_subworkflow_with_tool_and_subsubworkflow" url="cwltest:conformance_tests#143">
			<system-out>{
    &quot;count_output&quot;: 16
}</system-out>
			<system-err>[2022-05-12T15:26:00+0200] [MainThread] [I] [cwltool] Resolved 'tests/count-lines16-wf.cwl' to 'file:///home/michael/cwl-v1.2/tests/count-lines16-wf.cwl'
[2022-05-12T15:26:08+0200] [MainThread] [I] [toil.job] Saving graph of 2 jobs, 2 new
[2022-05-12T15:26:08+0200] [MainThread] [I] [toil.job] Processing job 'ResolveIndirect' kind-ResolveIndirect/instance-9avhww81 v0
[2022-05-12T15:26:08+0200] [MainThread] [I] [toil.job] Processing job 'CWLWorkflow' kind-CWLWorkflow/instance-sa4rasdw v0
[2022-05-12T15:26:08+0200] [MainThread] [I] [toil] Running Toil version 5.6.0-c34146a6437e4407a61e946e968bcce67a0ebbca on host mrc-tux.
[2022-05-12T15:26:09+0200] [MainThread] [I] [toil.worker] Redirecting logging to /tmp/d139f4b48bb653f9a478570be010d1eb/9150/worker_log.txt
[2022-05-12T15:26:09+0200] [MainThread] [I] [toil.leader] 0 jobs are running, 0 jobs are issued and waiting to run
[2022-05-12T15:26:10+0200] [MainThread] [I] [toil.worker] Redirecting logging to /tmp/d139f4b48bb653f9a478570be010d1eb/444b/worker_log.txt
[2022-05-12T15:26:10+0200] [MainThread] [I] [toil.leader] Issued job 'CWLJob' _:f2e9d2be-d3d1-4223-b268-86feeee25999.step1.wc-tool.cwl kind-CWLJob/instance-08wegd6s v1 with job batch system ID: 2 and cores: 1, disk: 3.0 Gi, and memory: 2.0 Gi
[2022-05-12T15:26:11+0200] [MainThread] [I] [toil.worker] Redirecting logging to /tmp/d139f4b48bb653f9a478570be010d1eb/bae4/worker_log.txt
[2022-05-12T15:26:11+0200] [MainThread] [I] [toil.leader] Issued job 'CWLJob' _:7b98b0e0-7bb2-4a4c-beeb-d19cef2abcd0.step1.parseInt-tool.cwl kind-CWLJob/instance-8cb1oa2f v1 with job batch system ID: 3 and cores: 1, disk: 3.0 Gi, and memory: 2.0 Gi
[2022-05-12T15:26:12+0200] [MainThread] [I] [toil.worker] Redirecting logging to /tmp/d139f4b48bb653f9a478570be010d1eb/1d3d/worker_log.txt
[2022-05-12T15:26:13+0200] [MainThread] [I] [toil.worker] Redirecting logging to /tmp/d139f4b48bb653f9a478570be010d1eb/5382/worker_log.txt
[2022-05-12T15:26:13+0200] [MainThread] [I] [toil.worker] Redirecting logging to /tmp/d139f4b48bb653f9a478570be010d1eb/f2c5/worker_log.txt
[2022-05-12T15:26:14+0200] [MainThread] [I] [toil.worker] Redirecting logging to /tmp/d139f4b48bb653f9a478570be010d1eb/ae9b/worker_log.txt
[2022-05-12T15:26:15+0200] [MainThread] [I] [toil.worker] Redirecting logging to /tmp/d139f4b48bb653f9a478570be010d1eb/c1d1/worker_log.txt
[2022-05-12T15:26:16+0200] [MainThread] [I] [toil.worker] Redirecting logging to /tmp/d139f4b48bb653f9a478570be010d1eb/fdb8/worker_log.txt
[2022-05-12T15:26:16+0200] [MainThread] [I] [toil.worker] Redirecting logging to /tmp/d139f4b48bb653f9a478570be010d1eb/f1dd/worker_log.txt
[2022-05-12T15:26:18+0200] [MainThread] [I] [toil.leader] Finished toil run successfully.
[2022-05-12T15:26:18+0200] [MainThread] [I] [toil.common] Successfully deleted the job store: FileJobStore(/tmp/tmp1v82n250)
</system-err>
		</testcase>
		<testcase name="Test subworkflow of mixed depth with tool after" time="17.038311" class="workflow, subworkflow, inline_javascript" file="workflow_embedded_subworkflow_with_subsubworkflow_and_tool" url="cwltest:conformance_tests#144">
			<system-out>{
    &quot;count_output&quot;: 16
}</system-out>
			<system-err>[2022-05-12T15:26:13+0200] [MainThread] [I] [cwltool] Resolved 'tests/count-lines17-wf.cwl' to 'file:///home/michael/cwl-v1.2/tests/count-lines17-wf.cwl'
[2022-05-12T15:26:19+0200] [MainThread] [I] [toil.job] Saving graph of 2 jobs, 2 new
[2022-05-12T15:26:19+0200] [MainThread] [I] [toil.job] Processing job 'ResolveIndirect' kind-ResolveIndirect/instance-8aziwojq v0
[2022-05-12T15:26:19+0200] [MainThread] [I] [toil.job] Processing job 'CWLWorkflow' kind-CWLWorkflow/instance-ga8beagv v0
[2022-05-12T15:26:19+0200] [MainThread] [I] [toil] Running Toil version 5.6.0-c34146a6437e4407a61e946e968bcce67a0ebbca on host mrc-tux.
[2022-05-12T15:26:20+0200] [MainThread] [I] [toil.worker] Redirecting logging to /tmp/6dd5c5024c665891b418a00ab9563f81/06c8/worker_log.txt
[2022-05-12T15:26:20+0200] [MainThread] [I] [toil.leader] 0 jobs are running, 0 jobs are issued and waiting to run
[2022-05-12T15:26:20+0200] [MainThread] [I] [toil.worker] Redirecting logging to /tmp/6dd5c5024c665891b418a00ab9563f81/d793/worker_log.txt
[2022-05-12T15:26:21+0200] [MainThread] [I] [toil.worker] Redirecting logging to /tmp/6dd5c5024c665891b418a00ab9563f81/5bf9/worker_log.txt
[2022-05-12T15:26:22+0200] [MainThread] [I] [toil.leader] Issued job 'CWLJob' _:93cb73cc-8dd7-4298-b3aa-812c384406ce.step1.wc-tool.cwl kind-CWLJob/instance-9hhru08k v1 with job batch system ID: 3 and cores: 1, disk: 3.0 Gi, and memory: 2.0 Gi
[2022-05-12T15:26:22+0200] [MainThread] [I] [toil.worker] Redirecting logging to /tmp/6dd5c5024c665891b418a00ab9563f81/5737/worker_log.txt
[2022-05-12T15:26:23+0200] [MainThread] [I] [toil.worker] Redirecting logging to /tmp/6dd5c5024c665891b418a00ab9563f81/42ce/worker_log.txt
[2022-05-12T15:26:23+0200] [MainThread] [I] [toil.leader] Issued job 'CWLJob' _:f67536a5-dbaa-43de-bc3c-ad3d7cc00220.step2.parseInt-tool.cwl kind-CWLJob/instance-4wmosd07 v1 with job batch system ID: 5 and cores: 1, disk: 3.0 Gi, and memory: 2.0 Gi
[2022-05-12T15:26:23+0200] [MainThread] [I] [toil.worker] Redirecting logging to /tmp/6dd5c5024c665891b418a00ab9563f81/28c2/worker_log.txt
[2022-05-12T15:26:24+0200] [MainThread] [I] [toil.worker] Redirecting logging to /tmp/6dd5c5024c665891b418a00ab9563f81/01b6/worker_log.txt
[2022-05-12T15:26:25+0200] [MainThread] [I] [toil.worker] Redirecting logging to /tmp/6dd5c5024c665891b418a00ab9563f81/8f13/worker_log.txt
[2022-05-12T15:26:26+0200] [MainThread] [I] [toil.worker] Redirecting logging to /tmp/6dd5c5024c665891b418a00ab9563f81/1c5f/worker_log.txt
[2022-05-12T15:26:26+0200] [MainThread] [I] [toil.worker] Redirecting logging to /tmp/6dd5c5024c665891b418a00ab9563f81/20dd/worker_log.txt
[2022-05-12T15:26:27+0200] [MainThread] [I] [toil.worker] Redirecting logging to /tmp/6dd5c5024c665891b418a00ab9563f81/6c7f/worker_log.txt
[2022-05-12T15:26:28+0200] [MainThread] [I] [toil.worker] Redirecting logging to /tmp/6dd5c5024c665891b418a00ab9563f81/4868/worker_log.txt
[2022-05-12T15:26:29+0200] [MainThread] [I] [toil.leader] Finished toil run successfully.
[2022-05-12T15:26:29+0200] [MainThread] [I] [toil.common] Successfully deleted the job store: FileJobStore(/tmp/tmp67xbaoe2)
</system-err>
		</testcase>
		<testcase name="Test record type inputs to and outputs from workflows." time="8.853770" class="workflow, shell_command" file="workflow_records_inputs_and_outputs" url="cwltest:conformance_tests#145">
			<system-out>{
    &quot;orec&quot;: {
        &quot;ofoo&quot;: {
            &quot;location&quot;: &quot;file:///tmp/tmpg5qa_rfk/foo&quot;,
            &quot;basename&quot;: &quot;foo&quot;,
            &quot;nameroot&quot;: &quot;foo&quot;,
            &quot;nameext&quot;: &quot;&quot;,
            &quot;class&quot;: &quot;File&quot;,
            &quot;checksum&quot;: &quot;sha1$327fc7aedf4f6b69a42a7c8b808dc5a7aff61376&quot;,
            &quot;size&quot;: 1111
        },
        &quot;obar&quot;: {
            &quot;location&quot;: &quot;file:///tmp/tmpg5qa_rfk/bar&quot;,
            &quot;basename&quot;: &quot;bar&quot;,
            &quot;nameroot&quot;: &quot;bar&quot;,
            &quot;nameext&quot;: &quot;&quot;,
            &quot;class&quot;: &quot;File&quot;,
            &quot;checksum&quot;: &quot;sha1$aeb3d11bdf536511649129f4077d5cda6a324118&quot;,
            &quot;size&quot;: 12010
        }
    }
}</system-out>
			<system-err>[2022-05-12T15:26:15+0200] [MainThread] [I] [cwltool] Resolved 'tests/record-output-wf.cwl' to 'file:///home/michael/cwl-v1.2/tests/record-output-wf.cwl'
[2022-05-12T15:26:18+0200] [MainThread] [I] [toil.job] Saving graph of 2 jobs, 2 new
[2022-05-12T15:26:18+0200] [MainThread] [I] [toil.job] Processing job 'ResolveIndirect' kind-ResolveIndirect/instance-5rfgn_cr v0
[2022-05-12T15:26:18+0200] [MainThread] [I] [toil.job] Processing job 'CWLWorkflow' kind-CWLWorkflow/instance-biga0gyc v0
[2022-05-12T15:26:18+0200] [MainThread] [I] [toil] Running Toil version 5.6.0-c34146a6437e4407a61e946e968bcce67a0ebbca on host mrc-tux.
[2022-05-12T15:26:18+0200] [MainThread] [I] [toil.worker] Redirecting logging to /tmp/5c3705ec052a57d181aa8e05b7e3c428/738c/worker_log.txt
[2022-05-12T15:26:19+0200] [MainThread] [I] [toil.leader] 0 jobs are running, 0 jobs are issued and waiting to run
[2022-05-12T15:26:19+0200] [MainThread] [I] [toil.leader] Issued job 'CWLJob' record-output-wf.cwl.step1.record-output.cwl kind-CWLJob/instance-hy399of9 v1 with job batch system ID: 1 and cores: 1, disk: 3.0 Gi, and memory: 2.0 Gi
[2022-05-12T15:26:19+0200] [MainThread] [I] [toil.worker] Redirecting logging to /tmp/5c3705ec052a57d181aa8e05b7e3c428/85a1/worker_log.txt
[2022-05-12T15:26:20+0200] [MainThread] [I] [toil.worker] Redirecting logging to /tmp/5c3705ec052a57d181aa8e05b7e3c428/2448/worker_log.txt
[2022-05-12T15:26:21+0200] [MainThread] [I] [toil.worker] Redirecting logging to /tmp/5c3705ec052a57d181aa8e05b7e3c428/a79d/worker_log.txt
[2022-05-12T15:26:23+0200] [MainThread] [I] [toil.leader] Finished toil run successfully.
[2022-05-12T15:26:23+0200] [MainThread] [I] [toil.common] Successfully deleted the job store: FileJobStore(/tmp/tmp9yfkfxko)
</system-err>
		</testcase>
		<testcase name="Test integer workflow input and outputs" time="8.799269" class="workflow, inline_javascript, expression_tool" file="workflow_integer_input" url="cwltest:conformance_tests#146">
			<system-out>{
    &quot;o&quot;: 10
}</system-out>
			<system-err>[2022-05-12T15:26:18+0200] [MainThread] [I] [cwltool] Resolved 'tests/io-int-wf.cwl' to 'file:///home/michael/cwl-v1.2/tests/io-int-wf.cwl'
[2022-05-12T15:26:21+0200] [MainThread] [I] [toil.job] Saving graph of 2 jobs, 2 new
[2022-05-12T15:26:21+0200] [MainThread] [I] [toil.job] Processing job 'ResolveIndirect' kind-ResolveIndirect/instance-ueqgwhav v0
[2022-05-12T15:26:21+0200] [MainThread] [I] [toil.job] Processing job 'CWLWorkflow' kind-CWLWorkflow/instance-jur74_gq v0
[2022-05-12T15:26:21+0200] [MainThread] [I] [toil] Running Toil version 5.6.0-c34146a6437e4407a61e946e968bcce67a0ebbca on host mrc-tux.
[2022-05-12T15:26:22+0200] [MainThread] [I] [toil.worker] Redirecting logging to /tmp/f67f7154ba7b50e19e4d51d097d8f3e6/0e9f/worker_log.txt
[2022-05-12T15:26:22+0200] [MainThread] [I] [toil.leader] 0 jobs are running, 0 jobs are issued and waiting to run
[2022-05-12T15:26:22+0200] [MainThread] [I] [toil.leader] Issued job 'CWLJob' io-int-wf.cwl.step1._:e3df39a1-e116-4f4a-a323-7448abaa2091 kind-CWLJob/instance-a915w83e v1 with job batch system ID: 1 and cores: 1, disk: 3.0 Gi, and memory: 2.0 Gi
[2022-05-12T15:26:22+0200] [MainThread] [I] [toil.worker] Redirecting logging to /tmp/f67f7154ba7b50e19e4d51d097d8f3e6/384b/worker_log.txt
[2022-05-12T15:26:23+0200] [MainThread] [I] [toil.worker] Redirecting logging to /tmp/f67f7154ba7b50e19e4d51d097d8f3e6/a789/worker_log.txt
[2022-05-12T15:26:24+0200] [MainThread] [I] [toil.worker] Redirecting logging to /tmp/f67f7154ba7b50e19e4d51d097d8f3e6/0154/worker_log.txt
[2022-05-12T15:26:26+0200] [MainThread] [I] [toil.leader] Finished toil run successfully.
[2022-05-12T15:26:26+0200] [MainThread] [I] [toil.common] Successfully deleted the job store: FileJobStore(/tmp/tmpy62f_iuq)
</system-err>
		</testcase>
		<testcase name="Test optional integer workflow inputs (specified)" time="8.854957" class="workflow, inline_javascript, expression_tool" file="workflow_integer_input_optional_specified" url="cwltest:conformance_tests#147">
			<system-out>{
    &quot;o&quot;: 10
}</system-out>
			<system-err>[2022-05-12T15:26:19+0200] [MainThread] [I] [cwltool] Resolved 'tests/io-int-optional-wf.cwl' to 'file:///home/michael/cwl-v1.2/tests/io-int-optional-wf.cwl'
[2022-05-12T15:26:22+0200] [MainThread] [I] [toil.job] Saving graph of 2 jobs, 2 new
[2022-05-12T15:26:22+0200] [MainThread] [I] [toil.job] Processing job 'ResolveIndirect' kind-ResolveIndirect/instance-bktlg1x8 v0
[2022-05-12T15:26:22+0200] [MainThread] [I] [toil.job] Processing job 'CWLWorkflow' kind-CWLWorkflow/instance-2b1uilb0 v0
[2022-05-12T15:26:22+0200] [MainThread] [I] [toil] Running Toil version 5.6.0-c34146a6437e4407a61e946e968bcce67a0ebbca on host mrc-tux.
[2022-05-12T15:26:23+0200] [MainThread] [I] [toil.worker] Redirecting logging to /tmp/afc926a4e94d51068a96b1817a17f6ac/6e4a/worker_log.txt
[2022-05-12T15:26:23+0200] [MainThread] [I] [toil.leader] 0 jobs are running, 0 jobs are issued and waiting to run
[2022-05-12T15:26:23+0200] [MainThread] [I] [toil.leader] Issued job 'CWLJob' io-int-optional-wf.cwl.step1._:e2b90c51-3eb7-400a-b6f9-773f3561716a kind-CWLJob/instance-xa1cqyow v1 with job batch system ID: 1 and cores: 1, disk: 3.0 Gi, and memory: 2.0 Gi
[2022-05-12T15:26:23+0200] [MainThread] [I] [toil.worker] Redirecting logging to /tmp/afc926a4e94d51068a96b1817a17f6ac/b2fd/worker_log.txt
[2022-05-12T15:26:24+0200] [MainThread] [I] [toil.worker] Redirecting logging to /tmp/afc926a4e94d51068a96b1817a17f6ac/b7aa/worker_log.txt
[2022-05-12T15:26:25+0200] [MainThread] [I] [toil.worker] Redirecting logging to /tmp/afc926a4e94d51068a96b1817a17f6ac/1f59/worker_log.txt
[2022-05-12T15:26:27+0200] [MainThread] [I] [toil.leader] Finished toil run successfully.
[2022-05-12T15:26:27+0200] [MainThread] [I] [toil.common] Successfully deleted the job store: FileJobStore(/tmp/tmpa6qt2pbg)
</system-err>
		</testcase>
		<testcase name="Test optional integer workflow inputs (unspecified)" time="8.758440" class="workflow, inline_javascript, expression_tool" file="workflow_integer_input_optional_unspecified" url="cwltest:conformance_tests#148">
			<system-out>{
    &quot;o&quot;: 4
}</system-out>
			<system-err>[2022-05-12T15:26:24+0200] [MainThread] [I] [cwltool] Resolved 'tests/io-int-optional-wf.cwl' to 'file:///home/michael/cwl-v1.2/tests/io-int-optional-wf.cwl'
[2022-05-12T15:26:27+0200] [MainThread] [I] [toil.job] Saving graph of 2 jobs, 2 new
[2022-05-12T15:26:27+0200] [MainThread] [I] [toil.job] Processing job 'ResolveIndirect' kind-ResolveIndirect/instance-_9jnddby v0
[2022-05-12T15:26:27+0200] [MainThread] [I] [toil.job] Processing job 'CWLWorkflow' kind-CWLWorkflow/instance-x2uwamfi v0
[2022-05-12T15:26:27+0200] [MainThread] [I] [toil] Running Toil version 5.6.0-c34146a6437e4407a61e946e968bcce67a0ebbca on host mrc-tux.
[2022-05-12T15:26:27+0200] [MainThread] [I] [toil.worker] Redirecting logging to /tmp/c2603ee1af0e5f2c82cb72cd303646e8/30fe/worker_log.txt
[2022-05-12T15:26:27+0200] [MainThread] [I] [toil.leader] 0 jobs are running, 0 jobs are issued and waiting to run
[2022-05-12T15:26:27+0200] [MainThread] [I] [toil.leader] Issued job 'CWLJob' io-int-optional-wf.cwl.step1._:2b0c12eb-231b-4fc6-b3bd-c534f83e6b05 kind-CWLJob/instance-39pveco_ v1 with job batch system ID: 1 and cores: 1, disk: 3.0 Gi, and memory: 2.0 Gi
[2022-05-12T15:26:28+0200] [MainThread] [I] [toil.worker] Redirecting logging to /tmp/c2603ee1af0e5f2c82cb72cd303646e8/eb57/worker_log.txt
[2022-05-12T15:26:29+0200] [MainThread] [I] [toil.worker] Redirecting logging to /tmp/c2603ee1af0e5f2c82cb72cd303646e8/6c2a/worker_log.txt
[2022-05-12T15:26:30+0200] [MainThread] [I] [toil.worker] Redirecting logging to /tmp/c2603ee1af0e5f2c82cb72cd303646e8/ebb4/worker_log.txt
[2022-05-12T15:26:32+0200] [MainThread] [I] [toil.leader] Finished toil run successfully.
[2022-05-12T15:26:32+0200] [MainThread] [I] [toil.common] Successfully deleted the job store: FileJobStore(/tmp/tmpczv3hcon)
</system-err>
		</testcase>
		<testcase name="Test default integer workflow inputs (specified)" time="8.664709" class="workflow, inline_javascript, expression_tool" file="workflow_integer_input_default_specified" url="cwltest:conformance_tests#149">
			<system-out>{
    &quot;o&quot;: 10
}</system-out>
			<system-err>[2022-05-12T15:26:27+0200] [MainThread] [I] [cwltool] Resolved 'tests/io-int-default-wf.cwl' to 'file:///home/michael/cwl-v1.2/tests/io-int-default-wf.cwl'
[2022-05-12T15:26:30+0200] [MainThread] [I] [toil.job] Saving graph of 2 jobs, 2 new
[2022-05-12T15:26:30+0200] [MainThread] [I] [toil.job] Processing job 'ResolveIndirect' kind-ResolveIndirect/instance-v146id1m v0
[2022-05-12T15:26:30+0200] [MainThread] [I] [toil.job] Processing job 'CWLWorkflow' kind-CWLWorkflow/instance-4j8enpsa v0
[2022-05-12T15:26:30+0200] [MainThread] [I] [toil] Running Toil version 5.6.0-c34146a6437e4407a61e946e968bcce67a0ebbca on host mrc-tux.
[2022-05-12T15:26:30+0200] [MainThread] [I] [toil.worker] Redirecting logging to /tmp/b740d8403db05f3a8cd739a96c730b1c/4b02/worker_log.txt
[2022-05-12T15:26:30+0200] [MainThread] [I] [toil.leader] 0 jobs are running, 0 jobs are issued and waiting to run
[2022-05-12T15:26:30+0200] [MainThread] [I] [toil.leader] Issued job 'CWLJob' io-int-default-wf.cwl.step1._:5019f5df-2aba-4609-9cbe-d38908cf5cdb kind-CWLJob/instance-e8q17cho v1 with job batch system ID: 1 and cores: 1, disk: 3.0 Gi, and memory: 2.0 Gi
[2022-05-12T15:26:31+0200] [MainThread] [I] [toil.worker] Redirecting logging to /tmp/b740d8403db05f3a8cd739a96c730b1c/1d43/worker_log.txt
[2022-05-12T15:26:32+0200] [MainThread] [I] [toil.worker] Redirecting logging to /tmp/b740d8403db05f3a8cd739a96c730b1c/8d99/worker_log.txt
[2022-05-12T15:26:32+0200] [MainThread] [I] [toil.worker] Redirecting logging to /tmp/b740d8403db05f3a8cd739a96c730b1c/39c2/worker_log.txt
[2022-05-12T15:26:35+0200] [MainThread] [I] [toil.leader] Finished toil run successfully.
[2022-05-12T15:26:35+0200] [MainThread] [I] [toil.common] Successfully deleted the job store: FileJobStore(/tmp/tmpvufjts1f)
</system-err>
		</testcase>
		<testcase name="Test default integer workflow inputs (unspecified)" time="8.615979" class="workflow, inline_javascript, expression_tool" file="workflow_integer_input_default_unspecified" url="cwltest:conformance_tests#150">
			<system-out>{
    &quot;o&quot;: 8
}</system-out>
			<system-err>[2022-05-12T15:26:28+0200] [MainThread] [I] [cwltool] Resolved 'tests/io-int-default-wf.cwl' to 'file:///home/michael/cwl-v1.2/tests/io-int-default-wf.cwl'
[2022-05-12T15:26:31+0200] [MainThread] [I] [toil.job] Saving graph of 2 jobs, 2 new
[2022-05-12T15:26:31+0200] [MainThread] [I] [toil.job] Processing job 'ResolveIndirect' kind-ResolveIndirect/instance-nv4sruco v0
[2022-05-12T15:26:31+0200] [MainThread] [I] [toil.job] Processing job 'CWLWorkflow' kind-CWLWorkflow/instance-o4iv46po v0
[2022-05-12T15:26:31+0200] [MainThread] [I] [toil] Running Toil version 5.6.0-c34146a6437e4407a61e946e968bcce67a0ebbca on host mrc-tux.
[2022-05-12T15:26:31+0200] [MainThread] [I] [toil.worker] Redirecting logging to /tmp/989b7429657d510db54400cabe15e9cf/e7c9/worker_log.txt
[2022-05-12T15:26:32+0200] [MainThread] [I] [toil.leader] 0 jobs are running, 0 jobs are issued and waiting to run
[2022-05-12T15:26:32+0200] [MainThread] [I] [toil.leader] Issued job 'CWLJob' io-int-default-wf.cwl.step1._:73d05f2c-d99a-457e-b38a-8b3a70bab34e kind-CWLJob/instance-bh5fnzms v1 with job batch system ID: 1 and cores: 1, disk: 3.0 Gi, and memory: 2.0 Gi
[2022-05-12T15:26:32+0200] [MainThread] [I] [toil.worker] Redirecting logging to /tmp/989b7429657d510db54400cabe15e9cf/921e/worker_log.txt
[2022-05-12T15:26:33+0200] [MainThread] [I] [toil.worker] Redirecting logging to /tmp/989b7429657d510db54400cabe15e9cf/25d6/worker_log.txt
[2022-05-12T15:26:34+0200] [MainThread] [I] [toil.worker] Redirecting logging to /tmp/989b7429657d510db54400cabe15e9cf/ef55/worker_log.txt
[2022-05-12T15:26:36+0200] [MainThread] [I] [toil.leader] Finished toil run successfully.
[2022-05-12T15:26:36+0200] [MainThread] [I] [toil.common] Successfully deleted the job store: FileJobStore(/tmp/tmpxa9zjoez)
</system-err>
		</testcase>
		<testcase name="Test default integer tool and workflow inputs (unspecified)" time="8.676207" class="workflow, inline_javascript, expression_tool" file="workflow_integer_input_default_and_tool_integer_input_default" url="cwltest:conformance_tests#151">
			<system-out>{
    &quot;o&quot;: 13
}</system-out>
			<system-err>[2022-05-12T15:26:30+0200] [MainThread] [I] [cwltool] Resolved 'tests/io-int-default-tool-and-wf.cwl' to 'file:///home/michael/cwl-v1.2/tests/io-int-default-tool-and-wf.cwl'
[2022-05-12T15:26:34+0200] [MainThread] [I] [toil.job] Saving graph of 2 jobs, 2 new
[2022-05-12T15:26:34+0200] [MainThread] [I] [toil.job] Processing job 'ResolveIndirect' kind-ResolveIndirect/instance-ofcll4jv v0
[2022-05-12T15:26:34+0200] [MainThread] [I] [toil.job] Processing job 'CWLWorkflow' kind-CWLWorkflow/instance-rz9jmf7y v0
[2022-05-12T15:26:34+0200] [MainThread] [I] [toil] Running Toil version 5.6.0-c34146a6437e4407a61e946e968bcce67a0ebbca on host mrc-tux.
[2022-05-12T15:26:34+0200] [MainThread] [I] [toil.worker] Redirecting logging to /tmp/0d9311a7111155a290032af3139bcda8/1ca0/worker_log.txt
[2022-05-12T15:26:34+0200] [MainThread] [I] [toil.leader] 0 jobs are running, 0 jobs are issued and waiting to run
[2022-05-12T15:26:34+0200] [MainThread] [I] [toil.leader] Issued job 'CWLJob' io-int-default-tool-and-wf.cwl.step1._:1a214747-2085-42da-ade8-3a12d52b4d89 kind-CWLJob/instance-sjiu4rdg v1 with job batch system ID: 1 and cores: 1, disk: 3.0 Gi, and memory: 2.0 Gi
[2022-05-12T15:26:35+0200] [MainThread] [I] [toil.worker] Redirecting logging to /tmp/0d9311a7111155a290032af3139bcda8/e23f/worker_log.txt
[2022-05-12T15:26:36+0200] [MainThread] [I] [toil.worker] Redirecting logging to /tmp/0d9311a7111155a290032af3139bcda8/9a18/worker_log.txt
[2022-05-12T15:26:36+0200] [MainThread] [I] [toil.worker] Redirecting logging to /tmp/0d9311a7111155a290032af3139bcda8/5ace/worker_log.txt
[2022-05-12T15:26:38+0200] [MainThread] [I] [toil.leader] Finished toil run successfully.
[2022-05-12T15:26:38+0200] [MainThread] [I] [toil.common] Successfully deleted the job store: FileJobStore(/tmp/tmpko5bey6n)
</system-err>
		</testcase>
		<testcase name="Test File input with default unspecified to workflow" time="7.787324" class="workflow" file="workflow_file_input_default_unspecified" url="cwltest:conformance_tests#152">
			<system-out>{
    &quot;o&quot;: {
        &quot;location&quot;: &quot;file:///tmp/tmpx3z0xqd5/output&quot;,
        &quot;basename&quot;: &quot;output&quot;,
        &quot;nameroot&quot;: &quot;output&quot;,
        &quot;nameext&quot;: &quot;&quot;,
        &quot;class&quot;: &quot;File&quot;,
        &quot;checksum&quot;: &quot;sha1$327fc7aedf4f6b69a42a7c8b808dc5a7aff61376&quot;,
        &quot;size&quot;: 1111
    }
}</system-out>
			<system-err>[2022-05-12T15:26:33+0200] [MainThread] [I] [cwltool] Resolved 'tests/io-file-default-wf.cwl' to 'file:///home/michael/cwl-v1.2/tests/io-file-default-wf.cwl'
[2022-05-12T15:26:36+0200] [MainThread] [I] [toil.job] Saving graph of 2 jobs, 2 new
[2022-05-12T15:26:36+0200] [MainThread] [I] [toil.job] Processing job 'ResolveIndirect' kind-ResolveIndirect/instance-v659npi1 v0
[2022-05-12T15:26:36+0200] [MainThread] [I] [toil.job] Processing job 'CWLWorkflow' kind-CWLWorkflow/instance-atfno01j v0
[2022-05-12T15:26:36+0200] [MainThread] [I] [toil] Running Toil version 5.6.0-c34146a6437e4407a61e946e968bcce67a0ebbca on host mrc-tux.
[2022-05-12T15:26:36+0200] [MainThread] [I] [toil.worker] Redirecting logging to /tmp/7766d9428f64572885e0e31c1e1dc1e2/6c2d/worker_log.txt
[2022-05-12T15:26:36+0200] [MainThread] [I] [toil.leader] 0 jobs are running, 0 jobs are issued and waiting to run
[2022-05-12T15:26:36+0200] [MainThread] [I] [toil.leader] Issued job 'CWLJob' io-file-default-wf.cwl.step1._:87206e7e-f33a-4d44-a700-1877cc147d4b kind-CWLJob/instance-n7mh7pzj v1 with job batch system ID: 1 and cores: 1, disk: 3.0 Gi, and memory: 2.0 Gi
[2022-05-12T15:26:37+0200] [MainThread] [I] [toil.worker] Redirecting logging to /tmp/7766d9428f64572885e0e31c1e1dc1e2/23c8/worker_log.txt
[2022-05-12T15:26:37+0200] [MainThread] [I] [toil.worker] Redirecting logging to /tmp/7766d9428f64572885e0e31c1e1dc1e2/7f66/worker_log.txt
[2022-05-12T15:26:38+0200] [MainThread] [I] [toil.worker] Redirecting logging to /tmp/7766d9428f64572885e0e31c1e1dc1e2/75c0/worker_log.txt
[2022-05-12T15:26:40+0200] [MainThread] [I] [toil.leader] Finished toil run successfully.
[2022-05-12T15:26:40+0200] [MainThread] [I] [toil.common] Successfully deleted the job store: FileJobStore(/tmp/tmp75vpap3o)
</system-err>
		</testcase>
		<testcase name="Test File input with default specified to workflow" time="7.528442" class="workflow" file="workflow_file_input_default_specified" url="cwltest:conformance_tests#153">
			<system-out>{
    &quot;o&quot;: {
        &quot;location&quot;: &quot;file:///tmp/tmpeguept5t/output&quot;,
        &quot;basename&quot;: &quot;output&quot;,
        &quot;nameroot&quot;: &quot;output&quot;,
        &quot;nameext&quot;: &quot;&quot;,
        &quot;class&quot;: &quot;File&quot;,
        &quot;checksum&quot;: &quot;sha1$47a013e660d408619d894b20806b1d5086aab03b&quot;,
        &quot;size&quot;: 13
    }
}</system-out>
			<system-err>[2022-05-12T15:26:35+0200] [MainThread] [I] [cwltool] Resolved 'tests/io-file-default-wf.cwl' to 'file:///home/michael/cwl-v1.2/tests/io-file-default-wf.cwl'
[2022-05-12T15:26:38+0200] [MainThread] [I] [toil.job] Saving graph of 2 jobs, 2 new
[2022-05-12T15:26:38+0200] [MainThread] [I] [toil.job] Processing job 'ResolveIndirect' kind-ResolveIndirect/instance-13vklgpq v0
[2022-05-12T15:26:38+0200] [MainThread] [I] [toil.job] Processing job 'CWLWorkflow' kind-CWLWorkflow/instance-cm82aw26 v0
[2022-05-12T15:26:38+0200] [MainThread] [I] [toil] Running Toil version 5.6.0-c34146a6437e4407a61e946e968bcce67a0ebbca on host mrc-tux.
[2022-05-12T15:26:39+0200] [MainThread] [I] [toil.worker] Redirecting logging to /tmp/a0e4cb9f22755984aa0d3db9ea1612e9/5735/worker_log.txt
[2022-05-12T15:26:39+0200] [MainThread] [I] [toil.leader] 0 jobs are running, 0 jobs are issued and waiting to run
[2022-05-12T15:26:39+0200] [MainThread] [I] [toil.leader] Issued job 'CWLJob' io-file-default-wf.cwl.step1._:6bae90fd-cf17-48cc-90c5-70ec572907c4 kind-CWLJob/instance-3lgw1_sa v1 with job batch system ID: 1 and cores: 1, disk: 3.0 Gi, and memory: 2.0 Gi
[2022-05-12T15:26:39+0200] [MainThread] [I] [toil.worker] Redirecting logging to /tmp/a0e4cb9f22755984aa0d3db9ea1612e9/4856/worker_log.txt
[2022-05-12T15:26:40+0200] [MainThread] [I] [toil.worker] Redirecting logging to /tmp/a0e4cb9f22755984aa0d3db9ea1612e9/1b36/worker_log.txt
[2022-05-12T15:26:41+0200] [MainThread] [I] [toil.worker] Redirecting logging to /tmp/a0e4cb9f22755984aa0d3db9ea1612e9/b99f/worker_log.txt
[2022-05-12T15:26:42+0200] [MainThread] [I] [toil.leader] Finished toil run successfully.
[2022-05-12T15:26:42+0200] [MainThread] [I] [toil.common] Successfully deleted the job store: FileJobStore(/tmp/tmp6v1mq6pb)
</system-err>
		</testcase>
		<testcase name="Test input union type or File or File array to a tool with one file in array specified." time="6.170054" class="command_line_tool, inline_javascript" file="clt_optional_union_input_file_or_files_with_array_of_one_file_provided" url="cwltest:conformance_tests#154">
			<system-out>{
    &quot;output_file&quot;: {
        &quot;location&quot;: &quot;file:///tmp/tmpbswxneff/output.txt&quot;,
        &quot;basename&quot;: &quot;output.txt&quot;,
        &quot;nameroot&quot;: &quot;output&quot;,
        &quot;nameext&quot;: &quot;.txt&quot;,
        &quot;class&quot;: &quot;File&quot;,
        &quot;checksum&quot;: &quot;sha1$da39a3ee5e6b4b0d3255bfef95601890afd80709&quot;,
        &quot;size&quot;: 0
    }
}</system-out>
			<system-err>[2022-05-12T15:26:37+0200] [MainThread] [I] [cwltool] Resolved 'tests/io-file-or-files.cwl' to 'file:///home/michael/cwl-v1.2/tests/io-file-or-files.cwl'
[2022-05-12T15:26:39+0200] [MainThread] [I] [toil.job] Saving graph of 1 jobs, 1 new
[2022-05-12T15:26:39+0200] [MainThread] [I] [toil.job] Processing job 'CWLJob' io-file-or-files.cwl kind-CWLJob/instance-ujkszxqo v0
[2022-05-12T15:26:39+0200] [MainThread] [I] [toil] Running Toil version 5.6.0-c34146a6437e4407a61e946e968bcce67a0ebbca on host mrc-tux.
[2022-05-12T15:26:39+0200] [MainThread] [I] [toil.leader] Issued job 'CWLJob' io-file-or-files.cwl kind-CWLJob/instance-ujkszxqo v1 with job batch system ID: 0 and cores: 1, disk: 3.0 Gi, and memory: 2.0 Gi
[2022-05-12T15:26:40+0200] [MainThread] [I] [toil.worker] Redirecting logging to /tmp/2fa2eb0fc02057f189c55772f3de1976/69bd/worker_log.txt
[2022-05-12T15:26:40+0200] [MainThread] [I] [toil.leader] 0 jobs are running, 0 jobs are issued and waiting to run
[2022-05-12T15:26:42+0200] [MainThread] [I] [toil.leader] Finished toil run successfully.
[2022-05-12T15:26:42+0200] [MainThread] [I] [toil.common] Successfully deleted the job store: FileJobStore(/tmp/tmps8i9d2y8)
</system-err>
		</testcase>
		<testcase name="Test input union type or File or File array to a tool with a few files in array specified." time="5.135550" class="command_line_tool, inline_javascript" file="clt_optional_union_input_file_or_files_with_many_files_provided" url="cwltest:conformance_tests#155">
			<system-out>{
    &quot;output_file&quot;: {
        &quot;location&quot;: &quot;file:///tmp/tmpaueiy16p/output.txt&quot;,
        &quot;basename&quot;: &quot;output.txt&quot;,
        &quot;nameroot&quot;: &quot;output&quot;,
        &quot;nameext&quot;: &quot;.txt&quot;,
        &quot;class&quot;: &quot;File&quot;,
        &quot;checksum&quot;: &quot;sha1$6d1723861ad5a1260f1c3c07c93076c5a215f646&quot;,
        &quot;size&quot;: 1114
    }
}</system-out>
			<system-err>[2022-05-12T15:26:39+0200] [MainThread] [I] [cwltool] Resolved 'tests/io-file-or-files.cwl' to 'file:///home/michael/cwl-v1.2/tests/io-file-or-files.cwl'
[2022-05-12T15:26:41+0200] [MainThread] [I] [toil.job] Saving graph of 1 jobs, 1 new
[2022-05-12T15:26:41+0200] [MainThread] [I] [toil.job] Processing job 'CWLJob' io-file-or-files.cwl kind-CWLJob/instance-ovrosl8m v0
[2022-05-12T15:26:41+0200] [MainThread] [I] [toil] Running Toil version 5.6.0-c34146a6437e4407a61e946e968bcce67a0ebbca on host mrc-tux.
[2022-05-12T15:26:41+0200] [MainThread] [I] [toil.leader] Issued job 'CWLJob' io-file-or-files.cwl kind-CWLJob/instance-ovrosl8m v1 with job batch system ID: 0 and cores: 1, disk: 3.0 Gi, and memory: 2.0 Gi
[2022-05-12T15:26:41+0200] [MainThread] [I] [toil.worker] Redirecting logging to /tmp/b2093e3fb78458fcb750ba054feb25ab/bb98/worker_log.txt
[2022-05-12T15:26:42+0200] [MainThread] [I] [toil.leader] 0 jobs are running, 0 jobs are issued and waiting to run
[2022-05-12T15:26:43+0200] [MainThread] [I] [toil.leader] Finished toil run successfully.
[2022-05-12T15:26:43+0200] [MainThread] [I] [toil.common] Successfully deleted the job store: FileJobStore(/tmp/tmpzkkdgrrn)
</system-err>
		</testcase>
		<testcase name="Test input union type or File or File array to a tool with one file specified." time="5.136189" class="command_line_tool, inline_javascript" file="clt_optional_union_input_file_or_files_with_single_file_provided" url="cwltest:conformance_tests#156">
			<system-out>{
    &quot;output_file&quot;: {
        &quot;location&quot;: &quot;file:///tmp/tmp8i8y1p3o/output.txt&quot;,
        &quot;basename&quot;: &quot;output.txt&quot;,
        &quot;nameroot&quot;: &quot;output&quot;,
        &quot;nameext&quot;: &quot;.txt&quot;,
        &quot;class&quot;: &quot;File&quot;,
        &quot;checksum&quot;: &quot;sha1$327fc7aedf4f6b69a42a7c8b808dc5a7aff61376&quot;,
        &quot;size&quot;: 1111
    }
}</system-out>
			<system-err>[2022-05-12T15:26:40+0200] [MainThread] [I] [cwltool] Resolved 'tests/io-file-or-files.cwl' to 'file:///home/michael/cwl-v1.2/tests/io-file-or-files.cwl'
[2022-05-12T15:26:43+0200] [MainThread] [I] [toil.job] Saving graph of 1 jobs, 1 new
[2022-05-12T15:26:43+0200] [MainThread] [I] [toil.job] Processing job 'CWLJob' io-file-or-files.cwl kind-CWLJob/instance-mlmk0jer v0
[2022-05-12T15:26:43+0200] [MainThread] [I] [toil] Running Toil version 5.6.0-c34146a6437e4407a61e946e968bcce67a0ebbca on host mrc-tux.
[2022-05-12T15:26:43+0200] [MainThread] [I] [toil.leader] Issued job 'CWLJob' io-file-or-files.cwl kind-CWLJob/instance-mlmk0jer v1 with job batch system ID: 0 and cores: 1, disk: 3.0 Gi, and memory: 2.0 Gi
[2022-05-12T15:26:43+0200] [MainThread] [I] [toil.worker] Redirecting logging to /tmp/a65472a2a9f85678b75af13b3a607aa2/681e/worker_log.txt
[2022-05-12T15:26:44+0200] [MainThread] [I] [toil.leader] 0 jobs are running, 0 jobs are issued and waiting to run
[2022-05-12T15:26:45+0200] [MainThread] [I] [toil.leader] Finished toil run successfully.
[2022-05-12T15:26:45+0200] [MainThread] [I] [toil.common] Successfully deleted the job store: FileJobStore(/tmp/tmpuz5f66yh)
</system-err>
		</testcase>
		<testcase name="Test input union type or File or File array to a tool with null specified." time="6.238857" class="command_line_tool, inline_javascript" file="clt_optional_union_input_file_or_files_with_nothing_provided" url="cwltest:conformance_tests#157">
			<system-out>{
    &quot;output_file&quot;: {
        &quot;location&quot;: &quot;file:///tmp/tmphhq133_v/output.txt&quot;,
        &quot;basename&quot;: &quot;output.txt&quot;,
        &quot;nameroot&quot;: &quot;output&quot;,
        &quot;nameext&quot;: &quot;.txt&quot;,
        &quot;class&quot;: &quot;File&quot;,
        &quot;checksum&quot;: &quot;sha1$503458abf7614be3fb26d85ff5d8f3e17aa0a552&quot;,
        &quot;size&quot;: 10
    }
}</system-out>
			<system-err>[2022-05-12T15:26:43+0200] [MainThread] [I] [cwltool] Resolved 'tests/io-file-or-files.cwl' to 'file:///home/michael/cwl-v1.2/tests/io-file-or-files.cwl'
[2022-05-12T15:26:45+0200] [MainThread] [I] [toil.job] Saving graph of 1 jobs, 1 new
[2022-05-12T15:26:45+0200] [MainThread] [I] [toil.job] Processing job 'CWLJob' io-file-or-files.cwl kind-CWLJob/instance-qytck90v v0
[2022-05-12T15:26:45+0200] [MainThread] [I] [toil] Running Toil version 5.6.0-c34146a6437e4407a61e946e968bcce67a0ebbca on host mrc-tux.
[2022-05-12T15:26:45+0200] [MainThread] [I] [toil.leader] Issued job 'CWLJob' io-file-or-files.cwl kind-CWLJob/instance-qytck90v v1 with job batch system ID: 0 and cores: 1, disk: 3.0 Gi, and memory: 2.0 Gi
[2022-05-12T15:26:46+0200] [MainThread] [I] [toil.worker] Redirecting logging to /tmp/77bb134402bc55d1966bc97dbf941671/5ddb/worker_log.txt
[2022-05-12T15:26:46+0200] [MainThread] [I] [toil.leader] 0 jobs are running, 0 jobs are issued and waiting to run
[2022-05-12T15:26:48+0200] [MainThread] [I] [toil.leader] Finished toil run successfully.
[2022-05-12T15:26:48+0200] [MainThread] [I] [toil.common] Successfully deleted the job store: FileJobStore(/tmp/tmpsywhxwbl)
</system-err>
		</testcase>
		<testcase name="Test Any parameter with integer input to a tool" time="5.952812" class="command_line_tool, inline_javascript" file="clt_any_input_with_integer_provided" url="cwltest:conformance_tests#158">
			<system-out>{
    &quot;t1&quot;: 7
}</system-out>
			<system-err>[2022-05-12T15:26:43+0200] [MainThread] [I] [cwltool] Resolved 'tests/io-any-1.cwl' to 'file:///home/michael/cwl-v1.2/tests/io-any-1.cwl'
[2022-05-12T15:26:45+0200] [MainThread] [I] [toil.job] Saving graph of 1 jobs, 1 new
[2022-05-12T15:26:45+0200] [MainThread] [I] [toil.job] Processing job 'CWLJob' io-any-1.cwl kind-CWLJob/instance-mnxbh66h v0
[2022-05-12T15:26:45+0200] [MainThread] [I] [toil] Running Toil version 5.6.0-c34146a6437e4407a61e946e968bcce67a0ebbca on host mrc-tux.
[2022-05-12T15:26:45+0200] [MainThread] [I] [toil.leader] Issued job 'CWLJob' io-any-1.cwl kind-CWLJob/instance-mnxbh66h v1 with job batch system ID: 0 and cores: 1, disk: 3.0 Gi, and memory: 2.0 Gi
[2022-05-12T15:26:46+0200] [MainThread] [I] [toil.worker] Redirecting logging to /tmp/ffdecd0221d359bdb2aae8702aab13d9/071d/worker_log.txt
[2022-05-12T15:26:46+0200] [MainThread] [I] [toil.leader] 0 jobs are running, 0 jobs are issued and waiting to run
[2022-05-12T15:26:48+0200] [MainThread] [I] [toil.leader] Finished toil run successfully.
[2022-05-12T15:26:48+0200] [MainThread] [I] [toil.common] Successfully deleted the job store: FileJobStore(/tmp/tmpgas3tca1)
</system-err>
		</testcase>
		<testcase name="Test Any parameter with string input to a tool" time="5.238016" class="command_line_tool, inline_javascript" file="clt_any_input_with_string_provided" url="cwltest:conformance_tests#159">
			<system-out>{
    &quot;t1&quot;: &quot;7&quot;
}</system-out>
			<system-err>[2022-05-12T15:26:44+0200] [MainThread] [I] [cwltool] Resolved 'tests/io-any-1.cwl' to 'file:///home/michael/cwl-v1.2/tests/io-any-1.cwl'
[2022-05-12T15:26:46+0200] [MainThread] [I] [toil.job] Saving graph of 1 jobs, 1 new
[2022-05-12T15:26:46+0200] [MainThread] [I] [toil.job] Processing job 'CWLJob' io-any-1.cwl kind-CWLJob/instance-_dd125ca v0
[2022-05-12T15:26:46+0200] [MainThread] [I] [toil] Running Toil version 5.6.0-c34146a6437e4407a61e946e968bcce67a0ebbca on host mrc-tux.
[2022-05-12T15:26:46+0200] [MainThread] [I] [toil.leader] Issued job 'CWLJob' io-any-1.cwl kind-CWLJob/instance-_dd125ca v1 with job batch system ID: 0 and cores: 1, disk: 3.0 Gi, and memory: 2.0 Gi
[2022-05-12T15:26:47+0200] [MainThread] [I] [toil.worker] Redirecting logging to /tmp/1a1032ab31a25078896e125006d9bca4/6b46/worker_log.txt
[2022-05-12T15:26:47+0200] [MainThread] [I] [toil.leader] 0 jobs are running, 0 jobs are issued and waiting to run
[2022-05-12T15:26:48+0200] [MainThread] [I] [toil.leader] Finished toil run successfully.
[2022-05-12T15:26:48+0200] [MainThread] [I] [toil.common] Successfully deleted the job store: FileJobStore(/tmp/tmpqqgdov0w)
</system-err>
		</testcase>
		<testcase name="Test Any parameter with file input to a tool" time="5.177772" class="command_line_tool, inline_javascript" file="clt_any_input_with_file_provided" url="cwltest:conformance_tests#160">
			<system-out>{
    &quot;t1&quot;: &quot;File&quot;
}</system-out>
			<system-err>[2022-05-12T15:26:46+0200] [MainThread] [I] [cwltool] Resolved 'tests/io-any-1.cwl' to 'file:///home/michael/cwl-v1.2/tests/io-any-1.cwl'
[2022-05-12T15:26:48+0200] [MainThread] [I] [toil.job] Saving graph of 1 jobs, 1 new
[2022-05-12T15:26:48+0200] [MainThread] [I] [toil.job] Processing job 'CWLJob' io-any-1.cwl kind-CWLJob/instance-oyvis_oo v0
[2022-05-12T15:26:48+0200] [MainThread] [I] [toil] Running Toil version 5.6.0-c34146a6437e4407a61e946e968bcce67a0ebbca on host mrc-tux.
[2022-05-12T15:26:48+0200] [MainThread] [I] [toil.leader] Issued job 'CWLJob' io-any-1.cwl kind-CWLJob/instance-oyvis_oo v1 with job batch system ID: 0 and cores: 1, disk: 3.0 Gi, and memory: 2.0 Gi
[2022-05-12T15:26:48+0200] [MainThread] [I] [toil.worker] Redirecting logging to /tmp/0d28c6fac9065bc6b9b5f29fc8315384/d4c2/worker_log.txt
[2022-05-12T15:26:49+0200] [MainThread] [I] [toil.leader] 0 jobs are running, 0 jobs are issued and waiting to run
[2022-05-12T15:26:50+0200] [MainThread] [I] [toil.leader] Finished toil run successfully.
[2022-05-12T15:26:50+0200] [MainThread] [I] [toil.common] Successfully deleted the job store: FileJobStore(/tmp/tmpv8inse1i)
</system-err>
		</testcase>
		<testcase name="Test Any parameter with array input to a tool" time="5.032896" class="command_line_tool, inline_javascript" file="clt_any_input_with_mixed_array_provided" url="cwltest:conformance_tests#161">
			<system-out>{
    &quot;t1&quot;: [
        1,
        &quot;moocow&quot;
    ]
}</system-out>
			<system-err>[2022-05-12T15:26:49+0200] [MainThread] [I] [cwltool] Resolved 'tests/io-any-1.cwl' to 'file:///home/michael/cwl-v1.2/tests/io-any-1.cwl'
[2022-05-12T15:26:51+0200] [MainThread] [I] [toil.job] Saving graph of 1 jobs, 1 new
[2022-05-12T15:26:51+0200] [MainThread] [I] [toil.job] Processing job 'CWLJob' io-any-1.cwl kind-CWLJob/instance-7bpnn9vj v0
[2022-05-12T15:26:51+0200] [MainThread] [I] [toil] Running Toil version 5.6.0-c34146a6437e4407a61e946e968bcce67a0ebbca on host mrc-tux.
[2022-05-12T15:26:51+0200] [MainThread] [I] [toil.leader] Issued job 'CWLJob' io-any-1.cwl kind-CWLJob/instance-7bpnn9vj v1 with job batch system ID: 0 and cores: 1, disk: 3.0 Gi, and memory: 2.0 Gi
[2022-05-12T15:26:52+0200] [MainThread] [I] [toil.worker] Redirecting logging to /tmp/e26e131c273956d8aeb69c84d40c71ae/83ba/worker_log.txt
[2022-05-12T15:26:52+0200] [MainThread] [I] [toil.leader] 0 jobs are running, 0 jobs are issued and waiting to run
[2022-05-12T15:26:53+0200] [MainThread] [I] [toil.leader] Finished toil run successfully.
[2022-05-12T15:26:53+0200] [MainThread] [I] [toil.common] Successfully deleted the job store: FileJobStore(/tmp/tmpx8jjov8l)
</system-err>
		</testcase>
		<testcase name="Test Any parameter with record input to a tool" time="5.931406" class="command_line_tool, inline_javascript" file="clt_any_input_with_record_provided" url="cwltest:conformance_tests#162">
			<system-out>{
    &quot;t1&quot;: {
        &quot;moo&quot;: 1,
        &quot;cow&quot;: 5
    }
}</system-out>
			<system-err>[2022-05-12T15:26:49+0200] [MainThread] [I] [cwltool] Resolved 'tests/io-any-1.cwl' to 'file:///home/michael/cwl-v1.2/tests/io-any-1.cwl'
[2022-05-12T15:26:51+0200] [MainThread] [I] [toil.job] Saving graph of 1 jobs, 1 new
[2022-05-12T15:26:51+0200] [MainThread] [I] [toil.job] Processing job 'CWLJob' io-any-1.cwl kind-CWLJob/instance-edgxybj_ v0
[2022-05-12T15:26:51+0200] [MainThread] [I] [toil] Running Toil version 5.6.0-c34146a6437e4407a61e946e968bcce67a0ebbca on host mrc-tux.
[2022-05-12T15:26:51+0200] [MainThread] [I] [toil.leader] Issued job 'CWLJob' io-any-1.cwl kind-CWLJob/instance-edgxybj_ v1 with job batch system ID: 0 and cores: 1, disk: 3.0 Gi, and memory: 2.0 Gi
[2022-05-12T15:26:52+0200] [MainThread] [I] [toil.worker] Redirecting logging to /tmp/2406bf2ce8715c00b2f2f859ad63c56c/7f69/worker_log.txt
[2022-05-12T15:26:52+0200] [MainThread] [I] [toil.leader] 0 jobs are running, 0 jobs are issued and waiting to run
[2022-05-12T15:26:54+0200] [MainThread] [I] [toil.leader] Finished toil run successfully.
[2022-05-12T15:26:54+0200] [MainThread] [I] [toil.common] Successfully deleted the job store: FileJobStore(/tmp/tmpq60p5zx9)
</system-err>
		</testcase>
		<testcase name="Test Any parameter with integer input to a workflow" time="8.256949" class="workflow, inline_javascript" file="workflow_any_input_with_integer_provided" url="cwltest:conformance_tests#163">
			<system-out>{
    &quot;t1&quot;: 7
}</system-out>
			<system-err>[2022-05-12T15:26:49+0200] [MainThread] [I] [cwltool] Resolved 'tests/io-any-wf-1.cwl' to 'file:///home/michael/cwl-v1.2/tests/io-any-wf-1.cwl'
[2022-05-12T15:26:53+0200] [MainThread] [I] [toil.job] Saving graph of 2 jobs, 2 new
[2022-05-12T15:26:53+0200] [MainThread] [I] [toil.job] Processing job 'ResolveIndirect' kind-ResolveIndirect/instance-u9y_gl3c v0
[2022-05-12T15:26:53+0200] [MainThread] [I] [toil.job] Processing job 'CWLWorkflow' kind-CWLWorkflow/instance-4_usewlj v0
[2022-05-12T15:26:53+0200] [MainThread] [I] [toil] Running Toil version 5.6.0-c34146a6437e4407a61e946e968bcce67a0ebbca on host mrc-tux.
[2022-05-12T15:26:53+0200] [MainThread] [I] [toil.worker] Redirecting logging to /tmp/4227b8bb0a645cf6bf34cbae6c60c4de/b31a/worker_log.txt
[2022-05-12T15:26:53+0200] [MainThread] [I] [toil.leader] 0 jobs are running, 0 jobs are issued and waiting to run
[2022-05-12T15:26:53+0200] [MainThread] [I] [toil.leader] Issued job 'CWLJob' io-any-wf-1.cwl.step1.io-any-1.cwl kind-CWLJob/instance-y2ewd9vn v1 with job batch system ID: 1 and cores: 1, disk: 3.0 Gi, and memory: 2.0 Gi
[2022-05-12T15:26:54+0200] [MainThread] [I] [toil.worker] Redirecting logging to /tmp/4227b8bb0a645cf6bf34cbae6c60c4de/3be5/worker_log.txt
[2022-05-12T15:26:55+0200] [MainThread] [I] [toil.worker] Redirecting logging to /tmp/4227b8bb0a645cf6bf34cbae6c60c4de/0caf/worker_log.txt
[2022-05-12T15:26:55+0200] [MainThread] [I] [toil.worker] Redirecting logging to /tmp/4227b8bb0a645cf6bf34cbae6c60c4de/97cd/worker_log.txt
[2022-05-12T15:26:57+0200] [MainThread] [I] [toil.leader] Finished toil run successfully.
[2022-05-12T15:26:57+0200] [MainThread] [I] [toil.common] Successfully deleted the job store: FileJobStore(/tmp/tmp2pkhc7zn)
</system-err>
		</testcase>
		<testcase name="Test Any parameter with string input to a workflow" time="9.134335" class="workflow, inline_javascript" file="workflow_any_input_with_string_provided" url="cwltest:conformance_tests#164">
			<system-out>{
    &quot;t1&quot;: &quot;7&quot;
}</system-out>
			<system-err>[2022-05-12T15:26:51+0200] [MainThread] [I] [cwltool] Resolved 'tests/io-any-wf-1.cwl' to 'file:///home/michael/cwl-v1.2/tests/io-any-wf-1.cwl'
[2022-05-12T15:26:54+0200] [MainThread] [I] [toil.job] Saving graph of 2 jobs, 2 new
[2022-05-12T15:26:54+0200] [MainThread] [I] [toil.job] Processing job 'ResolveIndirect' kind-ResolveIndirect/instance-57msd97q v0
[2022-05-12T15:26:54+0200] [MainThread] [I] [toil.job] Processing job 'CWLWorkflow' kind-CWLWorkflow/instance-pkhotpc0 v0
[2022-05-12T15:26:54+0200] [MainThread] [I] [toil] Running Toil version 5.6.0-c34146a6437e4407a61e946e968bcce67a0ebbca on host mrc-tux.
[2022-05-12T15:26:54+0200] [MainThread] [I] [toil.worker] Redirecting logging to /tmp/f89a3ed986095f669f2b0ebe3fbf84a4/cc0d/worker_log.txt
[2022-05-12T15:26:55+0200] [MainThread] [I] [toil.leader] 0 jobs are running, 0 jobs are issued and waiting to run
[2022-05-12T15:26:55+0200] [MainThread] [I] [toil.leader] Issued job 'CWLJob' io-any-wf-1.cwl.step1.io-any-1.cwl kind-CWLJob/instance-1emxd_zu v1 with job batch system ID: 1 and cores: 1, disk: 3.0 Gi, and memory: 2.0 Gi
[2022-05-12T15:26:55+0200] [MainThread] [I] [toil.worker] Redirecting logging to /tmp/f89a3ed986095f669f2b0ebe3fbf84a4/edae/worker_log.txt
[2022-05-12T15:26:56+0200] [MainThread] [I] [toil.worker] Redirecting logging to /tmp/f89a3ed986095f669f2b0ebe3fbf84a4/0fc1/worker_log.txt
[2022-05-12T15:26:57+0200] [MainThread] [I] [toil.worker] Redirecting logging to /tmp/f89a3ed986095f669f2b0ebe3fbf84a4/8ebb/worker_log.txt
[2022-05-12T15:26:59+0200] [MainThread] [I] [toil.leader] Finished toil run successfully.
[2022-05-12T15:26:59+0200] [MainThread] [I] [toil.common] Successfully deleted the job store: FileJobStore(/tmp/tmpz5e9a0fq)
</system-err>
		</testcase>
		<testcase name="Test Any parameter with file input to a workflow" time="9.131620" class="workflow, inline_javascript" file="workflow_any_input_with_file_provided" url="cwltest:conformance_tests#165">
			<system-out>{
    &quot;t1&quot;: &quot;File&quot;
}</system-out>
			<system-err>[2022-05-12T15:26:54+0200] [MainThread] [I] [cwltool] Resolved 'tests/io-any-wf-1.cwl' to 'file:///home/michael/cwl-v1.2/tests/io-any-wf-1.cwl'
[2022-05-12T15:26:57+0200] [MainThread] [I] [toil.job] Saving graph of 2 jobs, 2 new
[2022-05-12T15:26:57+0200] [MainThread] [I] [toil.job] Processing job 'ResolveIndirect' kind-ResolveIndirect/instance-9kxvwi9p v0
[2022-05-12T15:26:57+0200] [MainThread] [I] [toil.job] Processing job 'CWLWorkflow' kind-CWLWorkflow/instance-slo37h_k v0
[2022-05-12T15:26:57+0200] [MainThread] [I] [toil] Running Toil version 5.6.0-c34146a6437e4407a61e946e968bcce67a0ebbca on host mrc-tux.
[2022-05-12T15:26:58+0200] [MainThread] [I] [toil.worker] Redirecting logging to /tmp/f398feb3d2455b7891c49ba7f07407e0/fe35/worker_log.txt
[2022-05-12T15:26:58+0200] [MainThread] [I] [toil.leader] 0 jobs are running, 0 jobs are issued and waiting to run
[2022-05-12T15:26:58+0200] [MainThread] [I] [toil.leader] Issued job 'CWLJob' io-any-wf-1.cwl.step1.io-any-1.cwl kind-CWLJob/instance-_laohqbe v1 with job batch system ID: 1 and cores: 1, disk: 3.0 Gi, and memory: 2.0 Gi
[2022-05-12T15:26:58+0200] [MainThread] [I] [toil.worker] Redirecting logging to /tmp/f398feb3d2455b7891c49ba7f07407e0/a332/worker_log.txt
[2022-05-12T15:26:59+0200] [MainThread] [I] [toil.worker] Redirecting logging to /tmp/f398feb3d2455b7891c49ba7f07407e0/bf2a/worker_log.txt
[2022-05-12T15:27:00+0200] [MainThread] [I] [toil.worker] Redirecting logging to /tmp/f398feb3d2455b7891c49ba7f07407e0/2e6e/worker_log.txt
[2022-05-12T15:27:02+0200] [MainThread] [I] [toil.leader] Finished toil run successfully.
[2022-05-12T15:27:02+0200] [MainThread] [I] [toil.common] Successfully deleted the job store: FileJobStore(/tmp/tmpfkx4u28n)
</system-err>
		</testcase>
		<testcase name="Test Any parameter with array input to a workflow" time="9.304095" class="workflow, inline_javascript" file="workflow_any_input_with_mixed_array_provided" url="cwltest:conformance_tests#166">
			<system-out>{
    &quot;t1&quot;: [
        1,
        &quot;moocow&quot;
    ]
}</system-out>
			<system-err>[2022-05-12T15:26:55+0200] [MainThread] [I] [cwltool] Resolved 'tests/io-any-wf-1.cwl' to 'file:///home/michael/cwl-v1.2/tests/io-any-wf-1.cwl'
[2022-05-12T15:26:58+0200] [MainThread] [I] [toil.job] Saving graph of 2 jobs, 2 new
[2022-05-12T15:26:58+0200] [MainThread] [I] [toil.job] Processing job 'ResolveIndirect' kind-ResolveIndirect/instance-i6s4sp_8 v0
[2022-05-12T15:26:58+0200] [MainThread] [I] [toil.job] Processing job 'CWLWorkflow' kind-CWLWorkflow/instance-tgboyyd9 v0
[2022-05-12T15:26:58+0200] [MainThread] [I] [toil] Running Toil version 5.6.0-c34146a6437e4407a61e946e968bcce67a0ebbca on host mrc-tux.
[2022-05-12T15:26:59+0200] [MainThread] [I] [toil.worker] Redirecting logging to /tmp/df479e48dfc557f38b1bffd7d668a7c6/2f74/worker_log.txt
[2022-05-12T15:26:59+0200] [MainThread] [I] [toil.leader] 0 jobs are running, 0 jobs are issued and waiting to run
[2022-05-12T15:26:59+0200] [MainThread] [I] [toil.leader] Issued job 'CWLJob' io-any-wf-1.cwl.step1.io-any-1.cwl kind-CWLJob/instance-mqu7g3nr v1 with job batch system ID: 1 and cores: 1, disk: 3.0 Gi, and memory: 2.0 Gi
[2022-05-12T15:27:00+0200] [MainThread] [I] [toil.worker] Redirecting logging to /tmp/df479e48dfc557f38b1bffd7d668a7c6/63d1/worker_log.txt
[2022-05-12T15:27:01+0200] [MainThread] [I] [toil.worker] Redirecting logging to /tmp/df479e48dfc557f38b1bffd7d668a7c6/482a/worker_log.txt
[2022-05-12T15:27:01+0200] [MainThread] [I] [toil.worker] Redirecting logging to /tmp/df479e48dfc557f38b1bffd7d668a7c6/1452/worker_log.txt
[2022-05-12T15:27:03+0200] [MainThread] [I] [toil.leader] Finished toil run successfully.
[2022-05-12T15:27:03+0200] [MainThread] [I] [toil.common] Successfully deleted the job store: FileJobStore(/tmp/tmpfglgaqgj)
</system-err>
		</testcase>
		<testcase name="Test Any parameter with record input to a tool" time="8.331557" class="workflow, inline_javascript" file="workflow_any_input_with_record_provided" url="cwltest:conformance_tests#167">
			<system-out>{
    &quot;t1&quot;: {
        &quot;moo&quot;: 1,
        &quot;cow&quot;: 5
    }
}</system-out>
			<system-err>[2022-05-12T15:26:57+0200] [MainThread] [I] [cwltool] Resolved 'tests/io-any-wf-1.cwl' to 'file:///home/michael/cwl-v1.2/tests/io-any-wf-1.cwl'
[2022-05-12T15:27:01+0200] [MainThread] [I] [toil.job] Saving graph of 2 jobs, 2 new
[2022-05-12T15:27:01+0200] [MainThread] [I] [toil.job] Processing job 'ResolveIndirect' kind-ResolveIndirect/instance-vyptbkce v0
[2022-05-12T15:27:01+0200] [MainThread] [I] [toil.job] Processing job 'CWLWorkflow' kind-CWLWorkflow/instance-e8m54x7f v0
[2022-05-12T15:27:01+0200] [MainThread] [I] [toil] Running Toil version 5.6.0-c34146a6437e4407a61e946e968bcce67a0ebbca on host mrc-tux.
[2022-05-12T15:27:01+0200] [MainThread] [I] [toil.worker] Redirecting logging to /tmp/1144bc7987bf51a2a6915c68514ae69c/ccd9/worker_log.txt
[2022-05-12T15:27:02+0200] [MainThread] [I] [toil.leader] 0 jobs are running, 0 jobs are issued and waiting to run
[2022-05-12T15:27:02+0200] [MainThread] [I] [toil.leader] Issued job 'CWLJob' io-any-wf-1.cwl.step1.io-any-1.cwl kind-CWLJob/instance-4tb2yhfq v1 with job batch system ID: 1 and cores: 1, disk: 3.0 Gi, and memory: 2.0 Gi
[2022-05-12T15:27:02+0200] [MainThread] [I] [toil.worker] Redirecting logging to /tmp/1144bc7987bf51a2a6915c68514ae69c/21fc/worker_log.txt
[2022-05-12T15:27:03+0200] [MainThread] [I] [toil.worker] Redirecting logging to /tmp/1144bc7987bf51a2a6915c68514ae69c/8b3e/worker_log.txt
[2022-05-12T15:27:04+0200] [MainThread] [I] [toil.worker] Redirecting logging to /tmp/1144bc7987bf51a2a6915c68514ae69c/44a1/worker_log.txt
[2022-05-12T15:27:05+0200] [MainThread] [I] [toil.leader] Finished toil run successfully.
[2022-05-12T15:27:05+0200] [MainThread] [I] [toil.common] Successfully deleted the job store: FileJobStore(/tmp/tmph4a26i8g)
</system-err>
		</testcase>
		<testcase name="Test union type input to workflow with default unspecified" time="7.857299" class="workflow, inline_javascript, expression_tool" file="workflow_union_default_input_unspecified" url="cwltest:conformance_tests#168">
			<system-out>{
    &quot;o&quot;: &quot;the default value&quot;
}</system-out>
			<system-err>[2022-05-12T15:27:00+0200] [MainThread] [I] [cwltool] Resolved 'tests/io-union-input-default-wf.cwl' to 'file:///home/michael/cwl-v1.2/tests/io-union-input-default-wf.cwl'
[2022-05-12T15:27:03+0200] [MainThread] [I] [toil.job] Saving graph of 2 jobs, 2 new
[2022-05-12T15:27:03+0200] [MainThread] [I] [toil.job] Processing job 'ResolveIndirect' kind-ResolveIndirect/instance-tazl2rj3 v0
[2022-05-12T15:27:03+0200] [MainThread] [I] [toil.job] Processing job 'CWLWorkflow' kind-CWLWorkflow/instance-wu_48oo0 v0
[2022-05-12T15:27:03+0200] [MainThread] [I] [toil] Running Toil version 5.6.0-c34146a6437e4407a61e946e968bcce67a0ebbca on host mrc-tux.
[2022-05-12T15:27:03+0200] [MainThread] [I] [toil.worker] Redirecting logging to /tmp/60a83f9810a05185a194b938c7b89ca6/837a/worker_log.txt
[2022-05-12T15:27:04+0200] [MainThread] [I] [toil.leader] 0 jobs are running, 0 jobs are issued and waiting to run
[2022-05-12T15:27:04+0200] [MainThread] [I] [toil.leader] Issued job 'CWLJob' io-union-input-default-wf.cwl.step1._:1d541903-ad05-4849-9c00-e017971dc53e kind-CWLJob/instance-fdqs9i0n v1 with job batch system ID: 1 and cores: 1, disk: 3.0 Gi, and memory: 2.0 Gi
[2022-05-12T15:27:04+0200] [MainThread] [I] [toil.worker] Redirecting logging to /tmp/60a83f9810a05185a194b938c7b89ca6/469b/worker_log.txt
[2022-05-12T15:27:05+0200] [MainThread] [I] [toil.worker] Redirecting logging to /tmp/60a83f9810a05185a194b938c7b89ca6/e761/worker_log.txt
[2022-05-12T15:27:06+0200] [MainThread] [I] [toil.worker] Redirecting logging to /tmp/60a83f9810a05185a194b938c7b89ca6/30b0/worker_log.txt
[2022-05-12T15:27:07+0200] [MainThread] [I] [toil.leader] Finished toil run successfully.
[2022-05-12T15:27:07+0200] [MainThread] [I] [toil.common] Successfully deleted the job store: FileJobStore(/tmp/tmpjfz_txdn)
</system-err>
		</testcase>
		<testcase name="Test union type input to workflow with default specified as file" time="8.615224" class="workflow, inline_javascript, expression_tool" file="workflow_union_default_input_with_file_provided" url="cwltest:conformance_tests#169">
			<system-out>{
    &quot;o&quot;: &quot;File&quot;
}</system-out>
			<system-err>[2022-05-12T15:27:03+0200] [MainThread] [I] [cwltool] Resolved 'tests/io-union-input-default-wf.cwl' to 'file:///home/michael/cwl-v1.2/tests/io-union-input-default-wf.cwl'
[2022-05-12T15:27:06+0200] [MainThread] [I] [toil.job] Saving graph of 2 jobs, 2 new
[2022-05-12T15:27:06+0200] [MainThread] [I] [toil.job] Processing job 'ResolveIndirect' kind-ResolveIndirect/instance-z5dd3h2r v0
[2022-05-12T15:27:06+0200] [MainThread] [I] [toil.job] Processing job 'CWLWorkflow' kind-CWLWorkflow/instance-tyouid4e v0
[2022-05-12T15:27:06+0200] [MainThread] [I] [toil] Running Toil version 5.6.0-c34146a6437e4407a61e946e968bcce67a0ebbca on host mrc-tux.
[2022-05-12T15:27:06+0200] [MainThread] [I] [toil.worker] Redirecting logging to /tmp/b3de1d278c9a50d19276797190aa98c1/c6a5/worker_log.txt
[2022-05-12T15:27:07+0200] [MainThread] [I] [toil.leader] 0 jobs are running, 0 jobs are issued and waiting to run
[2022-05-12T15:27:07+0200] [MainThread] [I] [toil.leader] Issued job 'CWLJob' io-union-input-default-wf.cwl.step1._:4a1d65a6-35c8-49ea-bd19-7ffa464de7b1 kind-CWLJob/instance-a5_5_urv v1 with job batch system ID: 1 and cores: 1, disk: 3.0 Gi, and memory: 2.0 Gi
[2022-05-12T15:27:07+0200] [MainThread] [I] [toil.worker] Redirecting logging to /tmp/b3de1d278c9a50d19276797190aa98c1/47e5/worker_log.txt
[2022-05-12T15:27:08+0200] [MainThread] [I] [toil.worker] Redirecting logging to /tmp/b3de1d278c9a50d19276797190aa98c1/c305/worker_log.txt
[2022-05-12T15:27:09+0200] [MainThread] [I] [toil.worker] Redirecting logging to /tmp/b3de1d278c9a50d19276797190aa98c1/5d40/worker_log.txt
[2022-05-12T15:27:11+0200] [MainThread] [I] [toil.leader] Finished toil run successfully.
[2022-05-12T15:27:11+0200] [MainThread] [I] [toil.common] Successfully deleted the job store: FileJobStore(/tmp/tmpuwpogu8s)
</system-err>
		</testcase>
		<testcase name="Test valueFrom on workflow step from literal (string)." time="7.649023" class="workflow, step_input" file="workflowstep_valuefrom_string" url="cwltest:conformance_tests#170">
			<system-out>{
    &quot;val&quot;: &quot;moocow\n&quot;
}</system-out>
			<system-err>[2022-05-12T15:27:04+0200] [MainThread] [I] [cwltool] Resolved 'tests/step-valuefrom4-wf.cwl' to 'file:///home/michael/cwl-v1.2/tests/step-valuefrom4-wf.cwl'
[2022-05-12T15:27:07+0200] [MainThread] [I] [toil.job] Saving graph of 2 jobs, 2 new
[2022-05-12T15:27:07+0200] [MainThread] [I] [toil.job] Processing job 'ResolveIndirect' kind-ResolveIndirect/instance-h85lo47h v0
[2022-05-12T15:27:07+0200] [MainThread] [I] [toil.job] Processing job 'CWLWorkflow' kind-CWLWorkflow/instance-i681sg90 v0
[2022-05-12T15:27:07+0200] [MainThread] [I] [toil] Running Toil version 5.6.0-c34146a6437e4407a61e946e968bcce67a0ebbca on host mrc-tux.
[2022-05-12T15:27:08+0200] [MainThread] [I] [toil.worker] Redirecting logging to /tmp/6d26edc4377251d2bf13ae12e4b50658/1daf/worker_log.txt
[2022-05-12T15:27:08+0200] [MainThread] [I] [toil.leader] 0 jobs are running, 0 jobs are issued and waiting to run
[2022-05-12T15:27:08+0200] [MainThread] [I] [toil.leader] Issued job 'CWLJob' step-valuefrom4-wf.cwl.step1.echo kind-CWLJob/instance-n3g506ln v1 with job batch system ID: 1 and cores: 1, disk: 3.0 Gi, and memory: 2.0 Gi
[2022-05-12T15:27:08+0200] [MainThread] [I] [toil.worker] Redirecting logging to /tmp/6d26edc4377251d2bf13ae12e4b50658/a65c/worker_log.txt
[2022-05-12T15:27:09+0200] [MainThread] [I] [toil.worker] Redirecting logging to /tmp/6d26edc4377251d2bf13ae12e4b50658/0f3c/worker_log.txt
[2022-05-12T15:27:10+0200] [MainThread] [I] [toil.worker] Redirecting logging to /tmp/6d26edc4377251d2bf13ae12e4b50658/c518/worker_log.txt
[2022-05-12T15:27:11+0200] [MainThread] [I] [toil.leader] Finished toil run successfully.
[2022-05-12T15:27:11+0200] [MainThread] [I] [toil.common] Successfully deleted the job store: FileJobStore(/tmp/tmprs3iep4r)
</system-err>
		</testcase>
		<testcase name="Test valueFrom on workflow step using basename." time="8.795305" class="workflow, step_input" file="workflowstep_valuefrom_file_basename" url="cwltest:conformance_tests#171">
			<system-out>{
    &quot;val1&quot;: &quot;whale.txt\n&quot;,
    &quot;val2&quot;: &quot;step1_out\n&quot;
}</system-out>
			<system-err>[2022-05-12T15:27:06+0200] [MainThread] [I] [cwltool] Resolved 'tests/step-valuefrom5-wf.cwl' to 'file:///home/michael/cwl-v1.2/tests/step-valuefrom5-wf.cwl'
[2022-05-12T15:27:10+0200] [MainThread] [I] [toil.job] Saving graph of 2 jobs, 2 new
[2022-05-12T15:27:10+0200] [MainThread] [I] [toil.job] Processing job 'ResolveIndirect' kind-ResolveIndirect/instance-2jos_iwq v0
[2022-05-12T15:27:10+0200] [MainThread] [I] [toil.job] Processing job 'CWLWorkflow' kind-CWLWorkflow/instance-0ky03otu v0
[2022-05-12T15:27:10+0200] [MainThread] [I] [toil] Running Toil version 5.6.0-c34146a6437e4407a61e946e968bcce67a0ebbca on host mrc-tux.
[2022-05-12T15:27:10+0200] [MainThread] [I] [toil.worker] Redirecting logging to /tmp/615bae3f3e5e5130adf92beff0e6ece0/0d1f/worker_log.txt
[2022-05-12T15:27:10+0200] [MainThread] [I] [toil.leader] 0 jobs are running, 0 jobs are issued and waiting to run
[2022-05-12T15:27:10+0200] [MainThread] [I] [toil.leader] Issued job 'CWLJob' step-valuefrom5-wf.cwl.step1._:1fb538fb-0573-4273-a145-692e28e25baa kind-CWLJob/instance-zq_2ruwl v1 with job batch system ID: 1 and cores: 1, disk: 3.0 Gi, and memory: 2.0 Gi
[2022-05-12T15:27:11+0200] [MainThread] [I] [toil.worker] Redirecting logging to /tmp/615bae3f3e5e5130adf92beff0e6ece0/ecc9/worker_log.txt
[2022-05-12T15:27:12+0200] [MainThread] [I] [toil.worker] Redirecting logging to /tmp/615bae3f3e5e5130adf92beff0e6ece0/00c6/worker_log.txt
[2022-05-12T15:27:12+0200] [MainThread] [I] [toil.worker] Redirecting logging to /tmp/615bae3f3e5e5130adf92beff0e6ece0/950e/worker_log.txt
[2022-05-12T15:27:14+0200] [MainThread] [I] [toil.leader] Finished toil run successfully.
[2022-05-12T15:27:14+0200] [MainThread] [I] [toil.common] Successfully deleted the job store: FileJobStore(/tmp/tmp_1g42mb5)
</system-err>
		</testcase>
		<testcase name="Test output arrays in a tool (with ints)." time="5.226884" class="expression_tool, inline_javascript" file="expression_tool_int_array_output" url="cwltest:conformance_tests#172">
			<system-out>{
    &quot;o&quot;: [
        0,
        1,
        2
    ]
}</system-out>
			<system-err>[2022-05-12T15:27:08+0200] [MainThread] [I] [cwltool] Resolved 'tests/output-arrays-int.cwl' to 'file:///home/michael/cwl-v1.2/tests/output-arrays-int.cwl'
[2022-05-12T15:27:10+0200] [MainThread] [I] [toil.job] Saving graph of 1 jobs, 1 new
[2022-05-12T15:27:10+0200] [MainThread] [I] [toil.job] Processing job 'CWLJob' output-arrays-int.cwl kind-CWLJob/instance-pqr1o2se v0
[2022-05-12T15:27:10+0200] [MainThread] [I] [toil] Running Toil version 5.6.0-c34146a6437e4407a61e946e968bcce67a0ebbca on host mrc-tux.
[2022-05-12T15:27:10+0200] [MainThread] [I] [toil.leader] Issued job 'CWLJob' output-arrays-int.cwl kind-CWLJob/instance-pqr1o2se v1 with job batch system ID: 0 and cores: 1, disk: 3.0 Gi, and memory: 2.0 Gi
[2022-05-12T15:27:11+0200] [MainThread] [I] [toil.worker] Redirecting logging to /tmp/505ac96a5e8e59b5a7529380c7e0537a/f4b9/worker_log.txt
[2022-05-12T15:27:11+0200] [MainThread] [I] [toil.leader] 0 jobs are running, 0 jobs are issued and waiting to run
[2022-05-12T15:27:12+0200] [MainThread] [I] [toil.leader] Finished toil run successfully.
[2022-05-12T15:27:12+0200] [MainThread] [I] [toil.common] Successfully deleted the job store: FileJobStore(/tmp/tmppv9v0dyy)
</system-err>
		</testcase>
		<testcase name="Test output arrays in a workflow (with ints)." time="10.850428" class="workflow, expression_tool, inline_javascript" file="workflowstep_int_array_input_output" url="cwltest:conformance_tests#173">
			<system-out>{
    &quot;o&quot;: 12
}</system-out>
			<system-err>[2022-05-12T15:27:12+0200] [MainThread] [I] [cwltool] Resolved 'tests/output-arrays-int-wf.cwl' to 'file:///home/michael/cwl-v1.2/tests/output-arrays-int-wf.cwl'
[2022-05-12T15:27:17+0200] [MainThread] [I] [toil.job] Saving graph of 2 jobs, 2 new
[2022-05-12T15:27:17+0200] [MainThread] [I] [toil.job] Processing job 'ResolveIndirect' kind-ResolveIndirect/instance-nutwv2mb v0
[2022-05-12T15:27:17+0200] [MainThread] [I] [toil.job] Processing job 'CWLWorkflow' kind-CWLWorkflow/instance-su5jr2ft v0
[2022-05-12T15:27:17+0200] [MainThread] [I] [toil] Running Toil version 5.6.0-c34146a6437e4407a61e946e968bcce67a0ebbca on host mrc-tux.
[2022-05-12T15:27:17+0200] [MainThread] [I] [toil.worker] Redirecting logging to /tmp/1f3f4e5d9fb4574bb00b5305c902a0cc/a15a/worker_log.txt
[2022-05-12T15:27:18+0200] [MainThread] [I] [toil.leader] 0 jobs are running, 0 jobs are issued and waiting to run
[2022-05-12T15:27:18+0200] [MainThread] [I] [toil.leader] Issued job 'CWLJob' output-arrays-int-wf.cwl.step1._:324de2d5-6e76-466f-99b8-0656688aaad5 kind-CWLJob/instance-xuhucjyn v1 with job batch system ID: 1 and cores: 1, disk: 3.0 Gi, and memory: 2.0 Gi
[2022-05-12T15:27:18+0200] [MainThread] [I] [toil.worker] Redirecting logging to /tmp/1f3f4e5d9fb4574bb00b5305c902a0cc/c54e/worker_log.txt
[2022-05-12T15:27:19+0200] [MainThread] [I] [toil.worker] Redirecting logging to /tmp/1f3f4e5d9fb4574bb00b5305c902a0cc/37ee/worker_log.txt
[2022-05-12T15:27:20+0200] [MainThread] [I] [toil.worker] Redirecting logging to /tmp/1f3f4e5d9fb4574bb00b5305c902a0cc/bde1/worker_log.txt
[2022-05-12T15:27:22+0200] [MainThread] [I] [toil.leader] Finished toil run successfully.
[2022-05-12T15:27:22+0200] [MainThread] [I] [toil.common] Successfully deleted the job store: FileJobStore(/tmp/tmp1mka31gi)
</system-err>
		</testcase>
		<testcase name="Test output arrays in a workflow (with Files)." time="9.540023" class="workflow, expression_tool, inline_javascript" file="workflow_file_array_output" url="cwltest:conformance_tests#174">
			<system-out>{
    &quot;o&quot;: [
        {
            &quot;location&quot;: &quot;file:///tmp/tmpkylswwx4/moo&quot;,
            &quot;basename&quot;: &quot;moo&quot;,
            &quot;nameroot&quot;: &quot;moo&quot;,
            &quot;nameext&quot;: &quot;&quot;,
            &quot;class&quot;: &quot;File&quot;,
            &quot;checksum&quot;: &quot;sha1$da39a3ee5e6b4b0d3255bfef95601890afd80709&quot;,
            &quot;size&quot;: 0
        },
        {
            &quot;location&quot;: &quot;file:///tmp/tmpkylswwx4/cow&quot;,
            &quot;basename&quot;: &quot;cow&quot;,
            &quot;nameroot&quot;: &quot;cow&quot;,
            &quot;nameext&quot;: &quot;&quot;,
            &quot;class&quot;: &quot;File&quot;,
            &quot;checksum&quot;: &quot;sha1$da39a3ee5e6b4b0d3255bfef95601890afd80709&quot;,
            &quot;size&quot;: 0
        }
    ]
}</system-out>
			<system-err>[2022-05-12T15:27:12+0200] [MainThread] [I] [cwltool] Resolved 'tests/output-arrays-file-wf.cwl' to 'file:///home/michael/cwl-v1.2/tests/output-arrays-file-wf.cwl'
[2022-05-12T15:27:16+0200] [MainThread] [I] [toil.job] Saving graph of 2 jobs, 2 new
[2022-05-12T15:27:16+0200] [MainThread] [I] [toil.job] Processing job 'ResolveIndirect' kind-ResolveIndirect/instance-g8dh27ll v0
[2022-05-12T15:27:16+0200] [MainThread] [I] [toil.job] Processing job 'CWLWorkflow' kind-CWLWorkflow/instance-z06mk88u v0
[2022-05-12T15:27:16+0200] [MainThread] [I] [toil] Running Toil version 5.6.0-c34146a6437e4407a61e946e968bcce67a0ebbca on host mrc-tux.
[2022-05-12T15:27:16+0200] [MainThread] [I] [toil.worker] Redirecting logging to /tmp/79c2a3615ae45ff5b6133f8d782a01fa/632b/worker_log.txt
[2022-05-12T15:27:16+0200] [MainThread] [I] [toil.leader] 0 jobs are running, 0 jobs are issued and waiting to run
[2022-05-12T15:27:16+0200] [MainThread] [I] [toil.leader] Issued job 'CWLJob' output-arrays-file-wf.cwl.step1._:c43b0177-ff34-41b1-a5f4-df01851669c2 kind-CWLJob/instance-5l2101f_ v1 with job batch system ID: 1 and cores: 1, disk: 3.0 Gi, and memory: 2.0 Gi
[2022-05-12T15:27:17+0200] [MainThread] [I] [toil.worker] Redirecting logging to /tmp/79c2a3615ae45ff5b6133f8d782a01fa/b104/worker_log.txt
[2022-05-12T15:27:18+0200] [MainThread] [I] [toil.worker] Redirecting logging to /tmp/79c2a3615ae45ff5b6133f8d782a01fa/c88d/worker_log.txt
[2022-05-12T15:27:19+0200] [MainThread] [I] [toil.worker] Redirecting logging to /tmp/79c2a3615ae45ff5b6133f8d782a01fa/6d60/worker_log.txt
[2022-05-12T15:27:21+0200] [MainThread] [I] [toil.leader] Finished toil run successfully.
[2022-05-12T15:27:21+0200] [MainThread] [I] [toil.common] Successfully deleted the job store: FileJobStore(/tmp/tmps9b78fqg)
</system-err>
		</testcase>
		<testcase name="Test Docker ENTRYPOINT usage" time="5.802256" class="command_line_tool, docker" file="docker_entrypoint" url="cwltest:conformance_tests#175">
			<system-out>{
    &quot;cow&quot;: {
        &quot;location&quot;: &quot;file:///tmp/tmp61afcp_r/cow&quot;,
        &quot;basename&quot;: &quot;cow&quot;,
        &quot;nameroot&quot;: &quot;cow&quot;,
        &quot;nameext&quot;: &quot;&quot;,
        &quot;class&quot;: &quot;File&quot;,
        &quot;checksum&quot;: &quot;sha1$7a788f56fa49ae0ba5ebde780efe4d6a89b5db47&quot;,
        &quot;size&quot;: 4
    }
}</system-out>
			<system-err>[2022-05-12T15:27:13+0200] [MainThread] [I] [cwltool] Resolved 'tests/docker-run-cmd.cwl' to 'file:///home/michael/cwl-v1.2/tests/docker-run-cmd.cwl'
[2022-05-12T15:27:15+0200] [MainThread] [I] [toil.job] Saving graph of 1 jobs, 1 new
[2022-05-12T15:27:15+0200] [MainThread] [I] [toil.job] Processing job 'CWLJob' docker-run-cmd.cwl kind-CWLJob/instance-st23elck v0
[2022-05-12T15:27:15+0200] [MainThread] [I] [toil] Running Toil version 5.6.0-c34146a6437e4407a61e946e968bcce67a0ebbca on host mrc-tux.
[2022-05-12T15:27:15+0200] [MainThread] [I] [toil.leader] Issued job 'CWLJob' docker-run-cmd.cwl kind-CWLJob/instance-st23elck v1 with job batch system ID: 0 and cores: 1, disk: 3.0 Gi, and memory: 2.0 Gi
[2022-05-12T15:27:15+0200] [MainThread] [I] [toil.worker] Redirecting logging to /tmp/acf8eae0b9ef50d092da4abad91a0cbc/8fe7/worker_log.txt
[2022-05-12T15:27:17+0200] [MainThread] [I] [toil.leader] 0 jobs are running, 0 jobs are issued and waiting to run
[2022-05-12T15:27:18+0200] [MainThread] [I] [toil.leader] Finished toil run successfully.
[2022-05-12T15:27:18+0200] [MainThread] [I] [toil.common] Successfully deleted the job store: FileJobStore(/tmp/tmpenaansxl)
</system-err>
		</testcase>
		<testcase name="Test use of size in expressions for an empty file" time="6.366274" class="command_line_tool, inline_javascript" file="clt_file_size_property_with_empty_file" url="cwltest:conformance_tests#176">
			<system-out>{
    &quot;output_file&quot;: {
        &quot;location&quot;: &quot;file:///tmp/tmpg5zd1w5t/output.txt&quot;,
        &quot;basename&quot;: &quot;output.txt&quot;,
        &quot;nameroot&quot;: &quot;output&quot;,
        &quot;nameext&quot;: &quot;.txt&quot;,
        &quot;class&quot;: &quot;File&quot;,
        &quot;checksum&quot;: &quot;sha1$dad5a8472b87f6c5ef87d8fc6ef1458defc57250&quot;,
        &quot;size&quot;: 11
    }
}</system-out>
			<system-err>[2022-05-12T15:27:15+0200] [MainThread] [I] [cwltool] Resolved 'tests/size-expression-tool.cwl' to 'file:///home/michael/cwl-v1.2/tests/size-expression-tool.cwl'
[2022-05-12T15:27:17+0200] [MainThread] [I] [toil.job] Saving graph of 1 jobs, 1 new
[2022-05-12T15:27:17+0200] [MainThread] [I] [toil.job] Processing job 'CWLJob' size-expression-tool.cwl kind-CWLJob/instance-_h78pqfw v0
[2022-05-12T15:27:17+0200] [MainThread] [I] [toil] Running Toil version 5.6.0-c34146a6437e4407a61e946e968bcce67a0ebbca on host mrc-tux.
[2022-05-12T15:27:17+0200] [MainThread] [I] [toil.leader] Issued job 'CWLJob' size-expression-tool.cwl kind-CWLJob/instance-_h78pqfw v1 with job batch system ID: 0 and cores: 1, disk: 3.0 Gi, and memory: 2.0 Gi
[2022-05-12T15:27:18+0200] [MainThread] [I] [toil.worker] Redirecting logging to /tmp/a8f35660924f576da60b1848a001f17f/f3d0/worker_log.txt
[2022-05-12T15:27:18+0200] [MainThread] [I] [toil.leader] 0 jobs are running, 0 jobs are issued and waiting to run
[2022-05-12T15:27:20+0200] [MainThread] [I] [toil.leader] Finished toil run successfully.
[2022-05-12T15:27:20+0200] [MainThread] [I] [toil.common] Successfully deleted the job store: FileJobStore(/tmp/tmpbf9ts5ah)
</system-err>
		</testcase>
		<testcase name="Test use of size in expressions for a few files" time="5.002119" class="command_line_tool, inline_javascript" file="clt_file_size_property_with_multi_file" url="cwltest:conformance_tests#177">
			<system-out>{
    &quot;output_file&quot;: {
        &quot;location&quot;: &quot;file:///tmp/tmpkr4qpei9/output.txt&quot;,
        &quot;basename&quot;: &quot;output.txt&quot;,
        &quot;nameroot&quot;: &quot;output&quot;,
        &quot;nameext&quot;: &quot;.txt&quot;,
        &quot;class&quot;: &quot;File&quot;,
        &quot;checksum&quot;: &quot;sha1$9def39730e8012bd09bf8387648982728501737d&quot;,
        &quot;size&quot;: 31
    }
}</system-out>
			<system-err>[2022-05-12T15:27:19+0200] [MainThread] [I] [cwltool] Resolved 'tests/size-expression-tool.cwl' to 'file:///home/michael/cwl-v1.2/tests/size-expression-tool.cwl'
[2022-05-12T15:27:21+0200] [MainThread] [I] [toil.job] Saving graph of 1 jobs, 1 new
[2022-05-12T15:27:21+0200] [MainThread] [I] [toil.job] Processing job 'CWLJob' size-expression-tool.cwl kind-CWLJob/instance-_7jvtuyo v0
[2022-05-12T15:27:21+0200] [MainThread] [I] [toil] Running Toil version 5.6.0-c34146a6437e4407a61e946e968bcce67a0ebbca on host mrc-tux.
[2022-05-12T15:27:21+0200] [MainThread] [I] [toil.leader] Issued job 'CWLJob' size-expression-tool.cwl kind-CWLJob/instance-_7jvtuyo v1 with job batch system ID: 0 and cores: 1, disk: 3.0 Gi, and memory: 2.0 Gi
[2022-05-12T15:27:21+0200] [MainThread] [I] [toil.worker] Redirecting logging to /tmp/a72a049af7665977862f3ce0bbf15e3c/6f0e/worker_log.txt
[2022-05-12T15:27:22+0200] [MainThread] [I] [toil.leader] 0 jobs are running, 0 jobs are issued and waiting to run
[2022-05-12T15:27:23+0200] [MainThread] [I] [toil.leader] Finished toil run successfully.
[2022-05-12T15:27:23+0200] [MainThread] [I] [toil.common] Successfully deleted the job store: FileJobStore(/tmp/tmp0bx2km_2)
</system-err>
		</testcase>
		<testcase name="Test Any without defaults, unspecified, should fail." time="2.523470" class="command_line_tool, required" file="any_without_defaults_unspecified_fails" url="cwltest:conformance_tests#178">
			<system-err>[2022-05-12T15:27:21+0200] [MainThread] [I] [cwltool] Resolved 'tests/echo-tool.cwl' to 'file:///home/michael/cwl-v1.2/tests/echo-tool.cwl'
Traceback (most recent call last):
  File &quot;/home/michael/common-workflow-language/toil5.6.0/lib/python3.10/site-packages/cwltool/process.py&quot;, line 456, in fill_in_defaults
    raise WorkflowException(
cwltool.errors.WorkflowException: Missing required input parameter 'in'

During handling of the above exception, another exception occurred:

Traceback (most recent call last):
  File &quot;/home/michael/common-workflow-language/toil5.6.0/bin/toil-cwl-runner&quot;, line 8, in &lt;module&gt;
    sys.exit(main())
  File &quot;/home/michael/common-workflow-language/toil5.6.0/lib/python3.10/site-packages/toil/cwl/cwltoil.py&quot;, line 3389, in main
    fill_in_defaults(tool.tool[&quot;inputs&quot;], initialized_job_order, fs_access)
  File &quot;/home/michael/common-workflow-language/toil5.6.0/lib/python3.10/site-packages/cwltool/process.py&quot;, line 447, in fill_in_defaults
    with SourceLine(inputs, e, WorkflowException, debug):
  File &quot;schema_salad/sourceline.py&quot;, line 256, in __exit__
cwltool.errors.WorkflowException: tests/echo-tool.cwl:6:3: Missing required input parameter 'in'
</system-err>
		</testcase>
		<testcase name="Test Any without defaults, specified, should fail." time="2.524456" class="command_line_tool, required" file="any_without_defaults_specified_fails" url="cwltest:conformance_tests#179">
			<system-err>[2022-05-12T15:27:21+0200] [MainThread] [I] [cwltool] Resolved 'tests/echo-tool.cwl' to 'file:///home/michael/cwl-v1.2/tests/echo-tool.cwl'
Traceback (most recent call last):
  File &quot;/home/michael/common-workflow-language/toil5.6.0/lib/python3.10/site-packages/cwltool/process.py&quot;, line 456, in fill_in_defaults
    raise WorkflowException(
cwltool.errors.WorkflowException: Missing required input parameter 'in'

During handling of the above exception, another exception occurred:

Traceback (most recent call last):
  File &quot;/home/michael/common-workflow-language/toil5.6.0/bin/toil-cwl-runner&quot;, line 8, in &lt;module&gt;
    sys.exit(main())
  File &quot;/home/michael/common-workflow-language/toil5.6.0/lib/python3.10/site-packages/toil/cwl/cwltoil.py&quot;, line 3389, in main
    fill_in_defaults(tool.tool[&quot;inputs&quot;], initialized_job_order, fs_access)
  File &quot;/home/michael/common-workflow-language/toil5.6.0/lib/python3.10/site-packages/cwltool/process.py&quot;, line 447, in fill_in_defaults
    with SourceLine(inputs, e, WorkflowException, debug):
  File &quot;schema_salad/sourceline.py&quot;, line 256, in __exit__
cwltool.errors.WorkflowException: tests/echo-tool.cwl:6:3: Missing required input parameter 'in'
</system-err>
		</testcase>
		<testcase name="Test default value on step input parameter, no ExpressionTool" time="8.707302" class="workflow, required" file="step_input_default_value_noexp" url="cwltest:conformance_tests#180">
			<system-out>{
    &quot;wc_output&quot;: {
        &quot;location&quot;: &quot;file:///tmp/tmpm2ue_mtc/output&quot;,
        &quot;basename&quot;: &quot;output&quot;,
        &quot;nameroot&quot;: &quot;output&quot;,
        &quot;nameext&quot;: &quot;&quot;,
        &quot;class&quot;: &quot;File&quot;,
        &quot;checksum&quot;: &quot;sha1$3596ea087bfdaf52380eae441077572ed289d657&quot;,
        &quot;size&quot;: 3
    }
}</system-out>
			<system-err>[2022-05-12T15:27:22+0200] [MainThread] [I] [cwltool] Resolved 'tests/count-lines9-wf-noET.cwl' to 'file:///home/michael/cwl-v1.2/tests/count-lines9-wf-noET.cwl'
[2022-05-12T15:27:25+0200] [MainThread] [I] [toil.job] Saving graph of 2 jobs, 2 new
[2022-05-12T15:27:25+0200] [MainThread] [I] [toil.job] Processing job 'ResolveIndirect' kind-ResolveIndirect/instance-n5yxt0aa v0
[2022-05-12T15:27:25+0200] [MainThread] [I] [toil.job] Processing job 'CWLWorkflow' kind-CWLWorkflow/instance-7yyvjxwe v0
[2022-05-12T15:27:25+0200] [MainThread] [I] [toil] Running Toil version 5.6.0-c34146a6437e4407a61e946e968bcce67a0ebbca on host mrc-tux.
[2022-05-12T15:27:26+0200] [MainThread] [I] [toil.worker] Redirecting logging to /tmp/efd8e2234d315b42b87e8299b20db436/47e3/worker_log.txt
[2022-05-12T15:27:26+0200] [MainThread] [I] [toil.leader] 0 jobs are running, 0 jobs are issued and waiting to run
[2022-05-12T15:27:26+0200] [MainThread] [I] [toil.leader] Issued job 'CWLJob' count-lines9-wf-noET.cwl.step1.wc-tool.cwl kind-CWLJob/instance-r3qm6gzq v1 with job batch system ID: 1 and cores: 1, disk: 3.0 Gi, and memory: 2.0 Gi
[2022-05-12T15:27:27+0200] [MainThread] [I] [toil.worker] Redirecting logging to /tmp/efd8e2234d315b42b87e8299b20db436/e71c/worker_log.txt
[2022-05-12T15:27:27+0200] [MainThread] [I] [toil.worker] Redirecting logging to /tmp/efd8e2234d315b42b87e8299b20db436/9901/worker_log.txt
[2022-05-12T15:27:28+0200] [MainThread] [I] [toil.worker] Redirecting logging to /tmp/efd8e2234d315b42b87e8299b20db436/6249/worker_log.txt
[2022-05-12T15:27:31+0200] [MainThread] [I] [toil.leader] Finished toil run successfully.
[2022-05-12T15:27:31+0200] [MainThread] [I] [toil.common] Successfully deleted the job store: FileJobStore(/tmp/tmpyilto808)
</system-err>
		</testcase>
		<testcase name="Test default value on step input parameter overridden by provided source, no ExpressionTool" time="8.914078" class="workflow, required" file="step_input_default_value_overriden_noexp" url="cwltest:conformance_tests#181">
			<system-out>{
    &quot;wc_output&quot;: {
        &quot;location&quot;: &quot;file:///tmp/tmpapfeu_j7/output&quot;,
        &quot;basename&quot;: &quot;output&quot;,
        &quot;nameroot&quot;: &quot;output&quot;,
        &quot;nameext&quot;: &quot;&quot;,
        &quot;class&quot;: &quot;File&quot;,
        &quot;checksum&quot;: &quot;sha1$e5fa44f2b31c1fb553b6021e7360d07d5d91ff5e&quot;,
        &quot;size&quot;: 2
    }
}</system-out>
			<system-err>[2022-05-12T15:27:23+0200] [MainThread] [I] [cwltool] Resolved 'tests/count-lines11-wf-noET.cwl' to 'file:///home/michael/cwl-v1.2/tests/count-lines11-wf-noET.cwl'
[2022-05-12T15:27:27+0200] [MainThread] [W] [cwltool] Workflow checker warning:
tests/count-lines11-wf-noET.cwl:6:3:  Source 'file1' of type [&quot;null&quot;, &quot;File&quot;] may be incompatible
tests/count-lines11-wf-noET.cwl:17:7:   with sink 'file1' of type &quot;File&quot;
[2022-05-12T15:27:27+0200] [MainThread] [I] [toil.job] Saving graph of 2 jobs, 2 new
[2022-05-12T15:27:27+0200] [MainThread] [I] [toil.job] Processing job 'ResolveIndirect' kind-ResolveIndirect/instance-oxwpxs70 v0
[2022-05-12T15:27:27+0200] [MainThread] [I] [toil.job] Processing job 'CWLWorkflow' kind-CWLWorkflow/instance-vu9uvpv9 v0
[2022-05-12T15:27:27+0200] [MainThread] [I] [toil] Running Toil version 5.6.0-c34146a6437e4407a61e946e968bcce67a0ebbca on host mrc-tux.
[2022-05-12T15:27:27+0200] [MainThread] [I] [toil.worker] Redirecting logging to /tmp/052d796737fa52aeaaf959f5c46c1bbf/0aa4/worker_log.txt
[2022-05-12T15:27:27+0200] [MainThread] [I] [toil.leader] 0 jobs are running, 0 jobs are issued and waiting to run
[2022-05-12T15:27:27+0200] [MainThread] [I] [toil.leader] Issued job 'CWLJob' count-lines11-wf-noET.cwl.step1.wc-tool.cwl kind-CWLJob/instance-9ictuemv v1 with job batch system ID: 1 and cores: 1, disk: 3.0 Gi, and memory: 2.0 Gi
[2022-05-12T15:27:28+0200] [MainThread] [I] [toil.worker] Redirecting logging to /tmp/052d796737fa52aeaaf959f5c46c1bbf/1f98/worker_log.txt
[2022-05-12T15:27:29+0200] [MainThread] [I] [toil.worker] Redirecting logging to /tmp/052d796737fa52aeaaf959f5c46c1bbf/77b6/worker_log.txt
[2022-05-12T15:27:29+0200] [MainThread] [I] [toil.worker] Redirecting logging to /tmp/052d796737fa52aeaaf959f5c46c1bbf/d724/worker_log.txt
[2022-05-12T15:27:32+0200] [MainThread] [I] [toil.leader] Finished toil run successfully.
[2022-05-12T15:27:32+0200] [MainThread] [I] [toil.common] Successfully deleted the job store: FileJobStore(/tmp/tmpw36h315m)
</system-err>
		</testcase>
		<testcase name="Test nested workflow, without ExpressionTool" time="11.026834" class="workflow, subworkflow" file="nested_workflow_noexp" url="cwltest:conformance_tests#182">
			<system-out>{
    &quot;wc_output&quot;: {
        &quot;location&quot;: &quot;file:///tmp/tmpjzrvzyh6/output&quot;,
        &quot;basename&quot;: &quot;output&quot;,
        &quot;nameroot&quot;: &quot;output&quot;,
        &quot;nameext&quot;: &quot;&quot;,
        &quot;class&quot;: &quot;File&quot;,
        &quot;checksum&quot;: &quot;sha1$3596ea087bfdaf52380eae441077572ed289d657&quot;,
        &quot;size&quot;: 3
    }
}</system-out>
			<system-err>[2022-05-12T15:27:24+0200] [MainThread] [I] [cwltool] Resolved 'tests/count-lines8-wf-noET.cwl' to 'file:///home/michael/cwl-v1.2/tests/count-lines8-wf-noET.cwl'
[2022-05-12T15:27:28+0200] [MainThread] [I] [toil.job] Saving graph of 2 jobs, 2 new
[2022-05-12T15:27:28+0200] [MainThread] [I] [toil.job] Processing job 'ResolveIndirect' kind-ResolveIndirect/instance-pzjmdxig v0
[2022-05-12T15:27:28+0200] [MainThread] [I] [toil.job] Processing job 'CWLWorkflow' kind-CWLWorkflow/instance-ymxu7ptj v0
[2022-05-12T15:27:28+0200] [MainThread] [I] [toil] Running Toil version 5.6.0-c34146a6437e4407a61e946e968bcce67a0ebbca on host mrc-tux.
[2022-05-12T15:27:28+0200] [MainThread] [I] [toil.worker] Redirecting logging to /tmp/e1e6c0dabf455069a29659f767793263/c987/worker_log.txt
[2022-05-12T15:27:29+0200] [MainThread] [I] [toil.leader] 0 jobs are running, 0 jobs are issued and waiting to run
[2022-05-12T15:27:29+0200] [MainThread] [I] [toil.worker] Redirecting logging to /tmp/e1e6c0dabf455069a29659f767793263/c92b/worker_log.txt
[2022-05-12T15:27:29+0200] [MainThread] [I] [toil.leader] Issued job 'CWLJob' count-lines1-wf-noET.cwl.step1.wc-tool.cwl kind-CWLJob/instance-iqn0slpf v1 with job batch system ID: 2 and cores: 1, disk: 3.0 Gi, and memory: 2.0 Gi
[2022-05-12T15:27:30+0200] [MainThread] [I] [toil.worker] Redirecting logging to /tmp/e1e6c0dabf455069a29659f767793263/e8c1/worker_log.txt
[2022-05-12T15:27:31+0200] [MainThread] [I] [toil.worker] Redirecting logging to /tmp/e1e6c0dabf455069a29659f767793263/f3b8/worker_log.txt
[2022-05-12T15:27:31+0200] [MainThread] [I] [toil.worker] Redirecting logging to /tmp/e1e6c0dabf455069a29659f767793263/25b9/worker_log.txt
[2022-05-12T15:27:32+0200] [MainThread] [I] [toil.worker] Redirecting logging to /tmp/e1e6c0dabf455069a29659f767793263/3521/worker_log.txt
[2022-05-12T15:27:32+0200] [MainThread] [I] [toil.worker] Redirecting logging to /tmp/e1e6c0dabf455069a29659f767793263/8f39/worker_log.txt
[2022-05-12T15:27:34+0200] [MainThread] [I] [toil.leader] Finished toil run successfully.
[2022-05-12T15:27:34+0200] [MainThread] [I] [toil.common] Successfully deleted the job store: FileJobStore(/tmp/tmp9slpxq6u)
</system-err>
		</testcase>
		<testcase name="Test step input with multiple sources with multiple types, without ExpressionTool" time="8.882650" class="workflow, step_input, inline_javascript, multiple_input" file="wf_multiplesources_multipletypes_noexp" url="cwltest:conformance_tests#183">
			<system-out>{
    &quot;result&quot;: {
        &quot;location&quot;: &quot;file:///tmp/tmpfx9vzazr/result.txt&quot;,
        &quot;basename&quot;: &quot;result.txt&quot;,
        &quot;nameroot&quot;: &quot;result&quot;,
        &quot;nameext&quot;: &quot;.txt&quot;,
        &quot;class&quot;: &quot;File&quot;,
        &quot;checksum&quot;: &quot;sha1$ad552e6dc057d1d825bf49df79d6b98eba846ebe&quot;,
        &quot;size&quot;: 3
    }
}</system-out>
			<system-err>[2022-05-12T15:27:24+0200] [MainThread] [I] [cwltool] Resolved 'tests/sum-wf-noET.cwl' to 'file:///home/michael/cwl-v1.2/tests/sum-wf-noET.cwl'
[2022-05-12T15:27:27+0200] [MainThread] [I] [toil.job] Saving graph of 2 jobs, 2 new
[2022-05-12T15:27:27+0200] [MainThread] [I] [toil.job] Processing job 'ResolveIndirect' kind-ResolveIndirect/instance-e06zgw8b v0
[2022-05-12T15:27:27+0200] [MainThread] [I] [toil.job] Processing job 'CWLWorkflow' kind-CWLWorkflow/instance-whug8td0 v0
[2022-05-12T15:27:27+0200] [MainThread] [I] [toil] Running Toil version 5.6.0-c34146a6437e4407a61e946e968bcce67a0ebbca on host mrc-tux.
[2022-05-12T15:27:28+0200] [MainThread] [I] [toil.worker] Redirecting logging to /tmp/534b446c1d0d58b38c757b364b7b4e94/2436/worker_log.txt
[2022-05-12T15:27:28+0200] [MainThread] [I] [toil.leader] 0 jobs are running, 0 jobs are issued and waiting to run
[2022-05-12T15:27:28+0200] [MainThread] [I] [toil.leader] Issued job 'CWLJob' sum-wf-noET.cwl.sum._:8eafad2b-ce59-46f9-bb78-b067500b66ef kind-CWLJob/instance-rn_x2dew v1 with job batch system ID: 1 and cores: 1, disk: 3.0 Gi, and memory: 2.0 Gi
[2022-05-12T15:27:28+0200] [MainThread] [I] [toil.worker] Redirecting logging to /tmp/534b446c1d0d58b38c757b364b7b4e94/e9bd/worker_log.txt
[2022-05-12T15:27:29+0200] [MainThread] [I] [toil.worker] Redirecting logging to /tmp/534b446c1d0d58b38c757b364b7b4e94/02a5/worker_log.txt
[2022-05-12T15:27:30+0200] [MainThread] [I] [toil.worker] Redirecting logging to /tmp/534b446c1d0d58b38c757b364b7b4e94/14de/worker_log.txt
[2022-05-12T15:27:32+0200] [MainThread] [I] [toil.leader] Finished toil run successfully.
[2022-05-12T15:27:32+0200] [MainThread] [I] [toil.common] Successfully deleted the job store: FileJobStore(/tmp/tmpljtblpn7)
</system-err>
		</testcase>
		<testcase name="Within a workflow, test accessing the size attribute of an optional input File as part of a CommandLineTool's ResourceRequirement calculation. The CommandLineTool input has a default value (a local file) and the workflow nor the workflow step does not provide any value for this input." time="11.295283" class="workflow, resource" file="dynamic_resreq_wf_optional_file_default" url="cwltest:conformance_tests#184">
			<system-out>{
    &quot;cores&quot;: {
        &quot;location&quot;: &quot;file:///tmp/tmp35xuxd4o/output&quot;,
        &quot;basename&quot;: &quot;output&quot;,
        &quot;nameroot&quot;: &quot;output&quot;,
        &quot;nameext&quot;: &quot;&quot;,
        &quot;class&quot;: &quot;File&quot;,
        &quot;checksum&quot;: &quot;sha1$7448d8798a4380162d4b56f9b452e2f6f9e24e7a&quot;,
        &quot;size&quot;: 2
    }
}</system-out>
			<system-err>[2022-05-12T15:27:31+0200] [MainThread] [I] [cwltool] Resolved 'tests/dynresreq-workflow-tooldefault.cwl' to 'file:///home/michael/cwl-v1.2/tests/dynresreq-workflow-tooldefault.cwl'
[2022-05-12T15:27:35+0200] [MainThread] [W] [cwltool] Workflow checker warning:
tests/dynresreq-workflow-tooldefault.cwl:6:3:  Source 'special_file' of type [&quot;null&quot;, &quot;File&quot;] may
                                               be incompatible
tests/dynresreq-workflow-tooldefault.cwl:15:7:   with sink 'special_file' of type &quot;File&quot;
[2022-05-12T15:27:35+0200] [MainThread] [I] [toil.job] Saving graph of 2 jobs, 2 new
[2022-05-12T15:27:35+0200] [MainThread] [I] [toil.job] Processing job 'ResolveIndirect' kind-ResolveIndirect/instance-5a5ocu1p v0
[2022-05-12T15:27:35+0200] [MainThread] [I] [toil.job] Processing job 'CWLWorkflow' kind-CWLWorkflow/instance-lu_7yv3q v0
[2022-05-12T15:27:35+0200] [MainThread] [I] [toil] Running Toil version 5.6.0-c34146a6437e4407a61e946e968bcce67a0ebbca on host mrc-tux.
[2022-05-12T15:27:35+0200] [MainThread] [I] [toil.worker] Redirecting logging to /tmp/5b358ef6f2125050bd821ffd43d67f1f/1ebf/worker_log.txt
[2022-05-12T15:27:36+0200] [MainThread] [I] [toil.leader] 0 jobs are running, 0 jobs are issued and waiting to run
[2022-05-12T15:27:36+0200] [MainThread] [I] [toil.worker] Redirecting logging to /tmp/5b358ef6f2125050bd821ffd43d67f1f/41ea/worker_log.txt
[2022-05-12T15:27:36+0200] [MainThread] [I] [toil.leader] Issued job 'CWLJob' dynresreq-workflow-tooldefault.cwl.count.dynresreq-default.cwl kind-CWLJob/instance-7s2z8mx0 v1 with job batch system ID: 2 and cores: 2, disk: 2.0 Gi, and memory: 256.0 Mi
[2022-05-12T15:27:37+0200] [MainThread] [I] [toil.worker] Redirecting logging to /tmp/5b358ef6f2125050bd821ffd43d67f1f/a037/worker_log.txt
[2022-05-12T15:27:37+0200] [MainThread] [I] [toil.leader] Issued job 'CWLJob' dynresreq-workflow-tooldefault.cwl.report.cat-tool.cwl kind-CWLJob/instance-wsamwfcf v1 with job batch system ID: 3 and cores: 1, disk: 3.0 Gi, and memory: 2.0 Gi
[2022-05-12T15:27:38+0200] [MainThread] [I] [toil.worker] Redirecting logging to /tmp/5b358ef6f2125050bd821ffd43d67f1f/aa5b/worker_log.txt
[2022-05-12T15:27:38+0200] [MainThread] [I] [toil.worker] Redirecting logging to /tmp/5b358ef6f2125050bd821ffd43d67f1f/140a/worker_log.txt
[2022-05-12T15:27:39+0200] [MainThread] [I] [toil.worker] Redirecting logging to /tmp/5b358ef6f2125050bd821ffd43d67f1f/a062/worker_log.txt
[2022-05-12T15:27:40+0200] [MainThread] [I] [toil.worker] Redirecting logging to /tmp/5b358ef6f2125050bd821ffd43d67f1f/2f3c/worker_log.txt
[2022-05-12T15:27:42+0200] [MainThread] [I] [toil.leader] Finished toil run successfully.
[2022-05-12T15:27:42+0200] [MainThread] [I] [toil.common] Successfully deleted the job store: FileJobStore(/tmp/tmp97jphf21)
</system-err>
		</testcase>
		<testcase name="Within a workflow, test accessing the size attribute of an optional input File as part of a CommandLineTool's ResourceRequirement calculation. The workflow step provides a default value (a local file) for this input and the workflow itself does not provide any value for this input." time="11.414375" class="workflow, resource" file="dynamic_resreq_wf_optional_file_step_default" url="cwltest:conformance_tests#185">
			<system-out>{
    &quot;cores&quot;: {
        &quot;location&quot;: &quot;file:///tmp/tmpn4_52icn/output&quot;,
        &quot;basename&quot;: &quot;output&quot;,
        &quot;nameroot&quot;: &quot;output&quot;,
        &quot;nameext&quot;: &quot;&quot;,
        &quot;class&quot;: &quot;File&quot;,
        &quot;checksum&quot;: &quot;sha1$7448d8798a4380162d4b56f9b452e2f6f9e24e7a&quot;,
        &quot;size&quot;: 2
    }
}</system-out>
			<system-err>[2022-05-12T15:27:32+0200] [MainThread] [I] [cwltool] Resolved 'tests/dynresreq-workflow-stepdefault.cwl' to 'file:///home/michael/cwl-v1.2/tests/dynresreq-workflow-stepdefault.cwl'
[2022-05-12T15:27:36+0200] [MainThread] [W] [cwltool] Workflow checker warning:
tests/dynresreq-workflow-stepdefault.cwl:6:3:  Source 'special_file' of type [&quot;null&quot;, &quot;File&quot;] may
                                               be incompatible
tests/dynresreq-workflow-stepdefault.cwl:15:7:   with sink 'special_file' of type &quot;File&quot;
[2022-05-12T15:27:36+0200] [MainThread] [I] [toil.job] Saving graph of 2 jobs, 2 new
[2022-05-12T15:27:36+0200] [MainThread] [I] [toil.job] Processing job 'ResolveIndirect' kind-ResolveIndirect/instance-rpx3wg5w v0
[2022-05-12T15:27:36+0200] [MainThread] [I] [toil.job] Processing job 'CWLWorkflow' kind-CWLWorkflow/instance-e1nfsbyo v0
[2022-05-12T15:27:36+0200] [MainThread] [I] [toil] Running Toil version 5.6.0-c34146a6437e4407a61e946e968bcce67a0ebbca on host mrc-tux.
[2022-05-12T15:27:36+0200] [MainThread] [I] [toil.worker] Redirecting logging to /tmp/14fdcc6000f45b0c8e0d2aa12589aa13/9864/worker_log.txt
[2022-05-12T15:27:37+0200] [MainThread] [I] [toil.leader] 0 jobs are running, 0 jobs are issued and waiting to run
[2022-05-12T15:27:37+0200] [MainThread] [I] [toil.worker] Redirecting logging to /tmp/14fdcc6000f45b0c8e0d2aa12589aa13/ec76/worker_log.txt
[2022-05-12T15:27:38+0200] [MainThread] [I] [toil.leader] Issued job 'CWLJob' dynresreq-workflow-stepdefault.cwl.count.dynresreq.cwl kind-CWLJob/instance-ndp6ivic v1 with job batch system ID: 2 and cores: 2, disk: 2.0 Gi, and memory: 256.0 Mi
[2022-05-12T15:27:38+0200] [MainThread] [I] [toil.worker] Redirecting logging to /tmp/14fdcc6000f45b0c8e0d2aa12589aa13/6d50/worker_log.txt
[2022-05-12T15:27:38+0200] [MainThread] [I] [toil.leader] Issued job 'CWLJob' dynresreq-workflow-stepdefault.cwl.report.cat-tool.cwl kind-CWLJob/instance-_gb8r963 v1 with job batch system ID: 3 and cores: 1, disk: 3.0 Gi, and memory: 2.0 Gi
[2022-05-12T15:27:39+0200] [MainThread] [I] [toil.worker] Redirecting logging to /tmp/14fdcc6000f45b0c8e0d2aa12589aa13/ccd1/worker_log.txt
[2022-05-12T15:27:39+0200] [MainThread] [I] [toil.worker] Redirecting logging to /tmp/14fdcc6000f45b0c8e0d2aa12589aa13/db09/worker_log.txt
[2022-05-12T15:27:40+0200] [MainThread] [I] [toil.worker] Redirecting logging to /tmp/14fdcc6000f45b0c8e0d2aa12589aa13/0806/worker_log.txt
[2022-05-12T15:27:41+0200] [MainThread] [I] [toil.worker] Redirecting logging to /tmp/14fdcc6000f45b0c8e0d2aa12589aa13/3ac5/worker_log.txt
[2022-05-12T15:27:43+0200] [MainThread] [I] [toil.leader] Finished toil run successfully.
[2022-05-12T15:27:43+0200] [MainThread] [I] [toil.common] Successfully deleted the job store: FileJobStore(/tmp/tmpnw05o1ev)
</system-err>
		</testcase>
		<testcase name="Within a workflow, test accessing the size attribute of an optional input File as part of a CommandLineTool's ResourceRequirement calculation. The workflow itelf provides a default value (a local file) for this input." time="11.554191" class="workflow, resource" file="dynamic_resreq_wf_optional_file_wf_default" url="cwltest:conformance_tests#186">
			<system-out>{
    &quot;cores&quot;: {
        &quot;location&quot;: &quot;file:///tmp/tmph4thfj38/output&quot;,
        &quot;basename&quot;: &quot;output&quot;,
        &quot;nameroot&quot;: &quot;output&quot;,
        &quot;nameext&quot;: &quot;&quot;,
        &quot;class&quot;: &quot;File&quot;,
        &quot;checksum&quot;: &quot;sha1$7448d8798a4380162d4b56f9b452e2f6f9e24e7a&quot;,
        &quot;size&quot;: 2
    }
}</system-out>
			<system-err>[2022-05-12T15:27:33+0200] [MainThread] [I] [cwltool] Resolved 'tests/dynresreq-workflow-inputdefault.cwl' to 'file:///home/michael/cwl-v1.2/tests/dynresreq-workflow-inputdefault.cwl'
[2022-05-12T15:27:37+0200] [MainThread] [I] [toil.job] Saving graph of 2 jobs, 2 new
[2022-05-12T15:27:37+0200] [MainThread] [I] [toil.job] Processing job 'ResolveIndirect' kind-ResolveIndirect/instance-31c4u9nk v0
[2022-05-12T15:27:37+0200] [MainThread] [I] [toil.job] Processing job 'CWLWorkflow' kind-CWLWorkflow/instance-wwpz00yl v0
[2022-05-12T15:27:37+0200] [MainThread] [I] [toil] Running Toil version 5.6.0-c34146a6437e4407a61e946e968bcce67a0ebbca on host mrc-tux.
[2022-05-12T15:27:37+0200] [MainThread] [I] [toil.worker] Redirecting logging to /tmp/d1acce83d8c855169e6e194f37db42cb/d285/worker_log.txt
[2022-05-12T15:27:37+0200] [MainThread] [I] [toil.leader] 0 jobs are running, 0 jobs are issued and waiting to run
[2022-05-12T15:27:38+0200] [MainThread] [I] [toil.worker] Redirecting logging to /tmp/d1acce83d8c855169e6e194f37db42cb/c6c8/worker_log.txt
[2022-05-12T15:27:38+0200] [MainThread] [I] [toil.leader] Issued job 'CWLJob' dynresreq-workflow-inputdefault.cwl.count.dynresreq.cwl kind-CWLJob/instance-oe0gjw1r v1 with job batch system ID: 2 and cores: 2, disk: 2.0 Gi, and memory: 256.0 Mi
[2022-05-12T15:27:39+0200] [MainThread] [I] [toil.worker] Redirecting logging to /tmp/d1acce83d8c855169e6e194f37db42cb/cb32/worker_log.txt
[2022-05-12T15:27:39+0200] [MainThread] [I] [toil.leader] Issued job 'CWLJob' dynresreq-workflow-inputdefault.cwl.report.cat-tool.cwl kind-CWLJob/instance-e4_9oy3d v1 with job batch system ID: 3 and cores: 1, disk: 3.0 Gi, and memory: 2.0 Gi
[2022-05-12T15:27:39+0200] [MainThread] [I] [toil.worker] Redirecting logging to /tmp/d1acce83d8c855169e6e194f37db42cb/ade2/worker_log.txt
[2022-05-12T15:27:40+0200] [MainThread] [I] [toil.worker] Redirecting logging to /tmp/d1acce83d8c855169e6e194f37db42cb/c531/worker_log.txt
[2022-05-12T15:27:41+0200] [MainThread] [I] [toil.worker] Redirecting logging to /tmp/d1acce83d8c855169e6e194f37db42cb/db98/worker_log.txt
[2022-05-12T15:27:42+0200] [MainThread] [I] [toil.worker] Redirecting logging to /tmp/d1acce83d8c855169e6e194f37db42cb/119e/worker_log.txt
[2022-05-12T15:27:44+0200] [MainThread] [I] [toil.leader] Finished toil run successfully.
[2022-05-12T15:27:44+0200] [MainThread] [I] [toil.common] Successfully deleted the job store: FileJobStore(/tmp/tmph1xhi8wm)
</system-err>
		</testcase>
		<testcase name="Test default value on step input parameter overridden by provided source. With passthrough first step" time="10.271419" class="workflow, inline_javascript" file="step_input_default_value_overriden_2nd_step" url="cwltest:conformance_tests#187">
			<system-out>{
    &quot;count_output&quot;: 1
}</system-out>
			<system-err>[2022-05-12T15:27:35+0200] [MainThread] [I] [cwltool] Resolved 'tests/count-lines11-extra-step-wf.cwl' to 'file:///home/michael/cwl-v1.2/tests/count-lines11-extra-step-wf.cwl'
[2022-05-12T15:27:40+0200] [MainThread] [W] [cwltool] Workflow checker warning:
tests/count-lines11-extra-step-wf.cwl:6:3:  Source 'file1' of type [&quot;null&quot;, &quot;File&quot;] may be
                                            incompatible
tests/count-lines11-extra-step-wf.cwl:17:7:   with sink 'file1' of type &quot;File&quot;
[2022-05-12T15:27:40+0200] [MainThread] [I] [toil.job] Saving graph of 2 jobs, 2 new
[2022-05-12T15:27:40+0200] [MainThread] [I] [toil.job] Processing job 'ResolveIndirect' kind-ResolveIndirect/instance-0gqp4rq7 v0
[2022-05-12T15:27:40+0200] [MainThread] [I] [toil.job] Processing job 'CWLWorkflow' kind-CWLWorkflow/instance-fe00_oei v0
[2022-05-12T15:27:40+0200] [MainThread] [I] [toil] Running Toil version 5.6.0-c34146a6437e4407a61e946e968bcce67a0ebbca on host mrc-tux.
[2022-05-12T15:27:41+0200] [MainThread] [I] [toil.worker] Redirecting logging to /tmp/dcaa9d511aa2542e9720431930920bb1/74bb/worker_log.txt
[2022-05-12T15:27:41+0200] [MainThread] [I] [toil.leader] 0 jobs are running, 0 jobs are issued and waiting to run
[2022-05-12T15:27:41+0200] [MainThread] [I] [toil.leader] Issued job 'CWLJob' count-lines11-extra-step-wf.cwl.step0.cat-tool.cwl kind-CWLJob/instance-5nu5f2hl v1 with job batch system ID: 1 and cores: 1, disk: 3.0 Gi, and memory: 2.0 Gi
[2022-05-12T15:27:41+0200] [MainThread] [I] [toil.worker] Redirecting logging to /tmp/dcaa9d511aa2542e9720431930920bb1/42e3/worker_log.txt
[2022-05-12T15:27:42+0200] [MainThread] [I] [toil.worker] Redirecting logging to /tmp/dcaa9d511aa2542e9720431930920bb1/b6ad/worker_log.txt
[2022-05-12T15:27:43+0200] [MainThread] [I] [toil.worker] Redirecting logging to /tmp/dcaa9d511aa2542e9720431930920bb1/9705/worker_log.txt
[2022-05-12T15:27:44+0200] [MainThread] [I] [toil.leader] Finished toil run successfully.
[2022-05-12T15:27:44+0200] [MainThread] [I] [toil.common] Successfully deleted the job store: FileJobStore(/tmp/tmp6e5lxtq7)
</system-err>
		</testcase>
		<testcase name="Test default value on step input parameter overridden by provided source. With passthrough first step and no ExpressionTool" time="9.311420" class="workflow, required" file="step_input_default_value_overriden_2nd_step_noexp" url="cwltest:conformance_tests#188">
			<system-out>{
    &quot;wc_output&quot;: {
        &quot;location&quot;: &quot;file:///tmp/tmpl8k0g8tc/output&quot;,
        &quot;basename&quot;: &quot;output&quot;,
        &quot;nameroot&quot;: &quot;output&quot;,
        &quot;nameext&quot;: &quot;&quot;,
        &quot;class&quot;: &quot;File&quot;,
        &quot;checksum&quot;: &quot;sha1$e5fa44f2b31c1fb553b6021e7360d07d5d91ff5e&quot;,
        &quot;size&quot;: 2
    }
}</system-out>
			<system-err>[2022-05-12T15:27:42+0200] [MainThread] [I] [cwltool] Resolved 'tests/count-lines11-extra-step-wf-noET.cwl' to 'file:///home/michael/cwl-v1.2/tests/count-lines11-extra-step-wf-noET.cwl'
[2022-05-12T15:27:46+0200] [MainThread] [W] [cwltool] Workflow checker warning:
tests/count-lines11-extra-step-wf-noET.cwl:6:3:  Source 'file1' of type [&quot;null&quot;, &quot;File&quot;] may be
                                                 incompatible
tests/count-lines11-extra-step-wf-noET.cwl:17:7:   with sink 'file1' of type &quot;File&quot;
[2022-05-12T15:27:46+0200] [MainThread] [I] [toil.job] Saving graph of 2 jobs, 2 new
[2022-05-12T15:27:46+0200] [MainThread] [I] [toil.job] Processing job 'ResolveIndirect' kind-ResolveIndirect/instance-w_sbv75z v0
[2022-05-12T15:27:46+0200] [MainThread] [I] [toil.job] Processing job 'CWLWorkflow' kind-CWLWorkflow/instance-9ojnq8od v0
[2022-05-12T15:27:46+0200] [MainThread] [I] [toil] Running Toil version 5.6.0-c34146a6437e4407a61e946e968bcce67a0ebbca on host mrc-tux.
[2022-05-12T15:27:47+0200] [MainThread] [I] [toil.worker] Redirecting logging to /tmp/b3aae9e0b6c357e18d78d9a27218c7a2/5cc2/worker_log.txt
[2022-05-12T15:27:47+0200] [MainThread] [I] [toil.leader] 0 jobs are running, 0 jobs are issued and waiting to run
[2022-05-12T15:27:47+0200] [MainThread] [I] [toil.leader] Issued job 'CWLJob' count-lines11-extra-step-wf-noET.cwl.step0.cat-tool.cwl kind-CWLJob/instance-gzg8a_kz v1 with job batch system ID: 1 and cores: 1, disk: 3.0 Gi, and memory: 2.0 Gi
[2022-05-12T15:27:47+0200] [MainThread] [I] [toil.worker] Redirecting logging to /tmp/b3aae9e0b6c357e18d78d9a27218c7a2/3d27/worker_log.txt
[2022-05-12T15:27:48+0200] [MainThread] [I] [toil.worker] Redirecting logging to /tmp/b3aae9e0b6c357e18d78d9a27218c7a2/f0ec/worker_log.txt
[2022-05-12T15:27:49+0200] [MainThread] [I] [toil.worker] Redirecting logging to /tmp/b3aae9e0b6c357e18d78d9a27218c7a2/2470/worker_log.txt
[2022-05-12T15:27:51+0200] [MainThread] [I] [toil.leader] Finished toil run successfully.
[2022-05-12T15:27:51+0200] [MainThread] [I] [toil.common] Successfully deleted the job store: FileJobStore(/tmp/tmpck5hh58i)
</system-err>
		</testcase>
		<testcase name="Test default value on step input parameter overridden by provided source. With null producing first step" time="11.100815" class="workflow, inline_javascript" file="step_input_default_value_overriden_2nd_step_null" url="cwltest:conformance_tests#189">
			<system-out>{
    &quot;count_output&quot;: 16
}</system-out>
			<system-err>[2022-05-12T15:27:44+0200] [MainThread] [I] [cwltool] Resolved 'tests/count-lines11-null-step-wf.cwl' to 'file:///home/michael/cwl-v1.2/tests/count-lines11-null-step-wf.cwl'
[2022-05-12T15:27:49+0200] [MainThread] [I] [toil.job] Saving graph of 2 jobs, 2 new
[2022-05-12T15:27:49+0200] [MainThread] [I] [toil.job] Processing job 'ResolveIndirect' kind-ResolveIndirect/instance-0venp7u6 v0
[2022-05-12T15:27:49+0200] [MainThread] [I] [toil.job] Processing job 'CWLWorkflow' kind-CWLWorkflow/instance-kx2_5d_s v0
[2022-05-12T15:27:49+0200] [MainThread] [I] [toil] Running Toil version 5.6.0-c34146a6437e4407a61e946e968bcce67a0ebbca on host mrc-tux.
[2022-05-12T15:27:49+0200] [MainThread] [I] [toil.worker] Redirecting logging to /tmp/70a3418e990058749c86cdb676e34fa5/a859/worker_log.txt
[2022-05-12T15:27:50+0200] [MainThread] [I] [toil.leader] 0 jobs are running, 0 jobs are issued and waiting to run
[2022-05-12T15:27:50+0200] [MainThread] [I] [toil.leader] Issued job 'CWLJob' count-lines11-null-step-wf.cwl.step0.null-expression3-tool.cwl kind-CWLJob/instance-v5yrbac0 v1 with job batch system ID: 1 and cores: 1, disk: 3.0 Gi, and memory: 2.0 Gi
[2022-05-12T15:27:50+0200] [MainThread] [I] [toil.worker] Redirecting logging to /tmp/70a3418e990058749c86cdb676e34fa5/a80f/worker_log.txt
[2022-05-12T15:27:51+0200] [MainThread] [I] [toil.worker] Redirecting logging to /tmp/70a3418e990058749c86cdb676e34fa5/6b7e/worker_log.txt
[2022-05-12T15:27:52+0200] [MainThread] [I] [toil.worker] Redirecting logging to /tmp/70a3418e990058749c86cdb676e34fa5/e10c/worker_log.txt
[2022-05-12T15:27:54+0200] [MainThread] [I] [toil.leader] Finished toil run successfully.
[2022-05-12T15:27:54+0200] [MainThread] [I] [toil.common] Successfully deleted the job store: FileJobStore(/tmp/tmpyvest0_a)
</system-err>
		</testcase>
		<testcase name="Test default value on step input parameter overridden by provided source. With null producing first step and no ExpressionTool" time="10.460833" class="workflow, required" file="step_input_default_value_overriden_2nd_step_null_noexp" url="cwltest:conformance_tests#190">
			<system-out>{
    &quot;wc_output&quot;: {
        &quot;location&quot;: &quot;file:///tmp/tmprrvq42mq/output&quot;,
        &quot;basename&quot;: &quot;output&quot;,
        &quot;nameroot&quot;: &quot;output&quot;,
        &quot;nameext&quot;: &quot;&quot;,
        &quot;class&quot;: &quot;File&quot;,
        &quot;checksum&quot;: &quot;sha1$3596ea087bfdaf52380eae441077572ed289d657&quot;,
        &quot;size&quot;: 3
    }
}</system-out>
			<system-err>[2022-05-12T15:27:44+0200] [MainThread] [I] [cwltool] Resolved 'tests/count-lines11-null-step-wf-noET.cwl' to 'file:///home/michael/cwl-v1.2/tests/count-lines11-null-step-wf-noET.cwl'
[2022-05-12T15:27:49+0200] [MainThread] [I] [toil.job] Saving graph of 2 jobs, 2 new
[2022-05-12T15:27:49+0200] [MainThread] [I] [toil.job] Processing job 'ResolveIndirect' kind-ResolveIndirect/instance-__yipk2_ v0
[2022-05-12T15:27:49+0200] [MainThread] [I] [toil.job] Processing job 'CWLWorkflow' kind-CWLWorkflow/instance-a4v5vdua v0
[2022-05-12T15:27:49+0200] [MainThread] [I] [toil] Running Toil version 5.6.0-c34146a6437e4407a61e946e968bcce67a0ebbca on host mrc-tux.
[2022-05-12T15:27:49+0200] [MainThread] [I] [toil.worker] Redirecting logging to /tmp/118ef78a994d5460adece456fe159509/fd14/worker_log.txt
[2022-05-12T15:27:50+0200] [MainThread] [I] [toil.leader] 0 jobs are running, 0 jobs are issued and waiting to run
[2022-05-12T15:27:50+0200] [MainThread] [I] [toil.leader] Issued job 'CWLJob' count-lines11-null-step-wf-noET.cwl.step0.null-expression3-tool.cwl kind-CWLJob/instance-zj4xd6_d v1 with job batch system ID: 1 and cores: 1, disk: 3.0 Gi, and memory: 2.0 Gi
[2022-05-12T15:27:50+0200] [MainThread] [I] [toil.worker] Redirecting logging to /tmp/118ef78a994d5460adece456fe159509/f0dc/worker_log.txt
[2022-05-12T15:27:51+0200] [MainThread] [I] [toil.worker] Redirecting logging to /tmp/118ef78a994d5460adece456fe159509/398d/worker_log.txt
[2022-05-12T15:27:52+0200] [MainThread] [I] [toil.worker] Redirecting logging to /tmp/118ef78a994d5460adece456fe159509/1328/worker_log.txt
[2022-05-12T15:27:54+0200] [MainThread] [I] [toil.leader] Finished toil run successfully.
[2022-05-12T15:27:54+0200] [MainThread] [I] [toil.common] Successfully deleted the job store: FileJobStore(/tmp/tmpuoxh4d2n)
</system-err>
		</testcase>
		<testcase name="Pipe to stdin from user provided local File via a Directory literal" time="4.890518" class="command_line_tool, required" file="stdin_from_directory_literal_with_local_file" url="cwltest:conformance_tests#191">
			<system-out>{
    &quot;output&quot;: {
        &quot;location&quot;: &quot;file:///tmp/tmpiht0zq97/bb1043529a5387d952d045194109525a4b7c8212&quot;,
        &quot;basename&quot;: &quot;bb1043529a5387d952d045194109525a4b7c8212&quot;,
        &quot;nameroot&quot;: &quot;bb1043529a5387d952d045194109525a4b7c8212&quot;,
        &quot;nameext&quot;: &quot;&quot;,
        &quot;class&quot;: &quot;File&quot;,
        &quot;checksum&quot;: &quot;sha1$47a013e660d408619d894b20806b1d5086aab03b&quot;,
        &quot;size&quot;: 13
    }
}</system-out>
			<system-err>[2022-05-12T15:27:45+0200] [MainThread] [I] [cwltool] Resolved 'tests/cat-from-dir.cwl' to 'file:///home/michael/cwl-v1.2/tests/cat-from-dir.cwl'
[2022-05-12T15:27:47+0200] [MainThread] [I] [toil.job] Saving graph of 1 jobs, 1 new
[2022-05-12T15:27:47+0200] [MainThread] [I] [toil.job] Processing job 'CWLJob' cat-from-dir.cwl kind-CWLJob/instance-ce5zrk3h v0
[2022-05-12T15:27:47+0200] [MainThread] [I] [toil] Running Toil version 5.6.0-c34146a6437e4407a61e946e968bcce67a0ebbca on host mrc-tux.
[2022-05-12T15:27:47+0200] [MainThread] [I] [toil.leader] Issued job 'CWLJob' cat-from-dir.cwl kind-CWLJob/instance-ce5zrk3h v1 with job batch system ID: 0 and cores: 1, disk: 3.0 Gi, and memory: 2.0 Gi
[2022-05-12T15:27:48+0200] [MainThread] [I] [toil.worker] Redirecting logging to /tmp/e797c53037c958d398edc2e484de13aa/82a5/worker_log.txt
[2022-05-12T15:27:48+0200] [MainThread] [I] [toil.leader] 0 jobs are running, 0 jobs are issued and waiting to run
[2022-05-12T15:27:49+0200] [MainThread] [I] [toil.leader] Finished toil run successfully.
[2022-05-12T15:27:49+0200] [MainThread] [I] [toil.common] Successfully deleted the job store: FileJobStore(/tmp/tmph8imc28h)
</system-err>
		</testcase>
		<testcase name="Pipe to stdin from literal File via a Directory literal" time="4.730594" class="command_line_tool, required" file="stdin_from_directory_literal_with_literal_file" url="cwltest:conformance_tests#192">
			<system-out>{
    &quot;output&quot;: {
        &quot;location&quot;: &quot;file:///tmp/tmpuctxhmcp/bb1043529a5387d952d045194109525a4b7c8212&quot;,
        &quot;basename&quot;: &quot;bb1043529a5387d952d045194109525a4b7c8212&quot;,
        &quot;nameroot&quot;: &quot;bb1043529a5387d952d045194109525a4b7c8212&quot;,
        &quot;nameext&quot;: &quot;&quot;,
        &quot;class&quot;: &quot;File&quot;,
        &quot;checksum&quot;: &quot;sha1$ef88e689559565999700d6fea7cf7ba306d04360&quot;,
        &quot;size&quot;: 26
    }
}</system-out>
			<system-err>[2022-05-12T15:27:50+0200] [MainThread] [I] [cwltool] Resolved 'tests/cat-from-dir.cwl' to 'file:///home/michael/cwl-v1.2/tests/cat-from-dir.cwl'
[2022-05-12T15:27:52+0200] [MainThread] [I] [toil.job] Saving graph of 1 jobs, 1 new
[2022-05-12T15:27:52+0200] [MainThread] [I] [toil.job] Processing job 'CWLJob' cat-from-dir.cwl kind-CWLJob/instance-pnkapp6w v0
[2022-05-12T15:27:52+0200] [MainThread] [I] [toil] Running Toil version 5.6.0-c34146a6437e4407a61e946e968bcce67a0ebbca on host mrc-tux.
[2022-05-12T15:27:52+0200] [MainThread] [I] [toil.leader] Issued job 'CWLJob' cat-from-dir.cwl kind-CWLJob/instance-pnkapp6w v1 with job batch system ID: 0 and cores: 1, disk: 3.0 Gi, and memory: 2.0 Gi
[2022-05-12T15:27:52+0200] [MainThread] [I] [toil.worker] Redirecting logging to /tmp/041f7806f10f517eaad30fdb57578373/9e09/worker_log.txt
[2022-05-12T15:27:53+0200] [MainThread] [I] [toil.leader] 0 jobs are running, 0 jobs are issued and waiting to run
[2022-05-12T15:27:54+0200] [MainThread] [I] [toil.leader] Finished toil run successfully.
[2022-05-12T15:27:54+0200] [MainThread] [I] [toil.common] Successfully deleted the job store: FileJobStore(/tmp/tmpjj4x9x_y)
</system-err>
		</testcase>
		<testcase name="Test non-stdin reference to literal File via a Directory literal" time="5.080241" class="command_line_tool, required" file="directory_literal_with_literal_file_nostdin" url="cwltest:conformance_tests#193">
			<system-out>{
    &quot;output_file&quot;: {
        &quot;location&quot;: &quot;file:///tmp/tmp9ygx4ebu/output.txt&quot;,
        &quot;basename&quot;: &quot;output.txt&quot;,
        &quot;nameroot&quot;: &quot;output&quot;,
        &quot;nameext&quot;: &quot;.txt&quot;,
        &quot;class&quot;: &quot;File&quot;,
        &quot;checksum&quot;: &quot;sha1$ef88e689559565999700d6fea7cf7ba306d04360&quot;,
        &quot;size&quot;: 26
    }
}</system-out>
			<system-err>[2022-05-12T15:27:52+0200] [MainThread] [I] [cwltool] Resolved 'tests/cat3-from-dir.cwl' to 'file:///home/michael/cwl-v1.2/tests/cat3-from-dir.cwl'
[2022-05-12T15:27:54+0200] [MainThread] [I] [toil.job] Saving graph of 1 jobs, 1 new
[2022-05-12T15:27:54+0200] [MainThread] [I] [toil.job] Processing job 'CWLJob' cat3-from-dir.cwl kind-CWLJob/instance-pkf23u__ v0
[2022-05-12T15:27:54+0200] [MainThread] [I] [toil] Running Toil version 5.6.0-c34146a6437e4407a61e946e968bcce67a0ebbca on host mrc-tux.
[2022-05-12T15:27:54+0200] [MainThread] [I] [toil.leader] Issued job 'CWLJob' cat3-from-dir.cwl kind-CWLJob/instance-pkf23u__ v1 with job batch system ID: 0 and cores: 1, disk: 3.0 Gi, and memory: 2.0 Gi
[2022-05-12T15:27:54+0200] [MainThread] [I] [toil.worker] Redirecting logging to /tmp/15aaf340d75a52058292dcfc5d9814a2/f086/worker_log.txt
[2022-05-12T15:27:54+0200] [MainThread] [I] [toil.leader] 0 jobs are running, 0 jobs are issued and waiting to run
[2022-05-12T15:27:56+0200] [MainThread] [I] [toil.leader] Finished toil run successfully.
[2022-05-12T15:27:56+0200] [MainThread] [I] [toil.common] Successfully deleted the job store: FileJobStore(/tmp/tmp6wowm_5z)
</system-err>
		</testcase>
		<testcase name="Test CommandLineTool without inputs" time="5.416102" class="command_line_tool, required" file="no_inputs_commandlinetool" url="cwltest:conformance_tests#194">
			<system-out>{
    &quot;output&quot;: {
        &quot;location&quot;: &quot;file:///tmp/tmps96at3dk/output&quot;,
        &quot;basename&quot;: &quot;output&quot;,
        &quot;nameroot&quot;: &quot;output&quot;,
        &quot;nameext&quot;: &quot;&quot;,
        &quot;class&quot;: &quot;File&quot;,
        &quot;checksum&quot;: &quot;sha1$1334e67fe9eb70db8ae14ccfa6cfb59e2cc24eae&quot;,
        &quot;size&quot;: 4
    }
}</system-out>
			<system-err>[2022-05-12T15:27:55+0200] [MainThread] [I] [cwltool] Resolved 'tests/no-inputs-tool.cwl' to 'file:///home/michael/cwl-v1.2/tests/no-inputs-tool.cwl'
[2022-05-12T15:27:56+0200] [MainThread] [I] [toil.job] Saving graph of 1 jobs, 1 new
[2022-05-12T15:27:56+0200] [MainThread] [I] [toil.job] Processing job 'CWLJob' no-inputs-tool.cwl kind-CWLJob/instance-5omz2ax0 v0
[2022-05-12T15:27:56+0200] [MainThread] [I] [toil] Running Toil version 5.6.0-c34146a6437e4407a61e946e968bcce67a0ebbca on host mrc-tux.
[2022-05-12T15:27:56+0200] [MainThread] [I] [toil.leader] Issued job 'CWLJob' no-inputs-tool.cwl kind-CWLJob/instance-5omz2ax0 v1 with job batch system ID: 0 and cores: 1, disk: 3.0 Gi, and memory: 2.0 Gi
[2022-05-12T15:27:57+0200] [MainThread] [I] [toil.worker] Redirecting logging to /tmp/dddd9069c7b350b9bb8fdf41e97453a9/afaf/worker_log.txt
[2022-05-12T15:27:58+0200] [MainThread] [I] [toil.leader] 0 jobs are running, 0 jobs are issued and waiting to run
[2022-05-12T15:27:59+0200] [MainThread] [I] [toil.leader] Finished toil run successfully.
[2022-05-12T15:27:59+0200] [MainThread] [I] [toil.common] Successfully deleted the job store: FileJobStore(/tmp/tmp9dy12j6w)
</system-err>
		</testcase>
		<testcase name="Test CommandLineTool without outputs" time="5.442649" class="command_line_tool, required" file="no_outputs_commandlinetool" url="cwltest:conformance_tests#195">
			<system-out>{}</system-out>
			<system-err>[2022-05-12T15:27:55+0200] [MainThread] [I] [cwltool] Resolved 'tests/no-outputs-tool.cwl' to 'file:///home/michael/cwl-v1.2/tests/no-outputs-tool.cwl'
[2022-05-12T15:27:56+0200] [MainThread] [I] [toil.job] Saving graph of 1 jobs, 1 new
[2022-05-12T15:27:56+0200] [MainThread] [I] [toil.job] Processing job 'CWLJob' no-outputs-tool.cwl kind-CWLJob/instance-az0bgp1d v0
[2022-05-12T15:27:56+0200] [MainThread] [I] [toil] Running Toil version 5.6.0-c34146a6437e4407a61e946e968bcce67a0ebbca on host mrc-tux.
[2022-05-12T15:27:56+0200] [MainThread] [I] [toil.leader] Issued job 'CWLJob' no-outputs-tool.cwl kind-CWLJob/instance-az0bgp1d v1 with job batch system ID: 0 and cores: 1, disk: 3.0 Gi, and memory: 2.0 Gi
[2022-05-12T15:27:57+0200] [MainThread] [I] [toil.worker] Redirecting logging to /tmp/a9984dc2678557d69b5e2c73b8c33124/e3b4/worker_log.txt
[2022-05-12T15:27:58+0200] [MainThread] [I] [toil.leader] 0 jobs are running, 0 jobs are issued and waiting to run
[2022-05-12T15:27:59+0200] [MainThread] [I] [toil.leader] Finished toil run successfully.
[2022-05-12T15:27:59+0200] [MainThread] [I] [toil.common] Successfully deleted the job store: FileJobStore(/tmp/tmp88ihxucb)
</system-err>
		</testcase>
		<testcase name="Test Workflow without inputs" time="8.410459" class="workflow, required" file="no_inputs_workflow" url="cwltest:conformance_tests#196">
			<system-out>{
    &quot;output&quot;: {
        &quot;location&quot;: &quot;file:///tmp/tmphj1vvx4f/output&quot;,
        &quot;basename&quot;: &quot;output&quot;,
        &quot;nameroot&quot;: &quot;output&quot;,
        &quot;nameext&quot;: &quot;&quot;,
        &quot;class&quot;: &quot;File&quot;,
        &quot;checksum&quot;: &quot;sha1$1334e67fe9eb70db8ae14ccfa6cfb59e2cc24eae&quot;,
        &quot;size&quot;: 4
    }
}</system-out>
			<system-err>[2022-05-12T15:27:55+0200] [MainThread] [I] [cwltool] Resolved 'tests/no-inputs-wf.cwl' to 'file:///home/michael/cwl-v1.2/tests/no-inputs-wf.cwl'
[2022-05-12T15:27:57+0200] [MainThread] [I] [toil.job] Saving graph of 2 jobs, 2 new
[2022-05-12T15:27:57+0200] [MainThread] [I] [toil.job] Processing job 'ResolveIndirect' kind-ResolveIndirect/instance-sgrj9gda v0
[2022-05-12T15:27:57+0200] [MainThread] [I] [toil.job] Processing job 'CWLWorkflow' kind-CWLWorkflow/instance-gj51ed9l v0
[2022-05-12T15:27:57+0200] [MainThread] [I] [toil] Running Toil version 5.6.0-c34146a6437e4407a61e946e968bcce67a0ebbca on host mrc-tux.
[2022-05-12T15:27:58+0200] [MainThread] [I] [toil.worker] Redirecting logging to /tmp/31b0f170405d5795a75f6cb3673e8146/b7cf/worker_log.txt
[2022-05-12T15:27:58+0200] [MainThread] [I] [toil.leader] 0 jobs are running, 0 jobs are issued and waiting to run
[2022-05-12T15:27:58+0200] [MainThread] [I] [toil.leader] Issued job 'CWLJob' no-inputs-wf.cwl.step0._:c8d44bdb-47c6-4163-9dba-a5cb6daa21cb kind-CWLJob/instance-99gst3ip v1 with job batch system ID: 1 and cores: 1, disk: 3.0 Gi, and memory: 2.0 Gi
[2022-05-12T15:27:59+0200] [MainThread] [I] [toil.worker] Redirecting logging to /tmp/31b0f170405d5795a75f6cb3673e8146/114e/worker_log.txt
[2022-05-12T15:28:00+0200] [MainThread] [I] [toil.worker] Redirecting logging to /tmp/31b0f170405d5795a75f6cb3673e8146/a52f/worker_log.txt
[2022-05-12T15:28:01+0200] [MainThread] [I] [toil.worker] Redirecting logging to /tmp/31b0f170405d5795a75f6cb3673e8146/a347/worker_log.txt
[2022-05-12T15:28:02+0200] [MainThread] [I] [toil.leader] Finished toil run successfully.
[2022-05-12T15:28:02+0200] [MainThread] [I] [toil.common] Successfully deleted the job store: FileJobStore(/tmp/tmpek20trkz)
</system-err>
		</testcase>
		<testcase name="Test Workflow without outputs" time="8.796189" class="workflow, required" file="no_outputs_workflow" url="cwltest:conformance_tests#197">
			<system-out>{}</system-out>
			<system-err>[2022-05-12T15:27:57+0200] [MainThread] [I] [cwltool] Resolved 'tests/no-outputs-wf.cwl' to 'file:///home/michael/cwl-v1.2/tests/no-outputs-wf.cwl'
[2022-05-12T15:28:00+0200] [MainThread] [I] [toil.job] Saving graph of 2 jobs, 2 new
[2022-05-12T15:28:00+0200] [MainThread] [I] [toil.job] Processing job 'ResolveIndirect' kind-ResolveIndirect/instance-q5iyuqi9 v0
[2022-05-12T15:28:00+0200] [MainThread] [I] [toil.job] Processing job 'CWLWorkflow' kind-CWLWorkflow/instance-scmoygmn v0
[2022-05-12T15:28:00+0200] [MainThread] [I] [toil] Running Toil version 5.6.0-c34146a6437e4407a61e946e968bcce67a0ebbca on host mrc-tux.
[2022-05-12T15:28:00+0200] [MainThread] [I] [toil.worker] Redirecting logging to /tmp/ebdb893f4c16534fad4d7d3e652865e5/aa59/worker_log.txt
[2022-05-12T15:28:01+0200] [MainThread] [I] [toil.leader] 0 jobs are running, 0 jobs are issued and waiting to run
[2022-05-12T15:28:01+0200] [MainThread] [I] [toil.leader] Issued job 'CWLJob' no-outputs-wf.cwl.step0._:980fb9f0-f626-4abb-977e-b755a24a5151 kind-CWLJob/instance-0w4non31 v1 with job batch system ID: 1 and cores: 1, disk: 3.0 Gi, and memory: 2.0 Gi
[2022-05-12T15:28:01+0200] [MainThread] [I] [toil.worker] Redirecting logging to /tmp/ebdb893f4c16534fad4d7d3e652865e5/8595/worker_log.txt
[2022-05-12T15:28:03+0200] [MainThread] [I] [toil.worker] Redirecting logging to /tmp/ebdb893f4c16534fad4d7d3e652865e5/e70a/worker_log.txt
[2022-05-12T15:28:03+0200] [MainThread] [I] [toil.worker] Redirecting logging to /tmp/ebdb893f4c16534fad4d7d3e652865e5/332f/worker_log.txt
[2022-05-12T15:28:05+0200] [MainThread] [I] [toil.leader] Finished toil run successfully.
[2022-05-12T15:28:05+0200] [MainThread] [I] [toil.common] Successfully deleted the job store: FileJobStore(/tmp/tmp14j1l2o_)
</system-err>
		</testcase>
		<testcase name="Test an anonymous enum inside an array inside a record" time="4.786002" class="command_line_tool, required" file="anonymous_enum_in_array" url="cwltest:conformance_tests#198">
			<system-out>{
    &quot;result&quot;: {
        &quot;location&quot;: &quot;file:///tmp/tmptwkz6i0v/68a019e85abf4ffaafa5e7bb3cfed889631c57c1&quot;,
        &quot;basename&quot;: &quot;68a019e85abf4ffaafa5e7bb3cfed889631c57c1&quot;,
        &quot;nameroot&quot;: &quot;68a019e85abf4ffaafa5e7bb3cfed889631c57c1&quot;,
        &quot;nameext&quot;: &quot;&quot;,
        &quot;class&quot;: &quot;File&quot;,
        &quot;checksum&quot;: &quot;sha1$2132943d72c39423e0b9425cbc40dfd5bf3e9cb2&quot;,
        &quot;size&quot;: 39
    }
}</system-out>
			<system-err>[2022-05-12T15:28:00+0200] [MainThread] [I] [cwltool] Resolved 'tests/anon_enum_inside_array.cwl' to 'file:///home/michael/cwl-v1.2/tests/anon_enum_inside_array.cwl'
[2022-05-12T15:28:02+0200] [MainThread] [I] [toil.job] Saving graph of 1 jobs, 1 new
[2022-05-12T15:28:02+0200] [MainThread] [I] [toil.job] Processing job 'CWLJob' anon_enum_inside_array.cwl kind-CWLJob/instance-i_06bluu v0
[2022-05-12T15:28:02+0200] [MainThread] [I] [toil] Running Toil version 5.6.0-c34146a6437e4407a61e946e968bcce67a0ebbca on host mrc-tux.
[2022-05-12T15:28:02+0200] [MainThread] [I] [toil.leader] Issued job 'CWLJob' anon_enum_inside_array.cwl kind-CWLJob/instance-i_06bluu v1 with job batch system ID: 0 and cores: 1, disk: 3.0 Gi, and memory: 2.0 Gi
[2022-05-12T15:28:02+0200] [MainThread] [I] [toil.worker] Redirecting logging to /tmp/7a3d3b670c5d5093a5a677853f99eb33/05fb/worker_log.txt
[2022-05-12T15:28:03+0200] [MainThread] [I] [toil.leader] 0 jobs are running, 0 jobs are issued and waiting to run
[2022-05-12T15:28:04+0200] [MainThread] [I] [toil.leader] Finished toil run successfully.
[2022-05-12T15:28:04+0200] [MainThread] [I] [toil.common] Successfully deleted the job store: FileJobStore(/tmp/tmpxl1iwrxr)
</system-err>
		</testcase>
		<testcase name="Test an anonymous enum inside an array inside a record, SchemaDefRequirement" time="4.666092" class="command_line_tool, schema_def" file="schema-def_anonymous_enum_in_array" url="cwltest:conformance_tests#199">
			<system-out>{
    &quot;result&quot;: {
        &quot;location&quot;: &quot;file:///tmp/tmp05mtcf_1/e58d7c852c39e059048471d842c99393fe53fc5e&quot;,
        &quot;basename&quot;: &quot;e58d7c852c39e059048471d842c99393fe53fc5e&quot;,
        &quot;nameroot&quot;: &quot;e58d7c852c39e059048471d842c99393fe53fc5e&quot;,
        &quot;nameext&quot;: &quot;&quot;,
        &quot;class&quot;: &quot;File&quot;,
        &quot;checksum&quot;: &quot;sha1$f17c7d81f66e1520fca25b96b90eeeae5bbf08b0&quot;,
        &quot;size&quot;: 39
    }
}</system-out>
			<system-err>[2022-05-12T15:28:00+0200] [MainThread] [I] [cwltool] Resolved 'tests/anon_enum_inside_array_inside_schemadef.cwl' to 'file:///home/michael/cwl-v1.2/tests/anon_enum_inside_array_inside_schemadef.cwl'
[2022-05-12T15:28:02+0200] [MainThread] [I] [toil.job] Saving graph of 1 jobs, 1 new
[2022-05-12T15:28:02+0200] [MainThread] [I] [toil.job] Processing job 'CWLJob' anon_enum_inside_array_inside_schemadef.cwl kind-CWLJob/instance-ghp_4lxu v0
[2022-05-12T15:28:02+0200] [MainThread] [I] [toil] Running Toil version 5.6.0-c34146a6437e4407a61e946e968bcce67a0ebbca on host mrc-tux.
[2022-05-12T15:28:02+0200] [MainThread] [I] [toil.leader] Issued job 'CWLJob' anon_enum_inside_array_inside_schemadef.cwl kind-CWLJob/instance-ghp_4lxu v1 with job batch system ID: 0 and cores: 1, disk: 3.0 Gi, and memory: 2.0 Gi
[2022-05-12T15:28:03+0200] [MainThread] [I] [toil.worker] Redirecting logging to /tmp/be4b5825cd655165b23fe237889dcbfe/2e01/worker_log.txt
[2022-05-12T15:28:03+0200] [MainThread] [I] [toil.leader] 0 jobs are running, 0 jobs are issued and waiting to run
[2022-05-12T15:28:04+0200] [MainThread] [I] [toil.leader] Finished toil run successfully.
[2022-05-12T15:28:04+0200] [MainThread] [I] [toil.common] Successfully deleted the job store: FileJobStore(/tmp/tmpf99aata8)
</system-err>
		</testcase>
		<testcase name="Test command execution in with stdin and stdout redirection using stdin shortcut" time="5.429047" class="command_line_tool, docker" file="stdin_shorcut" url="cwltest:conformance_tests#200">
			<system-out>{
    &quot;output&quot;: {
        &quot;location&quot;: &quot;file:///tmp/tmpk08w6amn/output&quot;,
        &quot;basename&quot;: &quot;output&quot;,
        &quot;nameroot&quot;: &quot;output&quot;,
        &quot;nameext&quot;: &quot;&quot;,
        &quot;class&quot;: &quot;File&quot;,
        &quot;checksum&quot;: &quot;sha1$327fc7aedf4f6b69a42a7c8b808dc5a7aff61376&quot;,
        &quot;size&quot;: 1111
    }
}</system-out>
			<system-err>[2022-05-12T15:28:03+0200] [MainThread] [I] [cwltool] Resolved 'tests/cat-tool-shortcut.cwl' to 'file:///home/michael/cwl-v1.2/tests/cat-tool-shortcut.cwl'
[2022-05-12T15:28:05+0200] [MainThread] [I] [toil.job] Saving graph of 1 jobs, 1 new
[2022-05-12T15:28:05+0200] [MainThread] [I] [toil.job] Processing job 'CWLJob' cat-tool-shortcut.cwl kind-CWLJob/instance-opgf76wq v0
[2022-05-12T15:28:05+0200] [MainThread] [I] [toil] Running Toil version 5.6.0-c34146a6437e4407a61e946e968bcce67a0ebbca on host mrc-tux.
[2022-05-12T15:28:05+0200] [MainThread] [I] [toil.leader] Issued job 'CWLJob' cat-tool-shortcut.cwl kind-CWLJob/instance-opgf76wq v1 with job batch system ID: 0 and cores: 1, disk: 3.0 Gi, and memory: 2.0 Gi
[2022-05-12T15:28:05+0200] [MainThread] [I] [toil.worker] Redirecting logging to /tmp/e68b7d106fd058f7a6a304cc1f0db827/53c5/worker_log.txt
[2022-05-12T15:28:07+0200] [MainThread] [I] [toil.leader] 0 jobs are running, 0 jobs are issued and waiting to run
[2022-05-12T15:28:08+0200] [MainThread] [I] [toil.leader] Finished toil run successfully.
[2022-05-12T15:28:08+0200] [MainThread] [I] [toil.common] Successfully deleted the job store: FileJobStore(/tmp/tmpkepj9sbc)
</system-err>
		</testcase>
		<testcase name="Test secondaryFiles on anonymous record fields" time="4.627219" class="command_line_tool, required" file="secondary_files_in_unnamed_records" url="cwltest:conformance_tests#201">
			<system-out>{}</system-out>
			<system-err>[2022-05-12T15:28:05+0200] [MainThread] [I] [cwltool] Resolved 'tests/record-in-secondaryFiles.cwl' to 'file:///home/michael/cwl-v1.2/tests/record-in-secondaryFiles.cwl'
[2022-05-12T15:28:07+0200] [MainThread] [I] [toil.job] Saving graph of 1 jobs, 1 new
[2022-05-12T15:28:07+0200] [MainThread] [I] [toil.job] Processing job 'CWLJob' record-in-secondaryFiles.cwl kind-CWLJob/instance-tib1juur v0
[2022-05-12T15:28:07+0200] [MainThread] [I] [toil] Running Toil version 5.6.0-c34146a6437e4407a61e946e968bcce67a0ebbca on host mrc-tux.
[2022-05-12T15:28:07+0200] [MainThread] [I] [toil.leader] Issued job 'CWLJob' record-in-secondaryFiles.cwl kind-CWLJob/instance-tib1juur v1 with job batch system ID: 0 and cores: 1, disk: 3.0 Gi, and memory: 2.0 Gi
[2022-05-12T15:28:07+0200] [MainThread] [I] [toil.worker] Redirecting logging to /tmp/875f9c347bca59909fce2bac0f87ea38/6b9f/worker_log.txt
[2022-05-12T15:28:07+0200] [MainThread] [I] [toil.leader] 0 jobs are running, 0 jobs are issued and waiting to run
[2022-05-12T15:28:09+0200] [MainThread] [I] [toil.leader] Finished toil run successfully.
[2022-05-12T15:28:09+0200] [MainThread] [I] [toil.common] Successfully deleted the job store: FileJobStore(/tmp/tmp6akhc3wr)
</system-err>
		</testcase>
		<testcase name="Test secondaryFiles on SchemaDefRequirement record fields" time="4.729039" class="command_line_tool, schema_def" file="secondary_files_in_named_records" url="cwltest:conformance_tests#202">
			<system-out>{}</system-out>
			<system-err>[2022-05-12T15:28:05+0200] [MainThread] [I] [cwltool] Resolved 'tests/record-sd-secondaryFiles.cwl' to 'file:///home/michael/cwl-v1.2/tests/record-sd-secondaryFiles.cwl'
[2022-05-12T15:28:07+0200] [MainThread] [I] [toil.job] Saving graph of 1 jobs, 1 new
[2022-05-12T15:28:07+0200] [MainThread] [I] [toil.job] Processing job 'CWLJob' record-sd-secondaryFiles.cwl kind-CWLJob/instance-zd3_uxhk v0
[2022-05-12T15:28:07+0200] [MainThread] [I] [toil] Running Toil version 5.6.0-c34146a6437e4407a61e946e968bcce67a0ebbca on host mrc-tux.
[2022-05-12T15:28:07+0200] [MainThread] [I] [toil.leader] Issued job 'CWLJob' record-sd-secondaryFiles.cwl kind-CWLJob/instance-zd3_uxhk v1 with job batch system ID: 0 and cores: 1, disk: 3.0 Gi, and memory: 2.0 Gi
[2022-05-12T15:28:07+0200] [MainThread] [I] [toil.worker] Redirecting logging to /tmp/1c04c906459c5e739af3ce032578b393/e754/worker_log.txt
[2022-05-12T15:28:08+0200] [MainThread] [I] [toil.leader] 0 jobs are running, 0 jobs are issued and waiting to run
[2022-05-12T15:28:09+0200] [MainThread] [I] [toil.leader] Finished toil run successfully.
[2022-05-12T15:28:09+0200] [MainThread] [I] [toil.common] Successfully deleted the job store: FileJobStore(/tmp/tmpina5g_mn)
</system-err>
		</testcase>
		<testcase name="Test secondaryFiles on output record fields" time="4.822886" class="command_line_tool, required" file="secondary_files_in_output_records" url="cwltest:conformance_tests#203">
			<system-out>{
    &quot;record_output&quot;: {
        &quot;f1&quot;: {
            &quot;location&quot;: &quot;file:///tmp/tmpm4yti7d4/A&quot;,
            &quot;basename&quot;: &quot;A&quot;,
            &quot;nameroot&quot;: &quot;A&quot;,
            &quot;nameext&quot;: &quot;&quot;,
            &quot;class&quot;: &quot;File&quot;,
            &quot;checksum&quot;: &quot;sha1$da39a3ee5e6b4b0d3255bfef95601890afd80709&quot;,
            &quot;size&quot;: 0,
            &quot;secondaryFiles&quot;: [
                {
                    &quot;basename&quot;: &quot;A.s2&quot;,
                    &quot;location&quot;: &quot;file:///tmp/tmpm4yti7d4/A.s2&quot;,
                    &quot;class&quot;: &quot;File&quot;,
                    &quot;nameroot&quot;: &quot;A&quot;,
                    &quot;nameext&quot;: &quot;.s2&quot;,
                    &quot;checksum&quot;: &quot;sha1$da39a3ee5e6b4b0d3255bfef95601890afd80709&quot;,
                    &quot;size&quot;: 0
                }
            ]
        },
        &quot;f2&quot;: [
            {
                &quot;location&quot;: &quot;file:///tmp/tmpm4yti7d4/B&quot;,
                &quot;basename&quot;: &quot;B&quot;,
                &quot;nameroot&quot;: &quot;B&quot;,
                &quot;nameext&quot;: &quot;&quot;,
                &quot;class&quot;: &quot;File&quot;,
                &quot;checksum&quot;: &quot;sha1$da39a3ee5e6b4b0d3255bfef95601890afd80709&quot;,
                &quot;size&quot;: 0,
                &quot;secondaryFiles&quot;: [
                    {
                        &quot;basename&quot;: &quot;B.s3&quot;,
                        &quot;location&quot;: &quot;file:///tmp/tmpm4yti7d4/B.s3&quot;,
                        &quot;class&quot;: &quot;File&quot;,
                        &quot;nameroot&quot;: &quot;B&quot;,
                        &quot;nameext&quot;: &quot;.s3&quot;,
                        &quot;checksum&quot;: &quot;sha1$da39a3ee5e6b4b0d3255bfef95601890afd80709&quot;,
                        &quot;size&quot;: 0
                    }
                ]
            },
            {
                &quot;location&quot;: &quot;file:///tmp/tmpm4yti7d4/C&quot;,
                &quot;basename&quot;: &quot;C&quot;,
                &quot;nameroot&quot;: &quot;C&quot;,
                &quot;nameext&quot;: &quot;&quot;,
                &quot;class&quot;: &quot;File&quot;,
                &quot;checksum&quot;: &quot;sha1$da39a3ee5e6b4b0d3255bfef95601890afd80709&quot;,
                &quot;size&quot;: 0,
                &quot;secondaryFiles&quot;: [
                    {
                        &quot;basename&quot;: &quot;C.s3&quot;,
                        &quot;location&quot;: &quot;file:///tmp/tmpm4yti7d4/C.s3&quot;,
                        &quot;class&quot;: &quot;File&quot;,
                        &quot;nameroot&quot;: &quot;C&quot;,
                        &quot;nameext&quot;: &quot;.s3&quot;,
                        &quot;checksum&quot;: &quot;sha1$da39a3ee5e6b4b0d3255bfef95601890afd80709&quot;,
                        &quot;size&quot;: 0
                    }
                ]
            }
        ]
    }
}</system-out>
			<system-err>[2022-05-12T15:28:06+0200] [MainThread] [I] [cwltool] Resolved 'tests/record-out-secondaryFiles.cwl' to 'file:///home/michael/cwl-v1.2/tests/record-out-secondaryFiles.cwl'
[2022-05-12T15:28:08+0200] [MainThread] [I] [toil.job] Saving graph of 1 jobs, 1 new
[2022-05-12T15:28:08+0200] [MainThread] [I] [toil.job] Processing job 'CWLJob' record-out-secondaryFiles.cwl kind-CWLJob/instance-fmumvrr8 v0
[2022-05-12T15:28:08+0200] [MainThread] [I] [toil] Running Toil version 5.6.0-c34146a6437e4407a61e946e968bcce67a0ebbca on host mrc-tux.
[2022-05-12T15:28:08+0200] [MainThread] [I] [toil.leader] Issued job 'CWLJob' record-out-secondaryFiles.cwl kind-CWLJob/instance-fmumvrr8 v1 with job batch system ID: 0 and cores: 1, disk: 3.0 Gi, and memory: 2.0 Gi
[2022-05-12T15:28:08+0200] [MainThread] [I] [toil.worker] Redirecting logging to /tmp/cfe339e5982758ae973ac345c397bea4/9bbd/worker_log.txt
[2022-05-12T15:28:08+0200] [MainThread] [I] [toil.leader] 0 jobs are running, 0 jobs are issued and waiting to run
[2022-05-12T15:28:10+0200] [MainThread] [I] [toil.leader] Finished toil run successfully.
[2022-05-12T15:28:10+0200] [MainThread] [I] [toil.common] Successfully deleted the job store: FileJobStore(/tmp/tmp1l3ynfzz)
</system-err>
		</testcase>
		<testcase name="Test secondaryFiles propagation through workflow" time="7.531430" class="workflow, required" file="secondary_files_workflow_propagation" url="cwltest:conformance_tests#204">
			<system-out>{}</system-out>
			<system-err>[2022-05-12T15:28:09+0200] [MainThread] [I] [cwltool] Resolved 'tests/record-in-secondaryFiles-wf.cwl' to 'file:///home/michael/cwl-v1.2/tests/record-in-secondaryFiles-wf.cwl'
[2022-05-12T15:28:11+0200] [MainThread] [I] [toil.job] Saving graph of 2 jobs, 2 new
[2022-05-12T15:28:11+0200] [MainThread] [I] [toil.job] Processing job 'ResolveIndirect' kind-ResolveIndirect/instance-hke2bwdn v0
[2022-05-12T15:28:11+0200] [MainThread] [I] [toil.job] Processing job 'CWLWorkflow' kind-CWLWorkflow/instance-43rfqjeb v0
[2022-05-12T15:28:11+0200] [MainThread] [I] [toil] Running Toil version 5.6.0-c34146a6437e4407a61e946e968bcce67a0ebbca on host mrc-tux.
[2022-05-12T15:28:12+0200] [MainThread] [I] [toil.worker] Redirecting logging to /tmp/19a632f58e055d4ca616f3485182225f/0108/worker_log.txt
[2022-05-12T15:28:12+0200] [MainThread] [I] [toil.leader] 0 jobs are running, 0 jobs are issued and waiting to run
[2022-05-12T15:28:12+0200] [MainThread] [I] [toil.leader] Issued job 'CWLJob' record-in-secondaryFiles-wf.cwl.step1.record-in-secondaryFiles.cwl kind-CWLJob/instance-lh5u9fgv v1 with job batch system ID: 1 and cores: 1, disk: 3.0 Gi, and memory: 2.0 Gi
[2022-05-12T15:28:13+0200] [MainThread] [I] [toil.worker] Redirecting logging to /tmp/19a632f58e055d4ca616f3485182225f/6e6b/worker_log.txt
[2022-05-12T15:28:13+0200] [MainThread] [I] [toil.worker] Redirecting logging to /tmp/19a632f58e055d4ca616f3485182225f/f74e/worker_log.txt
[2022-05-12T15:28:14+0200] [MainThread] [I] [toil.worker] Redirecting logging to /tmp/19a632f58e055d4ca616f3485182225f/acf6/worker_log.txt
[2022-05-12T15:28:15+0200] [MainThread] [I] [toil.leader] Finished toil run successfully.
[2022-05-12T15:28:15+0200] [MainThread] [I] [toil.common] Successfully deleted the job store: FileJobStore(/tmp/tmp6fmuk541)
</system-err>
		</testcase>
		<testcase name="Test checking when secondaryFiles are missing" time="11.557997" class="workflow, required" file="secondary_files_missing" url="cwltest:conformance_tests#205">
			<system-err>[2022-05-12T15:28:09+0200] [MainThread] [I] [cwltool] Resolved 'tests/record-in-secondaryFiles-missing-wf.cwl' to 'file:///home/michael/cwl-v1.2/tests/record-in-secondaryFiles-missing-wf.cwl'
[2022-05-12T15:28:12+0200] [MainThread] [I] [toil.job] Saving graph of 2 jobs, 2 new
[2022-05-12T15:28:12+0200] [MainThread] [I] [toil.job] Processing job 'ResolveIndirect' kind-ResolveIndirect/instance-17__0wcv v0
[2022-05-12T15:28:12+0200] [MainThread] [I] [toil.job] Processing job 'CWLWorkflow' kind-CWLWorkflow/instance-pvo31sd6 v0
[2022-05-12T15:28:12+0200] [MainThread] [I] [toil] Running Toil version 5.6.0-c34146a6437e4407a61e946e968bcce67a0ebbca on host mrc-tux.
[2022-05-12T15:28:13+0200] [MainThread] [I] [toil.worker] Redirecting logging to /tmp/5134b112345a569a9f55842a592c674b/9de7/worker_log.txt
[2022-05-12T15:28:13+0200] [MainThread] [I] [toil.leader] 0 jobs are running, 0 jobs are issued and waiting to run
[2022-05-12T15:28:13+0200] [MainThread] [I] [toil.leader] Issued job 'CWLJob' record-in-secondaryFiles-missing-wf.cwl.step1.record-in-secondaryFiles.cwl kind-CWLJob/instance-dxm01o0r v1 with job batch system ID: 1 and cores: 1, disk: 3.0 Gi, and memory: 2.0 Gi
[2022-05-12T15:28:13+0200] [MainThread] [I] [toil.worker] Redirecting logging to /tmp/5134b112345a569a9f55842a592c674b/8ef2/worker_log.txt
[2022-05-12T15:28:14+0200] [Thread-1 (daddy)] [E] [toil.batchSystems.singleMachine] Got exit code 1 (indicating failure) from job _toil_worker CWLJob file:/tmp/tmpegyd28xb kind-CWLJob/instance-dxm01o0r.
[2022-05-12T15:28:14+0200] [MainThread] [W] [toil.leader] Job failed with exit value 1: 'CWLJob' record-in-secondaryFiles-missing-wf.cwl.step1.record-in-secondaryFiles.cwl kind-CWLJob/instance-dxm01o0r v1
Exit reason: None
[2022-05-12T15:28:14+0200] [MainThread] [W] [toil.leader] The job seems to have left a log file, indicating failure: 'CWLJob' record-in-secondaryFiles-missing-wf.cwl.step1.record-in-secondaryFiles.cwl kind-CWLJob/instance-dxm01o0r v2
[2022-05-12T15:28:14+0200] [MainThread] [W] [toil.leader] Log from job &quot;kind-CWLJob/instance-dxm01o0r&quot; follows:
=========&gt;
	[2022-05-12T15:28:13+0200] [MainThread] [I] [toil.worker] ---TOIL WORKER OUTPUT LOG---
	[2022-05-12T15:28:13+0200] [MainThread] [I] [toil] Running Toil version 5.6.0-c34146a6437e4407a61e946e968bcce67a0ebbca on host mrc-tux.
	[2022-05-12T15:28:13+0200] [MainThread] [I] [toil.worker] Working on job 'CWLJob' record-in-secondaryFiles-missing-wf.cwl.step1.record-in-secondaryFiles.cwl kind-CWLJob/instance-dxm01o0r v1
	[2022-05-12T15:28:14+0200] [MainThread] [I] [toil.worker] Loaded body Job('CWLJob' record-in-secondaryFiles-missing-wf.cwl.step1.record-in-secondaryFiles.cwl kind-CWLJob/instance-dxm01o0r v1) from description 'CWLJob' record-in-secondaryFiles-missing-wf.cwl.step1.record-in-secondaryFiles.cwl kind-CWLJob/instance-dxm01o0r v1
	Traceback (most recent call last):
	  File &quot;/home/michael/common-workflow-language/toil5.6.0/lib/python3.10/site-packages/toil/worker.py&quot;, line 405, in workerScript
	    job._runner(jobGraph=None, jobStore=jobStore, fileStore=fileStore, defer=defer)
	  File &quot;/home/michael/common-workflow-language/toil5.6.0/lib/python3.10/site-packages/toil/job.py&quot;, line 2399, in _runner
	    returnValues = self._run(jobGraph=None, fileStore=fileStore)
	  File &quot;/home/michael/common-workflow-language/toil5.6.0/lib/python3.10/site-packages/toil/job.py&quot;, line 2317, in _run
	    return self.run(fileStore)
	  File &quot;/home/michael/common-workflow-language/toil5.6.0/lib/python3.10/site-packages/toil/cwl/cwltoil.py&quot;, line 2046, in run
	    output, status = ToilSingleJobExecutor().execute(
	  File &quot;/home/michael/common-workflow-language/toil5.6.0/lib/python3.10/site-packages/cwltool/executors.py&quot;, line 143, in execute
	    self.run_jobs(process, job_order_object, logger, runtime_context)
	  File &quot;/home/michael/common-workflow-language/toil5.6.0/lib/python3.10/site-packages/toil/cwl/cwltoil.py&quot;, line 922, in run_jobs
	    return super().run_jobs(process, job_order_object, logger, runtime_context)
	  File &quot;/home/michael/common-workflow-language/toil5.6.0/lib/python3.10/site-packages/cwltool/executors.py&quot;, line 227, in run_jobs
	    for job in jobiter:
	  File &quot;/home/michael/common-workflow-language/toil5.6.0/lib/python3.10/site-packages/cwltool/command_line_tool.py&quot;, line 953, in job
	    builder = self._init_job(job_order, runtimeContext)
	  File &quot;/home/michael/common-workflow-language/toil5.6.0/lib/python3.10/site-packages/cwltool/process.py&quot;, line 920, in _init_job
	    builder.bind_input(
	  File &quot;/home/michael/common-workflow-language/toil5.6.0/lib/python3.10/site-packages/cwltool/builder.py&quot;, line 355, in bind_input
	    self.bind_input(
	  File &quot;/home/michael/common-workflow-language/toil5.6.0/lib/python3.10/site-packages/cwltool/builder.py&quot;, line 321, in bind_input
	    self.bind_input(
	  File &quot;/home/michael/common-workflow-language/toil5.6.0/lib/python3.10/site-packages/cwltool/builder.py&quot;, line 355, in bind_input
	    self.bind_input(
	  File &quot;/home/michael/common-workflow-language/toil5.6.0/lib/python3.10/site-packages/cwltool/builder.py&quot;, line 539, in bind_input
	    raise SourceLine(
	cwltool.errors.WorkflowException: tests/record-in-secondaryFiles.cwl:10:11: Missing required secondary file 'A.s2' from file object: {
	tests/record-in-secondaryFiles.cwl:10:11:     &quot;class&quot;: &quot;File&quot;,
	tests/record-in-secondaryFiles.cwl:10:11:     &quot;location&quot;: &quot;file:///home/michael/cwl-v1.2/tests/rec/A&quot;,
	tests/record-in-secondaryFiles.cwl:10:11:     &quot;size&quot;: 0,
	tests/record-in-secondaryFiles.cwl:10:11:     &quot;basename&quot;: &quot;A&quot;,
	tests/record-in-secondaryFiles.cwl:10:11:     &quot;nameroot&quot;: &quot;A&quot;,
	tests/record-in-secondaryFiles.cwl:10:11:     &quot;nameext&quot;: &quot;&quot;,
	tests/record-in-secondaryFiles.cwl:10:11:     &quot;secondaryFiles&quot;: []
	tests/record-in-secondaryFiles.cwl:10:11: }
	[2022-05-12T15:28:14+0200] [MainThread] [E] [toil.worker] Exiting the worker because of a failed job on host mrc-tux
&lt;=========
[2022-05-12T15:28:14+0200] [MainThread] [W] [toil.job] Due to failure we are reducing the remaining try count of job 'CWLJob' record-in-secondaryFiles-missing-wf.cwl.step1.record-in-secondaryFiles.cwl kind-CWLJob/instance-dxm01o0r v2 with ID kind-CWLJob/instance-dxm01o0r to 1
[2022-05-12T15:28:14+0200] [MainThread] [I] [toil.leader] Issued job 'CWLJob' record-in-secondaryFiles-missing-wf.cwl.step1.record-in-secondaryFiles.cwl kind-CWLJob/instance-dxm01o0r v3 with job batch system ID: 2 and cores: 1, disk: 3.0 Gi, and memory: 2.0 Gi
[2022-05-12T15:28:14+0200] [MainThread] [I] [toil.worker] Redirecting logging to /tmp/5134b112345a569a9f55842a592c674b/1b1d/worker_log.txt
[2022-05-12T15:28:14+0200] [Thread-1 (daddy)] [E] [toil.batchSystems.singleMachine] Got exit code 1 (indicating failure) from job _toil_worker CWLJob file:/tmp/tmpegyd28xb kind-CWLJob/instance-dxm01o0r.
[2022-05-12T15:28:14+0200] [MainThread] [W] [toil.leader] Job failed with exit value 1: 'CWLJob' record-in-secondaryFiles-missing-wf.cwl.step1.record-in-secondaryFiles.cwl kind-CWLJob/instance-dxm01o0r v3
Exit reason: None
[2022-05-12T15:28:14+0200] [MainThread] [W] [toil.leader] The job seems to have left a log file, indicating failure: 'CWLJob' record-in-secondaryFiles-missing-wf.cwl.step1.record-in-secondaryFiles.cwl kind-CWLJob/instance-dxm01o0r v5
[2022-05-12T15:28:14+0200] [MainThread] [W] [toil.leader] Log from job &quot;kind-CWLJob/instance-dxm01o0r&quot; follows:
=========&gt;
	[2022-05-12T15:28:14+0200] [MainThread] [I] [toil.worker] ---TOIL WORKER OUTPUT LOG---
	[2022-05-12T15:28:14+0200] [MainThread] [I] [toil] Running Toil version 5.6.0-c34146a6437e4407a61e946e968bcce67a0ebbca on host mrc-tux.
	[2022-05-12T15:28:14+0200] [MainThread] [I] [toil.worker] Working on job 'CWLJob' record-in-secondaryFiles-missing-wf.cwl.step1.record-in-secondaryFiles.cwl kind-CWLJob/instance-dxm01o0r v4
	[2022-05-12T15:28:14+0200] [MainThread] [I] [toil.worker] Loaded body Job('CWLJob' record-in-secondaryFiles-missing-wf.cwl.step1.record-in-secondaryFiles.cwl kind-CWLJob/instance-dxm01o0r v4) from description 'CWLJob' record-in-secondaryFiles-missing-wf.cwl.step1.record-in-secondaryFiles.cwl kind-CWLJob/instance-dxm01o0r v4
	Traceback (most recent call last):
	  File &quot;/home/michael/common-workflow-language/toil5.6.0/lib/python3.10/site-packages/toil/worker.py&quot;, line 405, in workerScript
	    job._runner(jobGraph=None, jobStore=jobStore, fileStore=fileStore, defer=defer)
	  File &quot;/home/michael/common-workflow-language/toil5.6.0/lib/python3.10/site-packages/toil/job.py&quot;, line 2399, in _runner
	    returnValues = self._run(jobGraph=None, fileStore=fileStore)
	  File &quot;/home/michael/common-workflow-language/toil5.6.0/lib/python3.10/site-packages/toil/job.py&quot;, line 2317, in _run
	    return self.run(fileStore)
	  File &quot;/home/michael/common-workflow-language/toil5.6.0/lib/python3.10/site-packages/toil/cwl/cwltoil.py&quot;, line 2046, in run
	    output, status = ToilSingleJobExecutor().execute(
	  File &quot;/home/michael/common-workflow-language/toil5.6.0/lib/python3.10/site-packages/cwltool/executors.py&quot;, line 143, in execute
	    self.run_jobs(process, job_order_object, logger, runtime_context)
	  File &quot;/home/michael/common-workflow-language/toil5.6.0/lib/python3.10/site-packages/toil/cwl/cwltoil.py&quot;, line 922, in run_jobs
	    return super().run_jobs(process, job_order_object, logger, runtime_context)
	  File &quot;/home/michael/common-workflow-language/toil5.6.0/lib/python3.10/site-packages/cwltool/executors.py&quot;, line 227, in run_jobs
	    for job in jobiter:
	  File &quot;/home/michael/common-workflow-language/toil5.6.0/lib/python3.10/site-packages/cwltool/command_line_tool.py&quot;, line 953, in job
	    builder = self._init_job(job_order, runtimeContext)
	  File &quot;/home/michael/common-workflow-language/toil5.6.0/lib/python3.10/site-packages/cwltool/process.py&quot;, line 920, in _init_job
	    builder.bind_input(
	  File &quot;/home/michael/common-workflow-language/toil5.6.0/lib/python3.10/site-packages/cwltool/builder.py&quot;, line 355, in bind_input
	    self.bind_input(
	  File &quot;/home/michael/common-workflow-language/toil5.6.0/lib/python3.10/site-packages/cwltool/builder.py&quot;, line 321, in bind_input
	    self.bind_input(
	  File &quot;/home/michael/common-workflow-language/toil5.6.0/lib/python3.10/site-packages/cwltool/builder.py&quot;, line 355, in bind_input
	    self.bind_input(
	  File &quot;/home/michael/common-workflow-language/toil5.6.0/lib/python3.10/site-packages/cwltool/builder.py&quot;, line 539, in bind_input
	    raise SourceLine(
	cwltool.errors.WorkflowException: tests/record-in-secondaryFiles.cwl:10:11: Missing required secondary file 'A.s2' from file object: {
	tests/record-in-secondaryFiles.cwl:10:11:     &quot;class&quot;: &quot;File&quot;,
	tests/record-in-secondaryFiles.cwl:10:11:     &quot;location&quot;: &quot;file:///home/michael/cwl-v1.2/tests/rec/A&quot;,
	tests/record-in-secondaryFiles.cwl:10:11:     &quot;size&quot;: 0,
	tests/record-in-secondaryFiles.cwl:10:11:     &quot;basename&quot;: &quot;A&quot;,
	tests/record-in-secondaryFiles.cwl:10:11:     &quot;nameroot&quot;: &quot;A&quot;,
	tests/record-in-secondaryFiles.cwl:10:11:     &quot;nameext&quot;: &quot;&quot;,
	tests/record-in-secondaryFiles.cwl:10:11:     &quot;secondaryFiles&quot;: []
	tests/record-in-secondaryFiles.cwl:10:11: }
	[2022-05-12T15:28:14+0200] [MainThread] [E] [toil.worker] Exiting the worker because of a failed job on host mrc-tux
&lt;=========
[2022-05-12T15:28:14+0200] [MainThread] [W] [toil.job] Due to failure we are reducing the remaining try count of job 'CWLJob' record-in-secondaryFiles-missing-wf.cwl.step1.record-in-secondaryFiles.cwl kind-CWLJob/instance-dxm01o0r v5 with ID kind-CWLJob/instance-dxm01o0r to 0
[2022-05-12T15:28:14+0200] [MainThread] [W] [toil.leader] Job 'CWLJob' record-in-secondaryFiles-missing-wf.cwl.step1.record-in-secondaryFiles.cwl kind-CWLJob/instance-dxm01o0r v6 is completely failed
[2022-05-12T15:28:20+0200] [MainThread] [I] [toil.leader] Finished toil run with 2 failed jobs.
[2022-05-12T15:28:20+0200] [MainThread] [I] [toil.leader] Failed jobs at end of the run: 'CWLWorkflow' kind-CWLWorkflow/instance-pvo31sd6 v2 'CWLJob' record-in-secondaryFiles-missing-wf.cwl.step1.record-in-secondaryFiles.cwl kind-CWLJob/instance-dxm01o0r v6
Traceback (most recent call last):
  File &quot;/home/michael/common-workflow-language/toil5.6.0/bin/toil-cwl-runner&quot;, line 8, in &lt;module&gt;
    sys.exit(main())
  File &quot;/home/michael/common-workflow-language/toil5.6.0/lib/python3.10/site-packages/toil/cwl/cwltoil.py&quot;, line 3486, in main
    outobj = toil.start(wf1)
  File &quot;/home/michael/common-workflow-language/toil5.6.0/lib/python3.10/site-packages/toil/common.py&quot;, line 951, in start
    return self._runMainLoop(rootJobDescription)
  File &quot;/home/michael/common-workflow-language/toil5.6.0/lib/python3.10/site-packages/toil/common.py&quot;, line 1278, in _runMainLoop
    jobCache=self._jobCache).run()
  File &quot;/home/michael/common-workflow-language/toil5.6.0/lib/python3.10/site-packages/toil/leader.py&quot;, line 289, in run
    raise FailedJobsException(self.jobStore, failed_jobs, exit_code=self.recommended_fail_exit_code)
toil.leader.FailedJobsException: The job store '/tmp/tmpegyd28xb' contains 2 failed jobs: 'CWLWorkflow' kind-CWLWorkflow/instance-pvo31sd6 v2, 'CWLJob' record-in-secondaryFiles-missing-wf.cwl.step1.record-in-secondaryFiles.cwl kind-CWLJob/instance-dxm01o0r v6
Log from job &quot;'CWLJob' record-in-secondaryFiles-missing-wf.cwl.step1.record-in-secondaryFiles.cwl kind-CWLJob/instance-dxm01o0r v6&quot; follows:
=========&gt;
	[2022-05-12T15:28:14+0200] [MainThread] [I] [toil.worker] ---TOIL WORKER OUTPUT LOG---
	[2022-05-12T15:28:14+0200] [MainThread] [I] [toil] Running Toil version 5.6.0-c34146a6437e4407a61e946e968bcce67a0ebbca on host mrc-tux.
	[2022-05-12T15:28:14+0200] [MainThread] [I] [toil.worker] Working on job 'CWLJob' record-in-secondaryFiles-missing-wf.cwl.step1.record-in-secondaryFiles.cwl kind-CWLJob/instance-dxm01o0r v4
	[2022-05-12T15:28:14+0200] [MainThread] [I] [toil.worker] Loaded body Job('CWLJob' record-in-secondaryFiles-missing-wf.cwl.step1.record-in-secondaryFiles.cwl kind-CWLJob/instance-dxm01o0r v4) from description 'CWLJob' record-in-secondaryFiles-missing-wf.cwl.step1.record-in-secondaryFiles.cwl kind-CWLJob/instance-dxm01o0r v4
	Traceback (most recent call last):
	  File &quot;/home/michael/common-workflow-language/toil5.6.0/lib/python3.10/site-packages/toil/worker.py&quot;, line 405, in workerScript
	    job._runner(jobGraph=None, jobStore=jobStore, fileStore=fileStore, defer=defer)
	  File &quot;/home/michael/common-workflow-language/toil5.6.0/lib/python3.10/site-packages/toil/job.py&quot;, line 2399, in _runner
	    returnValues = self._run(jobGraph=None, fileStore=fileStore)
	  File &quot;/home/michael/common-workflow-language/toil5.6.0/lib/python3.10/site-packages/toil/job.py&quot;, line 2317, in _run
	    return self.run(fileStore)
	  File &quot;/home/michael/common-workflow-language/toil5.6.0/lib/python3.10/site-packages/toil/cwl/cwltoil.py&quot;, line 2046, in run
	    output, status = ToilSingleJobExecutor().execute(
	  File &quot;/home/michael/common-workflow-language/toil5.6.0/lib/python3.10/site-packages/cwltool/executors.py&quot;, line 143, in execute
	    self.run_jobs(process, job_order_object, logger, runtime_context)
	  File &quot;/home/michael/common-workflow-language/toil5.6.0/lib/python3.10/site-packages/toil/cwl/cwltoil.py&quot;, line 922, in run_jobs
	    return super().run_jobs(process, job_order_object, logger, runtime_context)
	  File &quot;/home/michael/common-workflow-language/toil5.6.0/lib/python3.10/site-packages/cwltool/executors.py&quot;, line 227, in run_jobs
	    for job in jobiter:
	  File &quot;/home/michael/common-workflow-language/toil5.6.0/lib/python3.10/site-packages/cwltool/command_line_tool.py&quot;, line 953, in job
	    builder = self._init_job(job_order, runtimeContext)
	  File &quot;/home/michael/common-workflow-language/toil5.6.0/lib/python3.10/site-packages/cwltool/process.py&quot;, line 920, in _init_job
	    builder.bind_input(
	  File &quot;/home/michael/common-workflow-language/toil5.6.0/lib/python3.10/site-packages/cwltool/builder.py&quot;, line 355, in bind_input
	    self.bind_input(
	  File &quot;/home/michael/common-workflow-language/toil5.6.0/lib/python3.10/site-packages/cwltool/builder.py&quot;, line 321, in bind_input
	    self.bind_input(
	  File &quot;/home/michael/common-workflow-language/toil5.6.0/lib/python3.10/site-packages/cwltool/builder.py&quot;, line 355, in bind_input
	    self.bind_input(
	  File &quot;/home/michael/common-workflow-language/toil5.6.0/lib/python3.10/site-packages/cwltool/builder.py&quot;, line 539, in bind_input
	    raise SourceLine(
	cwltool.errors.WorkflowException: tests/record-in-secondaryFiles.cwl:10:11: Missing required secondary file 'A.s2' from file object: {
	tests/record-in-secondaryFiles.cwl:10:11:     &quot;class&quot;: &quot;File&quot;,
	tests/record-in-secondaryFiles.cwl:10:11:     &quot;location&quot;: &quot;file:///home/michael/cwl-v1.2/tests/rec/A&quot;,
	tests/record-in-secondaryFiles.cwl:10:11:     &quot;size&quot;: 0,
	tests/record-in-secondaryFiles.cwl:10:11:     &quot;basename&quot;: &quot;A&quot;,
	tests/record-in-secondaryFiles.cwl:10:11:     &quot;nameroot&quot;: &quot;A&quot;,
	tests/record-in-secondaryFiles.cwl:10:11:     &quot;nameext&quot;: &quot;&quot;,
	tests/record-in-secondaryFiles.cwl:10:11:     &quot;secondaryFiles&quot;: []
	tests/record-in-secondaryFiles.cwl:10:11: }
	[2022-05-12T15:28:14+0200] [MainThread] [E] [toil.worker] Exiting the worker because of a failed job on host mrc-tux
&lt;=========
</system-err>
		</testcase>
		<testcase name="Test format on anonymous record fields" time="4.580071" class="command_line_tool, required" file="input_records_file_entry_with_format" url="cwltest:conformance_tests#206">
			<system-out>{}</system-out>
			<system-err>[2022-05-12T15:28:10+0200] [MainThread] [I] [cwltool] Resolved 'tests/record-in-format.cwl' to 'file:///home/michael/cwl-v1.2/tests/record-in-format.cwl'
[2022-05-12T15:28:11+0200] [MainThread] [I] [toil.job] Saving graph of 1 jobs, 1 new
[2022-05-12T15:28:11+0200] [MainThread] [I] [toil.job] Processing job 'CWLJob' record-in-format.cwl kind-CWLJob/instance-98ivvhvz v0
[2022-05-12T15:28:11+0200] [MainThread] [I] [toil] Running Toil version 5.6.0-c34146a6437e4407a61e946e968bcce67a0ebbca on host mrc-tux.
[2022-05-12T15:28:11+0200] [MainThread] [I] [toil.leader] Issued job 'CWLJob' record-in-format.cwl kind-CWLJob/instance-98ivvhvz v1 with job batch system ID: 0 and cores: 1, disk: 3.0 Gi, and memory: 2.0 Gi
[2022-05-12T15:28:12+0200] [MainThread] [I] [toil.worker] Redirecting logging to /tmp/1a6181f365ac57658711b0f56e5495c2/53ca/worker_log.txt
[2022-05-12T15:28:12+0200] [MainThread] [I] [toil.leader] 0 jobs are running, 0 jobs are issued and waiting to run
[2022-05-12T15:28:13+0200] [MainThread] [I] [toil.leader] Finished toil run successfully.
[2022-05-12T15:28:13+0200] [MainThread] [I] [toil.common] Successfully deleted the job store: FileJobStore(/tmp/tmpjmlvpwh6)
</system-err>
		</testcase>
		<testcase name="Test file format checking on parameter" time="2.727098" class="command_line_tool, format_checking" file="input_records_file_entry_with_format_and_bad_regular_input_file_format" url="cwltest:conformance_tests#207">
			<system-err>[2022-05-12T15:28:11+0200] [MainThread] [I] [cwltool] Resolved 'tests/record-in-format.cwl' to 'file:///home/michael/cwl-v1.2/tests/record-in-format.cwl'
Traceback (most recent call last):
  File &quot;/home/michael/common-workflow-language/toil5.6.0/lib/python3.10/site-packages/cwltool/builder.py&quot;, line 583, in bind_input
    check_format(
  File &quot;/home/michael/common-workflow-language/toil5.6.0/lib/python3.10/site-packages/cwltool/builder.py&quot;, line 132, in check_format
    raise ValidationException(
schema_salad.exceptions.ValidationException: File has an incompatible format: {
    &quot;class&quot;: &quot;File&quot;,
    &quot;location&quot;: &quot;file:///home/michael/cwl-v1.2/tests/rec/D&quot;,
    &quot;format&quot;: &quot;http://example.com/formatZ&quot;,
    &quot;size&quot;: 0,
    &quot;basename&quot;: &quot;D&quot;,
    &quot;nameroot&quot;: &quot;D&quot;,
    &quot;nameext&quot;: &quot;&quot;,
    &quot;streamable&quot;: false
}

The above exception was the direct cause of the following exception:

Traceback (most recent call last):
  File &quot;/home/michael/common-workflow-language/toil5.6.0/bin/toil-cwl-runner&quot;, line 8, in &lt;module&gt;
    sys.exit(main())
  File &quot;/home/michael/common-workflow-language/toil5.6.0/lib/python3.10/site-packages/toil/cwl/cwltoil.py&quot;, line 3418, in main
    builder = tool._init_job(initialized_job_order, runtime_context)
  File &quot;/home/michael/common-workflow-language/toil5.6.0/lib/python3.10/site-packages/cwltool/process.py&quot;, line 920, in _init_job
    builder.bind_input(
  File &quot;/home/michael/common-workflow-language/toil5.6.0/lib/python3.10/site-packages/cwltool/builder.py&quot;, line 355, in bind_input
    self.bind_input(
  File &quot;/home/michael/common-workflow-language/toil5.6.0/lib/python3.10/site-packages/cwltool/builder.py&quot;, line 589, in bind_input
    raise WorkflowException(
cwltool.errors.WorkflowException: Expected value of 'regular_input' to have format http://example.com/format1 but
  File has an incompatible format: {
    &quot;class&quot;: &quot;File&quot;,
    &quot;location&quot;: &quot;file:///home/michael/cwl-v1.2/tests/rec/D&quot;,
    &quot;format&quot;: &quot;http://example.com/formatZ&quot;,
    &quot;size&quot;: 0,
    &quot;basename&quot;: &quot;D&quot;,
    &quot;nameroot&quot;: &quot;D&quot;,
    &quot;nameext&quot;: &quot;&quot;,
    &quot;streamable&quot;: false
}
</system-err>
		</testcase>
		<testcase name="Test file format checking on record field" time="2.746717" class="command_line_tool, format_checking" file="input_records_file_entry_with_format_and_bad_entry_file_format" url="cwltest:conformance_tests#208">
			<system-err>[2022-05-12T15:28:13+0200] [MainThread] [I] [cwltool] Resolved 'tests/record-in-format.cwl' to 'file:///home/michael/cwl-v1.2/tests/record-in-format.cwl'
Traceback (most recent call last):
  File &quot;/home/michael/common-workflow-language/toil5.6.0/lib/python3.10/site-packages/cwltool/builder.py&quot;, line 583, in bind_input
    check_format(
  File &quot;/home/michael/common-workflow-language/toil5.6.0/lib/python3.10/site-packages/cwltool/builder.py&quot;, line 132, in check_format
    raise ValidationException(
schema_salad.exceptions.ValidationException: File has an incompatible format: {
    &quot;class&quot;: &quot;File&quot;,
    &quot;location&quot;: &quot;file:///home/michael/cwl-v1.2/tests/rec/A&quot;,
    &quot;format&quot;: &quot;http://example.com/formatZ&quot;,
    &quot;size&quot;: 0,
    &quot;basename&quot;: &quot;A&quot;,
    &quot;nameroot&quot;: &quot;A&quot;,
    &quot;nameext&quot;: &quot;&quot;
}

The above exception was the direct cause of the following exception:

Traceback (most recent call last):
  File &quot;/home/michael/common-workflow-language/toil5.6.0/bin/toil-cwl-runner&quot;, line 8, in &lt;module&gt;
    sys.exit(main())
  File &quot;/home/michael/common-workflow-language/toil5.6.0/lib/python3.10/site-packages/toil/cwl/cwltoil.py&quot;, line 3418, in main
    builder = tool._init_job(initialized_job_order, runtime_context)
  File &quot;/home/michael/common-workflow-language/toil5.6.0/lib/python3.10/site-packages/cwltool/process.py&quot;, line 920, in _init_job
    builder.bind_input(
  File &quot;/home/michael/common-workflow-language/toil5.6.0/lib/python3.10/site-packages/cwltool/builder.py&quot;, line 355, in bind_input
    self.bind_input(
  File &quot;/home/michael/common-workflow-language/toil5.6.0/lib/python3.10/site-packages/cwltool/builder.py&quot;, line 321, in bind_input
    self.bind_input(
  File &quot;/home/michael/common-workflow-language/toil5.6.0/lib/python3.10/site-packages/cwltool/builder.py&quot;, line 355, in bind_input
    self.bind_input(
  File &quot;/home/michael/common-workflow-language/toil5.6.0/lib/python3.10/site-packages/cwltool/builder.py&quot;, line 589, in bind_input
    raise WorkflowException(
cwltool.errors.WorkflowException: Expected value of 'f1' to have format http://example.com/format1 but
  File has an incompatible format: {
    &quot;class&quot;: &quot;File&quot;,
    &quot;location&quot;: &quot;file:///home/michael/cwl-v1.2/tests/rec/A&quot;,
    &quot;format&quot;: &quot;http://example.com/formatZ&quot;,
    &quot;size&quot;: 0,
    &quot;basename&quot;: &quot;A&quot;,
    &quot;nameroot&quot;: &quot;A&quot;,
    &quot;nameext&quot;: &quot;&quot;
}
</system-err>
		</testcase>
		<testcase name="Test file format checking on array item" time="2.733265" class="command_line_tool, format_checking" file="input_records_file_entry_with_format_and_bad_entry_array_file_format" url="cwltest:conformance_tests#209">
			<system-err>[2022-05-12T15:28:14+0200] [MainThread] [I] [cwltool] Resolved 'tests/record-in-format.cwl' to 'file:///home/michael/cwl-v1.2/tests/record-in-format.cwl'
Traceback (most recent call last):
  File &quot;/home/michael/common-workflow-language/toil5.6.0/lib/python3.10/site-packages/cwltool/builder.py&quot;, line 583, in bind_input
    check_format(
  File &quot;/home/michael/common-workflow-language/toil5.6.0/lib/python3.10/site-packages/cwltool/builder.py&quot;, line 132, in check_format
    raise ValidationException(
schema_salad.exceptions.ValidationException: File has an incompatible format: {
    &quot;class&quot;: &quot;File&quot;,
    &quot;location&quot;: &quot;file:///home/michael/cwl-v1.2/tests/rec/C&quot;,
    &quot;format&quot;: &quot;http://example.com/formatZ&quot;,
    &quot;size&quot;: 0,
    &quot;basename&quot;: &quot;C&quot;,
    &quot;nameroot&quot;: &quot;C&quot;,
    &quot;nameext&quot;: &quot;&quot;
}

During handling of the above exception, another exception occurred:

Traceback (most recent call last):
  File &quot;/home/michael/common-workflow-language/toil5.6.0/bin/toil-cwl-runner&quot;, line 8, in &lt;module&gt;
    sys.exit(main())
  File &quot;/home/michael/common-workflow-language/toil5.6.0/lib/python3.10/site-packages/toil/cwl/cwltoil.py&quot;, line 3418, in main
    builder = tool._init_job(initialized_job_order, runtime_context)
  File &quot;/home/michael/common-workflow-language/toil5.6.0/lib/python3.10/site-packages/cwltool/process.py&quot;, line 920, in _init_job
    builder.bind_input(
  File &quot;/home/michael/common-workflow-language/toil5.6.0/lib/python3.10/site-packages/cwltool/builder.py&quot;, line 355, in bind_input
    self.bind_input(
  File &quot;/home/michael/common-workflow-language/toil5.6.0/lib/python3.10/site-packages/cwltool/builder.py&quot;, line 321, in bind_input
    self.bind_input(
  File &quot;/home/michael/common-workflow-language/toil5.6.0/lib/python3.10/site-packages/cwltool/builder.py&quot;, line 355, in bind_input
    self.bind_input(
  File &quot;/home/michael/common-workflow-language/toil5.6.0/lib/python3.10/site-packages/cwltool/builder.py&quot;, line 321, in bind_input
    self.bind_input(
  File &quot;/home/michael/common-workflow-language/toil5.6.0/lib/python3.10/site-packages/cwltool/builder.py&quot;, line 380, in bind_input
    self.bind_input(
  File &quot;/home/michael/common-workflow-language/toil5.6.0/lib/python3.10/site-packages/cwltool/builder.py&quot;, line 591, in bind_input
    &quot; %s&quot; % (schema[&quot;name&quot;], schema[&quot;format&quot;], ve)
KeyError: 'name'
</system-err>
		</testcase>
		<testcase name="Test format on output record fields" time="4.707492" class="command_line_tool, format_checking" file="record_output_file_entry_format" url="cwltest:conformance_tests#210">
			<system-out>{
    &quot;f1out&quot;: {
        &quot;class&quot;: &quot;File&quot;,
        &quot;location&quot;: &quot;file:///tmp/tmp533oqs_8/A&quot;,
        &quot;size&quot;: 0,
        &quot;basename&quot;: &quot;A&quot;,
        &quot;nameroot&quot;: &quot;A&quot;,
        &quot;nameext&quot;: &quot;&quot;,
        &quot;format&quot;: &quot;http://example.com/format1&quot;,
        &quot;checksum&quot;: &quot;sha1$da39a3ee5e6b4b0d3255bfef95601890afd80709&quot;
    },
    &quot;record_output&quot;: {
        &quot;f2out&quot;: {
            &quot;class&quot;: &quot;File&quot;,
            &quot;location&quot;: &quot;file:///tmp/tmp533oqs_8/B&quot;,
            &quot;size&quot;: 0,
            &quot;basename&quot;: &quot;B&quot;,
            &quot;nameroot&quot;: &quot;B&quot;,
            &quot;nameext&quot;: &quot;&quot;,
            &quot;format&quot;: &quot;http://example.com/format2&quot;,
            &quot;checksum&quot;: &quot;sha1$da39a3ee5e6b4b0d3255bfef95601890afd80709&quot;
        }
    }
}</system-out>
			<system-err>[2022-05-12T15:28:16+0200] [MainThread] [I] [cwltool] Resolved 'tests/record-out-format.cwl' to 'file:///home/michael/cwl-v1.2/tests/record-out-format.cwl'
[2022-05-12T15:28:18+0200] [MainThread] [I] [toil.job] Saving graph of 1 jobs, 1 new
[2022-05-12T15:28:18+0200] [MainThread] [I] [toil.job] Processing job 'CWLJob' record-out-format.cwl kind-CWLJob/instance-4vk3euri v0
[2022-05-12T15:28:18+0200] [MainThread] [I] [toil] Running Toil version 5.6.0-c34146a6437e4407a61e946e968bcce67a0ebbca on host mrc-tux.
[2022-05-12T15:28:18+0200] [MainThread] [I] [toil.leader] Issued job 'CWLJob' record-out-format.cwl kind-CWLJob/instance-4vk3euri v1 with job batch system ID: 0 and cores: 1, disk: 3.0 Gi, and memory: 2.0 Gi
[2022-05-12T15:28:18+0200] [MainThread] [I] [toil.worker] Redirecting logging to /tmp/6e7ff44320fb5cdf95b629d07c1376ca/9c17/worker_log.txt
[2022-05-12T15:28:19+0200] [MainThread] [I] [toil.leader] 0 jobs are running, 0 jobs are issued and waiting to run
[2022-05-12T15:28:20+0200] [MainThread] [I] [toil.leader] Finished toil run successfully.
[2022-05-12T15:28:20+0200] [MainThread] [I] [toil.common] Successfully deleted the job store: FileJobStore(/tmp/tmptjzfxh8h)
</system-err>
		</testcase>
		<testcase name="Test WorkflowInputParameter.inputBinding.loadContents" time="8.854351" class="workflow, step_input, inline_javascript, expression_tool" file="workflow_input_inputBinding_loadContents" url="cwltest:conformance_tests#211">
			<system-out>{
    &quot;my_int&quot;: 42
}</system-out>
			<system-err>[2022-05-12T15:28:16+0200] [MainThread] [I] [cwltool] Resolved 'tests/wf-loadContents.cwl' to 'file:///home/michael/cwl-v1.2/tests/wf-loadContents.cwl'
[2022-05-12T15:28:19+0200] [MainThread] [I] [toil.job] Saving graph of 2 jobs, 2 new
[2022-05-12T15:28:19+0200] [MainThread] [I] [toil.job] Processing job 'ResolveIndirect' kind-ResolveIndirect/instance-2f928w10 v0
[2022-05-12T15:28:19+0200] [MainThread] [I] [toil.job] Processing job 'CWLWorkflow' kind-CWLWorkflow/instance-kybt46xy v0
[2022-05-12T15:28:19+0200] [MainThread] [I] [toil] Running Toil version 5.6.0-c34146a6437e4407a61e946e968bcce67a0ebbca on host mrc-tux.
[2022-05-12T15:28:20+0200] [MainThread] [I] [toil.worker] Redirecting logging to /tmp/00cc468bf4cf581e9b19cc0ec391f6a7/1b0f/worker_log.txt
[2022-05-12T15:28:20+0200] [MainThread] [I] [toil.leader] 0 jobs are running, 0 jobs are issued and waiting to run
[2022-05-12T15:28:20+0200] [MainThread] [I] [toil.leader] Issued job 'CWLJob' wf-loadContents.cwl.one._:80dde98d-e242-420e-abaa-90dfa277ef8a kind-CWLJob/instance-ju_r5x2v v1 with job batch system ID: 1 and cores: 1, disk: 3.0 Gi, and memory: 2.0 Gi
[2022-05-12T15:28:20+0200] [MainThread] [I] [toil.worker] Redirecting logging to /tmp/00cc468bf4cf581e9b19cc0ec391f6a7/b173/worker_log.txt
[2022-05-12T15:28:21+0200] [MainThread] [I] [toil.worker] Redirecting logging to /tmp/00cc468bf4cf581e9b19cc0ec391f6a7/3f2e/worker_log.txt
[2022-05-12T15:28:22+0200] [MainThread] [I] [toil.worker] Redirecting logging to /tmp/00cc468bf4cf581e9b19cc0ec391f6a7/c970/worker_log.txt
[2022-05-12T15:28:24+0200] [MainThread] [I] [toil.leader] Finished toil run successfully.
[2022-05-12T15:28:24+0200] [MainThread] [I] [toil.common] Successfully deleted the job store: FileJobStore(/tmp/tmpc1y_3cmx)
</system-err>
		</testcase>
		<testcase name="Test WorkflowInputParameter.loadContents" time="8.967637" class="workflow, step_input, inline_javascript, expression_tool" file="workflow_input_loadContents_without_inputBinding" url="cwltest:conformance_tests#212">
			<system-out>{
    &quot;my_int&quot;: 42
}</system-out>
			<system-err>[2022-05-12T15:28:17+0200] [MainThread] [I] [cwltool] Resolved 'tests/wf-loadContents2.cwl' to 'file:///home/michael/cwl-v1.2/tests/wf-loadContents2.cwl'
[2022-05-12T15:28:20+0200] [MainThread] [I] [toil.job] Saving graph of 2 jobs, 2 new
[2022-05-12T15:28:20+0200] [MainThread] [I] [toil.job] Processing job 'ResolveIndirect' kind-ResolveIndirect/instance-_8cg5yn1 v0
[2022-05-12T15:28:20+0200] [MainThread] [I] [toil.job] Processing job 'CWLWorkflow' kind-CWLWorkflow/instance-3cocuh_1 v0
[2022-05-12T15:28:20+0200] [MainThread] [I] [toil] Running Toil version 5.6.0-c34146a6437e4407a61e946e968bcce67a0ebbca on host mrc-tux.
[2022-05-12T15:28:21+0200] [MainThread] [I] [toil.worker] Redirecting logging to /tmp/08be68c70ffd54089fa5b49c24124b6d/a19c/worker_log.txt
[2022-05-12T15:28:21+0200] [MainThread] [I] [toil.leader] 0 jobs are running, 0 jobs are issued and waiting to run
[2022-05-12T15:28:21+0200] [MainThread] [I] [toil.leader] Issued job 'CWLJob' wf-loadContents2.cwl.one._:0533c92d-942c-44f0-8954-7f47a0c6b32f kind-CWLJob/instance-nrw5jvuo v1 with job batch system ID: 1 and cores: 1, disk: 3.0 Gi, and memory: 2.0 Gi
[2022-05-12T15:28:21+0200] [MainThread] [I] [toil.worker] Redirecting logging to /tmp/08be68c70ffd54089fa5b49c24124b6d/4efa/worker_log.txt
[2022-05-12T15:28:22+0200] [MainThread] [I] [toil.worker] Redirecting logging to /tmp/08be68c70ffd54089fa5b49c24124b6d/3389/worker_log.txt
[2022-05-12T15:28:23+0200] [MainThread] [I] [toil.worker] Redirecting logging to /tmp/08be68c70ffd54089fa5b49c24124b6d/f23f/worker_log.txt
[2022-05-12T15:28:25+0200] [MainThread] [I] [toil.leader] Finished toil run successfully.
[2022-05-12T15:28:25+0200] [MainThread] [I] [toil.common] Successfully deleted the job store: FileJobStore(/tmp/tmpjm6fh_fg)
</system-err>
		</testcase>
		<testcase name="Test loadContents on InputParameter.loadContents (expression)" time="9.369317" class="workflow, step_input, inline_javascript, expression_tool" file="expression_tool_input_loadContents" url="cwltest:conformance_tests#213">
			<system-out>{
    &quot;my_int&quot;: 42
}</system-out>
			<system-err>[2022-05-12T15:28:21+0200] [MainThread] [I] [cwltool] Resolved 'tests/wf-loadContents3.cwl' to 'file:///home/michael/cwl-v1.2/tests/wf-loadContents3.cwl'
[2022-05-12T15:28:24+0200] [MainThread] [I] [toil.job] Saving graph of 2 jobs, 2 new
[2022-05-12T15:28:24+0200] [MainThread] [I] [toil.job] Processing job 'ResolveIndirect' kind-ResolveIndirect/instance-er0croa8 v0
[2022-05-12T15:28:24+0200] [MainThread] [I] [toil.job] Processing job 'CWLWorkflow' kind-CWLWorkflow/instance-7p7k_iub v0
[2022-05-12T15:28:24+0200] [MainThread] [I] [toil] Running Toil version 5.6.0-c34146a6437e4407a61e946e968bcce67a0ebbca on host mrc-tux.
[2022-05-12T15:28:25+0200] [MainThread] [I] [toil.worker] Redirecting logging to /tmp/ff1efa11fa875d93b99b05b4388191d0/94a6/worker_log.txt
[2022-05-12T15:28:25+0200] [MainThread] [I] [toil.leader] 0 jobs are running, 0 jobs are issued and waiting to run
[2022-05-12T15:28:25+0200] [MainThread] [I] [toil.leader] Issued job 'CWLJob' wf-loadContents3.cwl.one._:8fce598b-3e3c-4953-86c8-415cd06d1c44 kind-CWLJob/instance-br03ch4y v1 with job batch system ID: 1 and cores: 1, disk: 3.0 Gi, and memory: 2.0 Gi
[2022-05-12T15:28:26+0200] [MainThread] [I] [toil.worker] Redirecting logging to /tmp/ff1efa11fa875d93b99b05b4388191d0/7d60/worker_log.txt
[2022-05-12T15:28:26+0200] [MainThread] [I] [toil.worker] Redirecting logging to /tmp/ff1efa11fa875d93b99b05b4388191d0/e2cd/worker_log.txt
[2022-05-12T15:28:27+0200] [MainThread] [I] [toil.worker] Redirecting logging to /tmp/ff1efa11fa875d93b99b05b4388191d0/385c/worker_log.txt
[2022-05-12T15:28:29+0200] [MainThread] [I] [toil.leader] Finished toil run successfully.
[2022-05-12T15:28:29+0200] [MainThread] [I] [toil.common] Successfully deleted the job store: FileJobStore(/tmp/tmphd8q8jna)
</system-err>
		</testcase>
		<testcase name="Test WorkflowStepInput.loadContents" time="9.110162" class="workflow, step_input, inline_javascript, expression_tool" file="workflow_step_in_loadContents" url="cwltest:conformance_tests#214">
			<system-out>{
    &quot;my_int&quot;: 42
}</system-out>
			<system-err>[2022-05-12T15:28:21+0200] [MainThread] [I] [cwltool] Resolved 'tests/wf-loadContents4.cwl' to 'file:///home/michael/cwl-v1.2/tests/wf-loadContents4.cwl'
[2022-05-12T15:28:24+0200] [MainThread] [I] [toil.job] Saving graph of 2 jobs, 2 new
[2022-05-12T15:28:24+0200] [MainThread] [I] [toil.job] Processing job 'ResolveIndirect' kind-ResolveIndirect/instance-7mhcbtk3 v0
[2022-05-12T15:28:24+0200] [MainThread] [I] [toil.job] Processing job 'CWLWorkflow' kind-CWLWorkflow/instance-7sxyyxme v0
[2022-05-12T15:28:24+0200] [MainThread] [I] [toil] Running Toil version 5.6.0-c34146a6437e4407a61e946e968bcce67a0ebbca on host mrc-tux.
[2022-05-12T15:28:25+0200] [MainThread] [I] [toil.worker] Redirecting logging to /tmp/567f8fae5af2509588a4518f7c706ae5/2b18/worker_log.txt
[2022-05-12T15:28:25+0200] [MainThread] [I] [toil.leader] 0 jobs are running, 0 jobs are issued and waiting to run
[2022-05-12T15:28:25+0200] [MainThread] [I] [toil.leader] Issued job 'CWLJob' wf-loadContents4.cwl.one._:3204e46f-3ba6-4c99-b2cc-bbecc61a809e kind-CWLJob/instance-pgalektq v1 with job batch system ID: 1 and cores: 1, disk: 3.0 Gi, and memory: 2.0 Gi
[2022-05-12T15:28:25+0200] [MainThread] [I] [toil.worker] Redirecting logging to /tmp/567f8fae5af2509588a4518f7c706ae5/1754/worker_log.txt
[2022-05-12T15:28:26+0200] [MainThread] [I] [toil.worker] Redirecting logging to /tmp/567f8fae5af2509588a4518f7c706ae5/a1d8/worker_log.txt
[2022-05-12T15:28:27+0200] [MainThread] [I] [toil.worker] Redirecting logging to /tmp/567f8fae5af2509588a4518f7c706ae5/016e/worker_log.txt
[2022-05-12T15:28:29+0200] [MainThread] [I] [toil.leader] Finished toil run successfully.
[2022-05-12T15:28:29+0200] [MainThread] [I] [toil.common] Successfully deleted the job store: FileJobStore(/tmp/tmptatrm6ix)
</system-err>
		</testcase>
		<testcase name="Test that job fails when exceeding time limit" time="13.744216" class="command_line_tool, timelimit, work_reuse" file="timelimit_basic" url="cwltest:conformance_tests#215">
			<system-err>[2022-05-12T15:28:25+0200] [MainThread] [I] [cwltool] Resolved 'tests/timelimit.cwl' to 'file:///home/michael/cwl-v1.2/tests/timelimit.cwl'
[2022-05-12T15:28:27+0200] [MainThread] [I] [toil.job] Saving graph of 1 jobs, 1 new
[2022-05-12T15:28:27+0200] [MainThread] [I] [toil.job] Processing job 'CWLJob' timelimit.cwl kind-CWLJob/instance-8l5zuiks v0
[2022-05-12T15:28:27+0200] [MainThread] [I] [toil] Running Toil version 5.6.0-c34146a6437e4407a61e946e968bcce67a0ebbca on host mrc-tux.
[2022-05-12T15:28:27+0200] [MainThread] [I] [toil.leader] Issued job 'CWLJob' timelimit.cwl kind-CWLJob/instance-8l5zuiks v1 with job batch system ID: 0 and cores: 1, disk: 3.0 Gi, and memory: 2.0 Gi
[2022-05-12T15:28:27+0200] [MainThread] [I] [toil.worker] Redirecting logging to /tmp/0c2969bd6ffa550ab32e192b7a11f8a8/7155/worker_log.txt
[2022-05-12T15:28:29+0200] [MainThread] [I] [toil.leader] 1 jobs are running, 0 jobs are issued and waiting to run
[2022-05-12T15:28:31+0200] [Thread-1 (daddy)] [E] [toil.batchSystems.singleMachine] Got exit code 1 (indicating failure) from job _toil_worker CWLJob file:/tmp/tmpgq1y15y7 kind-CWLJob/instance-8l5zuiks.
[2022-05-12T15:28:31+0200] [MainThread] [W] [toil.leader] Job failed with exit value 1: 'CWLJob' timelimit.cwl kind-CWLJob/instance-8l5zuiks v1
Exit reason: None
[2022-05-12T15:28:31+0200] [MainThread] [W] [toil.leader] The job seems to have left a log file, indicating failure: 'CWLJob' timelimit.cwl kind-CWLJob/instance-8l5zuiks v2
[2022-05-12T15:28:31+0200] [MainThread] [W] [toil.leader] Log from job &quot;kind-CWLJob/instance-8l5zuiks&quot; follows:
=========&gt;
	[2022-05-12T15:28:27+0200] [MainThread] [I] [toil.worker] ---TOIL WORKER OUTPUT LOG---
	[2022-05-12T15:28:27+0200] [MainThread] [I] [toil] Running Toil version 5.6.0-c34146a6437e4407a61e946e968bcce67a0ebbca on host mrc-tux.
	[2022-05-12T15:28:27+0200] [MainThread] [I] [toil.worker] Working on job 'CWLJob' timelimit.cwl kind-CWLJob/instance-8l5zuiks v1
	[2022-05-12T15:28:28+0200] [MainThread] [I] [toil.worker] Loaded body Job('CWLJob' timelimit.cwl kind-CWLJob/instance-8l5zuiks v1) from description 'CWLJob' timelimit.cwl kind-CWLJob/instance-8l5zuiks v1
	[2022-05-12T15:28:28+0200] [MainThread] [I] [cwltool] [job timelimit.cwl] /tmp/tmp9uhj7wc3$ sleep \
	    15
	[2022-05-12T15:28:31+0200] [Thread-1  ] [W] [cwltool] [job timelimit.cwl] exceeded time limit of 3 seconds and will be terminated
	[2022-05-12T15:28:31+0200] [MainThread] [I] [cwltool] [job timelimit.cwl] Max memory used: 1MiB
	[2022-05-12T15:28:31+0200] [MainThread] [W] [cwltool] [job timelimit.cwl] completed permanentFail
	Traceback (most recent call last):
	  File &quot;/home/michael/common-workflow-language/toil5.6.0/lib/python3.10/site-packages/toil/worker.py&quot;, line 405, in workerScript
	    job._runner(jobGraph=None, jobStore=jobStore, fileStore=fileStore, defer=defer)
	  File &quot;/home/michael/common-workflow-language/toil5.6.0/lib/python3.10/site-packages/toil/job.py&quot;, line 2399, in _runner
	    returnValues = self._run(jobGraph=None, fileStore=fileStore)
	  File &quot;/home/michael/common-workflow-language/toil5.6.0/lib/python3.10/site-packages/toil/job.py&quot;, line 2317, in _run
	    return self.run(fileStore)
	  File &quot;/home/michael/common-workflow-language/toil5.6.0/lib/python3.10/site-packages/toil/cwl/cwltoil.py&quot;, line 2054, in run
	    raise cwltool.errors.WorkflowException(status)
	cwltool.errors.WorkflowException: permanentFail
	[2022-05-12T15:28:31+0200] [MainThread] [E] [toil.worker] Exiting the worker because of a failed job on host mrc-tux
&lt;=========
[2022-05-12T15:28:31+0200] [MainThread] [W] [toil.job] Due to failure we are reducing the remaining try count of job 'CWLJob' timelimit.cwl kind-CWLJob/instance-8l5zuiks v2 with ID kind-CWLJob/instance-8l5zuiks to 1
[2022-05-12T15:28:31+0200] [MainThread] [I] [toil.leader] Issued job 'CWLJob' timelimit.cwl kind-CWLJob/instance-8l5zuiks v3 with job batch system ID: 1 and cores: 1, disk: 3.0 Gi, and memory: 2.0 Gi
[2022-05-12T15:28:31+0200] [MainThread] [I] [toil.worker] Redirecting logging to /tmp/0c2969bd6ffa550ab32e192b7a11f8a8/1031/worker_log.txt
[2022-05-12T15:28:34+0200] [Thread-1 (daddy)] [E] [toil.batchSystems.singleMachine] Got exit code 1 (indicating failure) from job _toil_worker CWLJob file:/tmp/tmpgq1y15y7 kind-CWLJob/instance-8l5zuiks.
[2022-05-12T15:28:34+0200] [MainThread] [W] [toil.leader] Job failed with exit value 1: 'CWLJob' timelimit.cwl kind-CWLJob/instance-8l5zuiks v3
Exit reason: None
[2022-05-12T15:28:34+0200] [MainThread] [W] [toil.leader] The job seems to have left a log file, indicating failure: 'CWLJob' timelimit.cwl kind-CWLJob/instance-8l5zuiks v5
[2022-05-12T15:28:34+0200] [MainThread] [W] [toil.leader] Log from job &quot;kind-CWLJob/instance-8l5zuiks&quot; follows:
=========&gt;
	[2022-05-12T15:28:31+0200] [MainThread] [I] [toil.worker] ---TOIL WORKER OUTPUT LOG---
	[2022-05-12T15:28:31+0200] [MainThread] [I] [toil] Running Toil version 5.6.0-c34146a6437e4407a61e946e968bcce67a0ebbca on host mrc-tux.
	[2022-05-12T15:28:31+0200] [MainThread] [I] [toil.worker] Working on job 'CWLJob' timelimit.cwl kind-CWLJob/instance-8l5zuiks v4
	[2022-05-12T15:28:31+0200] [MainThread] [I] [toil.worker] Loaded body Job('CWLJob' timelimit.cwl kind-CWLJob/instance-8l5zuiks v4) from description 'CWLJob' timelimit.cwl kind-CWLJob/instance-8l5zuiks v4
	[2022-05-12T15:28:31+0200] [MainThread] [I] [cwltool] [job timelimit.cwl] /tmp/tmpt0mvm00d$ sleep \
	    15
	[2022-05-12T15:28:34+0200] [Thread-1  ] [W] [cwltool] [job timelimit.cwl] exceeded time limit of 3 seconds and will be terminated
	[2022-05-12T15:28:34+0200] [MainThread] [I] [cwltool] [job timelimit.cwl] Max memory used: 1MiB
	[2022-05-12T15:28:34+0200] [MainThread] [W] [cwltool] [job timelimit.cwl] completed permanentFail
	Traceback (most recent call last):
	  File &quot;/home/michael/common-workflow-language/toil5.6.0/lib/python3.10/site-packages/toil/worker.py&quot;, line 405, in workerScript
	    job._runner(jobGraph=None, jobStore=jobStore, fileStore=fileStore, defer=defer)
	  File &quot;/home/michael/common-workflow-language/toil5.6.0/lib/python3.10/site-packages/toil/job.py&quot;, line 2399, in _runner
	    returnValues = self._run(jobGraph=None, fileStore=fileStore)
	  File &quot;/home/michael/common-workflow-language/toil5.6.0/lib/python3.10/site-packages/toil/job.py&quot;, line 2317, in _run
	    return self.run(fileStore)
	  File &quot;/home/michael/common-workflow-language/toil5.6.0/lib/python3.10/site-packages/toil/cwl/cwltoil.py&quot;, line 2054, in run
	    raise cwltool.errors.WorkflowException(status)
	cwltool.errors.WorkflowException: permanentFail
	[2022-05-12T15:28:34+0200] [MainThread] [E] [toil.worker] Exiting the worker because of a failed job on host mrc-tux
&lt;=========
[2022-05-12T15:28:34+0200] [MainThread] [W] [toil.job] Due to failure we are reducing the remaining try count of job 'CWLJob' timelimit.cwl kind-CWLJob/instance-8l5zuiks v5 with ID kind-CWLJob/instance-8l5zuiks to 0
[2022-05-12T15:28:34+0200] [MainThread] [W] [toil.leader] Job 'CWLJob' timelimit.cwl kind-CWLJob/instance-8l5zuiks v6 is completely failed
[2022-05-12T15:28:38+0200] [MainThread] [I] [toil.leader] Finished toil run with 1 failed jobs.
[2022-05-12T15:28:38+0200] [MainThread] [I] [toil.leader] Failed jobs at end of the run: 'CWLJob' timelimit.cwl kind-CWLJob/instance-8l5zuiks v6
Traceback (most recent call last):
  File &quot;/home/michael/common-workflow-language/toil5.6.0/bin/toil-cwl-runner&quot;, line 8, in &lt;module&gt;
    sys.exit(main())
  File &quot;/home/michael/common-workflow-language/toil5.6.0/lib/python3.10/site-packages/toil/cwl/cwltoil.py&quot;, line 3486, in main
    outobj = toil.start(wf1)
  File &quot;/home/michael/common-workflow-language/toil5.6.0/lib/python3.10/site-packages/toil/common.py&quot;, line 951, in start
    return self._runMainLoop(rootJobDescription)
  File &quot;/home/michael/common-workflow-language/toil5.6.0/lib/python3.10/site-packages/toil/common.py&quot;, line 1278, in _runMainLoop
    jobCache=self._jobCache).run()
  File &quot;/home/michael/common-workflow-language/toil5.6.0/lib/python3.10/site-packages/toil/leader.py&quot;, line 289, in run
    raise FailedJobsException(self.jobStore, failed_jobs, exit_code=self.recommended_fail_exit_code)
toil.leader.FailedJobsException: The job store '/tmp/tmpgq1y15y7' contains 1 failed jobs: 'CWLJob' timelimit.cwl kind-CWLJob/instance-8l5zuiks v6
Log from job &quot;'CWLJob' timelimit.cwl kind-CWLJob/instance-8l5zuiks v6&quot; follows:
=========&gt;
	[2022-05-12T15:28:31+0200] [MainThread] [I] [toil.worker] ---TOIL WORKER OUTPUT LOG---
	[2022-05-12T15:28:31+0200] [MainThread] [I] [toil] Running Toil version 5.6.0-c34146a6437e4407a61e946e968bcce67a0ebbca on host mrc-tux.
	[2022-05-12T15:28:31+0200] [MainThread] [I] [toil.worker] Working on job 'CWLJob' timelimit.cwl kind-CWLJob/instance-8l5zuiks v4
	[2022-05-12T15:28:31+0200] [MainThread] [I] [toil.worker] Loaded body Job('CWLJob' timelimit.cwl kind-CWLJob/instance-8l5zuiks v4) from description 'CWLJob' timelimit.cwl kind-CWLJob/instance-8l5zuiks v4
	[2022-05-12T15:28:31+0200] [MainThread] [I] [cwltool] [job timelimit.cwl] /tmp/tmpt0mvm00d$ sleep \
	    15
	[2022-05-12T15:28:34+0200] [Thread-1  ] [W] [cwltool] [job timelimit.cwl] exceeded time limit of 3 seconds and will be terminated
	[2022-05-12T15:28:34+0200] [MainThread] [I] [cwltool] [job timelimit.cwl] Max memory used: 1MiB
	[2022-05-12T15:28:34+0200] [MainThread] [W] [cwltool] [job timelimit.cwl] completed permanentFail
	Traceback (most recent call last):
	  File &quot;/home/michael/common-workflow-language/toil5.6.0/lib/python3.10/site-packages/toil/worker.py&quot;, line 405, in workerScript
	    job._runner(jobGraph=None, jobStore=jobStore, fileStore=fileStore, defer=defer)
	  File &quot;/home/michael/common-workflow-language/toil5.6.0/lib/python3.10/site-packages/toil/job.py&quot;, line 2399, in _runner
	    returnValues = self._run(jobGraph=None, fileStore=fileStore)
	  File &quot;/home/michael/common-workflow-language/toil5.6.0/lib/python3.10/site-packages/toil/job.py&quot;, line 2317, in _run
	    return self.run(fileStore)
	  File &quot;/home/michael/common-workflow-language/toil5.6.0/lib/python3.10/site-packages/toil/cwl/cwltoil.py&quot;, line 2054, in run
	    raise cwltool.errors.WorkflowException(status)
	cwltool.errors.WorkflowException: permanentFail
	[2022-05-12T15:28:34+0200] [MainThread] [E] [toil.worker] Exiting the worker because of a failed job on host mrc-tux
&lt;=========
</system-err>
		</testcase>
		<testcase name="Test invalid time limit value" time="7.905097" class="command_line_tool, timelimit" file="timelimit_invalid" url="cwltest:conformance_tests#216">
			<system-err>[2022-05-12T15:28:26+0200] [MainThread] [I] [cwltool] Resolved 'tests/timelimit2.cwl' to 'file:///home/michael/cwl-v1.2/tests/timelimit2.cwl'
[2022-05-12T15:28:28+0200] [MainThread] [I] [toil.job] Saving graph of 1 jobs, 1 new
[2022-05-12T15:28:28+0200] [MainThread] [I] [toil.job] Processing job 'CWLJob' timelimit2.cwl kind-CWLJob/instance-cut8w0k9 v0
[2022-05-12T15:28:28+0200] [MainThread] [I] [toil] Running Toil version 5.6.0-c34146a6437e4407a61e946e968bcce67a0ebbca on host mrc-tux.
[2022-05-12T15:28:28+0200] [MainThread] [I] [toil.leader] Issued job 'CWLJob' timelimit2.cwl kind-CWLJob/instance-cut8w0k9 v1 with job batch system ID: 0 and cores: 1, disk: 3.0 Gi, and memory: 2.0 Gi
[2022-05-12T15:28:28+0200] [MainThread] [I] [toil.worker] Redirecting logging to /tmp/a6e66e042b7b5f948a4aca4186d9b475/d26f/worker_log.txt
[2022-05-12T15:28:29+0200] [Thread-1 (daddy)] [E] [toil.batchSystems.singleMachine] Got exit code 1 (indicating failure) from job _toil_worker CWLJob file:/tmp/tmpens_e4xs kind-CWLJob/instance-cut8w0k9.
[2022-05-12T15:28:29+0200] [MainThread] [W] [toil.leader] Job failed with exit value 1: 'CWLJob' timelimit2.cwl kind-CWLJob/instance-cut8w0k9 v1
Exit reason: None
[2022-05-12T15:28:29+0200] [MainThread] [W] [toil.leader] The job seems to have left a log file, indicating failure: 'CWLJob' timelimit2.cwl kind-CWLJob/instance-cut8w0k9 v2
[2022-05-12T15:28:29+0200] [MainThread] [W] [toil.leader] Log from job &quot;kind-CWLJob/instance-cut8w0k9&quot; follows:
=========&gt;
	[2022-05-12T15:28:28+0200] [MainThread] [I] [toil.worker] ---TOIL WORKER OUTPUT LOG---
	[2022-05-12T15:28:28+0200] [MainThread] [I] [toil] Running Toil version 5.6.0-c34146a6437e4407a61e946e968bcce67a0ebbca on host mrc-tux.
	[2022-05-12T15:28:28+0200] [MainThread] [I] [toil.worker] Working on job 'CWLJob' timelimit2.cwl kind-CWLJob/instance-cut8w0k9 v1
	[2022-05-12T15:28:29+0200] [MainThread] [I] [toil.worker] Loaded body Job('CWLJob' timelimit2.cwl kind-CWLJob/instance-cut8w0k9 v1) from description 'CWLJob' timelimit2.cwl kind-CWLJob/instance-cut8w0k9 v1
	Traceback (most recent call last):
	  File &quot;/home/michael/common-workflow-language/toil5.6.0/lib/python3.10/site-packages/cwltool/command_line_tool.py&quot;, line 1116, in job
	    raise WorkflowException(
	cwltool.errors.WorkflowException: timelimit must be an integer &gt;= 0, got: -1
	
	During handling of the above exception, another exception occurred:
	
	Traceback (most recent call last):
	  File &quot;/home/michael/common-workflow-language/toil5.6.0/lib/python3.10/site-packages/toil/worker.py&quot;, line 405, in workerScript
	    job._runner(jobGraph=None, jobStore=jobStore, fileStore=fileStore, defer=defer)
	  File &quot;/home/michael/common-workflow-language/toil5.6.0/lib/python3.10/site-packages/toil/job.py&quot;, line 2399, in _runner
	    returnValues = self._run(jobGraph=None, fileStore=fileStore)
	  File &quot;/home/michael/common-workflow-language/toil5.6.0/lib/python3.10/site-packages/toil/job.py&quot;, line 2317, in _run
	    return self.run(fileStore)
	  File &quot;/home/michael/common-workflow-language/toil5.6.0/lib/python3.10/site-packages/toil/cwl/cwltoil.py&quot;, line 2046, in run
	    output, status = ToilSingleJobExecutor().execute(
	  File &quot;/home/michael/common-workflow-language/toil5.6.0/lib/python3.10/site-packages/cwltool/executors.py&quot;, line 143, in execute
	    self.run_jobs(process, job_order_object, logger, runtime_context)
	  File &quot;/home/michael/common-workflow-language/toil5.6.0/lib/python3.10/site-packages/toil/cwl/cwltoil.py&quot;, line 922, in run_jobs
	    return super().run_jobs(process, job_order_object, logger, runtime_context)
	  File &quot;/home/michael/common-workflow-language/toil5.6.0/lib/python3.10/site-packages/cwltool/executors.py&quot;, line 227, in run_jobs
	    for job in jobiter:
	  File &quot;/home/michael/common-workflow-language/toil5.6.0/lib/python3.10/site-packages/cwltool/command_line_tool.py&quot;, line 1104, in job
	    with SourceLine(timelimit, &quot;timelimit&quot;, ValidationException, debug):
	  File &quot;schema_salad/sourceline.py&quot;, line 256, in __exit__
	schema_salad.exceptions.ValidationException: tests/timelimit2.cwl:7:5: timelimit must be an integer &gt;= 0, got: -1
	[2022-05-12T15:28:29+0200] [MainThread] [E] [toil.worker] Exiting the worker because of a failed job on host mrc-tux
&lt;=========
[2022-05-12T15:28:29+0200] [MainThread] [W] [toil.job] Due to failure we are reducing the remaining try count of job 'CWLJob' timelimit2.cwl kind-CWLJob/instance-cut8w0k9 v2 with ID kind-CWLJob/instance-cut8w0k9 to 1
[2022-05-12T15:28:29+0200] [MainThread] [I] [toil.leader] 0 jobs are running, 0 jobs are issued and waiting to run
[2022-05-12T15:28:29+0200] [MainThread] [I] [toil.leader] Issued job 'CWLJob' timelimit2.cwl kind-CWLJob/instance-cut8w0k9 v3 with job batch system ID: 1 and cores: 1, disk: 3.0 Gi, and memory: 2.0 Gi
[2022-05-12T15:28:29+0200] [MainThread] [I] [toil.worker] Redirecting logging to /tmp/a6e66e042b7b5f948a4aca4186d9b475/6db4/worker_log.txt
[2022-05-12T15:28:29+0200] [Thread-1 (daddy)] [E] [toil.batchSystems.singleMachine] Got exit code 1 (indicating failure) from job _toil_worker CWLJob file:/tmp/tmpens_e4xs kind-CWLJob/instance-cut8w0k9.
[2022-05-12T15:28:29+0200] [MainThread] [W] [toil.leader] Job failed with exit value 1: 'CWLJob' timelimit2.cwl kind-CWLJob/instance-cut8w0k9 v3
Exit reason: None
[2022-05-12T15:28:29+0200] [MainThread] [W] [toil.leader] The job seems to have left a log file, indicating failure: 'CWLJob' timelimit2.cwl kind-CWLJob/instance-cut8w0k9 v5
[2022-05-12T15:28:29+0200] [MainThread] [W] [toil.leader] Log from job &quot;kind-CWLJob/instance-cut8w0k9&quot; follows:
=========&gt;
	[2022-05-12T15:28:29+0200] [MainThread] [I] [toil.worker] ---TOIL WORKER OUTPUT LOG---
	[2022-05-12T15:28:29+0200] [MainThread] [I] [toil] Running Toil version 5.6.0-c34146a6437e4407a61e946e968bcce67a0ebbca on host mrc-tux.
	[2022-05-12T15:28:29+0200] [MainThread] [I] [toil.worker] Working on job 'CWLJob' timelimit2.cwl kind-CWLJob/instance-cut8w0k9 v4
	[2022-05-12T15:28:29+0200] [MainThread] [I] [toil.worker] Loaded body Job('CWLJob' timelimit2.cwl kind-CWLJob/instance-cut8w0k9 v4) from description 'CWLJob' timelimit2.cwl kind-CWLJob/instance-cut8w0k9 v4
	Traceback (most recent call last):
	  File &quot;/home/michael/common-workflow-language/toil5.6.0/lib/python3.10/site-packages/cwltool/command_line_tool.py&quot;, line 1116, in job
	    raise WorkflowException(
	cwltool.errors.WorkflowException: timelimit must be an integer &gt;= 0, got: -1
	
	During handling of the above exception, another exception occurred:
	
	Traceback (most recent call last):
	  File &quot;/home/michael/common-workflow-language/toil5.6.0/lib/python3.10/site-packages/toil/worker.py&quot;, line 405, in workerScript
	    job._runner(jobGraph=None, jobStore=jobStore, fileStore=fileStore, defer=defer)
	  File &quot;/home/michael/common-workflow-language/toil5.6.0/lib/python3.10/site-packages/toil/job.py&quot;, line 2399, in _runner
	    returnValues = self._run(jobGraph=None, fileStore=fileStore)
	  File &quot;/home/michael/common-workflow-language/toil5.6.0/lib/python3.10/site-packages/toil/job.py&quot;, line 2317, in _run
	    return self.run(fileStore)
	  File &quot;/home/michael/common-workflow-language/toil5.6.0/lib/python3.10/site-packages/toil/cwl/cwltoil.py&quot;, line 2046, in run
	    output, status = ToilSingleJobExecutor().execute(
	  File &quot;/home/michael/common-workflow-language/toil5.6.0/lib/python3.10/site-packages/cwltool/executors.py&quot;, line 143, in execute
	    self.run_jobs(process, job_order_object, logger, runtime_context)
	  File &quot;/home/michael/common-workflow-language/toil5.6.0/lib/python3.10/site-packages/toil/cwl/cwltoil.py&quot;, line 922, in run_jobs
	    return super().run_jobs(process, job_order_object, logger, runtime_context)
	  File &quot;/home/michael/common-workflow-language/toil5.6.0/lib/python3.10/site-packages/cwltool/executors.py&quot;, line 227, in run_jobs
	    for job in jobiter:
	  File &quot;/home/michael/common-workflow-language/toil5.6.0/lib/python3.10/site-packages/cwltool/command_line_tool.py&quot;, line 1104, in job
	    with SourceLine(timelimit, &quot;timelimit&quot;, ValidationException, debug):
	  File &quot;schema_salad/sourceline.py&quot;, line 256, in __exit__
	schema_salad.exceptions.ValidationException: tests/timelimit2.cwl:7:5: timelimit must be an integer &gt;= 0, got: -1
	[2022-05-12T15:28:29+0200] [MainThread] [E] [toil.worker] Exiting the worker because of a failed job on host mrc-tux
&lt;=========
[2022-05-12T15:28:29+0200] [MainThread] [W] [toil.job] Due to failure we are reducing the remaining try count of job 'CWLJob' timelimit2.cwl kind-CWLJob/instance-cut8w0k9 v5 with ID kind-CWLJob/instance-cut8w0k9 to 0
[2022-05-12T15:28:29+0200] [MainThread] [W] [toil.leader] Job 'CWLJob' timelimit2.cwl kind-CWLJob/instance-cut8w0k9 v6 is completely failed
[2022-05-12T15:28:33+0200] [MainThread] [I] [toil.leader] Finished toil run with 1 failed jobs.
[2022-05-12T15:28:33+0200] [MainThread] [I] [toil.leader] Failed jobs at end of the run: 'CWLJob' timelimit2.cwl kind-CWLJob/instance-cut8w0k9 v6
Traceback (most recent call last):
  File &quot;/home/michael/common-workflow-language/toil5.6.0/bin/toil-cwl-runner&quot;, line 8, in &lt;module&gt;
    sys.exit(main())
  File &quot;/home/michael/common-workflow-language/toil5.6.0/lib/python3.10/site-packages/toil/cwl/cwltoil.py&quot;, line 3486, in main
    outobj = toil.start(wf1)
  File &quot;/home/michael/common-workflow-language/toil5.6.0/lib/python3.10/site-packages/toil/common.py&quot;, line 951, in start
    return self._runMainLoop(rootJobDescription)
  File &quot;/home/michael/common-workflow-language/toil5.6.0/lib/python3.10/site-packages/toil/common.py&quot;, line 1278, in _runMainLoop
    jobCache=self._jobCache).run()
  File &quot;/home/michael/common-workflow-language/toil5.6.0/lib/python3.10/site-packages/toil/leader.py&quot;, line 289, in run
    raise FailedJobsException(self.jobStore, failed_jobs, exit_code=self.recommended_fail_exit_code)
toil.leader.FailedJobsException: The job store '/tmp/tmpens_e4xs' contains 1 failed jobs: 'CWLJob' timelimit2.cwl kind-CWLJob/instance-cut8w0k9 v6
Log from job &quot;'CWLJob' timelimit2.cwl kind-CWLJob/instance-cut8w0k9 v6&quot; follows:
=========&gt;
	[2022-05-12T15:28:29+0200] [MainThread] [I] [toil.worker] ---TOIL WORKER OUTPUT LOG---
	[2022-05-12T15:28:29+0200] [MainThread] [I] [toil] Running Toil version 5.6.0-c34146a6437e4407a61e946e968bcce67a0ebbca on host mrc-tux.
	[2022-05-12T15:28:29+0200] [MainThread] [I] [toil.worker] Working on job 'CWLJob' timelimit2.cwl kind-CWLJob/instance-cut8w0k9 v4
	[2022-05-12T15:28:29+0200] [MainThread] [I] [toil.worker] Loaded body Job('CWLJob' timelimit2.cwl kind-CWLJob/instance-cut8w0k9 v4) from description 'CWLJob' timelimit2.cwl kind-CWLJob/instance-cut8w0k9 v4
	Traceback (most recent call last):
	  File &quot;/home/michael/common-workflow-language/toil5.6.0/lib/python3.10/site-packages/cwltool/command_line_tool.py&quot;, line 1116, in job
	    raise WorkflowException(
	cwltool.errors.WorkflowException: timelimit must be an integer &gt;= 0, got: -1
	
	During handling of the above exception, another exception occurred:
	
	Traceback (most recent call last):
	  File &quot;/home/michael/common-workflow-language/toil5.6.0/lib/python3.10/site-packages/toil/worker.py&quot;, line 405, in workerScript
	    job._runner(jobGraph=None, jobStore=jobStore, fileStore=fileStore, defer=defer)
	  File &quot;/home/michael/common-workflow-language/toil5.6.0/lib/python3.10/site-packages/toil/job.py&quot;, line 2399, in _runner
	    returnValues = self._run(jobGraph=None, fileStore=fileStore)
	  File &quot;/home/michael/common-workflow-language/toil5.6.0/lib/python3.10/site-packages/toil/job.py&quot;, line 2317, in _run
	    return self.run(fileStore)
	  File &quot;/home/michael/common-workflow-language/toil5.6.0/lib/python3.10/site-packages/toil/cwl/cwltoil.py&quot;, line 2046, in run
	    output, status = ToilSingleJobExecutor().execute(
	  File &quot;/home/michael/common-workflow-language/toil5.6.0/lib/python3.10/site-packages/cwltool/executors.py&quot;, line 143, in execute
	    self.run_jobs(process, job_order_object, logger, runtime_context)
	  File &quot;/home/michael/common-workflow-language/toil5.6.0/lib/python3.10/site-packages/toil/cwl/cwltoil.py&quot;, line 922, in run_jobs
	    return super().run_jobs(process, job_order_object, logger, runtime_context)
	  File &quot;/home/michael/common-workflow-language/toil5.6.0/lib/python3.10/site-packages/cwltool/executors.py&quot;, line 227, in run_jobs
	    for job in jobiter:
	  File &quot;/home/michael/common-workflow-language/toil5.6.0/lib/python3.10/site-packages/cwltool/command_line_tool.py&quot;, line 1104, in job
	    with SourceLine(timelimit, &quot;timelimit&quot;, ValidationException, debug):
	  File &quot;schema_salad/sourceline.py&quot;, line 256, in __exit__
	schema_salad.exceptions.ValidationException: tests/timelimit2.cwl:7:5: timelimit must be an integer &gt;= 0, got: -1
	[2022-05-12T15:28:29+0200] [MainThread] [E] [toil.worker] Exiting the worker because of a failed job on host mrc-tux
&lt;=========
</system-err>
		</testcase>
		<testcase name="Test zero timelimit means no limit" time="19.210934" class="command_line_tool, timelimit, work_reuse" file="timelimit_zero_unlimited" url="cwltest:conformance_tests#217">
			<system-out>{}</system-out>
			<system-err>[2022-05-12T15:28:30+0200] [MainThread] [I] [cwltool] Resolved 'tests/timelimit3.cwl' to 'file:///home/michael/cwl-v1.2/tests/timelimit3.cwl'
[2022-05-12T15:28:32+0200] [MainThread] [I] [toil.job] Saving graph of 1 jobs, 1 new
[2022-05-12T15:28:32+0200] [MainThread] [I] [toil.job] Processing job 'CWLJob' timelimit3.cwl kind-CWLJob/instance-p6payc0b v0
[2022-05-12T15:28:32+0200] [MainThread] [I] [toil] Running Toil version 5.6.0-c34146a6437e4407a61e946e968bcce67a0ebbca on host mrc-tux.
[2022-05-12T15:28:32+0200] [MainThread] [I] [toil.leader] Issued job 'CWLJob' timelimit3.cwl kind-CWLJob/instance-p6payc0b v1 with job batch system ID: 0 and cores: 1, disk: 3.0 Gi, and memory: 2.0 Gi
[2022-05-12T15:28:32+0200] [MainThread] [I] [toil.worker] Redirecting logging to /tmp/c3e40c08954f516d82ffa53c553f5902/7fcf/worker_log.txt
[2022-05-12T15:28:34+0200] [MainThread] [I] [toil.leader] 1 jobs are running, 0 jobs are issued and waiting to run
[2022-05-12T15:28:49+0200] [MainThread] [I] [toil.leader] Finished toil run successfully.
[2022-05-12T15:28:49+0200] [MainThread] [I] [toil.common] Successfully deleted the job store: FileJobStore(/tmp/tmpebt1f1en)
</system-err>
		</testcase>
		<testcase name="Test expression in time limit" time="13.189133" class="command_line_tool, timelimit, inline_javascript, work_reuse" file="timelimit_from_expression" url="cwltest:conformance_tests#218">
			<system-err>[2022-05-12T15:28:30+0200] [MainThread] [I] [cwltool] Resolved 'tests/timelimit4.cwl' to 'file:///home/michael/cwl-v1.2/tests/timelimit4.cwl'
[2022-05-12T15:28:32+0200] [MainThread] [I] [toil.job] Saving graph of 1 jobs, 1 new
[2022-05-12T15:28:32+0200] [MainThread] [I] [toil.job] Processing job 'CWLJob' timelimit4.cwl kind-CWLJob/instance-iwcgbagl v0
[2022-05-12T15:28:32+0200] [MainThread] [I] [toil] Running Toil version 5.6.0-c34146a6437e4407a61e946e968bcce67a0ebbca on host mrc-tux.
[2022-05-12T15:28:32+0200] [MainThread] [I] [toil.leader] Issued job 'CWLJob' timelimit4.cwl kind-CWLJob/instance-iwcgbagl v1 with job batch system ID: 0 and cores: 1, disk: 3.0 Gi, and memory: 2.0 Gi
[2022-05-12T15:28:32+0200] [MainThread] [I] [toil.worker] Redirecting logging to /tmp/e6f81fd3e3e75197ad78f587734004be/f3ce/worker_log.txt
[2022-05-12T15:28:34+0200] [MainThread] [I] [toil.leader] 1 jobs are running, 0 jobs are issued and waiting to run
[2022-05-12T15:28:35+0200] [Thread-1 (daddy)] [E] [toil.batchSystems.singleMachine] Got exit code 1 (indicating failure) from job _toil_worker CWLJob file:/tmp/tmpzh6n8wv9 kind-CWLJob/instance-iwcgbagl.
[2022-05-12T15:28:35+0200] [MainThread] [W] [toil.leader] Job failed with exit value 1: 'CWLJob' timelimit4.cwl kind-CWLJob/instance-iwcgbagl v1
Exit reason: None
[2022-05-12T15:28:35+0200] [MainThread] [W] [toil.leader] The job seems to have left a log file, indicating failure: 'CWLJob' timelimit4.cwl kind-CWLJob/instance-iwcgbagl v2
[2022-05-12T15:28:35+0200] [MainThread] [W] [toil.leader] Log from job &quot;kind-CWLJob/instance-iwcgbagl&quot; follows:
=========&gt;
	[2022-05-12T15:28:32+0200] [MainThread] [I] [toil.worker] ---TOIL WORKER OUTPUT LOG---
	[2022-05-12T15:28:32+0200] [MainThread] [I] [toil] Running Toil version 5.6.0-c34146a6437e4407a61e946e968bcce67a0ebbca on host mrc-tux.
	[2022-05-12T15:28:32+0200] [MainThread] [I] [toil.worker] Working on job 'CWLJob' timelimit4.cwl kind-CWLJob/instance-iwcgbagl v1
	[2022-05-12T15:28:32+0200] [MainThread] [I] [toil.worker] Loaded body Job('CWLJob' timelimit4.cwl kind-CWLJob/instance-iwcgbagl v1) from description 'CWLJob' timelimit4.cwl kind-CWLJob/instance-iwcgbagl v1
	[2022-05-12T15:28:32+0200] [MainThread] [I] [cwltool] [job timelimit4.cwl] /tmp/tmpz7q3ge8c$ sleep \
	    15
	[2022-05-12T15:28:35+0200] [Thread-2  ] [W] [cwltool] [job timelimit4.cwl] exceeded time limit of 3 seconds and will be terminated
	[2022-05-12T15:28:35+0200] [MainThread] [I] [cwltool] [job timelimit4.cwl] Max memory used: 1MiB
	[2022-05-12T15:28:35+0200] [MainThread] [W] [cwltool] [job timelimit4.cwl] completed permanentFail
	Traceback (most recent call last):
	  File &quot;/home/michael/common-workflow-language/toil5.6.0/lib/python3.10/site-packages/toil/worker.py&quot;, line 405, in workerScript
	    job._runner(jobGraph=None, jobStore=jobStore, fileStore=fileStore, defer=defer)
	  File &quot;/home/michael/common-workflow-language/toil5.6.0/lib/python3.10/site-packages/toil/job.py&quot;, line 2399, in _runner
	    returnValues = self._run(jobGraph=None, fileStore=fileStore)
	  File &quot;/home/michael/common-workflow-language/toil5.6.0/lib/python3.10/site-packages/toil/job.py&quot;, line 2317, in _run
	    return self.run(fileStore)
	  File &quot;/home/michael/common-workflow-language/toil5.6.0/lib/python3.10/site-packages/toil/cwl/cwltoil.py&quot;, line 2054, in run
	    raise cwltool.errors.WorkflowException(status)
	cwltool.errors.WorkflowException: permanentFail
	[2022-05-12T15:28:35+0200] [MainThread] [E] [toil.worker] Exiting the worker because of a failed job on host mrc-tux
&lt;=========
[2022-05-12T15:28:35+0200] [MainThread] [W] [toil.job] Due to failure we are reducing the remaining try count of job 'CWLJob' timelimit4.cwl kind-CWLJob/instance-iwcgbagl v2 with ID kind-CWLJob/instance-iwcgbagl to 1
[2022-05-12T15:28:35+0200] [MainThread] [I] [toil.leader] Issued job 'CWLJob' timelimit4.cwl kind-CWLJob/instance-iwcgbagl v3 with job batch system ID: 1 and cores: 1, disk: 3.0 Gi, and memory: 2.0 Gi
[2022-05-12T15:28:36+0200] [MainThread] [I] [toil.worker] Redirecting logging to /tmp/e6f81fd3e3e75197ad78f587734004be/02f2/worker_log.txt
[2022-05-12T15:28:39+0200] [Thread-1 (daddy)] [E] [toil.batchSystems.singleMachine] Got exit code 1 (indicating failure) from job _toil_worker CWLJob file:/tmp/tmpzh6n8wv9 kind-CWLJob/instance-iwcgbagl.
[2022-05-12T15:28:39+0200] [MainThread] [W] [toil.leader] Job failed with exit value 1: 'CWLJob' timelimit4.cwl kind-CWLJob/instance-iwcgbagl v3
Exit reason: None
[2022-05-12T15:28:39+0200] [MainThread] [W] [toil.leader] The job seems to have left a log file, indicating failure: 'CWLJob' timelimit4.cwl kind-CWLJob/instance-iwcgbagl v5
[2022-05-12T15:28:39+0200] [MainThread] [W] [toil.leader] Log from job &quot;kind-CWLJob/instance-iwcgbagl&quot; follows:
=========&gt;
	[2022-05-12T15:28:36+0200] [MainThread] [I] [toil.worker] ---TOIL WORKER OUTPUT LOG---
	[2022-05-12T15:28:36+0200] [MainThread] [I] [toil] Running Toil version 5.6.0-c34146a6437e4407a61e946e968bcce67a0ebbca on host mrc-tux.
	[2022-05-12T15:28:36+0200] [MainThread] [I] [toil.worker] Working on job 'CWLJob' timelimit4.cwl kind-CWLJob/instance-iwcgbagl v4
	[2022-05-12T15:28:36+0200] [MainThread] [I] [toil.worker] Loaded body Job('CWLJob' timelimit4.cwl kind-CWLJob/instance-iwcgbagl v4) from description 'CWLJob' timelimit4.cwl kind-CWLJob/instance-iwcgbagl v4
	[2022-05-12T15:28:36+0200] [MainThread] [I] [cwltool] [job timelimit4.cwl] /tmp/tmpvvsg0jnk$ sleep \
	    15
	[2022-05-12T15:28:39+0200] [Thread-2  ] [W] [cwltool] [job timelimit4.cwl] exceeded time limit of 3 seconds and will be terminated
	[2022-05-12T15:28:39+0200] [MainThread] [I] [cwltool] [job timelimit4.cwl] Max memory used: 1MiB
	[2022-05-12T15:28:39+0200] [MainThread] [W] [cwltool] [job timelimit4.cwl] completed permanentFail
	Traceback (most recent call last):
	  File &quot;/home/michael/common-workflow-language/toil5.6.0/lib/python3.10/site-packages/toil/worker.py&quot;, line 405, in workerScript
	    job._runner(jobGraph=None, jobStore=jobStore, fileStore=fileStore, defer=defer)
	  File &quot;/home/michael/common-workflow-language/toil5.6.0/lib/python3.10/site-packages/toil/job.py&quot;, line 2399, in _runner
	    returnValues = self._run(jobGraph=None, fileStore=fileStore)
	  File &quot;/home/michael/common-workflow-language/toil5.6.0/lib/python3.10/site-packages/toil/job.py&quot;, line 2317, in _run
	    return self.run(fileStore)
	  File &quot;/home/michael/common-workflow-language/toil5.6.0/lib/python3.10/site-packages/toil/cwl/cwltoil.py&quot;, line 2054, in run
	    raise cwltool.errors.WorkflowException(status)
	cwltool.errors.WorkflowException: permanentFail
	[2022-05-12T15:28:39+0200] [MainThread] [E] [toil.worker] Exiting the worker because of a failed job on host mrc-tux
&lt;=========
[2022-05-12T15:28:39+0200] [MainThread] [W] [toil.job] Due to failure we are reducing the remaining try count of job 'CWLJob' timelimit4.cwl kind-CWLJob/instance-iwcgbagl v5 with ID kind-CWLJob/instance-iwcgbagl to 0
[2022-05-12T15:28:39+0200] [MainThread] [W] [toil.leader] Job 'CWLJob' timelimit4.cwl kind-CWLJob/instance-iwcgbagl v6 is completely failed
[2022-05-12T15:28:43+0200] [MainThread] [I] [toil.leader] Finished toil run with 1 failed jobs.
[2022-05-12T15:28:43+0200] [MainThread] [I] [toil.leader] Failed jobs at end of the run: 'CWLJob' timelimit4.cwl kind-CWLJob/instance-iwcgbagl v6
Traceback (most recent call last):
  File &quot;/home/michael/common-workflow-language/toil5.6.0/bin/toil-cwl-runner&quot;, line 8, in &lt;module&gt;
    sys.exit(main())
  File &quot;/home/michael/common-workflow-language/toil5.6.0/lib/python3.10/site-packages/toil/cwl/cwltoil.py&quot;, line 3486, in main
    outobj = toil.start(wf1)
  File &quot;/home/michael/common-workflow-language/toil5.6.0/lib/python3.10/site-packages/toil/common.py&quot;, line 951, in start
    return self._runMainLoop(rootJobDescription)
  File &quot;/home/michael/common-workflow-language/toil5.6.0/lib/python3.10/site-packages/toil/common.py&quot;, line 1278, in _runMainLoop
    jobCache=self._jobCache).run()
  File &quot;/home/michael/common-workflow-language/toil5.6.0/lib/python3.10/site-packages/toil/leader.py&quot;, line 289, in run
    raise FailedJobsException(self.jobStore, failed_jobs, exit_code=self.recommended_fail_exit_code)
toil.leader.FailedJobsException: The job store '/tmp/tmpzh6n8wv9' contains 1 failed jobs: 'CWLJob' timelimit4.cwl kind-CWLJob/instance-iwcgbagl v6
Log from job &quot;'CWLJob' timelimit4.cwl kind-CWLJob/instance-iwcgbagl v6&quot; follows:
=========&gt;
	[2022-05-12T15:28:36+0200] [MainThread] [I] [toil.worker] ---TOIL WORKER OUTPUT LOG---
	[2022-05-12T15:28:36+0200] [MainThread] [I] [toil] Running Toil version 5.6.0-c34146a6437e4407a61e946e968bcce67a0ebbca on host mrc-tux.
	[2022-05-12T15:28:36+0200] [MainThread] [I] [toil.worker] Working on job 'CWLJob' timelimit4.cwl kind-CWLJob/instance-iwcgbagl v4
	[2022-05-12T15:28:36+0200] [MainThread] [I] [toil.worker] Loaded body Job('CWLJob' timelimit4.cwl kind-CWLJob/instance-iwcgbagl v4) from description 'CWLJob' timelimit4.cwl kind-CWLJob/instance-iwcgbagl v4
	[2022-05-12T15:28:36+0200] [MainThread] [I] [cwltool] [job timelimit4.cwl] /tmp/tmpvvsg0jnk$ sleep \
	    15
	[2022-05-12T15:28:39+0200] [Thread-2  ] [W] [cwltool] [job timelimit4.cwl] exceeded time limit of 3 seconds and will be terminated
	[2022-05-12T15:28:39+0200] [MainThread] [I] [cwltool] [job timelimit4.cwl] Max memory used: 1MiB
	[2022-05-12T15:28:39+0200] [MainThread] [W] [cwltool] [job timelimit4.cwl] completed permanentFail
	Traceback (most recent call last):
	  File &quot;/home/michael/common-workflow-language/toil5.6.0/lib/python3.10/site-packages/toil/worker.py&quot;, line 405, in workerScript
	    job._runner(jobGraph=None, jobStore=jobStore, fileStore=fileStore, defer=defer)
	  File &quot;/home/michael/common-workflow-language/toil5.6.0/lib/python3.10/site-packages/toil/job.py&quot;, line 2399, in _runner
	    returnValues = self._run(jobGraph=None, fileStore=fileStore)
	  File &quot;/home/michael/common-workflow-language/toil5.6.0/lib/python3.10/site-packages/toil/job.py&quot;, line 2317, in _run
	    return self.run(fileStore)
	  File &quot;/home/michael/common-workflow-language/toil5.6.0/lib/python3.10/site-packages/toil/cwl/cwltoil.py&quot;, line 2054, in run
	    raise cwltool.errors.WorkflowException(status)
	cwltool.errors.WorkflowException: permanentFail
	[2022-05-12T15:28:39+0200] [MainThread] [E] [toil.worker] Exiting the worker because of a failed job on host mrc-tux
&lt;=========
</system-err>
		</testcase>
		<testcase name="Test timelimit in expressiontool is ignored" time="9.078218" class="expression_tool, timelimit, inline_javascript" file="timelimit_expressiontool" url="cwltest:conformance_tests#219">
			<system-out>{
    &quot;status&quot;: &quot;Done&quot;
}</system-out>
			<system-err>[2022-05-12T15:28:34+0200] [MainThread] [I] [cwltool] Resolved 'tests/timelimit5.cwl' to 'file:///home/michael/cwl-v1.2/tests/timelimit5.cwl'
[2022-05-12T15:28:35+0200] [MainThread] [I] [toil.job] Saving graph of 1 jobs, 1 new
[2022-05-12T15:28:35+0200] [MainThread] [I] [toil.job] Processing job 'CWLJob' timelimit5.cwl kind-CWLJob/instance-vmf1ms7u v0
[2022-05-12T15:28:35+0200] [MainThread] [I] [toil] Running Toil version 5.6.0-c34146a6437e4407a61e946e968bcce67a0ebbca on host mrc-tux.
[2022-05-12T15:28:35+0200] [MainThread] [I] [toil.leader] Issued job 'CWLJob' timelimit5.cwl kind-CWLJob/instance-vmf1ms7u v1 with job batch system ID: 0 and cores: 1, disk: 3.0 Gi, and memory: 2.0 Gi
[2022-05-12T15:28:35+0200] [MainThread] [I] [toil.worker] Redirecting logging to /tmp/6b777a3b52875ee18f89c2523e983e1f/65f0/worker_log.txt
[2022-05-12T15:28:37+0200] [MainThread] [I] [toil.leader] 1 jobs are running, 0 jobs are issued and waiting to run
[2022-05-12T15:28:42+0200] [MainThread] [I] [toil.leader] Finished toil run successfully.
[2022-05-12T15:28:42+0200] [MainThread] [I] [toil.common] Successfully deleted the job store: FileJobStore(/tmp/tmpmi3pi918)
</system-err>
		</testcase>
		<testcase name="Test that tool in workflow fails when exceeding time limit" time="16.344524" class="workflow, timelimit" file="timelimit_basic_wf" url="cwltest:conformance_tests#220">
			<system-err>[2022-05-12T15:28:39+0200] [MainThread] [I] [cwltool] Resolved 'tests/timelimit-wf.cwl' to 'file:///home/michael/cwl-v1.2/tests/timelimit-wf.cwl'
[2022-05-12T15:28:41+0200] [MainThread] [I] [toil.job] Saving graph of 2 jobs, 2 new
[2022-05-12T15:28:41+0200] [MainThread] [I] [toil.job] Processing job 'ResolveIndirect' kind-ResolveIndirect/instance-xipxf0br v0
[2022-05-12T15:28:41+0200] [MainThread] [I] [toil.job] Processing job 'CWLWorkflow' kind-CWLWorkflow/instance-jv8iahap v0
[2022-05-12T15:28:41+0200] [MainThread] [I] [toil] Running Toil version 5.6.0-c34146a6437e4407a61e946e968bcce67a0ebbca on host mrc-tux.
[2022-05-12T15:28:42+0200] [MainThread] [I] [toil.worker] Redirecting logging to /tmp/3920c6b250ec5c499d526249c6387817/1f4d/worker_log.txt
[2022-05-12T15:28:42+0200] [MainThread] [I] [toil.leader] 0 jobs are running, 0 jobs are issued and waiting to run
[2022-05-12T15:28:42+0200] [MainThread] [I] [toil.leader] Issued job 'CWLJob' timelimit-wf.cwl.step1._:8b55edf4-34b7-47d1-b425-9c5a0951fc64 kind-CWLJob/instance-qo05_gi1 v1 with job batch system ID: 1 and cores: 1, disk: 3.0 Gi, and memory: 2.0 Gi
[2022-05-12T15:28:42+0200] [MainThread] [I] [toil.worker] Redirecting logging to /tmp/3920c6b250ec5c499d526249c6387817/9fc9/worker_log.txt
[2022-05-12T15:28:45+0200] [Thread-1 (daddy)] [E] [toil.batchSystems.singleMachine] Got exit code 1 (indicating failure) from job _toil_worker CWLJob file:/tmp/tmpk06oqh04 kind-CWLJob/instance-qo05_gi1.
[2022-05-12T15:28:45+0200] [MainThread] [W] [toil.leader] Job failed with exit value 1: 'CWLJob' timelimit-wf.cwl.step1._:8b55edf4-34b7-47d1-b425-9c5a0951fc64 kind-CWLJob/instance-qo05_gi1 v1
Exit reason: None
[2022-05-12T15:28:45+0200] [MainThread] [W] [toil.leader] The job seems to have left a log file, indicating failure: 'CWLJob' timelimit-wf.cwl.step1._:8b55edf4-34b7-47d1-b425-9c5a0951fc64 kind-CWLJob/instance-qo05_gi1 v2
[2022-05-12T15:28:45+0200] [MainThread] [W] [toil.leader] Log from job &quot;kind-CWLJob/instance-qo05_gi1&quot; follows:
=========&gt;
	[2022-05-12T15:28:42+0200] [MainThread] [I] [toil.worker] ---TOIL WORKER OUTPUT LOG---
	[2022-05-12T15:28:42+0200] [MainThread] [I] [toil] Running Toil version 5.6.0-c34146a6437e4407a61e946e968bcce67a0ebbca on host mrc-tux.
	[2022-05-12T15:28:42+0200] [MainThread] [I] [toil.worker] Working on job 'CWLJob' timelimit-wf.cwl.step1._:8b55edf4-34b7-47d1-b425-9c5a0951fc64 kind-CWLJob/instance-qo05_gi1 v1
	[2022-05-12T15:28:42+0200] [MainThread] [I] [toil.worker] Loaded body Job('CWLJob' timelimit-wf.cwl.step1._:8b55edf4-34b7-47d1-b425-9c5a0951fc64 kind-CWLJob/instance-qo05_gi1 v1) from description 'CWLJob' timelimit-wf.cwl.step1._:8b55edf4-34b7-47d1-b425-9c5a0951fc64 kind-CWLJob/instance-qo05_gi1 v1
	[2022-05-12T15:28:42+0200] [MainThread] [I] [cwltool] [job _:8b55edf4-34b7-47d1-b425-9c5a0951fc64] /tmp/tmpykkcun0f$ sleep \
	    10
	[2022-05-12T15:28:45+0200] [Thread-1  ] [W] [cwltool] [job _:8b55edf4-34b7-47d1-b425-9c5a0951fc64] exceeded time limit of 3 seconds and will be terminated
	[2022-05-12T15:28:45+0200] [MainThread] [I] [cwltool] [job _:8b55edf4-34b7-47d1-b425-9c5a0951fc64] Max memory used: 1MiB
	[2022-05-12T15:28:45+0200] [MainThread] [W] [cwltool] [job _:8b55edf4-34b7-47d1-b425-9c5a0951fc64] completed permanentFail
	Traceback (most recent call last):
	  File &quot;/home/michael/common-workflow-language/toil5.6.0/lib/python3.10/site-packages/toil/worker.py&quot;, line 405, in workerScript
	    job._runner(jobGraph=None, jobStore=jobStore, fileStore=fileStore, defer=defer)
	  File &quot;/home/michael/common-workflow-language/toil5.6.0/lib/python3.10/site-packages/toil/job.py&quot;, line 2399, in _runner
	    returnValues = self._run(jobGraph=None, fileStore=fileStore)
	  File &quot;/home/michael/common-workflow-language/toil5.6.0/lib/python3.10/site-packages/toil/job.py&quot;, line 2317, in _run
	    return self.run(fileStore)
	  File &quot;/home/michael/common-workflow-language/toil5.6.0/lib/python3.10/site-packages/toil/cwl/cwltoil.py&quot;, line 2054, in run
	    raise cwltool.errors.WorkflowException(status)
	cwltool.errors.WorkflowException: permanentFail
	[2022-05-12T15:28:45+0200] [MainThread] [E] [toil.worker] Exiting the worker because of a failed job on host mrc-tux
&lt;=========
[2022-05-12T15:28:45+0200] [MainThread] [W] [toil.job] Due to failure we are reducing the remaining try count of job 'CWLJob' timelimit-wf.cwl.step1._:8b55edf4-34b7-47d1-b425-9c5a0951fc64 kind-CWLJob/instance-qo05_gi1 v2 with ID kind-CWLJob/instance-qo05_gi1 to 1
[2022-05-12T15:28:45+0200] [MainThread] [I] [toil.leader] Issued job 'CWLJob' timelimit-wf.cwl.step1._:8b55edf4-34b7-47d1-b425-9c5a0951fc64 kind-CWLJob/instance-qo05_gi1 v3 with job batch system ID: 2 and cores: 1, disk: 3.0 Gi, and memory: 2.0 Gi
[2022-05-12T15:28:46+0200] [MainThread] [I] [toil.worker] Redirecting logging to /tmp/3920c6b250ec5c499d526249c6387817/b49b/worker_log.txt
[2022-05-12T15:28:49+0200] [Thread-1 (daddy)] [E] [toil.batchSystems.singleMachine] Got exit code 1 (indicating failure) from job _toil_worker CWLJob file:/tmp/tmpk06oqh04 kind-CWLJob/instance-qo05_gi1.
[2022-05-12T15:28:49+0200] [MainThread] [W] [toil.leader] Job failed with exit value 1: 'CWLJob' timelimit-wf.cwl.step1._:8b55edf4-34b7-47d1-b425-9c5a0951fc64 kind-CWLJob/instance-qo05_gi1 v3
Exit reason: None
[2022-05-12T15:28:49+0200] [MainThread] [W] [toil.leader] The job seems to have left a log file, indicating failure: 'CWLJob' timelimit-wf.cwl.step1._:8b55edf4-34b7-47d1-b425-9c5a0951fc64 kind-CWLJob/instance-qo05_gi1 v5
[2022-05-12T15:28:49+0200] [MainThread] [W] [toil.leader] Log from job &quot;kind-CWLJob/instance-qo05_gi1&quot; follows:
=========&gt;
	[2022-05-12T15:28:46+0200] [MainThread] [I] [toil.worker] ---TOIL WORKER OUTPUT LOG---
	[2022-05-12T15:28:46+0200] [MainThread] [I] [toil] Running Toil version 5.6.0-c34146a6437e4407a61e946e968bcce67a0ebbca on host mrc-tux.
	[2022-05-12T15:28:46+0200] [MainThread] [I] [toil.worker] Working on job 'CWLJob' timelimit-wf.cwl.step1._:8b55edf4-34b7-47d1-b425-9c5a0951fc64 kind-CWLJob/instance-qo05_gi1 v4
	[2022-05-12T15:28:46+0200] [MainThread] [I] [toil.worker] Loaded body Job('CWLJob' timelimit-wf.cwl.step1._:8b55edf4-34b7-47d1-b425-9c5a0951fc64 kind-CWLJob/instance-qo05_gi1 v4) from description 'CWLJob' timelimit-wf.cwl.step1._:8b55edf4-34b7-47d1-b425-9c5a0951fc64 kind-CWLJob/instance-qo05_gi1 v4
	[2022-05-12T15:28:46+0200] [MainThread] [I] [cwltool] [job _:8b55edf4-34b7-47d1-b425-9c5a0951fc64] /tmp/tmpgw48_0fg$ sleep \
	    10
	[2022-05-12T15:28:49+0200] [Thread-1  ] [W] [cwltool] [job _:8b55edf4-34b7-47d1-b425-9c5a0951fc64] exceeded time limit of 3 seconds and will be terminated
	[2022-05-12T15:28:49+0200] [MainThread] [I] [cwltool] [job _:8b55edf4-34b7-47d1-b425-9c5a0951fc64] Max memory used: 1MiB
	[2022-05-12T15:28:49+0200] [MainThread] [W] [cwltool] [job _:8b55edf4-34b7-47d1-b425-9c5a0951fc64] completed permanentFail
	Traceback (most recent call last):
	  File &quot;/home/michael/common-workflow-language/toil5.6.0/lib/python3.10/site-packages/toil/worker.py&quot;, line 405, in workerScript
	    job._runner(jobGraph=None, jobStore=jobStore, fileStore=fileStore, defer=defer)
	  File &quot;/home/michael/common-workflow-language/toil5.6.0/lib/python3.10/site-packages/toil/job.py&quot;, line 2399, in _runner
	    returnValues = self._run(jobGraph=None, fileStore=fileStore)
	  File &quot;/home/michael/common-workflow-language/toil5.6.0/lib/python3.10/site-packages/toil/job.py&quot;, line 2317, in _run
	    return self.run(fileStore)
	  File &quot;/home/michael/common-workflow-language/toil5.6.0/lib/python3.10/site-packages/toil/cwl/cwltoil.py&quot;, line 2054, in run
	    raise cwltool.errors.WorkflowException(status)
	cwltool.errors.WorkflowException: permanentFail
	[2022-05-12T15:28:49+0200] [MainThread] [E] [toil.worker] Exiting the worker because of a failed job on host mrc-tux
&lt;=========
[2022-05-12T15:28:49+0200] [MainThread] [W] [toil.job] Due to failure we are reducing the remaining try count of job 'CWLJob' timelimit-wf.cwl.step1._:8b55edf4-34b7-47d1-b425-9c5a0951fc64 kind-CWLJob/instance-qo05_gi1 v5 with ID kind-CWLJob/instance-qo05_gi1 to 0
[2022-05-12T15:28:49+0200] [MainThread] [W] [toil.leader] Job 'CWLJob' timelimit-wf.cwl.step1._:8b55edf4-34b7-47d1-b425-9c5a0951fc64 kind-CWLJob/instance-qo05_gi1 v6 is completely failed
[2022-05-12T15:28:54+0200] [MainThread] [I] [toil.leader] Finished toil run with 2 failed jobs.
[2022-05-12T15:28:54+0200] [MainThread] [I] [toil.leader] Failed jobs at end of the run: 'CWLJob' timelimit-wf.cwl.step1._:8b55edf4-34b7-47d1-b425-9c5a0951fc64 kind-CWLJob/instance-qo05_gi1 v6 'CWLWorkflow' kind-CWLWorkflow/instance-jv8iahap v2
Traceback (most recent call last):
  File &quot;/home/michael/common-workflow-language/toil5.6.0/bin/toil-cwl-runner&quot;, line 8, in &lt;module&gt;
    sys.exit(main())
  File &quot;/home/michael/common-workflow-language/toil5.6.0/lib/python3.10/site-packages/toil/cwl/cwltoil.py&quot;, line 3486, in main
    outobj = toil.start(wf1)
  File &quot;/home/michael/common-workflow-language/toil5.6.0/lib/python3.10/site-packages/toil/common.py&quot;, line 951, in start
    return self._runMainLoop(rootJobDescription)
  File &quot;/home/michael/common-workflow-language/toil5.6.0/lib/python3.10/site-packages/toil/common.py&quot;, line 1278, in _runMainLoop
    jobCache=self._jobCache).run()
  File &quot;/home/michael/common-workflow-language/toil5.6.0/lib/python3.10/site-packages/toil/leader.py&quot;, line 289, in run
    raise FailedJobsException(self.jobStore, failed_jobs, exit_code=self.recommended_fail_exit_code)
toil.leader.FailedJobsException: The job store '/tmp/tmpk06oqh04' contains 2 failed jobs: 'CWLJob' timelimit-wf.cwl.step1._:8b55edf4-34b7-47d1-b425-9c5a0951fc64 kind-CWLJob/instance-qo05_gi1 v6, 'CWLWorkflow' kind-CWLWorkflow/instance-jv8iahap v2
Log from job &quot;'CWLJob' timelimit-wf.cwl.step1._:8b55edf4-34b7-47d1-b425-9c5a0951fc64 kind-CWLJob/instance-qo05_gi1 v6&quot; follows:
=========&gt;
	[2022-05-12T15:28:46+0200] [MainThread] [I] [toil.worker] ---TOIL WORKER OUTPUT LOG---
	[2022-05-12T15:28:46+0200] [MainThread] [I] [toil] Running Toil version 5.6.0-c34146a6437e4407a61e946e968bcce67a0ebbca on host mrc-tux.
	[2022-05-12T15:28:46+0200] [MainThread] [I] [toil.worker] Working on job 'CWLJob' timelimit-wf.cwl.step1._:8b55edf4-34b7-47d1-b425-9c5a0951fc64 kind-CWLJob/instance-qo05_gi1 v4
	[2022-05-12T15:28:46+0200] [MainThread] [I] [toil.worker] Loaded body Job('CWLJob' timelimit-wf.cwl.step1._:8b55edf4-34b7-47d1-b425-9c5a0951fc64 kind-CWLJob/instance-qo05_gi1 v4) from description 'CWLJob' timelimit-wf.cwl.step1._:8b55edf4-34b7-47d1-b425-9c5a0951fc64 kind-CWLJob/instance-qo05_gi1 v4
	[2022-05-12T15:28:46+0200] [MainThread] [I] [cwltool] [job _:8b55edf4-34b7-47d1-b425-9c5a0951fc64] /tmp/tmpgw48_0fg$ sleep \
	    10
	[2022-05-12T15:28:49+0200] [Thread-1  ] [W] [cwltool] [job _:8b55edf4-34b7-47d1-b425-9c5a0951fc64] exceeded time limit of 3 seconds and will be terminated
	[2022-05-12T15:28:49+0200] [MainThread] [I] [cwltool] [job _:8b55edf4-34b7-47d1-b425-9c5a0951fc64] Max memory used: 1MiB
	[2022-05-12T15:28:49+0200] [MainThread] [W] [cwltool] [job _:8b55edf4-34b7-47d1-b425-9c5a0951fc64] completed permanentFail
	Traceback (most recent call last):
	  File &quot;/home/michael/common-workflow-language/toil5.6.0/lib/python3.10/site-packages/toil/worker.py&quot;, line 405, in workerScript
	    job._runner(jobGraph=None, jobStore=jobStore, fileStore=fileStore, defer=defer)
	  File &quot;/home/michael/common-workflow-language/toil5.6.0/lib/python3.10/site-packages/toil/job.py&quot;, line 2399, in _runner
	    returnValues = self._run(jobGraph=None, fileStore=fileStore)
	  File &quot;/home/michael/common-workflow-language/toil5.6.0/lib/python3.10/site-packages/toil/job.py&quot;, line 2317, in _run
	    return self.run(fileStore)
	  File &quot;/home/michael/common-workflow-language/toil5.6.0/lib/python3.10/site-packages/toil/cwl/cwltoil.py&quot;, line 2054, in run
	    raise cwltool.errors.WorkflowException(status)
	cwltool.errors.WorkflowException: permanentFail
	[2022-05-12T15:28:49+0200] [MainThread] [E] [toil.worker] Exiting the worker because of a failed job on host mrc-tux
&lt;=========
</system-err>
		</testcase>
		<testcase name="Test that workflow level time limit is not applied to workflow execution time" time="14.845241" class="workflow, timelimit, inline_javascript" file="timelimit_invalid_wf" url="cwltest:conformance_tests#221">
			<system-out>{
    &quot;o&quot;: &quot;time passed&quot;
}</system-out>
			<system-err>[2022-05-12T15:28:43+0200] [MainThread] [I] [cwltool] Resolved 'tests/timelimit2-wf.cwl' to 'file:///home/michael/cwl-v1.2/tests/timelimit2-wf.cwl'
[2022-05-12T15:28:46+0200] [MainThread] [I] [toil.job] Saving graph of 2 jobs, 2 new
[2022-05-12T15:28:46+0200] [MainThread] [I] [toil.job] Processing job 'ResolveIndirect' kind-ResolveIndirect/instance-qlitweyz v0
[2022-05-12T15:28:46+0200] [MainThread] [I] [toil.job] Processing job 'CWLWorkflow' kind-CWLWorkflow/instance-2sc2_4sf v0
[2022-05-12T15:28:46+0200] [MainThread] [I] [toil] Running Toil version 5.6.0-c34146a6437e4407a61e946e968bcce67a0ebbca on host mrc-tux.
[2022-05-12T15:28:46+0200] [MainThread] [I] [toil.worker] Redirecting logging to /tmp/b4bc015094e953d0af1f4f6f18fed492/48cb/worker_log.txt
[2022-05-12T15:28:47+0200] [MainThread] [I] [toil.leader] 0 jobs are running, 0 jobs are issued and waiting to run
[2022-05-12T15:28:47+0200] [MainThread] [I] [toil.leader] Issued job 'CWLJob' timelimit2-wf.cwl.step1._:a75a9cb2-d19b-4fa8-8bab-d0b7826ed07d kind-CWLJob/instance-8fxzurfj v1 with job batch system ID: 1 and cores: 1, disk: 3.0 Gi, and memory: 2.0 Gi
[2022-05-12T15:28:47+0200] [MainThread] [I] [toil.worker] Redirecting logging to /tmp/b4bc015094e953d0af1f4f6f18fed492/53d5/worker_log.txt
[2022-05-12T15:28:54+0200] [MainThread] [I] [toil.worker] Redirecting logging to /tmp/b4bc015094e953d0af1f4f6f18fed492/4574/worker_log.txt
[2022-05-12T15:28:55+0200] [MainThread] [I] [toil.worker] Redirecting logging to /tmp/b4bc015094e953d0af1f4f6f18fed492/68c2/worker_log.txt
[2022-05-12T15:28:57+0200] [MainThread] [I] [toil.leader] Finished toil run successfully.
[2022-05-12T15:28:57+0200] [MainThread] [I] [toil.common] Successfully deleted the job store: FileJobStore(/tmp/tmpxstdkqx9)
</system-err>
		</testcase>
		<testcase name="Test zero timelimit means no limit in workflow" time="17.945980" class="workflow, timelimit, inline_javascript, work_reuse" file="timelimit_zero_unlimited_wf" url="cwltest:conformance_tests#222">
			<system-out>{
    &quot;o&quot;: &quot;time passed&quot;
}</system-out>
			<system-err>[2022-05-12T15:28:43+0200] [MainThread] [I] [cwltool] Resolved 'tests/timelimit3-wf.cwl' to 'file:///home/michael/cwl-v1.2/tests/timelimit3-wf.cwl'
[2022-05-12T15:28:45+0200] [MainThread] [I] [toil.job] Saving graph of 2 jobs, 2 new
[2022-05-12T15:28:45+0200] [MainThread] [I] [toil.job] Processing job 'ResolveIndirect' kind-ResolveIndirect/instance-xfleka1o v0
[2022-05-12T15:28:45+0200] [MainThread] [I] [toil.job] Processing job 'CWLWorkflow' kind-CWLWorkflow/instance-q5qbjry9 v0
[2022-05-12T15:28:45+0200] [MainThread] [I] [toil] Running Toil version 5.6.0-c34146a6437e4407a61e946e968bcce67a0ebbca on host mrc-tux.
[2022-05-12T15:28:46+0200] [MainThread] [I] [toil.worker] Redirecting logging to /tmp/1265cca1607b5d1997fb19c95c5fd5e9/20bf/worker_log.txt
[2022-05-12T15:28:46+0200] [MainThread] [I] [toil.leader] 0 jobs are running, 0 jobs are issued and waiting to run
[2022-05-12T15:28:46+0200] [MainThread] [I] [toil.leader] Issued job 'CWLJob' timelimit3-wf.cwl.step1._:57085fac-ea4d-4245-9304-e12471b44c42 kind-CWLJob/instance-9o3fevgf v1 with job batch system ID: 1 and cores: 1, disk: 3.0 Gi, and memory: 2.0 Gi
[2022-05-12T15:28:46+0200] [MainThread] [I] [toil.worker] Redirecting logging to /tmp/1265cca1607b5d1997fb19c95c5fd5e9/9676/worker_log.txt
[2022-05-12T15:28:58+0200] [MainThread] [I] [toil.worker] Redirecting logging to /tmp/1265cca1607b5d1997fb19c95c5fd5e9/d03d/worker_log.txt
[2022-05-12T15:28:59+0200] [MainThread] [I] [toil.worker] Redirecting logging to /tmp/1265cca1607b5d1997fb19c95c5fd5e9/8634/worker_log.txt
[2022-05-12T15:29:01+0200] [MainThread] [I] [toil.leader] Finished toil run successfully.
[2022-05-12T15:29:01+0200] [MainThread] [I] [toil.common] Successfully deleted the job store: FileJobStore(/tmp/tmpu5kdnrrc)
</system-err>
		</testcase>
		<testcase name="Test expression in time limit in workflow" time="18.200165" class="workflow, timelimit, inline_javascript, work_reuse" file="timelimit_from_expression_wf" url="cwltest:conformance_tests#223">
			<system-err>[2022-05-12T15:28:49+0200] [MainThread] [I] [cwltool] Resolved 'tests/timelimit4-wf.cwl' to 'file:///home/michael/cwl-v1.2/tests/timelimit4-wf.cwl'
[2022-05-12T15:28:52+0200] [MainThread] [I] [toil.job] Saving graph of 2 jobs, 2 new
[2022-05-12T15:28:52+0200] [MainThread] [I] [toil.job] Processing job 'ResolveIndirect' kind-ResolveIndirect/instance-rjn0jn37 v0
[2022-05-12T15:28:52+0200] [MainThread] [I] [toil.job] Processing job 'CWLWorkflow' kind-CWLWorkflow/instance-5in02kzm v0
[2022-05-12T15:28:52+0200] [MainThread] [I] [toil] Running Toil version 5.6.0-c34146a6437e4407a61e946e968bcce67a0ebbca on host mrc-tux.
[2022-05-12T15:28:52+0200] [MainThread] [I] [toil.worker] Redirecting logging to /tmp/fc475530a49b55ac87fac09b60bc50ef/ec5f/worker_log.txt
[2022-05-12T15:28:52+0200] [MainThread] [I] [toil.leader] 0 jobs are running, 0 jobs are issued and waiting to run
[2022-05-12T15:28:52+0200] [MainThread] [I] [toil.leader] Issued job 'CWLJob' timelimit4-wf.cwl.step1._:d06e2199-1eb9-4609-8501-93902480e4f6 kind-CWLJob/instance-2yae_r05 v1 with job batch system ID: 1 and cores: 1, disk: 3.0 Gi, and memory: 2.0 Gi
[2022-05-12T15:28:53+0200] [MainThread] [I] [toil.worker] Redirecting logging to /tmp/fc475530a49b55ac87fac09b60bc50ef/e760/worker_log.txt
[2022-05-12T15:28:56+0200] [Thread-1 (daddy)] [E] [toil.batchSystems.singleMachine] Got exit code 1 (indicating failure) from job _toil_worker CWLJob file:/tmp/tmpnv6vclwu kind-CWLJob/instance-2yae_r05.
[2022-05-12T15:28:56+0200] [MainThread] [W] [toil.leader] Job failed with exit value 1: 'CWLJob' timelimit4-wf.cwl.step1._:d06e2199-1eb9-4609-8501-93902480e4f6 kind-CWLJob/instance-2yae_r05 v1
Exit reason: None
[2022-05-12T15:28:56+0200] [MainThread] [W] [toil.leader] The job seems to have left a log file, indicating failure: 'CWLJob' timelimit4-wf.cwl.step1._:d06e2199-1eb9-4609-8501-93902480e4f6 kind-CWLJob/instance-2yae_r05 v2
[2022-05-12T15:28:56+0200] [MainThread] [W] [toil.leader] Log from job &quot;kind-CWLJob/instance-2yae_r05&quot; follows:
=========&gt;
	[2022-05-12T15:28:53+0200] [MainThread] [I] [toil.worker] ---TOIL WORKER OUTPUT LOG---
	[2022-05-12T15:28:53+0200] [MainThread] [I] [toil] Running Toil version 5.6.0-c34146a6437e4407a61e946e968bcce67a0ebbca on host mrc-tux.
	[2022-05-12T15:28:53+0200] [MainThread] [I] [toil.worker] Working on job 'CWLJob' timelimit4-wf.cwl.step1._:d06e2199-1eb9-4609-8501-93902480e4f6 kind-CWLJob/instance-2yae_r05 v1
	[2022-05-12T15:28:53+0200] [MainThread] [I] [toil.worker] Loaded body Job('CWLJob' timelimit4-wf.cwl.step1._:d06e2199-1eb9-4609-8501-93902480e4f6 kind-CWLJob/instance-2yae_r05 v1) from description 'CWLJob' timelimit4-wf.cwl.step1._:d06e2199-1eb9-4609-8501-93902480e4f6 kind-CWLJob/instance-2yae_r05 v1
	[2022-05-12T15:28:53+0200] [MainThread] [I] [cwltool] [job _:d06e2199-1eb9-4609-8501-93902480e4f6] /tmp/tmp0e2_rk08$ sleep \
	    10
	[2022-05-12T15:28:56+0200] [Thread-2  ] [W] [cwltool] [job _:d06e2199-1eb9-4609-8501-93902480e4f6] exceeded time limit of 3 seconds and will be terminated
	[2022-05-12T15:28:56+0200] [MainThread] [I] [cwltool] [job _:d06e2199-1eb9-4609-8501-93902480e4f6] Max memory used: 1MiB
	[2022-05-12T15:28:56+0200] [MainThread] [W] [cwltool] [job _:d06e2199-1eb9-4609-8501-93902480e4f6] completed permanentFail
	Traceback (most recent call last):
	  File &quot;/home/michael/common-workflow-language/toil5.6.0/lib/python3.10/site-packages/toil/worker.py&quot;, line 405, in workerScript
	    job._runner(jobGraph=None, jobStore=jobStore, fileStore=fileStore, defer=defer)
	  File &quot;/home/michael/common-workflow-language/toil5.6.0/lib/python3.10/site-packages/toil/job.py&quot;, line 2399, in _runner
	    returnValues = self._run(jobGraph=None, fileStore=fileStore)
	  File &quot;/home/michael/common-workflow-language/toil5.6.0/lib/python3.10/site-packages/toil/job.py&quot;, line 2317, in _run
	    return self.run(fileStore)
	  File &quot;/home/michael/common-workflow-language/toil5.6.0/lib/python3.10/site-packages/toil/cwl/cwltoil.py&quot;, line 2054, in run
	    raise cwltool.errors.WorkflowException(status)
	cwltool.errors.WorkflowException: permanentFail
	[2022-05-12T15:28:56+0200] [MainThread] [E] [toil.worker] Exiting the worker because of a failed job on host mrc-tux
&lt;=========
[2022-05-12T15:28:56+0200] [MainThread] [W] [toil.job] Due to failure we are reducing the remaining try count of job 'CWLJob' timelimit4-wf.cwl.step1._:d06e2199-1eb9-4609-8501-93902480e4f6 kind-CWLJob/instance-2yae_r05 v2 with ID kind-CWLJob/instance-2yae_r05 to 1
[2022-05-12T15:28:56+0200] [MainThread] [I] [toil.leader] Issued job 'CWLJob' timelimit4-wf.cwl.step1._:d06e2199-1eb9-4609-8501-93902480e4f6 kind-CWLJob/instance-2yae_r05 v3 with job batch system ID: 2 and cores: 1, disk: 3.0 Gi, and memory: 2.0 Gi
[2022-05-12T15:28:57+0200] [MainThread] [I] [toil.worker] Redirecting logging to /tmp/fc475530a49b55ac87fac09b60bc50ef/1406/worker_log.txt
[2022-05-12T15:29:01+0200] [Thread-1 (daddy)] [E] [toil.batchSystems.singleMachine] Got exit code 1 (indicating failure) from job _toil_worker CWLJob file:/tmp/tmpnv6vclwu kind-CWLJob/instance-2yae_r05.
[2022-05-12T15:29:01+0200] [MainThread] [W] [toil.leader] Job failed with exit value 1: 'CWLJob' timelimit4-wf.cwl.step1._:d06e2199-1eb9-4609-8501-93902480e4f6 kind-CWLJob/instance-2yae_r05 v3
Exit reason: None
[2022-05-12T15:29:01+0200] [MainThread] [W] [toil.leader] The job seems to have left a log file, indicating failure: 'CWLJob' timelimit4-wf.cwl.step1._:d06e2199-1eb9-4609-8501-93902480e4f6 kind-CWLJob/instance-2yae_r05 v5
[2022-05-12T15:29:01+0200] [MainThread] [W] [toil.leader] Log from job &quot;kind-CWLJob/instance-2yae_r05&quot; follows:
=========&gt;
	[2022-05-12T15:28:57+0200] [MainThread] [I] [toil.worker] ---TOIL WORKER OUTPUT LOG---
	[2022-05-12T15:28:57+0200] [MainThread] [I] [toil] Running Toil version 5.6.0-c34146a6437e4407a61e946e968bcce67a0ebbca on host mrc-tux.
	[2022-05-12T15:28:57+0200] [MainThread] [I] [toil.worker] Working on job 'CWLJob' timelimit4-wf.cwl.step1._:d06e2199-1eb9-4609-8501-93902480e4f6 kind-CWLJob/instance-2yae_r05 v4
	[2022-05-12T15:28:57+0200] [MainThread] [I] [toil.worker] Loaded body Job('CWLJob' timelimit4-wf.cwl.step1._:d06e2199-1eb9-4609-8501-93902480e4f6 kind-CWLJob/instance-2yae_r05 v4) from description 'CWLJob' timelimit4-wf.cwl.step1._:d06e2199-1eb9-4609-8501-93902480e4f6 kind-CWLJob/instance-2yae_r05 v4
	[2022-05-12T15:28:58+0200] [MainThread] [I] [cwltool] [job _:d06e2199-1eb9-4609-8501-93902480e4f6] /tmp/tmplqu40ld6$ sleep \
	    10
	[2022-05-12T15:29:01+0200] [Thread-2  ] [W] [cwltool] [job _:d06e2199-1eb9-4609-8501-93902480e4f6] exceeded time limit of 3 seconds and will be terminated
	[2022-05-12T15:29:01+0200] [MainThread] [I] [cwltool] [job _:d06e2199-1eb9-4609-8501-93902480e4f6] Max memory used: 1MiB
	[2022-05-12T15:29:01+0200] [MainThread] [W] [cwltool] [job _:d06e2199-1eb9-4609-8501-93902480e4f6] completed permanentFail
	Traceback (most recent call last):
	  File &quot;/home/michael/common-workflow-language/toil5.6.0/lib/python3.10/site-packages/toil/worker.py&quot;, line 405, in workerScript
	    job._runner(jobGraph=None, jobStore=jobStore, fileStore=fileStore, defer=defer)
	  File &quot;/home/michael/common-workflow-language/toil5.6.0/lib/python3.10/site-packages/toil/job.py&quot;, line 2399, in _runner
	    returnValues = self._run(jobGraph=None, fileStore=fileStore)
	  File &quot;/home/michael/common-workflow-language/toil5.6.0/lib/python3.10/site-packages/toil/job.py&quot;, line 2317, in _run
	    return self.run(fileStore)
	  File &quot;/home/michael/common-workflow-language/toil5.6.0/lib/python3.10/site-packages/toil/cwl/cwltoil.py&quot;, line 2054, in run
	    raise cwltool.errors.WorkflowException(status)
	cwltool.errors.WorkflowException: permanentFail
	[2022-05-12T15:29:01+0200] [MainThread] [E] [toil.worker] Exiting the worker because of a failed job on host mrc-tux
&lt;=========
[2022-05-12T15:29:01+0200] [MainThread] [W] [toil.job] Due to failure we are reducing the remaining try count of job 'CWLJob' timelimit4-wf.cwl.step1._:d06e2199-1eb9-4609-8501-93902480e4f6 kind-CWLJob/instance-2yae_r05 v5 with ID kind-CWLJob/instance-2yae_r05 to 0
[2022-05-12T15:29:01+0200] [MainThread] [W] [toil.leader] Job 'CWLJob' timelimit4-wf.cwl.step1._:d06e2199-1eb9-4609-8501-93902480e4f6 kind-CWLJob/instance-2yae_r05 v6 is completely failed
[2022-05-12T15:29:07+0200] [MainThread] [I] [toil.leader] Finished toil run with 2 failed jobs.
[2022-05-12T15:29:07+0200] [MainThread] [I] [toil.leader] Failed jobs at end of the run: 'CWLJob' timelimit4-wf.cwl.step1._:d06e2199-1eb9-4609-8501-93902480e4f6 kind-CWLJob/instance-2yae_r05 v6 'CWLWorkflow' kind-CWLWorkflow/instance-5in02kzm v2
Traceback (most recent call last):
  File &quot;/home/michael/common-workflow-language/toil5.6.0/bin/toil-cwl-runner&quot;, line 8, in &lt;module&gt;
    sys.exit(main())
  File &quot;/home/michael/common-workflow-language/toil5.6.0/lib/python3.10/site-packages/toil/cwl/cwltoil.py&quot;, line 3486, in main
    outobj = toil.start(wf1)
  File &quot;/home/michael/common-workflow-language/toil5.6.0/lib/python3.10/site-packages/toil/common.py&quot;, line 951, in start
    return self._runMainLoop(rootJobDescription)
  File &quot;/home/michael/common-workflow-language/toil5.6.0/lib/python3.10/site-packages/toil/common.py&quot;, line 1278, in _runMainLoop
    jobCache=self._jobCache).run()
  File &quot;/home/michael/common-workflow-language/toil5.6.0/lib/python3.10/site-packages/toil/leader.py&quot;, line 289, in run
    raise FailedJobsException(self.jobStore, failed_jobs, exit_code=self.recommended_fail_exit_code)
toil.leader.FailedJobsException: The job store '/tmp/tmpnv6vclwu' contains 2 failed jobs: 'CWLJob' timelimit4-wf.cwl.step1._:d06e2199-1eb9-4609-8501-93902480e4f6 kind-CWLJob/instance-2yae_r05 v6, 'CWLWorkflow' kind-CWLWorkflow/instance-5in02kzm v2
Log from job &quot;'CWLJob' timelimit4-wf.cwl.step1._:d06e2199-1eb9-4609-8501-93902480e4f6 kind-CWLJob/instance-2yae_r05 v6&quot; follows:
=========&gt;
	[2022-05-12T15:28:57+0200] [MainThread] [I] [toil.worker] ---TOIL WORKER OUTPUT LOG---
	[2022-05-12T15:28:57+0200] [MainThread] [I] [toil] Running Toil version 5.6.0-c34146a6437e4407a61e946e968bcce67a0ebbca on host mrc-tux.
	[2022-05-12T15:28:57+0200] [MainThread] [I] [toil.worker] Working on job 'CWLJob' timelimit4-wf.cwl.step1._:d06e2199-1eb9-4609-8501-93902480e4f6 kind-CWLJob/instance-2yae_r05 v4
	[2022-05-12T15:28:57+0200] [MainThread] [I] [toil.worker] Loaded body Job('CWLJob' timelimit4-wf.cwl.step1._:d06e2199-1eb9-4609-8501-93902480e4f6 kind-CWLJob/instance-2yae_r05 v4) from description 'CWLJob' timelimit4-wf.cwl.step1._:d06e2199-1eb9-4609-8501-93902480e4f6 kind-CWLJob/instance-2yae_r05 v4
	[2022-05-12T15:28:58+0200] [MainThread] [I] [cwltool] [job _:d06e2199-1eb9-4609-8501-93902480e4f6] /tmp/tmplqu40ld6$ sleep \
	    10
	[2022-05-12T15:29:01+0200] [Thread-2  ] [W] [cwltool] [job _:d06e2199-1eb9-4609-8501-93902480e4f6] exceeded time limit of 3 seconds and will be terminated
	[2022-05-12T15:29:01+0200] [MainThread] [I] [cwltool] [job _:d06e2199-1eb9-4609-8501-93902480e4f6] Max memory used: 1MiB
	[2022-05-12T15:29:01+0200] [MainThread] [W] [cwltool] [job _:d06e2199-1eb9-4609-8501-93902480e4f6] completed permanentFail
	Traceback (most recent call last):
	  File &quot;/home/michael/common-workflow-language/toil5.6.0/lib/python3.10/site-packages/toil/worker.py&quot;, line 405, in workerScript
	    job._runner(jobGraph=None, jobStore=jobStore, fileStore=fileStore, defer=defer)
	  File &quot;/home/michael/common-workflow-language/toil5.6.0/lib/python3.10/site-packages/toil/job.py&quot;, line 2399, in _runner
	    returnValues = self._run(jobGraph=None, fileStore=fileStore)
	  File &quot;/home/michael/common-workflow-language/toil5.6.0/lib/python3.10/site-packages/toil/job.py&quot;, line 2317, in _run
	    return self.run(fileStore)
	  File &quot;/home/michael/common-workflow-language/toil5.6.0/lib/python3.10/site-packages/toil/cwl/cwltoil.py&quot;, line 2054, in run
	    raise cwltool.errors.WorkflowException(status)
	cwltool.errors.WorkflowException: permanentFail
	[2022-05-12T15:29:01+0200] [MainThread] [E] [toil.worker] Exiting the worker because of a failed job on host mrc-tux
&lt;=========
</system-err>
		</testcase>
		<testcase name="Test networkaccess enabled" time="7.799541" class="command_line_tool, networkaccess" file="networkaccess" url="cwltest:conformance_tests#224">
			<system-out>{}</system-out>
			<system-err>[2022-05-12T15:28:55+0200] [MainThread] [I] [cwltool] Resolved 'tests/networkaccess.cwl' to 'file:///home/michael/cwl-v1.2/tests/networkaccess.cwl'
[2022-05-12T15:28:58+0200] [MainThread] [I] [toil.job] Saving graph of 1 jobs, 1 new
[2022-05-12T15:28:58+0200] [MainThread] [I] [toil.job] Processing job 'CWLJob' networkaccess.cwl kind-CWLJob/instance-lq2tlyo1 v0
[2022-05-12T15:28:58+0200] [MainThread] [I] [toil] Running Toil version 5.6.0-c34146a6437e4407a61e946e968bcce67a0ebbca on host mrc-tux.
[2022-05-12T15:28:58+0200] [MainThread] [I] [toil.leader] Issued job 'CWLJob' networkaccess.cwl kind-CWLJob/instance-lq2tlyo1 v1 with job batch system ID: 0 and cores: 1, disk: 3.0 Gi, and memory: 2.0 Gi
[2022-05-12T15:28:59+0200] [MainThread] [I] [toil.worker] Redirecting logging to /tmp/74b857e991f65ac9ace4666465a093e2/4963/worker_log.txt
[2022-05-12T15:29:00+0200] [MainThread] [I] [toil.leader] 1 jobs are running, 0 jobs are issued and waiting to run
[2022-05-12T15:29:02+0200] [MainThread] [I] [toil.leader] Finished toil run successfully.
[2022-05-12T15:29:02+0200] [MainThread] [I] [toil.common] Successfully deleted the job store: FileJobStore(/tmp/tmpto2i7c33)
</system-err>
		</testcase>
		<testcase name="Test networkaccess is disabled by default" time="10.465107" class="networkaccess, command_line_tool" file="networkaccess_disabled" url="cwltest:conformance_tests#225">
			<system-err>[2022-05-12T15:28:58+0200] [MainThread] [I] [cwltool] Resolved 'tests/networkaccess2.cwl' to 'file:///home/michael/cwl-v1.2/tests/networkaccess2.cwl'
[2022-05-12T15:29:00+0200] [MainThread] [I] [toil.job] Saving graph of 1 jobs, 1 new
[2022-05-12T15:29:00+0200] [MainThread] [I] [toil.job] Processing job 'CWLJob' networkaccess2.cwl kind-CWLJob/instance-2huwolm_ v0
[2022-05-12T15:29:00+0200] [MainThread] [I] [toil] Running Toil version 5.6.0-c34146a6437e4407a61e946e968bcce67a0ebbca on host mrc-tux.
[2022-05-12T15:29:00+0200] [MainThread] [I] [toil.leader] Issued job 'CWLJob' networkaccess2.cwl kind-CWLJob/instance-2huwolm_ v1 with job batch system ID: 0 and cores: 1, disk: 3.0 Gi, and memory: 2.0 Gi
[2022-05-12T15:29:01+0200] [MainThread] [I] [toil.worker] Redirecting logging to /tmp/d5e941c9b7b058a4bc2e3a2c46ef0754/1a38/worker_log.txt
[2022-05-12T15:29:02+0200] [Thread-1 (daddy)] [E] [toil.batchSystems.singleMachine] Got exit code 1 (indicating failure) from job _toil_worker CWLJob file:/tmp/tmp1fv6s9zz kind-CWLJob/instance-2huwolm_.
[2022-05-12T15:29:02+0200] [MainThread] [W] [toil.leader] Job failed with exit value 1: 'CWLJob' networkaccess2.cwl kind-CWLJob/instance-2huwolm_ v1
Exit reason: None
[2022-05-12T15:29:02+0200] [MainThread] [W] [toil.leader] The job seems to have left a log file, indicating failure: 'CWLJob' networkaccess2.cwl kind-CWLJob/instance-2huwolm_ v2
[2022-05-12T15:29:02+0200] [MainThread] [W] [toil.leader] Log from job &quot;kind-CWLJob/instance-2huwolm_&quot; follows:
=========&gt;
	[2022-05-12T15:29:01+0200] [MainThread] [I] [toil.worker] ---TOIL WORKER OUTPUT LOG---
	[2022-05-12T15:29:01+0200] [MainThread] [I] [toil] Running Toil version 5.6.0-c34146a6437e4407a61e946e968bcce67a0ebbca on host mrc-tux.
	[2022-05-12T15:29:01+0200] [MainThread] [I] [toil.worker] Working on job 'CWLJob' networkaccess2.cwl kind-CWLJob/instance-2huwolm_ v1
	[2022-05-12T15:29:01+0200] [MainThread] [I] [toil.worker] Loaded body Job('CWLJob' networkaccess2.cwl kind-CWLJob/instance-2huwolm_ v1) from description 'CWLJob' networkaccess2.cwl kind-CWLJob/instance-2huwolm_ v1
	[2022-05-12T15:29:01+0200] [MainThread] [W] [cwltool] [job networkaccess2.cwl] Skipping Docker software container '--memory' limit despite presence of ResourceRequirement with ramMin and/or ramMax setting. Consider running with --strict-memory-limit for increased portability assurance.
	[2022-05-12T15:29:01+0200] [MainThread] [I] [cwltool] [job networkaccess2.cwl] /tmp/tmp0nnnwrry$ docker \
	    run \
	    -i \
	    --mount=type=bind,source=/tmp/tmp0nnnwrry,target=/wXoRzK \
	    --mount=type=bind,source=/tmp/tmp0jcg4fab,target=/tmp \
	    --workdir=/wXoRzK \
	    --read-only=true \
	    --net=none \
	    --user=1000:1000 \
	    --rm \
	    --cidfile=/tmp/tmpsfs53ve_/20220512152901-535034.cid \
	    --env=TMPDIR=/tmp \
	    --env=HOME=/wXoRzK \
	    python:3 \
	    python \
	    -c \
	    'import urllib.request
	assert(urllib.request.urlopen(&quot;http://commonwl.org&quot;).code == 200)'
	Traceback (most recent call last):
	  File &quot;/usr/local/lib/python3.10/urllib/request.py&quot;, line 1348, in do_open
	    h.request(req.get_method(), req.selector, req.data, headers,
	  File &quot;/usr/local/lib/python3.10/http/client.py&quot;, line 1282, in request
	    self._send_request(method, url, body, headers, encode_chunked)
	  File &quot;/usr/local/lib/python3.10/http/client.py&quot;, line 1328, in _send_request
	    self.endheaders(body, encode_chunked=encode_chunked)
	  File &quot;/usr/local/lib/python3.10/http/client.py&quot;, line 1277, in endheaders
	    self._send_output(message_body, encode_chunked=encode_chunked)
	  File &quot;/usr/local/lib/python3.10/http/client.py&quot;, line 1037, in _send_output
	    self.send(msg)
	  File &quot;/usr/local/lib/python3.10/http/client.py&quot;, line 975, in send
	    self.connect()
	  File &quot;/usr/local/lib/python3.10/http/client.py&quot;, line 941, in connect
	    self.sock = self._create_connection(
	  File &quot;/usr/local/lib/python3.10/socket.py&quot;, line 824, in create_connection
	    for res in getaddrinfo(host, port, 0, SOCK_STREAM):
	  File &quot;/usr/local/lib/python3.10/socket.py&quot;, line 955, in getaddrinfo
	    for res in _socket.getaddrinfo(host, port, family, type, proto, flags):
	socket.gaierror: [Errno -3] Temporary failure in name resolution
	
	During handling of the above exception, another exception occurred:
	
	Traceback (most recent call last):
	  File &quot;&lt;string&gt;&quot;, line 2, in &lt;module&gt;
	  File &quot;/usr/local/lib/python3.10/urllib/request.py&quot;, line 216, in urlopen
	    return opener.open(url, data, timeout)
	  File &quot;/usr/local/lib/python3.10/urllib/request.py&quot;, line 519, in open
	    response = self._open(req, data)
	  File &quot;/usr/local/lib/python3.10/urllib/request.py&quot;, line 536, in _open
	    result = self._call_chain(self.handle_open, protocol, protocol +
	  File &quot;/usr/local/lib/python3.10/urllib/request.py&quot;, line 496, in _call_chain
	    result = func(*args)
	  File &quot;/usr/local/lib/python3.10/urllib/request.py&quot;, line 1377, in http_open
	    return self.do_open(http.client.HTTPConnection, req)
	  File &quot;/usr/local/lib/python3.10/urllib/request.py&quot;, line 1351, in do_open
	    raise URLError(err)
	urllib.error.URLError: &lt;urlopen error [Errno -3] Temporary failure in name resolution&gt;
	[2022-05-12T15:29:02+0200] [MainThread] [I] [cwltool] [job networkaccess2.cwl] Max memory used: 0MiB
	[2022-05-12T15:29:02+0200] [MainThread] [W] [cwltool] [job networkaccess2.cwl] completed permanentFail
	Traceback (most recent call last):
	  File &quot;/home/michael/common-workflow-language/toil5.6.0/lib/python3.10/site-packages/toil/worker.py&quot;, line 405, in workerScript
	    job._runner(jobGraph=None, jobStore=jobStore, fileStore=fileStore, defer=defer)
	  File &quot;/home/michael/common-workflow-language/toil5.6.0/lib/python3.10/site-packages/toil/job.py&quot;, line 2399, in _runner
	    returnValues = self._run(jobGraph=None, fileStore=fileStore)
	  File &quot;/home/michael/common-workflow-language/toil5.6.0/lib/python3.10/site-packages/toil/job.py&quot;, line 2317, in _run
	    return self.run(fileStore)
	  File &quot;/home/michael/common-workflow-language/toil5.6.0/lib/python3.10/site-packages/toil/cwl/cwltoil.py&quot;, line 2054, in run
	    raise cwltool.errors.WorkflowException(status)
	cwltool.errors.WorkflowException: permanentFail
	[2022-05-12T15:29:02+0200] [MainThread] [E] [toil.worker] Exiting the worker because of a failed job on host mrc-tux
&lt;=========
[2022-05-12T15:29:02+0200] [MainThread] [W] [toil.job] Due to failure we are reducing the remaining try count of job 'CWLJob' networkaccess2.cwl kind-CWLJob/instance-2huwolm_ v2 with ID kind-CWLJob/instance-2huwolm_ to 1
[2022-05-12T15:29:02+0200] [MainThread] [I] [toil.leader] 0 jobs are running, 0 jobs are issued and waiting to run
[2022-05-12T15:29:02+0200] [MainThread] [I] [toil.leader] Issued job 'CWLJob' networkaccess2.cwl kind-CWLJob/instance-2huwolm_ v3 with job batch system ID: 1 and cores: 1, disk: 3.0 Gi, and memory: 2.0 Gi
[2022-05-12T15:29:02+0200] [MainThread] [I] [toil.worker] Redirecting logging to /tmp/d5e941c9b7b058a4bc2e3a2c46ef0754/41c0/worker_log.txt
[2022-05-12T15:29:04+0200] [Thread-1 (daddy)] [E] [toil.batchSystems.singleMachine] Got exit code 1 (indicating failure) from job _toil_worker CWLJob file:/tmp/tmp1fv6s9zz kind-CWLJob/instance-2huwolm_.
[2022-05-12T15:29:04+0200] [MainThread] [W] [toil.leader] Job failed with exit value 1: 'CWLJob' networkaccess2.cwl kind-CWLJob/instance-2huwolm_ v3
Exit reason: None
[2022-05-12T15:29:04+0200] [MainThread] [W] [toil.leader] The job seems to have left a log file, indicating failure: 'CWLJob' networkaccess2.cwl kind-CWLJob/instance-2huwolm_ v5
[2022-05-12T15:29:04+0200] [MainThread] [W] [toil.leader] Log from job &quot;kind-CWLJob/instance-2huwolm_&quot; follows:
=========&gt;
	[2022-05-12T15:29:02+0200] [MainThread] [I] [toil.worker] ---TOIL WORKER OUTPUT LOG---
	[2022-05-12T15:29:02+0200] [MainThread] [I] [toil] Running Toil version 5.6.0-c34146a6437e4407a61e946e968bcce67a0ebbca on host mrc-tux.
	[2022-05-12T15:29:02+0200] [MainThread] [I] [toil.worker] Working on job 'CWLJob' networkaccess2.cwl kind-CWLJob/instance-2huwolm_ v4
	[2022-05-12T15:29:03+0200] [MainThread] [I] [toil.worker] Loaded body Job('CWLJob' networkaccess2.cwl kind-CWLJob/instance-2huwolm_ v4) from description 'CWLJob' networkaccess2.cwl kind-CWLJob/instance-2huwolm_ v4
	[2022-05-12T15:29:03+0200] [MainThread] [W] [cwltool] [job networkaccess2.cwl] Skipping Docker software container '--memory' limit despite presence of ResourceRequirement with ramMin and/or ramMax setting. Consider running with --strict-memory-limit for increased portability assurance.
	[2022-05-12T15:29:03+0200] [MainThread] [I] [cwltool] [job networkaccess2.cwl] /tmp/tmp8rdi4dbb$ docker \
	    run \
	    -i \
	    --mount=type=bind,source=/tmp/tmp8rdi4dbb,target=/CYQfAy \
	    --mount=type=bind,source=/tmp/tmpzxh4k5fm,target=/tmp \
	    --workdir=/CYQfAy \
	    --read-only=true \
	    --net=none \
	    --user=1000:1000 \
	    --rm \
	    --cidfile=/tmp/tmp3pel0w60/20220512152903-214587.cid \
	    --env=TMPDIR=/tmp \
	    --env=HOME=/CYQfAy \
	    python:3 \
	    python \
	    -c \
	    'import urllib.request
	assert(urllib.request.urlopen(&quot;http://commonwl.org&quot;).code == 200)'
	Traceback (most recent call last):
	  File &quot;/usr/local/lib/python3.10/urllib/request.py&quot;, line 1348, in do_open
	    h.request(req.get_method(), req.selector, req.data, headers,
	  File &quot;/usr/local/lib/python3.10/http/client.py&quot;, line 1282, in request
	    self._send_request(method, url, body, headers, encode_chunked)
	  File &quot;/usr/local/lib/python3.10/http/client.py&quot;, line 1328, in _send_request
	    self.endheaders(body, encode_chunked=encode_chunked)
	  File &quot;/usr/local/lib/python3.10/http/client.py&quot;, line 1277, in endheaders
	    self._send_output(message_body, encode_chunked=encode_chunked)
	  File &quot;/usr/local/lib/python3.10/http/client.py&quot;, line 1037, in _send_output
	    self.send(msg)
	  File &quot;/usr/local/lib/python3.10/http/client.py&quot;, line 975, in send
	    self.connect()
	  File &quot;/usr/local/lib/python3.10/http/client.py&quot;, line 941, in connect
	    self.sock = self._create_connection(
	  File &quot;/usr/local/lib/python3.10/socket.py&quot;, line 824, in create_connection
	    for res in getaddrinfo(host, port, 0, SOCK_STREAM):
	  File &quot;/usr/local/lib/python3.10/socket.py&quot;, line 955, in getaddrinfo
	    for res in _socket.getaddrinfo(host, port, family, type, proto, flags):
	socket.gaierror: [Errno -3] Temporary failure in name resolution
	
	During handling of the above exception, another exception occurred:
	
	Traceback (most recent call last):
	  File &quot;&lt;string&gt;&quot;, line 2, in &lt;module&gt;
	  File &quot;/usr/local/lib/python3.10/urllib/request.py&quot;, line 216, in urlopen
	    return opener.open(url, data, timeout)
	  File &quot;/usr/local/lib/python3.10/urllib/request.py&quot;, line 519, in open
	    response = self._open(req, data)
	  File &quot;/usr/local/lib/python3.10/urllib/request.py&quot;, line 536, in _open
	    result = self._call_chain(self.handle_open, protocol, protocol +
	  File &quot;/usr/local/lib/python3.10/urllib/request.py&quot;, line 496, in _call_chain
	    result = func(*args)
	  File &quot;/usr/local/lib/python3.10/urllib/request.py&quot;, line 1377, in http_open
	    return self.do_open(http.client.HTTPConnection, req)
	  File &quot;/usr/local/lib/python3.10/urllib/request.py&quot;, line 1351, in do_open
	    raise URLError(err)
	urllib.error.URLError: &lt;urlopen error [Errno -3] Temporary failure in name resolution&gt;
	[2022-05-12T15:29:04+0200] [MainThread] [I] [cwltool] [job networkaccess2.cwl] Max memory used: 0MiB
	[2022-05-12T15:29:04+0200] [MainThread] [W] [cwltool] [job networkaccess2.cwl] completed permanentFail
	Traceback (most recent call last):
	  File &quot;/home/michael/common-workflow-language/toil5.6.0/lib/python3.10/site-packages/toil/worker.py&quot;, line 405, in workerScript
	    job._runner(jobGraph=None, jobStore=jobStore, fileStore=fileStore, defer=defer)
	  File &quot;/home/michael/common-workflow-language/toil5.6.0/lib/python3.10/site-packages/toil/job.py&quot;, line 2399, in _runner
	    returnValues = self._run(jobGraph=None, fileStore=fileStore)
	  File &quot;/home/michael/common-workflow-language/toil5.6.0/lib/python3.10/site-packages/toil/job.py&quot;, line 2317, in _run
	    return self.run(fileStore)
	  File &quot;/home/michael/common-workflow-language/toil5.6.0/lib/python3.10/site-packages/toil/cwl/cwltoil.py&quot;, line 2054, in run
	    raise cwltool.errors.WorkflowException(status)
	cwltool.errors.WorkflowException: permanentFail
	[2022-05-12T15:29:04+0200] [MainThread] [E] [toil.worker] Exiting the worker because of a failed job on host mrc-tux
&lt;=========
[2022-05-12T15:29:04+0200] [MainThread] [W] [toil.job] Due to failure we are reducing the remaining try count of job 'CWLJob' networkaccess2.cwl kind-CWLJob/instance-2huwolm_ v5 with ID kind-CWLJob/instance-2huwolm_ to 0
[2022-05-12T15:29:04+0200] [MainThread] [W] [toil.leader] Job 'CWLJob' networkaccess2.cwl kind-CWLJob/instance-2huwolm_ v6 is completely failed
[2022-05-12T15:29:07+0200] [MainThread] [I] [toil.leader] Finished toil run with 1 failed jobs.
[2022-05-12T15:29:07+0200] [MainThread] [I] [toil.leader] Failed jobs at end of the run: 'CWLJob' networkaccess2.cwl kind-CWLJob/instance-2huwolm_ v6
Traceback (most recent call last):
  File &quot;/home/michael/common-workflow-language/toil5.6.0/bin/toil-cwl-runner&quot;, line 8, in &lt;module&gt;
    sys.exit(main())
  File &quot;/home/michael/common-workflow-language/toil5.6.0/lib/python3.10/site-packages/toil/cwl/cwltoil.py&quot;, line 3486, in main
    outobj = toil.start(wf1)
  File &quot;/home/michael/common-workflow-language/toil5.6.0/lib/python3.10/site-packages/toil/common.py&quot;, line 951, in start
    return self._runMainLoop(rootJobDescription)
  File &quot;/home/michael/common-workflow-language/toil5.6.0/lib/python3.10/site-packages/toil/common.py&quot;, line 1278, in _runMainLoop
    jobCache=self._jobCache).run()
  File &quot;/home/michael/common-workflow-language/toil5.6.0/lib/python3.10/site-packages/toil/leader.py&quot;, line 289, in run
    raise FailedJobsException(self.jobStore, failed_jobs, exit_code=self.recommended_fail_exit_code)
toil.leader.FailedJobsException: The job store '/tmp/tmp1fv6s9zz' contains 1 failed jobs: 'CWLJob' networkaccess2.cwl kind-CWLJob/instance-2huwolm_ v6
Log from job &quot;'CWLJob' networkaccess2.cwl kind-CWLJob/instance-2huwolm_ v6&quot; follows:
=========&gt;
	[2022-05-12T15:29:02+0200] [MainThread] [I] [toil.worker] ---TOIL WORKER OUTPUT LOG---
	[2022-05-12T15:29:02+0200] [MainThread] [I] [toil] Running Toil version 5.6.0-c34146a6437e4407a61e946e968bcce67a0ebbca on host mrc-tux.
	[2022-05-12T15:29:02+0200] [MainThread] [I] [toil.worker] Working on job 'CWLJob' networkaccess2.cwl kind-CWLJob/instance-2huwolm_ v4
	[2022-05-12T15:29:03+0200] [MainThread] [I] [toil.worker] Loaded body Job('CWLJob' networkaccess2.cwl kind-CWLJob/instance-2huwolm_ v4) from description 'CWLJob' networkaccess2.cwl kind-CWLJob/instance-2huwolm_ v4
	[2022-05-12T15:29:03+0200] [MainThread] [W] [cwltool] [job networkaccess2.cwl] Skipping Docker software container '--memory' limit despite presence of ResourceRequirement with ramMin and/or ramMax setting. Consider running with --strict-memory-limit for increased portability assurance.
	[2022-05-12T15:29:03+0200] [MainThread] [I] [cwltool] [job networkaccess2.cwl] /tmp/tmp8rdi4dbb$ docker \
	    run \
	    -i \
	    --mount=type=bind,source=/tmp/tmp8rdi4dbb,target=/CYQfAy \
	    --mount=type=bind,source=/tmp/tmpzxh4k5fm,target=/tmp \
	    --workdir=/CYQfAy \
	    --read-only=true \
	    --net=none \
	    --user=1000:1000 \
	    --rm \
	    --cidfile=/tmp/tmp3pel0w60/20220512152903-214587.cid \
	    --env=TMPDIR=/tmp \
	    --env=HOME=/CYQfAy \
	    python:3 \
	    python \
	    -c \
	    'import urllib.request
	assert(urllib.request.urlopen(&quot;http://commonwl.org&quot;).code == 200)'
	Traceback (most recent call last):
	  File &quot;/usr/local/lib/python3.10/urllib/request.py&quot;, line 1348, in do_open
	    h.request(req.get_method(), req.selector, req.data, headers,
	  File &quot;/usr/local/lib/python3.10/http/client.py&quot;, line 1282, in request
	    self._send_request(method, url, body, headers, encode_chunked)
	  File &quot;/usr/local/lib/python3.10/http/client.py&quot;, line 1328, in _send_request
	    self.endheaders(body, encode_chunked=encode_chunked)
	  File &quot;/usr/local/lib/python3.10/http/client.py&quot;, line 1277, in endheaders
	    self._send_output(message_body, encode_chunked=encode_chunked)
	  File &quot;/usr/local/lib/python3.10/http/client.py&quot;, line 1037, in _send_output
	    self.send(msg)
	  File &quot;/usr/local/lib/python3.10/http/client.py&quot;, line 975, in send
	    self.connect()
	  File &quot;/usr/local/lib/python3.10/http/client.py&quot;, line 941, in connect
	    self.sock = self._create_connection(
	  File &quot;/usr/local/lib/python3.10/socket.py&quot;, line 824, in create_connection
	    for res in getaddrinfo(host, port, 0, SOCK_STREAM):
	  File &quot;/usr/local/lib/python3.10/socket.py&quot;, line 955, in getaddrinfo
	    for res in _socket.getaddrinfo(host, port, family, type, proto, flags):
	socket.gaierror: [Errno -3] Temporary failure in name resolution
	
	During handling of the above exception, another exception occurred:
	
	Traceback (most recent call last):
	  File &quot;&lt;string&gt;&quot;, line 2, in &lt;module&gt;
	  File &quot;/usr/local/lib/python3.10/urllib/request.py&quot;, line 216, in urlopen
	    return opener.open(url, data, timeout)
	  File &quot;/usr/local/lib/python3.10/urllib/request.py&quot;, line 519, in open
	    response = self._open(req, data)
	  File &quot;/usr/local/lib/python3.10/urllib/request.py&quot;, line 536, in _open
	    result = self._call_chain(self.handle_open, protocol, protocol +
	  File &quot;/usr/local/lib/python3.10/urllib/request.py&quot;, line 496, in _call_chain
	    result = func(*args)
	  File &quot;/usr/local/lib/python3.10/urllib/request.py&quot;, line 1377, in http_open
	    return self.do_open(http.client.HTTPConnection, req)
	  File &quot;/usr/local/lib/python3.10/urllib/request.py&quot;, line 1351, in do_open
	    raise URLError(err)
	urllib.error.URLError: &lt;urlopen error [Errno -3] Temporary failure in name resolution&gt;
	[2022-05-12T15:29:04+0200] [MainThread] [I] [cwltool] [job networkaccess2.cwl] Max memory used: 0MiB
	[2022-05-12T15:29:04+0200] [MainThread] [W] [cwltool] [job networkaccess2.cwl] completed permanentFail
	Traceback (most recent call last):
	  File &quot;/home/michael/common-workflow-language/toil5.6.0/lib/python3.10/site-packages/toil/worker.py&quot;, line 405, in workerScript
	    job._runner(jobGraph=None, jobStore=jobStore, fileStore=fileStore, defer=defer)
	  File &quot;/home/michael/common-workflow-language/toil5.6.0/lib/python3.10/site-packages/toil/job.py&quot;, line 2399, in _runner
	    returnValues = self._run(jobGraph=None, fileStore=fileStore)
	  File &quot;/home/michael/common-workflow-language/toil5.6.0/lib/python3.10/site-packages/toil/job.py&quot;, line 2317, in _run
	    return self.run(fileStore)
	  File &quot;/home/michael/common-workflow-language/toil5.6.0/lib/python3.10/site-packages/toil/cwl/cwltoil.py&quot;, line 2054, in run
	    raise cwltool.errors.WorkflowException(status)
	cwltool.errors.WorkflowException: permanentFail
	[2022-05-12T15:29:04+0200] [MainThread] [E] [toil.worker] Exiting the worker because of a failed job on host mrc-tux
&lt;=========
</system-err>
		</testcase>
		<testcase name="Test null and array input in InitialWorkDirRequirement" time="4.598889" class="resource, command_line_tool, initial_work_dir" url="cwltest:conformance_tests#226">
			<system-out>{
    &quot;output&quot;: {
        &quot;location&quot;: &quot;file:///tmp/tmpgot6kbf2/lsout&quot;,
        &quot;basename&quot;: &quot;lsout&quot;,
        &quot;nameroot&quot;: &quot;lsout&quot;,
        &quot;nameext&quot;: &quot;&quot;,
        &quot;class&quot;: &quot;File&quot;,
        &quot;checksum&quot;: &quot;sha1$e453d26efd859a9abc80ae1a1d9d63db72376053&quot;,
        &quot;size&quot;: 32
    }
}</system-out>
			<system-err>[2022-05-12T15:29:01+0200] [MainThread] [I] [cwltool] Resolved 'tests/stage-array.cwl' to 'file:///home/michael/cwl-v1.2/tests/stage-array.cwl'
[2022-05-12T15:29:03+0200] [MainThread] [I] [toil.job] Saving graph of 1 jobs, 1 new
[2022-05-12T15:29:03+0200] [MainThread] [I] [toil.job] Processing job 'CWLJob' stage_array kind-CWLJob/instance-_ani2s_4 v0
[2022-05-12T15:29:03+0200] [MainThread] [I] [toil] Running Toil version 5.6.0-c34146a6437e4407a61e946e968bcce67a0ebbca on host mrc-tux.
[2022-05-12T15:29:03+0200] [MainThread] [I] [toil.leader] Issued job 'CWLJob' stage_array kind-CWLJob/instance-_ani2s_4 v1 with job batch system ID: 0 and cores: 1, disk: 3.0 Gi, and memory: 2.0 Gi
[2022-05-12T15:29:04+0200] [MainThread] [I] [toil.worker] Redirecting logging to /tmp/88cdd28769485a8ca767f3e02fe4b489/2351/worker_log.txt
[2022-05-12T15:29:04+0200] [MainThread] [I] [toil.leader] 0 jobs are running, 0 jobs are issued and waiting to run
[2022-05-12T15:29:05+0200] [MainThread] [I] [toil.leader] Finished toil run successfully.
[2022-05-12T15:29:05+0200] [MainThread] [I] [toil.common] Successfully deleted the job store: FileJobStore(/tmp/tmp9kcx03v8)
</system-err>
		</testcase>
		<testcase name="Test array of directories InitialWorkDirRequirement" time="4.584965" class="resource, command_line_tool, initial_work_dir" url="cwltest:conformance_tests#227">
			<system-out>{
    &quot;output&quot;: [
        {
            &quot;location&quot;: &quot;file:///tmp/tmpwzrmzcbg/a&quot;,
            &quot;basename&quot;: &quot;a&quot;,
            &quot;nameroot&quot;: &quot;a&quot;,
            &quot;nameext&quot;: &quot;&quot;,
            &quot;class&quot;: &quot;File&quot;,
            &quot;checksum&quot;: &quot;sha1$da39a3ee5e6b4b0d3255bfef95601890afd80709&quot;,
            &quot;size&quot;: 0
        },
        {
            &quot;location&quot;: &quot;file:///tmp/tmpwzrmzcbg/B&quot;,
            &quot;basename&quot;: &quot;B&quot;,
            &quot;nameroot&quot;: &quot;B&quot;,
            &quot;nameext&quot;: &quot;&quot;,
            &quot;class&quot;: &quot;File&quot;,
            &quot;checksum&quot;: &quot;sha1$da39a3ee5e6b4b0d3255bfef95601890afd80709&quot;,
            &quot;size&quot;: 0
        }
    ]
}</system-out>
			<system-err>[2022-05-12T15:29:03+0200] [MainThread] [I] [cwltool] Resolved 'tests/stage-array-dirs.cwl' to 'file:///home/michael/cwl-v1.2/tests/stage-array-dirs.cwl'
[2022-05-12T15:29:05+0200] [MainThread] [I] [toil.job] Saving graph of 1 jobs, 1 new
[2022-05-12T15:29:05+0200] [MainThread] [I] [toil.job] Processing job 'CWLJob' stage_array_dirs kind-CWLJob/instance-levgzp3z v0
[2022-05-12T15:29:05+0200] [MainThread] [I] [toil] Running Toil version 5.6.0-c34146a6437e4407a61e946e968bcce67a0ebbca on host mrc-tux.
[2022-05-12T15:29:05+0200] [MainThread] [I] [toil.leader] Issued job 'CWLJob' stage_array_dirs kind-CWLJob/instance-levgzp3z v1 with job batch system ID: 0 and cores: 1, disk: 3.0 Gi, and memory: 2.0 Gi
[2022-05-12T15:29:05+0200] [MainThread] [I] [toil.worker] Redirecting logging to /tmp/c19649b4f0ea54609861d7fae8a206b8/6b04/worker_log.txt
[2022-05-12T15:29:05+0200] [MainThread] [I] [toil.leader] 0 jobs are running, 0 jobs are issued and waiting to run
[2022-05-12T15:29:07+0200] [MainThread] [I] [toil.leader] Finished toil run successfully.
[2022-05-12T15:29:07+0200] [MainThread] [I] [toil.common] Successfully deleted the job store: FileJobStore(/tmp/tmpk7vk1fpt)
</system-err>
		</testcase>
		<testcase name="Test requirements in input document via EnvVarRequirement" time="4.140055" class="command_line_tool, input_object_requirements" file="cwl_requirements_addition" url="cwltest:conformance_tests#228">
			<system-out>{
    &quot;out&quot;: {
        &quot;location&quot;: &quot;file:///tmp/tmp5en_flxn/out&quot;,
        &quot;basename&quot;: &quot;out&quot;,
        &quot;nameroot&quot;: &quot;out&quot;,
        &quot;nameext&quot;: &quot;&quot;,
        &quot;class&quot;: &quot;File&quot;,
        &quot;checksum&quot;: &quot;sha1$b3ec4ed1749c207e52b3a6d08c59f31d83bff519&quot;,
        &quot;size&quot;: 15
    }
}</system-out>
			<system-err>[2022-05-12T15:29:06+0200] [MainThread] [I] [cwltool] Resolved 'tests/env-tool3.cwl' to 'file:///home/michael/cwl-v1.2/tests/env-tool3.cwl'
[2022-05-12T15:29:07+0200] [MainThread] [I] [toil.job] Saving graph of 1 jobs, 1 new
[2022-05-12T15:29:07+0200] [MainThread] [I] [toil.job] Processing job 'CWLJob' env-tool3.cwl kind-CWLJob/instance-76gmn42o v0
[2022-05-12T15:29:07+0200] [MainThread] [I] [toil] Running Toil version 5.6.0-c34146a6437e4407a61e946e968bcce67a0ebbca on host mrc-tux.
[2022-05-12T15:29:07+0200] [MainThread] [I] [toil.leader] Issued job 'CWLJob' env-tool3.cwl kind-CWLJob/instance-76gmn42o v1 with job batch system ID: 0 and cores: 1, disk: 3.0 Gi, and memory: 2.0 Gi
[2022-05-12T15:29:08+0200] [MainThread] [I] [toil.worker] Redirecting logging to /tmp/e2424ce04c875db3a35273585d9949e6/714f/worker_log.txt
[2022-05-12T15:29:08+0200] [MainThread] [I] [toil.leader] 0 jobs are running, 0 jobs are issued and waiting to run
[2022-05-12T15:29:09+0200] [MainThread] [I] [toil.leader] Finished toil run successfully.
[2022-05-12T15:29:09+0200] [MainThread] [I] [toil.common] Successfully deleted the job store: FileJobStore(/tmp/tmpqxoipynx)
</system-err>
		</testcase>
		<testcase name="Test conflicting requirements in input document via EnvVarRequirement and expression" time="4.923669" class="command_line_tool, input_object_requirements" file="cwl_requirements_override_expression" url="cwltest:conformance_tests#229">
			<system-out>{
    &quot;out&quot;: {
        &quot;location&quot;: &quot;file:///tmp/tmppnezyusf/out&quot;,
        &quot;basename&quot;: &quot;out&quot;,
        &quot;nameroot&quot;: &quot;out&quot;,
        &quot;nameext&quot;: &quot;&quot;,
        &quot;class&quot;: &quot;File&quot;,
        &quot;checksum&quot;: &quot;sha1$b3ec4ed1749c207e52b3a6d08c59f31d83bff519&quot;,
        &quot;size&quot;: 15
    }
}</system-out>
			<system-err>[2022-05-12T15:29:07+0200] [MainThread] [I] [cwltool] Resolved 'tests/env-tool4.cwl' to 'file:///home/michael/cwl-v1.2/tests/env-tool4.cwl'
[2022-05-12T15:29:09+0200] [MainThread] [I] [toil.job] Saving graph of 1 jobs, 1 new
[2022-05-12T15:29:09+0200] [MainThread] [I] [toil.job] Processing job 'CWLJob' env-tool4.cwl kind-CWLJob/instance-9va3h51n v0
[2022-05-12T15:29:09+0200] [MainThread] [I] [toil] Running Toil version 5.6.0-c34146a6437e4407a61e946e968bcce67a0ebbca on host mrc-tux.
[2022-05-12T15:29:09+0200] [MainThread] [I] [toil.leader] Issued job 'CWLJob' env-tool4.cwl kind-CWLJob/instance-9va3h51n v1 with job batch system ID: 0 and cores: 1, disk: 3.0 Gi, and memory: 2.0 Gi
[2022-05-12T15:29:10+0200] [MainThread] [I] [toil.worker] Redirecting logging to /tmp/469d808f717250a6a634a65d5aab92d4/f995/worker_log.txt
[2022-05-12T15:29:10+0200] [MainThread] [I] [toil.leader] 0 jobs are running, 0 jobs are issued and waiting to run
[2022-05-12T15:29:12+0200] [MainThread] [I] [toil.leader] Finished toil run successfully.
[2022-05-12T15:29:12+0200] [MainThread] [I] [toil.common] Successfully deleted the job store: FileJobStore(/tmp/tmpfqhwkw5a)
</system-err>
		</testcase>
		<testcase name="Test conflicting requirements in input document via EnvVarRequirement" time="4.454799" class="command_line_tool, input_object_requirements" file="cwl_requirements_override_static" url="cwltest:conformance_tests#230">
			<system-out>{
    &quot;out&quot;: {
        &quot;location&quot;: &quot;file:///tmp/tmpb4to0bnb/out&quot;,
        &quot;basename&quot;: &quot;out&quot;,
        &quot;nameroot&quot;: &quot;out&quot;,
        &quot;nameext&quot;: &quot;&quot;,
        &quot;class&quot;: &quot;File&quot;,
        &quot;checksum&quot;: &quot;sha1$715e62184492851512a020c36ab7118eca114a59&quot;,
        &quot;size&quot;: 23
    }
}</system-out>
			<system-err>[2022-05-12T15:29:07+0200] [MainThread] [I] [cwltool] Resolved 'tests/env-tool3.cwl' to 'file:///home/michael/cwl-v1.2/tests/env-tool3.cwl'
[2022-05-12T15:29:09+0200] [MainThread] [I] [toil.job] Saving graph of 1 jobs, 1 new
[2022-05-12T15:29:09+0200] [MainThread] [I] [toil.job] Processing job 'CWLJob' env-tool3.cwl kind-CWLJob/instance-6fnnty1i v0
[2022-05-12T15:29:09+0200] [MainThread] [I] [toil] Running Toil version 5.6.0-c34146a6437e4407a61e946e968bcce67a0ebbca on host mrc-tux.
[2022-05-12T15:29:09+0200] [MainThread] [I] [toil.leader] Issued job 'CWLJob' env-tool3.cwl kind-CWLJob/instance-6fnnty1i v1 with job batch system ID: 0 and cores: 1, disk: 3.0 Gi, and memory: 2.0 Gi
[2022-05-12T15:29:10+0200] [MainThread] [I] [toil.worker] Redirecting logging to /tmp/e0996401c64e55d99e053e6309b4bc77/3289/worker_log.txt
[2022-05-12T15:29:10+0200] [MainThread] [I] [toil.leader] 0 jobs are running, 0 jobs are issued and waiting to run
[2022-05-12T15:29:11+0200] [MainThread] [I] [toil.leader] Finished toil run successfully.
[2022-05-12T15:29:11+0200] [MainThread] [I] [toil.common] Successfully deleted the job store: FileJobStore(/tmp/tmpb9mijesv)
</system-err>
		</testcase>
		<testcase name="Test full path glob output of InitialWorkDir" time="4.642978" class="initial_work_dir, command_line_tool" file="initial_workdir_output_glob" url="cwltest:conformance_tests#231">
			<system-out>{
    &quot;OUTPUT&quot;: {
        &quot;location&quot;: &quot;file:///tmp/tmpb7mieovl/ref.fasta&quot;,
        &quot;basename&quot;: &quot;ref.fasta&quot;,
        &quot;nameroot&quot;: &quot;ref&quot;,
        &quot;nameext&quot;: &quot;.fasta&quot;,
        &quot;class&quot;: &quot;File&quot;,
        &quot;checksum&quot;: &quot;sha1$aeb3d11bdf536511649129f4077d5cda6a324118&quot;,
        &quot;size&quot;: 12010,
        &quot;secondaryFiles&quot;: [
            {
                &quot;basename&quot;: &quot;ref.fasta.fai&quot;,
                &quot;location&quot;: &quot;file:///tmp/tmpb7mieovl/ref.fasta.fai&quot;,
                &quot;class&quot;: &quot;File&quot;,
                &quot;nameroot&quot;: &quot;ref.fasta&quot;,
                &quot;nameext&quot;: &quot;.fai&quot;,
                &quot;checksum&quot;: &quot;sha1$da39a3ee5e6b4b0d3255bfef95601890afd80709&quot;,
                &quot;size&quot;: 0
            }
        ]
    }
}</system-out>
			<system-err>[2022-05-12T15:29:08+0200] [MainThread] [I] [cwltool] Resolved 'tests/initialworkdir-glob-fullpath.cwl' to 'file:///home/michael/cwl-v1.2/tests/initialworkdir-glob-fullpath.cwl'
[2022-05-12T15:29:10+0200] [MainThread] [I] [toil.job] Saving graph of 1 jobs, 1 new
[2022-05-12T15:29:10+0200] [MainThread] [I] [toil.job] Processing job 'CWLJob' initialworkdir-glob-fullpath.cwl kind-CWLJob/instance-_8hlex0u v0
[2022-05-12T15:29:10+0200] [MainThread] [I] [toil] Running Toil version 5.6.0-c34146a6437e4407a61e946e968bcce67a0ebbca on host mrc-tux.
[2022-05-12T15:29:10+0200] [MainThread] [I] [toil.leader] Issued job 'CWLJob' initialworkdir-glob-fullpath.cwl kind-CWLJob/instance-_8hlex0u v1 with job batch system ID: 0 and cores: 1, disk: 3.0 Gi, and memory: 2.0 Gi
[2022-05-12T15:29:10+0200] [MainThread] [I] [toil.worker] Redirecting logging to /tmp/b4cbfcde8a385f1fa04bd265d026f282/b86d/worker_log.txt
[2022-05-12T15:29:11+0200] [MainThread] [I] [toil.leader] 0 jobs are running, 0 jobs are issued and waiting to run
[2022-05-12T15:29:12+0200] [MainThread] [I] [toil.leader] Finished toil run successfully.
[2022-05-12T15:29:12+0200] [MainThread] [I] [toil.common] Successfully deleted the job store: FileJobStore(/tmp/tmp_89zj10b)
</system-err>
		</testcase>
		<testcase name="Test full path glob output of InitialWorkDir (duplicate)" time="4.619947" class="initial_work_dir, command_line_tool" file="initial_workdir_output_glob_duplicate" url="cwltest:conformance_tests#232">
			<system-out>{
    &quot;OUTPUT&quot;: {
        &quot;location&quot;: &quot;file:///tmp/tmpfairpm4j/ref.fasta&quot;,
        &quot;basename&quot;: &quot;ref.fasta&quot;,
        &quot;nameroot&quot;: &quot;ref&quot;,
        &quot;nameext&quot;: &quot;.fasta&quot;,
        &quot;class&quot;: &quot;File&quot;,
        &quot;checksum&quot;: &quot;sha1$aeb3d11bdf536511649129f4077d5cda6a324118&quot;,
        &quot;size&quot;: 12010,
        &quot;secondaryFiles&quot;: [
            {
                &quot;basename&quot;: &quot;ref.fasta.fai&quot;,
                &quot;location&quot;: &quot;file:///tmp/tmpfairpm4j/ref.fasta.fai&quot;,
                &quot;class&quot;: &quot;File&quot;,
                &quot;nameroot&quot;: &quot;ref.fasta&quot;,
                &quot;nameext&quot;: &quot;.fai&quot;,
                &quot;checksum&quot;: &quot;sha1$da39a3ee5e6b4b0d3255bfef95601890afd80709&quot;,
                &quot;size&quot;: 0
            }
        ]
    }
}</system-out>
			<system-err>[2022-05-12T15:29:10+0200] [MainThread] [I] [cwltool] Resolved 'tests/initialworkdir-glob-fullpath.cwl' to 'file:///home/michael/cwl-v1.2/tests/initialworkdir-glob-fullpath.cwl'
[2022-05-12T15:29:12+0200] [MainThread] [I] [toil.job] Saving graph of 1 jobs, 1 new
[2022-05-12T15:29:12+0200] [MainThread] [I] [toil.job] Processing job 'CWLJob' initialworkdir-glob-fullpath.cwl kind-CWLJob/instance-peyfoiwl v0
[2022-05-12T15:29:12+0200] [MainThread] [I] [toil] Running Toil version 5.6.0-c34146a6437e4407a61e946e968bcce67a0ebbca on host mrc-tux.
[2022-05-12T15:29:12+0200] [MainThread] [I] [toil.leader] Issued job 'CWLJob' initialworkdir-glob-fullpath.cwl kind-CWLJob/instance-peyfoiwl v1 with job batch system ID: 0 and cores: 1, disk: 3.0 Gi, and memory: 2.0 Gi
[2022-05-12T15:29:12+0200] [MainThread] [I] [toil.worker] Redirecting logging to /tmp/37fdfb560d0855149adf790082f4732c/ba3b/worker_log.txt
[2022-05-12T15:29:13+0200] [MainThread] [I] [toil.leader] 0 jobs are running, 0 jobs are issued and waiting to run
[2022-05-12T15:29:14+0200] [MainThread] [I] [toil.leader] Finished toil run successfully.
[2022-05-12T15:29:14+0200] [MainThread] [I] [toil.common] Successfully deleted the job store: FileJobStore(/tmp/tmp8j4ix6mb)
</system-err>
		</testcase>
		<testcase name="Test fail trying to glob outside output directory" time="9.613054" class="required, command_line_tool, docker" file="glob_outside_outputs_fails" url="cwltest:conformance_tests#233">
			<system-err>[2022-05-12T15:29:12+0200] [MainThread] [I] [cwltool] Resolved 'tests/glob-path-error.cwl' to 'file:///home/michael/cwl-v1.2/tests/glob-path-error.cwl'
[2022-05-12T15:29:14+0200] [MainThread] [I] [toil.job] Saving graph of 1 jobs, 1 new
[2022-05-12T15:29:14+0200] [MainThread] [I] [toil.job] Processing job 'CWLJob' glob-path-error.cwl kind-CWLJob/instance-r272auvr v0
[2022-05-12T15:29:14+0200] [MainThread] [I] [toil] Running Toil version 5.6.0-c34146a6437e4407a61e946e968bcce67a0ebbca on host mrc-tux.
[2022-05-12T15:29:14+0200] [MainThread] [I] [toil.leader] Issued job 'CWLJob' glob-path-error.cwl kind-CWLJob/instance-r272auvr v1 with job batch system ID: 0 and cores: 1, disk: 3.0 Gi, and memory: 2.0 Gi
[2022-05-12T15:29:14+0200] [MainThread] [I] [toil.worker] Redirecting logging to /tmp/99636c6a6cbf59d5a7e29ee1de4f5b5b/e219/worker_log.txt
[2022-05-12T15:29:16+0200] [Thread-1 (daddy)] [E] [toil.batchSystems.singleMachine] Got exit code 1 (indicating failure) from job _toil_worker CWLJob file:/tmp/tmpl7q4fjpb kind-CWLJob/instance-r272auvr.
[2022-05-12T15:29:16+0200] [MainThread] [W] [toil.leader] Job failed with exit value 1: 'CWLJob' glob-path-error.cwl kind-CWLJob/instance-r272auvr v1
Exit reason: None
[2022-05-12T15:29:16+0200] [MainThread] [W] [toil.leader] The job seems to have left a log file, indicating failure: 'CWLJob' glob-path-error.cwl kind-CWLJob/instance-r272auvr v2
[2022-05-12T15:29:16+0200] [MainThread] [W] [toil.leader] Log from job &quot;kind-CWLJob/instance-r272auvr&quot; follows:
=========&gt;
	[2022-05-12T15:29:14+0200] [MainThread] [I] [toil.worker] ---TOIL WORKER OUTPUT LOG---
	[2022-05-12T15:29:14+0200] [MainThread] [I] [toil] Running Toil version 5.6.0-c34146a6437e4407a61e946e968bcce67a0ebbca on host mrc-tux.
	[2022-05-12T15:29:14+0200] [MainThread] [I] [toil.worker] Working on job 'CWLJob' glob-path-error.cwl kind-CWLJob/instance-r272auvr v1
	[2022-05-12T15:29:14+0200] [MainThread] [I] [toil.worker] Loaded body Job('CWLJob' glob-path-error.cwl kind-CWLJob/instance-r272auvr v1) from description 'CWLJob' glob-path-error.cwl kind-CWLJob/instance-r272auvr v1
	[2022-05-12T15:29:15+0200] [MainThread] [W] [cwltool] [job glob-path-error.cwl] Skipping Docker software container '--memory' limit despite presence of ResourceRequirement with ramMin and/or ramMax setting. Consider running with --strict-memory-limit for increased portability assurance.
	[2022-05-12T15:29:15+0200] [MainThread] [I] [cwltool] [job glob-path-error.cwl] /tmp/tmpesa8_pqc$ docker \
	    run \
	    -i \
	    --mount=type=bind,source=/tmp/tmpesa8_pqc,target=/NXFvtr \
	    --mount=type=bind,source=/tmp/tmpfwcarq70,target=/tmp \
	    --workdir=/NXFvtr \
	    --read-only=true \
	    --net=none \
	    --user=1000:1000 \
	    --rm \
	    --cidfile=/tmp/tmpg_6gdvil/20220512152915-023208.cid \
	    --env=TMPDIR=/tmp \
	    --env=HOME=/NXFvtr \
	    debian:stretch-slim \
	    echo
	
	[2022-05-12T15:29:16+0200] [MainThread] [I] [cwltool] [job glob-path-error.cwl] Max memory used: 0MiB
	[2022-05-12T15:29:16+0200] [MainThread] [E] [cwltool] [job glob-path-error.cwl] Job error:
	(&quot;Error collecting output for parameter 'OUTPUT': tests/glob-path-error.cwl:17:7: glob patterns must not start with '/'&quot;, {})
	[2022-05-12T15:29:16+0200] [MainThread] [W] [cwltool] [job glob-path-error.cwl] completed permanentFail
	Traceback (most recent call last):
	  File &quot;/home/michael/common-workflow-language/toil5.6.0/lib/python3.10/site-packages/toil/worker.py&quot;, line 405, in workerScript
	    job._runner(jobGraph=None, jobStore=jobStore, fileStore=fileStore, defer=defer)
	  File &quot;/home/michael/common-workflow-language/toil5.6.0/lib/python3.10/site-packages/toil/job.py&quot;, line 2399, in _runner
	    returnValues = self._run(jobGraph=None, fileStore=fileStore)
	  File &quot;/home/michael/common-workflow-language/toil5.6.0/lib/python3.10/site-packages/toil/job.py&quot;, line 2317, in _run
	    return self.run(fileStore)
	  File &quot;/home/michael/common-workflow-language/toil5.6.0/lib/python3.10/site-packages/toil/cwl/cwltoil.py&quot;, line 2054, in run
	    raise cwltool.errors.WorkflowException(status)
	cwltool.errors.WorkflowException: permanentFail
	[2022-05-12T15:29:16+0200] [MainThread] [E] [toil.worker] Exiting the worker because of a failed job on host mrc-tux
&lt;=========
[2022-05-12T15:29:16+0200] [MainThread] [W] [toil.job] Due to failure we are reducing the remaining try count of job 'CWLJob' glob-path-error.cwl kind-CWLJob/instance-r272auvr v2 with ID kind-CWLJob/instance-r272auvr to 1
[2022-05-12T15:29:16+0200] [MainThread] [I] [toil.leader] 0 jobs are running, 0 jobs are issued and waiting to run
[2022-05-12T15:29:16+0200] [MainThread] [I] [toil.leader] Issued job 'CWLJob' glob-path-error.cwl kind-CWLJob/instance-r272auvr v3 with job batch system ID: 1 and cores: 1, disk: 3.0 Gi, and memory: 2.0 Gi
[2022-05-12T15:29:16+0200] [MainThread] [I] [toil.worker] Redirecting logging to /tmp/99636c6a6cbf59d5a7e29ee1de4f5b5b/e104/worker_log.txt
[2022-05-12T15:29:17+0200] [Thread-1 (daddy)] [E] [toil.batchSystems.singleMachine] Got exit code 1 (indicating failure) from job _toil_worker CWLJob file:/tmp/tmpl7q4fjpb kind-CWLJob/instance-r272auvr.
[2022-05-12T15:29:17+0200] [MainThread] [W] [toil.leader] Job failed with exit value 1: 'CWLJob' glob-path-error.cwl kind-CWLJob/instance-r272auvr v3
Exit reason: None
[2022-05-12T15:29:17+0200] [MainThread] [W] [toil.leader] The job seems to have left a log file, indicating failure: 'CWLJob' glob-path-error.cwl kind-CWLJob/instance-r272auvr v5
[2022-05-12T15:29:17+0200] [MainThread] [W] [toil.leader] Log from job &quot;kind-CWLJob/instance-r272auvr&quot; follows:
=========&gt;
	[2022-05-12T15:29:16+0200] [MainThread] [I] [toil.worker] ---TOIL WORKER OUTPUT LOG---
	[2022-05-12T15:29:16+0200] [MainThread] [I] [toil] Running Toil version 5.6.0-c34146a6437e4407a61e946e968bcce67a0ebbca on host mrc-tux.
	[2022-05-12T15:29:16+0200] [MainThread] [I] [toil.worker] Working on job 'CWLJob' glob-path-error.cwl kind-CWLJob/instance-r272auvr v4
	[2022-05-12T15:29:16+0200] [MainThread] [I] [toil.worker] Loaded body Job('CWLJob' glob-path-error.cwl kind-CWLJob/instance-r272auvr v4) from description 'CWLJob' glob-path-error.cwl kind-CWLJob/instance-r272auvr v4
	[2022-05-12T15:29:16+0200] [MainThread] [W] [cwltool] [job glob-path-error.cwl] Skipping Docker software container '--memory' limit despite presence of ResourceRequirement with ramMin and/or ramMax setting. Consider running with --strict-memory-limit for increased portability assurance.
	[2022-05-12T15:29:16+0200] [MainThread] [I] [cwltool] [job glob-path-error.cwl] /tmp/tmp7g8824pn$ docker \
	    run \
	    -i \
	    --mount=type=bind,source=/tmp/tmp7g8824pn,target=/cvoOBp \
	    --mount=type=bind,source=/tmp/tmpeam04wqf,target=/tmp \
	    --workdir=/cvoOBp \
	    --read-only=true \
	    --net=none \
	    --user=1000:1000 \
	    --rm \
	    --cidfile=/tmp/tmpq5zvg_pc/20220512152916-881678.cid \
	    --env=TMPDIR=/tmp \
	    --env=HOME=/cvoOBp \
	    debian:stretch-slim \
	    echo
	
	[2022-05-12T15:29:17+0200] [MainThread] [I] [cwltool] [job glob-path-error.cwl] Max memory used: 0MiB
	[2022-05-12T15:29:17+0200] [MainThread] [E] [cwltool] [job glob-path-error.cwl] Job error:
	(&quot;Error collecting output for parameter 'OUTPUT': tests/glob-path-error.cwl:17:7: glob patterns must not start with '/'&quot;, {})
	[2022-05-12T15:29:17+0200] [MainThread] [W] [cwltool] [job glob-path-error.cwl] completed permanentFail
	Traceback (most recent call last):
	  File &quot;/home/michael/common-workflow-language/toil5.6.0/lib/python3.10/site-packages/toil/worker.py&quot;, line 405, in workerScript
	    job._runner(jobGraph=None, jobStore=jobStore, fileStore=fileStore, defer=defer)
	  File &quot;/home/michael/common-workflow-language/toil5.6.0/lib/python3.10/site-packages/toil/job.py&quot;, line 2399, in _runner
	    returnValues = self._run(jobGraph=None, fileStore=fileStore)
	  File &quot;/home/michael/common-workflow-language/toil5.6.0/lib/python3.10/site-packages/toil/job.py&quot;, line 2317, in _run
	    return self.run(fileStore)
	  File &quot;/home/michael/common-workflow-language/toil5.6.0/lib/python3.10/site-packages/toil/cwl/cwltoil.py&quot;, line 2054, in run
	    raise cwltool.errors.WorkflowException(status)
	cwltool.errors.WorkflowException: permanentFail
	[2022-05-12T15:29:17+0200] [MainThread] [E] [toil.worker] Exiting the worker because of a failed job on host mrc-tux
&lt;=========
[2022-05-12T15:29:18+0200] [MainThread] [W] [toil.job] Due to failure we are reducing the remaining try count of job 'CWLJob' glob-path-error.cwl kind-CWLJob/instance-r272auvr v5 with ID kind-CWLJob/instance-r272auvr to 0
[2022-05-12T15:29:18+0200] [MainThread] [W] [toil.leader] Job 'CWLJob' glob-path-error.cwl kind-CWLJob/instance-r272auvr v6 is completely failed
[2022-05-12T15:29:21+0200] [MainThread] [I] [toil.leader] Finished toil run with 1 failed jobs.
[2022-05-12T15:29:21+0200] [MainThread] [I] [toil.leader] Failed jobs at end of the run: 'CWLJob' glob-path-error.cwl kind-CWLJob/instance-r272auvr v6
Traceback (most recent call last):
  File &quot;/home/michael/common-workflow-language/toil5.6.0/bin/toil-cwl-runner&quot;, line 8, in &lt;module&gt;
    sys.exit(main())
  File &quot;/home/michael/common-workflow-language/toil5.6.0/lib/python3.10/site-packages/toil/cwl/cwltoil.py&quot;, line 3486, in main
    outobj = toil.start(wf1)
  File &quot;/home/michael/common-workflow-language/toil5.6.0/lib/python3.10/site-packages/toil/common.py&quot;, line 951, in start
    return self._runMainLoop(rootJobDescription)
  File &quot;/home/michael/common-workflow-language/toil5.6.0/lib/python3.10/site-packages/toil/common.py&quot;, line 1278, in _runMainLoop
    jobCache=self._jobCache).run()
  File &quot;/home/michael/common-workflow-language/toil5.6.0/lib/python3.10/site-packages/toil/leader.py&quot;, line 289, in run
    raise FailedJobsException(self.jobStore, failed_jobs, exit_code=self.recommended_fail_exit_code)
toil.leader.FailedJobsException: The job store '/tmp/tmpl7q4fjpb' contains 1 failed jobs: 'CWLJob' glob-path-error.cwl kind-CWLJob/instance-r272auvr v6
Log from job &quot;'CWLJob' glob-path-error.cwl kind-CWLJob/instance-r272auvr v6&quot; follows:
=========&gt;
	[2022-05-12T15:29:16+0200] [MainThread] [I] [toil.worker] ---TOIL WORKER OUTPUT LOG---
	[2022-05-12T15:29:16+0200] [MainThread] [I] [toil] Running Toil version 5.6.0-c34146a6437e4407a61e946e968bcce67a0ebbca on host mrc-tux.
	[2022-05-12T15:29:16+0200] [MainThread] [I] [toil.worker] Working on job 'CWLJob' glob-path-error.cwl kind-CWLJob/instance-r272auvr v4
	[2022-05-12T15:29:16+0200] [MainThread] [I] [toil.worker] Loaded body Job('CWLJob' glob-path-error.cwl kind-CWLJob/instance-r272auvr v4) from description 'CWLJob' glob-path-error.cwl kind-CWLJob/instance-r272auvr v4
	[2022-05-12T15:29:16+0200] [MainThread] [W] [cwltool] [job glob-path-error.cwl] Skipping Docker software container '--memory' limit despite presence of ResourceRequirement with ramMin and/or ramMax setting. Consider running with --strict-memory-limit for increased portability assurance.
	[2022-05-12T15:29:16+0200] [MainThread] [I] [cwltool] [job glob-path-error.cwl] /tmp/tmp7g8824pn$ docker \
	    run \
	    -i \
	    --mount=type=bind,source=/tmp/tmp7g8824pn,target=/cvoOBp \
	    --mount=type=bind,source=/tmp/tmpeam04wqf,target=/tmp \
	    --workdir=/cvoOBp \
	    --read-only=true \
	    --net=none \
	    --user=1000:1000 \
	    --rm \
	    --cidfile=/tmp/tmpq5zvg_pc/20220512152916-881678.cid \
	    --env=TMPDIR=/tmp \
	    --env=HOME=/cvoOBp \
	    debian:stretch-slim \
	    echo
	
	[2022-05-12T15:29:17+0200] [MainThread] [I] [cwltool] [job glob-path-error.cwl] Max memory used: 0MiB
	[2022-05-12T15:29:17+0200] [MainThread] [E] [cwltool] [job glob-path-error.cwl] Job error:
	(&quot;Error collecting output for parameter 'OUTPUT': tests/glob-path-error.cwl:17:7: glob patterns must not start with '/'&quot;, {})
	[2022-05-12T15:29:17+0200] [MainThread] [W] [cwltool] [job glob-path-error.cwl] completed permanentFail
	Traceback (most recent call last):
	  File &quot;/home/michael/common-workflow-language/toil5.6.0/lib/python3.10/site-packages/toil/worker.py&quot;, line 405, in workerScript
	    job._runner(jobGraph=None, jobStore=jobStore, fileStore=fileStore, defer=defer)
	  File &quot;/home/michael/common-workflow-language/toil5.6.0/lib/python3.10/site-packages/toil/job.py&quot;, line 2399, in _runner
	    returnValues = self._run(jobGraph=None, fileStore=fileStore)
	  File &quot;/home/michael/common-workflow-language/toil5.6.0/lib/python3.10/site-packages/toil/job.py&quot;, line 2317, in _run
	    return self.run(fileStore)
	  File &quot;/home/michael/common-workflow-language/toil5.6.0/lib/python3.10/site-packages/toil/cwl/cwltoil.py&quot;, line 2054, in run
	    raise cwltool.errors.WorkflowException(status)
	cwltool.errors.WorkflowException: permanentFail
	[2022-05-12T15:29:17+0200] [MainThread] [E] [toil.worker] Exiting the worker because of a failed job on host mrc-tux
&lt;=========
</system-err>
		</testcase>
		<testcase name="symlink to file outside of working directory should NOT be retrieved" time="9.808941" class="command_line_tool" url="cwltest:conformance_tests#234">
			<system-err>[2022-05-12T15:29:12+0200] [MainThread] [I] [cwltool] Resolved 'tests/symlink-illegal.cwl' to 'file:///home/michael/cwl-v1.2/tests/symlink-illegal.cwl'
[2022-05-12T15:29:14+0200] [MainThread] [I] [toil.job] Saving graph of 1 jobs, 1 new
[2022-05-12T15:29:14+0200] [MainThread] [I] [toil.job] Processing job 'CWLJob' symlink-illegal.cwl kind-CWLJob/instance-eboo4ptb v0
[2022-05-12T15:29:14+0200] [MainThread] [I] [toil] Running Toil version 5.6.0-c34146a6437e4407a61e946e968bcce67a0ebbca on host mrc-tux.
[2022-05-12T15:29:14+0200] [MainThread] [I] [toil.leader] Issued job 'CWLJob' symlink-illegal.cwl kind-CWLJob/instance-eboo4ptb v1 with job batch system ID: 0 and cores: 1, disk: 3.0 Gi, and memory: 2.0 Gi
[2022-05-12T15:29:15+0200] [MainThread] [I] [toil.worker] Redirecting logging to /tmp/6ade547718c055e5a646088b3aafd906/afe5/worker_log.txt
[2022-05-12T15:29:16+0200] [Thread-1 (daddy)] [E] [toil.batchSystems.singleMachine] Got exit code 1 (indicating failure) from job _toil_worker CWLJob file:/tmp/tmp0bzxwlxv kind-CWLJob/instance-eboo4ptb.
[2022-05-12T15:29:16+0200] [MainThread] [W] [toil.leader] Job failed with exit value 1: 'CWLJob' symlink-illegal.cwl kind-CWLJob/instance-eboo4ptb v1
Exit reason: None
[2022-05-12T15:29:16+0200] [MainThread] [W] [toil.leader] The job seems to have left a log file, indicating failure: 'CWLJob' symlink-illegal.cwl kind-CWLJob/instance-eboo4ptb v2
[2022-05-12T15:29:16+0200] [MainThread] [W] [toil.leader] Log from job &quot;kind-CWLJob/instance-eboo4ptb&quot; follows:
=========&gt;
	[2022-05-12T15:29:15+0200] [MainThread] [I] [toil.worker] ---TOIL WORKER OUTPUT LOG---
	[2022-05-12T15:29:15+0200] [MainThread] [I] [toil] Running Toil version 5.6.0-c34146a6437e4407a61e946e968bcce67a0ebbca on host mrc-tux.
	[2022-05-12T15:29:15+0200] [MainThread] [I] [toil.worker] Working on job 'CWLJob' symlink-illegal.cwl kind-CWLJob/instance-eboo4ptb v1
	[2022-05-12T15:29:15+0200] [MainThread] [I] [toil.worker] Loaded body Job('CWLJob' symlink-illegal.cwl kind-CWLJob/instance-eboo4ptb v1) from description 'CWLJob' symlink-illegal.cwl kind-CWLJob/instance-eboo4ptb v1
	[2022-05-12T15:29:15+0200] [MainThread] [W] [cwltool] [job symlink-illegal.cwl] Skipping Docker software container '--memory' limit despite presence of ResourceRequirement with ramMin and/or ramMax setting. Consider running with --strict-memory-limit for increased portability assurance.
	[2022-05-12T15:29:15+0200] [MainThread] [I] [cwltool] [job symlink-illegal.cwl] /tmp/tmpyoqao2gb$ docker \
	    run \
	    -i \
	    --mount=type=bind,source=/tmp/tmpyoqao2gb,target=/rQijHa \
	    --mount=type=bind,source=/tmp/tmpiqxhunoy,target=/tmp \
	    --workdir=/rQijHa \
	    --read-only=true \
	    --net=none \
	    --user=1000:1000 \
	    --rm \
	    --cidfile=/tmp/tmpsfv32ga1/20220512152915-719032.cid \
	    --env=TMPDIR=/tmp \
	    --env=HOME=/rQijHa \
	    alpine \
	    /bin/sh \
	    -c \
	    echo 'Who'&quot;'&quot;'s gonna drive you home' &gt; /tmp/original.txt  &amp;&amp;  ln -s /tmp/original.txt symlink.txt
	[2022-05-12T15:29:16+0200] [MainThread] [I] [cwltool] [job symlink-illegal.cwl] Max memory used: 0MiB
	[2022-05-12T15:29:16+0200] [MainThread] [E] [cwltool] [job symlink-illegal.cwl] Job error:
	Error validating output record. Does not exist or is not a Directory: 'file:///tmp/tmpyoqao2gb/symlink.txt'
	 in {
	    &quot;output_file&quot;: {
	        &quot;location&quot;: &quot;file:///tmp/tmpyoqao2gb/symlink.txt&quot;,
	        &quot;basename&quot;: &quot;symlink.txt&quot;,
	        &quot;nameroot&quot;: &quot;symlink&quot;,
	        &quot;nameext&quot;: &quot;.txt&quot;,
	        &quot;class&quot;: &quot;Directory&quot;
	    }
	}
	[2022-05-12T15:29:16+0200] [MainThread] [W] [cwltool] [job symlink-illegal.cwl] completed permanentFail
	Traceback (most recent call last):
	  File &quot;/home/michael/common-workflow-language/toil5.6.0/lib/python3.10/site-packages/toil/worker.py&quot;, line 405, in workerScript
	    job._runner(jobGraph=None, jobStore=jobStore, fileStore=fileStore, defer=defer)
	  File &quot;/home/michael/common-workflow-language/toil5.6.0/lib/python3.10/site-packages/toil/job.py&quot;, line 2399, in _runner
	    returnValues = self._run(jobGraph=None, fileStore=fileStore)
	  File &quot;/home/michael/common-workflow-language/toil5.6.0/lib/python3.10/site-packages/toil/job.py&quot;, line 2317, in _run
	    return self.run(fileStore)
	  File &quot;/home/michael/common-workflow-language/toil5.6.0/lib/python3.10/site-packages/toil/cwl/cwltoil.py&quot;, line 2054, in run
	    raise cwltool.errors.WorkflowException(status)
	cwltool.errors.WorkflowException: permanentFail
	[2022-05-12T15:29:16+0200] [MainThread] [E] [toil.worker] Exiting the worker because of a failed job on host mrc-tux
&lt;=========
[2022-05-12T15:29:16+0200] [MainThread] [W] [toil.job] Due to failure we are reducing the remaining try count of job 'CWLJob' symlink-illegal.cwl kind-CWLJob/instance-eboo4ptb v2 with ID kind-CWLJob/instance-eboo4ptb to 1
[2022-05-12T15:29:16+0200] [MainThread] [I] [toil.leader] 0 jobs are running, 0 jobs are issued and waiting to run
[2022-05-12T15:29:16+0200] [MainThread] [I] [toil.leader] Issued job 'CWLJob' symlink-illegal.cwl kind-CWLJob/instance-eboo4ptb v3 with job batch system ID: 1 and cores: 1, disk: 3.0 Gi, and memory: 2.0 Gi
[2022-05-12T15:29:17+0200] [MainThread] [I] [toil.worker] Redirecting logging to /tmp/6ade547718c055e5a646088b3aafd906/2551/worker_log.txt
[2022-05-12T15:29:18+0200] [Thread-1 (daddy)] [E] [toil.batchSystems.singleMachine] Got exit code 1 (indicating failure) from job _toil_worker CWLJob file:/tmp/tmp0bzxwlxv kind-CWLJob/instance-eboo4ptb.
[2022-05-12T15:29:18+0200] [MainThread] [W] [toil.leader] Job failed with exit value 1: 'CWLJob' symlink-illegal.cwl kind-CWLJob/instance-eboo4ptb v3
Exit reason: None
[2022-05-12T15:29:18+0200] [MainThread] [W] [toil.leader] The job seems to have left a log file, indicating failure: 'CWLJob' symlink-illegal.cwl kind-CWLJob/instance-eboo4ptb v5
[2022-05-12T15:29:18+0200] [MainThread] [W] [toil.leader] Log from job &quot;kind-CWLJob/instance-eboo4ptb&quot; follows:
=========&gt;
	[2022-05-12T15:29:17+0200] [MainThread] [I] [toil.worker] ---TOIL WORKER OUTPUT LOG---
	[2022-05-12T15:29:17+0200] [MainThread] [I] [toil] Running Toil version 5.6.0-c34146a6437e4407a61e946e968bcce67a0ebbca on host mrc-tux.
	[2022-05-12T15:29:17+0200] [MainThread] [I] [toil.worker] Working on job 'CWLJob' symlink-illegal.cwl kind-CWLJob/instance-eboo4ptb v4
	[2022-05-12T15:29:17+0200] [MainThread] [I] [toil.worker] Loaded body Job('CWLJob' symlink-illegal.cwl kind-CWLJob/instance-eboo4ptb v4) from description 'CWLJob' symlink-illegal.cwl kind-CWLJob/instance-eboo4ptb v4
	[2022-05-12T15:29:17+0200] [MainThread] [W] [cwltool] [job symlink-illegal.cwl] Skipping Docker software container '--memory' limit despite presence of ResourceRequirement with ramMin and/or ramMax setting. Consider running with --strict-memory-limit for increased portability assurance.
	[2022-05-12T15:29:17+0200] [MainThread] [I] [cwltool] [job symlink-illegal.cwl] /tmp/tmp7iv_qxwy$ docker \
	    run \
	    -i \
	    --mount=type=bind,source=/tmp/tmp7iv_qxwy,target=/QdTkjH \
	    --mount=type=bind,source=/tmp/tmp_chmvkyq,target=/tmp \
	    --workdir=/QdTkjH \
	    --read-only=true \
	    --net=none \
	    --user=1000:1000 \
	    --rm \
	    --cidfile=/tmp/tmptq14aikl/20220512152917-595213.cid \
	    --env=TMPDIR=/tmp \
	    --env=HOME=/QdTkjH \
	    alpine \
	    /bin/sh \
	    -c \
	    echo 'Who'&quot;'&quot;'s gonna drive you home' &gt; /tmp/original.txt  &amp;&amp;  ln -s /tmp/original.txt symlink.txt
	[2022-05-12T15:29:18+0200] [MainThread] [I] [cwltool] [job symlink-illegal.cwl] Max memory used: 0MiB
	[2022-05-12T15:29:18+0200] [MainThread] [E] [cwltool] [job symlink-illegal.cwl] Job error:
	Error validating output record. Does not exist or is not a Directory: 'file:///tmp/tmp7iv_qxwy/symlink.txt'
	 in {
	    &quot;output_file&quot;: {
	        &quot;location&quot;: &quot;file:///tmp/tmp7iv_qxwy/symlink.txt&quot;,
	        &quot;basename&quot;: &quot;symlink.txt&quot;,
	        &quot;nameroot&quot;: &quot;symlink&quot;,
	        &quot;nameext&quot;: &quot;.txt&quot;,
	        &quot;class&quot;: &quot;Directory&quot;
	    }
	}
	[2022-05-12T15:29:18+0200] [MainThread] [W] [cwltool] [job symlink-illegal.cwl] completed permanentFail
	Traceback (most recent call last):
	  File &quot;/home/michael/common-workflow-language/toil5.6.0/lib/python3.10/site-packages/toil/worker.py&quot;, line 405, in workerScript
	    job._runner(jobGraph=None, jobStore=jobStore, fileStore=fileStore, defer=defer)
	  File &quot;/home/michael/common-workflow-language/toil5.6.0/lib/python3.10/site-packages/toil/job.py&quot;, line 2399, in _runner
	    returnValues = self._run(jobGraph=None, fileStore=fileStore)
	  File &quot;/home/michael/common-workflow-language/toil5.6.0/lib/python3.10/site-packages/toil/job.py&quot;, line 2317, in _run
	    return self.run(fileStore)
	  File &quot;/home/michael/common-workflow-language/toil5.6.0/lib/python3.10/site-packages/toil/cwl/cwltoil.py&quot;, line 2054, in run
	    raise cwltool.errors.WorkflowException(status)
	cwltool.errors.WorkflowException: permanentFail
	[2022-05-12T15:29:18+0200] [MainThread] [E] [toil.worker] Exiting the worker because of a failed job on host mrc-tux
&lt;=========
[2022-05-12T15:29:18+0200] [MainThread] [W] [toil.job] Due to failure we are reducing the remaining try count of job 'CWLJob' symlink-illegal.cwl kind-CWLJob/instance-eboo4ptb v5 with ID kind-CWLJob/instance-eboo4ptb to 0
[2022-05-12T15:29:18+0200] [MainThread] [W] [toil.leader] Job 'CWLJob' symlink-illegal.cwl kind-CWLJob/instance-eboo4ptb v6 is completely failed
[2022-05-12T15:29:21+0200] [MainThread] [I] [toil.leader] Finished toil run with 1 failed jobs.
[2022-05-12T15:29:21+0200] [MainThread] [I] [toil.leader] Failed jobs at end of the run: 'CWLJob' symlink-illegal.cwl kind-CWLJob/instance-eboo4ptb v6
Traceback (most recent call last):
  File &quot;/home/michael/common-workflow-language/toil5.6.0/bin/toil-cwl-runner&quot;, line 8, in &lt;module&gt;
    sys.exit(main())
  File &quot;/home/michael/common-workflow-language/toil5.6.0/lib/python3.10/site-packages/toil/cwl/cwltoil.py&quot;, line 3486, in main
    outobj = toil.start(wf1)
  File &quot;/home/michael/common-workflow-language/toil5.6.0/lib/python3.10/site-packages/toil/common.py&quot;, line 951, in start
    return self._runMainLoop(rootJobDescription)
  File &quot;/home/michael/common-workflow-language/toil5.6.0/lib/python3.10/site-packages/toil/common.py&quot;, line 1278, in _runMainLoop
    jobCache=self._jobCache).run()
  File &quot;/home/michael/common-workflow-language/toil5.6.0/lib/python3.10/site-packages/toil/leader.py&quot;, line 289, in run
    raise FailedJobsException(self.jobStore, failed_jobs, exit_code=self.recommended_fail_exit_code)
toil.leader.FailedJobsException: The job store '/tmp/tmp0bzxwlxv' contains 1 failed jobs: 'CWLJob' symlink-illegal.cwl kind-CWLJob/instance-eboo4ptb v6
Log from job &quot;'CWLJob' symlink-illegal.cwl kind-CWLJob/instance-eboo4ptb v6&quot; follows:
=========&gt;
	[2022-05-12T15:29:17+0200] [MainThread] [I] [toil.worker] ---TOIL WORKER OUTPUT LOG---
	[2022-05-12T15:29:17+0200] [MainThread] [I] [toil] Running Toil version 5.6.0-c34146a6437e4407a61e946e968bcce67a0ebbca on host mrc-tux.
	[2022-05-12T15:29:17+0200] [MainThread] [I] [toil.worker] Working on job 'CWLJob' symlink-illegal.cwl kind-CWLJob/instance-eboo4ptb v4
	[2022-05-12T15:29:17+0200] [MainThread] [I] [toil.worker] Loaded body Job('CWLJob' symlink-illegal.cwl kind-CWLJob/instance-eboo4ptb v4) from description 'CWLJob' symlink-illegal.cwl kind-CWLJob/instance-eboo4ptb v4
	[2022-05-12T15:29:17+0200] [MainThread] [W] [cwltool] [job symlink-illegal.cwl] Skipping Docker software container '--memory' limit despite presence of ResourceRequirement with ramMin and/or ramMax setting. Consider running with --strict-memory-limit for increased portability assurance.
	[2022-05-12T15:29:17+0200] [MainThread] [I] [cwltool] [job symlink-illegal.cwl] /tmp/tmp7iv_qxwy$ docker \
	    run \
	    -i \
	    --mount=type=bind,source=/tmp/tmp7iv_qxwy,target=/QdTkjH \
	    --mount=type=bind,source=/tmp/tmp_chmvkyq,target=/tmp \
	    --workdir=/QdTkjH \
	    --read-only=true \
	    --net=none \
	    --user=1000:1000 \
	    --rm \
	    --cidfile=/tmp/tmptq14aikl/20220512152917-595213.cid \
	    --env=TMPDIR=/tmp \
	    --env=HOME=/QdTkjH \
	    alpine \
	    /bin/sh \
	    -c \
	    echo 'Who'&quot;'&quot;'s gonna drive you home' &gt; /tmp/original.txt  &amp;&amp;  ln -s /tmp/original.txt symlink.txt
	[2022-05-12T15:29:18+0200] [MainThread] [I] [cwltool] [job symlink-illegal.cwl] Max memory used: 0MiB
	[2022-05-12T15:29:18+0200] [MainThread] [E] [cwltool] [job symlink-illegal.cwl] Job error:
	Error validating output record. Does not exist or is not a Directory: 'file:///tmp/tmp7iv_qxwy/symlink.txt'
	 in {
	    &quot;output_file&quot;: {
	        &quot;location&quot;: &quot;file:///tmp/tmp7iv_qxwy/symlink.txt&quot;,
	        &quot;basename&quot;: &quot;symlink.txt&quot;,
	        &quot;nameroot&quot;: &quot;symlink&quot;,
	        &quot;nameext&quot;: &quot;.txt&quot;,
	        &quot;class&quot;: &quot;Directory&quot;
	    }
	}
	[2022-05-12T15:29:18+0200] [MainThread] [W] [cwltool] [job symlink-illegal.cwl] completed permanentFail
	Traceback (most recent call last):
	  File &quot;/home/michael/common-workflow-language/toil5.6.0/lib/python3.10/site-packages/toil/worker.py&quot;, line 405, in workerScript
	    job._runner(jobGraph=None, jobStore=jobStore, fileStore=fileStore, defer=defer)
	  File &quot;/home/michael/common-workflow-language/toil5.6.0/lib/python3.10/site-packages/toil/job.py&quot;, line 2399, in _runner
	    returnValues = self._run(jobGraph=None, fileStore=fileStore)
	  File &quot;/home/michael/common-workflow-language/toil5.6.0/lib/python3.10/site-packages/toil/job.py&quot;, line 2317, in _run
	    return self.run(fileStore)
	  File &quot;/home/michael/common-workflow-language/toil5.6.0/lib/python3.10/site-packages/toil/cwl/cwltoil.py&quot;, line 2054, in run
	    raise cwltool.errors.WorkflowException(status)
	cwltool.errors.WorkflowException: permanentFail
	[2022-05-12T15:29:18+0200] [MainThread] [E] [toil.worker] Exiting the worker because of a failed job on host mrc-tux
&lt;=========
</system-err>
		</testcase>
		<testcase name="symlink to file inside of working directory should be retrieved" time="5.749802" class="command_line_tool" url="cwltest:conformance_tests#235">
			<system-out>{
    &quot;output_file&quot;: {
        &quot;location&quot;: &quot;file:///tmp/tmp45f71lgf/symlink.txt&quot;,
        &quot;basename&quot;: &quot;symlink.txt&quot;,
        &quot;nameroot&quot;: &quot;symlink&quot;,
        &quot;nameext&quot;: &quot;.txt&quot;,
        &quot;class&quot;: &quot;File&quot;,
        &quot;checksum&quot;: &quot;sha1$cd28ec34f3f9425aca544b6332453708e8aaa82a&quot;,
        &quot;size&quot;: 27
    }
}</system-out>
			<system-err>[2022-05-12T15:29:13+0200] [MainThread] [I] [cwltool] Resolved 'tests/symlink-legal.cwl' to 'file:///home/michael/cwl-v1.2/tests/symlink-legal.cwl'
[2022-05-12T15:29:15+0200] [MainThread] [I] [toil.job] Saving graph of 1 jobs, 1 new
[2022-05-12T15:29:15+0200] [MainThread] [I] [toil.job] Processing job 'CWLJob' symlink-legal.cwl kind-CWLJob/instance-jjc24ok_ v0
[2022-05-12T15:29:15+0200] [MainThread] [I] [toil] Running Toil version 5.6.0-c34146a6437e4407a61e946e968bcce67a0ebbca on host mrc-tux.
[2022-05-12T15:29:15+0200] [MainThread] [I] [toil.leader] Issued job 'CWLJob' symlink-legal.cwl kind-CWLJob/instance-jjc24ok_ v1 with job batch system ID: 0 and cores: 1, disk: 3.0 Gi, and memory: 2.0 Gi
[2022-05-12T15:29:15+0200] [MainThread] [I] [toil.worker] Redirecting logging to /tmp/e18c0a7dda845d37882785a218b61c79/9a38/worker_log.txt
[2022-05-12T15:29:17+0200] [MainThread] [I] [toil.leader] 0 jobs are running, 0 jobs are issued and waiting to run
[2022-05-12T15:29:18+0200] [MainThread] [I] [toil.leader] Finished toil run successfully.
[2022-05-12T15:29:18+0200] [MainThread] [I] [toil.common] Successfully deleted the job store: FileJobStore(/tmp/tmpdxce91rk)
</system-err>
		</testcase>
		<testcase name="inplace update has side effect on file content" time="15.910888" class="inplace_update, workflow" url="cwltest:conformance_tests#236">
			<system-out>{
    &quot;a&quot;: 4,
    &quot;b&quot;: 4
}</system-out>
			<system-err>[2022-05-12T15:29:15+0200] [MainThread] [I] [cwltool] Resolved 'tests/inp_update_wf.cwl' to 'file:///home/michael/cwl-v1.2/tests/inp_update_wf.cwl'
[2022-05-12T15:29:21+0200] [MainThread] [W] [cwltool] Workflow checker warning:
tests/inp_update_wf.cwl:26:7: 'wait' is not an input parameter of
                              file:///home/michael/cwl-v1.2/tests/parseInt-tool.cwl, expected file1
[2022-05-12T15:29:21+0200] [MainThread] [I] [toil.job] Saving graph of 2 jobs, 2 new
[2022-05-12T15:29:21+0200] [MainThread] [I] [toil.job] Processing job 'ResolveIndirect' kind-ResolveIndirect/instance-cjduzga8 v0
[2022-05-12T15:29:21+0200] [MainThread] [I] [toil.job] Processing job 'CWLWorkflow' kind-CWLWorkflow/instance-rrbri20r v0
[2022-05-12T15:29:21+0200] [MainThread] [I] [toil] Running Toil version 5.6.0-c34146a6437e4407a61e946e968bcce67a0ebbca on host mrc-tux.
[2022-05-12T15:29:21+0200] [MainThread] [I] [toil.worker] Redirecting logging to /tmp/3b323bf2dec25236927fd81bae017b61/332d/worker_log.txt
[2022-05-12T15:29:21+0200] [MainThread] [I] [toil.leader] 0 jobs are running, 0 jobs are issued and waiting to run
[2022-05-12T15:29:21+0200] [MainThread] [I] [toil.leader] Issued job 'CWLJob' inp_update_wf.cwl.step1.echo-file-tool.cwl kind-CWLJob/instance-407v4yn4 v1 with job batch system ID: 1 and cores: 1, disk: 3.0 Gi, and memory: 2.0 Gi
[2022-05-12T15:29:22+0200] [MainThread] [I] [toil.worker] Redirecting logging to /tmp/3b323bf2dec25236927fd81bae017b61/5cae/worker_log.txt
[2022-05-12T15:29:22+0200] [MainThread] [I] [toil.leader] Issued job 'CWLJob' inp_update_wf.cwl.step2.updateval_inplace.cwl kind-CWLJob/instance-e60jt6oy v1 with job batch system ID: 2 and cores: 1, disk: 3.0 Gi, and memory: 2.0 Gi
[2022-05-12T15:29:23+0200] [MainThread] [I] [toil.worker] Redirecting logging to /tmp/3b323bf2dec25236927fd81bae017b61/e580/worker_log.txt
[2022-05-12T15:29:24+0200] [MainThread] [I] [toil.leader] Issued job 'CWLJob' inp_update_wf.cwl.step4.parseInt-tool.cwl kind-CWLJob/instance-vkb311ty v1 with job batch system ID: 3 and cores: 1, disk: 3.0 Gi, and memory: 2.0 Gi
[2022-05-12T15:29:24+0200] [MainThread] [I] [toil.leader] Issued job 'CWLJob' inp_update_wf.cwl.step3.parseInt-tool.cwl kind-CWLJob/instance-m5eignni v1 with job batch system ID: 4 and cores: 1, disk: 3.0 Gi, and memory: 2.0 Gi
[2022-05-12T15:29:24+0200] [MainThread] [I] [toil.worker] Redirecting logging to /tmp/3b323bf2dec25236927fd81bae017b61/8b92/worker_log.txt
[2022-05-12T15:29:25+0200] [MainThread] [I] [toil.worker] Redirecting logging to /tmp/3b323bf2dec25236927fd81bae017b61/c697/worker_log.txt
[2022-05-12T15:29:25+0200] [MainThread] [I] [toil.leader] Issued job 'CWLJob' inp_update_wf.cwl.step2.updateval_inplace.cwl kind-CWLJob/instance-e60jt6oy v3 with job batch system ID: 5 and cores: 1, disk: 3.0 Gi, and memory: 2.0 Gi
[2022-05-12T15:29:26+0200] [MainThread] [I] [toil.worker] Redirecting logging to /tmp/3b323bf2dec25236927fd81bae017b61/5cc4/worker_log.txt
[2022-05-12T15:29:26+0200] [MainThread] [I] [toil.leader] Issued job 'CWLJob' inp_update_wf.cwl.step1.echo-file-tool.cwl kind-CWLJob/instance-407v4yn4 v2 with job batch system ID: 6 and cores: 1, disk: 3.0 Gi, and memory: 2.0 Gi
[2022-05-12T15:29:26+0200] [MainThread] [I] [toil.worker] Redirecting logging to /tmp/3b323bf2dec25236927fd81bae017b61/3e36/worker_log.txt
[2022-05-12T15:29:27+0200] [MainThread] [I] [toil.worker] Redirecting logging to /tmp/3b323bf2dec25236927fd81bae017b61/c8f8/worker_log.txt
[2022-05-12T15:29:28+0200] [MainThread] [I] [toil.worker] Redirecting logging to /tmp/3b323bf2dec25236927fd81bae017b61/8d94/worker_log.txt
[2022-05-12T15:29:30+0200] [MainThread] [I] [toil.leader] Finished toil run successfully.
[2022-05-12T15:29:30+0200] [MainThread] [I] [toil.common] Successfully deleted the job store: FileJobStore(/tmp/tmpzhehc7j8)
</system-err>
		</testcase>
		<testcase name="inplace update has side effect on directory content" time="13.225476" class="inplace_update, workflow" url="cwltest:conformance_tests#237">
			<system-out>{
    &quot;a&quot;: [
        {
            &quot;class&quot;: &quot;File&quot;,
            &quot;location&quot;: &quot;file:///tmp/tmpv5bxotz1/blurb&quot;,
            &quot;basename&quot;: &quot;blurb&quot;,
            &quot;nameroot&quot;: &quot;blurb&quot;,
            &quot;nameext&quot;: &quot;&quot;,
            &quot;size&quot;: 0,
            &quot;checksum&quot;: &quot;sha1$da39a3ee5e6b4b0d3255bfef95601890afd80709&quot;
        }
    ],
    &quot;b&quot;: [
        {
            &quot;class&quot;: &quot;File&quot;,
            &quot;location&quot;: &quot;file:///tmp/tmpv5bxotz1/blurb&quot;,
            &quot;basename&quot;: &quot;blurb&quot;,
            &quot;size&quot;: 0,
            &quot;nameroot&quot;: &quot;blurb&quot;,
            &quot;nameext&quot;: &quot;&quot;,
            &quot;checksum&quot;: &quot;sha1$da39a3ee5e6b4b0d3255bfef95601890afd80709&quot;
        }
    ]
}</system-out>
			<system-err>[2022-05-12T15:29:19+0200] [MainThread] [I] [cwltool] Resolved 'tests/inpdir_update_wf.cwl' to 'file:///home/michael/cwl-v1.2/tests/inpdir_update_wf.cwl'
[2022-05-12T15:29:23+0200] [MainThread] [I] [toil.job] Saving graph of 2 jobs, 2 new
[2022-05-12T15:29:23+0200] [MainThread] [I] [toil.job] Processing job 'ResolveIndirect' kind-ResolveIndirect/instance-2au9fd_i v0
[2022-05-12T15:29:23+0200] [MainThread] [I] [toil.job] Processing job 'CWLWorkflow' kind-CWLWorkflow/instance-ul32bin_ v0
[2022-05-12T15:29:23+0200] [MainThread] [I] [toil] Running Toil version 5.6.0-c34146a6437e4407a61e946e968bcce67a0ebbca on host mrc-tux.
[2022-05-12T15:29:24+0200] [MainThread] [I] [toil.worker] Redirecting logging to /tmp/7a472822f5585683816e45b800e9f01f/23a0/worker_log.txt
[2022-05-12T15:29:24+0200] [MainThread] [I] [toil.leader] 0 jobs are running, 0 jobs are issued and waiting to run
[2022-05-12T15:29:24+0200] [MainThread] [I] [toil.leader] Issued job 'CWLJob' inpdir_update_wf.cwl.step1.mkdir.cwl kind-CWLJob/instance-2t72v11r v1 with job batch system ID: 1 and cores: 1, disk: 3.0 Gi, and memory: 2.0 Gi
[2022-05-12T15:29:24+0200] [MainThread] [I] [toil.worker] Redirecting logging to /tmp/7a472822f5585683816e45b800e9f01f/84a9/worker_log.txt
[2022-05-12T15:29:25+0200] [MainThread] [I] [toil.leader] Issued job 'CWLJob' inpdir_update_wf.cwl.step2.updatedir_inplace.cwl kind-CWLJob/instance-f6siqgow v1 with job batch system ID: 2 and cores: 1, disk: 3.0 Gi, and memory: 2.0 Gi
[2022-05-12T15:29:25+0200] [MainThread] [I] [toil.worker] Redirecting logging to /tmp/7a472822f5585683816e45b800e9f01f/dc1a/worker_log.txt
[2022-05-12T15:29:26+0200] [MainThread] [I] [toil.leader] Issued job 'CWLJob' inpdir_update_wf.cwl.step3._:fd4403c4-6ece-42fd-9d01-f84d78e2c08f kind-CWLJob/instance-6kuyldco v1 with job batch system ID: 3 and cores: 1, disk: 3.0 Gi, and memory: 2.0 Gi
[2022-05-12T15:29:26+0200] [MainThread] [I] [toil.worker] Redirecting logging to /tmp/7a472822f5585683816e45b800e9f01f/2672/worker_log.txt
[2022-05-12T15:29:27+0200] [MainThread] [I] [toil.leader] Issued job 'CWLJob' inpdir_update_wf.cwl.step2.updatedir_inplace.cwl kind-CWLJob/instance-f6siqgow v3 with job batch system ID: 4 and cores: 1, disk: 3.0 Gi, and memory: 2.0 Gi
[2022-05-12T15:29:27+0200] [MainThread] [I] [toil.worker] Redirecting logging to /tmp/7a472822f5585683816e45b800e9f01f/aaa6/worker_log.txt
[2022-05-12T15:29:27+0200] [MainThread] [I] [toil.leader] Issued job 'CWLJob' inpdir_update_wf.cwl.step1.mkdir.cwl kind-CWLJob/instance-2t72v11r v2 with job batch system ID: 5 and cores: 1, disk: 3.0 Gi, and memory: 2.0 Gi
[2022-05-12T15:29:28+0200] [MainThread] [I] [toil.worker] Redirecting logging to /tmp/7a472822f5585683816e45b800e9f01f/37e9/worker_log.txt
[2022-05-12T15:29:28+0200] [MainThread] [I] [toil.worker] Redirecting logging to /tmp/7a472822f5585683816e45b800e9f01f/077d/worker_log.txt
[2022-05-12T15:29:29+0200] [MainThread] [I] [toil.worker] Redirecting logging to /tmp/7a472822f5585683816e45b800e9f01f/bc72/worker_log.txt
[2022-05-12T15:29:31+0200] [MainThread] [I] [toil.leader] Finished toil run successfully.
[2022-05-12T15:29:31+0200] [MainThread] [I] [toil.common] Successfully deleted the job store: FileJobStore(/tmp/tmpt4500d8x)
</system-err>
		</testcase>
		<testcase name="Test that OutputBinding.glob accepts Directories" time="5.884485" class="required, command_line_tool" file="outputbinding_glob_directory" url="cwltest:conformance_tests#238">
			<system-out>{
    &quot;directories&quot;: [
        {
            &quot;location&quot;: &quot;file:///tmp/tmpmbfolsv0/a_dir&quot;,
            &quot;basename&quot;: &quot;a_dir&quot;,
            &quot;nameroot&quot;: &quot;a_dir&quot;,
            &quot;nameext&quot;: &quot;&quot;,
            &quot;class&quot;: &quot;Directory&quot;,
            &quot;listing&quot;: []
        },
        {
            &quot;location&quot;: &quot;file:///tmp/tmpmbfolsv0/b_dir&quot;,
            &quot;basename&quot;: &quot;b_dir&quot;,
            &quot;nameroot&quot;: &quot;b_dir&quot;,
            &quot;nameext&quot;: &quot;&quot;,
            &quot;class&quot;: &quot;Directory&quot;,
            &quot;listing&quot;: []
        },
        {
            &quot;location&quot;: &quot;file:///tmp/tmpmbfolsv0/c_dir&quot;,
            &quot;basename&quot;: &quot;c_dir&quot;,
            &quot;nameroot&quot;: &quot;c_dir&quot;,
            &quot;nameext&quot;: &quot;&quot;,
            &quot;class&quot;: &quot;Directory&quot;,
            &quot;listing&quot;: []
        }
    ]
}</system-out>
			<system-err>[2022-05-12T15:29:22+0200] [MainThread] [I] [cwltool] Resolved 'tests/glob_directory.cwl' to 'file:///home/michael/cwl-v1.2/tests/glob_directory.cwl'
[2022-05-12T15:29:24+0200] [MainThread] [I] [toil.job] Saving graph of 1 jobs, 1 new
[2022-05-12T15:29:24+0200] [MainThread] [I] [toil.job] Processing job 'CWLJob' glob_directory.cwl kind-CWLJob/instance-t7nx9hfz v0
[2022-05-12T15:29:24+0200] [MainThread] [I] [toil] Running Toil version 5.6.0-c34146a6437e4407a61e946e968bcce67a0ebbca on host mrc-tux.
[2022-05-12T15:29:24+0200] [MainThread] [I] [toil.leader] Issued job 'CWLJob' glob_directory.cwl kind-CWLJob/instance-t7nx9hfz v1 with job batch system ID: 0 and cores: 1, disk: 3.0 Gi, and memory: 2.0 Gi
[2022-05-12T15:29:24+0200] [MainThread] [I] [toil.worker] Redirecting logging to /tmp/88b6ea45f461575e80299fc91ba1ff14/c46f/worker_log.txt
[2022-05-12T15:29:25+0200] [MainThread] [I] [toil.leader] 0 jobs are running, 0 jobs are issued and waiting to run
[2022-05-12T15:29:27+0200] [MainThread] [I] [toil.leader] Finished toil run successfully.
[2022-05-12T15:29:27+0200] [MainThread] [I] [toil.common] Successfully deleted the job store: FileJobStore(/tmp/tmpsz9ont4n)
</system-err>
		</testcase>
		<testcase name="Test that array of input files can be staged to directory with entryname" time="5.982733" class="required, command_line_tool, initial_work_dir" file="stage_file_array" url="cwltest:conformance_tests#239">
			<system-out>{
    &quot;output&quot;: [
        {
            &quot;location&quot;: &quot;file:///tmp/tmprihk2ann/sfa-1.txt&quot;,
            &quot;basename&quot;: &quot;sfa-1.txt&quot;,
            &quot;nameroot&quot;: &quot;sfa-1&quot;,
            &quot;nameext&quot;: &quot;.txt&quot;,
            &quot;class&quot;: &quot;File&quot;,
            &quot;checksum&quot;: &quot;sha1$4c1cd0638ab3580310823fd1556d27ecb4816df6&quot;,
            &quot;size&quot;: 49
        },
        {
            &quot;location&quot;: &quot;file:///tmp/tmprihk2ann/sfa-1.txt.sec&quot;,
            &quot;basename&quot;: &quot;sfa-1.txt.sec&quot;,
            &quot;nameroot&quot;: &quot;sfa-1.txt&quot;,
            &quot;nameext&quot;: &quot;.sec&quot;,
            &quot;class&quot;: &quot;File&quot;,
            &quot;checksum&quot;: &quot;sha1$40f4ee1bcd1a9466fcd2e48cf7fc3798025d2f9a&quot;,
            &quot;size&quot;: 59
        },
        {
            &quot;location&quot;: &quot;file:///tmp/tmprihk2ann/sfa-2.txt&quot;,
            &quot;basename&quot;: &quot;sfa-2.txt&quot;,
            &quot;nameroot&quot;: &quot;sfa-2&quot;,
            &quot;nameext&quot;: &quot;.txt&quot;,
            &quot;class&quot;: &quot;File&quot;,
            &quot;checksum&quot;: &quot;sha1$4c1cd0638ab3580310823fd1556d27ecb4816df6&quot;,
            &quot;size&quot;: 49
        },
        {
            &quot;location&quot;: &quot;file:///tmp/tmprihk2ann/sfa-2.txt.sec&quot;,
            &quot;basename&quot;: &quot;sfa-2.txt.sec&quot;,
            &quot;nameroot&quot;: &quot;sfa-2.txt&quot;,
            &quot;nameext&quot;: &quot;.sec&quot;,
            &quot;class&quot;: &quot;File&quot;,
            &quot;checksum&quot;: &quot;sha1$40f4ee1bcd1a9466fcd2e48cf7fc3798025d2f9a&quot;,
            &quot;size&quot;: 59
        }
    ]
}</system-out>
			<system-err>[2022-05-12T15:29:22+0200] [MainThread] [I] [cwltool] Resolved 'tests/stage_file_array.cwl' to 'file:///home/michael/cwl-v1.2/tests/stage_file_array.cwl'
[2022-05-12T15:29:24+0200] [MainThread] [I] [toil.job] Saving graph of 1 jobs, 1 new
[2022-05-12T15:29:24+0200] [MainThread] [I] [toil.job] Processing job 'CWLJob' stage_file_array kind-CWLJob/instance-40glu3rf v0
[2022-05-12T15:29:24+0200] [MainThread] [I] [toil] Running Toil version 5.6.0-c34146a6437e4407a61e946e968bcce67a0ebbca on host mrc-tux.
[2022-05-12T15:29:24+0200] [MainThread] [I] [toil.leader] Issued job 'CWLJob' stage_file_array kind-CWLJob/instance-40glu3rf v1 with job batch system ID: 0 and cores: 1, disk: 3.0 Gi, and memory: 2.0 Gi
[2022-05-12T15:29:25+0200] [MainThread] [I] [toil.worker] Redirecting logging to /tmp/1b227a5d48b05445b768195983e9254f/245d/worker_log.txt
[2022-05-12T15:29:26+0200] [MainThread] [I] [toil.leader] 0 jobs are running, 0 jobs are issued and waiting to run
[2022-05-12T15:29:27+0200] [MainThread] [I] [toil.leader] Finished toil run successfully.
[2022-05-12T15:29:27+0200] [MainThread] [I] [toil.common] Successfully deleted the job store: FileJobStore(/tmp/tmpid2swxf1)
</system-err>
		</testcase>
		<testcase name="Test that array of input files can be staged to directory with basename" time="4.832672" class="required, command_line_tool, initial_work_dir" file="stage_file_array_basename" url="cwltest:conformance_tests#240">
			<system-out>{
    &quot;output&quot;: [
        {
            &quot;location&quot;: &quot;file:///tmp/tmpwzbzlb4n/sfa-1.txt&quot;,
            &quot;basename&quot;: &quot;sfa-1.txt&quot;,
            &quot;nameroot&quot;: &quot;sfa-1&quot;,
            &quot;nameext&quot;: &quot;.txt&quot;,
            &quot;class&quot;: &quot;File&quot;,
            &quot;checksum&quot;: &quot;sha1$4c1cd0638ab3580310823fd1556d27ecb4816df6&quot;,
            &quot;size&quot;: 49
        },
        {
            &quot;location&quot;: &quot;file:///tmp/tmpwzbzlb4n/sfa-1.txt.sec&quot;,
            &quot;basename&quot;: &quot;sfa-1.txt.sec&quot;,
            &quot;nameroot&quot;: &quot;sfa-1.txt&quot;,
            &quot;nameext&quot;: &quot;.sec&quot;,
            &quot;class&quot;: &quot;File&quot;,
            &quot;checksum&quot;: &quot;sha1$40f4ee1bcd1a9466fcd2e48cf7fc3798025d2f9a&quot;,
            &quot;size&quot;: 59
        },
        {
            &quot;location&quot;: &quot;file:///tmp/tmpwzbzlb4n/sfa-2.txt&quot;,
            &quot;basename&quot;: &quot;sfa-2.txt&quot;,
            &quot;nameroot&quot;: &quot;sfa-2&quot;,
            &quot;nameext&quot;: &quot;.txt&quot;,
            &quot;class&quot;: &quot;File&quot;,
            &quot;checksum&quot;: &quot;sha1$4c1cd0638ab3580310823fd1556d27ecb4816df6&quot;,
            &quot;size&quot;: 49
        },
        {
            &quot;location&quot;: &quot;file:///tmp/tmpwzbzlb4n/sfa-2.txt.sec&quot;,
            &quot;basename&quot;: &quot;sfa-2.txt.sec&quot;,
            &quot;nameroot&quot;: &quot;sfa-2.txt&quot;,
            &quot;nameext&quot;: &quot;.sec&quot;,
            &quot;class&quot;: &quot;File&quot;,
            &quot;checksum&quot;: &quot;sha1$40f4ee1bcd1a9466fcd2e48cf7fc3798025d2f9a&quot;,
            &quot;size&quot;: 59
        }
    ]
}</system-out>
			<system-err>[2022-05-12T15:29:27+0200] [MainThread] [I] [cwltool] Resolved 'tests/stage_file_array_basename.cwl' to 'file:///home/michael/cwl-v1.2/tests/stage_file_array_basename.cwl'
[2022-05-12T15:29:30+0200] [MainThread] [I] [toil.job] Saving graph of 1 jobs, 1 new
[2022-05-12T15:29:30+0200] [MainThread] [I] [toil.job] Processing job 'CWLJob' stage_file_array_basename kind-CWLJob/instance-rjo4fux4 v0
[2022-05-12T15:29:30+0200] [MainThread] [I] [toil] Running Toil version 5.6.0-c34146a6437e4407a61e946e968bcce67a0ebbca on host mrc-tux.
[2022-05-12T15:29:30+0200] [MainThread] [I] [toil.leader] Issued job 'CWLJob' stage_file_array_basename kind-CWLJob/instance-rjo4fux4 v1 with job batch system ID: 0 and cores: 1, disk: 3.0 Gi, and memory: 2.0 Gi
[2022-05-12T15:29:30+0200] [MainThread] [I] [toil.worker] Redirecting logging to /tmp/467d60f18f8c581a88f91916759231a6/85cd/worker_log.txt
[2022-05-12T15:29:31+0200] [MainThread] [I] [toil.leader] 0 jobs are running, 0 jobs are issued and waiting to run
[2022-05-12T15:29:32+0200] [MainThread] [I] [toil.leader] Finished toil run successfully.
[2022-05-12T15:29:32+0200] [MainThread] [I] [toil.common] Successfully deleted the job store: FileJobStore(/tmp/tmpe67s1qen)
</system-err>
		</testcase>
		<testcase name="Test that if array of input files are staged to directory with basename and entryname, entryname overrides" time="4.878408" class="required, command_line_tool, initial_work_dir" file="stage_file_array_entryname_overrides" url="cwltest:conformance_tests#241">
			<system-out>{
    &quot;output&quot;: [
        {
            &quot;location&quot;: &quot;file:///tmp/tmpl063ntdb/sfa-1.txt&quot;,
            &quot;basename&quot;: &quot;sfa-1.txt&quot;,
            &quot;nameroot&quot;: &quot;sfa-1&quot;,
            &quot;nameext&quot;: &quot;.txt&quot;,
            &quot;class&quot;: &quot;File&quot;,
            &quot;checksum&quot;: &quot;sha1$4c1cd0638ab3580310823fd1556d27ecb4816df6&quot;,
            &quot;size&quot;: 49
        },
        {
            &quot;location&quot;: &quot;file:///tmp/tmpl063ntdb/sfa-1.txt.sec&quot;,
            &quot;basename&quot;: &quot;sfa-1.txt.sec&quot;,
            &quot;nameroot&quot;: &quot;sfa-1.txt&quot;,
            &quot;nameext&quot;: &quot;.sec&quot;,
            &quot;class&quot;: &quot;File&quot;,
            &quot;checksum&quot;: &quot;sha1$40f4ee1bcd1a9466fcd2e48cf7fc3798025d2f9a&quot;,
            &quot;size&quot;: 59
        },
        {
            &quot;location&quot;: &quot;file:///tmp/tmpl063ntdb/sfa-2.txt&quot;,
            &quot;basename&quot;: &quot;sfa-2.txt&quot;,
            &quot;nameroot&quot;: &quot;sfa-2&quot;,
            &quot;nameext&quot;: &quot;.txt&quot;,
            &quot;class&quot;: &quot;File&quot;,
            &quot;checksum&quot;: &quot;sha1$4c1cd0638ab3580310823fd1556d27ecb4816df6&quot;,
            &quot;size&quot;: 49
        },
        {
            &quot;location&quot;: &quot;file:///tmp/tmpl063ntdb/sfa-2.txt.sec&quot;,
            &quot;basename&quot;: &quot;sfa-2.txt.sec&quot;,
            &quot;nameroot&quot;: &quot;sfa-2.txt&quot;,
            &quot;nameext&quot;: &quot;.sec&quot;,
            &quot;class&quot;: &quot;File&quot;,
            &quot;checksum&quot;: &quot;sha1$40f4ee1bcd1a9466fcd2e48cf7fc3798025d2f9a&quot;,
            &quot;size&quot;: 59
        }
    ]
}</system-out>
			<system-err>[2022-05-12T15:29:28+0200] [MainThread] [I] [cwltool] Resolved 'tests/stage_file_array_basename_and_entryname.cwl' to 'file:///home/michael/cwl-v1.2/tests/stage_file_array_basename_and_entryname.cwl'
[2022-05-12T15:29:30+0200] [MainThread] [I] [toil.job] Saving graph of 1 jobs, 1 new
[2022-05-12T15:29:30+0200] [MainThread] [I] [toil.job] Processing job 'CWLJob' stage_file_array_basename_and_entryname kind-CWLJob/instance-92fy9z4z v0
[2022-05-12T15:29:30+0200] [MainThread] [I] [toil] Running Toil version 5.6.0-c34146a6437e4407a61e946e968bcce67a0ebbca on host mrc-tux.
[2022-05-12T15:29:30+0200] [MainThread] [I] [toil.leader] Issued job 'CWLJob' stage_file_array_basename_and_entryname kind-CWLJob/instance-92fy9z4z v1 with job batch system ID: 0 and cores: 1, disk: 3.0 Gi, and memory: 2.0 Gi
[2022-05-12T15:29:31+0200] [MainThread] [I] [toil.worker] Redirecting logging to /tmp/00a15d8646c35c7081e12253790a0eee/c99a/worker_log.txt
[2022-05-12T15:29:31+0200] [MainThread] [I] [toil.leader] 0 jobs are running, 0 jobs are issued and waiting to run
[2022-05-12T15:29:32+0200] [MainThread] [I] [toil.leader] Finished toil run successfully.
[2022-05-12T15:29:32+0200] [MainThread] [I] [toil.common] Successfully deleted the job store: FileJobStore(/tmp/tmpv2mmvcuw)
</system-err>
		</testcase>
		<testcase name="Test that runtime.tmpdir is not runtime.outdir" time="4.660795" class="command_line_tool" file="tmpdir_is_not_outdir" url="cwltest:conformance_tests#242">
			<system-out>{
    &quot;foo&quot;: {
        &quot;class&quot;: &quot;File&quot;,
        &quot;basename&quot;: &quot;foo&quot;,
        &quot;location&quot;: &quot;file:///tmp/tmpr4pe31bh/foo&quot;,
        &quot;nameroot&quot;: &quot;foo&quot;,
        &quot;nameext&quot;: &quot;&quot;,
        &quot;checksum&quot;: &quot;sha1$fa98d6085770a79e44853d575cd3ab40c0f1f4de&quot;,
        &quot;size&quot;: 4
    }
}</system-out>
			<system-err>[2022-05-12T15:29:31+0200] [MainThread] [I] [cwltool] Resolved 'tests/runtime-paths-distinct.cwl' to 'file:///home/michael/cwl-v1.2/tests/runtime-paths-distinct.cwl'
[2022-05-12T15:29:32+0200] [MainThread] [I] [toil.job] Saving graph of 1 jobs, 1 new
[2022-05-12T15:29:32+0200] [MainThread] [I] [toil.job] Processing job 'CWLJob' runtime-paths-distinct.cwl kind-CWLJob/instance-kofpqnew v0
[2022-05-12T15:29:32+0200] [MainThread] [I] [toil] Running Toil version 5.6.0-c34146a6437e4407a61e946e968bcce67a0ebbca on host mrc-tux.
[2022-05-12T15:29:32+0200] [MainThread] [I] [toil.leader] Issued job 'CWLJob' runtime-paths-distinct.cwl kind-CWLJob/instance-kofpqnew v1 with job batch system ID: 0 and cores: 1, disk: 3.0 Gi, and memory: 2.0 Gi
[2022-05-12T15:29:33+0200] [MainThread] [I] [toil.worker] Redirecting logging to /tmp/91c6eea9f8b95eb4921f2d911d7a961b/7917/worker_log.txt
[2022-05-12T15:29:33+0200] [MainThread] [I] [toil.leader] 0 jobs are running, 0 jobs are issued and waiting to run
[2022-05-12T15:29:34+0200] [MainThread] [I] [toil.leader] Finished toil run successfully.
[2022-05-12T15:29:34+0200] [MainThread] [I] [toil.common] Successfully deleted the job store: FileJobStore(/tmp/tmpnzthd381)
</system-err>
		</testcase>
		<testcase name="Test that default behavior is 'no_listing' if not specified" time="6.044199" class="command_line_tool" file="listing_default_none" url="cwltest:conformance_tests#243">
			<system-out>{
    &quot;out&quot;: true
}</system-out>
			<system-err>[2022-05-12T15:29:32+0200] [MainThread] [I] [cwltool] Resolved 'tests/listing_none1.cwl' to 'file:///home/michael/cwl-v1.2/tests/listing_none1.cwl'
[2022-05-12T15:29:34+0200] [MainThread] [I] [toil.job] Saving graph of 1 jobs, 1 new
[2022-05-12T15:29:34+0200] [MainThread] [I] [toil.job] Processing job 'CWLJob' listing_none1.cwl kind-CWLJob/instance-lf2yenvi v0
[2022-05-12T15:29:34+0200] [MainThread] [I] [toil] Running Toil version 5.6.0-c34146a6437e4407a61e946e968bcce67a0ebbca on host mrc-tux.
[2022-05-12T15:29:34+0200] [MainThread] [I] [toil.leader] Issued job 'CWLJob' listing_none1.cwl kind-CWLJob/instance-lf2yenvi v1 with job batch system ID: 0 and cores: 1, disk: 3.0 Gi, and memory: 2.0 Gi
[2022-05-12T15:29:35+0200] [MainThread] [I] [toil.worker] Redirecting logging to /tmp/cfb5a9cb7212583f8b6dce142b9ced5c/bbac/worker_log.txt
[2022-05-12T15:29:35+0200] [MainThread] [I] [toil.leader] 0 jobs are running, 0 jobs are issued and waiting to run
[2022-05-12T15:29:37+0200] [MainThread] [I] [toil.leader] Finished toil run successfully.
[2022-05-12T15:29:37+0200] [MainThread] [I] [toil.common] Successfully deleted the job store: FileJobStore(/tmp/tmpqa3huhw0)
</system-err>
		</testcase>
		<testcase name="Test that 'listing' is not present when LoadListingRequirement is 'no_listing'" time="6.277682" class="command_line_tool, load_listing" file="listing_requirement_none" url="cwltest:conformance_tests#244">
			<system-out>{
    &quot;out&quot;: true
}</system-out>
			<system-err>[2022-05-12T15:29:32+0200] [MainThread] [I] [cwltool] Resolved 'tests/listing_none2.cwl' to 'file:///home/michael/cwl-v1.2/tests/listing_none2.cwl'
[2022-05-12T15:29:35+0200] [MainThread] [I] [toil.job] Saving graph of 1 jobs, 1 new
[2022-05-12T15:29:35+0200] [MainThread] [I] [toil.job] Processing job 'CWLJob' listing_none2.cwl kind-CWLJob/instance-oahyywjt v0
[2022-05-12T15:29:35+0200] [MainThread] [I] [toil] Running Toil version 5.6.0-c34146a6437e4407a61e946e968bcce67a0ebbca on host mrc-tux.
[2022-05-12T15:29:35+0200] [MainThread] [I] [toil.leader] Issued job 'CWLJob' listing_none2.cwl kind-CWLJob/instance-oahyywjt v1 with job batch system ID: 0 and cores: 1, disk: 3.0 Gi, and memory: 2.0 Gi
[2022-05-12T15:29:35+0200] [MainThread] [I] [toil.worker] Redirecting logging to /tmp/abc4f48984e353198f07f53df8e72e11/baf8/worker_log.txt
[2022-05-12T15:29:36+0200] [MainThread] [I] [toil.leader] 0 jobs are running, 0 jobs are issued and waiting to run
[2022-05-12T15:29:38+0200] [MainThread] [I] [toil.leader] Finished toil run successfully.
[2022-05-12T15:29:38+0200] [MainThread] [I] [toil.common] Successfully deleted the job store: FileJobStore(/tmp/tmpphch6lr9)
</system-err>
		</testcase>
		<testcase name="Test that 'listing' is not present when loadListing on input parameter is 'no_listing'" time="5.266708" class="command_line_tool" file="listing_loadListing_none" url="cwltest:conformance_tests#245">
			<system-out>{
    &quot;out&quot;: true
}</system-out>
			<system-err>[2022-05-12T15:29:33+0200] [MainThread] [I] [cwltool] Resolved 'tests/listing_none3.cwl' to 'file:///home/michael/cwl-v1.2/tests/listing_none3.cwl'
[2022-05-12T15:29:36+0200] [MainThread] [I] [toil.job] Saving graph of 1 jobs, 1 new
[2022-05-12T15:29:36+0200] [MainThread] [I] [toil.job] Processing job 'CWLJob' listing_none3.cwl kind-CWLJob/instance-3kt3_hr7 v0
[2022-05-12T15:29:36+0200] [MainThread] [I] [toil] Running Toil version 5.6.0-c34146a6437e4407a61e946e968bcce67a0ebbca on host mrc-tux.
[2022-05-12T15:29:36+0200] [MainThread] [I] [toil.leader] Issued job 'CWLJob' listing_none3.cwl kind-CWLJob/instance-3kt3_hr7 v1 with job batch system ID: 0 and cores: 1, disk: 3.0 Gi, and memory: 2.0 Gi
[2022-05-12T15:29:36+0200] [MainThread] [I] [toil.worker] Redirecting logging to /tmp/94585ec4204354ceaf90637e55da1f47/6d75/worker_log.txt
[2022-05-12T15:29:37+0200] [MainThread] [I] [toil.leader] 0 jobs are running, 0 jobs are issued and waiting to run
[2022-05-12T15:29:38+0200] [MainThread] [I] [toil.leader] Finished toil run successfully.
[2022-05-12T15:29:38+0200] [MainThread] [I] [toil.common] Successfully deleted the job store: FileJobStore(/tmp/tmpk3mfvos5)
</system-err>
		</testcase>
		<testcase name="Test that 'listing' is present in top directory object but not subdirectory object when LoadListingRequirement is 'shallow_listing'" time="5.147985" class="command_line_tool, load_listing" file="listing_requirement_shallow" url="cwltest:conformance_tests#246">
			<system-out>{
    &quot;out&quot;: true
}</system-out>
			<system-err>[2022-05-12T15:29:35+0200] [MainThread] [I] [cwltool] Resolved 'tests/listing_shallow1.cwl' to 'file:///home/michael/cwl-v1.2/tests/listing_shallow1.cwl'
[2022-05-12T15:29:38+0200] [MainThread] [I] [toil.job] Saving graph of 1 jobs, 1 new
[2022-05-12T15:29:38+0200] [MainThread] [I] [toil.job] Processing job 'CWLJob' listing_shallow1.cwl kind-CWLJob/instance-h3l2x9m1 v0
[2022-05-12T15:29:38+0200] [MainThread] [I] [toil] Running Toil version 5.6.0-c34146a6437e4407a61e946e968bcce67a0ebbca on host mrc-tux.
[2022-05-12T15:29:38+0200] [MainThread] [I] [toil.leader] Issued job 'CWLJob' listing_shallow1.cwl kind-CWLJob/instance-h3l2x9m1 v1 with job batch system ID: 0 and cores: 1, disk: 3.0 Gi, and memory: 2.0 Gi
[2022-05-12T15:29:38+0200] [MainThread] [I] [toil.worker] Redirecting logging to /tmp/76da44117f6459c6a0c8e92b189e2836/0916/worker_log.txt
[2022-05-12T15:29:39+0200] [MainThread] [I] [toil.leader] 0 jobs are running, 0 jobs are issued and waiting to run
[2022-05-12T15:29:40+0200] [MainThread] [I] [toil.leader] Finished toil run successfully.
[2022-05-12T15:29:40+0200] [MainThread] [I] [toil.common] Successfully deleted the job store: FileJobStore(/tmp/tmpgoypr6ae)
</system-err>
		</testcase>
		<testcase name="Test that 'listing' is present in top directory object but not subdirectory object when loadListing on input parameter loadListing is 'shallow_listing'" time="6.031144" class="command_line_tool" file="listing_loadListing_shallow" url="cwltest:conformance_tests#247">
			<system-out>{
    &quot;out&quot;: true
}</system-out>
			<system-err>[2022-05-12T15:29:38+0200] [MainThread] [I] [cwltool] Resolved 'tests/listing_shallow2.cwl' to 'file:///home/michael/cwl-v1.2/tests/listing_shallow2.cwl'
[2022-05-12T15:29:40+0200] [MainThread] [I] [toil.job] Saving graph of 1 jobs, 1 new
[2022-05-12T15:29:40+0200] [MainThread] [I] [toil.job] Processing job 'CWLJob' listing_shallow2.cwl kind-CWLJob/instance-sl2fsrbd v0
[2022-05-12T15:29:40+0200] [MainThread] [I] [toil] Running Toil version 5.6.0-c34146a6437e4407a61e946e968bcce67a0ebbca on host mrc-tux.
[2022-05-12T15:29:40+0200] [MainThread] [I] [toil.leader] Issued job 'CWLJob' listing_shallow2.cwl kind-CWLJob/instance-sl2fsrbd v1 with job batch system ID: 0 and cores: 1, disk: 3.0 Gi, and memory: 2.0 Gi
[2022-05-12T15:29:41+0200] [MainThread] [I] [toil.worker] Redirecting logging to /tmp/1e7317d6b2db5de084e6333fd38c285e/0614/worker_log.txt
[2022-05-12T15:29:41+0200] [MainThread] [I] [toil.leader] 0 jobs are running, 0 jobs are issued and waiting to run
[2022-05-12T15:29:43+0200] [MainThread] [I] [toil.leader] Finished toil run successfully.
[2022-05-12T15:29:43+0200] [MainThread] [I] [toil.common] Successfully deleted the job store: FileJobStore(/tmp/tmpo588__z1)
</system-err>
		</testcase>
		<testcase name="Test that loadListing works when used on outputBinding." time="6.177588" class="command_line_tool" file="listing_outputBinding_loadListing" url="cwltest:conformance_tests#248">
			<system-out>{
    &quot;out&quot;: {
        &quot;class&quot;: &quot;File&quot;,
        &quot;location&quot;: &quot;file:///tmp/tmpcpuxdzwq/file2&quot;,
        &quot;basename&quot;: &quot;file2&quot;,
        &quot;nameroot&quot;: &quot;file2&quot;,
        &quot;nameext&quot;: &quot;&quot;,
        &quot;checksum&quot;: &quot;sha1$da39a3ee5e6b4b0d3255bfef95601890afd80709&quot;,
        &quot;size&quot;: 0
    }
}</system-out>
			<system-err>[2022-05-12T15:29:38+0200] [MainThread] [I] [cwltool] Resolved 'tests/listing_shallow3.cwl' to 'file:///home/michael/cwl-v1.2/tests/listing_shallow3.cwl'
[2022-05-12T15:29:41+0200] [MainThread] [I] [toil.job] Saving graph of 1 jobs, 1 new
[2022-05-12T15:29:41+0200] [MainThread] [I] [toil.job] Processing job 'CWLJob' listing_shallow3.cwl kind-CWLJob/instance-a53yztjf v0
[2022-05-12T15:29:41+0200] [MainThread] [I] [toil] Running Toil version 5.6.0-c34146a6437e4407a61e946e968bcce67a0ebbca on host mrc-tux.
[2022-05-12T15:29:41+0200] [MainThread] [I] [toil.leader] Issued job 'CWLJob' listing_shallow3.cwl kind-CWLJob/instance-a53yztjf v1 with job batch system ID: 0 and cores: 1, disk: 3.0 Gi, and memory: 2.0 Gi
[2022-05-12T15:29:41+0200] [MainThread] [I] [toil.worker] Redirecting logging to /tmp/f632089c4d3f529b9d8d2eefe61001a2/9cdb/worker_log.txt
[2022-05-12T15:29:42+0200] [MainThread] [I] [toil.leader] 0 jobs are running, 0 jobs are issued and waiting to run
[2022-05-12T15:29:44+0200] [MainThread] [I] [toil.leader] Finished toil run successfully.
[2022-05-12T15:29:44+0200] [MainThread] [I] [toil.common] Successfully deleted the job store: FileJobStore(/tmp/tmpzxjjvwb0)
</system-err>
		</testcase>
		<testcase name="Test that 'listing' is present in top directory object and in subdirectory objects when LoadListingRequirement is 'deep_listing'" time="5.360555" class="command_line_tool, load_listing" file="listing_requirement_deep" url="cwltest:conformance_tests#249">
			<system-out>{
    &quot;out&quot;: true
}</system-out>
			<system-err>[2022-05-12T15:29:39+0200] [MainThread] [I] [cwltool] Resolved 'tests/listing_deep1.cwl' to 'file:///home/michael/cwl-v1.2/tests/listing_deep1.cwl'
[2022-05-12T15:29:41+0200] [MainThread] [I] [toil.job] Saving graph of 1 jobs, 1 new
[2022-05-12T15:29:41+0200] [MainThread] [I] [toil.job] Processing job 'CWLJob' listing_deep1.cwl kind-CWLJob/instance-th7iydbj v0
[2022-05-12T15:29:41+0200] [MainThread] [I] [toil] Running Toil version 5.6.0-c34146a6437e4407a61e946e968bcce67a0ebbca on host mrc-tux.
[2022-05-12T15:29:41+0200] [MainThread] [I] [toil.leader] Issued job 'CWLJob' listing_deep1.cwl kind-CWLJob/instance-th7iydbj v1 with job batch system ID: 0 and cores: 1, disk: 3.0 Gi, and memory: 2.0 Gi
[2022-05-12T15:29:42+0200] [MainThread] [I] [toil.worker] Redirecting logging to /tmp/f70ced38e445573da59096491630a47b/971b/worker_log.txt
[2022-05-12T15:29:42+0200] [MainThread] [I] [toil.leader] 0 jobs are running, 0 jobs are issued and waiting to run
[2022-05-12T15:29:43+0200] [MainThread] [I] [toil.leader] Finished toil run successfully.
[2022-05-12T15:29:43+0200] [MainThread] [I] [toil.common] Successfully deleted the job store: FileJobStore(/tmp/tmpmarj5ko7)
</system-err>
		</testcase>
		<testcase name="Test that 'listing' is present in top directory object and in subdirectory objects when input parameter loadListing is 'deep_listing'" time="5.567860" class="command_line_tool" file="listing_loadListing_deep" url="cwltest:conformance_tests#250">
			<system-out>{
    &quot;out&quot;: true
}</system-out>
			<system-err>[2022-05-12T15:29:40+0200] [MainThread] [I] [cwltool] Resolved 'tests/listing_deep2.cwl' to 'file:///home/michael/cwl-v1.2/tests/listing_deep2.cwl'
[2022-05-12T15:29:43+0200] [MainThread] [I] [toil.job] Saving graph of 1 jobs, 1 new
[2022-05-12T15:29:43+0200] [MainThread] [I] [toil.job] Processing job 'CWLJob' listing_deep2.cwl kind-CWLJob/instance-pyusbd93 v0
[2022-05-12T15:29:43+0200] [MainThread] [I] [toil] Running Toil version 5.6.0-c34146a6437e4407a61e946e968bcce67a0ebbca on host mrc-tux.
[2022-05-12T15:29:43+0200] [MainThread] [I] [toil.leader] Issued job 'CWLJob' listing_deep2.cwl kind-CWLJob/instance-pyusbd93 v1 with job batch system ID: 0 and cores: 1, disk: 3.0 Gi, and memory: 2.0 Gi
[2022-05-12T15:29:44+0200] [MainThread] [I] [toil.worker] Redirecting logging to /tmp/c3ea643e71b559cfb639baac4743cbd7/8486/worker_log.txt
[2022-05-12T15:29:44+0200] [MainThread] [I] [toil.leader] 0 jobs are running, 0 jobs are issued and waiting to run
[2022-05-12T15:29:45+0200] [MainThread] [I] [toil.leader] Finished toil run successfully.
[2022-05-12T15:29:45+0200] [MainThread] [I] [toil.common] Successfully deleted the job store: FileJobStore(/tmp/tmpc2t_10vy)
</system-err>
		</testcase>
		<testcase name="Test for expression in the InputBinding.position field; also test using emoji in CWL document and tool output" time="5.543510" class="command_line_tool, required" file="inputBinding_position_expr" url="cwltest:conformance_tests#251">
			<system-out>{
    &quot;out&quot;: &quot;\ud83d\udd7a 1 singular sensation!\n&quot;
}</system-out>
			<system-err>[2022-05-12T15:29:44+0200] [MainThread] [I] [cwltool] Resolved 'tests/echo-position-expr.cwl' to 'file:///home/michael/cwl-v1.2/tests/echo-position-expr.cwl'
[2022-05-12T15:29:47+0200] [MainThread] [I] [toil.job] Saving graph of 1 jobs, 1 new
[2022-05-12T15:29:47+0200] [MainThread] [I] [toil.job] Processing job 'CWLJob' echo-position-expr.cwl kind-CWLJob/instance-4nqkz6td v0
[2022-05-12T15:29:47+0200] [MainThread] [I] [toil] Running Toil version 5.6.0-c34146a6437e4407a61e946e968bcce67a0ebbca on host mrc-tux.
[2022-05-12T15:29:47+0200] [MainThread] [I] [toil.leader] Issued job 'CWLJob' echo-position-expr.cwl kind-CWLJob/instance-4nqkz6td v1 with job batch system ID: 0 and cores: 1, disk: 3.0 Gi, and memory: 2.0 Gi
[2022-05-12T15:29:47+0200] [MainThread] [I] [toil.worker] Redirecting logging to /tmp/2cbbafb818015c6c9505a5a6f4e6dabb/5330/worker_log.txt
[2022-05-12T15:29:48+0200] [MainThread] [I] [toil.leader] 0 jobs are running, 0 jobs are issued and waiting to run
[2022-05-12T15:29:49+0200] [MainThread] [I] [toil.leader] Finished toil run successfully.
[2022-05-12T15:29:49+0200] [MainThread] [I] [toil.common] Successfully deleted the job store: FileJobStore(/tmp/tmp8v839b1f)
</system-err>
		</testcase>
		<testcase name="Can access exit code in outputEval" time="4.635813" class="command_line_tool, required" file="outputEval_exitCode" url="cwltest:conformance_tests#252">
			<system-out>{
    &quot;code&quot;: 7
}</system-out>
			<system-err>[2022-05-12T15:29:44+0200] [MainThread] [I] [cwltool] Resolved 'tests/exitcode.cwl' to 'file:///home/michael/cwl-v1.2/tests/exitcode.cwl'
[2022-05-12T15:29:46+0200] [MainThread] [I] [toil.job] Saving graph of 1 jobs, 1 new
[2022-05-12T15:29:46+0200] [MainThread] [I] [toil.job] Processing job 'CWLJob' exitcode.cwl kind-CWLJob/instance-l5mndp_c v0
[2022-05-12T15:29:46+0200] [MainThread] [I] [toil] Running Toil version 5.6.0-c34146a6437e4407a61e946e968bcce67a0ebbca on host mrc-tux.
[2022-05-12T15:29:46+0200] [MainThread] [I] [toil.leader] Issued job 'CWLJob' exitcode.cwl kind-CWLJob/instance-l5mndp_c v1 with job batch system ID: 0 and cores: 1, disk: 3.0 Gi, and memory: 2.0 Gi
[2022-05-12T15:29:46+0200] [MainThread] [I] [toil.worker] Redirecting logging to /tmp/6714b511226a53d3a7c5662c0eb04ecc/3ec3/worker_log.txt
[2022-05-12T15:29:47+0200] [MainThread] [I] [toil.leader] 0 jobs are running, 0 jobs are issued and waiting to run
[2022-05-12T15:29:48+0200] [MainThread] [I] [toil.leader] Finished toil run successfully.
[2022-05-12T15:29:48+0200] [MainThread] [I] [toil.common] Successfully deleted the job store: FileJobStore(/tmp/tmpwijn7gu3)
</system-err>
		</testcase>
		<testcase name="Test use of $graph without specifying which process to run" time="4.896678" class="required, command_line_tool" file="any_input_param_graph_no_default" url="cwltest:conformance_tests#253">
			<system-out>{
    &quot;out&quot;: &quot;hello test env\n&quot;
}</system-out>
			<system-err>[2022-05-12T15:29:45+0200] [MainThread] [I] [cwltool] Resolved 'tests/echo-tool-packed.cwl' to 'file:///home/michael/cwl-v1.2/tests/echo-tool-packed.cwl'
[2022-05-12T15:29:47+0200] [MainThread] [I] [toil.job] Saving graph of 1 jobs, 1 new
[2022-05-12T15:29:47+0200] [MainThread] [I] [toil.job] Processing job 'CWLJob' main kind-CWLJob/instance-l2v6of6f v0
[2022-05-12T15:29:47+0200] [MainThread] [I] [toil] Running Toil version 5.6.0-c34146a6437e4407a61e946e968bcce67a0ebbca on host mrc-tux.
[2022-05-12T15:29:47+0200] [MainThread] [I] [toil.leader] Issued job 'CWLJob' main kind-CWLJob/instance-l2v6of6f v1 with job batch system ID: 0 and cores: 1, disk: 3.0 Gi, and memory: 2.0 Gi
[2022-05-12T15:29:47+0200] [MainThread] [I] [toil.worker] Redirecting logging to /tmp/3ac0b08afa15510180a3053cefadfc02/6188/worker_log.txt
[2022-05-12T15:29:47+0200] [MainThread] [I] [toil.leader] 0 jobs are running, 0 jobs are issued and waiting to run
[2022-05-12T15:29:49+0200] [MainThread] [I] [toil.leader] Finished toil run successfully.
[2022-05-12T15:29:49+0200] [MainThread] [I] [toil.common] Successfully deleted the job store: FileJobStore(/tmp/tmpl285tl58)
</system-err>
		</testcase>
		<testcase name="Test use of $graph without specifying which process to run, hash-prefixed &quot;main&quot;" time="4.943517" class="required, command_line_tool" file="any_input_param_graph_no_default_hashmain" url="cwltest:conformance_tests#254">
			<system-out>{
    &quot;out&quot;: &quot;hello test env\n&quot;
}</system-out>
			<system-err>[2022-05-12T15:29:46+0200] [MainThread] [I] [cwltool] Resolved 'tests/echo-tool-packed2.cwl' to 'file:///home/michael/cwl-v1.2/tests/echo-tool-packed2.cwl'
[2022-05-12T15:29:48+0200] [MainThread] [I] [toil.job] Saving graph of 1 jobs, 1 new
[2022-05-12T15:29:48+0200] [MainThread] [I] [toil.job] Processing job 'CWLJob' main kind-CWLJob/instance-kw4ex0yh v0
[2022-05-12T15:29:48+0200] [MainThread] [I] [toil] Running Toil version 5.6.0-c34146a6437e4407a61e946e968bcce67a0ebbca on host mrc-tux.
[2022-05-12T15:29:48+0200] [MainThread] [I] [toil.leader] Issued job 'CWLJob' main kind-CWLJob/instance-kw4ex0yh v1 with job batch system ID: 0 and cores: 1, disk: 3.0 Gi, and memory: 2.0 Gi
[2022-05-12T15:29:48+0200] [MainThread] [I] [toil.worker] Redirecting logging to /tmp/ab84d2eaf2a654a5aae5265decaa210b/1401/worker_log.txt
[2022-05-12T15:29:49+0200] [MainThread] [I] [toil.leader] 0 jobs are running, 0 jobs are issued and waiting to run
[2022-05-12T15:29:50+0200] [MainThread] [I] [toil.leader] Finished toil run successfully.
[2022-05-12T15:29:50+0200] [MainThread] [I] [toil.common] Successfully deleted the job store: FileJobStore(/tmp/tmpovjc79y3)
</system-err>
		</testcase>
		<testcase name="Test that optional number output is returned as 0, not null" time="6.032124" class="required, inline_javascript, command_line_tool" file="optional_numerical_output_returns_0_not_null" url="cwltest:conformance_tests#255">
			<system-out>{
    &quot;out&quot;: 0
}</system-out>
			<system-err>[2022-05-12T15:29:49+0200] [MainThread] [I] [cwltool] Resolved 'tests/optional-numerical-output-0.cwl' to 'file:///home/michael/cwl-v1.2/tests/optional-numerical-output-0.cwl'
[2022-05-12T15:29:51+0200] [MainThread] [I] [toil.job] Saving graph of 1 jobs, 1 new
[2022-05-12T15:29:51+0200] [MainThread] [I] [toil.job] Processing job 'CWLJob' optional-numerical-output-0.cwl kind-CWLJob/instance-aphftdy7 v0
[2022-05-12T15:29:51+0200] [MainThread] [I] [toil] Running Toil version 5.6.0-c34146a6437e4407a61e946e968bcce67a0ebbca on host mrc-tux.
[2022-05-12T15:29:51+0200] [MainThread] [I] [toil.leader] Issued job 'CWLJob' optional-numerical-output-0.cwl kind-CWLJob/instance-aphftdy7 v1 with job batch system ID: 0 and cores: 1, disk: 3.0 Gi, and memory: 2.0 Gi
[2022-05-12T15:29:51+0200] [MainThread] [I] [toil.worker] Redirecting logging to /tmp/6b80e29aa72a5917acc2fc0363b1cba7/574a/worker_log.txt
[2022-05-12T15:29:52+0200] [MainThread] [I] [toil.leader] 0 jobs are running, 0 jobs are issued and waiting to run
[2022-05-12T15:29:54+0200] [MainThread] [I] [toil.leader] Finished toil run successfully.
[2022-05-12T15:29:54+0200] [MainThread] [I] [toil.common] Successfully deleted the job store: FileJobStore(/tmp/tmpzmucz2fq)
</system-err>
		</testcase>
		<testcase name="Test float value for coresMin(Max) is rounded up in runtime.cores" time="4.830808" class="resource, command_line_tool" file="cores_float" url="cwltest:conformance_tests#256">
			<system-out>{
    &quot;output&quot;: {
        &quot;location&quot;: &quot;file:///tmp/tmp7ni__vzc/cores.txt&quot;,
        &quot;basename&quot;: &quot;cores.txt&quot;,
        &quot;nameroot&quot;: &quot;cores&quot;,
        &quot;nameext&quot;: &quot;.txt&quot;,
        &quot;class&quot;: &quot;File&quot;,
        &quot;checksum&quot;: &quot;sha1$7448d8798a4380162d4b56f9b452e2f6f9e24e7a&quot;,
        &quot;size&quot;: 2
    }
}</system-out>
			<system-err>[2022-05-12T15:29:49+0200] [MainThread] [I] [cwltool] Resolved 'tests/cores_float.cwl' to 'file:///home/michael/cwl-v1.2/tests/cores_float.cwl'
[2022-05-12T15:29:52+0200] [MainThread] [I] [toil.job] Saving graph of 1 jobs, 1 new
[2022-05-12T15:29:52+0200] [MainThread] [I] [toil.job] Processing job 'CWLJob' cores_float.cwl kind-CWLJob/instance-heqd7o36 v0
[2022-05-12T15:29:52+0200] [MainThread] [I] [toil] Running Toil version 5.6.0-c34146a6437e4407a61e946e968bcce67a0ebbca on host mrc-tux.
[2022-05-12T15:29:52+0200] [MainThread] [I] [toil.leader] Issued job 'CWLJob' cores_float.cwl kind-CWLJob/instance-heqd7o36 v1 with job batch system ID: 0 and cores: 1, disk: 2.0 Gi, and memory: 256.0 Mi
[2022-05-12T15:29:52+0200] [MainThread] [I] [toil.worker] Redirecting logging to /tmp/a9ff3bfd39b7583291e6be787c61b510/6607/worker_log.txt
[2022-05-12T15:29:52+0200] [MainThread] [I] [toil.leader] 0 jobs are running, 0 jobs are issued and waiting to run
[2022-05-12T15:29:54+0200] [MainThread] [I] [toil.leader] Finished toil run successfully.
[2022-05-12T15:29:54+0200] [MainThread] [I] [toil.common] Successfully deleted the job store: FileJobStore(/tmp/tmpylzzu8sy)
</system-err>
		</testcase>
		<testcase name="Test float value for ram/tmpdir/outdir Min(Max) is rounded up" time="4.776704" class="resource, command_line_tool" file="storage_float" url="cwltest:conformance_tests#257">
			<system-out>{
    &quot;output&quot;: {
        &quot;location&quot;: &quot;file:///tmp/tmp306qzyzk/values.txt&quot;,
        &quot;basename&quot;: &quot;values.txt&quot;,
        &quot;nameroot&quot;: &quot;values&quot;,
        &quot;nameext&quot;: &quot;.txt&quot;,
        &quot;class&quot;: &quot;File&quot;,
        &quot;checksum&quot;: &quot;sha1$c73f68407c144c5336a6c14e7ec79ee470231bd7&quot;,
        &quot;size&quot;: 12
    }
}</system-out>
			<system-err>[2022-05-12T15:29:49+0200] [MainThread] [I] [cwltool] Resolved 'tests/storage_float.cwl' to 'file:///home/michael/cwl-v1.2/tests/storage_float.cwl'
[2022-05-12T15:29:51+0200] [MainThread] [I] [toil.job] Saving graph of 1 jobs, 1 new
[2022-05-12T15:29:51+0200] [MainThread] [I] [toil.job] Processing job 'CWLJob' storage_float.cwl kind-CWLJob/instance-x5xly8i7 v0
[2022-05-12T15:29:51+0200] [MainThread] [I] [toil] Running Toil version 5.6.0-c34146a6437e4407a61e946e968bcce67a0ebbca on host mrc-tux.
[2022-05-12T15:29:51+0200] [MainThread] [I] [toil.leader] Issued job 'CWLJob' storage_float.cwl kind-CWLJob/instance-x5xly8i7 v1 with job batch system ID: 0 and cores: 1, disk: 513.0 Mi, and memory: 255.0 Mi
[2022-05-12T15:29:52+0200] [MainThread] [I] [toil.worker] Redirecting logging to /tmp/fbd89d032fe25f56804060a626da7980/0558/worker_log.txt
[2022-05-12T15:29:52+0200] [MainThread] [I] [toil.leader] 0 jobs are running, 0 jobs are issued and waiting to run
[2022-05-12T15:29:53+0200] [MainThread] [I] [toil.leader] Finished toil run successfully.
[2022-05-12T15:29:53+0200] [MainThread] [I] [toil.common] Successfully deleted the job store: FileJobStore(/tmp/tmpbxgmjpka)
</system-err>
		</testcase>
		<testcase name="Test the generation of a synthetic file with inline contents." time="4.895594" class="required, command_line_tool" file="cat_synthetic_file" url="cwltest:conformance_tests#258">
			<system-out>{
    &quot;sequence&quot;: {
        &quot;location&quot;: &quot;file:///tmp/tmpm69vwmqy/2073efce7b22261c889b9e06df6e47612526d7d4&quot;,
        &quot;basename&quot;: &quot;2073efce7b22261c889b9e06df6e47612526d7d4&quot;,
        &quot;nameroot&quot;: &quot;2073efce7b22261c889b9e06df6e47612526d7d4&quot;,
        &quot;nameext&quot;: &quot;&quot;,
        &quot;class&quot;: &quot;File&quot;,
        &quot;checksum&quot;: &quot;sha1$5d64b71392b1e00a3ad893db02d381d58262c2d6&quot;,
        &quot;size&quot;: 7
    }
}</system-out>
			<system-err>[2022-05-12T15:29:51+0200] [MainThread] [I] [cwltool] Resolved 'tests/synth-file.cwl' to 'file:///home/michael/cwl-v1.2/tests/synth-file.cwl'
[2022-05-12T15:29:53+0200] [MainThread] [I] [toil.job] Saving graph of 1 jobs, 1 new
[2022-05-12T15:29:53+0200] [MainThread] [I] [toil.job] Processing job 'CWLJob' synth-file.cwl kind-CWLJob/instance-_lk6xioc v0
[2022-05-12T15:29:53+0200] [MainThread] [I] [toil] Running Toil version 5.6.0-c34146a6437e4407a61e946e968bcce67a0ebbca on host mrc-tux.
[2022-05-12T15:29:53+0200] [MainThread] [I] [toil.leader] Issued job 'CWLJob' synth-file.cwl kind-CWLJob/instance-_lk6xioc v1 with job batch system ID: 0 and cores: 1, disk: 3.0 Gi, and memory: 2.0 Gi
[2022-05-12T15:29:53+0200] [MainThread] [I] [toil.worker] Redirecting logging to /tmp/7c9cbc62ec0759f5a7ad09abc27ed424/4460/worker_log.txt
[2022-05-12T15:29:54+0200] [MainThread] [I] [toil.leader] 0 jobs are running, 0 jobs are issued and waiting to run
[2022-05-12T15:29:55+0200] [MainThread] [I] [toil.leader] Finished toil run successfully.
[2022-05-12T15:29:55+0200] [MainThread] [I] [toil.common] Successfully deleted the job store: FileJobStore(/tmp/tmpu2v2yylc)
</system-err>
		</testcase>
		<testcase name="Line continuations in bash scripts should behave correctly" time="4.543854" class="inline_javascript, command_line_tool" file="continuation" url="cwltest:conformance_tests#259">
			<system-out>{
    &quot;out&quot;: {
        &quot;location&quot;: &quot;file:///tmp/tmpgs7oej9t/out.txt&quot;,
        &quot;basename&quot;: &quot;out.txt&quot;,
        &quot;nameroot&quot;: &quot;out&quot;,
        &quot;nameext&quot;: &quot;.txt&quot;,
        &quot;class&quot;: &quot;File&quot;,
        &quot;checksum&quot;: &quot;sha1$47d8510dce768c907f4dea6bcaf90f8d59cb265c&quot;,
        &quot;size&quot;: 48
    }
}</system-out>
			<system-err>[2022-05-12T15:29:54+0200] [MainThread] [I] [cwltool] Resolved 'tests/string-interpolation/bash-line-continuation.cwl' to 'file:///home/michael/cwl-v1.2/tests/string-interpolation/bash-line-continuation.cwl'
[2022-05-12T15:29:56+0200] [MainThread] [I] [toil.job] Saving graph of 1 jobs, 1 new
[2022-05-12T15:29:56+0200] [MainThread] [I] [toil.job] Processing job 'CWLJob' bash-line-continuation.cwl kind-CWLJob/instance-zgjzarj7 v0
[2022-05-12T15:29:56+0200] [MainThread] [I] [toil] Running Toil version 5.6.0-c34146a6437e4407a61e946e968bcce67a0ebbca on host mrc-tux.
[2022-05-12T15:29:56+0200] [MainThread] [I] [toil.leader] Issued job 'CWLJob' bash-line-continuation.cwl kind-CWLJob/instance-zgjzarj7 v1 with job batch system ID: 0 and cores: 1, disk: 3.0 Gi, and memory: 2.0 Gi
[2022-05-12T15:29:56+0200] [MainThread] [I] [toil.worker] Redirecting logging to /tmp/ff6fcbfb12cd57f4880d1c841cfe8605/7a76/worker_log.txt
[2022-05-12T15:29:57+0200] [MainThread] [I] [toil.leader] 0 jobs are running, 0 jobs are issued and waiting to run
[2022-05-12T15:29:58+0200] [MainThread] [I] [toil.leader] Finished toil run successfully.
[2022-05-12T15:29:58+0200] [MainThread] [I] [toil.common] Successfully deleted the job store: FileJobStore(/tmp/tmpl_v5qoml)
</system-err>
		</testcase>
		<testcase name="Line continuations in bash scripts should always behave correctly" time="4.668970" class="inline_javascript, command_line_tool" file="continuation_expression" url="cwltest:conformance_tests#260">
			<system-out>{
    &quot;out&quot;: {
        &quot;location&quot;: &quot;file:///tmp/tmprx9qxb8g/out.txt&quot;,
        &quot;basename&quot;: &quot;out.txt&quot;,
        &quot;nameroot&quot;: &quot;out&quot;,
        &quot;nameext&quot;: &quot;.txt&quot;,
        &quot;class&quot;: &quot;File&quot;,
        &quot;checksum&quot;: &quot;sha1$47d8510dce768c907f4dea6bcaf90f8d59cb265c&quot;,
        &quot;size&quot;: 48
    }
}</system-out>
			<system-err>[2022-05-12T15:29:54+0200] [MainThread] [I] [cwltool] Resolved 'tests/string-interpolation/bash-line-continuation-with-expression.cwl' to 'file:///home/michael/cwl-v1.2/tests/string-interpolation/bash-line-continuation-with-expression.cwl'
[2022-05-12T15:29:56+0200] [MainThread] [I] [toil.job] Saving graph of 1 jobs, 1 new
[2022-05-12T15:29:56+0200] [MainThread] [I] [toil.job] Processing job 'CWLJob' bash-line-continuation-with-expression.cwl kind-CWLJob/instance-3uko4z9l v0
[2022-05-12T15:29:56+0200] [MainThread] [I] [toil] Running Toil version 5.6.0-c34146a6437e4407a61e946e968bcce67a0ebbca on host mrc-tux.
[2022-05-12T15:29:56+0200] [MainThread] [I] [toil.leader] Issued job 'CWLJob' bash-line-continuation-with-expression.cwl kind-CWLJob/instance-3uko4z9l v1 with job batch system ID: 0 and cores: 1, disk: 3.0 Gi, and memory: 2.0 Gi
[2022-05-12T15:29:57+0200] [MainThread] [I] [toil.worker] Redirecting logging to /tmp/faa270477c665e3b88cb8b30cd228aa0/b39e/worker_log.txt
[2022-05-12T15:29:57+0200] [MainThread] [I] [toil.leader] 0 jobs are running, 0 jobs are issued and waiting to run
[2022-05-12T15:29:58+0200] [MainThread] [I] [toil.leader] Finished toil run successfully.
[2022-05-12T15:29:58+0200] [MainThread] [I] [toil.common] Successfully deleted the job store: FileJobStore(/tmp/tmpo_66wchb)
</system-err>
		</testcase>
		<testcase name="Test quoting multiple backslashes" time="4.643264" class="inline_javascript, command_line_tool" file="quoting_multiple_backslashes" url="cwltest:conformance_tests#261">
			<system-out>{
    &quot;out&quot;: {
        &quot;location&quot;: &quot;file:///tmp/tmprjowb3n3/out.txt&quot;,
        &quot;basename&quot;: &quot;out.txt&quot;,
        &quot;nameroot&quot;: &quot;out&quot;,
        &quot;nameext&quot;: &quot;.txt&quot;,
        &quot;class&quot;: &quot;File&quot;,
        &quot;checksum&quot;: &quot;sha1$acfdc38aef5354c03b976cbb6d9f7d08a179951d&quot;,
        &quot;size&quot;: 246
    }
}</system-out>
			<system-err>[2022-05-12T15:29:55+0200] [MainThread] [I] [cwltool] Resolved 'tests/string-interpolation/bash-dollar-quote.cwl' to 'file:///home/michael/cwl-v1.2/tests/string-interpolation/bash-dollar-quote.cwl'
[2022-05-12T15:29:56+0200] [MainThread] [I] [toil.job] Saving graph of 1 jobs, 1 new
[2022-05-12T15:29:56+0200] [MainThread] [I] [toil.job] Processing job 'CWLJob' bash-dollar-quote.cwl kind-CWLJob/instance-wuw68_eu v0
[2022-05-12T15:29:56+0200] [MainThread] [I] [toil] Running Toil version 5.6.0-c34146a6437e4407a61e946e968bcce67a0ebbca on host mrc-tux.
[2022-05-12T15:29:57+0200] [MainThread] [I] [toil.leader] Issued job 'CWLJob' bash-dollar-quote.cwl kind-CWLJob/instance-wuw68_eu v1 with job batch system ID: 0 and cores: 1, disk: 3.0 Gi, and memory: 2.0 Gi
[2022-05-12T15:29:57+0200] [MainThread] [I] [toil.worker] Redirecting logging to /tmp/fee576540a1d5ed8a91ecb2a201d2cf2/027a/worker_log.txt
[2022-05-12T15:29:57+0200] [MainThread] [I] [toil.leader] 0 jobs are running, 0 jobs are issued and waiting to run
[2022-05-12T15:29:59+0200] [MainThread] [I] [toil.leader] Finished toil run successfully.
[2022-05-12T15:29:59+0200] [MainThread] [I] [toil.common] Successfully deleted the job store: FileJobStore(/tmp/tmp17nyc40_)
</system-err>
		</testcase>
		<testcase name="Strings returned from JS expressions should not have extra quotes around them" time="4.948194" class="inline_javascript, command_line_tool" file="escaping_expression_no_extra_quotes" url="cwltest:conformance_tests#262">
			<system-out>{
    &quot;out&quot;: {
        &quot;location&quot;: &quot;file:///tmp/tmpxyzhlzic/file.txt&quot;,
        &quot;basename&quot;: &quot;file.txt&quot;,
        &quot;nameroot&quot;: &quot;file&quot;,
        &quot;nameext&quot;: &quot;.txt&quot;,
        &quot;class&quot;: &quot;File&quot;,
        &quot;checksum&quot;: &quot;sha1$726e9e616f278d9028b4a870653b01c125c2fc89&quot;,
        &quot;size&quot;: 14
    }
}</system-out>
			<system-err>[2022-05-12T15:29:56+0200] [MainThread] [I] [cwltool] Resolved 'tests/string-interpolation/js-quote.cwl' to 'file:///home/michael/cwl-v1.2/tests/string-interpolation/js-quote.cwl'
[2022-05-12T15:29:58+0200] [MainThread] [I] [toil.job] Saving graph of 1 jobs, 1 new
[2022-05-12T15:29:58+0200] [MainThread] [I] [toil.job] Processing job 'CWLJob' js-quote.cwl kind-CWLJob/instance-jybbm62s v0
[2022-05-12T15:29:58+0200] [MainThread] [I] [toil] Running Toil version 5.6.0-c34146a6437e4407a61e946e968bcce67a0ebbca on host mrc-tux.
[2022-05-12T15:29:58+0200] [MainThread] [I] [toil.leader] Issued job 'CWLJob' js-quote.cwl kind-CWLJob/instance-jybbm62s v1 with job batch system ID: 0 and cores: 2, disk: 2.0 Gi, and memory: 1000.0 Mi
[2022-05-12T15:29:58+0200] [MainThread] [I] [toil.worker] Redirecting logging to /tmp/fe51d67671c155b69bdaebdadac96ad1/481e/worker_log.txt
[2022-05-12T15:29:59+0200] [MainThread] [I] [toil.leader] 0 jobs are running, 0 jobs are issued and waiting to run
[2022-05-12T15:30:00+0200] [MainThread] [I] [toil.leader] Finished toil run successfully.
[2022-05-12T15:30:00+0200] [MainThread] [I] [toil.common] Successfully deleted the job store: FileJobStore(/tmp/tmp3sl4lo78)
</system-err>
		</testcase>
		<testcase name="Simplest conditional pattern (False)" time="9.383075" class="conditional, inline_javascript, workflow" file="direct_optional_null_result" url="cwltest:conformance_tests#263">
			<system-out>{
    &quot;out1&quot;: null
}</system-out>
			<system-err>[2022-05-12T15:29:59+0200] [MainThread] [I] [cwltool] Resolved 'tests/conditionals/cond-wf-001.cwl' to 'file:///home/michael/cwl-v1.2/tests/conditionals/cond-wf-001.cwl'
[2022-05-12T15:30:02+0200] [MainThread] [I] [toil.job] Saving graph of 2 jobs, 2 new
[2022-05-12T15:30:02+0200] [MainThread] [I] [toil.job] Processing job 'ResolveIndirect' kind-ResolveIndirect/instance-6ib20z_6 v0
[2022-05-12T15:30:02+0200] [MainThread] [I] [toil.job] Processing job 'CWLWorkflow' kind-CWLWorkflow/instance-su4pb6nn v0
[2022-05-12T15:30:02+0200] [MainThread] [I] [toil] Running Toil version 5.6.0-c34146a6437e4407a61e946e968bcce67a0ebbca on host mrc-tux.
[2022-05-12T15:30:03+0200] [MainThread] [I] [toil.worker] Redirecting logging to /tmp/814db47973575288920238bb59fd5cd3/a193/worker_log.txt
[2022-05-12T15:30:03+0200] [MainThread] [I] [toil.leader] 0 jobs are running, 0 jobs are issued and waiting to run
[2022-05-12T15:30:03+0200] [MainThread] [I] [toil.leader] Issued job 'CWLJob' cond-wf-001.cwl.step1.foo.cwl kind-CWLJob/instance-xh7_o9lq v1 with job batch system ID: 1 and cores: 1, disk: 3.0 Gi, and memory: 2.0 Gi
[2022-05-12T15:30:04+0200] [MainThread] [I] [toil.worker] Redirecting logging to /tmp/814db47973575288920238bb59fd5cd3/0f34/worker_log.txt
[2022-05-12T15:30:05+0200] [MainThread] [I] [toil.worker] Redirecting logging to /tmp/814db47973575288920238bb59fd5cd3/ac2c/worker_log.txt
[2022-05-12T15:30:06+0200] [MainThread] [I] [toil.worker] Redirecting logging to /tmp/814db47973575288920238bb59fd5cd3/04b2/worker_log.txt
[2022-05-12T15:30:07+0200] [MainThread] [I] [toil.leader] Finished toil run successfully.
[2022-05-12T15:30:07+0200] [MainThread] [W] [toil.cwl.cwltoil] In Workflow output 'out1', SkipNull result found and cast to None. 
You had a conditional step that did not run, but you did not use pickValue to handle the skipped input.
[2022-05-12T15:30:07+0200] [MainThread] [I] [toil.common] Successfully deleted the job store: FileJobStore(/tmp/tmpw7unrv54)
</system-err>
		</testcase>
		<testcase name="Simplest conditional pattern (True)" time="9.586368" class="conditional, inline_javascript, workflow" file="direct_optional_nonnull_result" url="cwltest:conformance_tests#264">
			<system-out>{
    &quot;out1&quot;: &quot;foo 3&quot;
}</system-out>
			<system-err>[2022-05-12T15:29:59+0200] [MainThread] [I] [cwltool] Resolved 'tests/conditionals/cond-wf-001.cwl' to 'file:///home/michael/cwl-v1.2/tests/conditionals/cond-wf-001.cwl'
[2022-05-12T15:30:03+0200] [MainThread] [I] [toil.job] Saving graph of 2 jobs, 2 new
[2022-05-12T15:30:03+0200] [MainThread] [I] [toil.job] Processing job 'ResolveIndirect' kind-ResolveIndirect/instance-6gug98yw v0
[2022-05-12T15:30:03+0200] [MainThread] [I] [toil.job] Processing job 'CWLWorkflow' kind-CWLWorkflow/instance-d4w4w20b v0
[2022-05-12T15:30:03+0200] [MainThread] [I] [toil] Running Toil version 5.6.0-c34146a6437e4407a61e946e968bcce67a0ebbca on host mrc-tux.
[2022-05-12T15:30:03+0200] [MainThread] [I] [toil.worker] Redirecting logging to /tmp/c0096063208d5639ba2de4572fc670ec/2fce/worker_log.txt
[2022-05-12T15:30:04+0200] [MainThread] [I] [toil.leader] 0 jobs are running, 0 jobs are issued and waiting to run
[2022-05-12T15:30:04+0200] [MainThread] [I] [toil.leader] Issued job 'CWLJob' cond-wf-001.cwl.step1.foo.cwl kind-CWLJob/instance-2ej87ory v1 with job batch system ID: 1 and cores: 1, disk: 3.0 Gi, and memory: 2.0 Gi
[2022-05-12T15:30:04+0200] [MainThread] [I] [toil.worker] Redirecting logging to /tmp/c0096063208d5639ba2de4572fc670ec/5d86/worker_log.txt
[2022-05-12T15:30:05+0200] [MainThread] [I] [toil.worker] Redirecting logging to /tmp/c0096063208d5639ba2de4572fc670ec/2cbb/worker_log.txt
[2022-05-12T15:30:06+0200] [MainThread] [I] [toil.worker] Redirecting logging to /tmp/c0096063208d5639ba2de4572fc670ec/3059/worker_log.txt
[2022-05-12T15:30:08+0200] [MainThread] [I] [toil.leader] Finished toil run successfully.
[2022-05-12T15:30:08+0200] [MainThread] [I] [toil.common] Successfully deleted the job store: FileJobStore(/tmp/tmp_b5988qr)
</system-err>
		</testcase>
		<testcase name="Should give validation warning because of required sink" time="9.817169" class="conditional, inline_javascript, workflow" file="direct_required" url="cwltest:conformance_tests#265">
			<system-out>{
    &quot;out1&quot;: null
}</system-out>
			<system-err>[2022-05-12T15:29:59+0200] [MainThread] [I] [cwltool] Resolved 'tests/conditionals/cond-wf-002.cwl' to 'file:///home/michael/cwl-v1.2/tests/conditionals/cond-wf-002.cwl'
[2022-05-12T15:30:03+0200] [MainThread] [W] [cwltool] Workflow checker warning:
tests/conditionals/cond-wf-002.cwl:14:11: Source 'out1' of type [&quot;null&quot;, &quot;string&quot;] may be
                                          incompatible
tests/conditionals/cond-wf-002.cwl:18:5:    with sink 'out1' of type &quot;string&quot;
                                            Source is from conditional step and may produce `null`
tests/conditionals/cond-wf-002.cwl:14:11: Source 'out1' of type [&quot;null&quot;, &quot;string&quot;] may be
                                          incompatible
tests/conditionals/cond-wf-002.cwl:18:5:    with sink 'out1' of type &quot;string&quot;
[2022-05-12T15:30:03+0200] [MainThread] [I] [toil.job] Saving graph of 2 jobs, 2 new
[2022-05-12T15:30:03+0200] [MainThread] [I] [toil.job] Processing job 'ResolveIndirect' kind-ResolveIndirect/instance-27n29jdq v0
[2022-05-12T15:30:03+0200] [MainThread] [I] [toil.job] Processing job 'CWLWorkflow' kind-CWLWorkflow/instance-zx4jtto7 v0
[2022-05-12T15:30:03+0200] [MainThread] [I] [toil] Running Toil version 5.6.0-c34146a6437e4407a61e946e968bcce67a0ebbca on host mrc-tux.
[2022-05-12T15:30:04+0200] [MainThread] [I] [toil.worker] Redirecting logging to /tmp/f7c7ad804d145fa889afe0cd66a35d78/2a01/worker_log.txt
[2022-05-12T15:30:04+0200] [MainThread] [I] [toil.leader] 0 jobs are running, 0 jobs are issued and waiting to run
[2022-05-12T15:30:04+0200] [MainThread] [I] [toil.leader] Issued job 'CWLJob' cond-wf-002.cwl.step1.foo.cwl kind-CWLJob/instance-y9ucyt1h v1 with job batch system ID: 1 and cores: 1, disk: 3.0 Gi, and memory: 2.0 Gi
[2022-05-12T15:30:05+0200] [MainThread] [I] [toil.worker] Redirecting logging to /tmp/f7c7ad804d145fa889afe0cd66a35d78/5a02/worker_log.txt
[2022-05-12T15:30:06+0200] [MainThread] [I] [toil.worker] Redirecting logging to /tmp/f7c7ad804d145fa889afe0cd66a35d78/6ca4/worker_log.txt
[2022-05-12T15:30:07+0200] [MainThread] [I] [toil.worker] Redirecting logging to /tmp/f7c7ad804d145fa889afe0cd66a35d78/185e/worker_log.txt
[2022-05-12T15:30:08+0200] [MainThread] [I] [toil.leader] Finished toil run successfully.
[2022-05-12T15:30:08+0200] [MainThread] [W] [toil.cwl.cwltoil] In Workflow output 'out1', SkipNull result found and cast to None. 
You had a conditional step that did not run, but you did not use pickValue to handle the skipped input.
[2022-05-12T15:30:08+0200] [MainThread] [I] [toil.common] Successfully deleted the job store: FileJobStore(/tmp/tmpftm39p24)
</system-err>
		</testcase>
		<testcase name="Pass through pattern with pickValue: first_non_null; 'when' is false" time="9.941167" class="conditional, inline_javascript, multiple_input, workflow" file="pass_through_required_false_when" url="cwltest:conformance_tests#266">
			<system-out>{
    &quot;out1&quot;: &quot;Direct&quot;
}</system-out>
			<system-err>[2022-05-12T15:30:01+0200] [MainThread] [I] [cwltool] Resolved 'tests/conditionals/cond-wf-003.cwl' to 'file:///home/michael/cwl-v1.2/tests/conditionals/cond-wf-003.cwl'
[2022-05-12T15:30:05+0200] [MainThread] [I] [toil.job] Saving graph of 2 jobs, 2 new
[2022-05-12T15:30:05+0200] [MainThread] [I] [toil.job] Processing job 'ResolveIndirect' kind-ResolveIndirect/instance-qktwwao2 v0
[2022-05-12T15:30:05+0200] [MainThread] [I] [toil.job] Processing job 'CWLWorkflow' kind-CWLWorkflow/instance-xodq4zw8 v0
[2022-05-12T15:30:05+0200] [MainThread] [I] [toil] Running Toil version 5.6.0-c34146a6437e4407a61e946e968bcce67a0ebbca on host mrc-tux.
[2022-05-12T15:30:05+0200] [MainThread] [I] [toil.worker] Redirecting logging to /tmp/ec8dbb26c0bc5d62a5dfb7ac80ba29f7/eca4/worker_log.txt
[2022-05-12T15:30:06+0200] [MainThread] [I] [toil.leader] 0 jobs are running, 0 jobs are issued and waiting to run
[2022-05-12T15:30:06+0200] [MainThread] [I] [toil.leader] Issued job 'CWLJob' cond-wf-003.cwl.step1.foo.cwl kind-CWLJob/instance-uaq8ol3o v1 with job batch system ID: 1 and cores: 1, disk: 3.0 Gi, and memory: 2.0 Gi
[2022-05-12T15:30:06+0200] [MainThread] [I] [toil.worker] Redirecting logging to /tmp/ec8dbb26c0bc5d62a5dfb7ac80ba29f7/7b6f/worker_log.txt
[2022-05-12T15:30:07+0200] [MainThread] [I] [toil.worker] Redirecting logging to /tmp/ec8dbb26c0bc5d62a5dfb7ac80ba29f7/0df3/worker_log.txt
[2022-05-12T15:30:08+0200] [MainThread] [I] [toil.worker] Redirecting logging to /tmp/ec8dbb26c0bc5d62a5dfb7ac80ba29f7/f1cc/worker_log.txt
[2022-05-12T15:30:10+0200] [MainThread] [I] [toil.leader] Finished toil run successfully.
[2022-05-12T15:30:10+0200] [MainThread] [I] [toil.common] Successfully deleted the job store: FileJobStore(/tmp/tmp4spsmyty)
</system-err>
		</testcase>
		<testcase name="pass through pattern with pickvalue: first_non_null; 'when' is true" time="8.949851" class="conditional, inline_javascript, multiple_input, workflow" file="pass_through_required_true_when" url="cwltest:conformance_tests#267">
			<system-out>{
    &quot;out1&quot;: &quot;foo 3&quot;
}</system-out>
			<system-err>[2022-05-12T15:30:08+0200] [MainThread] [I] [cwltool] Resolved 'tests/conditionals/cond-wf-003.cwl' to 'file:///home/michael/cwl-v1.2/tests/conditionals/cond-wf-003.cwl'
[2022-05-12T15:30:11+0200] [MainThread] [I] [toil.job] Saving graph of 2 jobs, 2 new
[2022-05-12T15:30:11+0200] [MainThread] [I] [toil.job] Processing job 'ResolveIndirect' kind-ResolveIndirect/instance-pdg8tukq v0
[2022-05-12T15:30:11+0200] [MainThread] [I] [toil.job] Processing job 'CWLWorkflow' kind-CWLWorkflow/instance-0_xm2mkr v0
[2022-05-12T15:30:11+0200] [MainThread] [I] [toil] Running Toil version 5.6.0-c34146a6437e4407a61e946e968bcce67a0ebbca on host mrc-tux.
[2022-05-12T15:30:12+0200] [MainThread] [I] [toil.worker] Redirecting logging to /tmp/521feaa4fc4d5fc18c29c4bd298aeee5/19d6/worker_log.txt
[2022-05-12T15:30:12+0200] [MainThread] [I] [toil.leader] 0 jobs are running, 0 jobs are issued and waiting to run
[2022-05-12T15:30:12+0200] [MainThread] [I] [toil.leader] Issued job 'CWLJob' cond-wf-003.cwl.step1.foo.cwl kind-CWLJob/instance-va763hps v1 with job batch system ID: 1 and cores: 1, disk: 3.0 Gi, and memory: 2.0 Gi
[2022-05-12T15:30:13+0200] [MainThread] [I] [toil.worker] Redirecting logging to /tmp/521feaa4fc4d5fc18c29c4bd298aeee5/2a20/worker_log.txt
[2022-05-12T15:30:14+0200] [MainThread] [I] [toil.worker] Redirecting logging to /tmp/521feaa4fc4d5fc18c29c4bd298aeee5/a3f3/worker_log.txt
[2022-05-12T15:30:15+0200] [MainThread] [I] [toil.worker] Redirecting logging to /tmp/521feaa4fc4d5fc18c29c4bd298aeee5/3855/worker_log.txt
[2022-05-12T15:30:16+0200] [MainThread] [I] [toil.leader] Finished toil run successfully.
[2022-05-12T15:30:16+0200] [MainThread] [I] [toil.common] Successfully deleted the job store: FileJobStore(/tmp/tmpf3iqy4ro)
</system-err>
		</testcase>
		<testcase name="pickValue: first_non_null first item is non null" time="10.193940" class="conditional, inline_javascript, multiple_input, workflow" file="first_non_null_first_non_null" url="cwltest:conformance_tests#268">
			<system-out>{
    &quot;out1&quot;: &quot;foo 0&quot;
}</system-out>
			<system-err>[2022-05-12T15:30:09+0200] [MainThread] [I] [cwltool] Resolved 'tests/conditionals/cond-wf-003.1.cwl' to 'file:///home/michael/cwl-v1.2/tests/conditionals/cond-wf-003.1.cwl'
[2022-05-12T15:30:13+0200] [MainThread] [W] [cwltool] Workflow checker warning:
tests/conditionals/cond-wf-003.1.cwl:11:7: 'a_new_var' is not an input parameter of
                                           file:///home/michael/cwl-v1.2/tests/conditionals/foo.cwl,
                                           expected in1
[2022-05-12T15:30:13+0200] [MainThread] [I] [toil.job] Saving graph of 2 jobs, 2 new
[2022-05-12T15:30:13+0200] [MainThread] [I] [toil.job] Processing job 'ResolveIndirect' kind-ResolveIndirect/instance-ubek9rog v0
[2022-05-12T15:30:13+0200] [MainThread] [I] [toil.job] Processing job 'CWLWorkflow' kind-CWLWorkflow/instance-vw4th3hu v0
[2022-05-12T15:30:13+0200] [MainThread] [I] [toil] Running Toil version 5.6.0-c34146a6437e4407a61e946e968bcce67a0ebbca on host mrc-tux.
[2022-05-12T15:30:14+0200] [MainThread] [I] [toil.worker] Redirecting logging to /tmp/7e35b1eff56c52c581b3da489d872d23/beb5/worker_log.txt
[2022-05-12T15:30:14+0200] [MainThread] [I] [toil.leader] 0 jobs are running, 0 jobs are issued and waiting to run
[2022-05-12T15:30:14+0200] [MainThread] [I] [toil.leader] Issued job 'CWLJob' cond-wf-003.1.cwl.step2.foo.cwl kind-CWLJob/instance-33j6glqi v1 with job batch system ID: 1 and cores: 1, disk: 3.0 Gi, and memory: 2.0 Gi
[2022-05-12T15:30:14+0200] [MainThread] [I] [toil.leader] Issued job 'CWLJob' cond-wf-003.1.cwl.step1.foo.cwl kind-CWLJob/instance-2scjtp4p v1 with job batch system ID: 2 and cores: 1, disk: 3.0 Gi, and memory: 2.0 Gi
[2022-05-12T15:30:14+0200] [MainThread] [I] [toil.worker] Redirecting logging to /tmp/7e35b1eff56c52c581b3da489d872d23/3573/worker_log.txt
[2022-05-12T15:30:15+0200] [MainThread] [I] [toil.worker] Redirecting logging to /tmp/7e35b1eff56c52c581b3da489d872d23/206b/worker_log.txt
[2022-05-12T15:30:16+0200] [MainThread] [I] [toil.worker] Redirecting logging to /tmp/7e35b1eff56c52c581b3da489d872d23/1419/worker_log.txt
[2022-05-12T15:30:17+0200] [MainThread] [I] [toil.worker] Redirecting logging to /tmp/7e35b1eff56c52c581b3da489d872d23/cace/worker_log.txt
[2022-05-12T15:30:18+0200] [MainThread] [I] [toil.leader] Finished toil run successfully.
[2022-05-12T15:30:18+0200] [MainThread] [I] [toil.common] Successfully deleted the job store: FileJobStore(/tmp/tmpmquak13m)
</system-err>
		</testcase>
		<testcase name="pickValue: first_non_null needs at least one non null" time="15.320737" class="conditional, inline_javascript, multiple_input, workflow" file="first_non_null_all_null" url="cwltest:conformance_tests#269">
			<system-err>[2022-05-12T15:30:09+0200] [MainThread] [I] [cwltool] Resolved 'tests/conditionals/cond-wf-003.1.cwl' to 'file:///home/michael/cwl-v1.2/tests/conditionals/cond-wf-003.1.cwl'
[2022-05-12T15:30:14+0200] [MainThread] [W] [cwltool] Workflow checker warning:
tests/conditionals/cond-wf-003.1.cwl:11:7: 'a_new_var' is not an input parameter of
                                           file:///home/michael/cwl-v1.2/tests/conditionals/foo.cwl,
                                           expected in1
[2022-05-12T15:30:14+0200] [MainThread] [I] [toil.job] Saving graph of 2 jobs, 2 new
[2022-05-12T15:30:14+0200] [MainThread] [I] [toil.job] Processing job 'ResolveIndirect' kind-ResolveIndirect/instance-29jsxrol v0
[2022-05-12T15:30:14+0200] [MainThread] [I] [toil.job] Processing job 'CWLWorkflow' kind-CWLWorkflow/instance-m47yjm1h v0
[2022-05-12T15:30:14+0200] [MainThread] [I] [toil] Running Toil version 5.6.0-c34146a6437e4407a61e946e968bcce67a0ebbca on host mrc-tux.
[2022-05-12T15:30:14+0200] [MainThread] [I] [toil.worker] Redirecting logging to /tmp/692ed7ca261656b99f1d5158bc29c74b/24e6/worker_log.txt
[2022-05-12T15:30:15+0200] [MainThread] [I] [toil.leader] 0 jobs are running, 0 jobs are issued and waiting to run
[2022-05-12T15:30:15+0200] [MainThread] [I] [toil.leader] Issued job 'CWLJob' cond-wf-003.1.cwl.step2.foo.cwl kind-CWLJob/instance-neljvufg v1 with job batch system ID: 1 and cores: 1, disk: 3.0 Gi, and memory: 2.0 Gi
[2022-05-12T15:30:15+0200] [MainThread] [I] [toil.leader] Issued job 'CWLJob' cond-wf-003.1.cwl.step1.foo.cwl kind-CWLJob/instance-aqxm6a4l v1 with job batch system ID: 2 and cores: 1, disk: 3.0 Gi, and memory: 2.0 Gi
[2022-05-12T15:30:15+0200] [MainThread] [I] [toil.worker] Redirecting logging to /tmp/692ed7ca261656b99f1d5158bc29c74b/666f/worker_log.txt
[2022-05-12T15:30:15+0200] [MainThread] [I] [toil.worker] Redirecting logging to /tmp/692ed7ca261656b99f1d5158bc29c74b/2b56/worker_log.txt
[2022-05-12T15:30:17+0200] [MainThread] [I] [toil.worker] Redirecting logging to /tmp/692ed7ca261656b99f1d5158bc29c74b/7ae6/worker_log.txt
[2022-05-12T15:30:17+0200] [Thread-3 (daddy)] [E] [toil.batchSystems.singleMachine] Got exit code 1 (indicating failure) from job _toil_worker ResolveIndirect file:/tmp/tmp0hxbtbrn kind-ResolveIndirect/instance-29jsxrol.
[2022-05-12T15:30:17+0200] [MainThread] [W] [toil.leader] Job failed with exit value 1: 'ResolveIndirect' kind-ResolveIndirect/instance-29jsxrol v1
Exit reason: None
[2022-05-12T15:30:17+0200] [MainThread] [W] [toil.leader] The job seems to have left a log file, indicating failure: 'ResolveIndirect' kind-ResolveIndirect/instance-29jsxrol v2
[2022-05-12T15:30:17+0200] [MainThread] [W] [toil.leader] Log from job &quot;kind-ResolveIndirect/instance-29jsxrol&quot; follows:
=========&gt;
	[2022-05-12T15:30:17+0200] [MainThread] [I] [toil.worker] ---TOIL WORKER OUTPUT LOG---
	[2022-05-12T15:30:17+0200] [MainThread] [I] [toil] Running Toil version 5.6.0-c34146a6437e4407a61e946e968bcce67a0ebbca on host mrc-tux.
	[2022-05-12T15:30:17+0200] [MainThread] [I] [toil.worker] Working on job 'ResolveIndirect' kind-ResolveIndirect/instance-29jsxrol v1
	[2022-05-12T15:30:17+0200] [MainThread] [I] [toil.worker] Loaded body Job('ResolveIndirect' kind-ResolveIndirect/instance-29jsxrol v1) from description 'ResolveIndirect' kind-ResolveIndirect/instance-29jsxrol v1
	Traceback (most recent call last):
	  File &quot;/home/michael/common-workflow-language/toil5.6.0/lib/python3.10/site-packages/toil/worker.py&quot;, line 405, in workerScript
	    job._runner(jobGraph=None, jobStore=jobStore, fileStore=fileStore, defer=defer)
	  File &quot;/home/michael/common-workflow-language/toil5.6.0/lib/python3.10/site-packages/toil/job.py&quot;, line 2399, in _runner
	    returnValues = self._run(jobGraph=None, fileStore=fileStore)
	  File &quot;/home/michael/common-workflow-language/toil5.6.0/lib/python3.10/site-packages/toil/job.py&quot;, line 2317, in _run
	    return self.run(fileStore)
	  File &quot;/home/michael/common-workflow-language/toil5.6.0/lib/python3.10/site-packages/toil/cwl/cwltoil.py&quot;, line 1660, in run
	    return resolve_dict_w_promises(self.cwljob)
	  File &quot;/home/michael/common-workflow-language/toil5.6.0/lib/python3.10/site-packages/toil/cwl/cwltoil.py&quot;, line 555, in resolve_dict_w_promises
	    first_pass_results: CWLObjectType = {
	  File &quot;/home/michael/common-workflow-language/toil5.6.0/lib/python3.10/site-packages/toil/cwl/cwltoil.py&quot;, line 556, in &lt;dictcomp&gt;
	    k: v.resolve() for k, v in dict_w_promises.items()
	  File &quot;/home/michael/common-workflow-language/toil5.6.0/lib/python3.10/site-packages/toil/cwl/cwltoil.py&quot;, line 337, in resolve
	    result = self.pick_value(result)
	  File &quot;/home/michael/common-workflow-language/toil5.6.0/lib/python3.10/site-packages/toil/cwl/cwltoil.py&quot;, line 389, in pick_value
	    raise cwltool.errors.WorkflowException(
	cwltool.errors.WorkflowException: Workflow output 'out1': first_non_null operator found no non-null values
	[2022-05-12T15:30:17+0200] [MainThread] [E] [toil.worker] Exiting the worker because of a failed job on host mrc-tux
&lt;=========
[2022-05-12T15:30:17+0200] [MainThread] [W] [toil.job] Due to failure we are reducing the remaining try count of job 'ResolveIndirect' kind-ResolveIndirect/instance-29jsxrol v2 with ID kind-ResolveIndirect/instance-29jsxrol to 1
[2022-05-12T15:30:17+0200] [MainThread] [W] [toil.job] We have increased the default memory of the failed job 'ResolveIndirect' kind-ResolveIndirect/instance-29jsxrol v2 to 2147483648 bytes
[2022-05-12T15:30:17+0200] [MainThread] [W] [toil.job] We have increased the disk of the failed job 'ResolveIndirect' kind-ResolveIndirect/instance-29jsxrol v2 to the default of 2147483648 bytes
[2022-05-12T15:30:17+0200] [MainThread] [I] [toil.worker] Redirecting logging to /tmp/692ed7ca261656b99f1d5158bc29c74b/a5e8/worker_log.txt
[2022-05-12T15:30:18+0200] [Thread-3 (daddy)] [E] [toil.batchSystems.singleMachine] Got exit code 1 (indicating failure) from job _toil_worker ResolveIndirect file:/tmp/tmp0hxbtbrn kind-ResolveIndirect/instance-29jsxrol.
[2022-05-12T15:30:18+0200] [MainThread] [W] [toil.leader] Job failed with exit value 1: 'ResolveIndirect' kind-ResolveIndirect/instance-29jsxrol v3
Exit reason: None
[2022-05-12T15:30:18+0200] [MainThread] [W] [toil.leader] The job seems to have left a log file, indicating failure: 'ResolveIndirect' kind-ResolveIndirect/instance-29jsxrol v5
[2022-05-12T15:30:18+0200] [MainThread] [W] [toil.leader] Log from job &quot;kind-ResolveIndirect/instance-29jsxrol&quot; follows:
=========&gt;
	[2022-05-12T15:30:17+0200] [MainThread] [I] [toil.worker] ---TOIL WORKER OUTPUT LOG---
	[2022-05-12T15:30:17+0200] [MainThread] [I] [toil] Running Toil version 5.6.0-c34146a6437e4407a61e946e968bcce67a0ebbca on host mrc-tux.
	[2022-05-12T15:30:17+0200] [MainThread] [I] [toil.worker] Working on job 'ResolveIndirect' kind-ResolveIndirect/instance-29jsxrol v4
	[2022-05-12T15:30:18+0200] [MainThread] [I] [toil.worker] Loaded body Job('ResolveIndirect' kind-ResolveIndirect/instance-29jsxrol v4) from description 'ResolveIndirect' kind-ResolveIndirect/instance-29jsxrol v4
	Traceback (most recent call last):
	  File &quot;/home/michael/common-workflow-language/toil5.6.0/lib/python3.10/site-packages/toil/worker.py&quot;, line 405, in workerScript
	    job._runner(jobGraph=None, jobStore=jobStore, fileStore=fileStore, defer=defer)
	  File &quot;/home/michael/common-workflow-language/toil5.6.0/lib/python3.10/site-packages/toil/job.py&quot;, line 2399, in _runner
	    returnValues = self._run(jobGraph=None, fileStore=fileStore)
	  File &quot;/home/michael/common-workflow-language/toil5.6.0/lib/python3.10/site-packages/toil/job.py&quot;, line 2317, in _run
	    return self.run(fileStore)
	  File &quot;/home/michael/common-workflow-language/toil5.6.0/lib/python3.10/site-packages/toil/cwl/cwltoil.py&quot;, line 1660, in run
	    return resolve_dict_w_promises(self.cwljob)
	  File &quot;/home/michael/common-workflow-language/toil5.6.0/lib/python3.10/site-packages/toil/cwl/cwltoil.py&quot;, line 555, in resolve_dict_w_promises
	    first_pass_results: CWLObjectType = {
	  File &quot;/home/michael/common-workflow-language/toil5.6.0/lib/python3.10/site-packages/toil/cwl/cwltoil.py&quot;, line 556, in &lt;dictcomp&gt;
	    k: v.resolve() for k, v in dict_w_promises.items()
	  File &quot;/home/michael/common-workflow-language/toil5.6.0/lib/python3.10/site-packages/toil/cwl/cwltoil.py&quot;, line 337, in resolve
	    result = self.pick_value(result)
	  File &quot;/home/michael/common-workflow-language/toil5.6.0/lib/python3.10/site-packages/toil/cwl/cwltoil.py&quot;, line 389, in pick_value
	    raise cwltool.errors.WorkflowException(
	cwltool.errors.WorkflowException: Workflow output 'out1': first_non_null operator found no non-null values
	[2022-05-12T15:30:18+0200] [MainThread] [E] [toil.worker] Exiting the worker because of a failed job on host mrc-tux
&lt;=========
[2022-05-12T15:30:18+0200] [MainThread] [W] [toil.job] Due to failure we are reducing the remaining try count of job 'ResolveIndirect' kind-ResolveIndirect/instance-29jsxrol v5 with ID kind-ResolveIndirect/instance-29jsxrol to 0
[2022-05-12T15:30:18+0200] [MainThread] [W] [toil.leader] Job 'ResolveIndirect' kind-ResolveIndirect/instance-29jsxrol v6 is completely failed
[2022-05-12T15:30:24+0200] [MainThread] [I] [toil.leader] Finished toil run with 2 failed jobs.
[2022-05-12T15:30:24+0200] [MainThread] [I] [toil.leader] Failed jobs at end of the run: 'CWLWorkflow' kind-CWLWorkflow/instance-m47yjm1h v2 'ResolveIndirect' kind-ResolveIndirect/instance-29jsxrol v6
Traceback (most recent call last):
  File &quot;/home/michael/common-workflow-language/toil5.6.0/bin/toil-cwl-runner&quot;, line 8, in &lt;module&gt;
    sys.exit(main())
  File &quot;/home/michael/common-workflow-language/toil5.6.0/lib/python3.10/site-packages/toil/cwl/cwltoil.py&quot;, line 3486, in main
    outobj = toil.start(wf1)
  File &quot;/home/michael/common-workflow-language/toil5.6.0/lib/python3.10/site-packages/toil/common.py&quot;, line 951, in start
    return self._runMainLoop(rootJobDescription)
  File &quot;/home/michael/common-workflow-language/toil5.6.0/lib/python3.10/site-packages/toil/common.py&quot;, line 1278, in _runMainLoop
    jobCache=self._jobCache).run()
  File &quot;/home/michael/common-workflow-language/toil5.6.0/lib/python3.10/site-packages/toil/leader.py&quot;, line 289, in run
    raise FailedJobsException(self.jobStore, failed_jobs, exit_code=self.recommended_fail_exit_code)
toil.leader.FailedJobsException: The job store '/tmp/tmp0hxbtbrn' contains 2 failed jobs: 'CWLWorkflow' kind-CWLWorkflow/instance-m47yjm1h v2, 'ResolveIndirect' kind-ResolveIndirect/instance-29jsxrol v6
Log from job &quot;'ResolveIndirect' kind-ResolveIndirect/instance-29jsxrol v6&quot; follows:
=========&gt;
	[2022-05-12T15:30:17+0200] [MainThread] [I] [toil.worker] ---TOIL WORKER OUTPUT LOG---
	[2022-05-12T15:30:17+0200] [MainThread] [I] [toil] Running Toil version 5.6.0-c34146a6437e4407a61e946e968bcce67a0ebbca on host mrc-tux.
	[2022-05-12T15:30:17+0200] [MainThread] [I] [toil.worker] Working on job 'ResolveIndirect' kind-ResolveIndirect/instance-29jsxrol v4
	[2022-05-12T15:30:18+0200] [MainThread] [I] [toil.worker] Loaded body Job('ResolveIndirect' kind-ResolveIndirect/instance-29jsxrol v4) from description 'ResolveIndirect' kind-ResolveIndirect/instance-29jsxrol v4
	Traceback (most recent call last):
	  File &quot;/home/michael/common-workflow-language/toil5.6.0/lib/python3.10/site-packages/toil/worker.py&quot;, line 405, in workerScript
	    job._runner(jobGraph=None, jobStore=jobStore, fileStore=fileStore, defer=defer)
	  File &quot;/home/michael/common-workflow-language/toil5.6.0/lib/python3.10/site-packages/toil/job.py&quot;, line 2399, in _runner
	    returnValues = self._run(jobGraph=None, fileStore=fileStore)
	  File &quot;/home/michael/common-workflow-language/toil5.6.0/lib/python3.10/site-packages/toil/job.py&quot;, line 2317, in _run
	    return self.run(fileStore)
	  File &quot;/home/michael/common-workflow-language/toil5.6.0/lib/python3.10/site-packages/toil/cwl/cwltoil.py&quot;, line 1660, in run
	    return resolve_dict_w_promises(self.cwljob)
	  File &quot;/home/michael/common-workflow-language/toil5.6.0/lib/python3.10/site-packages/toil/cwl/cwltoil.py&quot;, line 555, in resolve_dict_w_promises
	    first_pass_results: CWLObjectType = {
	  File &quot;/home/michael/common-workflow-language/toil5.6.0/lib/python3.10/site-packages/toil/cwl/cwltoil.py&quot;, line 556, in &lt;dictcomp&gt;
	    k: v.resolve() for k, v in dict_w_promises.items()
	  File &quot;/home/michael/common-workflow-language/toil5.6.0/lib/python3.10/site-packages/toil/cwl/cwltoil.py&quot;, line 337, in resolve
	    result = self.pick_value(result)
	  File &quot;/home/michael/common-workflow-language/toil5.6.0/lib/python3.10/site-packages/toil/cwl/cwltoil.py&quot;, line 389, in pick_value
	    raise cwltool.errors.WorkflowException(
	cwltool.errors.WorkflowException: Workflow output 'out1': first_non_null operator found no non-null values
	[2022-05-12T15:30:18+0200] [MainThread] [E] [toil.worker] Exiting the worker because of a failed job on host mrc-tux
&lt;=========
</system-err>
		</testcase>
		<testcase name="pickValue: first_non_null second item is non null" time="11.188865" class="conditional, inline_javascript, multiple_input, workflow" file="first_non_null_second_non_null" url="cwltest:conformance_tests#270">
			<system-out>{
    &quot;out1&quot;: &quot;foo 3&quot;
}</system-out>
			<system-err>[2022-05-12T15:30:11+0200] [MainThread] [I] [cwltool] Resolved 'tests/conditionals/cond-wf-003.1.cwl' to 'file:///home/michael/cwl-v1.2/tests/conditionals/cond-wf-003.1.cwl'
[2022-05-12T15:30:16+0200] [MainThread] [W] [cwltool] Workflow checker warning:
tests/conditionals/cond-wf-003.1.cwl:11:7: 'a_new_var' is not an input parameter of
                                           file:///home/michael/cwl-v1.2/tests/conditionals/foo.cwl,
                                           expected in1
[2022-05-12T15:30:16+0200] [MainThread] [I] [toil.job] Saving graph of 2 jobs, 2 new
[2022-05-12T15:30:16+0200] [MainThread] [I] [toil.job] Processing job 'ResolveIndirect' kind-ResolveIndirect/instance-n8t08qsc v0
[2022-05-12T15:30:16+0200] [MainThread] [I] [toil.job] Processing job 'CWLWorkflow' kind-CWLWorkflow/instance-wfavcj9e v0
[2022-05-12T15:30:16+0200] [MainThread] [I] [toil] Running Toil version 5.6.0-c34146a6437e4407a61e946e968bcce67a0ebbca on host mrc-tux.
[2022-05-12T15:30:17+0200] [MainThread] [I] [toil.worker] Redirecting logging to /tmp/9bd1c61c2d055d10baf1032ae0fb1711/3477/worker_log.txt
[2022-05-12T15:30:17+0200] [MainThread] [I] [toil.leader] 0 jobs are running, 0 jobs are issued and waiting to run
[2022-05-12T15:30:17+0200] [MainThread] [I] [toil.leader] Issued job 'CWLJob' cond-wf-003.1.cwl.step2.foo.cwl kind-CWLJob/instance-ky582h3e v1 with job batch system ID: 1 and cores: 1, disk: 3.0 Gi, and memory: 2.0 Gi
[2022-05-12T15:30:17+0200] [MainThread] [I] [toil.leader] Issued job 'CWLJob' cond-wf-003.1.cwl.step1.foo.cwl kind-CWLJob/instance-lua8lgds v1 with job batch system ID: 2 and cores: 1, disk: 3.0 Gi, and memory: 2.0 Gi
[2022-05-12T15:30:17+0200] [MainThread] [I] [toil.worker] Redirecting logging to /tmp/9bd1c61c2d055d10baf1032ae0fb1711/d565/worker_log.txt
[2022-05-12T15:30:17+0200] [MainThread] [I] [toil.worker] Redirecting logging to /tmp/9bd1c61c2d055d10baf1032ae0fb1711/bef1/worker_log.txt
[2022-05-12T15:30:19+0200] [MainThread] [I] [toil.worker] Redirecting logging to /tmp/9bd1c61c2d055d10baf1032ae0fb1711/6200/worker_log.txt
[2022-05-12T15:30:19+0200] [MainThread] [I] [toil.worker] Redirecting logging to /tmp/9bd1c61c2d055d10baf1032ae0fb1711/b21a/worker_log.txt
[2022-05-12T15:30:21+0200] [MainThread] [I] [toil.leader] Finished toil run successfully.
[2022-05-12T15:30:21+0200] [MainThread] [I] [toil.common] Successfully deleted the job store: FileJobStore(/tmp/tmp8md6y337)
</system-err>
		</testcase>
		<testcase name="pickvalue: the_only_non_null will pass, only for false condition" time="8.369366" class="conditional, inline_javascript, multiple_input, workflow" file="pass_through_required_the_only_non_null" url="cwltest:conformance_tests#271">
			<system-out>{
    &quot;out1&quot;: &quot;Direct&quot;
}</system-out>
			<system-err>[2022-05-12T15:30:17+0200] [MainThread] [I] [cwltool] Resolved 'tests/conditionals/cond-wf-004.cwl' to 'file:///home/michael/cwl-v1.2/tests/conditionals/cond-wf-004.cwl'
[2022-05-12T15:30:21+0200] [MainThread] [I] [toil.job] Saving graph of 2 jobs, 2 new
[2022-05-12T15:30:21+0200] [MainThread] [I] [toil.job] Processing job 'ResolveIndirect' kind-ResolveIndirect/instance-ksk1pvw3 v0
[2022-05-12T15:30:21+0200] [MainThread] [I] [toil.job] Processing job 'CWLWorkflow' kind-CWLWorkflow/instance-z09v0qqf v0
[2022-05-12T15:30:21+0200] [MainThread] [I] [toil] Running Toil version 5.6.0-c34146a6437e4407a61e946e968bcce67a0ebbca on host mrc-tux.
[2022-05-12T15:30:21+0200] [MainThread] [I] [toil.worker] Redirecting logging to /tmp/bebedc7bab4b5eb1b97273347f445d35/27b5/worker_log.txt
[2022-05-12T15:30:21+0200] [MainThread] [I] [toil.leader] 0 jobs are running, 0 jobs are issued and waiting to run
[2022-05-12T15:30:21+0200] [MainThread] [I] [toil.leader] Issued job 'CWLJob' cond-wf-004.cwl.step1.foo.cwl kind-CWLJob/instance-ay56p_nb v1 with job batch system ID: 1 and cores: 1, disk: 3.0 Gi, and memory: 2.0 Gi
[2022-05-12T15:30:22+0200] [MainThread] [I] [toil.worker] Redirecting logging to /tmp/bebedc7bab4b5eb1b97273347f445d35/0e86/worker_log.txt
[2022-05-12T15:30:23+0200] [MainThread] [I] [toil.worker] Redirecting logging to /tmp/bebedc7bab4b5eb1b97273347f445d35/8b57/worker_log.txt
[2022-05-12T15:30:23+0200] [MainThread] [I] [toil.worker] Redirecting logging to /tmp/bebedc7bab4b5eb1b97273347f445d35/625a/worker_log.txt
[2022-05-12T15:30:25+0200] [MainThread] [I] [toil.leader] Finished toil run successfully.
[2022-05-12T15:30:25+0200] [MainThread] [I] [toil.common] Successfully deleted the job store: FileJobStore(/tmp/tmpus3lxm8l)
</system-err>
		</testcase>
		<testcase name="pickValue: the_only_non_null will fail due to multiple non nulls" time="12.992527" class="conditional, inline_javascript, multiple_input, workflow" file="pass_through_required_fail" url="cwltest:conformance_tests#272">
			<system-err>[2022-05-12T15:30:19+0200] [MainThread] [I] [cwltool] Resolved 'tests/conditionals/cond-wf-004.cwl' to 'file:///home/michael/cwl-v1.2/tests/conditionals/cond-wf-004.cwl'
[2022-05-12T15:30:22+0200] [MainThread] [I] [toil.job] Saving graph of 2 jobs, 2 new
[2022-05-12T15:30:22+0200] [MainThread] [I] [toil.job] Processing job 'ResolveIndirect' kind-ResolveIndirect/instance-3tsttl84 v0
[2022-05-12T15:30:22+0200] [MainThread] [I] [toil.job] Processing job 'CWLWorkflow' kind-CWLWorkflow/instance-xcehvnts v0
[2022-05-12T15:30:22+0200] [MainThread] [I] [toil] Running Toil version 5.6.0-c34146a6437e4407a61e946e968bcce67a0ebbca on host mrc-tux.
[2022-05-12T15:30:22+0200] [MainThread] [I] [toil.worker] Redirecting logging to /tmp/16dc09d46be65d1490132fdbfe37b8a7/2034/worker_log.txt
[2022-05-12T15:30:23+0200] [MainThread] [I] [toil.leader] 0 jobs are running, 0 jobs are issued and waiting to run
[2022-05-12T15:30:23+0200] [MainThread] [I] [toil.leader] Issued job 'CWLJob' cond-wf-004.cwl.step1.foo.cwl kind-CWLJob/instance-pkg1udy9 v1 with job batch system ID: 1 and cores: 1, disk: 3.0 Gi, and memory: 2.0 Gi
[2022-05-12T15:30:23+0200] [MainThread] [I] [toil.worker] Redirecting logging to /tmp/16dc09d46be65d1490132fdbfe37b8a7/13db/worker_log.txt
[2022-05-12T15:30:24+0200] [MainThread] [I] [toil.worker] Redirecting logging to /tmp/16dc09d46be65d1490132fdbfe37b8a7/5870/worker_log.txt
[2022-05-12T15:30:24+0200] [Thread-2 (daddy)] [E] [toil.batchSystems.singleMachine] Got exit code 1 (indicating failure) from job _toil_worker ResolveIndirect file:/tmp/tmp441i5dex kind-ResolveIndirect/instance-3tsttl84.
[2022-05-12T15:30:24+0200] [MainThread] [W] [toil.leader] Job failed with exit value 1: 'ResolveIndirect' kind-ResolveIndirect/instance-3tsttl84 v1
Exit reason: None
[2022-05-12T15:30:24+0200] [MainThread] [W] [toil.leader] The job seems to have left a log file, indicating failure: 'ResolveIndirect' kind-ResolveIndirect/instance-3tsttl84 v2
[2022-05-12T15:30:24+0200] [MainThread] [W] [toil.leader] Log from job &quot;kind-ResolveIndirect/instance-3tsttl84&quot; follows:
=========&gt;
	[2022-05-12T15:30:24+0200] [MainThread] [I] [toil.worker] ---TOIL WORKER OUTPUT LOG---
	[2022-05-12T15:30:24+0200] [MainThread] [I] [toil] Running Toil version 5.6.0-c34146a6437e4407a61e946e968bcce67a0ebbca on host mrc-tux.
	[2022-05-12T15:30:24+0200] [MainThread] [I] [toil.worker] Working on job 'ResolveIndirect' kind-ResolveIndirect/instance-3tsttl84 v1
	[2022-05-12T15:30:24+0200] [MainThread] [I] [toil.worker] Loaded body Job('ResolveIndirect' kind-ResolveIndirect/instance-3tsttl84 v1) from description 'ResolveIndirect' kind-ResolveIndirect/instance-3tsttl84 v1
	Traceback (most recent call last):
	  File &quot;/home/michael/common-workflow-language/toil5.6.0/lib/python3.10/site-packages/toil/worker.py&quot;, line 405, in workerScript
	    job._runner(jobGraph=None, jobStore=jobStore, fileStore=fileStore, defer=defer)
	  File &quot;/home/michael/common-workflow-language/toil5.6.0/lib/python3.10/site-packages/toil/job.py&quot;, line 2399, in _runner
	    returnValues = self._run(jobGraph=None, fileStore=fileStore)
	  File &quot;/home/michael/common-workflow-language/toil5.6.0/lib/python3.10/site-packages/toil/job.py&quot;, line 2317, in _run
	    return self.run(fileStore)
	  File &quot;/home/michael/common-workflow-language/toil5.6.0/lib/python3.10/site-packages/toil/cwl/cwltoil.py&quot;, line 1660, in run
	    return resolve_dict_w_promises(self.cwljob)
	  File &quot;/home/michael/common-workflow-language/toil5.6.0/lib/python3.10/site-packages/toil/cwl/cwltoil.py&quot;, line 555, in resolve_dict_w_promises
	    first_pass_results: CWLObjectType = {
	  File &quot;/home/michael/common-workflow-language/toil5.6.0/lib/python3.10/site-packages/toil/cwl/cwltoil.py&quot;, line 556, in &lt;dictcomp&gt;
	    k: v.resolve() for k, v in dict_w_promises.items()
	  File &quot;/home/michael/common-workflow-language/toil5.6.0/lib/python3.10/site-packages/toil/cwl/cwltoil.py&quot;, line 337, in resolve
	    result = self.pick_value(result)
	  File &quot;/home/michael/common-workflow-language/toil5.6.0/lib/python3.10/site-packages/toil/cwl/cwltoil.py&quot;, line 402, in pick_value
	    raise cwltool.errors.WorkflowException(
	cwltool.errors.WorkflowException: Workflow output 'out1': the_only_non_null operator found more than one non-null values
	[2022-05-12T15:30:24+0200] [MainThread] [E] [toil.worker] Exiting the worker because of a failed job on host mrc-tux
&lt;=========
[2022-05-12T15:30:24+0200] [MainThread] [W] [toil.job] Due to failure we are reducing the remaining try count of job 'ResolveIndirect' kind-ResolveIndirect/instance-3tsttl84 v2 with ID kind-ResolveIndirect/instance-3tsttl84 to 1
[2022-05-12T15:30:24+0200] [MainThread] [W] [toil.job] We have increased the default memory of the failed job 'ResolveIndirect' kind-ResolveIndirect/instance-3tsttl84 v2 to 2147483648 bytes
[2022-05-12T15:30:24+0200] [MainThread] [W] [toil.job] We have increased the disk of the failed job 'ResolveIndirect' kind-ResolveIndirect/instance-3tsttl84 v2 to the default of 2147483648 bytes
[2022-05-12T15:30:25+0200] [MainThread] [I] [toil.worker] Redirecting logging to /tmp/16dc09d46be65d1490132fdbfe37b8a7/19bf/worker_log.txt
[2022-05-12T15:30:25+0200] [Thread-2 (daddy)] [E] [toil.batchSystems.singleMachine] Got exit code 1 (indicating failure) from job _toil_worker ResolveIndirect file:/tmp/tmp441i5dex kind-ResolveIndirect/instance-3tsttl84.
[2022-05-12T15:30:25+0200] [MainThread] [W] [toil.leader] Job failed with exit value 1: 'ResolveIndirect' kind-ResolveIndirect/instance-3tsttl84 v3
Exit reason: None
[2022-05-12T15:30:25+0200] [MainThread] [W] [toil.leader] The job seems to have left a log file, indicating failure: 'ResolveIndirect' kind-ResolveIndirect/instance-3tsttl84 v5
[2022-05-12T15:30:25+0200] [MainThread] [W] [toil.leader] Log from job &quot;kind-ResolveIndirect/instance-3tsttl84&quot; follows:
=========&gt;
	[2022-05-12T15:30:25+0200] [MainThread] [I] [toil.worker] ---TOIL WORKER OUTPUT LOG---
	[2022-05-12T15:30:25+0200] [MainThread] [I] [toil] Running Toil version 5.6.0-c34146a6437e4407a61e946e968bcce67a0ebbca on host mrc-tux.
	[2022-05-12T15:30:25+0200] [MainThread] [I] [toil.worker] Working on job 'ResolveIndirect' kind-ResolveIndirect/instance-3tsttl84 v4
	[2022-05-12T15:30:25+0200] [MainThread] [I] [toil.worker] Loaded body Job('ResolveIndirect' kind-ResolveIndirect/instance-3tsttl84 v4) from description 'ResolveIndirect' kind-ResolveIndirect/instance-3tsttl84 v4
	Traceback (most recent call last):
	  File &quot;/home/michael/common-workflow-language/toil5.6.0/lib/python3.10/site-packages/toil/worker.py&quot;, line 405, in workerScript
	    job._runner(jobGraph=None, jobStore=jobStore, fileStore=fileStore, defer=defer)
	  File &quot;/home/michael/common-workflow-language/toil5.6.0/lib/python3.10/site-packages/toil/job.py&quot;, line 2399, in _runner
	    returnValues = self._run(jobGraph=None, fileStore=fileStore)
	  File &quot;/home/michael/common-workflow-language/toil5.6.0/lib/python3.10/site-packages/toil/job.py&quot;, line 2317, in _run
	    return self.run(fileStore)
	  File &quot;/home/michael/common-workflow-language/toil5.6.0/lib/python3.10/site-packages/toil/cwl/cwltoil.py&quot;, line 1660, in run
	    return resolve_dict_w_promises(self.cwljob)
	  File &quot;/home/michael/common-workflow-language/toil5.6.0/lib/python3.10/site-packages/toil/cwl/cwltoil.py&quot;, line 555, in resolve_dict_w_promises
	    first_pass_results: CWLObjectType = {
	  File &quot;/home/michael/common-workflow-language/toil5.6.0/lib/python3.10/site-packages/toil/cwl/cwltoil.py&quot;, line 556, in &lt;dictcomp&gt;
	    k: v.resolve() for k, v in dict_w_promises.items()
	  File &quot;/home/michael/common-workflow-language/toil5.6.0/lib/python3.10/site-packages/toil/cwl/cwltoil.py&quot;, line 337, in resolve
	    result = self.pick_value(result)
	  File &quot;/home/michael/common-workflow-language/toil5.6.0/lib/python3.10/site-packages/toil/cwl/cwltoil.py&quot;, line 402, in pick_value
	    raise cwltool.errors.WorkflowException(
	cwltool.errors.WorkflowException: Workflow output 'out1': the_only_non_null operator found more than one non-null values
	[2022-05-12T15:30:25+0200] [MainThread] [E] [toil.worker] Exiting the worker because of a failed job on host mrc-tux
&lt;=========
[2022-05-12T15:30:25+0200] [MainThread] [W] [toil.job] Due to failure we are reducing the remaining try count of job 'ResolveIndirect' kind-ResolveIndirect/instance-3tsttl84 v5 with ID kind-ResolveIndirect/instance-3tsttl84 to 0
[2022-05-12T15:30:25+0200] [MainThread] [W] [toil.leader] Job 'ResolveIndirect' kind-ResolveIndirect/instance-3tsttl84 v6 is completely failed
[2022-05-12T15:30:31+0200] [MainThread] [I] [toil.leader] Finished toil run with 2 failed jobs.
[2022-05-12T15:30:31+0200] [MainThread] [I] [toil.leader] Failed jobs at end of the run: 'CWLWorkflow' kind-CWLWorkflow/instance-xcehvnts v2 'ResolveIndirect' kind-ResolveIndirect/instance-3tsttl84 v6
Traceback (most recent call last):
  File &quot;/home/michael/common-workflow-language/toil5.6.0/bin/toil-cwl-runner&quot;, line 8, in &lt;module&gt;
    sys.exit(main())
  File &quot;/home/michael/common-workflow-language/toil5.6.0/lib/python3.10/site-packages/toil/cwl/cwltoil.py&quot;, line 3486, in main
    outobj = toil.start(wf1)
  File &quot;/home/michael/common-workflow-language/toil5.6.0/lib/python3.10/site-packages/toil/common.py&quot;, line 951, in start
    return self._runMainLoop(rootJobDescription)
  File &quot;/home/michael/common-workflow-language/toil5.6.0/lib/python3.10/site-packages/toil/common.py&quot;, line 1278, in _runMainLoop
    jobCache=self._jobCache).run()
  File &quot;/home/michael/common-workflow-language/toil5.6.0/lib/python3.10/site-packages/toil/leader.py&quot;, line 289, in run
    raise FailedJobsException(self.jobStore, failed_jobs, exit_code=self.recommended_fail_exit_code)
toil.leader.FailedJobsException: The job store '/tmp/tmp441i5dex' contains 2 failed jobs: 'CWLWorkflow' kind-CWLWorkflow/instance-xcehvnts v2, 'ResolveIndirect' kind-ResolveIndirect/instance-3tsttl84 v6
Log from job &quot;'ResolveIndirect' kind-ResolveIndirect/instance-3tsttl84 v6&quot; follows:
=========&gt;
	[2022-05-12T15:30:25+0200] [MainThread] [I] [toil.worker] ---TOIL WORKER OUTPUT LOG---
	[2022-05-12T15:30:25+0200] [MainThread] [I] [toil] Running Toil version 5.6.0-c34146a6437e4407a61e946e968bcce67a0ebbca on host mrc-tux.
	[2022-05-12T15:30:25+0200] [MainThread] [I] [toil.worker] Working on job 'ResolveIndirect' kind-ResolveIndirect/instance-3tsttl84 v4
	[2022-05-12T15:30:25+0200] [MainThread] [I] [toil.worker] Loaded body Job('ResolveIndirect' kind-ResolveIndirect/instance-3tsttl84 v4) from description 'ResolveIndirect' kind-ResolveIndirect/instance-3tsttl84 v4
	Traceback (most recent call last):
	  File &quot;/home/michael/common-workflow-language/toil5.6.0/lib/python3.10/site-packages/toil/worker.py&quot;, line 405, in workerScript
	    job._runner(jobGraph=None, jobStore=jobStore, fileStore=fileStore, defer=defer)
	  File &quot;/home/michael/common-workflow-language/toil5.6.0/lib/python3.10/site-packages/toil/job.py&quot;, line 2399, in _runner
	    returnValues = self._run(jobGraph=None, fileStore=fileStore)
	  File &quot;/home/michael/common-workflow-language/toil5.6.0/lib/python3.10/site-packages/toil/job.py&quot;, line 2317, in _run
	    return self.run(fileStore)
	  File &quot;/home/michael/common-workflow-language/toil5.6.0/lib/python3.10/site-packages/toil/cwl/cwltoil.py&quot;, line 1660, in run
	    return resolve_dict_w_promises(self.cwljob)
	  File &quot;/home/michael/common-workflow-language/toil5.6.0/lib/python3.10/site-packages/toil/cwl/cwltoil.py&quot;, line 555, in resolve_dict_w_promises
	    first_pass_results: CWLObjectType = {
	  File &quot;/home/michael/common-workflow-language/toil5.6.0/lib/python3.10/site-packages/toil/cwl/cwltoil.py&quot;, line 556, in &lt;dictcomp&gt;
	    k: v.resolve() for k, v in dict_w_promises.items()
	  File &quot;/home/michael/common-workflow-language/toil5.6.0/lib/python3.10/site-packages/toil/cwl/cwltoil.py&quot;, line 337, in resolve
	    result = self.pick_value(result)
	  File &quot;/home/michael/common-workflow-language/toil5.6.0/lib/python3.10/site-packages/toil/cwl/cwltoil.py&quot;, line 402, in pick_value
	    raise cwltool.errors.WorkflowException(
	cwltool.errors.WorkflowException: Workflow output 'out1': the_only_non_null operator found more than one non-null values
	[2022-05-12T15:30:25+0200] [MainThread] [E] [toil.worker] Exiting the worker because of a failed job on host mrc-tux
&lt;=========
</system-err>
		</testcase>
		<testcase name="pickValue: all_non_null will fail validation" time="3.994529" class="conditional, inline_javascript, multiple_input, workflow" file="all_non_null_multi_with_non_array_output" url="cwltest:conformance_tests#273">
			<system-err>[2022-05-12T15:30:22+0200] [MainThread] [I] [cwltool] Resolved 'tests/conditionals/cond-wf-005.cwl' to 'file:///home/michael/cwl-v1.2/tests/conditionals/cond-wf-005.cwl'
Traceback (most recent call last):
  File &quot;/home/michael/common-workflow-language/toil5.6.0/bin/toil-cwl-runner&quot;, line 8, in &lt;module&gt;
    sys.exit(main())
  File &quot;/home/michael/common-workflow-language/toil5.6.0/lib/python3.10/site-packages/toil/cwl/cwltoil.py&quot;, line 3354, in main
    tool = cwltool.load_tool.make_tool(uri, loading_context)
  File &quot;/home/michael/common-workflow-language/toil5.6.0/lib/python3.10/site-packages/cwltool/load_tool.py&quot;, line 470, in make_tool
    tool = loadingContext.construct_tool_object(processobj, loadingContext)
  File &quot;/home/michael/common-workflow-language/toil5.6.0/lib/python3.10/site-packages/toil/cwl/cwltoil.py&quot;, line 971, in toil_make_tool
    return cwltool.workflow.default_make_tool(toolpath_object, loadingContext)
  File &quot;/home/michael/common-workflow-language/toil5.6.0/lib/python3.10/site-packages/cwltool/workflow.py&quot;, line 51, in default_make_tool
    return Workflow(toolpath_object, loadingContext)
  File &quot;/home/michael/common-workflow-language/toil5.6.0/lib/python3.10/site-packages/cwltool/workflow.py&quot;, line 135, in __init__
    static_checker(
  File &quot;/home/michael/common-workflow-language/toil5.6.0/lib/python3.10/site-packages/cwltool/checker.py&quot;, line 331, in static_checker
    raise ValidationException(all_exception_msg)
schema_salad.exceptions.ValidationException: 
tests/conditionals/cond-wf-005.cwl:17:11: Source 'out1' of type &quot;string&quot; is incompatible
tests/conditionals/cond-wf-005.cwl:21:5:     with sink 'out1' of type &quot;string&quot;
                                            pickValue is: all_non_null
                                            source has linkMerge method merge_nested
tests/conditionals/cond-wf-005.cwl:6:5:     Source 'def' of type &quot;string&quot; is incompatible
tests/conditionals/cond-wf-005.cwl:21:5:     with sink 'out1' of type &quot;string&quot;
                                            pickValue is: all_non_null
                                            source has linkMerge method merge_nested
</system-err>
		</testcase>
		<testcase name="pickValue: the_only_non_null will pass for only one active node" time="10.385386" class="conditional, inline_javascript, multiple_input, workflow" file="the_only_non_null_single_true" url="cwltest:conformance_tests#274">
			<system-out>{
    &quot;out1&quot;: &quot;bar 1&quot;
}</system-out>
			<system-err>[2022-05-12T15:30:24+0200] [MainThread] [I] [cwltool] Resolved 'tests/conditionals/cond-wf-006.cwl' to 'file:///home/michael/cwl-v1.2/tests/conditionals/cond-wf-006.cwl'
[2022-05-12T15:30:29+0200] [MainThread] [I] [toil.job] Saving graph of 2 jobs, 2 new
[2022-05-12T15:30:29+0200] [MainThread] [I] [toil.job] Processing job 'ResolveIndirect' kind-ResolveIndirect/instance-k7cvcihs v0
[2022-05-12T15:30:29+0200] [MainThread] [I] [toil.job] Processing job 'CWLWorkflow' kind-CWLWorkflow/instance-u5b3sw4p v0
[2022-05-12T15:30:29+0200] [MainThread] [I] [toil] Running Toil version 5.6.0-c34146a6437e4407a61e946e968bcce67a0ebbca on host mrc-tux.
[2022-05-12T15:30:29+0200] [MainThread] [I] [toil.worker] Redirecting logging to /tmp/d7d1761bc87b513fa41190241f025f02/8c7b/worker_log.txt
[2022-05-12T15:30:30+0200] [MainThread] [I] [toil.leader] 0 jobs are running, 0 jobs are issued and waiting to run
[2022-05-12T15:30:30+0200] [MainThread] [I] [toil.leader] Issued job 'CWLJob' cond-wf-006.cwl.step1.foo.cwl kind-CWLJob/instance-ss6sx52d v1 with job batch system ID: 1 and cores: 1, disk: 3.0 Gi, and memory: 2.0 Gi
[2022-05-12T15:30:30+0200] [MainThread] [I] [toil.leader] Issued job 'CWLJob' cond-wf-006.cwl.step2.bar.cwl kind-CWLJob/instance-88ll9va3 v1 with job batch system ID: 2 and cores: 1, disk: 3.0 Gi, and memory: 2.0 Gi
[2022-05-12T15:30:30+0200] [MainThread] [I] [toil.worker] Redirecting logging to /tmp/d7d1761bc87b513fa41190241f025f02/557e/worker_log.txt
[2022-05-12T15:30:30+0200] [MainThread] [I] [toil.worker] Redirecting logging to /tmp/d7d1761bc87b513fa41190241f025f02/c740/worker_log.txt
[2022-05-12T15:30:32+0200] [MainThread] [I] [toil.worker] Redirecting logging to /tmp/d7d1761bc87b513fa41190241f025f02/a007/worker_log.txt
[2022-05-12T15:30:33+0200] [MainThread] [I] [toil.worker] Redirecting logging to /tmp/d7d1761bc87b513fa41190241f025f02/51bf/worker_log.txt
[2022-05-12T15:30:34+0200] [MainThread] [I] [toil.leader] Finished toil run successfully.
[2022-05-12T15:30:34+0200] [MainThread] [I] [toil.common] Successfully deleted the job store: FileJobStore(/tmp/tmpafv8xp5k)
</system-err>
		</testcase>
		<testcase name="pickValue: the_only_non_null will fail with two active nodes" time="14.189867" class="conditional, inline_javascript, multiple_input, workflow" file="the_only_non_null_multi_true" url="cwltest:conformance_tests#275">
			<system-err>[2022-05-12T15:30:25+0200] [MainThread] [I] [cwltool] Resolved 'tests/conditionals/cond-wf-006.cwl' to 'file:///home/michael/cwl-v1.2/tests/conditionals/cond-wf-006.cwl'
[2022-05-12T15:30:30+0200] [MainThread] [I] [toil.job] Saving graph of 2 jobs, 2 new
[2022-05-12T15:30:30+0200] [MainThread] [I] [toil.job] Processing job 'ResolveIndirect' kind-ResolveIndirect/instance-ov_ikg7y v0
[2022-05-12T15:30:30+0200] [MainThread] [I] [toil.job] Processing job 'CWLWorkflow' kind-CWLWorkflow/instance-62j3g8pg v0
[2022-05-12T15:30:30+0200] [MainThread] [I] [toil] Running Toil version 5.6.0-c34146a6437e4407a61e946e968bcce67a0ebbca on host mrc-tux.
[2022-05-12T15:30:30+0200] [MainThread] [I] [toil.worker] Redirecting logging to /tmp/0cd3fdc39a0758829a1a8c5a1c56b7a1/dca8/worker_log.txt
[2022-05-12T15:30:31+0200] [MainThread] [I] [toil.leader] 0 jobs are running, 0 jobs are issued and waiting to run
[2022-05-12T15:30:31+0200] [MainThread] [I] [toil.leader] Issued job 'CWLJob' cond-wf-006.cwl.step1.foo.cwl kind-CWLJob/instance-8rf1lea0 v1 with job batch system ID: 1 and cores: 1, disk: 3.0 Gi, and memory: 2.0 Gi
[2022-05-12T15:30:31+0200] [MainThread] [I] [toil.leader] Issued job 'CWLJob' cond-wf-006.cwl.step2.bar.cwl kind-CWLJob/instance-pnf_mf2a v1 with job batch system ID: 2 and cores: 1, disk: 3.0 Gi, and memory: 2.0 Gi
[2022-05-12T15:30:31+0200] [MainThread] [I] [toil.worker] Redirecting logging to /tmp/0cd3fdc39a0758829a1a8c5a1c56b7a1/e6d0/worker_log.txt
[2022-05-12T15:30:31+0200] [MainThread] [I] [toil.worker] Redirecting logging to /tmp/0cd3fdc39a0758829a1a8c5a1c56b7a1/1642/worker_log.txt
[2022-05-12T15:30:33+0200] [MainThread] [I] [toil.worker] Redirecting logging to /tmp/0cd3fdc39a0758829a1a8c5a1c56b7a1/a5f0/worker_log.txt
[2022-05-12T15:30:33+0200] [Thread-3 (daddy)] [E] [toil.batchSystems.singleMachine] Got exit code 1 (indicating failure) from job _toil_worker ResolveIndirect file:/tmp/tmpsfrja4tx kind-ResolveIndirect/instance-ov_ikg7y.
[2022-05-12T15:30:33+0200] [MainThread] [W] [toil.leader] Job failed with exit value 1: 'ResolveIndirect' kind-ResolveIndirect/instance-ov_ikg7y v1
Exit reason: None
[2022-05-12T15:30:33+0200] [MainThread] [W] [toil.leader] The job seems to have left a log file, indicating failure: 'ResolveIndirect' kind-ResolveIndirect/instance-ov_ikg7y v2
[2022-05-12T15:30:33+0200] [MainThread] [W] [toil.leader] Log from job &quot;kind-ResolveIndirect/instance-ov_ikg7y&quot; follows:
=========&gt;
	[2022-05-12T15:30:33+0200] [MainThread] [I] [toil.worker] ---TOIL WORKER OUTPUT LOG---
	[2022-05-12T15:30:33+0200] [MainThread] [I] [toil] Running Toil version 5.6.0-c34146a6437e4407a61e946e968bcce67a0ebbca on host mrc-tux.
	[2022-05-12T15:30:33+0200] [MainThread] [I] [toil.worker] Working on job 'ResolveIndirect' kind-ResolveIndirect/instance-ov_ikg7y v1
	[2022-05-12T15:30:33+0200] [MainThread] [I] [toil.worker] Loaded body Job('ResolveIndirect' kind-ResolveIndirect/instance-ov_ikg7y v1) from description 'ResolveIndirect' kind-ResolveIndirect/instance-ov_ikg7y v1
	Traceback (most recent call last):
	  File &quot;/home/michael/common-workflow-language/toil5.6.0/lib/python3.10/site-packages/toil/worker.py&quot;, line 405, in workerScript
	    job._runner(jobGraph=None, jobStore=jobStore, fileStore=fileStore, defer=defer)
	  File &quot;/home/michael/common-workflow-language/toil5.6.0/lib/python3.10/site-packages/toil/job.py&quot;, line 2399, in _runner
	    returnValues = self._run(jobGraph=None, fileStore=fileStore)
	  File &quot;/home/michael/common-workflow-language/toil5.6.0/lib/python3.10/site-packages/toil/job.py&quot;, line 2317, in _run
	    return self.run(fileStore)
	  File &quot;/home/michael/common-workflow-language/toil5.6.0/lib/python3.10/site-packages/toil/cwl/cwltoil.py&quot;, line 1660, in run
	    return resolve_dict_w_promises(self.cwljob)
	  File &quot;/home/michael/common-workflow-language/toil5.6.0/lib/python3.10/site-packages/toil/cwl/cwltoil.py&quot;, line 555, in resolve_dict_w_promises
	    first_pass_results: CWLObjectType = {
	  File &quot;/home/michael/common-workflow-language/toil5.6.0/lib/python3.10/site-packages/toil/cwl/cwltoil.py&quot;, line 556, in &lt;dictcomp&gt;
	    k: v.resolve() for k, v in dict_w_promises.items()
	  File &quot;/home/michael/common-workflow-language/toil5.6.0/lib/python3.10/site-packages/toil/cwl/cwltoil.py&quot;, line 337, in resolve
	    result = self.pick_value(result)
	  File &quot;/home/michael/common-workflow-language/toil5.6.0/lib/python3.10/site-packages/toil/cwl/cwltoil.py&quot;, line 402, in pick_value
	    raise cwltool.errors.WorkflowException(
	cwltool.errors.WorkflowException: Workflow output 'out1': the_only_non_null operator found more than one non-null values
	[2022-05-12T15:30:33+0200] [MainThread] [E] [toil.worker] Exiting the worker because of a failed job on host mrc-tux
&lt;=========
[2022-05-12T15:30:33+0200] [MainThread] [W] [toil.job] Due to failure we are reducing the remaining try count of job 'ResolveIndirect' kind-ResolveIndirect/instance-ov_ikg7y v2 with ID kind-ResolveIndirect/instance-ov_ikg7y to 1
[2022-05-12T15:30:33+0200] [MainThread] [W] [toil.job] We have increased the default memory of the failed job 'ResolveIndirect' kind-ResolveIndirect/instance-ov_ikg7y v2 to 2147483648 bytes
[2022-05-12T15:30:33+0200] [MainThread] [W] [toil.job] We have increased the disk of the failed job 'ResolveIndirect' kind-ResolveIndirect/instance-ov_ikg7y v2 to the default of 2147483648 bytes
[2022-05-12T15:30:33+0200] [MainThread] [I] [toil.worker] Redirecting logging to /tmp/0cd3fdc39a0758829a1a8c5a1c56b7a1/6666/worker_log.txt
[2022-05-12T15:30:34+0200] [Thread-3 (daddy)] [E] [toil.batchSystems.singleMachine] Got exit code 1 (indicating failure) from job _toil_worker ResolveIndirect file:/tmp/tmpsfrja4tx kind-ResolveIndirect/instance-ov_ikg7y.
[2022-05-12T15:30:34+0200] [MainThread] [W] [toil.leader] Job failed with exit value 1: 'ResolveIndirect' kind-ResolveIndirect/instance-ov_ikg7y v3
Exit reason: None
[2022-05-12T15:30:34+0200] [MainThread] [W] [toil.leader] The job seems to have left a log file, indicating failure: 'ResolveIndirect' kind-ResolveIndirect/instance-ov_ikg7y v5
[2022-05-12T15:30:34+0200] [MainThread] [W] [toil.leader] Log from job &quot;kind-ResolveIndirect/instance-ov_ikg7y&quot; follows:
=========&gt;
	[2022-05-12T15:30:33+0200] [MainThread] [I] [toil.worker] ---TOIL WORKER OUTPUT LOG---
	[2022-05-12T15:30:33+0200] [MainThread] [I] [toil] Running Toil version 5.6.0-c34146a6437e4407a61e946e968bcce67a0ebbca on host mrc-tux.
	[2022-05-12T15:30:33+0200] [MainThread] [I] [toil.worker] Working on job 'ResolveIndirect' kind-ResolveIndirect/instance-ov_ikg7y v4
	[2022-05-12T15:30:34+0200] [MainThread] [I] [toil.worker] Loaded body Job('ResolveIndirect' kind-ResolveIndirect/instance-ov_ikg7y v4) from description 'ResolveIndirect' kind-ResolveIndirect/instance-ov_ikg7y v4
	Traceback (most recent call last):
	  File &quot;/home/michael/common-workflow-language/toil5.6.0/lib/python3.10/site-packages/toil/worker.py&quot;, line 405, in workerScript
	    job._runner(jobGraph=None, jobStore=jobStore, fileStore=fileStore, defer=defer)
	  File &quot;/home/michael/common-workflow-language/toil5.6.0/lib/python3.10/site-packages/toil/job.py&quot;, line 2399, in _runner
	    returnValues = self._run(jobGraph=None, fileStore=fileStore)
	  File &quot;/home/michael/common-workflow-language/toil5.6.0/lib/python3.10/site-packages/toil/job.py&quot;, line 2317, in _run
	    return self.run(fileStore)
	  File &quot;/home/michael/common-workflow-language/toil5.6.0/lib/python3.10/site-packages/toil/cwl/cwltoil.py&quot;, line 1660, in run
	    return resolve_dict_w_promises(self.cwljob)
	  File &quot;/home/michael/common-workflow-language/toil5.6.0/lib/python3.10/site-packages/toil/cwl/cwltoil.py&quot;, line 555, in resolve_dict_w_promises
	    first_pass_results: CWLObjectType = {
	  File &quot;/home/michael/common-workflow-language/toil5.6.0/lib/python3.10/site-packages/toil/cwl/cwltoil.py&quot;, line 556, in &lt;dictcomp&gt;
	    k: v.resolve() for k, v in dict_w_promises.items()
	  File &quot;/home/michael/common-workflow-language/toil5.6.0/lib/python3.10/site-packages/toil/cwl/cwltoil.py&quot;, line 337, in resolve
	    result = self.pick_value(result)
	  File &quot;/home/michael/common-workflow-language/toil5.6.0/lib/python3.10/site-packages/toil/cwl/cwltoil.py&quot;, line 402, in pick_value
	    raise cwltool.errors.WorkflowException(
	cwltool.errors.WorkflowException: Workflow output 'out1': the_only_non_null operator found more than one non-null values
	[2022-05-12T15:30:34+0200] [MainThread] [E] [toil.worker] Exiting the worker because of a failed job on host mrc-tux
&lt;=========
[2022-05-12T15:30:34+0200] [MainThread] [W] [toil.job] Due to failure we are reducing the remaining try count of job 'ResolveIndirect' kind-ResolveIndirect/instance-ov_ikg7y v5 with ID kind-ResolveIndirect/instance-ov_ikg7y to 0
[2022-05-12T15:30:34+0200] [MainThread] [W] [toil.leader] Job 'ResolveIndirect' kind-ResolveIndirect/instance-ov_ikg7y v6 is completely failed
[2022-05-12T15:30:39+0200] [MainThread] [I] [toil.leader] Finished toil run with 2 failed jobs.
[2022-05-12T15:30:39+0200] [MainThread] [I] [toil.leader] Failed jobs at end of the run: 'ResolveIndirect' kind-ResolveIndirect/instance-ov_ikg7y v6 'CWLWorkflow' kind-CWLWorkflow/instance-62j3g8pg v2
Traceback (most recent call last):
  File &quot;/home/michael/common-workflow-language/toil5.6.0/bin/toil-cwl-runner&quot;, line 8, in &lt;module&gt;
    sys.exit(main())
  File &quot;/home/michael/common-workflow-language/toil5.6.0/lib/python3.10/site-packages/toil/cwl/cwltoil.py&quot;, line 3486, in main
    outobj = toil.start(wf1)
  File &quot;/home/michael/common-workflow-language/toil5.6.0/lib/python3.10/site-packages/toil/common.py&quot;, line 951, in start
    return self._runMainLoop(rootJobDescription)
  File &quot;/home/michael/common-workflow-language/toil5.6.0/lib/python3.10/site-packages/toil/common.py&quot;, line 1278, in _runMainLoop
    jobCache=self._jobCache).run()
  File &quot;/home/michael/common-workflow-language/toil5.6.0/lib/python3.10/site-packages/toil/leader.py&quot;, line 289, in run
    raise FailedJobsException(self.jobStore, failed_jobs, exit_code=self.recommended_fail_exit_code)
toil.leader.FailedJobsException: The job store '/tmp/tmpsfrja4tx' contains 2 failed jobs: 'ResolveIndirect' kind-ResolveIndirect/instance-ov_ikg7y v6, 'CWLWorkflow' kind-CWLWorkflow/instance-62j3g8pg v2
Log from job &quot;'ResolveIndirect' kind-ResolveIndirect/instance-ov_ikg7y v6&quot; follows:
=========&gt;
	[2022-05-12T15:30:33+0200] [MainThread] [I] [toil.worker] ---TOIL WORKER OUTPUT LOG---
	[2022-05-12T15:30:33+0200] [MainThread] [I] [toil] Running Toil version 5.6.0-c34146a6437e4407a61e946e968bcce67a0ebbca on host mrc-tux.
	[2022-05-12T15:30:33+0200] [MainThread] [I] [toil.worker] Working on job 'ResolveIndirect' kind-ResolveIndirect/instance-ov_ikg7y v4
	[2022-05-12T15:30:34+0200] [MainThread] [I] [toil.worker] Loaded body Job('ResolveIndirect' kind-ResolveIndirect/instance-ov_ikg7y v4) from description 'ResolveIndirect' kind-ResolveIndirect/instance-ov_ikg7y v4
	Traceback (most recent call last):
	  File &quot;/home/michael/common-workflow-language/toil5.6.0/lib/python3.10/site-packages/toil/worker.py&quot;, line 405, in workerScript
	    job._runner(jobGraph=None, jobStore=jobStore, fileStore=fileStore, defer=defer)
	  File &quot;/home/michael/common-workflow-language/toil5.6.0/lib/python3.10/site-packages/toil/job.py&quot;, line 2399, in _runner
	    returnValues = self._run(jobGraph=None, fileStore=fileStore)
	  File &quot;/home/michael/common-workflow-language/toil5.6.0/lib/python3.10/site-packages/toil/job.py&quot;, line 2317, in _run
	    return self.run(fileStore)
	  File &quot;/home/michael/common-workflow-language/toil5.6.0/lib/python3.10/site-packages/toil/cwl/cwltoil.py&quot;, line 1660, in run
	    return resolve_dict_w_promises(self.cwljob)
	  File &quot;/home/michael/common-workflow-language/toil5.6.0/lib/python3.10/site-packages/toil/cwl/cwltoil.py&quot;, line 555, in resolve_dict_w_promises
	    first_pass_results: CWLObjectType = {
	  File &quot;/home/michael/common-workflow-language/toil5.6.0/lib/python3.10/site-packages/toil/cwl/cwltoil.py&quot;, line 556, in &lt;dictcomp&gt;
	    k: v.resolve() for k, v in dict_w_promises.items()
	  File &quot;/home/michael/common-workflow-language/toil5.6.0/lib/python3.10/site-packages/toil/cwl/cwltoil.py&quot;, line 337, in resolve
	    result = self.pick_value(result)
	  File &quot;/home/michael/common-workflow-language/toil5.6.0/lib/python3.10/site-packages/toil/cwl/cwltoil.py&quot;, line 402, in pick_value
	    raise cwltool.errors.WorkflowException(
	cwltool.errors.WorkflowException: Workflow output 'out1': the_only_non_null operator found more than one non-null values
	[2022-05-12T15:30:34+0200] [MainThread] [E] [toil.worker] Exiting the worker because of a failed job on host mrc-tux
&lt;=========
</system-err>
		</testcase>
		<testcase name="pickValue: all_non_null will produce a list, even if empty" time="10.374502" class="conditional, inline_javascript, multiple_input, workflow" file="all_non_null_all_null" url="cwltest:conformance_tests#276">
			<system-out>{
    &quot;out1&quot;: []
}</system-out>
			<system-err>[2022-05-12T15:30:26+0200] [MainThread] [I] [cwltool] Resolved 'tests/conditionals/cond-wf-007.cwl' to 'file:///home/michael/cwl-v1.2/tests/conditionals/cond-wf-007.cwl'
[2022-05-12T15:30:30+0200] [MainThread] [I] [toil.job] Saving graph of 2 jobs, 2 new
[2022-05-12T15:30:30+0200] [MainThread] [I] [toil.job] Processing job 'ResolveIndirect' kind-ResolveIndirect/instance-yjkxm7h8 v0
[2022-05-12T15:30:30+0200] [MainThread] [I] [toil.job] Processing job 'CWLWorkflow' kind-CWLWorkflow/instance-k7x18808 v0
[2022-05-12T15:30:30+0200] [MainThread] [I] [toil] Running Toil version 5.6.0-c34146a6437e4407a61e946e968bcce67a0ebbca on host mrc-tux.
[2022-05-12T15:30:31+0200] [MainThread] [I] [toil.worker] Redirecting logging to /tmp/83e345c6fc3b58058198b40c9b550fff/98d7/worker_log.txt
[2022-05-12T15:30:31+0200] [MainThread] [I] [toil.leader] 0 jobs are running, 0 jobs are issued and waiting to run
[2022-05-12T15:30:31+0200] [MainThread] [I] [toil.leader] Issued job 'CWLJob' cond-wf-007.cwl.step1.foo.cwl kind-CWLJob/instance-qgv50k34 v1 with job batch system ID: 1 and cores: 1, disk: 3.0 Gi, and memory: 2.0 Gi
[2022-05-12T15:30:31+0200] [MainThread] [I] [toil.leader] Issued job 'CWLJob' cond-wf-007.cwl.step2.bar.cwl kind-CWLJob/instance-4i72t6ma v1 with job batch system ID: 2 and cores: 1, disk: 3.0 Gi, and memory: 2.0 Gi
[2022-05-12T15:30:32+0200] [MainThread] [I] [toil.worker] Redirecting logging to /tmp/83e345c6fc3b58058198b40c9b550fff/cb5c/worker_log.txt
[2022-05-12T15:30:32+0200] [MainThread] [I] [toil.worker] Redirecting logging to /tmp/83e345c6fc3b58058198b40c9b550fff/ed38/worker_log.txt
[2022-05-12T15:30:33+0200] [MainThread] [I] [toil.worker] Redirecting logging to /tmp/83e345c6fc3b58058198b40c9b550fff/a69a/worker_log.txt
[2022-05-12T15:30:34+0200] [MainThread] [I] [toil.worker] Redirecting logging to /tmp/83e345c6fc3b58058198b40c9b550fff/1f4b/worker_log.txt
[2022-05-12T15:30:35+0200] [MainThread] [I] [toil.leader] Finished toil run successfully.
[2022-05-12T15:30:35+0200] [MainThread] [I] [toil.common] Successfully deleted the job store: FileJobStore(/tmp/tmpqdhodtig)
</system-err>
		</testcase>
		<testcase name="pickValue: all_non_null will produce a list; even if single item list" time="10.893714" class="conditional, inline_javascript, multiple_input, workflow" file="all_non_null_one_non_null" url="cwltest:conformance_tests#277">
			<system-out>{
    &quot;out1&quot;: [
        &quot;bar 1&quot;
    ]
}</system-out>
			<system-err>[2022-05-12T15:30:32+0200] [MainThread] [I] [cwltool] Resolved 'tests/conditionals/cond-wf-007.cwl' to 'file:///home/michael/cwl-v1.2/tests/conditionals/cond-wf-007.cwl'
[2022-05-12T15:30:37+0200] [MainThread] [I] [toil.job] Saving graph of 2 jobs, 2 new
[2022-05-12T15:30:37+0200] [MainThread] [I] [toil.job] Processing job 'ResolveIndirect' kind-ResolveIndirect/instance-p5ldntp5 v0
[2022-05-12T15:30:37+0200] [MainThread] [I] [toil.job] Processing job 'CWLWorkflow' kind-CWLWorkflow/instance-c88dknex v0
[2022-05-12T15:30:37+0200] [MainThread] [I] [toil] Running Toil version 5.6.0-c34146a6437e4407a61e946e968bcce67a0ebbca on host mrc-tux.
[2022-05-12T15:30:37+0200] [MainThread] [I] [toil.worker] Redirecting logging to /tmp/30c80b5621115e418237fbf8f2a19a12/296f/worker_log.txt
[2022-05-12T15:30:37+0200] [MainThread] [I] [toil.leader] 0 jobs are running, 0 jobs are issued and waiting to run
[2022-05-12T15:30:37+0200] [MainThread] [I] [toil.leader] Issued job 'CWLJob' cond-wf-007.cwl.step2.bar.cwl kind-CWLJob/instance-p775c_mx v1 with job batch system ID: 1 and cores: 1, disk: 3.0 Gi, and memory: 2.0 Gi
[2022-05-12T15:30:37+0200] [MainThread] [I] [toil.leader] Issued job 'CWLJob' cond-wf-007.cwl.step1.foo.cwl kind-CWLJob/instance-ctgiwk2p v1 with job batch system ID: 2 and cores: 1, disk: 3.0 Gi, and memory: 2.0 Gi
[2022-05-12T15:30:38+0200] [MainThread] [I] [toil.worker] Redirecting logging to /tmp/30c80b5621115e418237fbf8f2a19a12/3bba/worker_log.txt
[2022-05-12T15:30:38+0200] [MainThread] [I] [toil.worker] Redirecting logging to /tmp/30c80b5621115e418237fbf8f2a19a12/8ef5/worker_log.txt
[2022-05-12T15:30:39+0200] [MainThread] [I] [toil.worker] Redirecting logging to /tmp/30c80b5621115e418237fbf8f2a19a12/8deb/worker_log.txt
[2022-05-12T15:30:40+0200] [MainThread] [I] [toil.worker] Redirecting logging to /tmp/30c80b5621115e418237fbf8f2a19a12/52c6/worker_log.txt
[2022-05-12T15:30:42+0200] [MainThread] [I] [toil.leader] Finished toil run successfully.
[2022-05-12T15:30:42+0200] [MainThread] [I] [toil.common] Successfully deleted the job store: FileJobStore(/tmp/tmpm4jdjbi7)
</system-err>
		</testcase>
		<testcase name="pickValue: all_non_null will produce a list" time="11.008531" class="conditional, inline_javascript, multiple_input, workflow" file="all_non_null_multi_non_null" url="cwltest:conformance_tests#278">
			<system-out>{
    &quot;out1&quot;: [
        &quot;foo 3&quot;,
        &quot;bar 3&quot;
    ]
}</system-out>
			<system-err>[2022-05-12T15:30:35+0200] [MainThread] [I] [cwltool] Resolved 'tests/conditionals/cond-wf-007.cwl' to 'file:///home/michael/cwl-v1.2/tests/conditionals/cond-wf-007.cwl'
[2022-05-12T15:30:39+0200] [MainThread] [I] [toil.job] Saving graph of 2 jobs, 2 new
[2022-05-12T15:30:39+0200] [MainThread] [I] [toil.job] Processing job 'ResolveIndirect' kind-ResolveIndirect/instance-9gbdp_si v0
[2022-05-12T15:30:39+0200] [MainThread] [I] [toil.job] Processing job 'CWLWorkflow' kind-CWLWorkflow/instance-_ja8j32h v0
[2022-05-12T15:30:39+0200] [MainThread] [I] [toil] Running Toil version 5.6.0-c34146a6437e4407a61e946e968bcce67a0ebbca on host mrc-tux.
[2022-05-12T15:30:39+0200] [MainThread] [I] [toil.worker] Redirecting logging to /tmp/e6c80e38ef3d5a11b624a9e47e6b44f9/f49c/worker_log.txt
[2022-05-12T15:30:40+0200] [MainThread] [I] [toil.leader] 0 jobs are running, 0 jobs are issued and waiting to run
[2022-05-12T15:30:40+0200] [MainThread] [I] [toil.leader] Issued job 'CWLJob' cond-wf-007.cwl.step1.foo.cwl kind-CWLJob/instance-bm_quvj7 v1 with job batch system ID: 1 and cores: 1, disk: 3.0 Gi, and memory: 2.0 Gi
[2022-05-12T15:30:40+0200] [MainThread] [I] [toil.leader] Issued job 'CWLJob' cond-wf-007.cwl.step2.bar.cwl kind-CWLJob/instance-l0vj3cp3 v1 with job batch system ID: 2 and cores: 1, disk: 3.0 Gi, and memory: 2.0 Gi
[2022-05-12T15:30:40+0200] [MainThread] [I] [toil.worker] Redirecting logging to /tmp/e6c80e38ef3d5a11b624a9e47e6b44f9/a3ab/worker_log.txt
[2022-05-12T15:30:40+0200] [MainThread] [I] [toil.worker] Redirecting logging to /tmp/e6c80e38ef3d5a11b624a9e47e6b44f9/c6da/worker_log.txt
[2022-05-12T15:30:41+0200] [MainThread] [I] [toil.worker] Redirecting logging to /tmp/e6c80e38ef3d5a11b624a9e47e6b44f9/405a/worker_log.txt
[2022-05-12T15:30:43+0200] [MainThread] [I] [toil.worker] Redirecting logging to /tmp/e6c80e38ef3d5a11b624a9e47e6b44f9/0a18/worker_log.txt
[2022-05-12T15:30:45+0200] [MainThread] [I] [toil.leader] Finished toil run successfully.
[2022-05-12T15:30:45+0200] [MainThread] [I] [toil.common] Successfully deleted the job store: FileJobStore(/tmp/tmpjjzhx_q5)
</system-err>
		</testcase>
		<testcase name="Simple scatter: conditional on a non scattered variable (False)" time="12.226645" class="conditional, inline_javascript, scatter, workflow" file="condifional_scatter_on_nonscattered_false" url="cwltest:conformance_tests#279">
			<system-out>{
    &quot;out1&quot;: []
}</system-out>
			<system-err>[2022-05-12T15:30:36+0200] [MainThread] [I] [cwltool] Resolved 'tests/conditionals/cond-wf-009.cwl' to 'file:///home/michael/cwl-v1.2/tests/conditionals/cond-wf-009.cwl'
[2022-05-12T15:30:40+0200] [MainThread] [W] [cwltool] Workflow checker warning:
tests/conditionals/cond-wf-009.cwl:15:11: Source 'out1' of type [&quot;null&quot;, {&quot;type&quot;: &quot;array&quot;, &quot;items&quot;:
                                          &quot;string&quot;}] may be incompatible
tests/conditionals/cond-wf-009.cwl:20:5:    with sink 'out1' of type {&quot;type&quot;: &quot;array&quot;, &quot;items&quot;:
                                            &quot;string&quot;}
                                            pickValue is used but only a single input source is
                                            declared
tests/conditionals/cond-wf-009.cwl:15:11: Source 'out1' of type [&quot;null&quot;, {&quot;type&quot;: &quot;array&quot;, &quot;items&quot;:
                                          &quot;string&quot;}] may be incompatible
tests/conditionals/cond-wf-009.cwl:20:5:    with sink 'out1' of type {&quot;type&quot;: &quot;array&quot;, &quot;items&quot;:
                                            &quot;string&quot;}
                                            Source is from conditional step and may produce `null`
tests/conditionals/cond-wf-009.cwl:15:11: Source 'out1' of type [&quot;null&quot;, {&quot;type&quot;: &quot;array&quot;, &quot;items&quot;:
                                          &quot;string&quot;}] may be incompatible
tests/conditionals/cond-wf-009.cwl:20:5:    with sink 'out1' of type {&quot;type&quot;: &quot;array&quot;, &quot;items&quot;:
                                            &quot;string&quot;}
                                            pickValue is: all_non_null
[2022-05-12T15:30:40+0200] [MainThread] [I] [toil.job] Saving graph of 2 jobs, 2 new
[2022-05-12T15:30:40+0200] [MainThread] [I] [toil.job] Processing job 'ResolveIndirect' kind-ResolveIndirect/instance-4trwoaiw v0
[2022-05-12T15:30:40+0200] [MainThread] [I] [toil.job] Processing job 'CWLWorkflow' kind-CWLWorkflow/instance-vu221ug4 v0
[2022-05-12T15:30:40+0200] [MainThread] [I] [toil] Running Toil version 5.6.0-c34146a6437e4407a61e946e968bcce67a0ebbca on host mrc-tux.
[2022-05-12T15:30:40+0200] [MainThread] [I] [toil.worker] Redirecting logging to /tmp/4f9717c1470a574191f9aacd2ad9bb2b/01bf/worker_log.txt
[2022-05-12T15:30:40+0200] [MainThread] [I] [toil.leader] 0 jobs are running, 0 jobs are issued and waiting to run
[2022-05-12T15:30:41+0200] [MainThread] [I] [toil.worker] Redirecting logging to /tmp/4f9717c1470a574191f9aacd2ad9bb2b/6569/worker_log.txt
[2022-05-12T15:30:41+0200] [MainThread] [I] [toil.leader] Issued job 'CWLJob' cond-wf-009.cwl[3].foo.cwl kind-CWLJob/instance-w7kwrj1q v1 with job batch system ID: 2 and cores: 1, disk: 3.0 Gi, and memory: 2.0 Gi
[2022-05-12T15:30:41+0200] [MainThread] [I] [toil.leader] Issued job 'CWLJob' cond-wf-009.cwl[5].foo.cwl kind-CWLJob/instance-cjh6i_mu v1 with job batch system ID: 3 and cores: 1, disk: 3.0 Gi, and memory: 2.0 Gi
[2022-05-12T15:30:41+0200] [MainThread] [I] [toil.leader] Issued job 'CWLJob' cond-wf-009.cwl[1].foo.cwl kind-CWLJob/instance-lo1g5j55 v1 with job batch system ID: 4 and cores: 1, disk: 3.0 Gi, and memory: 2.0 Gi
[2022-05-12T15:30:41+0200] [MainThread] [I] [toil.leader] Issued job 'CWLJob' cond-wf-009.cwl[4].foo.cwl kind-CWLJob/instance-d6mp6pgf v1 with job batch system ID: 5 and cores: 1, disk: 3.0 Gi, and memory: 2.0 Gi
[2022-05-12T15:30:41+0200] [MainThread] [I] [toil.leader] Issued job 'CWLJob' cond-wf-009.cwl[2].foo.cwl kind-CWLJob/instance-3yihxt6k v1 with job batch system ID: 6 and cores: 1, disk: 3.0 Gi, and memory: 2.0 Gi
[2022-05-12T15:30:41+0200] [MainThread] [I] [toil.leader] Issued job 'CWLJob' cond-wf-009.cwl[0].foo.cwl kind-CWLJob/instance-y_rcxune v1 with job batch system ID: 7 and cores: 1, disk: 3.0 Gi, and memory: 2.0 Gi
[2022-05-12T15:30:42+0200] [MainThread] [I] [toil.worker] Redirecting logging to /tmp/4f9717c1470a574191f9aacd2ad9bb2b/8ca9/worker_log.txt
[2022-05-12T15:30:42+0200] [MainThread] [I] [toil.worker] Redirecting logging to /tmp/4f9717c1470a574191f9aacd2ad9bb2b/42ed/worker_log.txt
[2022-05-12T15:30:42+0200] [MainThread] [I] [toil.worker] Redirecting logging to /tmp/4f9717c1470a574191f9aacd2ad9bb2b/dc94/worker_log.txt
[2022-05-12T15:30:42+0200] [MainThread] [I] [toil.worker] Redirecting logging to /tmp/4f9717c1470a574191f9aacd2ad9bb2b/4633/worker_log.txt
[2022-05-12T15:30:42+0200] [MainThread] [I] [toil.worker] Redirecting logging to /tmp/4f9717c1470a574191f9aacd2ad9bb2b/b0ca/worker_log.txt
[2022-05-12T15:30:42+0200] [MainThread] [I] [toil.worker] Redirecting logging to /tmp/4f9717c1470a574191f9aacd2ad9bb2b/f880/worker_log.txt
[2022-05-12T15:30:44+0200] [MainThread] [I] [toil.worker] Redirecting logging to /tmp/4f9717c1470a574191f9aacd2ad9bb2b/29fc/worker_log.txt
[2022-05-12T15:30:45+0200] [MainThread] [I] [toil.worker] Redirecting logging to /tmp/4f9717c1470a574191f9aacd2ad9bb2b/2db6/worker_log.txt
[2022-05-12T15:30:45+0200] [MainThread] [I] [toil.worker] Redirecting logging to /tmp/4f9717c1470a574191f9aacd2ad9bb2b/716d/worker_log.txt
[2022-05-12T15:30:46+0200] [MainThread] [I] [toil.worker] Redirecting logging to /tmp/4f9717c1470a574191f9aacd2ad9bb2b/da3e/worker_log.txt
[2022-05-12T15:30:48+0200] [MainThread] [I] [toil.leader] Finished toil run successfully.
[2022-05-12T15:30:48+0200] [MainThread] [I] [toil.common] Successfully deleted the job store: FileJobStore(/tmp/tmpp6wi2gw9)
</system-err>
		</testcase>
		<testcase name="Simple scatter: conditional on a non scattered variable (True)" time="16.127987" class="conditional, inline_javascript, scatter, workflow" file="condifional_scatter_on_nonscattered_true" url="cwltest:conformance_tests#280">
			<system-out>{
    &quot;out1&quot;: [
        &quot;foo 1&quot;,
        &quot;foo 2&quot;,
        &quot;foo 3&quot;,
        &quot;foo 4&quot;,
        &quot;foo 5&quot;,
        &quot;foo 6&quot;
    ]
}</system-out>
			<system-err>[2022-05-12T15:30:40+0200] [MainThread] [I] [cwltool] Resolved 'tests/conditionals/cond-wf-009.cwl' to 'file:///home/michael/cwl-v1.2/tests/conditionals/cond-wf-009.cwl'
[2022-05-12T15:30:45+0200] [MainThread] [W] [cwltool] Workflow checker warning:
tests/conditionals/cond-wf-009.cwl:15:11: Source 'out1' of type [&quot;null&quot;, {&quot;type&quot;: &quot;array&quot;, &quot;items&quot;:
                                          &quot;string&quot;}] may be incompatible
tests/conditionals/cond-wf-009.cwl:20:5:    with sink 'out1' of type {&quot;type&quot;: &quot;array&quot;, &quot;items&quot;:
                                            &quot;string&quot;}
                                            pickValue is used but only a single input source is
                                            declared
tests/conditionals/cond-wf-009.cwl:15:11: Source 'out1' of type [&quot;null&quot;, {&quot;type&quot;: &quot;array&quot;, &quot;items&quot;:
                                          &quot;string&quot;}] may be incompatible
tests/conditionals/cond-wf-009.cwl:20:5:    with sink 'out1' of type {&quot;type&quot;: &quot;array&quot;, &quot;items&quot;:
                                            &quot;string&quot;}
                                            Source is from conditional step and may produce `null`
tests/conditionals/cond-wf-009.cwl:15:11: Source 'out1' of type [&quot;null&quot;, {&quot;type&quot;: &quot;array&quot;, &quot;items&quot;:
                                          &quot;string&quot;}] may be incompatible
tests/conditionals/cond-wf-009.cwl:20:5:    with sink 'out1' of type {&quot;type&quot;: &quot;array&quot;, &quot;items&quot;:
                                            &quot;string&quot;}
                                            pickValue is: all_non_null
[2022-05-12T15:30:45+0200] [MainThread] [I] [toil.job] Saving graph of 2 jobs, 2 new
[2022-05-12T15:30:45+0200] [MainThread] [I] [toil.job] Processing job 'ResolveIndirect' kind-ResolveIndirect/instance-ui9pb97p v0
[2022-05-12T15:30:45+0200] [MainThread] [I] [toil.job] Processing job 'CWLWorkflow' kind-CWLWorkflow/instance-do0v42dx v0
[2022-05-12T15:30:45+0200] [MainThread] [I] [toil] Running Toil version 5.6.0-c34146a6437e4407a61e946e968bcce67a0ebbca on host mrc-tux.
[2022-05-12T15:30:45+0200] [MainThread] [I] [toil.worker] Redirecting logging to /tmp/9c8f8c3902be555b935e1c5aba834df5/944b/worker_log.txt
[2022-05-12T15:30:45+0200] [MainThread] [I] [toil.leader] 0 jobs are running, 0 jobs are issued and waiting to run
[2022-05-12T15:30:46+0200] [MainThread] [I] [toil.worker] Redirecting logging to /tmp/9c8f8c3902be555b935e1c5aba834df5/dc7a/worker_log.txt
[2022-05-12T15:30:46+0200] [MainThread] [I] [toil.leader] Issued job 'CWLJob' cond-wf-009.cwl[0].foo.cwl kind-CWLJob/instance-yfdr5zfz v1 with job batch system ID: 2 and cores: 1, disk: 3.0 Gi, and memory: 2.0 Gi
[2022-05-12T15:30:46+0200] [MainThread] [I] [toil.leader] Issued job 'CWLJob' cond-wf-009.cwl[5].foo.cwl kind-CWLJob/instance-zu8yzne9 v1 with job batch system ID: 3 and cores: 1, disk: 3.0 Gi, and memory: 2.0 Gi
[2022-05-12T15:30:46+0200] [MainThread] [I] [toil.leader] Issued job 'CWLJob' cond-wf-009.cwl[4].foo.cwl kind-CWLJob/instance-16xw6v2z v1 with job batch system ID: 4 and cores: 1, disk: 3.0 Gi, and memory: 2.0 Gi
[2022-05-12T15:30:46+0200] [MainThread] [I] [toil.leader] Issued job 'CWLJob' cond-wf-009.cwl[2].foo.cwl kind-CWLJob/instance-cjwyabkg v1 with job batch system ID: 5 and cores: 1, disk: 3.0 Gi, and memory: 2.0 Gi
[2022-05-12T15:30:46+0200] [MainThread] [I] [toil.leader] Issued job 'CWLJob' cond-wf-009.cwl[1].foo.cwl kind-CWLJob/instance-hum_92qo v1 with job batch system ID: 6 and cores: 1, disk: 3.0 Gi, and memory: 2.0 Gi
[2022-05-12T15:30:46+0200] [MainThread] [I] [toil.leader] Issued job 'CWLJob' cond-wf-009.cwl[3].foo.cwl kind-CWLJob/instance-ul5qqxlh v1 with job batch system ID: 7 and cores: 1, disk: 3.0 Gi, and memory: 2.0 Gi
[2022-05-12T15:30:47+0200] [MainThread] [I] [toil.worker] Redirecting logging to /tmp/9c8f8c3902be555b935e1c5aba834df5/3e06/worker_log.txt
[2022-05-12T15:30:47+0200] [MainThread] [I] [toil.worker] Redirecting logging to /tmp/9c8f8c3902be555b935e1c5aba834df5/83c7/worker_log.txt
[2022-05-12T15:30:47+0200] [MainThread] [I] [toil.worker] Redirecting logging to /tmp/9c8f8c3902be555b935e1c5aba834df5/2182/worker_log.txt
[2022-05-12T15:30:47+0200] [MainThread] [I] [toil.worker] Redirecting logging to /tmp/9c8f8c3902be555b935e1c5aba834df5/b686/worker_log.txt
[2022-05-12T15:30:47+0200] [MainThread] [I] [toil.worker] Redirecting logging to /tmp/9c8f8c3902be555b935e1c5aba834df5/98d7/worker_log.txt
[2022-05-12T15:30:47+0200] [MainThread] [I] [toil.worker] Redirecting logging to /tmp/9c8f8c3902be555b935e1c5aba834df5/f74e/worker_log.txt
[2022-05-12T15:30:49+0200] [MainThread] [I] [toil.worker] Redirecting logging to /tmp/9c8f8c3902be555b935e1c5aba834df5/f59d/worker_log.txt
[2022-05-12T15:30:50+0200] [MainThread] [I] [toil.worker] Redirecting logging to /tmp/9c8f8c3902be555b935e1c5aba834df5/6461/worker_log.txt
[2022-05-12T15:30:51+0200] [MainThread] [I] [toil.worker] Redirecting logging to /tmp/9c8f8c3902be555b935e1c5aba834df5/50e7/worker_log.txt
[2022-05-12T15:30:52+0200] [MainThread] [I] [toil.worker] Redirecting logging to /tmp/9c8f8c3902be555b935e1c5aba834df5/664b/worker_log.txt
[2022-05-12T15:30:55+0200] [MainThread] [I] [toil.leader] Finished toil run successfully.
[2022-05-12T15:30:55+0200] [MainThread] [I] [toil.common] Successfully deleted the job store: FileJobStore(/tmp/tmpq5_qcg06)
</system-err>
		</testcase>
		<testcase name="Simple scatter: Add conditional variable to scatter" time="17.625941" class="conditional, inline_javascript, scatter, workflow" file="scatter_on_scattered_conditional" url="cwltest:conformance_tests#281">
			<system-out>{
    &quot;out1&quot;: [
        &quot;foo 4&quot;,
        &quot;foo 5&quot;,
        &quot;foo 6&quot;
    ]
}</system-out>
			<system-err>[2022-05-12T15:30:43+0200] [MainThread] [I] [cwltool] Resolved 'tests/conditionals/cond-wf-010.cwl' to 'file:///home/michael/cwl-v1.2/tests/conditionals/cond-wf-010.cwl'
[2022-05-12T15:30:48+0200] [MainThread] [W] [cwltool] Workflow checker warning:
tests/conditionals/cond-wf-010.cwl:14:11: Source 'out1' of type [&quot;null&quot;, {&quot;type&quot;: &quot;array&quot;, &quot;items&quot;:
                                          &quot;string&quot;}] may be incompatible
tests/conditionals/cond-wf-010.cwl:20:5:    with sink 'out1' of type {&quot;type&quot;: &quot;array&quot;, &quot;items&quot;:
                                            &quot;string&quot;}
                                            pickValue is used but only a single input source is
                                            declared
tests/conditionals/cond-wf-010.cwl:14:11: Source 'out1' of type [&quot;null&quot;, {&quot;type&quot;: &quot;array&quot;, &quot;items&quot;:
                                          &quot;string&quot;}] may be incompatible
tests/conditionals/cond-wf-010.cwl:20:5:    with sink 'out1' of type {&quot;type&quot;: &quot;array&quot;, &quot;items&quot;:
                                            &quot;string&quot;}
                                            Source is from conditional step and may produce `null`
tests/conditionals/cond-wf-010.cwl:14:11: Source 'out1' of type [&quot;null&quot;, {&quot;type&quot;: &quot;array&quot;, &quot;items&quot;:
                                          &quot;string&quot;}] may be incompatible
tests/conditionals/cond-wf-010.cwl:20:5:    with sink 'out1' of type {&quot;type&quot;: &quot;array&quot;, &quot;items&quot;:
                                            &quot;string&quot;}
                                            pickValue is: all_non_null
[2022-05-12T15:30:48+0200] [MainThread] [I] [toil.job] Saving graph of 2 jobs, 2 new
[2022-05-12T15:30:48+0200] [MainThread] [I] [toil.job] Processing job 'ResolveIndirect' kind-ResolveIndirect/instance-jacq1o6u v0
[2022-05-12T15:30:48+0200] [MainThread] [I] [toil.job] Processing job 'CWLWorkflow' kind-CWLWorkflow/instance-iyl5xdwn v0
[2022-05-12T15:30:48+0200] [MainThread] [I] [toil] Running Toil version 5.6.0-c34146a6437e4407a61e946e968bcce67a0ebbca on host mrc-tux.
[2022-05-12T15:30:49+0200] [MainThread] [I] [toil.worker] Redirecting logging to /tmp/e42af04adac85b77a981f6919b6e657b/e024/worker_log.txt
[2022-05-12T15:30:49+0200] [MainThread] [I] [toil.leader] 0 jobs are running, 0 jobs are issued and waiting to run
[2022-05-12T15:30:50+0200] [MainThread] [I] [toil.worker] Redirecting logging to /tmp/e42af04adac85b77a981f6919b6e657b/8e5f/worker_log.txt
[2022-05-12T15:30:50+0200] [MainThread] [I] [toil.leader] Issued job 'CWLJob' cond-wf-010.cwl[1].foo.cwl kind-CWLJob/instance-0pobd9bk v1 with job batch system ID: 2 and cores: 1, disk: 3.0 Gi, and memory: 2.0 Gi
[2022-05-12T15:30:50+0200] [MainThread] [I] [toil.leader] Issued job 'CWLJob' cond-wf-010.cwl[4].foo.cwl kind-CWLJob/instance-cls25juz v1 with job batch system ID: 3 and cores: 1, disk: 3.0 Gi, and memory: 2.0 Gi
[2022-05-12T15:30:50+0200] [MainThread] [I] [toil.leader] Issued job 'CWLJob' cond-wf-010.cwl[2].foo.cwl kind-CWLJob/instance-pga6ux2e v1 with job batch system ID: 4 and cores: 1, disk: 3.0 Gi, and memory: 2.0 Gi
[2022-05-12T15:30:50+0200] [MainThread] [I] [toil.leader] Issued job 'CWLJob' cond-wf-010.cwl[0].foo.cwl kind-CWLJob/instance-7mqw9ef4 v1 with job batch system ID: 5 and cores: 1, disk: 3.0 Gi, and memory: 2.0 Gi
[2022-05-12T15:30:50+0200] [MainThread] [I] [toil.leader] Issued job 'CWLJob' cond-wf-010.cwl[5].foo.cwl kind-CWLJob/instance-1cbz7m_x v1 with job batch system ID: 6 and cores: 1, disk: 3.0 Gi, and memory: 2.0 Gi
[2022-05-12T15:30:50+0200] [MainThread] [I] [toil.leader] Issued job 'CWLJob' cond-wf-010.cwl[3].foo.cwl kind-CWLJob/instance-_aa24y7p v1 with job batch system ID: 7 and cores: 1, disk: 3.0 Gi, and memory: 2.0 Gi
[2022-05-12T15:30:51+0200] [MainThread] [I] [toil.worker] Redirecting logging to /tmp/e42af04adac85b77a981f6919b6e657b/8178/worker_log.txt
[2022-05-12T15:30:51+0200] [MainThread] [I] [toil.worker] Redirecting logging to /tmp/e42af04adac85b77a981f6919b6e657b/ec5e/worker_log.txt
[2022-05-12T15:30:51+0200] [MainThread] [I] [toil.worker] Redirecting logging to /tmp/e42af04adac85b77a981f6919b6e657b/49af/worker_log.txt
[2022-05-12T15:30:51+0200] [MainThread] [I] [toil.worker] Redirecting logging to /tmp/e42af04adac85b77a981f6919b6e657b/8ea6/worker_log.txt
[2022-05-12T15:30:51+0200] [MainThread] [I] [toil.worker] Redirecting logging to /tmp/e42af04adac85b77a981f6919b6e657b/d924/worker_log.txt
[2022-05-12T15:30:51+0200] [MainThread] [I] [toil.worker] Redirecting logging to /tmp/e42af04adac85b77a981f6919b6e657b/ee1b/worker_log.txt
[2022-05-12T15:30:53+0200] [MainThread] [I] [toil.worker] Redirecting logging to /tmp/e42af04adac85b77a981f6919b6e657b/e42e/worker_log.txt
[2022-05-12T15:30:54+0200] [MainThread] [I] [toil.worker] Redirecting logging to /tmp/e42af04adac85b77a981f6919b6e657b/a5e4/worker_log.txt
[2022-05-12T15:30:55+0200] [MainThread] [I] [toil.worker] Redirecting logging to /tmp/e42af04adac85b77a981f6919b6e657b/19f9/worker_log.txt
[2022-05-12T15:30:57+0200] [MainThread] [I] [toil.worker] Redirecting logging to /tmp/e42af04adac85b77a981f6919b6e657b/ef29/worker_log.txt
[2022-05-12T15:30:59+0200] [MainThread] [I] [toil.leader] Finished toil run successfully.
[2022-05-12T15:30:59+0200] [MainThread] [I] [toil.common] Successfully deleted the job store: FileJobStore(/tmp/tmpv7lxawv5)
</system-err>
		</testcase>
		<testcase name="nested cross product scatter with condition on one dimension" time="21.218426" class="conditional, inline_javascript, scatter, workflow" file="conditionals_nested_cross_scatter" url="cwltest:conformance_tests#282">
			<system-out>{
    &quot;out1&quot;: [
        [
            [
                null,
                &quot;112&quot;,
                null,
                &quot;114&quot;
            ],
            [
                null,
                &quot;122&quot;,
                null,
                &quot;124&quot;
            ],
            [
                null,
                &quot;132&quot;,
                null,
                &quot;134&quot;
            ]
        ],
        [
            [
                null,
                &quot;212&quot;,
                null,
                &quot;214&quot;
            ],
            [
                null,
                &quot;222&quot;,
                null,
                &quot;224&quot;
            ],
            [
                null,
                &quot;232&quot;,
                null,
                &quot;234&quot;
            ]
        ]
    ]
}</system-out>
			<system-err>[2022-05-12T15:30:46+0200] [MainThread] [I] [cwltool] Resolved 'tests/conditionals/cond-wf-011.cwl' to 'file:///home/michael/cwl-v1.2/tests/conditionals/cond-wf-011.cwl'
[2022-05-12T15:30:52+0200] [MainThread] [W] [cwltool] Workflow checker warning:
tests/conditionals/cond-wf-011.cwl:17:11: Source 'out1' of type [&quot;null&quot;, {&quot;type&quot;: &quot;array&quot;, &quot;items&quot;:
                                          {&quot;type&quot;: &quot;array&quot;, &quot;items&quot;: {&quot;type&quot;: &quot;array&quot;, &quot;items&quot;:
                                          &quot;string&quot;}}}] may be incompatible
tests/conditionals/cond-wf-011.cwl:23:5:    with sink 'out1' of type {&quot;type&quot;: &quot;array&quot;, &quot;items&quot;:
                                            {&quot;type&quot;: &quot;array&quot;, &quot;items&quot;: {&quot;type&quot;: &quot;array&quot;, &quot;items&quot;:
                                            &quot;string&quot;}}}
                                            pickValue is used but only a single input source is
                                            declared
tests/conditionals/cond-wf-011.cwl:17:11: Source 'out1' of type [&quot;null&quot;, {&quot;type&quot;: &quot;array&quot;, &quot;items&quot;:
                                          {&quot;type&quot;: &quot;array&quot;, &quot;items&quot;: {&quot;type&quot;: &quot;array&quot;, &quot;items&quot;:
                                          &quot;string&quot;}}}] may be incompatible
tests/conditionals/cond-wf-011.cwl:23:5:    with sink 'out1' of type {&quot;type&quot;: &quot;array&quot;, &quot;items&quot;:
                                            {&quot;type&quot;: &quot;array&quot;, &quot;items&quot;: {&quot;type&quot;: &quot;array&quot;, &quot;items&quot;:
                                            &quot;string&quot;}}}
                                            Source is from conditional step and may produce `null`
tests/conditionals/cond-wf-011.cwl:17:11: Source 'out1' of type [&quot;null&quot;, {&quot;type&quot;: &quot;array&quot;, &quot;items&quot;:
                                          {&quot;type&quot;: &quot;array&quot;, &quot;items&quot;: {&quot;type&quot;: &quot;array&quot;, &quot;items&quot;:
                                          &quot;string&quot;}}}] may be incompatible
tests/conditionals/cond-wf-011.cwl:23:5:    with sink 'out1' of type {&quot;type&quot;: &quot;array&quot;, &quot;items&quot;:
                                            {&quot;type&quot;: &quot;array&quot;, &quot;items&quot;: {&quot;type&quot;: &quot;array&quot;, &quot;items&quot;:
                                            &quot;string&quot;}}}
                                            pickValue is: all_non_null
[2022-05-12T15:30:52+0200] [MainThread] [I] [toil.job] Saving graph of 2 jobs, 2 new
[2022-05-12T15:30:52+0200] [MainThread] [I] [toil.job] Processing job 'ResolveIndirect' kind-ResolveIndirect/instance-6hiw1ekp v0
[2022-05-12T15:30:52+0200] [MainThread] [I] [toil.job] Processing job 'CWLWorkflow' kind-CWLWorkflow/instance-1mprzcs9 v0
[2022-05-12T15:30:52+0200] [MainThread] [I] [toil] Running Toil version 5.6.0-c34146a6437e4407a61e946e968bcce67a0ebbca on host mrc-tux.
[2022-05-12T15:30:53+0200] [MainThread] [I] [toil.worker] Redirecting logging to /tmp/be56e21e56875f7584d8fcf53069c1d7/1cfb/worker_log.txt
[2022-05-12T15:30:53+0200] [MainThread] [I] [toil.leader] 0 jobs are running, 0 jobs are issued and waiting to run
[2022-05-12T15:30:53+0200] [MainThread] [I] [toil.worker] Redirecting logging to /tmp/be56e21e56875f7584d8fcf53069c1d7/5ec5/worker_log.txt
[2022-05-12T15:30:54+0200] [MainThread] [I] [toil.leader] Issued job 'CWLJob' cond-wf-011.cwl[1].cat.cwl kind-CWLJob/instance-ko65a7uj v1 with job batch system ID: 2 and cores: 1, disk: 3.0 Gi, and memory: 2.0 Gi
[2022-05-12T15:30:54+0200] [MainThread] [I] [toil.leader] Issued job 'CWLJob' cond-wf-011.cwl[3].cat.cwl kind-CWLJob/instance-tb7wlgm3 v1 with job batch system ID: 3 and cores: 1, disk: 3.0 Gi, and memory: 2.0 Gi
[2022-05-12T15:30:54+0200] [MainThread] [I] [toil.leader] Issued job 'CWLJob' cond-wf-011.cwl[2].cat.cwl kind-CWLJob/instance-vwzd9y1q v1 with job batch system ID: 4 and cores: 1, disk: 3.0 Gi, and memory: 2.0 Gi
[2022-05-12T15:30:54+0200] [MainThread] [I] [toil.leader] Issued job 'CWLJob' cond-wf-011.cwl[3].cat.cwl kind-CWLJob/instance-2_jqoi85 v1 with job batch system ID: 5 and cores: 1, disk: 3.0 Gi, and memory: 2.0 Gi
[2022-05-12T15:30:54+0200] [MainThread] [I] [toil.leader] Issued job 'CWLJob' cond-wf-011.cwl[0].cat.cwl kind-CWLJob/instance-8ovvb7wk v1 with job batch system ID: 6 and cores: 1, disk: 3.0 Gi, and memory: 2.0 Gi
[2022-05-12T15:30:54+0200] [MainThread] [I] [toil.leader] Issued job 'CWLJob' cond-wf-011.cwl[1].cat.cwl kind-CWLJob/instance-9uju879a v1 with job batch system ID: 7 and cores: 1, disk: 3.0 Gi, and memory: 2.0 Gi
[2022-05-12T15:30:54+0200] [MainThread] [I] [toil.leader] Issued job 'CWLJob' cond-wf-011.cwl[3].cat.cwl kind-CWLJob/instance-carw28hn v1 with job batch system ID: 8 and cores: 1, disk: 3.0 Gi, and memory: 2.0 Gi
[2022-05-12T15:30:54+0200] [MainThread] [I] [toil.leader] Issued job 'CWLJob' cond-wf-011.cwl[2].cat.cwl kind-CWLJob/instance-33leiq2k v1 with job batch system ID: 9 and cores: 1, disk: 3.0 Gi, and memory: 2.0 Gi
[2022-05-12T15:30:54+0200] [MainThread] [I] [toil.leader] Issued job 'CWLJob' cond-wf-011.cwl[3].cat.cwl kind-CWLJob/instance-hgav1ewg v1 with job batch system ID: 10 and cores: 1, disk: 3.0 Gi, and memory: 2.0 Gi
[2022-05-12T15:30:54+0200] [MainThread] [I] [toil.leader] Issued job 'CWLJob' cond-wf-011.cwl[0].cat.cwl kind-CWLJob/instance-8chm8_56 v1 with job batch system ID: 11 and cores: 1, disk: 3.0 Gi, and memory: 2.0 Gi
[2022-05-12T15:30:54+0200] [MainThread] [I] [toil.leader] Issued job 'CWLJob' cond-wf-011.cwl[0].cat.cwl kind-CWLJob/instance-ylkckogf v1 with job batch system ID: 12 and cores: 1, disk: 3.0 Gi, and memory: 2.0 Gi
[2022-05-12T15:30:54+0200] [MainThread] [I] [toil.leader] Issued job 'CWLJob' cond-wf-011.cwl[2].cat.cwl kind-CWLJob/instance-wguznx0t v1 with job batch system ID: 13 and cores: 1, disk: 3.0 Gi, and memory: 2.0 Gi
[2022-05-12T15:30:54+0200] [MainThread] [I] [toil.leader] Issued job 'CWLJob' cond-wf-011.cwl[1].cat.cwl kind-CWLJob/instance-uhkcoz2e v1 with job batch system ID: 14 and cores: 1, disk: 3.0 Gi, and memory: 2.0 Gi
[2022-05-12T15:30:54+0200] [MainThread] [I] [toil.leader] Issued job 'CWLJob' cond-wf-011.cwl[3].cat.cwl kind-CWLJob/instance-_pn08lfx v1 with job batch system ID: 15 and cores: 1, disk: 3.0 Gi, and memory: 2.0 Gi
[2022-05-12T15:30:54+0200] [MainThread] [I] [toil.leader] Issued job 'CWLJob' cond-wf-011.cwl[1].cat.cwl kind-CWLJob/instance-wid1285y v1 with job batch system ID: 16 and cores: 1, disk: 3.0 Gi, and memory: 2.0 Gi
[2022-05-12T15:30:54+0200] [MainThread] [I] [toil.leader] Issued job 'CWLJob' cond-wf-011.cwl[2].cat.cwl kind-CWLJob/instance-rlpv5sk6 v1 with job batch system ID: 17 and cores: 1, disk: 3.0 Gi, and memory: 2.0 Gi
[2022-05-12T15:30:54+0200] [MainThread] [I] [toil.leader] Issued job 'CWLJob' cond-wf-011.cwl[0].cat.cwl kind-CWLJob/instance-4ykr2c4f v1 with job batch system ID: 18 and cores: 1, disk: 3.0 Gi, and memory: 2.0 Gi
[2022-05-12T15:30:54+0200] [MainThread] [I] [toil.leader] Issued job 'CWLJob' cond-wf-011.cwl[1].cat.cwl kind-CWLJob/instance-oqgso4jl v1 with job batch system ID: 19 and cores: 1, disk: 3.0 Gi, and memory: 2.0 Gi
[2022-05-12T15:30:54+0200] [MainThread] [I] [toil.leader] Issued job 'CWLJob' cond-wf-011.cwl[0].cat.cwl kind-CWLJob/instance-hbspq0bm v1 with job batch system ID: 20 and cores: 1, disk: 3.0 Gi, and memory: 2.0 Gi
[2022-05-12T15:30:54+0200] [MainThread] [I] [toil.leader] Issued job 'CWLJob' cond-wf-011.cwl[1].cat.cwl kind-CWLJob/instance-9qrtobgp v1 with job batch system ID: 21 and cores: 1, disk: 3.0 Gi, and memory: 2.0 Gi
[2022-05-12T15:30:54+0200] [MainThread] [I] [toil.leader] Issued job 'CWLJob' cond-wf-011.cwl[2].cat.cwl kind-CWLJob/instance-sdlx0bxy v1 with job batch system ID: 22 and cores: 1, disk: 3.0 Gi, and memory: 2.0 Gi
[2022-05-12T15:30:54+0200] [MainThread] [I] [toil.leader] Issued job 'CWLJob' cond-wf-011.cwl[3].cat.cwl kind-CWLJob/instance-vcfxmrdi v1 with job batch system ID: 23 and cores: 1, disk: 3.0 Gi, and memory: 2.0 Gi
[2022-05-12T15:30:54+0200] [MainThread] [I] [toil.leader] Issued job 'CWLJob' cond-wf-011.cwl[0].cat.cwl kind-CWLJob/instance-lfpzjsp9 v1 with job batch system ID: 24 and cores: 1, disk: 3.0 Gi, and memory: 2.0 Gi
[2022-05-12T15:30:54+0200] [MainThread] [I] [toil.leader] Issued job 'CWLJob' cond-wf-011.cwl[2].cat.cwl kind-CWLJob/instance-nuc07vxr v1 with job batch system ID: 25 and cores: 1, disk: 3.0 Gi, and memory: 2.0 Gi
[2022-05-12T15:30:55+0200] [MainThread] [I] [toil.worker] Redirecting logging to /tmp/be56e21e56875f7584d8fcf53069c1d7/d2f0/worker_log.txt
[2022-05-12T15:30:55+0200] [MainThread] [I] [toil.worker] Redirecting logging to /tmp/be56e21e56875f7584d8fcf53069c1d7/338d/worker_log.txt
[2022-05-12T15:30:55+0200] [MainThread] [I] [toil.worker] Redirecting logging to /tmp/be56e21e56875f7584d8fcf53069c1d7/7ca5/worker_log.txt
[2022-05-12T15:30:55+0200] [MainThread] [I] [toil.worker] Redirecting logging to /tmp/be56e21e56875f7584d8fcf53069c1d7/a6a4/worker_log.txt
[2022-05-12T15:30:55+0200] [MainThread] [I] [toil.worker] Redirecting logging to /tmp/be56e21e56875f7584d8fcf53069c1d7/cc2c/worker_log.txt
[2022-05-12T15:30:55+0200] [MainThread] [I] [toil.worker] Redirecting logging to /tmp/be56e21e56875f7584d8fcf53069c1d7/83c2/worker_log.txt
[2022-05-12T15:30:55+0200] [MainThread] [I] [toil.worker] Redirecting logging to /tmp/be56e21e56875f7584d8fcf53069c1d7/0bf9/worker_log.txt
[2022-05-12T15:30:55+0200] [MainThread] [I] [toil.worker] Redirecting logging to /tmp/be56e21e56875f7584d8fcf53069c1d7/74cf/worker_log.txt
[2022-05-12T15:30:57+0200] [MainThread] [I] [toil.worker] Redirecting logging to /tmp/be56e21e56875f7584d8fcf53069c1d7/4b14/worker_log.txt
[2022-05-12T15:30:57+0200] [MainThread] [I] [toil.worker] Redirecting logging to /tmp/be56e21e56875f7584d8fcf53069c1d7/51f3/worker_log.txt
[2022-05-12T15:30:57+0200] [MainThread] [I] [toil.worker] Redirecting logging to /tmp/be56e21e56875f7584d8fcf53069c1d7/cd07/worker_log.txt
[2022-05-12T15:30:57+0200] [MainThread] [I] [toil.worker] Redirecting logging to /tmp/be56e21e56875f7584d8fcf53069c1d7/5d88/worker_log.txt
[2022-05-12T15:30:57+0200] [MainThread] [I] [toil.worker] Redirecting logging to /tmp/be56e21e56875f7584d8fcf53069c1d7/6c55/worker_log.txt
[2022-05-12T15:30:57+0200] [MainThread] [I] [toil.worker] Redirecting logging to /tmp/be56e21e56875f7584d8fcf53069c1d7/48d9/worker_log.txt
[2022-05-12T15:30:58+0200] [MainThread] [I] [toil.worker] Redirecting logging to /tmp/be56e21e56875f7584d8fcf53069c1d7/bbd1/worker_log.txt
[2022-05-12T15:30:58+0200] [MainThread] [I] [toil.worker] Redirecting logging to /tmp/be56e21e56875f7584d8fcf53069c1d7/6c57/worker_log.txt
[2022-05-12T15:31:00+0200] [MainThread] [I] [toil.worker] Redirecting logging to /tmp/be56e21e56875f7584d8fcf53069c1d7/9591/worker_log.txt
[2022-05-12T15:31:00+0200] [MainThread] [I] [toil.worker] Redirecting logging to /tmp/be56e21e56875f7584d8fcf53069c1d7/2954/worker_log.txt
[2022-05-12T15:31:00+0200] [MainThread] [I] [toil.worker] Redirecting logging to /tmp/be56e21e56875f7584d8fcf53069c1d7/8878/worker_log.txt
[2022-05-12T15:31:00+0200] [MainThread] [I] [toil.worker] Redirecting logging to /tmp/be56e21e56875f7584d8fcf53069c1d7/197c/worker_log.txt
[2022-05-12T15:31:00+0200] [MainThread] [I] [toil.worker] Redirecting logging to /tmp/be56e21e56875f7584d8fcf53069c1d7/4cb2/worker_log.txt
[2022-05-12T15:31:00+0200] [MainThread] [I] [toil.worker] Redirecting logging to /tmp/be56e21e56875f7584d8fcf53069c1d7/edad/worker_log.txt
[2022-05-12T15:31:00+0200] [MainThread] [I] [toil.worker] Redirecting logging to /tmp/be56e21e56875f7584d8fcf53069c1d7/03fe/worker_log.txt
[2022-05-12T15:31:01+0200] [MainThread] [I] [toil.worker] Redirecting logging to /tmp/be56e21e56875f7584d8fcf53069c1d7/b69a/worker_log.txt
[2022-05-12T15:31:02+0200] [MainThread] [I] [toil.worker] Redirecting logging to /tmp/be56e21e56875f7584d8fcf53069c1d7/3220/worker_log.txt
[2022-05-12T15:31:03+0200] [MainThread] [I] [toil.worker] Redirecting logging to /tmp/be56e21e56875f7584d8fcf53069c1d7/b7f5/worker_log.txt
[2022-05-12T15:31:04+0200] [MainThread] [I] [toil.worker] Redirecting logging to /tmp/be56e21e56875f7584d8fcf53069c1d7/c131/worker_log.txt
[2022-05-12T15:31:05+0200] [MainThread] [I] [toil.worker] Redirecting logging to /tmp/be56e21e56875f7584d8fcf53069c1d7/9730/worker_log.txt
[2022-05-12T15:31:06+0200] [MainThread] [I] [toil.leader] Finished toil run successfully.
[2022-05-12T15:31:06+0200] [MainThread] [W] [toil.cwl.cwltoil] In Workflow output 'out1', SkipNull result found and cast to None. 
You had a conditional step that did not run, but you did not use pickValue to handle the skipped input.
[2022-05-12T15:31:06+0200] [MainThread] [I] [toil.common] Successfully deleted the job store: FileJobStore(/tmp/tmp05y73adt)
</system-err>
		</testcase>
		<testcase name="Non-boolean values from &quot;when&quot; should fail" time="18.256134" class="conditional, inline_javascript, workflow" file="conditionals_non_boolean_fail" url="cwltest:conformance_tests#283">
			<system-err>[2022-05-12T15:30:49+0200] [MainThread] [I] [cwltool] Resolved 'tests/conditionals/cond-wf-012.cwl' to 'file:///home/michael/cwl-v1.2/tests/conditionals/cond-wf-012.cwl'
[2022-05-12T15:30:54+0200] [MainThread] [I] [toil.job] Saving graph of 2 jobs, 2 new
[2022-05-12T15:30:54+0200] [MainThread] [I] [toil.job] Processing job 'ResolveIndirect' kind-ResolveIndirect/instance-1jwae7ns v0
[2022-05-12T15:30:54+0200] [MainThread] [I] [toil.job] Processing job 'CWLWorkflow' kind-CWLWorkflow/instance-y2y18g3e v0
[2022-05-12T15:30:54+0200] [MainThread] [I] [toil] Running Toil version 5.6.0-c34146a6437e4407a61e946e968bcce67a0ebbca on host mrc-tux.
[2022-05-12T15:30:55+0200] [MainThread] [I] [toil.worker] Redirecting logging to /tmp/4b0b8d4dad625423a44f13c0ee82cf78/a714/worker_log.txt
[2022-05-12T15:30:56+0200] [MainThread] [I] [toil.leader] 0 jobs are running, 0 jobs are issued and waiting to run
[2022-05-12T15:30:56+0200] [MainThread] [I] [toil.leader] Issued job 'CWLJob' cond-wf-012.cwl.step1.foo.cwl kind-CWLJob/instance-7qs_nne_ v1 with job batch system ID: 1 and cores: 1, disk: 3.0 Gi, and memory: 2.0 Gi
[2022-05-12T15:30:57+0200] [MainThread] [I] [toil.worker] Redirecting logging to /tmp/4b0b8d4dad625423a44f13c0ee82cf78/8b40/worker_log.txt
[2022-05-12T15:30:58+0200] [Thread-2 (daddy)] [E] [toil.batchSystems.singleMachine] Got exit code 1 (indicating failure) from job _toil_worker CWLJob file:/tmp/tmp9490dd1z kind-CWLJob/instance-7qs_nne_.
[2022-05-12T15:30:58+0200] [MainThread] [W] [toil.leader] Job failed with exit value 1: 'CWLJob' cond-wf-012.cwl.step1.foo.cwl kind-CWLJob/instance-7qs_nne_ v1
Exit reason: None
[2022-05-12T15:30:58+0200] [MainThread] [W] [toil.leader] The job seems to have left a log file, indicating failure: 'CWLJob' cond-wf-012.cwl.step1.foo.cwl kind-CWLJob/instance-7qs_nne_ v2
[2022-05-12T15:30:58+0200] [MainThread] [W] [toil.leader] Log from job &quot;kind-CWLJob/instance-7qs_nne_&quot; follows:
=========&gt;
	[2022-05-12T15:30:57+0200] [MainThread] [I] [toil.worker] ---TOIL WORKER OUTPUT LOG---
	[2022-05-12T15:30:57+0200] [MainThread] [I] [toil] Running Toil version 5.6.0-c34146a6437e4407a61e946e968bcce67a0ebbca on host mrc-tux.
	[2022-05-12T15:30:57+0200] [MainThread] [I] [toil.worker] Working on job 'CWLJob' cond-wf-012.cwl.step1.foo.cwl kind-CWLJob/instance-7qs_nne_ v1
	[2022-05-12T15:30:57+0200] [MainThread] [I] [toil.worker] Loaded body Job('CWLJob' cond-wf-012.cwl.step1.foo.cwl kind-CWLJob/instance-7qs_nne_ v1) from description 'CWLJob' cond-wf-012.cwl.step1.foo.cwl kind-CWLJob/instance-7qs_nne_ v1
	Traceback (most recent call last):
	  File &quot;/home/michael/common-workflow-language/toil5.6.0/lib/python3.10/site-packages/toil/worker.py&quot;, line 405, in workerScript
	    job._runner(jobGraph=None, jobStore=jobStore, fileStore=fileStore, defer=defer)
	  File &quot;/home/michael/common-workflow-language/toil5.6.0/lib/python3.10/site-packages/toil/job.py&quot;, line 2399, in _runner
	    returnValues = self._run(jobGraph=None, fileStore=fileStore)
	  File &quot;/home/michael/common-workflow-language/toil5.6.0/lib/python3.10/site-packages/toil/job.py&quot;, line 2317, in _run
	    return self.run(fileStore)
	  File &quot;/home/michael/common-workflow-language/toil5.6.0/lib/python3.10/site-packages/toil/cwl/cwltoil.py&quot;, line 1971, in run
	    if self.conditional.is_false(cwljob):
	  File &quot;/home/michael/common-workflow-language/toil5.6.0/lib/python3.10/site-packages/toil/cwl/cwltoil.py&quot;, line 254, in is_false
	    raise cwltool.errors.WorkflowException(
	cwltool.errors.WorkflowException: '$(inputs.a_new_var % 2)' evaluated to a non-boolean value
	[2022-05-12T15:30:58+0200] [MainThread] [E] [toil.worker] Exiting the worker because of a failed job on host mrc-tux
&lt;=========
[2022-05-12T15:30:58+0200] [MainThread] [W] [toil.job] Due to failure we are reducing the remaining try count of job 'CWLJob' cond-wf-012.cwl.step1.foo.cwl kind-CWLJob/instance-7qs_nne_ v2 with ID kind-CWLJob/instance-7qs_nne_ to 1
[2022-05-12T15:30:58+0200] [MainThread] [I] [toil.leader] Issued job 'CWLJob' cond-wf-012.cwl.step1.foo.cwl kind-CWLJob/instance-7qs_nne_ v3 with job batch system ID: 2 and cores: 1, disk: 3.0 Gi, and memory: 2.0 Gi
[2022-05-12T15:30:59+0200] [MainThread] [I] [toil.worker] Redirecting logging to /tmp/4b0b8d4dad625423a44f13c0ee82cf78/8ac8/worker_log.txt
[2022-05-12T15:31:00+0200] [Thread-2 (daddy)] [E] [toil.batchSystems.singleMachine] Got exit code 1 (indicating failure) from job _toil_worker CWLJob file:/tmp/tmp9490dd1z kind-CWLJob/instance-7qs_nne_.
[2022-05-12T15:31:00+0200] [MainThread] [W] [toil.leader] Job failed with exit value 1: 'CWLJob' cond-wf-012.cwl.step1.foo.cwl kind-CWLJob/instance-7qs_nne_ v3
Exit reason: None
[2022-05-12T15:31:00+0200] [MainThread] [W] [toil.leader] The job seems to have left a log file, indicating failure: 'CWLJob' cond-wf-012.cwl.step1.foo.cwl kind-CWLJob/instance-7qs_nne_ v5
[2022-05-12T15:31:00+0200] [MainThread] [W] [toil.leader] Log from job &quot;kind-CWLJob/instance-7qs_nne_&quot; follows:
=========&gt;
	[2022-05-12T15:30:59+0200] [MainThread] [I] [toil.worker] ---TOIL WORKER OUTPUT LOG---
	[2022-05-12T15:30:59+0200] [MainThread] [I] [toil] Running Toil version 5.6.0-c34146a6437e4407a61e946e968bcce67a0ebbca on host mrc-tux.
	[2022-05-12T15:30:59+0200] [MainThread] [I] [toil.worker] Working on job 'CWLJob' cond-wf-012.cwl.step1.foo.cwl kind-CWLJob/instance-7qs_nne_ v4
	[2022-05-12T15:31:00+0200] [MainThread] [I] [toil.worker] Loaded body Job('CWLJob' cond-wf-012.cwl.step1.foo.cwl kind-CWLJob/instance-7qs_nne_ v4) from description 'CWLJob' cond-wf-012.cwl.step1.foo.cwl kind-CWLJob/instance-7qs_nne_ v4
	Traceback (most recent call last):
	  File &quot;/home/michael/common-workflow-language/toil5.6.0/lib/python3.10/site-packages/toil/worker.py&quot;, line 405, in workerScript
	    job._runner(jobGraph=None, jobStore=jobStore, fileStore=fileStore, defer=defer)
	  File &quot;/home/michael/common-workflow-language/toil5.6.0/lib/python3.10/site-packages/toil/job.py&quot;, line 2399, in _runner
	    returnValues = self._run(jobGraph=None, fileStore=fileStore)
	  File &quot;/home/michael/common-workflow-language/toil5.6.0/lib/python3.10/site-packages/toil/job.py&quot;, line 2317, in _run
	    return self.run(fileStore)
	  File &quot;/home/michael/common-workflow-language/toil5.6.0/lib/python3.10/site-packages/toil/cwl/cwltoil.py&quot;, line 1971, in run
	    if self.conditional.is_false(cwljob):
	  File &quot;/home/michael/common-workflow-language/toil5.6.0/lib/python3.10/site-packages/toil/cwl/cwltoil.py&quot;, line 254, in is_false
	    raise cwltool.errors.WorkflowException(
	cwltool.errors.WorkflowException: '$(inputs.a_new_var % 2)' evaluated to a non-boolean value
	[2022-05-12T15:31:00+0200] [MainThread] [E] [toil.worker] Exiting the worker because of a failed job on host mrc-tux
&lt;=========
[2022-05-12T15:31:00+0200] [MainThread] [W] [toil.job] Due to failure we are reducing the remaining try count of job 'CWLJob' cond-wf-012.cwl.step1.foo.cwl kind-CWLJob/instance-7qs_nne_ v5 with ID kind-CWLJob/instance-7qs_nne_ to 0
[2022-05-12T15:31:00+0200] [MainThread] [W] [toil.leader] Job 'CWLJob' cond-wf-012.cwl.step1.foo.cwl kind-CWLJob/instance-7qs_nne_ v6 is completely failed
[2022-05-12T15:31:06+0200] [MainThread] [I] [toil.leader] Finished toil run with 2 failed jobs.
[2022-05-12T15:31:06+0200] [MainThread] [I] [toil.leader] Failed jobs at end of the run: 'CWLJob' cond-wf-012.cwl.step1.foo.cwl kind-CWLJob/instance-7qs_nne_ v6 'CWLWorkflow' kind-CWLWorkflow/instance-y2y18g3e v2
Traceback (most recent call last):
  File &quot;/home/michael/common-workflow-language/toil5.6.0/bin/toil-cwl-runner&quot;, line 8, in &lt;module&gt;
    sys.exit(main())
  File &quot;/home/michael/common-workflow-language/toil5.6.0/lib/python3.10/site-packages/toil/cwl/cwltoil.py&quot;, line 3486, in main
    outobj = toil.start(wf1)
  File &quot;/home/michael/common-workflow-language/toil5.6.0/lib/python3.10/site-packages/toil/common.py&quot;, line 951, in start
    return self._runMainLoop(rootJobDescription)
  File &quot;/home/michael/common-workflow-language/toil5.6.0/lib/python3.10/site-packages/toil/common.py&quot;, line 1278, in _runMainLoop
    jobCache=self._jobCache).run()
  File &quot;/home/michael/common-workflow-language/toil5.6.0/lib/python3.10/site-packages/toil/leader.py&quot;, line 289, in run
    raise FailedJobsException(self.jobStore, failed_jobs, exit_code=self.recommended_fail_exit_code)
toil.leader.FailedJobsException: The job store '/tmp/tmp9490dd1z' contains 2 failed jobs: 'CWLJob' cond-wf-012.cwl.step1.foo.cwl kind-CWLJob/instance-7qs_nne_ v6, 'CWLWorkflow' kind-CWLWorkflow/instance-y2y18g3e v2
Log from job &quot;'CWLJob' cond-wf-012.cwl.step1.foo.cwl kind-CWLJob/instance-7qs_nne_ v6&quot; follows:
=========&gt;
	[2022-05-12T15:30:59+0200] [MainThread] [I] [toil.worker] ---TOIL WORKER OUTPUT LOG---
	[2022-05-12T15:30:59+0200] [MainThread] [I] [toil] Running Toil version 5.6.0-c34146a6437e4407a61e946e968bcce67a0ebbca on host mrc-tux.
	[2022-05-12T15:30:59+0200] [MainThread] [I] [toil.worker] Working on job 'CWLJob' cond-wf-012.cwl.step1.foo.cwl kind-CWLJob/instance-7qs_nne_ v4
	[2022-05-12T15:31:00+0200] [MainThread] [I] [toil.worker] Loaded body Job('CWLJob' cond-wf-012.cwl.step1.foo.cwl kind-CWLJob/instance-7qs_nne_ v4) from description 'CWLJob' cond-wf-012.cwl.step1.foo.cwl kind-CWLJob/instance-7qs_nne_ v4
	Traceback (most recent call last):
	  File &quot;/home/michael/common-workflow-language/toil5.6.0/lib/python3.10/site-packages/toil/worker.py&quot;, line 405, in workerScript
	    job._runner(jobGraph=None, jobStore=jobStore, fileStore=fileStore, defer=defer)
	  File &quot;/home/michael/common-workflow-language/toil5.6.0/lib/python3.10/site-packages/toil/job.py&quot;, line 2399, in _runner
	    returnValues = self._run(jobGraph=None, fileStore=fileStore)
	  File &quot;/home/michael/common-workflow-language/toil5.6.0/lib/python3.10/site-packages/toil/job.py&quot;, line 2317, in _run
	    return self.run(fileStore)
	  File &quot;/home/michael/common-workflow-language/toil5.6.0/lib/python3.10/site-packages/toil/cwl/cwltoil.py&quot;, line 1971, in run
	    if self.conditional.is_false(cwljob):
	  File &quot;/home/michael/common-workflow-language/toil5.6.0/lib/python3.10/site-packages/toil/cwl/cwltoil.py&quot;, line 254, in is_false
	    raise cwltool.errors.WorkflowException(
	cwltool.errors.WorkflowException: '$(inputs.a_new_var % 2)' evaluated to a non-boolean value
	[2022-05-12T15:31:00+0200] [MainThread] [E] [toil.worker] Exiting the worker because of a failed job on host mrc-tux
&lt;=========
</system-err>
		</testcase>
		<testcase name="Scatter two steps, flatten result + pickValue" time="20.677814" class="conditional, inline_javascript, scatter, multiple, workflow" file="conditionals_multi_scatter" url="cwltest:conformance_tests#284">
			<system-out>{
    &quot;out1&quot;: [
        &quot;foo 2&quot;,
        &quot;foo 4&quot;,
        &quot;foo 6&quot;,
        &quot;bar 1&quot;,
        &quot;bar 3&quot;,
        &quot;bar 5&quot;
    ]
}</system-out>
			<system-err>[2022-05-12T15:30:57+0200] [MainThread] [I] [cwltool] Resolved 'tests/conditionals/cond-wf-013.cwl' to 'file:///home/michael/cwl-v1.2/tests/conditionals/cond-wf-013.cwl'
[2022-05-12T15:31:05+0200] [MainThread] [I] [toil.job] Saving graph of 2 jobs, 2 new
[2022-05-12T15:31:05+0200] [MainThread] [I] [toil.job] Processing job 'ResolveIndirect' kind-ResolveIndirect/instance-lbxhrqi8 v0
[2022-05-12T15:31:05+0200] [MainThread] [I] [toil.job] Processing job 'CWLWorkflow' kind-CWLWorkflow/instance-fgok6jjy v0
[2022-05-12T15:31:05+0200] [MainThread] [I] [toil] Running Toil version 5.6.0-c34146a6437e4407a61e946e968bcce67a0ebbca on host mrc-tux.
[2022-05-12T15:31:05+0200] [MainThread] [I] [toil.worker] Redirecting logging to /tmp/3e7e6e3143fc5b3ebd21162f3e126fc7/917f/worker_log.txt
[2022-05-12T15:31:05+0200] [MainThread] [I] [toil.leader] 0 jobs are running, 0 jobs are issued and waiting to run
[2022-05-12T15:31:06+0200] [MainThread] [I] [toil.worker] Redirecting logging to /tmp/3e7e6e3143fc5b3ebd21162f3e126fc7/e5f3/worker_log.txt
[2022-05-12T15:31:06+0200] [MainThread] [I] [toil.worker] Redirecting logging to /tmp/3e7e6e3143fc5b3ebd21162f3e126fc7/f0c2/worker_log.txt
[2022-05-12T15:31:06+0200] [MainThread] [I] [toil.leader] Issued job 'CWLJob' cond-wf-013.cwl[1].bar.cwl kind-CWLJob/instance-1hr8zr3v v1 with job batch system ID: 3 and cores: 1, disk: 3.0 Gi, and memory: 2.0 Gi
[2022-05-12T15:31:06+0200] [MainThread] [I] [toil.leader] Issued job 'CWLJob' cond-wf-013.cwl[2].bar.cwl kind-CWLJob/instance-75viehby v1 with job batch system ID: 4 and cores: 1, disk: 3.0 Gi, and memory: 2.0 Gi
[2022-05-12T15:31:06+0200] [MainThread] [I] [toil.leader] Issued job 'CWLJob' cond-wf-013.cwl[5].bar.cwl kind-CWLJob/instance-uhyh3o9r v1 with job batch system ID: 5 and cores: 1, disk: 3.0 Gi, and memory: 2.0 Gi
[2022-05-12T15:31:06+0200] [MainThread] [I] [toil.leader] Issued job 'CWLJob' cond-wf-013.cwl[4].bar.cwl kind-CWLJob/instance-lnwjstxj v1 with job batch system ID: 6 and cores: 1, disk: 3.0 Gi, and memory: 2.0 Gi
[2022-05-12T15:31:06+0200] [MainThread] [I] [toil.leader] Issued job 'CWLJob' cond-wf-013.cwl[0].bar.cwl kind-CWLJob/instance-ybtexhuc v1 with job batch system ID: 7 and cores: 1, disk: 3.0 Gi, and memory: 2.0 Gi
[2022-05-12T15:31:06+0200] [MainThread] [I] [toil.leader] Issued job 'CWLJob' cond-wf-013.cwl[3].bar.cwl kind-CWLJob/instance-9mo_473f v1 with job batch system ID: 8 and cores: 1, disk: 3.0 Gi, and memory: 2.0 Gi
[2022-05-12T15:31:06+0200] [MainThread] [I] [toil.leader] Issued job 'CWLJob' cond-wf-013.cwl[1].foo.cwl kind-CWLJob/instance-dr6vovmo v1 with job batch system ID: 9 and cores: 1, disk: 3.0 Gi, and memory: 2.0 Gi
[2022-05-12T15:31:06+0200] [MainThread] [I] [toil.leader] Issued job 'CWLJob' cond-wf-013.cwl[5].foo.cwl kind-CWLJob/instance-p1wv4dkm v1 with job batch system ID: 10 and cores: 1, disk: 3.0 Gi, and memory: 2.0 Gi
[2022-05-12T15:31:06+0200] [MainThread] [I] [toil.leader] Issued job 'CWLJob' cond-wf-013.cwl[0].foo.cwl kind-CWLJob/instance-5oo5navt v1 with job batch system ID: 11 and cores: 1, disk: 3.0 Gi, and memory: 2.0 Gi
[2022-05-12T15:31:06+0200] [MainThread] [I] [toil.leader] Issued job 'CWLJob' cond-wf-013.cwl[4].foo.cwl kind-CWLJob/instance-az2i265q v1 with job batch system ID: 12 and cores: 1, disk: 3.0 Gi, and memory: 2.0 Gi
[2022-05-12T15:31:06+0200] [MainThread] [I] [toil.leader] Issued job 'CWLJob' cond-wf-013.cwl[3].foo.cwl kind-CWLJob/instance-pups4efz v1 with job batch system ID: 13 and cores: 1, disk: 3.0 Gi, and memory: 2.0 Gi
[2022-05-12T15:31:06+0200] [MainThread] [I] [toil.leader] Issued job 'CWLJob' cond-wf-013.cwl[2].foo.cwl kind-CWLJob/instance-mbmpopve v1 with job batch system ID: 14 and cores: 1, disk: 3.0 Gi, and memory: 2.0 Gi
[2022-05-12T15:31:07+0200] [MainThread] [I] [toil.worker] Redirecting logging to /tmp/3e7e6e3143fc5b3ebd21162f3e126fc7/c770/worker_log.txt
[2022-05-12T15:31:07+0200] [MainThread] [I] [toil.worker] Redirecting logging to /tmp/3e7e6e3143fc5b3ebd21162f3e126fc7/7c4e/worker_log.txt
[2022-05-12T15:31:07+0200] [MainThread] [I] [toil.worker] Redirecting logging to /tmp/3e7e6e3143fc5b3ebd21162f3e126fc7/c72c/worker_log.txt
[2022-05-12T15:31:07+0200] [MainThread] [I] [toil.worker] Redirecting logging to /tmp/3e7e6e3143fc5b3ebd21162f3e126fc7/8297/worker_log.txt
[2022-05-12T15:31:07+0200] [MainThread] [I] [toil.worker] Redirecting logging to /tmp/3e7e6e3143fc5b3ebd21162f3e126fc7/7309/worker_log.txt
[2022-05-12T15:31:07+0200] [MainThread] [I] [toil.worker] Redirecting logging to /tmp/3e7e6e3143fc5b3ebd21162f3e126fc7/3ad0/worker_log.txt
[2022-05-12T15:31:07+0200] [MainThread] [I] [toil.worker] Redirecting logging to /tmp/3e7e6e3143fc5b3ebd21162f3e126fc7/9df9/worker_log.txt
[2022-05-12T15:31:07+0200] [MainThread] [I] [toil.worker] Redirecting logging to /tmp/3e7e6e3143fc5b3ebd21162f3e126fc7/8678/worker_log.txt
[2022-05-12T15:31:09+0200] [MainThread] [I] [toil.worker] Redirecting logging to /tmp/3e7e6e3143fc5b3ebd21162f3e126fc7/5ab7/worker_log.txt
[2022-05-12T15:31:10+0200] [MainThread] [I] [toil.worker] Redirecting logging to /tmp/3e7e6e3143fc5b3ebd21162f3e126fc7/eab1/worker_log.txt
[2022-05-12T15:31:10+0200] [MainThread] [I] [toil.worker] Redirecting logging to /tmp/3e7e6e3143fc5b3ebd21162f3e126fc7/0c14/worker_log.txt
[2022-05-12T15:31:10+0200] [MainThread] [I] [toil.worker] Redirecting logging to /tmp/3e7e6e3143fc5b3ebd21162f3e126fc7/6089/worker_log.txt
[2022-05-12T15:31:10+0200] [MainThread] [I] [toil.worker] Redirecting logging to /tmp/3e7e6e3143fc5b3ebd21162f3e126fc7/638d/worker_log.txt
[2022-05-12T15:31:11+0200] [MainThread] [I] [toil.worker] Redirecting logging to /tmp/3e7e6e3143fc5b3ebd21162f3e126fc7/3818/worker_log.txt
[2022-05-12T15:31:11+0200] [MainThread] [I] [toil.worker] Redirecting logging to /tmp/3e7e6e3143fc5b3ebd21162f3e126fc7/cf3c/worker_log.txt
[2022-05-12T15:31:12+0200] [MainThread] [I] [toil.worker] Redirecting logging to /tmp/3e7e6e3143fc5b3ebd21162f3e126fc7/ac79/worker_log.txt
[2022-05-12T15:31:13+0200] [MainThread] [I] [toil.worker] Redirecting logging to /tmp/3e7e6e3143fc5b3ebd21162f3e126fc7/07cc/worker_log.txt
[2022-05-12T15:31:14+0200] [MainThread] [I] [toil.worker] Redirecting logging to /tmp/3e7e6e3143fc5b3ebd21162f3e126fc7/55a1/worker_log.txt
[2022-05-12T15:31:16+0200] [MainThread] [I] [toil.leader] Finished toil run successfully.
[2022-05-12T15:31:16+0200] [MainThread] [I] [toil.common] Successfully deleted the job store: FileJobStore(/tmp/tmpq1tbk5e5)
</system-err>
		</testcase>
		<testcase name="simplest conditional pattern (true), no javascript" time="12.466547" class="conditional, workflow" file="direct_optional_null_result_nojs" url="cwltest:conformance_tests#285">
			<system-out>{
    &quot;out1&quot;: &quot;foo 23&quot;
}</system-out>
			<system-err>[2022-05-12T15:31:01+0200] [MainThread] [I] [cwltool] Resolved 'tests/conditionals/cond-wf-001_nojs.cwl' to 'file:///home/michael/cwl-v1.2/tests/conditionals/cond-wf-001_nojs.cwl'
[2022-05-12T15:31:05+0200] [MainThread] [I] [toil.job] Saving graph of 2 jobs, 2 new
[2022-05-12T15:31:05+0200] [MainThread] [I] [toil.job] Processing job 'ResolveIndirect' kind-ResolveIndirect/instance-zzm7qlax v0
[2022-05-12T15:31:05+0200] [MainThread] [I] [toil.job] Processing job 'CWLWorkflow' kind-CWLWorkflow/instance-h8kc8j60 v0
[2022-05-12T15:31:05+0200] [MainThread] [I] [toil] Running Toil version 5.6.0-c34146a6437e4407a61e946e968bcce67a0ebbca on host mrc-tux.
[2022-05-12T15:31:05+0200] [MainThread] [I] [toil.worker] Redirecting logging to /tmp/bc3019c5aa525f62b532462f1fca14c9/763e/worker_log.txt
[2022-05-12T15:31:06+0200] [MainThread] [I] [toil.leader] 0 jobs are running, 0 jobs are issued and waiting to run
[2022-05-12T15:31:06+0200] [MainThread] [I] [toil.leader] Issued job 'CWLJob' cond-wf-001_nojs.cwl.step1.foo.cwl kind-CWLJob/instance-xbzzafhi v1 with job batch system ID: 1 and cores: 1, disk: 3.0 Gi, and memory: 2.0 Gi
[2022-05-12T15:31:06+0200] [MainThread] [I] [toil.worker] Redirecting logging to /tmp/bc3019c5aa525f62b532462f1fca14c9/4e2a/worker_log.txt
[2022-05-12T15:31:08+0200] [MainThread] [I] [toil.worker] Redirecting logging to /tmp/bc3019c5aa525f62b532462f1fca14c9/2c2d/worker_log.txt
[2022-05-12T15:31:10+0200] [MainThread] [I] [toil.worker] Redirecting logging to /tmp/bc3019c5aa525f62b532462f1fca14c9/6149/worker_log.txt
[2022-05-12T15:31:12+0200] [MainThread] [I] [toil.leader] Finished toil run successfully.
[2022-05-12T15:31:12+0200] [MainThread] [I] [toil.common] Successfully deleted the job store: FileJobStore(/tmp/tmp5pybwkyi)
</system-err>
		</testcase>
		<testcase name="simplest conditional pattern (false), no javascript" time="12.211555" class="conditional, workflow" file="direct_optional_nonnull_result_nojs" url="cwltest:conformance_tests#286">
			<system-out>{
    &quot;out1&quot;: null
}</system-out>
			<system-err>[2022-05-12T15:31:07+0200] [MainThread] [I] [cwltool] Resolved 'tests/conditionals/cond-wf-001_nojs.cwl' to 'file:///home/michael/cwl-v1.2/tests/conditionals/cond-wf-001_nojs.cwl'
[2022-05-12T15:31:13+0200] [MainThread] [I] [toil.job] Saving graph of 2 jobs, 2 new
[2022-05-12T15:31:13+0200] [MainThread] [I] [toil.job] Processing job 'ResolveIndirect' kind-ResolveIndirect/instance-3aurml0o v0
[2022-05-12T15:31:13+0200] [MainThread] [I] [toil.job] Processing job 'CWLWorkflow' kind-CWLWorkflow/instance-4g_uwi3q v0
[2022-05-12T15:31:13+0200] [MainThread] [I] [toil] Running Toil version 5.6.0-c34146a6437e4407a61e946e968bcce67a0ebbca on host mrc-tux.
[2022-05-12T15:31:14+0200] [MainThread] [I] [toil.worker] Redirecting logging to /tmp/fd20a7ecc4a75c8da11e7662fdbee494/09eb/worker_log.txt
[2022-05-12T15:31:14+0200] [MainThread] [I] [toil.leader] 0 jobs are running, 0 jobs are issued and waiting to run
[2022-05-12T15:31:14+0200] [MainThread] [I] [toil.leader] Issued job 'CWLJob' cond-wf-001_nojs.cwl.step1.foo.cwl kind-CWLJob/instance-vlkz385n v1 with job batch system ID: 1 and cores: 1, disk: 3.0 Gi, and memory: 2.0 Gi
[2022-05-12T15:31:14+0200] [MainThread] [I] [toil.worker] Redirecting logging to /tmp/fd20a7ecc4a75c8da11e7662fdbee494/319e/worker_log.txt
[2022-05-12T15:31:15+0200] [MainThread] [I] [toil.worker] Redirecting logging to /tmp/fd20a7ecc4a75c8da11e7662fdbee494/e240/worker_log.txt
[2022-05-12T15:31:16+0200] [MainThread] [I] [toil.worker] Redirecting logging to /tmp/fd20a7ecc4a75c8da11e7662fdbee494/4fc8/worker_log.txt
[2022-05-12T15:31:18+0200] [MainThread] [I] [toil.leader] Finished toil run successfully.
[2022-05-12T15:31:18+0200] [MainThread] [W] [toil.cwl.cwltoil] In Workflow output 'out1', SkipNull result found and cast to None. 
You had a conditional step that did not run, but you did not use pickValue to handle the skipped input.
[2022-05-12T15:31:18+0200] [MainThread] [I] [toil.common] Successfully deleted the job store: FileJobStore(/tmp/tmpcb5_4xem)
</system-err>
		</testcase>
		<testcase name="Should give validation warning because of required sink, no javascript" time="12.125648" class="conditional, workflow" file="direct_required_nojs" url="cwltest:conformance_tests#287">
			<system-out>{
    &quot;out1&quot;: null
}</system-out>
			<system-err>[2022-05-12T15:31:08+0200] [MainThread] [I] [cwltool] Resolved 'tests/conditionals/cond-wf-002_nojs.cwl' to 'file:///home/michael/cwl-v1.2/tests/conditionals/cond-wf-002_nojs.cwl'
[2022-05-12T15:31:13+0200] [MainThread] [W] [cwltool] Workflow checker warning:
tests/conditionals/cond-wf-002_nojs.cwl:17:11: Source 'out1' of type [&quot;null&quot;, &quot;string&quot;] may be
                                               incompatible
tests/conditionals/cond-wf-002_nojs.cwl:21:5:    with sink 'out1' of type &quot;string&quot;
                                                 Source is from conditional step and may produce
                                                 `null`
tests/conditionals/cond-wf-002_nojs.cwl:17:11: Source 'out1' of type [&quot;null&quot;, &quot;string&quot;] may be
                                               incompatible
tests/conditionals/cond-wf-002_nojs.cwl:21:5:    with sink 'out1' of type &quot;string&quot;
[2022-05-12T15:31:13+0200] [MainThread] [I] [toil.job] Saving graph of 2 jobs, 2 new
[2022-05-12T15:31:13+0200] [MainThread] [I] [toil.job] Processing job 'ResolveIndirect' kind-ResolveIndirect/instance-5p20_7o0 v0
[2022-05-12T15:31:13+0200] [MainThread] [I] [toil.job] Processing job 'CWLWorkflow' kind-CWLWorkflow/instance-6eic1sfy v0
[2022-05-12T15:31:13+0200] [MainThread] [I] [toil] Running Toil version 5.6.0-c34146a6437e4407a61e946e968bcce67a0ebbca on host mrc-tux.
[2022-05-12T15:31:14+0200] [MainThread] [I] [toil.worker] Redirecting logging to /tmp/bdfdfdf72ce35012a51b2c87c0946860/7ff9/worker_log.txt
[2022-05-12T15:31:14+0200] [MainThread] [I] [toil.leader] 0 jobs are running, 0 jobs are issued and waiting to run
[2022-05-12T15:31:14+0200] [MainThread] [I] [toil.leader] Issued job 'CWLJob' cond-wf-002_nojs.cwl.step1.foo.cwl kind-CWLJob/instance-iq748u5t v1 with job batch system ID: 1 and cores: 1, disk: 3.0 Gi, and memory: 2.0 Gi
[2022-05-12T15:31:15+0200] [MainThread] [I] [toil.worker] Redirecting logging to /tmp/bdfdfdf72ce35012a51b2c87c0946860/67cd/worker_log.txt
[2022-05-12T15:31:15+0200] [MainThread] [I] [toil.worker] Redirecting logging to /tmp/bdfdfdf72ce35012a51b2c87c0946860/a838/worker_log.txt
[2022-05-12T15:31:16+0200] [MainThread] [I] [toil.worker] Redirecting logging to /tmp/bdfdfdf72ce35012a51b2c87c0946860/95a2/worker_log.txt
[2022-05-12T15:31:18+0200] [MainThread] [I] [toil.leader] Finished toil run successfully.
[2022-05-12T15:31:18+0200] [MainThread] [W] [toil.cwl.cwltoil] In Workflow output 'out1', SkipNull result found and cast to None. 
You had a conditional step that did not run, but you did not use pickValue to handle the skipped input.
[2022-05-12T15:31:18+0200] [MainThread] [I] [toil.common] Successfully deleted the job store: FileJobStore(/tmp/tmpynqe70kz)
</system-err>
		</testcase>
		<testcase name="Pass through pattern with pickValue: first_non_null; 'when' is false'; no javascript" time="8.144451" class="conditional, multiple_input, workflow" file="pass_through_required_false_when_nojs" url="cwltest:conformance_tests#288">
			<system-out>{
    &quot;out1&quot;: &quot;Direct&quot;
}</system-out>
			<system-err>[2022-05-12T15:31:13+0200] [MainThread] [I] [cwltool] Resolved 'tests/conditionals/cond-wf-003_nojs.cwl' to 'file:///home/michael/cwl-v1.2/tests/conditionals/cond-wf-003_nojs.cwl'
[2022-05-12T15:31:16+0200] [MainThread] [I] [toil.job] Saving graph of 2 jobs, 2 new
[2022-05-12T15:31:16+0200] [MainThread] [I] [toil.job] Processing job 'ResolveIndirect' kind-ResolveIndirect/instance-m4ntcfcj v0
[2022-05-12T15:31:16+0200] [MainThread] [I] [toil.job] Processing job 'CWLWorkflow' kind-CWLWorkflow/instance-3tpsx0s4 v0
[2022-05-12T15:31:16+0200] [MainThread] [I] [toil] Running Toil version 5.6.0-c34146a6437e4407a61e946e968bcce67a0ebbca on host mrc-tux.
[2022-05-12T15:31:17+0200] [MainThread] [I] [toil.worker] Redirecting logging to /tmp/9f599d493e985a04b7b1793cb31d099a/d0c7/worker_log.txt
[2022-05-12T15:31:17+0200] [MainThread] [I] [toil.leader] 0 jobs are running, 0 jobs are issued and waiting to run
[2022-05-12T15:31:17+0200] [MainThread] [I] [toil.leader] Issued job 'CWLJob' cond-wf-003_nojs.cwl.step1.foo.cwl kind-CWLJob/instance-iwjxbvf7 v1 with job batch system ID: 1 and cores: 1, disk: 3.0 Gi, and memory: 2.0 Gi
[2022-05-12T15:31:17+0200] [MainThread] [I] [toil.worker] Redirecting logging to /tmp/9f599d493e985a04b7b1793cb31d099a/7cd8/worker_log.txt
[2022-05-12T15:31:18+0200] [MainThread] [I] [toil.worker] Redirecting logging to /tmp/9f599d493e985a04b7b1793cb31d099a/5e76/worker_log.txt
[2022-05-12T15:31:18+0200] [MainThread] [I] [toil.worker] Redirecting logging to /tmp/9f599d493e985a04b7b1793cb31d099a/84b6/worker_log.txt
[2022-05-12T15:31:20+0200] [MainThread] [I] [toil.leader] Finished toil run successfully.
[2022-05-12T15:31:20+0200] [MainThread] [I] [toil.common] Successfully deleted the job store: FileJobStore(/tmp/tmpovx8jygl)
</system-err>
		</testcase>
		<testcase name="pass through pattern with pickvalue: first_non_null; 'when' is true'; no javascript" time="7.613255" class="conditional, multiple_input, workflow" file="pass_through_required_true_when_nojs" url="cwltest:conformance_tests#289">
			<system-out>{
    &quot;out1&quot;: &quot;foo 23&quot;
}</system-out>
			<system-err>[2022-05-12T15:31:17+0200] [MainThread] [I] [cwltool] Resolved 'tests/conditionals/cond-wf-003_nojs.cwl' to 'file:///home/michael/cwl-v1.2/tests/conditionals/cond-wf-003_nojs.cwl'
[2022-05-12T15:31:19+0200] [MainThread] [I] [toil.job] Saving graph of 2 jobs, 2 new
[2022-05-12T15:31:19+0200] [MainThread] [I] [toil.job] Processing job 'ResolveIndirect' kind-ResolveIndirect/instance-kqinrwdi v0
[2022-05-12T15:31:19+0200] [MainThread] [I] [toil.job] Processing job 'CWLWorkflow' kind-CWLWorkflow/instance-0smbsyb5 v0
[2022-05-12T15:31:19+0200] [MainThread] [I] [toil] Running Toil version 5.6.0-c34146a6437e4407a61e946e968bcce67a0ebbca on host mrc-tux.
[2022-05-12T15:31:20+0200] [MainThread] [I] [toil.worker] Redirecting logging to /tmp/5b22c16c193059aebcd1ee58d478b5a1/3aad/worker_log.txt
[2022-05-12T15:31:20+0200] [MainThread] [I] [toil.leader] 0 jobs are running, 0 jobs are issued and waiting to run
[2022-05-12T15:31:20+0200] [MainThread] [I] [toil.leader] Issued job 'CWLJob' cond-wf-003_nojs.cwl.step1.foo.cwl kind-CWLJob/instance-e3i7uv_9 v1 with job batch system ID: 1 and cores: 1, disk: 3.0 Gi, and memory: 2.0 Gi
[2022-05-12T15:31:20+0200] [MainThread] [I] [toil.worker] Redirecting logging to /tmp/5b22c16c193059aebcd1ee58d478b5a1/1817/worker_log.txt
[2022-05-12T15:31:21+0200] [MainThread] [I] [toil.worker] Redirecting logging to /tmp/5b22c16c193059aebcd1ee58d478b5a1/980d/worker_log.txt
[2022-05-12T15:31:22+0200] [MainThread] [I] [toil.worker] Redirecting logging to /tmp/5b22c16c193059aebcd1ee58d478b5a1/fe78/worker_log.txt
[2022-05-12T15:31:23+0200] [MainThread] [I] [toil.leader] Finished toil run successfully.
[2022-05-12T15:31:23+0200] [MainThread] [I] [toil.common] Successfully deleted the job store: FileJobStore(/tmp/tmps34mn9iq)
</system-err>
		</testcase>
		<testcase name="pickValue: first_non_null first item is non null; no javascript" time="9.861635" class="conditional, multiple_input, workflow" file="first_non_null_first_non_null_nojs" url="cwltest:conformance_tests#290">
			<system-out>{
    &quot;out1&quot;: &quot;foo 23&quot;
}</system-out>
			<system-err>[2022-05-12T15:31:19+0200] [MainThread] [I] [cwltool] Resolved 'tests/conditionals/cond-wf-003.1_nojs.cwl' to 'file:///home/michael/cwl-v1.2/tests/conditionals/cond-wf-003.1_nojs.cwl'
[2022-05-12T15:31:23+0200] [MainThread] [I] [toil.job] Saving graph of 2 jobs, 2 new
[2022-05-12T15:31:23+0200] [MainThread] [I] [toil.job] Processing job 'ResolveIndirect' kind-ResolveIndirect/instance-4shh5gzj v0
[2022-05-12T15:31:23+0200] [MainThread] [I] [toil.job] Processing job 'CWLWorkflow' kind-CWLWorkflow/instance-8qxrs2fy v0
[2022-05-12T15:31:23+0200] [MainThread] [I] [toil] Running Toil version 5.6.0-c34146a6437e4407a61e946e968bcce67a0ebbca on host mrc-tux.
[2022-05-12T15:31:23+0200] [MainThread] [I] [toil.worker] Redirecting logging to /tmp/d11a5d9887a6570d837c4d7d9d814e1d/a6e9/worker_log.txt
[2022-05-12T15:31:24+0200] [MainThread] [I] [toil.leader] 0 jobs are running, 0 jobs are issued and waiting to run
[2022-05-12T15:31:24+0200] [MainThread] [I] [toil.leader] Issued job 'CWLJob' cond-wf-003.1_nojs.cwl.step2.foo.cwl kind-CWLJob/instance-ryxxsvz8 v1 with job batch system ID: 1 and cores: 1, disk: 3.0 Gi, and memory: 2.0 Gi
[2022-05-12T15:31:24+0200] [MainThread] [I] [toil.leader] Issued job 'CWLJob' cond-wf-003.1_nojs.cwl.step1.foo.cwl kind-CWLJob/instance-sg_cupft v1 with job batch system ID: 2 and cores: 1, disk: 3.0 Gi, and memory: 2.0 Gi
[2022-05-12T15:31:24+0200] [MainThread] [I] [toil.worker] Redirecting logging to /tmp/d11a5d9887a6570d837c4d7d9d814e1d/9edb/worker_log.txt
[2022-05-12T15:31:24+0200] [MainThread] [I] [toil.worker] Redirecting logging to /tmp/d11a5d9887a6570d837c4d7d9d814e1d/ad26/worker_log.txt
[2022-05-12T15:31:25+0200] [MainThread] [I] [toil.worker] Redirecting logging to /tmp/d11a5d9887a6570d837c4d7d9d814e1d/276b/worker_log.txt
[2022-05-12T15:31:26+0200] [MainThread] [I] [toil.worker] Redirecting logging to /tmp/d11a5d9887a6570d837c4d7d9d814e1d/4282/worker_log.txt
[2022-05-12T15:31:28+0200] [MainThread] [I] [toil.leader] Finished toil run successfully.
[2022-05-12T15:31:28+0200] [MainThread] [I] [toil.common] Successfully deleted the job store: FileJobStore(/tmp/tmpfzllc_bi)
</system-err>
		</testcase>
		<testcase name="pickValue: first_non_null needs at least one non null; no javascript" time="13.691166" class="conditional, multiple_input, workflow" file="first_non_null_all_null_nojs" url="cwltest:conformance_tests#291">
			<system-err>[2022-05-12T15:31:19+0200] [MainThread] [I] [cwltool] Resolved 'tests/conditionals/cond-wf-003.1_nojs.cwl' to 'file:///home/michael/cwl-v1.2/tests/conditionals/cond-wf-003.1_nojs.cwl'
[2022-05-12T15:31:23+0200] [MainThread] [I] [toil.job] Saving graph of 2 jobs, 2 new
[2022-05-12T15:31:23+0200] [MainThread] [I] [toil.job] Processing job 'ResolveIndirect' kind-ResolveIndirect/instance-6kqqobfe v0
[2022-05-12T15:31:23+0200] [MainThread] [I] [toil.job] Processing job 'CWLWorkflow' kind-CWLWorkflow/instance-7qi6dv3k v0
[2022-05-12T15:31:23+0200] [MainThread] [I] [toil] Running Toil version 5.6.0-c34146a6437e4407a61e946e968bcce67a0ebbca on host mrc-tux.
[2022-05-12T15:31:24+0200] [MainThread] [I] [toil.worker] Redirecting logging to /tmp/49adfb1575345bf197ab11fa7b0f2ce6/2f67/worker_log.txt
[2022-05-12T15:31:24+0200] [MainThread] [I] [toil.leader] 0 jobs are running, 0 jobs are issued and waiting to run
[2022-05-12T15:31:24+0200] [MainThread] [I] [toil.leader] Issued job 'CWLJob' cond-wf-003.1_nojs.cwl.step2.foo.cwl kind-CWLJob/instance-m9yzoof_ v1 with job batch system ID: 1 and cores: 1, disk: 3.0 Gi, and memory: 2.0 Gi
[2022-05-12T15:31:24+0200] [MainThread] [I] [toil.leader] Issued job 'CWLJob' cond-wf-003.1_nojs.cwl.step1.foo.cwl kind-CWLJob/instance-lpkzyz2k v1 with job batch system ID: 2 and cores: 1, disk: 3.0 Gi, and memory: 2.0 Gi
[2022-05-12T15:31:24+0200] [MainThread] [I] [toil.worker] Redirecting logging to /tmp/49adfb1575345bf197ab11fa7b0f2ce6/a886/worker_log.txt
[2022-05-12T15:31:25+0200] [MainThread] [I] [toil.worker] Redirecting logging to /tmp/49adfb1575345bf197ab11fa7b0f2ce6/813e/worker_log.txt
[2022-05-12T15:31:25+0200] [MainThread] [I] [toil.worker] Redirecting logging to /tmp/49adfb1575345bf197ab11fa7b0f2ce6/05d7/worker_log.txt
[2022-05-12T15:31:26+0200] [Thread-1 (daddy)] [E] [toil.batchSystems.singleMachine] Got exit code 1 (indicating failure) from job _toil_worker ResolveIndirect file:/tmp/tmppj3s479y kind-ResolveIndirect/instance-6kqqobfe.
[2022-05-12T15:31:26+0200] [MainThread] [W] [toil.leader] Job failed with exit value 1: 'ResolveIndirect' kind-ResolveIndirect/instance-6kqqobfe v1
Exit reason: None
[2022-05-12T15:31:26+0200] [MainThread] [W] [toil.leader] The job seems to have left a log file, indicating failure: 'ResolveIndirect' kind-ResolveIndirect/instance-6kqqobfe v2
[2022-05-12T15:31:26+0200] [MainThread] [W] [toil.leader] Log from job &quot;kind-ResolveIndirect/instance-6kqqobfe&quot; follows:
=========&gt;
	[2022-05-12T15:31:25+0200] [MainThread] [I] [toil.worker] ---TOIL WORKER OUTPUT LOG---
	[2022-05-12T15:31:25+0200] [MainThread] [I] [toil] Running Toil version 5.6.0-c34146a6437e4407a61e946e968bcce67a0ebbca on host mrc-tux.
	[2022-05-12T15:31:25+0200] [MainThread] [I] [toil.worker] Working on job 'ResolveIndirect' kind-ResolveIndirect/instance-6kqqobfe v1
	[2022-05-12T15:31:26+0200] [MainThread] [I] [toil.worker] Loaded body Job('ResolveIndirect' kind-ResolveIndirect/instance-6kqqobfe v1) from description 'ResolveIndirect' kind-ResolveIndirect/instance-6kqqobfe v1
	Traceback (most recent call last):
	  File &quot;/home/michael/common-workflow-language/toil5.6.0/lib/python3.10/site-packages/toil/worker.py&quot;, line 405, in workerScript
	    job._runner(jobGraph=None, jobStore=jobStore, fileStore=fileStore, defer=defer)
	  File &quot;/home/michael/common-workflow-language/toil5.6.0/lib/python3.10/site-packages/toil/job.py&quot;, line 2399, in _runner
	    returnValues = self._run(jobGraph=None, fileStore=fileStore)
	  File &quot;/home/michael/common-workflow-language/toil5.6.0/lib/python3.10/site-packages/toil/job.py&quot;, line 2317, in _run
	    return self.run(fileStore)
	  File &quot;/home/michael/common-workflow-language/toil5.6.0/lib/python3.10/site-packages/toil/cwl/cwltoil.py&quot;, line 1660, in run
	    return resolve_dict_w_promises(self.cwljob)
	  File &quot;/home/michael/common-workflow-language/toil5.6.0/lib/python3.10/site-packages/toil/cwl/cwltoil.py&quot;, line 555, in resolve_dict_w_promises
	    first_pass_results: CWLObjectType = {
	  File &quot;/home/michael/common-workflow-language/toil5.6.0/lib/python3.10/site-packages/toil/cwl/cwltoil.py&quot;, line 556, in &lt;dictcomp&gt;
	    k: v.resolve() for k, v in dict_w_promises.items()
	  File &quot;/home/michael/common-workflow-language/toil5.6.0/lib/python3.10/site-packages/toil/cwl/cwltoil.py&quot;, line 337, in resolve
	    result = self.pick_value(result)
	  File &quot;/home/michael/common-workflow-language/toil5.6.0/lib/python3.10/site-packages/toil/cwl/cwltoil.py&quot;, line 389, in pick_value
	    raise cwltool.errors.WorkflowException(
	cwltool.errors.WorkflowException: Workflow output 'out1': first_non_null operator found no non-null values
	[2022-05-12T15:31:26+0200] [MainThread] [E] [toil.worker] Exiting the worker because of a failed job on host mrc-tux
&lt;=========
[2022-05-12T15:31:26+0200] [MainThread] [W] [toil.job] Due to failure we are reducing the remaining try count of job 'ResolveIndirect' kind-ResolveIndirect/instance-6kqqobfe v2 with ID kind-ResolveIndirect/instance-6kqqobfe to 1
[2022-05-12T15:31:26+0200] [MainThread] [W] [toil.job] We have increased the default memory of the failed job 'ResolveIndirect' kind-ResolveIndirect/instance-6kqqobfe v2 to 2147483648 bytes
[2022-05-12T15:31:26+0200] [MainThread] [W] [toil.job] We have increased the disk of the failed job 'ResolveIndirect' kind-ResolveIndirect/instance-6kqqobfe v2 to the default of 2147483648 bytes
[2022-05-12T15:31:26+0200] [MainThread] [I] [toil.worker] Redirecting logging to /tmp/49adfb1575345bf197ab11fa7b0f2ce6/664f/worker_log.txt
[2022-05-12T15:31:27+0200] [Thread-1 (daddy)] [E] [toil.batchSystems.singleMachine] Got exit code 1 (indicating failure) from job _toil_worker ResolveIndirect file:/tmp/tmppj3s479y kind-ResolveIndirect/instance-6kqqobfe.
[2022-05-12T15:31:27+0200] [MainThread] [W] [toil.leader] Job failed with exit value 1: 'ResolveIndirect' kind-ResolveIndirect/instance-6kqqobfe v3
Exit reason: None
[2022-05-12T15:31:27+0200] [MainThread] [W] [toil.leader] The job seems to have left a log file, indicating failure: 'ResolveIndirect' kind-ResolveIndirect/instance-6kqqobfe v5
[2022-05-12T15:31:27+0200] [MainThread] [W] [toil.leader] Log from job &quot;kind-ResolveIndirect/instance-6kqqobfe&quot; follows:
=========&gt;
	[2022-05-12T15:31:26+0200] [MainThread] [I] [toil.worker] ---TOIL WORKER OUTPUT LOG---
	[2022-05-12T15:31:26+0200] [MainThread] [I] [toil] Running Toil version 5.6.0-c34146a6437e4407a61e946e968bcce67a0ebbca on host mrc-tux.
	[2022-05-12T15:31:26+0200] [MainThread] [I] [toil.worker] Working on job 'ResolveIndirect' kind-ResolveIndirect/instance-6kqqobfe v4
	[2022-05-12T15:31:26+0200] [MainThread] [I] [toil.worker] Loaded body Job('ResolveIndirect' kind-ResolveIndirect/instance-6kqqobfe v4) from description 'ResolveIndirect' kind-ResolveIndirect/instance-6kqqobfe v4
	Traceback (most recent call last):
	  File &quot;/home/michael/common-workflow-language/toil5.6.0/lib/python3.10/site-packages/toil/worker.py&quot;, line 405, in workerScript
	    job._runner(jobGraph=None, jobStore=jobStore, fileStore=fileStore, defer=defer)
	  File &quot;/home/michael/common-workflow-language/toil5.6.0/lib/python3.10/site-packages/toil/job.py&quot;, line 2399, in _runner
	    returnValues = self._run(jobGraph=None, fileStore=fileStore)
	  File &quot;/home/michael/common-workflow-language/toil5.6.0/lib/python3.10/site-packages/toil/job.py&quot;, line 2317, in _run
	    return self.run(fileStore)
	  File &quot;/home/michael/common-workflow-language/toil5.6.0/lib/python3.10/site-packages/toil/cwl/cwltoil.py&quot;, line 1660, in run
	    return resolve_dict_w_promises(self.cwljob)
	  File &quot;/home/michael/common-workflow-language/toil5.6.0/lib/python3.10/site-packages/toil/cwl/cwltoil.py&quot;, line 555, in resolve_dict_w_promises
	    first_pass_results: CWLObjectType = {
	  File &quot;/home/michael/common-workflow-language/toil5.6.0/lib/python3.10/site-packages/toil/cwl/cwltoil.py&quot;, line 556, in &lt;dictcomp&gt;
	    k: v.resolve() for k, v in dict_w_promises.items()
	  File &quot;/home/michael/common-workflow-language/toil5.6.0/lib/python3.10/site-packages/toil/cwl/cwltoil.py&quot;, line 337, in resolve
	    result = self.pick_value(result)
	  File &quot;/home/michael/common-workflow-language/toil5.6.0/lib/python3.10/site-packages/toil/cwl/cwltoil.py&quot;, line 389, in pick_value
	    raise cwltool.errors.WorkflowException(
	cwltool.errors.WorkflowException: Workflow output 'out1': first_non_null operator found no non-null values
	[2022-05-12T15:31:26+0200] [MainThread] [E] [toil.worker] Exiting the worker because of a failed job on host mrc-tux
&lt;=========
[2022-05-12T15:31:27+0200] [MainThread] [W] [toil.job] Due to failure we are reducing the remaining try count of job 'ResolveIndirect' kind-ResolveIndirect/instance-6kqqobfe v5 with ID kind-ResolveIndirect/instance-6kqqobfe to 0
[2022-05-12T15:31:27+0200] [MainThread] [W] [toil.leader] Job 'ResolveIndirect' kind-ResolveIndirect/instance-6kqqobfe v6 is completely failed
[2022-05-12T15:31:32+0200] [MainThread] [I] [toil.leader] Finished toil run with 2 failed jobs.
[2022-05-12T15:31:32+0200] [MainThread] [I] [toil.leader] Failed jobs at end of the run: 'CWLWorkflow' kind-CWLWorkflow/instance-7qi6dv3k v2 'ResolveIndirect' kind-ResolveIndirect/instance-6kqqobfe v6
Traceback (most recent call last):
  File &quot;/home/michael/common-workflow-language/toil5.6.0/bin/toil-cwl-runner&quot;, line 8, in &lt;module&gt;
    sys.exit(main())
  File &quot;/home/michael/common-workflow-language/toil5.6.0/lib/python3.10/site-packages/toil/cwl/cwltoil.py&quot;, line 3486, in main
    outobj = toil.start(wf1)
  File &quot;/home/michael/common-workflow-language/toil5.6.0/lib/python3.10/site-packages/toil/common.py&quot;, line 951, in start
    return self._runMainLoop(rootJobDescription)
  File &quot;/home/michael/common-workflow-language/toil5.6.0/lib/python3.10/site-packages/toil/common.py&quot;, line 1278, in _runMainLoop
    jobCache=self._jobCache).run()
  File &quot;/home/michael/common-workflow-language/toil5.6.0/lib/python3.10/site-packages/toil/leader.py&quot;, line 289, in run
    raise FailedJobsException(self.jobStore, failed_jobs, exit_code=self.recommended_fail_exit_code)
toil.leader.FailedJobsException: The job store '/tmp/tmppj3s479y' contains 2 failed jobs: 'CWLWorkflow' kind-CWLWorkflow/instance-7qi6dv3k v2, 'ResolveIndirect' kind-ResolveIndirect/instance-6kqqobfe v6
Log from job &quot;'ResolveIndirect' kind-ResolveIndirect/instance-6kqqobfe v6&quot; follows:
=========&gt;
	[2022-05-12T15:31:26+0200] [MainThread] [I] [toil.worker] ---TOIL WORKER OUTPUT LOG---
	[2022-05-12T15:31:26+0200] [MainThread] [I] [toil] Running Toil version 5.6.0-c34146a6437e4407a61e946e968bcce67a0ebbca on host mrc-tux.
	[2022-05-12T15:31:26+0200] [MainThread] [I] [toil.worker] Working on job 'ResolveIndirect' kind-ResolveIndirect/instance-6kqqobfe v4
	[2022-05-12T15:31:26+0200] [MainThread] [I] [toil.worker] Loaded body Job('ResolveIndirect' kind-ResolveIndirect/instance-6kqqobfe v4) from description 'ResolveIndirect' kind-ResolveIndirect/instance-6kqqobfe v4
	Traceback (most recent call last):
	  File &quot;/home/michael/common-workflow-language/toil5.6.0/lib/python3.10/site-packages/toil/worker.py&quot;, line 405, in workerScript
	    job._runner(jobGraph=None, jobStore=jobStore, fileStore=fileStore, defer=defer)
	  File &quot;/home/michael/common-workflow-language/toil5.6.0/lib/python3.10/site-packages/toil/job.py&quot;, line 2399, in _runner
	    returnValues = self._run(jobGraph=None, fileStore=fileStore)
	  File &quot;/home/michael/common-workflow-language/toil5.6.0/lib/python3.10/site-packages/toil/job.py&quot;, line 2317, in _run
	    return self.run(fileStore)
	  File &quot;/home/michael/common-workflow-language/toil5.6.0/lib/python3.10/site-packages/toil/cwl/cwltoil.py&quot;, line 1660, in run
	    return resolve_dict_w_promises(self.cwljob)
	  File &quot;/home/michael/common-workflow-language/toil5.6.0/lib/python3.10/site-packages/toil/cwl/cwltoil.py&quot;, line 555, in resolve_dict_w_promises
	    first_pass_results: CWLObjectType = {
	  File &quot;/home/michael/common-workflow-language/toil5.6.0/lib/python3.10/site-packages/toil/cwl/cwltoil.py&quot;, line 556, in &lt;dictcomp&gt;
	    k: v.resolve() for k, v in dict_w_promises.items()
	  File &quot;/home/michael/common-workflow-language/toil5.6.0/lib/python3.10/site-packages/toil/cwl/cwltoil.py&quot;, line 337, in resolve
	    result = self.pick_value(result)
	  File &quot;/home/michael/common-workflow-language/toil5.6.0/lib/python3.10/site-packages/toil/cwl/cwltoil.py&quot;, line 389, in pick_value
	    raise cwltool.errors.WorkflowException(
	cwltool.errors.WorkflowException: Workflow output 'out1': first_non_null operator found no non-null values
	[2022-05-12T15:31:26+0200] [MainThread] [E] [toil.worker] Exiting the worker because of a failed job on host mrc-tux
&lt;=========
</system-err>
		</testcase>
		<testcase name="pickValue: first_non_null second item is non null; no javascript" time="10.373180" class="conditional, multiple_input, workflow" file="first_non_null_second_non_null_nojs" url="cwltest:conformance_tests#292">
			<system-out>{
    &quot;out1&quot;: &quot;foo 23&quot;
}</system-out>
			<system-err>[2022-05-12T15:31:21+0200] [MainThread] [I] [cwltool] Resolved 'tests/conditionals/cond-wf-003.1_nojs.cwl' to 'file:///home/michael/cwl-v1.2/tests/conditionals/cond-wf-003.1_nojs.cwl'
[2022-05-12T15:31:25+0200] [MainThread] [I] [toil.job] Saving graph of 2 jobs, 2 new
[2022-05-12T15:31:25+0200] [MainThread] [I] [toil.job] Processing job 'ResolveIndirect' kind-ResolveIndirect/instance-0dh_arzz v0
[2022-05-12T15:31:25+0200] [MainThread] [I] [toil.job] Processing job 'CWLWorkflow' kind-CWLWorkflow/instance-4vihkp_9 v0
[2022-05-12T15:31:25+0200] [MainThread] [I] [toil] Running Toil version 5.6.0-c34146a6437e4407a61e946e968bcce67a0ebbca on host mrc-tux.
[2022-05-12T15:31:26+0200] [MainThread] [I] [toil.worker] Redirecting logging to /tmp/1f7aa37f5272588e88e4cd7f6537c95b/beb3/worker_log.txt
[2022-05-12T15:31:26+0200] [MainThread] [I] [toil.leader] 0 jobs are running, 0 jobs are issued and waiting to run
[2022-05-12T15:31:26+0200] [MainThread] [I] [toil.leader] Issued job 'CWLJob' cond-wf-003.1_nojs.cwl.step2.foo.cwl kind-CWLJob/instance-d4w0tt9r v1 with job batch system ID: 1 and cores: 1, disk: 3.0 Gi, and memory: 2.0 Gi
[2022-05-12T15:31:26+0200] [MainThread] [I] [toil.leader] Issued job 'CWLJob' cond-wf-003.1_nojs.cwl.step1.foo.cwl kind-CWLJob/instance-vcdevjcq v1 with job batch system ID: 2 and cores: 1, disk: 3.0 Gi, and memory: 2.0 Gi
[2022-05-12T15:31:27+0200] [MainThread] [I] [toil.worker] Redirecting logging to /tmp/1f7aa37f5272588e88e4cd7f6537c95b/c0c5/worker_log.txt
[2022-05-12T15:31:27+0200] [MainThread] [I] [toil.worker] Redirecting logging to /tmp/1f7aa37f5272588e88e4cd7f6537c95b/6510/worker_log.txt
[2022-05-12T15:31:28+0200] [MainThread] [I] [toil.worker] Redirecting logging to /tmp/1f7aa37f5272588e88e4cd7f6537c95b/5d6a/worker_log.txt
[2022-05-12T15:31:28+0200] [MainThread] [I] [toil.worker] Redirecting logging to /tmp/1f7aa37f5272588e88e4cd7f6537c95b/6356/worker_log.txt
[2022-05-12T15:31:30+0200] [MainThread] [I] [toil.leader] Finished toil run successfully.
[2022-05-12T15:31:31+0200] [MainThread] [I] [toil.common] Successfully deleted the job store: FileJobStore(/tmp/tmpkkmyivv9)
</system-err>
		</testcase>
		<testcase name="pickvalue: the_only_non_null will pass, only for false condition; no javascript" time="8.248379" class="conditional, multiple_input, workflow" file="pass_through_required_the_only_non_null_nojs" url="cwltest:conformance_tests#293">
			<system-out>{
    &quot;out1&quot;: &quot;Direct&quot;
}</system-out>
			<system-err>[2022-05-12T15:31:24+0200] [MainThread] [I] [cwltool] Resolved 'tests/conditionals/cond-wf-004_nojs.cwl' to 'file:///home/michael/cwl-v1.2/tests/conditionals/cond-wf-004_nojs.cwl'
[2022-05-12T15:31:28+0200] [MainThread] [I] [toil.job] Saving graph of 2 jobs, 2 new
[2022-05-12T15:31:28+0200] [MainThread] [I] [toil.job] Processing job 'ResolveIndirect' kind-ResolveIndirect/instance-yb5neykn v0
[2022-05-12T15:31:28+0200] [MainThread] [I] [toil.job] Processing job 'CWLWorkflow' kind-CWLWorkflow/instance-b9uimr2u v0
[2022-05-12T15:31:28+0200] [MainThread] [I] [toil] Running Toil version 5.6.0-c34146a6437e4407a61e946e968bcce67a0ebbca on host mrc-tux.
[2022-05-12T15:31:28+0200] [MainThread] [I] [toil.worker] Redirecting logging to /tmp/402924e400a2540999b44c23e38a108b/1227/worker_log.txt
[2022-05-12T15:31:28+0200] [MainThread] [I] [toil.leader] 0 jobs are running, 0 jobs are issued and waiting to run
[2022-05-12T15:31:28+0200] [MainThread] [I] [toil.leader] Issued job 'CWLJob' cond-wf-004_nojs.cwl.step1.foo.cwl kind-CWLJob/instance-zyn7z0xk v1 with job batch system ID: 1 and cores: 1, disk: 3.0 Gi, and memory: 2.0 Gi
[2022-05-12T15:31:29+0200] [MainThread] [I] [toil.worker] Redirecting logging to /tmp/402924e400a2540999b44c23e38a108b/b4de/worker_log.txt
[2022-05-12T15:31:29+0200] [MainThread] [I] [toil.worker] Redirecting logging to /tmp/402924e400a2540999b44c23e38a108b/8d4a/worker_log.txt
[2022-05-12T15:31:30+0200] [MainThread] [I] [toil.worker] Redirecting logging to /tmp/402924e400a2540999b44c23e38a108b/499e/worker_log.txt
[2022-05-12T15:31:32+0200] [MainThread] [I] [toil.leader] Finished toil run successfully.
[2022-05-12T15:31:32+0200] [MainThread] [I] [toil.common] Successfully deleted the job store: FileJobStore(/tmp/tmp7_reambk)
</system-err>
		</testcase>
		<testcase name="pickValue: the_only_non_null will fail due to multiple non nulls; no javascript" time="11.358686" class="conditional, multiple_input, workflow" file="pass_through_required_fail_nojs" url="cwltest:conformance_tests#294">
			<system-err>[2022-05-12T15:31:29+0200] [MainThread] [I] [cwltool] Resolved 'tests/conditionals/cond-wf-004_nojs.cwl' to 'file:///home/michael/cwl-v1.2/tests/conditionals/cond-wf-004_nojs.cwl'
[2022-05-12T15:31:31+0200] [MainThread] [I] [toil.job] Saving graph of 2 jobs, 2 new
[2022-05-12T15:31:31+0200] [MainThread] [I] [toil.job] Processing job 'ResolveIndirect' kind-ResolveIndirect/instance-98e8vvty v0
[2022-05-12T15:31:31+0200] [MainThread] [I] [toil.job] Processing job 'CWLWorkflow' kind-CWLWorkflow/instance-_b6tqm9k v0
[2022-05-12T15:31:31+0200] [MainThread] [I] [toil] Running Toil version 5.6.0-c34146a6437e4407a61e946e968bcce67a0ebbca on host mrc-tux.
[2022-05-12T15:31:32+0200] [MainThread] [I] [toil.worker] Redirecting logging to /tmp/1906f2c7cb4753dfac369b82df8d99da/a029/worker_log.txt
[2022-05-12T15:31:32+0200] [MainThread] [I] [toil.leader] 0 jobs are running, 0 jobs are issued and waiting to run
[2022-05-12T15:31:32+0200] [MainThread] [I] [toil.leader] Issued job 'CWLJob' cond-wf-004_nojs.cwl.step1.foo.cwl kind-CWLJob/instance-zzmf1i2c v1 with job batch system ID: 1 and cores: 1, disk: 3.0 Gi, and memory: 2.0 Gi
[2022-05-12T15:31:32+0200] [MainThread] [I] [toil.worker] Redirecting logging to /tmp/1906f2c7cb4753dfac369b82df8d99da/9844/worker_log.txt
[2022-05-12T15:31:33+0200] [MainThread] [I] [toil.worker] Redirecting logging to /tmp/1906f2c7cb4753dfac369b82df8d99da/52a1/worker_log.txt
[2022-05-12T15:31:33+0200] [Thread-1 (daddy)] [E] [toil.batchSystems.singleMachine] Got exit code 1 (indicating failure) from job _toil_worker ResolveIndirect file:/tmp/tmp228vct_w kind-ResolveIndirect/instance-98e8vvty.
[2022-05-12T15:31:33+0200] [MainThread] [W] [toil.leader] Job failed with exit value 1: 'ResolveIndirect' kind-ResolveIndirect/instance-98e8vvty v1
Exit reason: None
[2022-05-12T15:31:33+0200] [MainThread] [W] [toil.leader] The job seems to have left a log file, indicating failure: 'ResolveIndirect' kind-ResolveIndirect/instance-98e8vvty v2
[2022-05-12T15:31:33+0200] [MainThread] [W] [toil.leader] Log from job &quot;kind-ResolveIndirect/instance-98e8vvty&quot; follows:
=========&gt;
	[2022-05-12T15:31:33+0200] [MainThread] [I] [toil.worker] ---TOIL WORKER OUTPUT LOG---
	[2022-05-12T15:31:33+0200] [MainThread] [I] [toil] Running Toil version 5.6.0-c34146a6437e4407a61e946e968bcce67a0ebbca on host mrc-tux.
	[2022-05-12T15:31:33+0200] [MainThread] [I] [toil.worker] Working on job 'ResolveIndirect' kind-ResolveIndirect/instance-98e8vvty v1
	[2022-05-12T15:31:33+0200] [MainThread] [I] [toil.worker] Loaded body Job('ResolveIndirect' kind-ResolveIndirect/instance-98e8vvty v1) from description 'ResolveIndirect' kind-ResolveIndirect/instance-98e8vvty v1
	Traceback (most recent call last):
	  File &quot;/home/michael/common-workflow-language/toil5.6.0/lib/python3.10/site-packages/toil/worker.py&quot;, line 405, in workerScript
	    job._runner(jobGraph=None, jobStore=jobStore, fileStore=fileStore, defer=defer)
	  File &quot;/home/michael/common-workflow-language/toil5.6.0/lib/python3.10/site-packages/toil/job.py&quot;, line 2399, in _runner
	    returnValues = self._run(jobGraph=None, fileStore=fileStore)
	  File &quot;/home/michael/common-workflow-language/toil5.6.0/lib/python3.10/site-packages/toil/job.py&quot;, line 2317, in _run
	    return self.run(fileStore)
	  File &quot;/home/michael/common-workflow-language/toil5.6.0/lib/python3.10/site-packages/toil/cwl/cwltoil.py&quot;, line 1660, in run
	    return resolve_dict_w_promises(self.cwljob)
	  File &quot;/home/michael/common-workflow-language/toil5.6.0/lib/python3.10/site-packages/toil/cwl/cwltoil.py&quot;, line 555, in resolve_dict_w_promises
	    first_pass_results: CWLObjectType = {
	  File &quot;/home/michael/common-workflow-language/toil5.6.0/lib/python3.10/site-packages/toil/cwl/cwltoil.py&quot;, line 556, in &lt;dictcomp&gt;
	    k: v.resolve() for k, v in dict_w_promises.items()
	  File &quot;/home/michael/common-workflow-language/toil5.6.0/lib/python3.10/site-packages/toil/cwl/cwltoil.py&quot;, line 337, in resolve
	    result = self.pick_value(result)
	  File &quot;/home/michael/common-workflow-language/toil5.6.0/lib/python3.10/site-packages/toil/cwl/cwltoil.py&quot;, line 402, in pick_value
	    raise cwltool.errors.WorkflowException(
	cwltool.errors.WorkflowException: Workflow output 'out1': the_only_non_null operator found more than one non-null values
	[2022-05-12T15:31:33+0200] [MainThread] [E] [toil.worker] Exiting the worker because of a failed job on host mrc-tux
&lt;=========
[2022-05-12T15:31:33+0200] [MainThread] [W] [toil.job] Due to failure we are reducing the remaining try count of job 'ResolveIndirect' kind-ResolveIndirect/instance-98e8vvty v2 with ID kind-ResolveIndirect/instance-98e8vvty to 1
[2022-05-12T15:31:33+0200] [MainThread] [W] [toil.job] We have increased the default memory of the failed job 'ResolveIndirect' kind-ResolveIndirect/instance-98e8vvty v2 to 2147483648 bytes
[2022-05-12T15:31:33+0200] [MainThread] [W] [toil.job] We have increased the disk of the failed job 'ResolveIndirect' kind-ResolveIndirect/instance-98e8vvty v2 to the default of 2147483648 bytes
[2022-05-12T15:31:34+0200] [MainThread] [I] [toil.worker] Redirecting logging to /tmp/1906f2c7cb4753dfac369b82df8d99da/3243/worker_log.txt
[2022-05-12T15:31:34+0200] [Thread-1 (daddy)] [E] [toil.batchSystems.singleMachine] Got exit code 1 (indicating failure) from job _toil_worker ResolveIndirect file:/tmp/tmp228vct_w kind-ResolveIndirect/instance-98e8vvty.
[2022-05-12T15:31:34+0200] [MainThread] [W] [toil.leader] Job failed with exit value 1: 'ResolveIndirect' kind-ResolveIndirect/instance-98e8vvty v3
Exit reason: None
[2022-05-12T15:31:34+0200] [MainThread] [W] [toil.leader] The job seems to have left a log file, indicating failure: 'ResolveIndirect' kind-ResolveIndirect/instance-98e8vvty v5
[2022-05-12T15:31:34+0200] [MainThread] [W] [toil.leader] Log from job &quot;kind-ResolveIndirect/instance-98e8vvty&quot; follows:
=========&gt;
	[2022-05-12T15:31:34+0200] [MainThread] [I] [toil.worker] ---TOIL WORKER OUTPUT LOG---
	[2022-05-12T15:31:34+0200] [MainThread] [I] [toil] Running Toil version 5.6.0-c34146a6437e4407a61e946e968bcce67a0ebbca on host mrc-tux.
	[2022-05-12T15:31:34+0200] [MainThread] [I] [toil.worker] Working on job 'ResolveIndirect' kind-ResolveIndirect/instance-98e8vvty v4
	[2022-05-12T15:31:34+0200] [MainThread] [I] [toil.worker] Loaded body Job('ResolveIndirect' kind-ResolveIndirect/instance-98e8vvty v4) from description 'ResolveIndirect' kind-ResolveIndirect/instance-98e8vvty v4
	Traceback (most recent call last):
	  File &quot;/home/michael/common-workflow-language/toil5.6.0/lib/python3.10/site-packages/toil/worker.py&quot;, line 405, in workerScript
	    job._runner(jobGraph=None, jobStore=jobStore, fileStore=fileStore, defer=defer)
	  File &quot;/home/michael/common-workflow-language/toil5.6.0/lib/python3.10/site-packages/toil/job.py&quot;, line 2399, in _runner
	    returnValues = self._run(jobGraph=None, fileStore=fileStore)
	  File &quot;/home/michael/common-workflow-language/toil5.6.0/lib/python3.10/site-packages/toil/job.py&quot;, line 2317, in _run
	    return self.run(fileStore)
	  File &quot;/home/michael/common-workflow-language/toil5.6.0/lib/python3.10/site-packages/toil/cwl/cwltoil.py&quot;, line 1660, in run
	    return resolve_dict_w_promises(self.cwljob)
	  File &quot;/home/michael/common-workflow-language/toil5.6.0/lib/python3.10/site-packages/toil/cwl/cwltoil.py&quot;, line 555, in resolve_dict_w_promises
	    first_pass_results: CWLObjectType = {
	  File &quot;/home/michael/common-workflow-language/toil5.6.0/lib/python3.10/site-packages/toil/cwl/cwltoil.py&quot;, line 556, in &lt;dictcomp&gt;
	    k: v.resolve() for k, v in dict_w_promises.items()
	  File &quot;/home/michael/common-workflow-language/toil5.6.0/lib/python3.10/site-packages/toil/cwl/cwltoil.py&quot;, line 337, in resolve
	    result = self.pick_value(result)
	  File &quot;/home/michael/common-workflow-language/toil5.6.0/lib/python3.10/site-packages/toil/cwl/cwltoil.py&quot;, line 402, in pick_value
	    raise cwltool.errors.WorkflowException(
	cwltool.errors.WorkflowException: Workflow output 'out1': the_only_non_null operator found more than one non-null values
	[2022-05-12T15:31:34+0200] [MainThread] [E] [toil.worker] Exiting the worker because of a failed job on host mrc-tux
&lt;=========
[2022-05-12T15:31:34+0200] [MainThread] [W] [toil.job] Due to failure we are reducing the remaining try count of job 'ResolveIndirect' kind-ResolveIndirect/instance-98e8vvty v5 with ID kind-ResolveIndirect/instance-98e8vvty to 0
[2022-05-12T15:31:34+0200] [MainThread] [W] [toil.leader] Job 'ResolveIndirect' kind-ResolveIndirect/instance-98e8vvty v6 is completely failed
[2022-05-12T15:31:39+0200] [MainThread] [I] [toil.leader] Finished toil run with 2 failed jobs.
[2022-05-12T15:31:39+0200] [MainThread] [I] [toil.leader] Failed jobs at end of the run: 'ResolveIndirect' kind-ResolveIndirect/instance-98e8vvty v6 'CWLWorkflow' kind-CWLWorkflow/instance-_b6tqm9k v2
Traceback (most recent call last):
  File &quot;/home/michael/common-workflow-language/toil5.6.0/bin/toil-cwl-runner&quot;, line 8, in &lt;module&gt;
    sys.exit(main())
  File &quot;/home/michael/common-workflow-language/toil5.6.0/lib/python3.10/site-packages/toil/cwl/cwltoil.py&quot;, line 3486, in main
    outobj = toil.start(wf1)
  File &quot;/home/michael/common-workflow-language/toil5.6.0/lib/python3.10/site-packages/toil/common.py&quot;, line 951, in start
    return self._runMainLoop(rootJobDescription)
  File &quot;/home/michael/common-workflow-language/toil5.6.0/lib/python3.10/site-packages/toil/common.py&quot;, line 1278, in _runMainLoop
    jobCache=self._jobCache).run()
  File &quot;/home/michael/common-workflow-language/toil5.6.0/lib/python3.10/site-packages/toil/leader.py&quot;, line 289, in run
    raise FailedJobsException(self.jobStore, failed_jobs, exit_code=self.recommended_fail_exit_code)
toil.leader.FailedJobsException: The job store '/tmp/tmp228vct_w' contains 2 failed jobs: 'ResolveIndirect' kind-ResolveIndirect/instance-98e8vvty v6, 'CWLWorkflow' kind-CWLWorkflow/instance-_b6tqm9k v2
Log from job &quot;'ResolveIndirect' kind-ResolveIndirect/instance-98e8vvty v6&quot; follows:
=========&gt;
	[2022-05-12T15:31:34+0200] [MainThread] [I] [toil.worker] ---TOIL WORKER OUTPUT LOG---
	[2022-05-12T15:31:34+0200] [MainThread] [I] [toil] Running Toil version 5.6.0-c34146a6437e4407a61e946e968bcce67a0ebbca on host mrc-tux.
	[2022-05-12T15:31:34+0200] [MainThread] [I] [toil.worker] Working on job 'ResolveIndirect' kind-ResolveIndirect/instance-98e8vvty v4
	[2022-05-12T15:31:34+0200] [MainThread] [I] [toil.worker] Loaded body Job('ResolveIndirect' kind-ResolveIndirect/instance-98e8vvty v4) from description 'ResolveIndirect' kind-ResolveIndirect/instance-98e8vvty v4
	Traceback (most recent call last):
	  File &quot;/home/michael/common-workflow-language/toil5.6.0/lib/python3.10/site-packages/toil/worker.py&quot;, line 405, in workerScript
	    job._runner(jobGraph=None, jobStore=jobStore, fileStore=fileStore, defer=defer)
	  File &quot;/home/michael/common-workflow-language/toil5.6.0/lib/python3.10/site-packages/toil/job.py&quot;, line 2399, in _runner
	    returnValues = self._run(jobGraph=None, fileStore=fileStore)
	  File &quot;/home/michael/common-workflow-language/toil5.6.0/lib/python3.10/site-packages/toil/job.py&quot;, line 2317, in _run
	    return self.run(fileStore)
	  File &quot;/home/michael/common-workflow-language/toil5.6.0/lib/python3.10/site-packages/toil/cwl/cwltoil.py&quot;, line 1660, in run
	    return resolve_dict_w_promises(self.cwljob)
	  File &quot;/home/michael/common-workflow-language/toil5.6.0/lib/python3.10/site-packages/toil/cwl/cwltoil.py&quot;, line 555, in resolve_dict_w_promises
	    first_pass_results: CWLObjectType = {
	  File &quot;/home/michael/common-workflow-language/toil5.6.0/lib/python3.10/site-packages/toil/cwl/cwltoil.py&quot;, line 556, in &lt;dictcomp&gt;
	    k: v.resolve() for k, v in dict_w_promises.items()
	  File &quot;/home/michael/common-workflow-language/toil5.6.0/lib/python3.10/site-packages/toil/cwl/cwltoil.py&quot;, line 337, in resolve
	    result = self.pick_value(result)
	  File &quot;/home/michael/common-workflow-language/toil5.6.0/lib/python3.10/site-packages/toil/cwl/cwltoil.py&quot;, line 402, in pick_value
	    raise cwltool.errors.WorkflowException(
	cwltool.errors.WorkflowException: Workflow output 'out1': the_only_non_null operator found more than one non-null values
	[2022-05-12T15:31:34+0200] [MainThread] [E] [toil.worker] Exiting the worker because of a failed job on host mrc-tux
&lt;=========
</system-err>
		</testcase>
		<testcase name="pickValue: all_non_null will fail validation; no javascript" time="3.357918" class="conditional, multiple_input, workflow" file="all_non_null_multi_with_non_array_output_nojs" url="cwltest:conformance_tests#295">
			<system-err>[2022-05-12T15:31:31+0200] [MainThread] [I] [cwltool] Resolved 'tests/conditionals/cond-wf-005_nojs.cwl' to 'file:///home/michael/cwl-v1.2/tests/conditionals/cond-wf-005_nojs.cwl'
Traceback (most recent call last):
  File &quot;/home/michael/common-workflow-language/toil5.6.0/bin/toil-cwl-runner&quot;, line 8, in &lt;module&gt;
    sys.exit(main())
  File &quot;/home/michael/common-workflow-language/toil5.6.0/lib/python3.10/site-packages/toil/cwl/cwltoil.py&quot;, line 3354, in main
    tool = cwltool.load_tool.make_tool(uri, loading_context)
  File &quot;/home/michael/common-workflow-language/toil5.6.0/lib/python3.10/site-packages/cwltool/load_tool.py&quot;, line 470, in make_tool
    tool = loadingContext.construct_tool_object(processobj, loadingContext)
  File &quot;/home/michael/common-workflow-language/toil5.6.0/lib/python3.10/site-packages/toil/cwl/cwltoil.py&quot;, line 971, in toil_make_tool
    return cwltool.workflow.default_make_tool(toolpath_object, loadingContext)
  File &quot;/home/michael/common-workflow-language/toil5.6.0/lib/python3.10/site-packages/cwltool/workflow.py&quot;, line 51, in default_make_tool
    return Workflow(toolpath_object, loadingContext)
  File &quot;/home/michael/common-workflow-language/toil5.6.0/lib/python3.10/site-packages/cwltool/workflow.py&quot;, line 135, in __init__
    static_checker(
  File &quot;/home/michael/common-workflow-language/toil5.6.0/lib/python3.10/site-packages/cwltool/checker.py&quot;, line 331, in static_checker
    raise ValidationException(all_exception_msg)
schema_salad.exceptions.ValidationException: 
tests/conditionals/cond-wf-005_nojs.cwl:20:11: Source 'out1' of type &quot;string&quot; is incompatible
tests/conditionals/cond-wf-005_nojs.cwl:24:5:     with sink 'out1' of type &quot;string&quot;
                                                 pickValue is: all_non_null
                                                 source has linkMerge method merge_nested
tests/conditionals/cond-wf-005_nojs.cwl:9:5:     Source 'def' of type &quot;string&quot; is incompatible
tests/conditionals/cond-wf-005_nojs.cwl:24:5:     with sink 'out1' of type &quot;string&quot;
                                                 pickValue is: all_non_null
                                                 source has linkMerge method merge_nested
</system-err>
		</testcase>
		<testcase name="pickValue: the_only_non_null will pass for only one active node; no javascript" time="9.713366" class="conditional, multiple_input, workflow" file="the_only_non_null_single_true_nojs" url="cwltest:conformance_tests#296">
			<system-out>{
    &quot;out1&quot;: &quot;bar 23&quot;
}</system-out>
			<system-err>[2022-05-12T15:31:32+0200] [MainThread] [I] [cwltool] Resolved 'tests/conditionals/cond-wf-006_nojs.cwl' to 'file:///home/michael/cwl-v1.2/tests/conditionals/cond-wf-006_nojs.cwl'
[2022-05-12T15:31:36+0200] [MainThread] [I] [toil.job] Saving graph of 2 jobs, 2 new
[2022-05-12T15:31:36+0200] [MainThread] [I] [toil.job] Processing job 'ResolveIndirect' kind-ResolveIndirect/instance-p3mti0jf v0
[2022-05-12T15:31:36+0200] [MainThread] [I] [toil.job] Processing job 'CWLWorkflow' kind-CWLWorkflow/instance-ohnci3py v0
[2022-05-12T15:31:36+0200] [MainThread] [I] [toil] Running Toil version 5.6.0-c34146a6437e4407a61e946e968bcce67a0ebbca on host mrc-tux.
[2022-05-12T15:31:37+0200] [MainThread] [I] [toil.worker] Redirecting logging to /tmp/baedbbf4396a56a6b5171fcd1db74c7d/ad27/worker_log.txt
[2022-05-12T15:31:37+0200] [MainThread] [I] [toil.leader] 0 jobs are running, 0 jobs are issued and waiting to run
[2022-05-12T15:31:37+0200] [MainThread] [I] [toil.leader] Issued job 'CWLJob' cond-wf-006_nojs.cwl.step2.bar.cwl kind-CWLJob/instance-6msqu53i v1 with job batch system ID: 1 and cores: 1, disk: 3.0 Gi, and memory: 2.0 Gi
[2022-05-12T15:31:37+0200] [MainThread] [I] [toil.leader] Issued job 'CWLJob' cond-wf-006_nojs.cwl.step1.foo.cwl kind-CWLJob/instance-tz6geyj1 v1 with job batch system ID: 2 and cores: 1, disk: 3.0 Gi, and memory: 2.0 Gi
[2022-05-12T15:31:38+0200] [MainThread] [I] [toil.worker] Redirecting logging to /tmp/baedbbf4396a56a6b5171fcd1db74c7d/b218/worker_log.txt
[2022-05-12T15:31:38+0200] [MainThread] [I] [toil.worker] Redirecting logging to /tmp/baedbbf4396a56a6b5171fcd1db74c7d/d36e/worker_log.txt
[2022-05-12T15:31:38+0200] [MainThread] [I] [toil.worker] Redirecting logging to /tmp/baedbbf4396a56a6b5171fcd1db74c7d/a669/worker_log.txt
[2022-05-12T15:31:39+0200] [MainThread] [I] [toil.worker] Redirecting logging to /tmp/baedbbf4396a56a6b5171fcd1db74c7d/b5c6/worker_log.txt
[2022-05-12T15:31:41+0200] [MainThread] [I] [toil.leader] Finished toil run successfully.
[2022-05-12T15:31:41+0200] [MainThread] [I] [toil.common] Successfully deleted the job store: FileJobStore(/tmp/tmpwotkml0t)
</system-err>
		</testcase>
		<testcase name="pickValue: the_only_non_null will fail with two active nodes; no javascript" time="13.810950" class="conditional, multiple_input, workflow" file="the_only_non_null_multi_true_nojs" url="cwltest:conformance_tests#297">
			<system-err>[2022-05-12T15:31:33+0200] [MainThread] [I] [cwltool] Resolved 'tests/conditionals/cond-wf-006_nojs.cwl' to 'file:///home/michael/cwl-v1.2/tests/conditionals/cond-wf-006_nojs.cwl'
[2022-05-12T15:31:37+0200] [MainThread] [I] [toil.job] Saving graph of 2 jobs, 2 new
[2022-05-12T15:31:37+0200] [MainThread] [I] [toil.job] Processing job 'ResolveIndirect' kind-ResolveIndirect/instance-1bae231p v0
[2022-05-12T15:31:37+0200] [MainThread] [I] [toil.job] Processing job 'CWLWorkflow' kind-CWLWorkflow/instance-h0h36j6y v0
[2022-05-12T15:31:37+0200] [MainThread] [I] [toil] Running Toil version 5.6.0-c34146a6437e4407a61e946e968bcce67a0ebbca on host mrc-tux.
[2022-05-12T15:31:37+0200] [MainThread] [I] [toil.worker] Redirecting logging to /tmp/a37974d87b605b39a9f11d877fb01fdf/276d/worker_log.txt
[2022-05-12T15:31:38+0200] [MainThread] [I] [toil.leader] 0 jobs are running, 0 jobs are issued and waiting to run
[2022-05-12T15:31:38+0200] [MainThread] [I] [toil.leader] Issued job 'CWLJob' cond-wf-006_nojs.cwl.step2.bar.cwl kind-CWLJob/instance-dqfsvgxo v1 with job batch system ID: 1 and cores: 1, disk: 3.0 Gi, and memory: 2.0 Gi
[2022-05-12T15:31:38+0200] [MainThread] [I] [toil.leader] Issued job 'CWLJob' cond-wf-006_nojs.cwl.step1.foo.cwl kind-CWLJob/instance-ehcuech7 v1 with job batch system ID: 2 and cores: 1, disk: 3.0 Gi, and memory: 2.0 Gi
[2022-05-12T15:31:38+0200] [MainThread] [I] [toil.worker] Redirecting logging to /tmp/a37974d87b605b39a9f11d877fb01fdf/b9d9/worker_log.txt
[2022-05-12T15:31:38+0200] [MainThread] [I] [toil.worker] Redirecting logging to /tmp/a37974d87b605b39a9f11d877fb01fdf/40b8/worker_log.txt
[2022-05-12T15:31:39+0200] [MainThread] [I] [toil.worker] Redirecting logging to /tmp/a37974d87b605b39a9f11d877fb01fdf/67f6/worker_log.txt
[2022-05-12T15:31:39+0200] [Thread-1 (daddy)] [E] [toil.batchSystems.singleMachine] Got exit code 1 (indicating failure) from job _toil_worker ResolveIndirect file:/tmp/tmpwgcna6rg kind-ResolveIndirect/instance-1bae231p.
[2022-05-12T15:31:39+0200] [MainThread] [W] [toil.leader] Job failed with exit value 1: 'ResolveIndirect' kind-ResolveIndirect/instance-1bae231p v1
Exit reason: None
[2022-05-12T15:31:39+0200] [MainThread] [W] [toil.leader] The job seems to have left a log file, indicating failure: 'ResolveIndirect' kind-ResolveIndirect/instance-1bae231p v2
[2022-05-12T15:31:39+0200] [MainThread] [W] [toil.leader] Log from job &quot;kind-ResolveIndirect/instance-1bae231p&quot; follows:
=========&gt;
	[2022-05-12T15:31:39+0200] [MainThread] [I] [toil.worker] ---TOIL WORKER OUTPUT LOG---
	[2022-05-12T15:31:39+0200] [MainThread] [I] [toil] Running Toil version 5.6.0-c34146a6437e4407a61e946e968bcce67a0ebbca on host mrc-tux.
	[2022-05-12T15:31:39+0200] [MainThread] [I] [toil.worker] Working on job 'ResolveIndirect' kind-ResolveIndirect/instance-1bae231p v1
	[2022-05-12T15:31:39+0200] [MainThread] [I] [toil.worker] Loaded body Job('ResolveIndirect' kind-ResolveIndirect/instance-1bae231p v1) from description 'ResolveIndirect' kind-ResolveIndirect/instance-1bae231p v1
	Traceback (most recent call last):
	  File &quot;/home/michael/common-workflow-language/toil5.6.0/lib/python3.10/site-packages/toil/worker.py&quot;, line 405, in workerScript
	    job._runner(jobGraph=None, jobStore=jobStore, fileStore=fileStore, defer=defer)
	  File &quot;/home/michael/common-workflow-language/toil5.6.0/lib/python3.10/site-packages/toil/job.py&quot;, line 2399, in _runner
	    returnValues = self._run(jobGraph=None, fileStore=fileStore)
	  File &quot;/home/michael/common-workflow-language/toil5.6.0/lib/python3.10/site-packages/toil/job.py&quot;, line 2317, in _run
	    return self.run(fileStore)
	  File &quot;/home/michael/common-workflow-language/toil5.6.0/lib/python3.10/site-packages/toil/cwl/cwltoil.py&quot;, line 1660, in run
	    return resolve_dict_w_promises(self.cwljob)
	  File &quot;/home/michael/common-workflow-language/toil5.6.0/lib/python3.10/site-packages/toil/cwl/cwltoil.py&quot;, line 555, in resolve_dict_w_promises
	    first_pass_results: CWLObjectType = {
	  File &quot;/home/michael/common-workflow-language/toil5.6.0/lib/python3.10/site-packages/toil/cwl/cwltoil.py&quot;, line 556, in &lt;dictcomp&gt;
	    k: v.resolve() for k, v in dict_w_promises.items()
	  File &quot;/home/michael/common-workflow-language/toil5.6.0/lib/python3.10/site-packages/toil/cwl/cwltoil.py&quot;, line 337, in resolve
	    result = self.pick_value(result)
	  File &quot;/home/michael/common-workflow-language/toil5.6.0/lib/python3.10/site-packages/toil/cwl/cwltoil.py&quot;, line 402, in pick_value
	    raise cwltool.errors.WorkflowException(
	cwltool.errors.WorkflowException: Workflow output 'out1': the_only_non_null operator found more than one non-null values
	[2022-05-12T15:31:39+0200] [MainThread] [E] [toil.worker] Exiting the worker because of a failed job on host mrc-tux
&lt;=========
[2022-05-12T15:31:39+0200] [MainThread] [W] [toil.job] Due to failure we are reducing the remaining try count of job 'ResolveIndirect' kind-ResolveIndirect/instance-1bae231p v2 with ID kind-ResolveIndirect/instance-1bae231p to 1
[2022-05-12T15:31:39+0200] [MainThread] [W] [toil.job] We have increased the default memory of the failed job 'ResolveIndirect' kind-ResolveIndirect/instance-1bae231p v2 to 2147483648 bytes
[2022-05-12T15:31:39+0200] [MainThread] [W] [toil.job] We have increased the disk of the failed job 'ResolveIndirect' kind-ResolveIndirect/instance-1bae231p v2 to the default of 2147483648 bytes
[2022-05-12T15:31:40+0200] [MainThread] [I] [toil.worker] Redirecting logging to /tmp/a37974d87b605b39a9f11d877fb01fdf/1374/worker_log.txt
[2022-05-12T15:31:40+0200] [Thread-1 (daddy)] [E] [toil.batchSystems.singleMachine] Got exit code 1 (indicating failure) from job _toil_worker ResolveIndirect file:/tmp/tmpwgcna6rg kind-ResolveIndirect/instance-1bae231p.
[2022-05-12T15:31:40+0200] [MainThread] [W] [toil.leader] Job failed with exit value 1: 'ResolveIndirect' kind-ResolveIndirect/instance-1bae231p v3
Exit reason: None
[2022-05-12T15:31:40+0200] [MainThread] [W] [toil.leader] The job seems to have left a log file, indicating failure: 'ResolveIndirect' kind-ResolveIndirect/instance-1bae231p v5
[2022-05-12T15:31:40+0200] [MainThread] [W] [toil.leader] Log from job &quot;kind-ResolveIndirect/instance-1bae231p&quot; follows:
=========&gt;
	[2022-05-12T15:31:40+0200] [MainThread] [I] [toil.worker] ---TOIL WORKER OUTPUT LOG---
	[2022-05-12T15:31:40+0200] [MainThread] [I] [toil] Running Toil version 5.6.0-c34146a6437e4407a61e946e968bcce67a0ebbca on host mrc-tux.
	[2022-05-12T15:31:40+0200] [MainThread] [I] [toil.worker] Working on job 'ResolveIndirect' kind-ResolveIndirect/instance-1bae231p v4
	[2022-05-12T15:31:40+0200] [MainThread] [I] [toil.worker] Loaded body Job('ResolveIndirect' kind-ResolveIndirect/instance-1bae231p v4) from description 'ResolveIndirect' kind-ResolveIndirect/instance-1bae231p v4
	Traceback (most recent call last):
	  File &quot;/home/michael/common-workflow-language/toil5.6.0/lib/python3.10/site-packages/toil/worker.py&quot;, line 405, in workerScript
	    job._runner(jobGraph=None, jobStore=jobStore, fileStore=fileStore, defer=defer)
	  File &quot;/home/michael/common-workflow-language/toil5.6.0/lib/python3.10/site-packages/toil/job.py&quot;, line 2399, in _runner
	    returnValues = self._run(jobGraph=None, fileStore=fileStore)
	  File &quot;/home/michael/common-workflow-language/toil5.6.0/lib/python3.10/site-packages/toil/job.py&quot;, line 2317, in _run
	    return self.run(fileStore)
	  File &quot;/home/michael/common-workflow-language/toil5.6.0/lib/python3.10/site-packages/toil/cwl/cwltoil.py&quot;, line 1660, in run
	    return resolve_dict_w_promises(self.cwljob)
	  File &quot;/home/michael/common-workflow-language/toil5.6.0/lib/python3.10/site-packages/toil/cwl/cwltoil.py&quot;, line 555, in resolve_dict_w_promises
	    first_pass_results: CWLObjectType = {
	  File &quot;/home/michael/common-workflow-language/toil5.6.0/lib/python3.10/site-packages/toil/cwl/cwltoil.py&quot;, line 556, in &lt;dictcomp&gt;
	    k: v.resolve() for k, v in dict_w_promises.items()
	  File &quot;/home/michael/common-workflow-language/toil5.6.0/lib/python3.10/site-packages/toil/cwl/cwltoil.py&quot;, line 337, in resolve
	    result = self.pick_value(result)
	  File &quot;/home/michael/common-workflow-language/toil5.6.0/lib/python3.10/site-packages/toil/cwl/cwltoil.py&quot;, line 402, in pick_value
	    raise cwltool.errors.WorkflowException(
	cwltool.errors.WorkflowException: Workflow output 'out1': the_only_non_null operator found more than one non-null values
	[2022-05-12T15:31:40+0200] [MainThread] [E] [toil.worker] Exiting the worker because of a failed job on host mrc-tux
&lt;=========
[2022-05-12T15:31:40+0200] [MainThread] [W] [toil.job] Due to failure we are reducing the remaining try count of job 'ResolveIndirect' kind-ResolveIndirect/instance-1bae231p v5 with ID kind-ResolveIndirect/instance-1bae231p to 0
[2022-05-12T15:31:40+0200] [MainThread] [W] [toil.leader] Job 'ResolveIndirect' kind-ResolveIndirect/instance-1bae231p v6 is completely failed
[2022-05-12T15:31:46+0200] [MainThread] [I] [toil.leader] Finished toil run with 2 failed jobs.
[2022-05-12T15:31:46+0200] [MainThread] [I] [toil.leader] Failed jobs at end of the run: 'CWLWorkflow' kind-CWLWorkflow/instance-h0h36j6y v2 'ResolveIndirect' kind-ResolveIndirect/instance-1bae231p v6
Traceback (most recent call last):
  File &quot;/home/michael/common-workflow-language/toil5.6.0/bin/toil-cwl-runner&quot;, line 8, in &lt;module&gt;
    sys.exit(main())
  File &quot;/home/michael/common-workflow-language/toil5.6.0/lib/python3.10/site-packages/toil/cwl/cwltoil.py&quot;, line 3486, in main
    outobj = toil.start(wf1)
  File &quot;/home/michael/common-workflow-language/toil5.6.0/lib/python3.10/site-packages/toil/common.py&quot;, line 951, in start
    return self._runMainLoop(rootJobDescription)
  File &quot;/home/michael/common-workflow-language/toil5.6.0/lib/python3.10/site-packages/toil/common.py&quot;, line 1278, in _runMainLoop
    jobCache=self._jobCache).run()
  File &quot;/home/michael/common-workflow-language/toil5.6.0/lib/python3.10/site-packages/toil/leader.py&quot;, line 289, in run
    raise FailedJobsException(self.jobStore, failed_jobs, exit_code=self.recommended_fail_exit_code)
toil.leader.FailedJobsException: The job store '/tmp/tmpwgcna6rg' contains 2 failed jobs: 'CWLWorkflow' kind-CWLWorkflow/instance-h0h36j6y v2, 'ResolveIndirect' kind-ResolveIndirect/instance-1bae231p v6
Log from job &quot;'ResolveIndirect' kind-ResolveIndirect/instance-1bae231p v6&quot; follows:
=========&gt;
	[2022-05-12T15:31:40+0200] [MainThread] [I] [toil.worker] ---TOIL WORKER OUTPUT LOG---
	[2022-05-12T15:31:40+0200] [MainThread] [I] [toil] Running Toil version 5.6.0-c34146a6437e4407a61e946e968bcce67a0ebbca on host mrc-tux.
	[2022-05-12T15:31:40+0200] [MainThread] [I] [toil.worker] Working on job 'ResolveIndirect' kind-ResolveIndirect/instance-1bae231p v4
	[2022-05-12T15:31:40+0200] [MainThread] [I] [toil.worker] Loaded body Job('ResolveIndirect' kind-ResolveIndirect/instance-1bae231p v4) from description 'ResolveIndirect' kind-ResolveIndirect/instance-1bae231p v4
	Traceback (most recent call last):
	  File &quot;/home/michael/common-workflow-language/toil5.6.0/lib/python3.10/site-packages/toil/worker.py&quot;, line 405, in workerScript
	    job._runner(jobGraph=None, jobStore=jobStore, fileStore=fileStore, defer=defer)
	  File &quot;/home/michael/common-workflow-language/toil5.6.0/lib/python3.10/site-packages/toil/job.py&quot;, line 2399, in _runner
	    returnValues = self._run(jobGraph=None, fileStore=fileStore)
	  File &quot;/home/michael/common-workflow-language/toil5.6.0/lib/python3.10/site-packages/toil/job.py&quot;, line 2317, in _run
	    return self.run(fileStore)
	  File &quot;/home/michael/common-workflow-language/toil5.6.0/lib/python3.10/site-packages/toil/cwl/cwltoil.py&quot;, line 1660, in run
	    return resolve_dict_w_promises(self.cwljob)
	  File &quot;/home/michael/common-workflow-language/toil5.6.0/lib/python3.10/site-packages/toil/cwl/cwltoil.py&quot;, line 555, in resolve_dict_w_promises
	    first_pass_results: CWLObjectType = {
	  File &quot;/home/michael/common-workflow-language/toil5.6.0/lib/python3.10/site-packages/toil/cwl/cwltoil.py&quot;, line 556, in &lt;dictcomp&gt;
	    k: v.resolve() for k, v in dict_w_promises.items()
	  File &quot;/home/michael/common-workflow-language/toil5.6.0/lib/python3.10/site-packages/toil/cwl/cwltoil.py&quot;, line 337, in resolve
	    result = self.pick_value(result)
	  File &quot;/home/michael/common-workflow-language/toil5.6.0/lib/python3.10/site-packages/toil/cwl/cwltoil.py&quot;, line 402, in pick_value
	    raise cwltool.errors.WorkflowException(
	cwltool.errors.WorkflowException: Workflow output 'out1': the_only_non_null operator found more than one non-null values
	[2022-05-12T15:31:40+0200] [MainThread] [E] [toil.worker] Exiting the worker because of a failed job on host mrc-tux
&lt;=========
</system-err>
		</testcase>
		<testcase name="pickValue: all_non_null will produce a list, even if empty; no javascript" time="8.913641" class="conditional, multiple_input, workflow" file="all_non_null_all_null_nojs" url="cwltest:conformance_tests#298">
			<system-out>{
    &quot;out1&quot;: []
}</system-out>
			<system-err>[2022-05-12T15:31:35+0200] [MainThread] [I] [cwltool] Resolved 'tests/conditionals/cond-wf-007_nojs.cwl' to 'file:///home/michael/cwl-v1.2/tests/conditionals/cond-wf-007_nojs.cwl'
[2022-05-12T15:31:39+0200] [MainThread] [I] [toil.job] Saving graph of 2 jobs, 2 new
[2022-05-12T15:31:39+0200] [MainThread] [I] [toil.job] Processing job 'ResolveIndirect' kind-ResolveIndirect/instance-311eyae2 v0
[2022-05-12T15:31:39+0200] [MainThread] [I] [toil.job] Processing job 'CWLWorkflow' kind-CWLWorkflow/instance-17d4m7nn v0
[2022-05-12T15:31:39+0200] [MainThread] [I] [toil] Running Toil version 5.6.0-c34146a6437e4407a61e946e968bcce67a0ebbca on host mrc-tux.
[2022-05-12T15:31:39+0200] [MainThread] [I] [toil.worker] Redirecting logging to /tmp/443dd8986b2f57f989871cb7f4966832/b226/worker_log.txt
[2022-05-12T15:31:40+0200] [MainThread] [I] [toil.leader] 0 jobs are running, 0 jobs are issued and waiting to run
[2022-05-12T15:31:40+0200] [MainThread] [I] [toil.leader] Issued job 'CWLJob' cond-wf-007_nojs.cwl.step2.bar.cwl kind-CWLJob/instance-09mfa9yt v1 with job batch system ID: 1 and cores: 1, disk: 3.0 Gi, and memory: 2.0 Gi
[2022-05-12T15:31:40+0200] [MainThread] [I] [toil.leader] Issued job 'CWLJob' cond-wf-007_nojs.cwl.step1.foo.cwl kind-CWLJob/instance-621oateg v1 with job batch system ID: 2 and cores: 1, disk: 3.0 Gi, and memory: 2.0 Gi
[2022-05-12T15:31:40+0200] [MainThread] [I] [toil.worker] Redirecting logging to /tmp/443dd8986b2f57f989871cb7f4966832/dc3f/worker_log.txt
[2022-05-12T15:31:40+0200] [MainThread] [I] [toil.worker] Redirecting logging to /tmp/443dd8986b2f57f989871cb7f4966832/3c87/worker_log.txt
[2022-05-12T15:31:41+0200] [MainThread] [I] [toil.worker] Redirecting logging to /tmp/443dd8986b2f57f989871cb7f4966832/bbda/worker_log.txt
[2022-05-12T15:31:41+0200] [MainThread] [I] [toil.worker] Redirecting logging to /tmp/443dd8986b2f57f989871cb7f4966832/652e/worker_log.txt
[2022-05-12T15:31:43+0200] [MainThread] [I] [toil.leader] Finished toil run successfully.
[2022-05-12T15:31:43+0200] [MainThread] [I] [toil.common] Successfully deleted the job store: FileJobStore(/tmp/tmpp4kl6osh)
</system-err>
		</testcase>
		<testcase name="pickValue: all_non_null will produce a list; even if single item list; no javascript" time="8.485605" class="conditional, multiple_input, workflow" file="all_non_null_one_non_null_nojs" url="cwltest:conformance_tests#299">
			<system-out>{
    &quot;out1&quot;: [
        &quot;bar 23&quot;
    ]
}</system-out>
			<system-err>[2022-05-12T15:31:40+0200] [MainThread] [I] [cwltool] Resolved 'tests/conditionals/cond-wf-007_nojs.cwl' to 'file:///home/michael/cwl-v1.2/tests/conditionals/cond-wf-007_nojs.cwl'
[2022-05-12T15:31:44+0200] [MainThread] [I] [toil.job] Saving graph of 2 jobs, 2 new
[2022-05-12T15:31:44+0200] [MainThread] [I] [toil.job] Processing job 'ResolveIndirect' kind-ResolveIndirect/instance-896evtgt v0
[2022-05-12T15:31:44+0200] [MainThread] [I] [toil.job] Processing job 'CWLWorkflow' kind-CWLWorkflow/instance-qf6_obzb v0
[2022-05-12T15:31:44+0200] [MainThread] [I] [toil] Running Toil version 5.6.0-c34146a6437e4407a61e946e968bcce67a0ebbca on host mrc-tux.
[2022-05-12T15:31:44+0200] [MainThread] [I] [toil.worker] Redirecting logging to /tmp/9d4e3a4c69ab50e8af9c4531950777e3/1bf6/worker_log.txt
[2022-05-12T15:31:44+0200] [MainThread] [I] [toil.leader] 0 jobs are running, 0 jobs are issued and waiting to run
[2022-05-12T15:31:44+0200] [MainThread] [I] [toil.leader] Issued job 'CWLJob' cond-wf-007_nojs.cwl.step1.foo.cwl kind-CWLJob/instance-sz8gx92g v1 with job batch system ID: 1 and cores: 1, disk: 3.0 Gi, and memory: 2.0 Gi
[2022-05-12T15:31:44+0200] [MainThread] [I] [toil.leader] Issued job 'CWLJob' cond-wf-007_nojs.cwl.step2.bar.cwl kind-CWLJob/instance-qdh33saa v1 with job batch system ID: 2 and cores: 1, disk: 3.0 Gi, and memory: 2.0 Gi
[2022-05-12T15:31:45+0200] [MainThread] [I] [toil.worker] Redirecting logging to /tmp/9d4e3a4c69ab50e8af9c4531950777e3/fd05/worker_log.txt
[2022-05-12T15:31:45+0200] [MainThread] [I] [toil.worker] Redirecting logging to /tmp/9d4e3a4c69ab50e8af9c4531950777e3/dc08/worker_log.txt
[2022-05-12T15:31:46+0200] [MainThread] [I] [toil.worker] Redirecting logging to /tmp/9d4e3a4c69ab50e8af9c4531950777e3/3e34/worker_log.txt
[2022-05-12T15:31:46+0200] [MainThread] [I] [toil.worker] Redirecting logging to /tmp/9d4e3a4c69ab50e8af9c4531950777e3/21ea/worker_log.txt
[2022-05-12T15:31:48+0200] [MainThread] [I] [toil.leader] Finished toil run successfully.
[2022-05-12T15:31:48+0200] [MainThread] [I] [toil.common] Successfully deleted the job store: FileJobStore(/tmp/tmpitru734w)
</system-err>
		</testcase>
		<testcase name="pickValue: all_non_null will produce a list; no javascript" time="9.393412" class="conditional, multiple_input, workflow" file="all_non_null_multi_non_null_nojs" url="cwltest:conformance_tests#300">
			<system-out>{
    &quot;out1&quot;: [
        &quot;foo 23&quot;,
        &quot;bar 23&quot;
    ]
}</system-out>
			<system-err>[2022-05-12T15:31:42+0200] [MainThread] [I] [cwltool] Resolved 'tests/conditionals/cond-wf-007_nojs.cwl' to 'file:///home/michael/cwl-v1.2/tests/conditionals/cond-wf-007_nojs.cwl'
[2022-05-12T15:31:46+0200] [MainThread] [I] [toil.job] Saving graph of 2 jobs, 2 new
[2022-05-12T15:31:46+0200] [MainThread] [I] [toil.job] Processing job 'ResolveIndirect' kind-ResolveIndirect/instance-el_o809o v0
[2022-05-12T15:31:46+0200] [MainThread] [I] [toil.job] Processing job 'CWLWorkflow' kind-CWLWorkflow/instance-vlvv60yn v0
[2022-05-12T15:31:46+0200] [MainThread] [I] [toil] Running Toil version 5.6.0-c34146a6437e4407a61e946e968bcce67a0ebbca on host mrc-tux.
[2022-05-12T15:31:46+0200] [MainThread] [I] [toil.worker] Redirecting logging to /tmp/10718575e39b5f77a603a1baf3386645/4484/worker_log.txt
[2022-05-12T15:31:46+0200] [MainThread] [I] [toil.leader] 0 jobs are running, 0 jobs are issued and waiting to run
[2022-05-12T15:31:46+0200] [MainThread] [I] [toil.leader] Issued job 'CWLJob' cond-wf-007_nojs.cwl.step1.foo.cwl kind-CWLJob/instance-9wurpy4h v1 with job batch system ID: 1 and cores: 1, disk: 3.0 Gi, and memory: 2.0 Gi
[2022-05-12T15:31:46+0200] [MainThread] [I] [toil.leader] Issued job 'CWLJob' cond-wf-007_nojs.cwl.step2.bar.cwl kind-CWLJob/instance-z2pe1bey v1 with job batch system ID: 2 and cores: 1, disk: 3.0 Gi, and memory: 2.0 Gi
[2022-05-12T15:31:47+0200] [MainThread] [I] [toil.worker] Redirecting logging to /tmp/10718575e39b5f77a603a1baf3386645/b043/worker_log.txt
[2022-05-12T15:31:47+0200] [MainThread] [I] [toil.worker] Redirecting logging to /tmp/10718575e39b5f77a603a1baf3386645/21c6/worker_log.txt
[2022-05-12T15:31:48+0200] [MainThread] [I] [toil.worker] Redirecting logging to /tmp/10718575e39b5f77a603a1baf3386645/45e2/worker_log.txt
[2022-05-12T15:31:49+0200] [MainThread] [I] [toil.worker] Redirecting logging to /tmp/10718575e39b5f77a603a1baf3386645/ee17/worker_log.txt
[2022-05-12T15:31:51+0200] [MainThread] [I] [toil.leader] Finished toil run successfully.
[2022-05-12T15:31:51+0200] [MainThread] [I] [toil.common] Successfully deleted the job store: FileJobStore(/tmp/tmpfheym43w)
</system-err>
		</testcase>
		<testcase name="Simple scatter: conditional on a non scattered variable (False); no javascript" time="11.662988" class="conditional, scatter, workflow" file="condifional_scatter_on_nonscattered_false_nojs" url="cwltest:conformance_tests#301">
			<system-out>{
    &quot;out1&quot;: []
}</system-out>
			<system-err>[2022-05-12T15:31:43+0200] [MainThread] [I] [cwltool] Resolved 'tests/conditionals/cond-wf-009_nojs.cwl' to 'file:///home/michael/cwl-v1.2/tests/conditionals/cond-wf-009_nojs.cwl'
[2022-05-12T15:31:46+0200] [MainThread] [W] [cwltool] Workflow checker warning:
tests/conditionals/cond-wf-009_nojs.cwl:17:11: Source 'out1' of type [&quot;null&quot;, {&quot;type&quot;: &quot;array&quot;,
                                               &quot;items&quot;: &quot;string&quot;}] may be incompatible
tests/conditionals/cond-wf-009_nojs.cwl:22:5:    with sink 'out1' of type {&quot;type&quot;: &quot;array&quot;,
                                                 &quot;items&quot;: &quot;string&quot;}
                                                 pickValue is used but only a single input source
                                                 is declared
tests/conditionals/cond-wf-009_nojs.cwl:17:11: Source 'out1' of type [&quot;null&quot;, {&quot;type&quot;: &quot;array&quot;,
                                               &quot;items&quot;: &quot;string&quot;}] may be incompatible
tests/conditionals/cond-wf-009_nojs.cwl:22:5:    with sink 'out1' of type {&quot;type&quot;: &quot;array&quot;,
                                                 &quot;items&quot;: &quot;string&quot;}
                                                 Source is from conditional step and may produce
                                                 `null`
tests/conditionals/cond-wf-009_nojs.cwl:17:11: Source 'out1' of type [&quot;null&quot;, {&quot;type&quot;: &quot;array&quot;,
                                               &quot;items&quot;: &quot;string&quot;}] may be incompatible
tests/conditionals/cond-wf-009_nojs.cwl:22:5:    with sink 'out1' of type {&quot;type&quot;: &quot;array&quot;,
                                                 &quot;items&quot;: &quot;string&quot;}
                                                 pickValue is: all_non_null
[2022-05-12T15:31:46+0200] [MainThread] [I] [toil.job] Saving graph of 2 jobs, 2 new
[2022-05-12T15:31:46+0200] [MainThread] [I] [toil.job] Processing job 'ResolveIndirect' kind-ResolveIndirect/instance-k0wg8d0a v0
[2022-05-12T15:31:46+0200] [MainThread] [I] [toil.job] Processing job 'CWLWorkflow' kind-CWLWorkflow/instance-0818np8o v0
[2022-05-12T15:31:46+0200] [MainThread] [I] [toil] Running Toil version 5.6.0-c34146a6437e4407a61e946e968bcce67a0ebbca on host mrc-tux.
[2022-05-12T15:31:47+0200] [MainThread] [I] [toil.worker] Redirecting logging to /tmp/ad8c8aa8af5258259c66fd0fd5e5b8be/9b2e/worker_log.txt
[2022-05-12T15:31:47+0200] [MainThread] [I] [toil.leader] 0 jobs are running, 0 jobs are issued and waiting to run
[2022-05-12T15:31:48+0200] [MainThread] [I] [toil.worker] Redirecting logging to /tmp/ad8c8aa8af5258259c66fd0fd5e5b8be/1c10/worker_log.txt
[2022-05-12T15:31:48+0200] [MainThread] [I] [toil.leader] Issued job 'CWLJob' cond-wf-009_nojs.cwl[1].foo.cwl kind-CWLJob/instance-qk3l_d4t v1 with job batch system ID: 2 and cores: 1, disk: 3.0 Gi, and memory: 2.0 Gi
[2022-05-12T15:31:48+0200] [MainThread] [I] [toil.leader] Issued job 'CWLJob' cond-wf-009_nojs.cwl[3].foo.cwl kind-CWLJob/instance-ex7il9ua v1 with job batch system ID: 3 and cores: 1, disk: 3.0 Gi, and memory: 2.0 Gi
[2022-05-12T15:31:48+0200] [MainThread] [I] [toil.leader] Issued job 'CWLJob' cond-wf-009_nojs.cwl[4].foo.cwl kind-CWLJob/instance-hbyg9h2f v1 with job batch system ID: 4 and cores: 1, disk: 3.0 Gi, and memory: 2.0 Gi
[2022-05-12T15:31:48+0200] [MainThread] [I] [toil.leader] Issued job 'CWLJob' cond-wf-009_nojs.cwl[0].foo.cwl kind-CWLJob/instance-frdjp1tk v1 with job batch system ID: 5 and cores: 1, disk: 3.0 Gi, and memory: 2.0 Gi
[2022-05-12T15:31:48+0200] [MainThread] [I] [toil.leader] Issued job 'CWLJob' cond-wf-009_nojs.cwl[2].foo.cwl kind-CWLJob/instance-22nc23w0 v1 with job batch system ID: 6 and cores: 1, disk: 3.0 Gi, and memory: 2.0 Gi
[2022-05-12T15:31:48+0200] [MainThread] [I] [toil.leader] Issued job 'CWLJob' cond-wf-009_nojs.cwl[5].foo.cwl kind-CWLJob/instance-9ri_57da v1 with job batch system ID: 7 and cores: 1, disk: 3.0 Gi, and memory: 2.0 Gi
[2022-05-12T15:31:49+0200] [MainThread] [I] [toil.worker] Redirecting logging to /tmp/ad8c8aa8af5258259c66fd0fd5e5b8be/f3e6/worker_log.txt
[2022-05-12T15:31:49+0200] [MainThread] [I] [toil.worker] Redirecting logging to /tmp/ad8c8aa8af5258259c66fd0fd5e5b8be/a611/worker_log.txt
[2022-05-12T15:31:49+0200] [MainThread] [I] [toil.worker] Redirecting logging to /tmp/ad8c8aa8af5258259c66fd0fd5e5b8be/2767/worker_log.txt
[2022-05-12T15:31:49+0200] [MainThread] [I] [toil.worker] Redirecting logging to /tmp/ad8c8aa8af5258259c66fd0fd5e5b8be/9e42/worker_log.txt
[2022-05-12T15:31:49+0200] [MainThread] [I] [toil.worker] Redirecting logging to /tmp/ad8c8aa8af5258259c66fd0fd5e5b8be/5194/worker_log.txt
[2022-05-12T15:31:49+0200] [MainThread] [I] [toil.worker] Redirecting logging to /tmp/ad8c8aa8af5258259c66fd0fd5e5b8be/aa82/worker_log.txt
[2022-05-12T15:31:50+0200] [MainThread] [I] [toil.worker] Redirecting logging to /tmp/ad8c8aa8af5258259c66fd0fd5e5b8be/1439/worker_log.txt
[2022-05-12T15:31:51+0200] [MainThread] [I] [toil.worker] Redirecting logging to /tmp/ad8c8aa8af5258259c66fd0fd5e5b8be/888e/worker_log.txt
[2022-05-12T15:31:51+0200] [MainThread] [I] [toil.worker] Redirecting logging to /tmp/ad8c8aa8af5258259c66fd0fd5e5b8be/4418/worker_log.txt
[2022-05-12T15:31:52+0200] [MainThread] [I] [toil.worker] Redirecting logging to /tmp/ad8c8aa8af5258259c66fd0fd5e5b8be/9f91/worker_log.txt
[2022-05-12T15:31:54+0200] [MainThread] [I] [toil.leader] Finished toil run successfully.
[2022-05-12T15:31:54+0200] [MainThread] [I] [toil.common] Successfully deleted the job store: FileJobStore(/tmp/tmpl0luxpb8)
</system-err>
		</testcase>
		<testcase name="Simple scatter: conditional on a non scattered variable (True); no javascript" time="13.149997" class="conditional, scatter, workflow" file="condifional_scatter_on_nonscattered_true_nojs" url="cwltest:conformance_tests#302">
			<system-out>{
    &quot;out1&quot;: [
        &quot;foo 1&quot;,
        &quot;foo 2&quot;,
        &quot;foo 3&quot;,
        &quot;foo 4&quot;,
        &quot;foo 5&quot;,
        &quot;foo 6&quot;
    ]
}</system-out>
			<system-err>[2022-05-12T15:31:47+0200] [MainThread] [I] [cwltool] Resolved 'tests/conditionals/cond-wf-009_nojs.cwl' to 'file:///home/michael/cwl-v1.2/tests/conditionals/cond-wf-009_nojs.cwl'
[2022-05-12T15:31:51+0200] [MainThread] [W] [cwltool] Workflow checker warning:
tests/conditionals/cond-wf-009_nojs.cwl:17:11: Source 'out1' of type [&quot;null&quot;, {&quot;type&quot;: &quot;array&quot;,
                                               &quot;items&quot;: &quot;string&quot;}] may be incompatible
tests/conditionals/cond-wf-009_nojs.cwl:22:5:    with sink 'out1' of type {&quot;type&quot;: &quot;array&quot;,
                                                 &quot;items&quot;: &quot;string&quot;}
                                                 pickValue is used but only a single input source
                                                 is declared
tests/conditionals/cond-wf-009_nojs.cwl:17:11: Source 'out1' of type [&quot;null&quot;, {&quot;type&quot;: &quot;array&quot;,
                                               &quot;items&quot;: &quot;string&quot;}] may be incompatible
tests/conditionals/cond-wf-009_nojs.cwl:22:5:    with sink 'out1' of type {&quot;type&quot;: &quot;array&quot;,
                                                 &quot;items&quot;: &quot;string&quot;}
                                                 Source is from conditional step and may produce
                                                 `null`
tests/conditionals/cond-wf-009_nojs.cwl:17:11: Source 'out1' of type [&quot;null&quot;, {&quot;type&quot;: &quot;array&quot;,
                                               &quot;items&quot;: &quot;string&quot;}] may be incompatible
tests/conditionals/cond-wf-009_nojs.cwl:22:5:    with sink 'out1' of type {&quot;type&quot;: &quot;array&quot;,
                                                 &quot;items&quot;: &quot;string&quot;}
                                                 pickValue is: all_non_null
[2022-05-12T15:31:51+0200] [MainThread] [I] [toil.job] Saving graph of 2 jobs, 2 new
[2022-05-12T15:31:51+0200] [MainThread] [I] [toil.job] Processing job 'ResolveIndirect' kind-ResolveIndirect/instance-a35lszvy v0
[2022-05-12T15:31:51+0200] [MainThread] [I] [toil.job] Processing job 'CWLWorkflow' kind-CWLWorkflow/instance-8ablr4ys v0
[2022-05-12T15:31:51+0200] [MainThread] [I] [toil] Running Toil version 5.6.0-c34146a6437e4407a61e946e968bcce67a0ebbca on host mrc-tux.
[2022-05-12T15:31:51+0200] [MainThread] [I] [toil.worker] Redirecting logging to /tmp/1620aea4ef0459ab9b49746ba10c412c/537a/worker_log.txt
[2022-05-12T15:31:52+0200] [MainThread] [I] [toil.leader] 0 jobs are running, 0 jobs are issued and waiting to run
[2022-05-12T15:31:52+0200] [MainThread] [I] [toil.worker] Redirecting logging to /tmp/1620aea4ef0459ab9b49746ba10c412c/779c/worker_log.txt
[2022-05-12T15:31:52+0200] [MainThread] [I] [toil.leader] Issued job 'CWLJob' cond-wf-009_nojs.cwl[3].foo.cwl kind-CWLJob/instance-bvgbvkle v1 with job batch system ID: 2 and cores: 1, disk: 3.0 Gi, and memory: 2.0 Gi
[2022-05-12T15:31:52+0200] [MainThread] [I] [toil.leader] Issued job 'CWLJob' cond-wf-009_nojs.cwl[5].foo.cwl kind-CWLJob/instance-0vnt6eox v1 with job batch system ID: 3 and cores: 1, disk: 3.0 Gi, and memory: 2.0 Gi
[2022-05-12T15:31:52+0200] [MainThread] [I] [toil.leader] Issued job 'CWLJob' cond-wf-009_nojs.cwl[1].foo.cwl kind-CWLJob/instance-muauy4y2 v1 with job batch system ID: 4 and cores: 1, disk: 3.0 Gi, and memory: 2.0 Gi
[2022-05-12T15:31:52+0200] [MainThread] [I] [toil.leader] Issued job 'CWLJob' cond-wf-009_nojs.cwl[0].foo.cwl kind-CWLJob/instance-2dg2kqoo v1 with job batch system ID: 5 and cores: 1, disk: 3.0 Gi, and memory: 2.0 Gi
[2022-05-12T15:31:52+0200] [MainThread] [I] [toil.leader] Issued job 'CWLJob' cond-wf-009_nojs.cwl[2].foo.cwl kind-CWLJob/instance-3k_tvtc7 v1 with job batch system ID: 6 and cores: 1, disk: 3.0 Gi, and memory: 2.0 Gi
[2022-05-12T15:31:52+0200] [MainThread] [I] [toil.leader] Issued job 'CWLJob' cond-wf-009_nojs.cwl[4].foo.cwl kind-CWLJob/instance-hbvnbh3q v1 with job batch system ID: 7 and cores: 1, disk: 3.0 Gi, and memory: 2.0 Gi
[2022-05-12T15:31:53+0200] [MainThread] [I] [toil.worker] Redirecting logging to /tmp/1620aea4ef0459ab9b49746ba10c412c/cd2f/worker_log.txt
[2022-05-12T15:31:53+0200] [MainThread] [I] [toil.worker] Redirecting logging to /tmp/1620aea4ef0459ab9b49746ba10c412c/53fb/worker_log.txt
[2022-05-12T15:31:53+0200] [MainThread] [I] [toil.worker] Redirecting logging to /tmp/1620aea4ef0459ab9b49746ba10c412c/1e84/worker_log.txt
[2022-05-12T15:31:53+0200] [MainThread] [I] [toil.worker] Redirecting logging to /tmp/1620aea4ef0459ab9b49746ba10c412c/fe6a/worker_log.txt
[2022-05-12T15:31:53+0200] [MainThread] [I] [toil.worker] Redirecting logging to /tmp/1620aea4ef0459ab9b49746ba10c412c/aabe/worker_log.txt
[2022-05-12T15:31:53+0200] [MainThread] [I] [toil.worker] Redirecting logging to /tmp/1620aea4ef0459ab9b49746ba10c412c/fda4/worker_log.txt
[2022-05-12T15:31:54+0200] [MainThread] [I] [toil.worker] Redirecting logging to /tmp/1620aea4ef0459ab9b49746ba10c412c/46a5/worker_log.txt
[2022-05-12T15:31:55+0200] [MainThread] [I] [toil.worker] Redirecting logging to /tmp/1620aea4ef0459ab9b49746ba10c412c/1b0c/worker_log.txt
[2022-05-12T15:31:56+0200] [MainThread] [I] [toil.worker] Redirecting logging to /tmp/1620aea4ef0459ab9b49746ba10c412c/612a/worker_log.txt
[2022-05-12T15:31:57+0200] [MainThread] [I] [toil.worker] Redirecting logging to /tmp/1620aea4ef0459ab9b49746ba10c412c/9da8/worker_log.txt
[2022-05-12T15:31:59+0200] [MainThread] [I] [toil.leader] Finished toil run successfully.
[2022-05-12T15:31:59+0200] [MainThread] [I] [toil.common] Successfully deleted the job store: FileJobStore(/tmp/tmp2acvi59n)
</system-err>
		</testcase>
		<testcase name="Simple scatter: Add conditional variable to scatter; no javascript" time="15.080316" class="conditional, scatter, workflow" file="scatter_on_scattered_conditional_nojs" url="cwltest:conformance_tests#303">
			<system-out>{
    &quot;out1&quot;: [
        &quot;foo 4&quot;,
        &quot;foo 5&quot;,
        &quot;foo 6&quot;
    ]
}</system-out>
			<system-err>[2022-05-12T15:31:49+0200] [MainThread] [I] [cwltool] Resolved 'tests/conditionals/cond-wf-010_nojs.cwl' to 'file:///home/michael/cwl-v1.2/tests/conditionals/cond-wf-010_nojs.cwl'
[2022-05-12T15:31:53+0200] [MainThread] [W] [cwltool] Workflow checker warning:
tests/conditionals/cond-wf-010_nojs.cwl:19:11: Source 'out1' of type [&quot;null&quot;, {&quot;type&quot;: &quot;array&quot;,
                                               &quot;items&quot;: &quot;string&quot;}] may be incompatible
tests/conditionals/cond-wf-010_nojs.cwl:25:5:    with sink 'out1' of type {&quot;type&quot;: &quot;array&quot;,
                                                 &quot;items&quot;: &quot;string&quot;}
                                                 pickValue is used but only a single input source
                                                 is declared
tests/conditionals/cond-wf-010_nojs.cwl:19:11: Source 'out1' of type [&quot;null&quot;, {&quot;type&quot;: &quot;array&quot;,
                                               &quot;items&quot;: &quot;string&quot;}] may be incompatible
tests/conditionals/cond-wf-010_nojs.cwl:25:5:    with sink 'out1' of type {&quot;type&quot;: &quot;array&quot;,
                                                 &quot;items&quot;: &quot;string&quot;}
                                                 Source is from conditional step and may produce
                                                 `null`
tests/conditionals/cond-wf-010_nojs.cwl:19:11: Source 'out1' of type [&quot;null&quot;, {&quot;type&quot;: &quot;array&quot;,
                                               &quot;items&quot;: &quot;string&quot;}] may be incompatible
tests/conditionals/cond-wf-010_nojs.cwl:25:5:    with sink 'out1' of type {&quot;type&quot;: &quot;array&quot;,
                                                 &quot;items&quot;: &quot;string&quot;}
                                                 pickValue is: all_non_null
[2022-05-12T15:31:53+0200] [MainThread] [I] [toil.job] Saving graph of 2 jobs, 2 new
[2022-05-12T15:31:53+0200] [MainThread] [I] [toil.job] Processing job 'ResolveIndirect' kind-ResolveIndirect/instance-_0h_0nmj v0
[2022-05-12T15:31:53+0200] [MainThread] [I] [toil.job] Processing job 'CWLWorkflow' kind-CWLWorkflow/instance-hb8iqyrg v0
[2022-05-12T15:31:53+0200] [MainThread] [I] [toil] Running Toil version 5.6.0-c34146a6437e4407a61e946e968bcce67a0ebbca on host mrc-tux.
[2022-05-12T15:31:53+0200] [MainThread] [I] [toil.worker] Redirecting logging to /tmp/1e9bc5653f155208a388c7976ed11893/ef82/worker_log.txt
[2022-05-12T15:31:54+0200] [MainThread] [I] [toil.leader] 0 jobs are running, 0 jobs are issued and waiting to run
[2022-05-12T15:31:54+0200] [MainThread] [I] [toil.worker] Redirecting logging to /tmp/1e9bc5653f155208a388c7976ed11893/8ca4/worker_log.txt
[2022-05-12T15:31:55+0200] [MainThread] [I] [toil.leader] Issued job 'CWLJob' cond-wf-010_nojs.cwl[1].foo.cwl kind-CWLJob/instance-1ec813n5 v1 with job batch system ID: 2 and cores: 1, disk: 3.0 Gi, and memory: 2.0 Gi
[2022-05-12T15:31:55+0200] [MainThread] [I] [toil.leader] Issued job 'CWLJob' cond-wf-010_nojs.cwl[4].foo.cwl kind-CWLJob/instance-ah35vzef v1 with job batch system ID: 3 and cores: 1, disk: 3.0 Gi, and memory: 2.0 Gi
[2022-05-12T15:31:55+0200] [MainThread] [I] [toil.leader] Issued job 'CWLJob' cond-wf-010_nojs.cwl[0].foo.cwl kind-CWLJob/instance-yrrxt_ij v1 with job batch system ID: 4 and cores: 1, disk: 3.0 Gi, and memory: 2.0 Gi
[2022-05-12T15:31:55+0200] [MainThread] [I] [toil.leader] Issued job 'CWLJob' cond-wf-010_nojs.cwl[5].foo.cwl kind-CWLJob/instance-s8llzdti v1 with job batch system ID: 5 and cores: 1, disk: 3.0 Gi, and memory: 2.0 Gi
[2022-05-12T15:31:55+0200] [MainThread] [I] [toil.leader] Issued job 'CWLJob' cond-wf-010_nojs.cwl[3].foo.cwl kind-CWLJob/instance-tf0nvxhn v1 with job batch system ID: 6 and cores: 1, disk: 3.0 Gi, and memory: 2.0 Gi
[2022-05-12T15:31:55+0200] [MainThread] [I] [toil.leader] Issued job 'CWLJob' cond-wf-010_nojs.cwl[2].foo.cwl kind-CWLJob/instance-tualpmq4 v1 with job batch system ID: 7 and cores: 1, disk: 3.0 Gi, and memory: 2.0 Gi
[2022-05-12T15:31:55+0200] [MainThread] [I] [toil.worker] Redirecting logging to /tmp/1e9bc5653f155208a388c7976ed11893/be67/worker_log.txt
[2022-05-12T15:31:55+0200] [MainThread] [I] [toil.worker] Redirecting logging to /tmp/1e9bc5653f155208a388c7976ed11893/e4a5/worker_log.txt
[2022-05-12T15:31:55+0200] [MainThread] [I] [toil.worker] Redirecting logging to /tmp/1e9bc5653f155208a388c7976ed11893/0404/worker_log.txt
[2022-05-12T15:31:55+0200] [MainThread] [I] [toil.worker] Redirecting logging to /tmp/1e9bc5653f155208a388c7976ed11893/86b9/worker_log.txt
[2022-05-12T15:31:55+0200] [MainThread] [I] [toil.worker] Redirecting logging to /tmp/1e9bc5653f155208a388c7976ed11893/4120/worker_log.txt
[2022-05-12T15:31:56+0200] [MainThread] [I] [toil.worker] Redirecting logging to /tmp/1e9bc5653f155208a388c7976ed11893/a1b5/worker_log.txt
[2022-05-12T15:31:57+0200] [MainThread] [I] [toil.worker] Redirecting logging to /tmp/1e9bc5653f155208a388c7976ed11893/5385/worker_log.txt
[2022-05-12T15:31:57+0200] [MainThread] [I] [toil.worker] Redirecting logging to /tmp/1e9bc5653f155208a388c7976ed11893/81b0/worker_log.txt
[2022-05-12T15:31:58+0200] [MainThread] [I] [toil.worker] Redirecting logging to /tmp/1e9bc5653f155208a388c7976ed11893/489d/worker_log.txt
[2022-05-12T15:32:00+0200] [MainThread] [I] [toil.worker] Redirecting logging to /tmp/1e9bc5653f155208a388c7976ed11893/05fb/worker_log.txt
[2022-05-12T15:32:03+0200] [MainThread] [I] [toil.leader] Finished toil run successfully.
[2022-05-12T15:32:03+0200] [MainThread] [I] [toil.common] Successfully deleted the job store: FileJobStore(/tmp/tmp_70jvyeo)
</system-err>
		</testcase>
		<testcase name="nested cross product scatter with condition on one dimension; no javascript" time="17.813302" class="conditional, scatter, workflow" file="conditionals_nested_cross_scatter_nojs" url="cwltest:conformance_tests#304">
			<system-out>{
    &quot;out1&quot;: [
        [
            [
                null,
                &quot;1123&quot;,
                null,
                &quot;1123&quot;
            ],
            [
                null,
                &quot;1223&quot;,
                null,
                &quot;1223&quot;
            ],
            [
                null,
                &quot;1323&quot;,
                null,
                &quot;1323&quot;
            ]
        ],
        [
            [
                null,
                &quot;2123&quot;,
                null,
                &quot;2123&quot;
            ],
            [
                null,
                &quot;2223&quot;,
                null,
                &quot;2223&quot;
            ],
            [
                null,
                &quot;2323&quot;,
                null,
                &quot;2323&quot;
            ]
        ]
    ]
}</system-out>
			<system-err>[2022-05-12T15:31:52+0200] [MainThread] [I] [cwltool] Resolved 'tests/conditionals/cond-wf-011_nojs.cwl' to 'file:///home/michael/cwl-v1.2/tests/conditionals/cond-wf-011_nojs.cwl'
[2022-05-12T15:31:56+0200] [MainThread] [W] [cwltool] Workflow checker warning:
tests/conditionals/cond-wf-011_nojs.cwl:27:11: Source 'out1' of type [&quot;null&quot;, {&quot;type&quot;: &quot;array&quot;,
                                               &quot;items&quot;: {&quot;type&quot;: &quot;array&quot;, &quot;items&quot;: {&quot;type&quot;:
                                               &quot;array&quot;, &quot;items&quot;: &quot;string&quot;}}}] may be incompatible
tests/conditionals/cond-wf-011_nojs.cwl:33:5:    with sink 'out1' of type {&quot;type&quot;: &quot;array&quot;,
                                                 &quot;items&quot;: {&quot;type&quot;: &quot;array&quot;, &quot;items&quot;: {&quot;type&quot;:
                                                 &quot;array&quot;, &quot;items&quot;: &quot;string&quot;}}}
                                                 pickValue is used but only a single input source
                                                 is declared
tests/conditionals/cond-wf-011_nojs.cwl:27:11: Source 'out1' of type [&quot;null&quot;, {&quot;type&quot;: &quot;array&quot;,
                                               &quot;items&quot;: {&quot;type&quot;: &quot;array&quot;, &quot;items&quot;: {&quot;type&quot;:
                                               &quot;array&quot;, &quot;items&quot;: &quot;string&quot;}}}] may be incompatible
tests/conditionals/cond-wf-011_nojs.cwl:33:5:    with sink 'out1' of type {&quot;type&quot;: &quot;array&quot;,
                                                 &quot;items&quot;: {&quot;type&quot;: &quot;array&quot;, &quot;items&quot;: {&quot;type&quot;:
                                                 &quot;array&quot;, &quot;items&quot;: &quot;string&quot;}}}
                                                 Source is from conditional step and may produce
                                                 `null`
tests/conditionals/cond-wf-011_nojs.cwl:27:11: Source 'out1' of type [&quot;null&quot;, {&quot;type&quot;: &quot;array&quot;,
                                               &quot;items&quot;: {&quot;type&quot;: &quot;array&quot;, &quot;items&quot;: {&quot;type&quot;:
                                               &quot;array&quot;, &quot;items&quot;: &quot;string&quot;}}}] may be incompatible
tests/conditionals/cond-wf-011_nojs.cwl:33:5:    with sink 'out1' of type {&quot;type&quot;: &quot;array&quot;,
                                                 &quot;items&quot;: {&quot;type&quot;: &quot;array&quot;, &quot;items&quot;: {&quot;type&quot;:
                                                 &quot;array&quot;, &quot;items&quot;: &quot;string&quot;}}}
                                                 pickValue is: all_non_null
[2022-05-12T15:31:56+0200] [MainThread] [I] [toil.job] Saving graph of 2 jobs, 2 new
[2022-05-12T15:31:56+0200] [MainThread] [I] [toil.job] Processing job 'ResolveIndirect' kind-ResolveIndirect/instance-q2cg8tz7 v0
[2022-05-12T15:31:56+0200] [MainThread] [I] [toil.job] Processing job 'CWLWorkflow' kind-CWLWorkflow/instance-ra4htt7y v0
[2022-05-12T15:31:56+0200] [MainThread] [I] [toil] Running Toil version 5.6.0-c34146a6437e4407a61e946e968bcce67a0ebbca on host mrc-tux.
[2022-05-12T15:31:57+0200] [MainThread] [I] [toil.worker] Redirecting logging to /tmp/2d2163a70c2859f9824bd3d3aee3eeea/4c32/worker_log.txt
[2022-05-12T15:31:57+0200] [MainThread] [I] [toil.leader] 0 jobs are running, 0 jobs are issued and waiting to run
[2022-05-12T15:31:57+0200] [MainThread] [I] [toil.worker] Redirecting logging to /tmp/2d2163a70c2859f9824bd3d3aee3eeea/1572/worker_log.txt
[2022-05-12T15:31:58+0200] [MainThread] [I] [toil.leader] Issued job 'CWLJob' cond-wf-011_nojs.cwl[1].cat.cwl kind-CWLJob/instance-r71n7g7q v1 with job batch system ID: 2 and cores: 1, disk: 3.0 Gi, and memory: 2.0 Gi
[2022-05-12T15:31:58+0200] [MainThread] [I] [toil.leader] Issued job 'CWLJob' cond-wf-011_nojs.cwl[2].cat.cwl kind-CWLJob/instance-0yn6mp_w v1 with job batch system ID: 3 and cores: 1, disk: 3.0 Gi, and memory: 2.0 Gi
[2022-05-12T15:31:58+0200] [MainThread] [I] [toil.leader] Issued job 'CWLJob' cond-wf-011_nojs.cwl[1].cat.cwl kind-CWLJob/instance-lxwv9j3e v1 with job batch system ID: 4 and cores: 1, disk: 3.0 Gi, and memory: 2.0 Gi
[2022-05-12T15:31:58+0200] [MainThread] [I] [toil.leader] Issued job 'CWLJob' cond-wf-011_nojs.cwl[2].cat.cwl kind-CWLJob/instance-4emz_qn9 v1 with job batch system ID: 5 and cores: 1, disk: 3.0 Gi, and memory: 2.0 Gi
[2022-05-12T15:31:58+0200] [MainThread] [I] [toil.leader] Issued job 'CWLJob' cond-wf-011_nojs.cwl[2].cat.cwl kind-CWLJob/instance-ftt7i5ma v1 with job batch system ID: 6 and cores: 1, disk: 3.0 Gi, and memory: 2.0 Gi
[2022-05-12T15:31:58+0200] [MainThread] [I] [toil.leader] Issued job 'CWLJob' cond-wf-011_nojs.cwl[0].cat.cwl kind-CWLJob/instance-ekmk0ac5 v1 with job batch system ID: 7 and cores: 1, disk: 3.0 Gi, and memory: 2.0 Gi
[2022-05-12T15:31:58+0200] [MainThread] [I] [toil.leader] Issued job 'CWLJob' cond-wf-011_nojs.cwl[0].cat.cwl kind-CWLJob/instance-aakomzly v1 with job batch system ID: 8 and cores: 1, disk: 3.0 Gi, and memory: 2.0 Gi
[2022-05-12T15:31:58+0200] [MainThread] [I] [toil.leader] Issued job 'CWLJob' cond-wf-011_nojs.cwl[3].cat.cwl kind-CWLJob/instance-nl8g1uif v1 with job batch system ID: 9 and cores: 1, disk: 3.0 Gi, and memory: 2.0 Gi
[2022-05-12T15:31:58+0200] [MainThread] [I] [toil.leader] Issued job 'CWLJob' cond-wf-011_nojs.cwl[0].cat.cwl kind-CWLJob/instance-e0huw2ju v1 with job batch system ID: 10 and cores: 1, disk: 3.0 Gi, and memory: 2.0 Gi
[2022-05-12T15:31:58+0200] [MainThread] [I] [toil.leader] Issued job 'CWLJob' cond-wf-011_nojs.cwl[3].cat.cwl kind-CWLJob/instance-hceo802l v1 with job batch system ID: 11 and cores: 1, disk: 3.0 Gi, and memory: 2.0 Gi
[2022-05-12T15:31:58+0200] [MainThread] [I] [toil.leader] Issued job 'CWLJob' cond-wf-011_nojs.cwl[1].cat.cwl kind-CWLJob/instance-hfszvd4q v1 with job batch system ID: 12 and cores: 1, disk: 3.0 Gi, and memory: 2.0 Gi
[2022-05-12T15:31:58+0200] [MainThread] [I] [toil.leader] Issued job 'CWLJob' cond-wf-011_nojs.cwl[1].cat.cwl kind-CWLJob/instance-_1l2q2rt v1 with job batch system ID: 13 and cores: 1, disk: 3.0 Gi, and memory: 2.0 Gi
[2022-05-12T15:31:58+0200] [MainThread] [I] [toil.leader] Issued job 'CWLJob' cond-wf-011_nojs.cwl[2].cat.cwl kind-CWLJob/instance-c8oigpc6 v1 with job batch system ID: 14 and cores: 1, disk: 3.0 Gi, and memory: 2.0 Gi
[2022-05-12T15:31:58+0200] [MainThread] [I] [toil.leader] Issued job 'CWLJob' cond-wf-011_nojs.cwl[3].cat.cwl kind-CWLJob/instance-7on2hy6b v1 with job batch system ID: 15 and cores: 1, disk: 3.0 Gi, and memory: 2.0 Gi
[2022-05-12T15:31:58+0200] [MainThread] [I] [toil.leader] Issued job 'CWLJob' cond-wf-011_nojs.cwl[0].cat.cwl kind-CWLJob/instance-4abc_b6v v1 with job batch system ID: 16 and cores: 1, disk: 3.0 Gi, and memory: 2.0 Gi
[2022-05-12T15:31:58+0200] [MainThread] [I] [toil.leader] Issued job 'CWLJob' cond-wf-011_nojs.cwl[3].cat.cwl kind-CWLJob/instance-f_swq60p v1 with job batch system ID: 17 and cores: 1, disk: 3.0 Gi, and memory: 2.0 Gi
[2022-05-12T15:31:58+0200] [MainThread] [I] [toil.leader] Issued job 'CWLJob' cond-wf-011_nojs.cwl[2].cat.cwl kind-CWLJob/instance-xxg50s4p v1 with job batch system ID: 18 and cores: 1, disk: 3.0 Gi, and memory: 2.0 Gi
[2022-05-12T15:31:58+0200] [MainThread] [I] [toil.leader] Issued job 'CWLJob' cond-wf-011_nojs.cwl[2].cat.cwl kind-CWLJob/instance-dr04hpb0 v1 with job batch system ID: 19 and cores: 1, disk: 3.0 Gi, and memory: 2.0 Gi
[2022-05-12T15:31:58+0200] [MainThread] [I] [toil.leader] Issued job 'CWLJob' cond-wf-011_nojs.cwl[1].cat.cwl kind-CWLJob/instance-13gduub_ v1 with job batch system ID: 20 and cores: 1, disk: 3.0 Gi, and memory: 2.0 Gi
[2022-05-12T15:31:58+0200] [MainThread] [I] [toil.leader] Issued job 'CWLJob' cond-wf-011_nojs.cwl[3].cat.cwl kind-CWLJob/instance-_os1go76 v1 with job batch system ID: 21 and cores: 1, disk: 3.0 Gi, and memory: 2.0 Gi
[2022-05-12T15:31:58+0200] [MainThread] [I] [toil.leader] Issued job 'CWLJob' cond-wf-011_nojs.cwl[3].cat.cwl kind-CWLJob/instance-uf78vdjr v1 with job batch system ID: 22 and cores: 1, disk: 3.0 Gi, and memory: 2.0 Gi
[2022-05-12T15:31:58+0200] [MainThread] [I] [toil.leader] Issued job 'CWLJob' cond-wf-011_nojs.cwl[0].cat.cwl kind-CWLJob/instance-8vm_zid4 v1 with job batch system ID: 23 and cores: 1, disk: 3.0 Gi, and memory: 2.0 Gi
[2022-05-12T15:31:58+0200] [MainThread] [I] [toil.leader] Issued job 'CWLJob' cond-wf-011_nojs.cwl[0].cat.cwl kind-CWLJob/instance-95dh7l9k v1 with job batch system ID: 24 and cores: 1, disk: 3.0 Gi, and memory: 2.0 Gi
[2022-05-12T15:31:58+0200] [MainThread] [I] [toil.leader] Issued job 'CWLJob' cond-wf-011_nojs.cwl[1].cat.cwl kind-CWLJob/instance-md82n5qk v1 with job batch system ID: 25 and cores: 1, disk: 3.0 Gi, and memory: 2.0 Gi
[2022-05-12T15:31:59+0200] [MainThread] [I] [toil.worker] Redirecting logging to /tmp/2d2163a70c2859f9824bd3d3aee3eeea/77f3/worker_log.txt
[2022-05-12T15:31:59+0200] [MainThread] [I] [toil.worker] Redirecting logging to /tmp/2d2163a70c2859f9824bd3d3aee3eeea/791b/worker_log.txt
[2022-05-12T15:31:59+0200] [MainThread] [I] [toil.worker] Redirecting logging to /tmp/2d2163a70c2859f9824bd3d3aee3eeea/3798/worker_log.txt
[2022-05-12T15:31:59+0200] [MainThread] [I] [toil.worker] Redirecting logging to /tmp/2d2163a70c2859f9824bd3d3aee3eeea/98f8/worker_log.txt
[2022-05-12T15:31:59+0200] [MainThread] [I] [toil.worker] Redirecting logging to /tmp/2d2163a70c2859f9824bd3d3aee3eeea/cec5/worker_log.txt
[2022-05-12T15:31:59+0200] [MainThread] [I] [toil.worker] Redirecting logging to /tmp/2d2163a70c2859f9824bd3d3aee3eeea/1b15/worker_log.txt
[2022-05-12T15:31:59+0200] [MainThread] [I] [toil.worker] Redirecting logging to /tmp/2d2163a70c2859f9824bd3d3aee3eeea/ef17/worker_log.txt
[2022-05-12T15:31:59+0200] [MainThread] [I] [toil.worker] Redirecting logging to /tmp/2d2163a70c2859f9824bd3d3aee3eeea/e164/worker_log.txt
[2022-05-12T15:32:00+0200] [MainThread] [I] [toil.worker] Redirecting logging to /tmp/2d2163a70c2859f9824bd3d3aee3eeea/4f20/worker_log.txt
[2022-05-12T15:32:01+0200] [MainThread] [I] [toil.worker] Redirecting logging to /tmp/2d2163a70c2859f9824bd3d3aee3eeea/2022/worker_log.txt
[2022-05-12T15:32:01+0200] [MainThread] [I] [toil.worker] Redirecting logging to /tmp/2d2163a70c2859f9824bd3d3aee3eeea/a77a/worker_log.txt
[2022-05-12T15:32:01+0200] [MainThread] [I] [toil.worker] Redirecting logging to /tmp/2d2163a70c2859f9824bd3d3aee3eeea/d72e/worker_log.txt
[2022-05-12T15:32:01+0200] [MainThread] [I] [toil.worker] Redirecting logging to /tmp/2d2163a70c2859f9824bd3d3aee3eeea/f6c4/worker_log.txt
[2022-05-12T15:32:01+0200] [MainThread] [I] [toil.worker] Redirecting logging to /tmp/2d2163a70c2859f9824bd3d3aee3eeea/aeb7/worker_log.txt
[2022-05-12T15:32:01+0200] [MainThread] [I] [toil.worker] Redirecting logging to /tmp/2d2163a70c2859f9824bd3d3aee3eeea/734c/worker_log.txt
[2022-05-12T15:32:01+0200] [MainThread] [I] [toil.worker] Redirecting logging to /tmp/2d2163a70c2859f9824bd3d3aee3eeea/1193/worker_log.txt
[2022-05-12T15:32:02+0200] [MainThread] [I] [toil.worker] Redirecting logging to /tmp/2d2163a70c2859f9824bd3d3aee3eeea/7b2b/worker_log.txt
[2022-05-12T15:32:02+0200] [MainThread] [I] [toil.worker] Redirecting logging to /tmp/2d2163a70c2859f9824bd3d3aee3eeea/75d1/worker_log.txt
[2022-05-12T15:32:02+0200] [MainThread] [I] [toil.worker] Redirecting logging to /tmp/2d2163a70c2859f9824bd3d3aee3eeea/19af/worker_log.txt
[2022-05-12T15:32:03+0200] [MainThread] [I] [toil.worker] Redirecting logging to /tmp/2d2163a70c2859f9824bd3d3aee3eeea/019e/worker_log.txt
[2022-05-12T15:32:03+0200] [MainThread] [I] [toil.worker] Redirecting logging to /tmp/2d2163a70c2859f9824bd3d3aee3eeea/aee1/worker_log.txt
[2022-05-12T15:32:03+0200] [MainThread] [I] [toil.worker] Redirecting logging to /tmp/2d2163a70c2859f9824bd3d3aee3eeea/9e6b/worker_log.txt
[2022-05-12T15:32:03+0200] [MainThread] [I] [toil.worker] Redirecting logging to /tmp/2d2163a70c2859f9824bd3d3aee3eeea/602e/worker_log.txt
[2022-05-12T15:32:03+0200] [MainThread] [I] [toil.worker] Redirecting logging to /tmp/2d2163a70c2859f9824bd3d3aee3eeea/2225/worker_log.txt
[2022-05-12T15:32:04+0200] [MainThread] [I] [toil.worker] Redirecting logging to /tmp/2d2163a70c2859f9824bd3d3aee3eeea/61b9/worker_log.txt
[2022-05-12T15:32:05+0200] [MainThread] [I] [toil.worker] Redirecting logging to /tmp/2d2163a70c2859f9824bd3d3aee3eeea/40fa/worker_log.txt
[2022-05-12T15:32:06+0200] [MainThread] [I] [toil.worker] Redirecting logging to /tmp/2d2163a70c2859f9824bd3d3aee3eeea/a4cb/worker_log.txt
[2022-05-12T15:32:06+0200] [MainThread] [I] [toil.worker] Redirecting logging to /tmp/2d2163a70c2859f9824bd3d3aee3eeea/e427/worker_log.txt
[2022-05-12T15:32:08+0200] [MainThread] [I] [toil.leader] Finished toil run successfully.
[2022-05-12T15:32:08+0200] [MainThread] [W] [toil.cwl.cwltoil] In Workflow output 'out1', SkipNull result found and cast to None. 
You had a conditional step that did not run, but you did not use pickValue to handle the skipped input.
[2022-05-12T15:32:08+0200] [MainThread] [I] [toil.common] Successfully deleted the job store: FileJobStore(/tmp/tmpuvroar3_)
</system-err>
		</testcase>
		<testcase name="Non-boolean values from &quot;when&quot; should fail; no javascript" time="16.489594" class="conditional, workflow" file="conditionals_non_boolean_fail_nojs" url="cwltest:conformance_tests#305">
			<system-err>[2022-05-12T15:31:56+0200] [MainThread] [I] [cwltool] Resolved 'tests/conditionals/cond-wf-012_nojs.cwl' to 'file:///home/michael/cwl-v1.2/tests/conditionals/cond-wf-012_nojs.cwl'
[2022-05-12T15:32:01+0200] [MainThread] [I] [toil.job] Saving graph of 2 jobs, 2 new
[2022-05-12T15:32:01+0200] [MainThread] [I] [toil.job] Processing job 'ResolveIndirect' kind-ResolveIndirect/instance-fwnn_39k v0
[2022-05-12T15:32:01+0200] [MainThread] [I] [toil.job] Processing job 'CWLWorkflow' kind-CWLWorkflow/instance-km434fps v0
[2022-05-12T15:32:01+0200] [MainThread] [I] [toil] Running Toil version 5.6.0-c34146a6437e4407a61e946e968bcce67a0ebbca on host mrc-tux.
[2022-05-12T15:32:02+0200] [MainThread] [I] [toil.worker] Redirecting logging to /tmp/bf223f11b733591ab70b6451a946414e/2daa/worker_log.txt
[2022-05-12T15:32:03+0200] [MainThread] [I] [toil.leader] 0 jobs are running, 0 jobs are issued and waiting to run
[2022-05-12T15:32:03+0200] [MainThread] [I] [toil.leader] Issued job 'CWLJob' cond-wf-012_nojs.cwl.step1.foo.cwl kind-CWLJob/instance-_9zldrbd v1 with job batch system ID: 1 and cores: 1, disk: 3.0 Gi, and memory: 2.0 Gi
[2022-05-12T15:32:04+0200] [MainThread] [I] [toil.worker] Redirecting logging to /tmp/bf223f11b733591ab70b6451a946414e/e0e6/worker_log.txt
[2022-05-12T15:32:04+0200] [Thread-1 (daddy)] [E] [toil.batchSystems.singleMachine] Got exit code 1 (indicating failure) from job _toil_worker CWLJob file:/tmp/tmpuph8xm02 kind-CWLJob/instance-_9zldrbd.
[2022-05-12T15:32:04+0200] [MainThread] [W] [toil.leader] Job failed with exit value 1: 'CWLJob' cond-wf-012_nojs.cwl.step1.foo.cwl kind-CWLJob/instance-_9zldrbd v1
Exit reason: None
[2022-05-12T15:32:04+0200] [MainThread] [W] [toil.leader] The job seems to have left a log file, indicating failure: 'CWLJob' cond-wf-012_nojs.cwl.step1.foo.cwl kind-CWLJob/instance-_9zldrbd v2
[2022-05-12T15:32:04+0200] [MainThread] [W] [toil.leader] Log from job &quot;kind-CWLJob/instance-_9zldrbd&quot; follows:
=========&gt;
	[2022-05-12T15:32:04+0200] [MainThread] [I] [toil.worker] ---TOIL WORKER OUTPUT LOG---
	[2022-05-12T15:32:04+0200] [MainThread] [I] [toil] Running Toil version 5.6.0-c34146a6437e4407a61e946e968bcce67a0ebbca on host mrc-tux.
	[2022-05-12T15:32:04+0200] [MainThread] [I] [toil.worker] Working on job 'CWLJob' cond-wf-012_nojs.cwl.step1.foo.cwl kind-CWLJob/instance-_9zldrbd v1
	[2022-05-12T15:32:04+0200] [MainThread] [I] [toil.worker] Loaded body Job('CWLJob' cond-wf-012_nojs.cwl.step1.foo.cwl kind-CWLJob/instance-_9zldrbd v1) from description 'CWLJob' cond-wf-012_nojs.cwl.step1.foo.cwl kind-CWLJob/instance-_9zldrbd v1
	Traceback (most recent call last):
	  File &quot;/home/michael/common-workflow-language/toil5.6.0/lib/python3.10/site-packages/toil/worker.py&quot;, line 405, in workerScript
	    job._runner(jobGraph=None, jobStore=jobStore, fileStore=fileStore, defer=defer)
	  File &quot;/home/michael/common-workflow-language/toil5.6.0/lib/python3.10/site-packages/toil/job.py&quot;, line 2399, in _runner
	    returnValues = self._run(jobGraph=None, fileStore=fileStore)
	  File &quot;/home/michael/common-workflow-language/toil5.6.0/lib/python3.10/site-packages/toil/job.py&quot;, line 2317, in _run
	    return self.run(fileStore)
	  File &quot;/home/michael/common-workflow-language/toil5.6.0/lib/python3.10/site-packages/toil/cwl/cwltoil.py&quot;, line 1971, in run
	    if self.conditional.is_false(cwljob):
	  File &quot;/home/michael/common-workflow-language/toil5.6.0/lib/python3.10/site-packages/toil/cwl/cwltoil.py&quot;, line 254, in is_false
	    raise cwltool.errors.WorkflowException(
	cwltool.errors.WorkflowException: '$(inputs.a_new_var)' evaluated to a non-boolean value
	[2022-05-12T15:32:04+0200] [MainThread] [E] [toil.worker] Exiting the worker because of a failed job on host mrc-tux
&lt;=========
[2022-05-12T15:32:04+0200] [MainThread] [W] [toil.job] Due to failure we are reducing the remaining try count of job 'CWLJob' cond-wf-012_nojs.cwl.step1.foo.cwl kind-CWLJob/instance-_9zldrbd v2 with ID kind-CWLJob/instance-_9zldrbd to 1
[2022-05-12T15:32:04+0200] [MainThread] [I] [toil.leader] Issued job 'CWLJob' cond-wf-012_nojs.cwl.step1.foo.cwl kind-CWLJob/instance-_9zldrbd v3 with job batch system ID: 2 and cores: 1, disk: 3.0 Gi, and memory: 2.0 Gi
[2022-05-12T15:32:04+0200] [MainThread] [I] [toil.worker] Redirecting logging to /tmp/bf223f11b733591ab70b6451a946414e/1fee/worker_log.txt
[2022-05-12T15:32:05+0200] [Thread-1 (daddy)] [E] [toil.batchSystems.singleMachine] Got exit code 1 (indicating failure) from job _toil_worker CWLJob file:/tmp/tmpuph8xm02 kind-CWLJob/instance-_9zldrbd.
[2022-05-12T15:32:05+0200] [MainThread] [W] [toil.leader] Job failed with exit value 1: 'CWLJob' cond-wf-012_nojs.cwl.step1.foo.cwl kind-CWLJob/instance-_9zldrbd v3
Exit reason: None
[2022-05-12T15:32:05+0200] [MainThread] [W] [toil.leader] The job seems to have left a log file, indicating failure: 'CWLJob' cond-wf-012_nojs.cwl.step1.foo.cwl kind-CWLJob/instance-_9zldrbd v5
[2022-05-12T15:32:05+0200] [MainThread] [W] [toil.leader] Log from job &quot;kind-CWLJob/instance-_9zldrbd&quot; follows:
=========&gt;
	[2022-05-12T15:32:04+0200] [MainThread] [I] [toil.worker] ---TOIL WORKER OUTPUT LOG---
	[2022-05-12T15:32:04+0200] [MainThread] [I] [toil] Running Toil version 5.6.0-c34146a6437e4407a61e946e968bcce67a0ebbca on host mrc-tux.
	[2022-05-12T15:32:04+0200] [MainThread] [I] [toil.worker] Working on job 'CWLJob' cond-wf-012_nojs.cwl.step1.foo.cwl kind-CWLJob/instance-_9zldrbd v4
	[2022-05-12T15:32:05+0200] [MainThread] [I] [toil.worker] Loaded body Job('CWLJob' cond-wf-012_nojs.cwl.step1.foo.cwl kind-CWLJob/instance-_9zldrbd v4) from description 'CWLJob' cond-wf-012_nojs.cwl.step1.foo.cwl kind-CWLJob/instance-_9zldrbd v4
	Traceback (most recent call last):
	  File &quot;/home/michael/common-workflow-language/toil5.6.0/lib/python3.10/site-packages/toil/worker.py&quot;, line 405, in workerScript
	    job._runner(jobGraph=None, jobStore=jobStore, fileStore=fileStore, defer=defer)
	  File &quot;/home/michael/common-workflow-language/toil5.6.0/lib/python3.10/site-packages/toil/job.py&quot;, line 2399, in _runner
	    returnValues = self._run(jobGraph=None, fileStore=fileStore)
	  File &quot;/home/michael/common-workflow-language/toil5.6.0/lib/python3.10/site-packages/toil/job.py&quot;, line 2317, in _run
	    return self.run(fileStore)
	  File &quot;/home/michael/common-workflow-language/toil5.6.0/lib/python3.10/site-packages/toil/cwl/cwltoil.py&quot;, line 1971, in run
	    if self.conditional.is_false(cwljob):
	  File &quot;/home/michael/common-workflow-language/toil5.6.0/lib/python3.10/site-packages/toil/cwl/cwltoil.py&quot;, line 254, in is_false
	    raise cwltool.errors.WorkflowException(
	cwltool.errors.WorkflowException: '$(inputs.a_new_var)' evaluated to a non-boolean value
	[2022-05-12T15:32:05+0200] [MainThread] [E] [toil.worker] Exiting the worker because of a failed job on host mrc-tux
&lt;=========
[2022-05-12T15:32:05+0200] [MainThread] [W] [toil.job] Due to failure we are reducing the remaining try count of job 'CWLJob' cond-wf-012_nojs.cwl.step1.foo.cwl kind-CWLJob/instance-_9zldrbd v5 with ID kind-CWLJob/instance-_9zldrbd to 0
[2022-05-12T15:32:05+0200] [MainThread] [W] [toil.leader] Job 'CWLJob' cond-wf-012_nojs.cwl.step1.foo.cwl kind-CWLJob/instance-_9zldrbd v6 is completely failed
[2022-05-12T15:32:11+0200] [MainThread] [I] [toil.leader] Finished toil run with 2 failed jobs.
[2022-05-12T15:32:11+0200] [MainThread] [I] [toil.leader] Failed jobs at end of the run: 'CWLWorkflow' kind-CWLWorkflow/instance-km434fps v2 'CWLJob' cond-wf-012_nojs.cwl.step1.foo.cwl kind-CWLJob/instance-_9zldrbd v6
Traceback (most recent call last):
  File &quot;/home/michael/common-workflow-language/toil5.6.0/bin/toil-cwl-runner&quot;, line 8, in &lt;module&gt;
    sys.exit(main())
  File &quot;/home/michael/common-workflow-language/toil5.6.0/lib/python3.10/site-packages/toil/cwl/cwltoil.py&quot;, line 3486, in main
    outobj = toil.start(wf1)
  File &quot;/home/michael/common-workflow-language/toil5.6.0/lib/python3.10/site-packages/toil/common.py&quot;, line 951, in start
    return self._runMainLoop(rootJobDescription)
  File &quot;/home/michael/common-workflow-language/toil5.6.0/lib/python3.10/site-packages/toil/common.py&quot;, line 1278, in _runMainLoop
    jobCache=self._jobCache).run()
  File &quot;/home/michael/common-workflow-language/toil5.6.0/lib/python3.10/site-packages/toil/leader.py&quot;, line 289, in run
    raise FailedJobsException(self.jobStore, failed_jobs, exit_code=self.recommended_fail_exit_code)
toil.leader.FailedJobsException: The job store '/tmp/tmpuph8xm02' contains 2 failed jobs: 'CWLWorkflow' kind-CWLWorkflow/instance-km434fps v2, 'CWLJob' cond-wf-012_nojs.cwl.step1.foo.cwl kind-CWLJob/instance-_9zldrbd v6
Log from job &quot;'CWLJob' cond-wf-012_nojs.cwl.step1.foo.cwl kind-CWLJob/instance-_9zldrbd v6&quot; follows:
=========&gt;
	[2022-05-12T15:32:04+0200] [MainThread] [I] [toil.worker] ---TOIL WORKER OUTPUT LOG---
	[2022-05-12T15:32:04+0200] [MainThread] [I] [toil] Running Toil version 5.6.0-c34146a6437e4407a61e946e968bcce67a0ebbca on host mrc-tux.
	[2022-05-12T15:32:04+0200] [MainThread] [I] [toil.worker] Working on job 'CWLJob' cond-wf-012_nojs.cwl.step1.foo.cwl kind-CWLJob/instance-_9zldrbd v4
	[2022-05-12T15:32:05+0200] [MainThread] [I] [toil.worker] Loaded body Job('CWLJob' cond-wf-012_nojs.cwl.step1.foo.cwl kind-CWLJob/instance-_9zldrbd v4) from description 'CWLJob' cond-wf-012_nojs.cwl.step1.foo.cwl kind-CWLJob/instance-_9zldrbd v4
	Traceback (most recent call last):
	  File &quot;/home/michael/common-workflow-language/toil5.6.0/lib/python3.10/site-packages/toil/worker.py&quot;, line 405, in workerScript
	    job._runner(jobGraph=None, jobStore=jobStore, fileStore=fileStore, defer=defer)
	  File &quot;/home/michael/common-workflow-language/toil5.6.0/lib/python3.10/site-packages/toil/job.py&quot;, line 2399, in _runner
	    returnValues = self._run(jobGraph=None, fileStore=fileStore)
	  File &quot;/home/michael/common-workflow-language/toil5.6.0/lib/python3.10/site-packages/toil/job.py&quot;, line 2317, in _run
	    return self.run(fileStore)
	  File &quot;/home/michael/common-workflow-language/toil5.6.0/lib/python3.10/site-packages/toil/cwl/cwltoil.py&quot;, line 1971, in run
	    if self.conditional.is_false(cwljob):
	  File &quot;/home/michael/common-workflow-language/toil5.6.0/lib/python3.10/site-packages/toil/cwl/cwltoil.py&quot;, line 254, in is_false
	    raise cwltool.errors.WorkflowException(
	cwltool.errors.WorkflowException: '$(inputs.a_new_var)' evaluated to a non-boolean value
	[2022-05-12T15:32:05+0200] [MainThread] [E] [toil.worker] Exiting the worker because of a failed job on host mrc-tux
&lt;=========
</system-err>
		</testcase>
		<testcase name="Scatter two steps, flatten result + pickValue; no javascript" time="16.753814" class="conditional, scatter, multiple, workflow" file="conditionals_multi_scatter_nojs" url="cwltest:conformance_tests#306">
			<system-out>{
    &quot;out1&quot;: [
        &quot;foo 2&quot;,
        &quot;foo 4&quot;,
        &quot;foo 6&quot;,
        &quot;bar 1&quot;,
        &quot;bar 3&quot;,
        &quot;bar 5&quot;
    ]
}</system-out>
			<system-err>[2022-05-12T15:32:01+0200] [MainThread] [I] [cwltool] Resolved 'tests/conditionals/cond-wf-013_nojs.cwl' to 'file:///home/michael/cwl-v1.2/tests/conditionals/cond-wf-013_nojs.cwl'
[2022-05-12T15:32:07+0200] [MainThread] [I] [toil.job] Saving graph of 2 jobs, 2 new
[2022-05-12T15:32:07+0200] [MainThread] [I] [toil.job] Processing job 'ResolveIndirect' kind-ResolveIndirect/instance-in_9ewh8 v0
[2022-05-12T15:32:07+0200] [MainThread] [I] [toil.job] Processing job 'CWLWorkflow' kind-CWLWorkflow/instance-t4ybxhxw v0
[2022-05-12T15:32:07+0200] [MainThread] [I] [toil] Running Toil version 5.6.0-c34146a6437e4407a61e946e968bcce67a0ebbca on host mrc-tux.
[2022-05-12T15:32:07+0200] [MainThread] [I] [toil.worker] Redirecting logging to /tmp/840543b98b9d5f2693998a2670c1fb59/97be/worker_log.txt
[2022-05-12T15:32:07+0200] [MainThread] [I] [toil.leader] 0 jobs are running, 0 jobs are issued and waiting to run
[2022-05-12T15:32:08+0200] [MainThread] [I] [toil.worker] Redirecting logging to /tmp/840543b98b9d5f2693998a2670c1fb59/6337/worker_log.txt
[2022-05-12T15:32:08+0200] [MainThread] [I] [toil.worker] Redirecting logging to /tmp/840543b98b9d5f2693998a2670c1fb59/0fb8/worker_log.txt
[2022-05-12T15:32:08+0200] [MainThread] [I] [toil.leader] Issued job 'CWLJob' cond-wf-013_nojs.cwl[2].foo.cwl kind-CWLJob/instance-0x6poiy5 v1 with job batch system ID: 3 and cores: 1, disk: 3.0 Gi, and memory: 2.0 Gi
[2022-05-12T15:32:08+0200] [MainThread] [I] [toil.leader] Issued job 'CWLJob' cond-wf-013_nojs.cwl[3].foo.cwl kind-CWLJob/instance-4xsdajas v1 with job batch system ID: 4 and cores: 1, disk: 3.0 Gi, and memory: 2.0 Gi
[2022-05-12T15:32:08+0200] [MainThread] [I] [toil.leader] Issued job 'CWLJob' cond-wf-013_nojs.cwl[0].foo.cwl kind-CWLJob/instance-qelvgk23 v1 with job batch system ID: 5 and cores: 1, disk: 3.0 Gi, and memory: 2.0 Gi
[2022-05-12T15:32:08+0200] [MainThread] [I] [toil.leader] Issued job 'CWLJob' cond-wf-013_nojs.cwl[5].foo.cwl kind-CWLJob/instance-rsd_oir0 v1 with job batch system ID: 6 and cores: 1, disk: 3.0 Gi, and memory: 2.0 Gi
[2022-05-12T15:32:08+0200] [MainThread] [I] [toil.leader] Issued job 'CWLJob' cond-wf-013_nojs.cwl[4].foo.cwl kind-CWLJob/instance-ai_h_8sw v1 with job batch system ID: 7 and cores: 1, disk: 3.0 Gi, and memory: 2.0 Gi
[2022-05-12T15:32:08+0200] [MainThread] [I] [toil.leader] Issued job 'CWLJob' cond-wf-013_nojs.cwl[1].foo.cwl kind-CWLJob/instance-_9u6z80u v1 with job batch system ID: 8 and cores: 1, disk: 3.0 Gi, and memory: 2.0 Gi
[2022-05-12T15:32:08+0200] [MainThread] [I] [toil.leader] Issued job 'CWLJob' cond-wf-013_nojs.cwl[4].bar.cwl kind-CWLJob/instance-884e6t2g v1 with job batch system ID: 9 and cores: 1, disk: 3.0 Gi, and memory: 2.0 Gi
[2022-05-12T15:32:08+0200] [MainThread] [I] [toil.leader] Issued job 'CWLJob' cond-wf-013_nojs.cwl[1].bar.cwl kind-CWLJob/instance-h5fxxga8 v1 with job batch system ID: 10 and cores: 1, disk: 3.0 Gi, and memory: 2.0 Gi
[2022-05-12T15:32:08+0200] [MainThread] [I] [toil.leader] Issued job 'CWLJob' cond-wf-013_nojs.cwl[3].bar.cwl kind-CWLJob/instance-x2a_x98n v1 with job batch system ID: 11 and cores: 1, disk: 3.0 Gi, and memory: 2.0 Gi
[2022-05-12T15:32:08+0200] [MainThread] [I] [toil.leader] Issued job 'CWLJob' cond-wf-013_nojs.cwl[0].bar.cwl kind-CWLJob/instance-b92rnwhk v1 with job batch system ID: 12 and cores: 1, disk: 3.0 Gi, and memory: 2.0 Gi
[2022-05-12T15:32:08+0200] [MainThread] [I] [toil.leader] Issued job 'CWLJob' cond-wf-013_nojs.cwl[5].bar.cwl kind-CWLJob/instance-jiz7v_wn v1 with job batch system ID: 13 and cores: 1, disk: 3.0 Gi, and memory: 2.0 Gi
[2022-05-12T15:32:08+0200] [MainThread] [I] [toil.leader] Issued job 'CWLJob' cond-wf-013_nojs.cwl[2].bar.cwl kind-CWLJob/instance-bjzucr5k v1 with job batch system ID: 14 and cores: 1, disk: 3.0 Gi, and memory: 2.0 Gi
[2022-05-12T15:32:09+0200] [MainThread] [I] [toil.worker] Redirecting logging to /tmp/840543b98b9d5f2693998a2670c1fb59/3fa7/worker_log.txt
[2022-05-12T15:32:09+0200] [MainThread] [I] [toil.worker] Redirecting logging to /tmp/840543b98b9d5f2693998a2670c1fb59/5abe/worker_log.txt
[2022-05-12T15:32:09+0200] [MainThread] [I] [toil.worker] Redirecting logging to /tmp/840543b98b9d5f2693998a2670c1fb59/5bc3/worker_log.txt
[2022-05-12T15:32:09+0200] [MainThread] [I] [toil.worker] Redirecting logging to /tmp/840543b98b9d5f2693998a2670c1fb59/f6b3/worker_log.txt
[2022-05-12T15:32:09+0200] [MainThread] [I] [toil.worker] Redirecting logging to /tmp/840543b98b9d5f2693998a2670c1fb59/3eec/worker_log.txt
[2022-05-12T15:32:09+0200] [MainThread] [I] [toil.worker] Redirecting logging to /tmp/840543b98b9d5f2693998a2670c1fb59/faba/worker_log.txt
[2022-05-12T15:32:09+0200] [MainThread] [I] [toil.worker] Redirecting logging to /tmp/840543b98b9d5f2693998a2670c1fb59/c193/worker_log.txt
[2022-05-12T15:32:09+0200] [MainThread] [I] [toil.worker] Redirecting logging to /tmp/840543b98b9d5f2693998a2670c1fb59/f68a/worker_log.txt
[2022-05-12T15:32:10+0200] [MainThread] [I] [toil.worker] Redirecting logging to /tmp/840543b98b9d5f2693998a2670c1fb59/b824/worker_log.txt
[2022-05-12T15:32:10+0200] [MainThread] [I] [toil.worker] Redirecting logging to /tmp/840543b98b9d5f2693998a2670c1fb59/17b1/worker_log.txt
[2022-05-12T15:32:10+0200] [MainThread] [I] [toil.worker] Redirecting logging to /tmp/840543b98b9d5f2693998a2670c1fb59/bc9e/worker_log.txt
[2022-05-12T15:32:10+0200] [MainThread] [I] [toil.worker] Redirecting logging to /tmp/840543b98b9d5f2693998a2670c1fb59/af4d/worker_log.txt
[2022-05-12T15:32:10+0200] [MainThread] [I] [toil.worker] Redirecting logging to /tmp/840543b98b9d5f2693998a2670c1fb59/5d71/worker_log.txt
[2022-05-12T15:32:12+0200] [MainThread] [I] [toil.worker] Redirecting logging to /tmp/840543b98b9d5f2693998a2670c1fb59/b004/worker_log.txt
[2022-05-12T15:32:12+0200] [MainThread] [I] [toil.worker] Redirecting logging to /tmp/840543b98b9d5f2693998a2670c1fb59/ca0f/worker_log.txt
[2022-05-12T15:32:13+0200] [MainThread] [I] [toil.worker] Redirecting logging to /tmp/840543b98b9d5f2693998a2670c1fb59/9936/worker_log.txt
[2022-05-12T15:32:13+0200] [MainThread] [I] [toil.worker] Redirecting logging to /tmp/840543b98b9d5f2693998a2670c1fb59/2eb0/worker_log.txt
[2022-05-12T15:32:14+0200] [MainThread] [I] [toil.worker] Redirecting logging to /tmp/840543b98b9d5f2693998a2670c1fb59/0a10/worker_log.txt
[2022-05-12T15:32:16+0200] [MainThread] [I] [toil.leader] Finished toil run successfully.
[2022-05-12T15:32:16+0200] [MainThread] [I] [toil.common] Successfully deleted the job store: FileJobStore(/tmp/tmpl3x3r61q)
</system-err>
		</testcase>
		<testcase name="Default inputs, choose step to run based on what was provided, first case" time="15.013408" class="conditional, scatter, multiple, workflow" url="cwltest:conformance_tests#307">
			<system-out>{
    &quot;out_file&quot;: [
        {
            &quot;location&quot;: &quot;file:///tmp/tmpg9jlwkzo/filename_paired1&quot;,
            &quot;basename&quot;: &quot;filename_paired1&quot;,
            &quot;nameroot&quot;: &quot;filename_paired1&quot;,
            &quot;nameext&quot;: &quot;&quot;,
            &quot;class&quot;: &quot;File&quot;,
            &quot;checksum&quot;: &quot;sha1$668326847b11f0fcaf4a0fba94d79ccf8b9f9213&quot;,
            &quot;size&quot;: 34
        },
        {
            &quot;location&quot;: &quot;file:///tmp/tmpg9jlwkzo/filename_paired2&quot;,
            &quot;basename&quot;: &quot;filename_paired2&quot;,
            &quot;nameroot&quot;: &quot;filename_paired2&quot;,
            &quot;nameext&quot;: &quot;&quot;,
            &quot;class&quot;: &quot;File&quot;,
            &quot;checksum&quot;: &quot;sha1$da959696a42552d21c03f5f1df5d1949a856845e&quot;,
            &quot;size&quot;: 34
        }
    ]
}</system-out>
			<system-err>[2022-05-12T15:32:04+0200] [MainThread] [I] [cwltool] Resolved 'tests/conditionals/cond-with-defaults.cwl' to 'file:///home/michael/cwl-v1.2/tests/conditionals/cond-with-defaults.cwl'
[2022-05-12T15:32:09+0200] [MainThread] [W] [cwltool] Workflow checker warning:
tests/conditionals/cond-with-defaults.cwl:14:5: Source 'single_reads' of type [&quot;null&quot;, &quot;File&quot;] may
                                                be incompatible
tests/conditionals/cond-with-defaults.cwl:47:7:   with sink 'initial_file' of type &quot;File&quot;
tests/conditionals/cond-with-defaults.cwl:12:5: Source 'forward_reads' of type [&quot;null&quot;, &quot;File&quot;] may
                                                be incompatible
tests/conditionals/cond-with-defaults.cwl:36:7:   with sink 'initial_file' of type {&quot;type&quot;:
                                                  &quot;array&quot;, &quot;items&quot;: &quot;File&quot;}
                                                  source has linkMerge method merge_nested
tests/conditionals/cond-with-defaults.cwl:13:5: Source 'reverse_reads' of type [&quot;null&quot;, &quot;File&quot;] may
                                                be incompatible
tests/conditionals/cond-with-defaults.cwl:36:7:   with sink 'initial_file' of type {&quot;type&quot;:
                                                  &quot;array&quot;, &quot;items&quot;: &quot;File&quot;}
                                                  source has linkMerge method merge_nested
[2022-05-12T15:32:09+0200] [MainThread] [I] [toil.job] Saving graph of 2 jobs, 2 new
[2022-05-12T15:32:09+0200] [MainThread] [I] [toil.job] Processing job 'ResolveIndirect' kind-ResolveIndirect/instance-7o7yfhk_ v0
[2022-05-12T15:32:09+0200] [MainThread] [I] [toil.job] Processing job 'CWLWorkflow' kind-CWLWorkflow/instance-4k_z0hu6 v0
[2022-05-12T15:32:09+0200] [MainThread] [I] [toil] Running Toil version 5.6.0-c34146a6437e4407a61e946e968bcce67a0ebbca on host mrc-tux.
[2022-05-12T15:32:10+0200] [MainThread] [I] [toil.worker] Redirecting logging to /tmp/19a1d5b9524253dcbf13b98272f2e283/7c21/worker_log.txt
[2022-05-12T15:32:10+0200] [MainThread] [I] [toil.leader] 0 jobs are running, 0 jobs are issued and waiting to run
[2022-05-12T15:32:10+0200] [MainThread] [I] [toil.leader] Issued job 'CWLJob' cond-with-defaults.cwl.step_single.action.cwl kind-CWLJob/instance-rbqea9g6 v1 with job batch system ID: 1 and cores: 1, disk: 3.0 Gi, and memory: 2.0 Gi
[2022-05-12T15:32:11+0200] [MainThread] [I] [toil.worker] Redirecting logging to /tmp/19a1d5b9524253dcbf13b98272f2e283/c026/worker_log.txt
[2022-05-12T15:32:11+0200] [MainThread] [I] [toil.worker] Redirecting logging to /tmp/19a1d5b9524253dcbf13b98272f2e283/928a/worker_log.txt
[2022-05-12T15:32:11+0200] [MainThread] [I] [toil.leader] Issued job 'CWLJob' cond-with-defaults.cwl[1].action.cwl kind-CWLJob/instance-30chzogk v1 with job batch system ID: 3 and cores: 1, disk: 3.0 Gi, and memory: 2.0 Gi
[2022-05-12T15:32:11+0200] [MainThread] [I] [toil.leader] Issued job 'CWLJob' cond-with-defaults.cwl[0].action.cwl kind-CWLJob/instance-ldvept7_ v1 with job batch system ID: 4 and cores: 1, disk: 3.0 Gi, and memory: 2.0 Gi
[2022-05-12T15:32:12+0200] [MainThread] [I] [toil.worker] Redirecting logging to /tmp/19a1d5b9524253dcbf13b98272f2e283/16c7/worker_log.txt
[2022-05-12T15:32:12+0200] [MainThread] [I] [toil.worker] Redirecting logging to /tmp/19a1d5b9524253dcbf13b98272f2e283/da8a/worker_log.txt
[2022-05-12T15:32:13+0200] [MainThread] [I] [toil.worker] Redirecting logging to /tmp/19a1d5b9524253dcbf13b98272f2e283/b20f/worker_log.txt
[2022-05-12T15:32:14+0200] [MainThread] [I] [toil.worker] Redirecting logging to /tmp/19a1d5b9524253dcbf13b98272f2e283/c83d/worker_log.txt
[2022-05-12T15:32:15+0200] [MainThread] [I] [toil.worker] Redirecting logging to /tmp/19a1d5b9524253dcbf13b98272f2e283/8a10/worker_log.txt
[2022-05-12T15:32:16+0200] [MainThread] [I] [toil.worker] Redirecting logging to /tmp/19a1d5b9524253dcbf13b98272f2e283/471a/worker_log.txt
[2022-05-12T15:32:18+0200] [MainThread] [I] [toil.leader] Finished toil run successfully.
[2022-05-12T15:32:18+0200] [MainThread] [I] [toil.common] Successfully deleted the job store: FileJobStore(/tmp/tmp2jc9xfdn)
</system-err>
		</testcase>
		<testcase name="Default inputs, choose step to run based on what was provided, second case" time="14.733826" class="conditional, scatter, multiple, workflow" url="cwltest:conformance_tests#308">
			<system-out>{
    &quot;out_file&quot;: [
        {
            &quot;location&quot;: &quot;file:///tmp/tmpqm0rnm98/filename_single&quot;,
            &quot;basename&quot;: &quot;filename_single&quot;,
            &quot;nameroot&quot;: &quot;filename_single&quot;,
            &quot;nameext&quot;: &quot;&quot;,
            &quot;class&quot;: &quot;File&quot;,
            &quot;checksum&quot;: &quot;sha1$648695b8ae770ae22b24ff7fe798801c9c370dc1&quot;,
            &quot;size&quot;: 12
        }
    ]
}</system-out>
			<system-err>[2022-05-12T15:32:10+0200] [MainThread] [I] [cwltool] Resolved 'tests/conditionals/cond-with-defaults.cwl' to 'file:///home/michael/cwl-v1.2/tests/conditionals/cond-with-defaults.cwl'
[2022-05-12T15:32:16+0200] [MainThread] [W] [cwltool] Workflow checker warning:
tests/conditionals/cond-with-defaults.cwl:14:5: Source 'single_reads' of type [&quot;null&quot;, &quot;File&quot;] may
                                                be incompatible
tests/conditionals/cond-with-defaults.cwl:47:7:   with sink 'initial_file' of type &quot;File&quot;
tests/conditionals/cond-with-defaults.cwl:12:5: Source 'forward_reads' of type [&quot;null&quot;, &quot;File&quot;] may
                                                be incompatible
tests/conditionals/cond-with-defaults.cwl:36:7:   with sink 'initial_file' of type {&quot;type&quot;:
                                                  &quot;array&quot;, &quot;items&quot;: &quot;File&quot;}
                                                  source has linkMerge method merge_nested
tests/conditionals/cond-with-defaults.cwl:13:5: Source 'reverse_reads' of type [&quot;null&quot;, &quot;File&quot;] may
                                                be incompatible
tests/conditionals/cond-with-defaults.cwl:36:7:   with sink 'initial_file' of type {&quot;type&quot;:
                                                  &quot;array&quot;, &quot;items&quot;: &quot;File&quot;}
                                                  source has linkMerge method merge_nested
[2022-05-12T15:32:16+0200] [MainThread] [I] [toil.job] Saving graph of 2 jobs, 2 new
[2022-05-12T15:32:16+0200] [MainThread] [I] [toil.job] Processing job 'ResolveIndirect' kind-ResolveIndirect/instance-hkgdwiv4 v0
[2022-05-12T15:32:16+0200] [MainThread] [I] [toil.job] Processing job 'CWLWorkflow' kind-CWLWorkflow/instance-1bx9gh0b v0
[2022-05-12T15:32:16+0200] [MainThread] [I] [toil] Running Toil version 5.6.0-c34146a6437e4407a61e946e968bcce67a0ebbca on host mrc-tux.
[2022-05-12T15:32:17+0200] [MainThread] [I] [toil.worker] Redirecting logging to /tmp/595e83e58d5650fcb7614b4e31009bc1/8a4c/worker_log.txt
[2022-05-12T15:32:17+0200] [MainThread] [I] [toil.leader] 0 jobs are running, 0 jobs are issued and waiting to run
[2022-05-12T15:32:17+0200] [MainThread] [I] [toil.leader] Issued job 'CWLJob' cond-with-defaults.cwl.step_single.action.cwl kind-CWLJob/instance-e4l4lk9j v1 with job batch system ID: 2 and cores: 1, disk: 3.0 Gi, and memory: 2.0 Gi
[2022-05-12T15:32:17+0200] [MainThread] [I] [toil.worker] Redirecting logging to /tmp/595e83e58d5650fcb7614b4e31009bc1/5732/worker_log.txt
[2022-05-12T15:32:17+0200] [MainThread] [I] [toil.worker] Redirecting logging to /tmp/595e83e58d5650fcb7614b4e31009bc1/0163/worker_log.txt
[2022-05-12T15:32:18+0200] [MainThread] [I] [toil.leader] Issued job 'CWLJob' cond-with-defaults.cwl[0].action.cwl kind-CWLJob/instance-c4aqfp9w v1 with job batch system ID: 3 and cores: 1, disk: 3.0 Gi, and memory: 2.0 Gi
[2022-05-12T15:32:18+0200] [MainThread] [I] [toil.leader] Issued job 'CWLJob' cond-with-defaults.cwl[1].action.cwl kind-CWLJob/instance-xbct39_y v1 with job batch system ID: 4 and cores: 1, disk: 3.0 Gi, and memory: 2.0 Gi
[2022-05-12T15:32:18+0200] [MainThread] [I] [toil.worker] Redirecting logging to /tmp/595e83e58d5650fcb7614b4e31009bc1/b070/worker_log.txt
[2022-05-12T15:32:18+0200] [MainThread] [I] [toil.worker] Redirecting logging to /tmp/595e83e58d5650fcb7614b4e31009bc1/a62e/worker_log.txt
[2022-05-12T15:32:19+0200] [MainThread] [I] [toil.worker] Redirecting logging to /tmp/595e83e58d5650fcb7614b4e31009bc1/8117/worker_log.txt
[2022-05-12T15:32:20+0200] [MainThread] [I] [toil.worker] Redirecting logging to /tmp/595e83e58d5650fcb7614b4e31009bc1/7f2c/worker_log.txt
[2022-05-12T15:32:21+0200] [MainThread] [I] [toil.worker] Redirecting logging to /tmp/595e83e58d5650fcb7614b4e31009bc1/5d91/worker_log.txt
[2022-05-12T15:32:22+0200] [MainThread] [I] [toil.worker] Redirecting logging to /tmp/595e83e58d5650fcb7614b4e31009bc1/513a/worker_log.txt
[2022-05-12T15:32:23+0200] [MainThread] [I] [toil.leader] Finished toil run successfully.
[2022-05-12T15:32:23+0200] [MainThread] [I] [toil.common] Successfully deleted the job store: FileJobStore(/tmp/tmps0q4mrfy)
</system-err>
		</testcase>
		<testcase name="Confirm CommandInputParameter expression can receive a File object" time="6.284757" class="inline_javascript, secondary_files, command_line_tool" file="command_input_file_expression" url="cwltest:conformance_tests#309">
			<system-out>{
    &quot;output_file&quot;: {
        &quot;location&quot;: &quot;file:///tmp/tmpli8n78r7/result&quot;,
        &quot;basename&quot;: &quot;result&quot;,
        &quot;nameroot&quot;: &quot;result&quot;,
        &quot;nameext&quot;: &quot;&quot;,
        &quot;class&quot;: &quot;File&quot;,
        &quot;checksum&quot;: &quot;sha1$901c3d387a263c57eaed6f24a82517c1fb0e198d&quot;,
        &quot;size&quot;: 54
    }
}</system-out>
			<system-err>[2022-05-12T15:32:12+0200] [MainThread] [I] [cwltool] Resolved 'tests/secondaryfiles/rename-inputs.cwl' to 'file:///home/michael/cwl-v1.2/tests/secondaryfiles/rename-inputs.cwl'
[2022-05-12T15:32:15+0200] [MainThread] [I] [toil.job] Saving graph of 1 jobs, 1 new
[2022-05-12T15:32:15+0200] [MainThread] [I] [toil.job] Processing job 'CWLJob' InputSecondaryFileConformanceTest kind-CWLJob/instance-_nghx8tx v0
[2022-05-12T15:32:15+0200] [MainThread] [I] [toil] Running Toil version 5.6.0-c34146a6437e4407a61e946e968bcce67a0ebbca on host mrc-tux.
[2022-05-12T15:32:15+0200] [MainThread] [I] [toil.leader] Issued job 'CWLJob' InputSecondaryFileConformanceTest kind-CWLJob/instance-_nghx8tx v1 with job batch system ID: 0 and cores: 1, disk: 3.0 Gi, and memory: 2.0 Gi
[2022-05-12T15:32:16+0200] [MainThread] [I] [toil.worker] Redirecting logging to /tmp/01987992794c51dab9904aff6e7a9a8d/c86d/worker_log.txt
[2022-05-12T15:32:16+0200] [MainThread] [I] [toil.leader] 0 jobs are running, 0 jobs are issued and waiting to run
[2022-05-12T15:32:17+0200] [MainThread] [I] [toil.leader] Finished toil run successfully.
[2022-05-12T15:32:17+0200] [MainThread] [I] [toil.common] Successfully deleted the job store: FileJobStore(/tmp/tmpwehq3wk8)
</system-err>
		</testcase>
		<testcase name="Confirm CommandOutputParameter expression can receive a File object" time="6.435573" class="inline_javascript, secondary_files, command_line_tool" file="command_output_file_expression" url="cwltest:conformance_tests#310">
			<system-out>{
    &quot;output_file&quot;: {
        &quot;location&quot;: &quot;file:///tmp/tmpazitegbo/secondary_file_test.txt&quot;,
        &quot;basename&quot;: &quot;secondary_file_test.txt&quot;,
        &quot;nameroot&quot;: &quot;secondary_file_test&quot;,
        &quot;nameext&quot;: &quot;.txt&quot;,
        &quot;class&quot;: &quot;File&quot;,
        &quot;checksum&quot;: &quot;sha1$da39a3ee5e6b4b0d3255bfef95601890afd80709&quot;,
        &quot;size&quot;: 0,
        &quot;secondaryFiles&quot;: [
            {
                &quot;class&quot;: &quot;File&quot;,
                &quot;basename&quot;: &quot;secondary_file_test.txt.accessory&quot;,
                &quot;location&quot;: &quot;file:///tmp/tmpazitegbo/secondary_file_test.txt.accessory&quot;,
                &quot;nameroot&quot;: &quot;secondary_file_test.txt&quot;,
                &quot;nameext&quot;: &quot;.accessory&quot;,
                &quot;checksum&quot;: &quot;sha1$da39a3ee5e6b4b0d3255bfef95601890afd80709&quot;,
                &quot;size&quot;: 0
            }
        ]
    }
}</system-out>
			<system-err>[2022-05-12T15:32:17+0200] [MainThread] [I] [cwltool] Resolved 'tests/secondaryfiles/rename-outputs.cwl' to 'file:///home/michael/cwl-v1.2/tests/secondaryfiles/rename-outputs.cwl'
[2022-05-12T15:32:19+0200] [MainThread] [I] [toil.job] Saving graph of 1 jobs, 1 new
[2022-05-12T15:32:19+0200] [MainThread] [I] [toil.job] Processing job 'CWLJob' OutputSecondaryFileConformanceTest kind-CWLJob/instance-5qbraxl6 v0
[2022-05-12T15:32:19+0200] [MainThread] [I] [toil] Running Toil version 5.6.0-c34146a6437e4407a61e946e968bcce67a0ebbca on host mrc-tux.
[2022-05-12T15:32:19+0200] [MainThread] [I] [toil.leader] Issued job 'CWLJob' OutputSecondaryFileConformanceTest kind-CWLJob/instance-5qbraxl6 v1 with job batch system ID: 0 and cores: 1, disk: 3.0 Gi, and memory: 2.0 Gi
[2022-05-12T15:32:20+0200] [MainThread] [I] [toil.worker] Redirecting logging to /tmp/0e231ea363855248858d06b6cc4ff61d/b115/worker_log.txt
[2022-05-12T15:32:20+0200] [MainThread] [I] [toil.leader] 0 jobs are running, 0 jobs are issued and waiting to run
[2022-05-12T15:32:22+0200] [MainThread] [I] [toil.leader] Finished toil run successfully.
[2022-05-12T15:32:22+0200] [MainThread] [I] [toil.common] Successfully deleted the job store: FileJobStore(/tmp/tmpdekj_97l)
</system-err>
		</testcase>
		<testcase name="test v1.0 workflow document that runs other versions" time="12.343079" class="workflow" file="mixed_version_v10_wf" url="cwltest:conformance_tests#311">
			<system-out>{}</system-out>
			<system-err>[2022-05-12T15:32:18+0200] [MainThread] [I] [cwltool] Resolved 'tests/mixed-versions/wf-v10.cwl' to 'file:///home/michael/cwl-v1.2/tests/mixed-versions/wf-v10.cwl'
[2022-05-12T15:32:24+0200] [MainThread] [W] [cwltool] Workflow checker warning:
tests/mixed-versions/wf-v10.cwl:5:5:   Source 'inp1' of type &quot;File&quot; may be incompatible
tests/mixed-versions/wf-v10.cwl:18:10:   with sink 'inp1' of type &quot;File&quot;
tests/mixed-versions/wf-v10.cwl:5:5:   Source 'inp1' of type &quot;File&quot; may be incompatible
tests/mixed-versions/wf-v10.cwl:22:10:   with sink 'inp1' of type &quot;File&quot;
[2022-05-12T15:32:24+0200] [MainThread] [I] [toil.job] Saving graph of 2 jobs, 2 new
[2022-05-12T15:32:24+0200] [MainThread] [I] [toil.job] Processing job 'ResolveIndirect' kind-ResolveIndirect/instance-fgv6vg5b v0
[2022-05-12T15:32:24+0200] [MainThread] [I] [toil.job] Processing job 'CWLWorkflow' kind-CWLWorkflow/instance-twukasb9 v0
[2022-05-12T15:32:24+0200] [MainThread] [I] [toil] Running Toil version 5.6.0-c34146a6437e4407a61e946e968bcce67a0ebbca on host mrc-tux.
[2022-05-12T15:32:25+0200] [MainThread] [I] [toil.worker] Redirecting logging to /tmp/d51a7c6edd885d2ab3a7ec3c9e64049d/1480/worker_log.txt
[2022-05-12T15:32:25+0200] [MainThread] [I] [toil.leader] 0 jobs are running, 0 jobs are issued and waiting to run
[2022-05-12T15:32:25+0200] [MainThread] [I] [toil.leader] Issued job 'CWLJob' wf-v10.cwl.toolv11.tool-v11.cwl kind-CWLJob/instance-zhtus2pv v1 with job batch system ID: 1 and cores: 1, disk: 3.0 Gi, and memory: 2.0 Gi
[2022-05-12T15:32:25+0200] [MainThread] [I] [toil.leader] Issued job 'CWLJob' wf-v10.cwl.toolv10.tool-v10.cwl kind-CWLJob/instance-in4_d8y1 v1 with job batch system ID: 2 and cores: 1, disk: 3.0 Gi, and memory: 2.0 Gi
[2022-05-12T15:32:25+0200] [MainThread] [I] [toil.leader] Issued job 'CWLJob' wf-v10.cwl.toolv12.tool-v12.cwl kind-CWLJob/instance-_jonnz8a v1 with job batch system ID: 3 and cores: 0, disk: 2.0 Gi, and memory: 256.0 Mi
[2022-05-12T15:32:26+0200] [MainThread] [I] [toil.worker] Redirecting logging to /tmp/d51a7c6edd885d2ab3a7ec3c9e64049d/a94a/worker_log.txt
[2022-05-12T15:32:26+0200] [MainThread] [I] [toil.worker] Redirecting logging to /tmp/d51a7c6edd885d2ab3a7ec3c9e64049d/7e8b/worker_log.txt
[2022-05-12T15:32:26+0200] [MainThread] [I] [toil.worker] Redirecting logging to /tmp/d51a7c6edd885d2ab3a7ec3c9e64049d/8efb/worker_log.txt
[2022-05-12T15:32:27+0200] [MainThread] [I] [toil.worker] Redirecting logging to /tmp/d51a7c6edd885d2ab3a7ec3c9e64049d/cc52/worker_log.txt
[2022-05-12T15:32:28+0200] [MainThread] [I] [toil.worker] Redirecting logging to /tmp/d51a7c6edd885d2ab3a7ec3c9e64049d/07ce/worker_log.txt
[2022-05-12T15:32:30+0200] [MainThread] [I] [toil.leader] Finished toil run successfully.
[2022-05-12T15:32:30+0200] [MainThread] [I] [toil.common] Successfully deleted the job store: FileJobStore(/tmp/tmpi_8kw0_h)
</system-err>
		</testcase>
		<testcase name="test v1.1 workflow document that runs other versions" time="11.876418" class="workflow" file="mixed_version_v11_wf" url="cwltest:conformance_tests#312">
			<system-out>{}</system-out>
			<system-err>[2022-05-12T15:32:19+0200] [MainThread] [I] [cwltool] Resolved 'tests/mixed-versions/wf-v11.cwl' to 'file:///home/michael/cwl-v1.2/tests/mixed-versions/wf-v11.cwl'
[2022-05-12T15:32:25+0200] [MainThread] [W] [cwltool] Workflow checker warning:
tests/mixed-versions/wf-v11.cwl:5:5:   Source 'inp1' of type &quot;File&quot; may be incompatible
tests/mixed-versions/wf-v11.cwl:15:10:   with sink 'inp1' of type &quot;File&quot;
[2022-05-12T15:32:25+0200] [MainThread] [I] [toil.job] Saving graph of 2 jobs, 2 new
[2022-05-12T15:32:25+0200] [MainThread] [I] [toil.job] Processing job 'ResolveIndirect' kind-ResolveIndirect/instance-kv8jfw3y v0
[2022-05-12T15:32:25+0200] [MainThread] [I] [toil.job] Processing job 'CWLWorkflow' kind-CWLWorkflow/instance-wvp8hhv4 v0
[2022-05-12T15:32:25+0200] [MainThread] [I] [toil] Running Toil version 5.6.0-c34146a6437e4407a61e946e968bcce67a0ebbca on host mrc-tux.
[2022-05-12T15:32:25+0200] [MainThread] [I] [toil.worker] Redirecting logging to /tmp/ee7d2dc1f5f1583fbd4bf4e0711435c1/b120/worker_log.txt
[2022-05-12T15:32:26+0200] [MainThread] [I] [toil.leader] 0 jobs are running, 0 jobs are issued and waiting to run
[2022-05-12T15:32:26+0200] [MainThread] [I] [toil.leader] Issued job 'CWLJob' wf-v11.cwl.toolv11.tool-v11.cwl kind-CWLJob/instance-nhf4yf5a v1 with job batch system ID: 1 and cores: 1, disk: 3.0 Gi, and memory: 2.0 Gi
[2022-05-12T15:32:26+0200] [MainThread] [I] [toil.leader] Issued job 'CWLJob' wf-v11.cwl.toolv10.tool-v10.cwl kind-CWLJob/instance-v9gk0clk v1 with job batch system ID: 2 and cores: 1, disk: 3.0 Gi, and memory: 2.0 Gi
[2022-05-12T15:32:26+0200] [MainThread] [I] [toil.leader] Issued job 'CWLJob' wf-v11.cwl.toolv12.tool-v12.cwl kind-CWLJob/instance-6ssfwutx v1 with job batch system ID: 3 and cores: 0, disk: 2.0 Gi, and memory: 256.0 Mi
[2022-05-12T15:32:26+0200] [MainThread] [I] [toil.worker] Redirecting logging to /tmp/ee7d2dc1f5f1583fbd4bf4e0711435c1/222f/worker_log.txt
[2022-05-12T15:32:26+0200] [MainThread] [I] [toil.worker] Redirecting logging to /tmp/ee7d2dc1f5f1583fbd4bf4e0711435c1/c881/worker_log.txt
[2022-05-12T15:32:26+0200] [MainThread] [I] [toil.worker] Redirecting logging to /tmp/ee7d2dc1f5f1583fbd4bf4e0711435c1/7549/worker_log.txt
[2022-05-12T15:32:27+0200] [MainThread] [I] [toil.worker] Redirecting logging to /tmp/ee7d2dc1f5f1583fbd4bf4e0711435c1/ebb1/worker_log.txt
[2022-05-12T15:32:28+0200] [MainThread] [I] [toil.worker] Redirecting logging to /tmp/ee7d2dc1f5f1583fbd4bf4e0711435c1/65cc/worker_log.txt
[2022-05-12T15:32:30+0200] [MainThread] [I] [toil.leader] Finished toil run successfully.
[2022-05-12T15:32:30+0200] [MainThread] [I] [toil.common] Successfully deleted the job store: FileJobStore(/tmp/tmp4y3z2ljk)
</system-err>
		</testcase>
		<testcase name="test v1.2 workflow document that runs other versions" time="13.056794" class="workflow" file="mixed_version_v12_wf" url="cwltest:conformance_tests#313">
			<system-out>{}</system-out>
			<system-err>[2022-05-12T15:32:23+0200] [MainThread] [I] [cwltool] Resolved 'tests/mixed-versions/wf-v12.cwl' to 'file:///home/michael/cwl-v1.2/tests/mixed-versions/wf-v12.cwl'
[2022-05-12T15:32:30+0200] [MainThread] [W] [cwltool] Workflow checker warning:
tests/mixed-versions/wf-v12.cwl:7:5:   Source 'inp1' of type &quot;File&quot; may be incompatible
tests/mixed-versions/wf-v12.cwl:17:10:   with sink 'inp1' of type &quot;File&quot;
[2022-05-12T15:32:30+0200] [MainThread] [I] [toil.job] Saving graph of 2 jobs, 2 new
[2022-05-12T15:32:30+0200] [MainThread] [I] [toil.job] Processing job 'ResolveIndirect' kind-ResolveIndirect/instance-28r5lx3o v0
[2022-05-12T15:32:30+0200] [MainThread] [I] [toil.job] Processing job 'CWLWorkflow' kind-CWLWorkflow/instance-nakbkylk v0
[2022-05-12T15:32:30+0200] [MainThread] [I] [toil] Running Toil version 5.6.0-c34146a6437e4407a61e946e968bcce67a0ebbca on host mrc-tux.
[2022-05-12T15:32:31+0200] [MainThread] [I] [toil.worker] Redirecting logging to /tmp/ea2bec6ff306584a93dadf7a50906ccb/ed73/worker_log.txt
[2022-05-12T15:32:31+0200] [MainThread] [I] [toil.leader] 0 jobs are running, 0 jobs are issued and waiting to run
[2022-05-12T15:32:31+0200] [MainThread] [I] [toil.leader] Issued job 'CWLJob' wf-v12.cwl.toolv12.tool-v12.cwl kind-CWLJob/instance-46nzjt0h v1 with job batch system ID: 1 and cores: 0, disk: 2.0 Gi, and memory: 256.0 Mi
[2022-05-12T15:32:31+0200] [MainThread] [I] [toil.leader] Issued job 'CWLJob' wf-v12.cwl.toolv10.tool-v10.cwl kind-CWLJob/instance-ha1_wp4r v1 with job batch system ID: 2 and cores: 1, disk: 3.0 Gi, and memory: 2.0 Gi
[2022-05-12T15:32:31+0200] [MainThread] [I] [toil.leader] Issued job 'CWLJob' wf-v12.cwl.toolv11.tool-v11.cwl kind-CWLJob/instance-46xaomwi v1 with job batch system ID: 3 and cores: 1, disk: 3.0 Gi, and memory: 2.0 Gi
[2022-05-12T15:32:32+0200] [MainThread] [I] [toil.worker] Redirecting logging to /tmp/ea2bec6ff306584a93dadf7a50906ccb/40b0/worker_log.txt
[2022-05-12T15:32:32+0200] [MainThread] [I] [toil.worker] Redirecting logging to /tmp/ea2bec6ff306584a93dadf7a50906ccb/6fcb/worker_log.txt
[2022-05-12T15:32:32+0200] [MainThread] [I] [toil.worker] Redirecting logging to /tmp/ea2bec6ff306584a93dadf7a50906ccb/a5f4/worker_log.txt
[2022-05-12T15:32:33+0200] [MainThread] [I] [toil.worker] Redirecting logging to /tmp/ea2bec6ff306584a93dadf7a50906ccb/bee8/worker_log.txt
[2022-05-12T15:32:34+0200] [MainThread] [I] [toil.worker] Redirecting logging to /tmp/ea2bec6ff306584a93dadf7a50906ccb/aa24/worker_log.txt
[2022-05-12T15:32:35+0200] [MainThread] [I] [toil.leader] Finished toil run successfully.
[2022-05-12T15:32:35+0200] [MainThread] [I] [toil.common] Successfully deleted the job store: FileJobStore(/tmp/tmpyuc8mb3w)
</system-err>
		</testcase>
		<testcase name="test tool with v1.2 syntax marked as v1.0 (should fail)" time="1.489389" class="command_line_tool" file="invalid_syntax_v10_uses_v12_tool" url="cwltest:conformance_tests#314">
			<system-err>[2022-05-12T15:32:24+0200] [MainThread] [I] [cwltool] Resolved 'tests/mixed-versions/invalid-tool-v10.cwl' to 'file:///home/michael/cwl-v1.2/tests/mixed-versions/invalid-tool-v10.cwl'
Traceback (most recent call last):
  File &quot;/home/michael/common-workflow-language/toil5.6.0/bin/toil-cwl-runner&quot;, line 8, in &lt;module&gt;
    sys.exit(main())
  File &quot;/home/michael/common-workflow-language/toil5.6.0/lib/python3.10/site-packages/toil/cwl/cwltoil.py&quot;, line 3339, in main
    loading_context, uri = cwltool.load_tool.resolve_and_validate_document(
  File &quot;/home/michael/common-workflow-language/toil5.6.0/lib/python3.10/site-packages/cwltool/load_tool.py&quot;, line 421, in resolve_and_validate_document
    validate_doc(avsc_names, processobj, document_loader, loadingContext.strict)
  File &quot;schema_salad/schema.py&quot;, line 401, in validate_doc
schema_salad.exceptions.ValidationException: tests/mixed-versions/invalid-tool-v10.cwl:1:1:   Object `tests/mixed-versions/invalid-tool-v10.cwl`
                                                is not valid because
                                                  tried `CommandLineTool` but
tests/mixed-versions/invalid-tool-v10.cwl:3:1:       * the `inputs` field is not valid because
tests/mixed-versions/invalid-tool-v10.cwl:4:3:         item is invalid because
tests/mixed-versions/invalid-tool-v10.cwl:6:5:           the `secondaryFiles` field is not valid
                                                        because
                                                          tried array of &lt;string or Expression&gt; but
tests/mixed-versions/invalid-tool-v10.cwl:7:9:               item is invalid because
                                                              value is a CommentedMap, expected
                                                              string or Expression
tests/mixed-versions/invalid-tool-v10.cwl:9:1:       * the `requirements` field is not valid because
                                                      tried array of &lt;InlineJavascriptRequirement
                                                      or SchemaDefRequirement or DockerRequirement or
                                                      SoftwareRequirement or InitialWorkDirRequirement or
                                                      EnvVarRequirement or ShellCommandRequirement or
                                                      ResourceRequirement or
                                                      SubworkflowFeatureRequirement or
                                                      ScatterFeatureRequirement or
                                                      MultipleInputFeatureRequirement or
                                                      StepInputExpressionRequirement&gt; but
tests/mixed-versions/invalid-tool-v10.cwl:10:3:         item is invalid because
tests/mixed-versions/invalid-tool-v10.cwl:11:5:           the `coresMin` field is not valid because
                                                            - tried long but
                                                              the value `0.5` is not long
                                                            - tried string but
                                                              the value is not string
                                                            - tried Expression but
                                                              value is a ScalarFloat but expected a
                                                              string
</system-err>
		</testcase>
		<testcase name="test tool with v1.2 syntax marked as v1.1 (should fail)" time="2.168001" class="command_line_tool" file="invalid_syntax_v11_uses_v12_tool" url="cwltest:conformance_tests#315">
			<system-err>[2022-05-12T15:32:26+0200] [MainThread] [I] [cwltool] Resolved 'tests/mixed-versions/invalid-tool-v11.cwl' to 'file:///home/michael/cwl-v1.2/tests/mixed-versions/invalid-tool-v11.cwl'
Traceback (most recent call last):
  File &quot;/home/michael/common-workflow-language/toil5.6.0/bin/toil-cwl-runner&quot;, line 8, in &lt;module&gt;
    sys.exit(main())
  File &quot;/home/michael/common-workflow-language/toil5.6.0/lib/python3.10/site-packages/toil/cwl/cwltoil.py&quot;, line 3339, in main
    loading_context, uri = cwltool.load_tool.resolve_and_validate_document(
  File &quot;/home/michael/common-workflow-language/toil5.6.0/lib/python3.10/site-packages/cwltool/load_tool.py&quot;, line 421, in resolve_and_validate_document
    validate_doc(avsc_names, processobj, document_loader, loadingContext.strict)
  File &quot;schema_salad/schema.py&quot;, line 401, in validate_doc
schema_salad.exceptions.ValidationException: tests/mixed-versions/invalid-tool-v11.cwl:1:1:   Object `tests/mixed-versions/invalid-tool-v11.cwl`
                                                is not valid because
                                                  tried `CommandLineTool` but
tests/mixed-versions/invalid-tool-v11.cwl:9:1:       the `requirements` field is not valid because
                                                      tried array of &lt;InlineJavascriptRequirement
                                                      or SchemaDefRequirement or LoadListingRequirement
                                                      or DockerRequirement or SoftwareRequirement or
                                                      InitialWorkDirRequirement or EnvVarRequirement or
                                                      ShellCommandRequirement or ResourceRequirement or
                                                      WorkReuse or NetworkAccess or
                                                      InplaceUpdateRequirement or ToolTimeLimit or
                                                      SubworkflowFeatureRequirement or
                                                      ScatterFeatureRequirement or
                                                      MultipleInputFeatureRequirement or
                                                      StepInputExpressionRequirement&gt; but
tests/mixed-versions/invalid-tool-v11.cwl:10:3:         item is invalid because
tests/mixed-versions/invalid-tool-v11.cwl:11:5:           the `coresMin` field is not valid because
                                                            - tried long but
                                                              the value `0.5` is not long
                                                            - tried Expression but
                                                              value is a ScalarFloat but expected a
                                                              string
</system-err>
		</testcase>
		<testcase name="test wf with v1.2 syntax marked as v1.0 (should fail)" time="1.685082" class="workflow" file="invalid_syntax_v10_uses_v12_workflow" url="cwltest:conformance_tests#316">
			<system-err>[2022-05-12T15:32:28+0200] [MainThread] [I] [cwltool] Resolved 'tests/mixed-versions/invalid-wf-v10.cwl' to 'file:///home/michael/cwl-v1.2/tests/mixed-versions/invalid-wf-v10.cwl'
Traceback (most recent call last):
  File &quot;/home/michael/common-workflow-language/toil5.6.0/bin/toil-cwl-runner&quot;, line 8, in &lt;module&gt;
    sys.exit(main())
  File &quot;/home/michael/common-workflow-language/toil5.6.0/lib/python3.10/site-packages/toil/cwl/cwltoil.py&quot;, line 3339, in main
    loading_context, uri = cwltool.load_tool.resolve_and_validate_document(
  File &quot;/home/michael/common-workflow-language/toil5.6.0/lib/python3.10/site-packages/cwltool/load_tool.py&quot;, line 421, in resolve_and_validate_document
    validate_doc(avsc_names, processobj, document_loader, loadingContext.strict)
  File &quot;schema_salad/schema.py&quot;, line 401, in validate_doc
schema_salad.exceptions.ValidationException: tests/mixed-versions/invalid-wf-v10.cwl:1:1:   Object `tests/mixed-versions/invalid-wf-v10.cwl` is
                                              not valid because
                                                tried `Workflow` but
tests/mixed-versions/invalid-wf-v10.cwl:5:1:       * the `inputs` field is not valid because
tests/mixed-versions/invalid-wf-v10.cwl:6:3:         item is invalid because
tests/mixed-versions/invalid-wf-v10.cwl:11:5:         the `secondaryFiles` field is not valid
                                                      because
                                                        tried array of &lt;string or Expression&gt; but
tests/mixed-versions/invalid-wf-v10.cwl:12:9:             item is invalid because
                                                            value is a CommentedMap, expected
                                                            string or Expression
tests/mixed-versions/invalid-wf-v10.cwl:15:1:     * the `steps` field is not valid because
                                                    tried array of &lt;WorkflowStep&gt; but
tests/mixed-versions/invalid-wf-v10.cwl:24:3:         item is invalid because
tests/mixed-versions/invalid-wf-v10.cwl:27:5:           invalid field `when`, expected one of:
                                                        'id', 'in', 'out', 'requirements', 'hints', 'label',
                                                        'doc', 'run', 'scatter', 'scatterMethod'
</system-err>
		</testcase>
		<testcase name="test wf with v1.2 syntax marked as v1.1 (should fail)" time="1.543102" class="workflow" file="invalid_syntax_v11_uses_v12_workflow" url="cwltest:conformance_tests#317">
			<system-err>[2022-05-12T15:32:29+0200] [MainThread] [I] [cwltool] Resolved 'tests/mixed-versions/invalid-wf-v11.cwl' to 'file:///home/michael/cwl-v1.2/tests/mixed-versions/invalid-wf-v11.cwl'
Traceback (most recent call last):
  File &quot;/home/michael/common-workflow-language/toil5.6.0/bin/toil-cwl-runner&quot;, line 8, in &lt;module&gt;
    sys.exit(main())
  File &quot;/home/michael/common-workflow-language/toil5.6.0/lib/python3.10/site-packages/toil/cwl/cwltoil.py&quot;, line 3339, in main
    loading_context, uri = cwltool.load_tool.resolve_and_validate_document(
  File &quot;/home/michael/common-workflow-language/toil5.6.0/lib/python3.10/site-packages/cwltool/load_tool.py&quot;, line 421, in resolve_and_validate_document
    validate_doc(avsc_names, processobj, document_loader, loadingContext.strict)
  File &quot;schema_salad/schema.py&quot;, line 401, in validate_doc
schema_salad.exceptions.ValidationException: tests/mixed-versions/invalid-wf-v11.cwl:1:1:   Object `tests/mixed-versions/invalid-wf-v11.cwl` is
                                              not valid because
                                                tried `Workflow` but
tests/mixed-versions/invalid-wf-v11.cwl:15:1:     the `steps` field is not valid because
                                                    tried array of &lt;WorkflowStep&gt; but
tests/mixed-versions/invalid-wf-v11.cwl:24:3:         item is invalid because
tests/mixed-versions/invalid-wf-v11.cwl:27:5:           invalid field `when`, expected one of:
                                                        'id', 'label', 'doc', 'in', 'out', 'requirements',
                                                        'hints', 'run', 'scatter', 'scatterMethod'
</system-err>
		</testcase>
		<testcase name="test 1.2 wf that includes tools that are marked as v1.0 and v1.1 that
contain v1.2 features (should fail)" time="3.636464" class="workflow" file="invalid_syntax_mixed_v12_workflow" url="cwltest:conformance_tests#318">
			<system-err>[2022-05-12T15:32:30+0200] [MainThread] [I] [cwltool] Resolved 'tests/mixed-versions/invalid-wf-v12.cwl' to 'file:///home/michael/cwl-v1.2/tests/mixed-versions/invalid-wf-v12.cwl'
Traceback (most recent call last):
  File &quot;/home/michael/common-workflow-language/toil5.6.0/lib/python3.10/site-packages/cwltool/workflow.py&quot;, line 235, in __init__
    self.embedded_tool = load_tool(toolpath_object[&quot;run&quot;], loadingContext)
  File &quot;/home/michael/common-workflow-language/toil5.6.0/lib/python3.10/site-packages/cwltool/load_tool.py&quot;, line 488, in load_tool
    loadingContext, uri = resolve_and_validate_document(
  File &quot;/home/michael/common-workflow-language/toil5.6.0/lib/python3.10/site-packages/cwltool/load_tool.py&quot;, line 421, in resolve_and_validate_document
    validate_doc(avsc_names, processobj, document_loader, loadingContext.strict)
  File &quot;schema_salad/schema.py&quot;, line 401, in validate_doc
schema_salad.exceptions.ValidationException: tests/mixed-versions/invalid-tool-v10.cwl:1:1:   Object `tests/mixed-versions/invalid-tool-v10.cwl`
                                                is not valid because
                                                  tried `CommandLineTool` but
tests/mixed-versions/invalid-tool-v10.cwl:3:1:       * the `inputs` field is not valid because
tests/mixed-versions/invalid-tool-v10.cwl:4:3:         item is invalid because
tests/mixed-versions/invalid-tool-v10.cwl:6:5:           the `secondaryFiles` field is not valid
                                                        because
                                                          tried array of &lt;string or Expression&gt; but
tests/mixed-versions/invalid-tool-v10.cwl:7:9:               item is invalid because
                                                              value is a CommentedMap, expected
                                                              string or Expression
tests/mixed-versions/invalid-tool-v10.cwl:9:1:       * the `requirements` field is not valid because
                                                      tried array of &lt;InlineJavascriptRequirement
                                                      or SchemaDefRequirement or DockerRequirement or
                                                      SoftwareRequirement or InitialWorkDirRequirement or
                                                      EnvVarRequirement or ShellCommandRequirement or
                                                      ResourceRequirement or
                                                      SubworkflowFeatureRequirement or
                                                      ScatterFeatureRequirement or
                                                      MultipleInputFeatureRequirement or
                                                      StepInputExpressionRequirement&gt; but
tests/mixed-versions/invalid-tool-v10.cwl:10:3:         item is invalid because
tests/mixed-versions/invalid-tool-v10.cwl:11:5:           the `coresMin` field is not valid because
                                                            - tried long but
                                                              the value `0.5` is not long
                                                            - tried string but
                                                              the value is not string
                                                            - tried Expression but
                                                              value is a ScalarFloat but expected a
                                                              string

The above exception was the direct cause of the following exception:

Traceback (most recent call last):
  File &quot;/home/michael/common-workflow-language/toil5.6.0/bin/toil-cwl-runner&quot;, line 8, in &lt;module&gt;
    sys.exit(main())
  File &quot;/home/michael/common-workflow-language/toil5.6.0/lib/python3.10/site-packages/toil/cwl/cwltoil.py&quot;, line 3354, in main
    tool = cwltool.load_tool.make_tool(uri, loading_context)
  File &quot;/home/michael/common-workflow-language/toil5.6.0/lib/python3.10/site-packages/cwltool/load_tool.py&quot;, line 470, in make_tool
    tool = loadingContext.construct_tool_object(processobj, loadingContext)
  File &quot;/home/michael/common-workflow-language/toil5.6.0/lib/python3.10/site-packages/toil/cwl/cwltoil.py&quot;, line 971, in toil_make_tool
    return cwltool.workflow.default_make_tool(toolpath_object, loadingContext)
  File &quot;/home/michael/common-workflow-language/toil5.6.0/lib/python3.10/site-packages/cwltool/workflow.py&quot;, line 51, in default_make_tool
    return Workflow(toolpath_object, loadingContext)
  File &quot;/home/michael/common-workflow-language/toil5.6.0/lib/python3.10/site-packages/cwltool/workflow.py&quot;, line 105, in __init__
    self.make_workflow_step(
  File &quot;/home/michael/common-workflow-language/toil5.6.0/lib/python3.10/site-packages/cwltool/workflow.py&quot;, line 151, in make_workflow_step
    return WorkflowStep(toolpath_object, pos, loadingContext, parentworkflowProv)
  File &quot;/home/michael/common-workflow-language/toil5.6.0/lib/python3.10/site-packages/cwltool/workflow.py&quot;, line 239, in __init__
    raise WorkflowException(
cwltool.errors.WorkflowException: Tool definition file:///home/michael/cwl-v1.2/tests/mixed-versions/invalid-tool-v10.cwl failed validation:
tests/mixed-versions/invalid-tool-v10.cwl:1:1:     Object `tests/mixed-versions/invalid-tool-v10.cwl`
                                                  is not valid because
                                                    tried `CommandLineTool` but
tests/mixed-versions/invalid-tool-v10.cwl:3:1:         * the `inputs` field is not valid because
tests/mixed-versions/invalid-tool-v10.cwl:4:3:           item is invalid because
tests/mixed-versions/invalid-tool-v10.cwl:6:5:             the `secondaryFiles` field is not valid
                                                          because
                                                            tried array of &lt;string or Expression&gt; but
tests/mixed-versions/invalid-tool-v10.cwl:7:9:                 item is invalid because
                                                                value is a CommentedMap, expected
                                                                string or Expression
tests/mixed-versions/invalid-tool-v10.cwl:9:1:         * the `requirements` field is not valid because
                                                        tried array of &lt;InlineJavascriptRequirement
                                                        or SchemaDefRequirement or DockerRequirement or
                                                        SoftwareRequirement or InitialWorkDirRequirement or
                                                        EnvVarRequirement or ShellCommandRequirement or
                                                        ResourceRequirement or
                                                        SubworkflowFeatureRequirement or
                                                        ScatterFeatureRequirement or
                                                        MultipleInputFeatureRequirement or
                                                        StepInputExpressionRequirement&gt; but
tests/mixed-versions/invalid-tool-v10.cwl:10:3:           item is invalid because
tests/mixed-versions/invalid-tool-v10.cwl:11:5:             the `coresMin` field is not valid because
                                                              - tried long but
                                                                the value `0.5` is not long
                                                              - tried string but
                                                                the value is not string
                                                              - tried Expression but
                                                                value is a ScalarFloat but expected a
                                                                string
</system-err>
		</testcase>
		<testcase name="Test that loading from cwl.output.json isn't limited to 64k" time="14.730367" class="command_line_tool" file="cwloutput_nolimit" url="cwltest:conformance_tests#319">
			<system-out>{
    &quot;filelist&quot;: [
        &quot;example_input_file1.txt&quot;,
        &quot;example_input_file2.txt&quot;,
        &quot;example_input_file3.txt&quot;,
        &quot;example_input_file4.txt&quot;,
        &quot;example_input_file5.txt&quot;,
        &quot;example_input_file6.txt&quot;,
        &quot;example_input_file7.txt&quot;,
        &quot;example_input_file8.txt&quot;,
        &quot;example_input_file9.txt&quot;,
        &quot;example_input_file10.txt&quot;,
        &quot;example_input_file11.txt&quot;,
        &quot;example_input_file12.txt&quot;,
        &quot;example_input_file13.txt&quot;,
        &quot;example_input_file14.txt&quot;,
        &quot;example_input_file15.txt&quot;,
        &quot;example_input_file16.txt&quot;,
        &quot;example_input_file17.txt&quot;,
        &quot;example_input_file18.txt&quot;,
        &quot;example_input_file19.txt&quot;,
        &quot;example_input_file20.txt&quot;,
        &quot;example_input_file21.txt&quot;,
        &quot;example_input_file22.txt&quot;,
        &quot;example_input_file23.txt&quot;,
        &quot;example_input_file24.txt&quot;,
        &quot;example_input_file25.txt&quot;,
        &quot;example_input_file26.txt&quot;,
        &quot;example_input_file27.txt&quot;,
        &quot;example_input_file28.txt&quot;,
        &quot;example_input_file29.txt&quot;,
        &quot;example_input_file30.txt&quot;,
        &quot;example_input_file31.txt&quot;,
        &quot;example_input_file32.txt&quot;,
        &quot;example_input_file33.txt&quot;,
        &quot;example_input_file34.txt&quot;,
        &quot;example_input_file35.txt&quot;,
        &quot;example_input_file36.txt&quot;,
        &quot;example_input_file37.txt&quot;,
        &quot;example_input_file38.txt&quot;,
        &quot;example_input_file39.txt&quot;,
        &quot;example_input_file40.txt&quot;,
        &quot;example_input_file41.txt&quot;,
        &quot;example_input_file42.txt&quot;,
        &quot;example_input_file43.txt&quot;,
        &quot;example_input_file44.txt&quot;,
        &quot;example_input_file45.txt&quot;,
        &quot;example_input_file46.txt&quot;,
        &quot;example_input_file47.txt&quot;,
        &quot;example_input_file48.txt&quot;,
        &quot;example_input_file49.txt&quot;,
        &quot;example_input_file50.txt&quot;,
        &quot;example_input_file51.txt&quot;,
        &quot;example_input_file52.txt&quot;,
        &quot;example_input_file53.txt&quot;,
        &quot;example_input_file54.txt&quot;,
        &quot;example_input_file55.txt&quot;,
        &quot;example_input_file56.txt&quot;,
        &quot;example_input_file57.txt&quot;,
        &quot;example_input_file58.txt&quot;,
        &quot;example_input_file59.txt&quot;,
        &quot;example_input_file60.txt&quot;,
        &quot;example_input_file61.txt&quot;,
        &quot;example_input_file62.txt&quot;,
        &quot;example_input_file63.txt&quot;,
        &quot;example_input_file64.txt&quot;,
        &quot;example_input_file65.txt&quot;,
        &quot;example_input_file66.txt&quot;,
        &quot;example_input_file67.txt&quot;,
        &quot;example_input_file68.txt&quot;,
        &quot;example_input_file69.txt&quot;,
        &quot;example_input_file70.txt&quot;,
        &quot;example_input_file71.txt&quot;,
        &quot;example_input_file72.txt&quot;,
        &quot;example_input_file73.txt&quot;,
        &quot;example_input_file74.txt&quot;,
        &quot;example_input_file75.txt&quot;,
        &quot;example_input_file76.txt&quot;,
        &quot;example_input_file77.txt&quot;,
        &quot;example_input_file78.txt&quot;,
        &quot;example_input_file79.txt&quot;,
        &quot;example_input_file80.txt&quot;,
        &quot;example_input_file81.txt&quot;,
        &quot;example_input_file82.txt&quot;,
        &quot;example_input_file83.txt&quot;,
        &quot;example_input_file84.txt&quot;,
        &quot;example_input_file85.txt&quot;,
        &quot;example_input_file86.txt&quot;,
        &quot;example_input_file87.txt&quot;,
        &quot;example_input_file88.txt&quot;,
        &quot;example_input_file89.txt&quot;,
        &quot;example_input_file90.txt&quot;,
        &quot;example_input_file91.txt&quot;,
        &quot;example_input_file92.txt&quot;,
        &quot;example_input_file93.txt&quot;,
        &quot;example_input_file94.txt&quot;,
        &quot;example_input_file95.txt&quot;,
        &quot;example_input_file96.txt&quot;,
        &quot;example_input_file97.txt&quot;,
        &quot;example_input_file98.txt&quot;,
        &quot;example_input_file99.txt&quot;,
        &quot;example_input_file100.txt&quot;,
        &quot;example_input_file101.txt&quot;,
        &quot;example_input_file102.txt&quot;,
        &quot;example_input_file103.txt&quot;,
        &quot;example_input_file104.txt&quot;,
        &quot;example_input_file105.txt&quot;,
        &quot;example_input_file106.txt&quot;,
        &quot;example_input_file107.txt&quot;,
        &quot;example_input_file108.txt&quot;,
        &quot;example_input_file109.txt&quot;,
        &quot;example_input_file110.txt&quot;,
        &quot;example_input_file111.txt&quot;,
        &quot;example_input_file112.txt&quot;,
        &quot;example_input_file113.txt&quot;,
        &quot;example_input_file114.txt&quot;,
        &quot;example_input_file115.txt&quot;,
        &quot;example_input_file116.txt&quot;,
        &quot;example_input_file117.txt&quot;,
        &quot;example_input_file118.txt&quot;,
        &quot;example_input_file119.txt&quot;,
        &quot;example_input_file120.txt&quot;,
        &quot;example_input_file121.txt&quot;,
        &quot;example_input_file122.txt&quot;,
        &quot;example_input_file123.txt&quot;,
        &quot;example_input_file124.txt&quot;,
        &quot;example_input_file125.txt&quot;,
        &quot;example_input_file126.txt&quot;,
        &quot;example_input_file127.txt&quot;,
        &quot;example_input_file128.txt&quot;,
        &quot;example_input_file129.txt&quot;,
        &quot;example_input_file130.txt&quot;,
        &quot;example_input_file131.txt&quot;,
        &quot;example_input_file132.txt&quot;,
        &quot;example_input_file133.txt&quot;,
        &quot;example_input_file134.txt&quot;,
        &quot;example_input_file135.txt&quot;,
        &quot;example_input_file136.txt&quot;,
        &quot;example_input_file137.txt&quot;,
        &quot;example_input_file138.txt&quot;,
        &quot;example_input_file139.txt&quot;,
        &quot;example_input_file140.txt&quot;,
        &quot;example_input_file141.txt&quot;,
        &quot;example_input_file142.txt&quot;,
        &quot;example_input_file143.txt&quot;,
        &quot;example_input_file144.txt&quot;,
        &quot;example_input_file145.txt&quot;,
        &quot;example_input_file146.txt&quot;,
        &quot;example_input_file147.txt&quot;,
        &quot;example_input_file148.txt&quot;,
        &quot;example_input_file149.txt&quot;,
        &quot;example_input_file150.txt&quot;,
        &quot;example_input_file151.txt&quot;,
        &quot;example_input_file152.txt&quot;,
        &quot;example_input_file153.txt&quot;,
        &quot;example_input_file154.txt&quot;,
        &quot;example_input_file155.txt&quot;,
        &quot;example_input_file156.txt&quot;,
        &quot;example_input_file157.txt&quot;,
        &quot;example_input_file158.txt&quot;,
        &quot;example_input_file159.txt&quot;,
        &quot;example_input_file160.txt&quot;,
        &quot;example_input_file161.txt&quot;,
        &quot;example_input_file162.txt&quot;,
        &quot;example_input_file163.txt&quot;,
        &quot;example_input_file164.txt&quot;,
        &quot;example_input_file165.txt&quot;,
        &quot;example_input_file166.txt&quot;,
        &quot;example_input_file167.txt&quot;,
        &quot;example_input_file168.txt&quot;,
        &quot;example_input_file169.txt&quot;,
        &quot;example_input_file170.txt&quot;,
        &quot;example_input_file171.txt&quot;,
        &quot;example_input_file172.txt&quot;,
        &quot;example_input_file173.txt&quot;,
        &quot;example_input_file174.txt&quot;,
        &quot;example_input_file175.txt&quot;,
        &quot;example_input_file176.txt&quot;,
        &quot;example_input_file177.txt&quot;,
        &quot;example_input_file178.txt&quot;,
        &quot;example_input_file179.txt&quot;,
        &quot;example_input_file180.txt&quot;,
        &quot;example_input_file181.txt&quot;,
        &quot;example_input_file182.txt&quot;,
        &quot;example_input_file183.txt&quot;,
        &quot;example_input_file184.txt&quot;,
        &quot;example_input_file185.txt&quot;,
        &quot;example_input_file186.txt&quot;,
        &quot;example_input_file187.txt&quot;,
        &quot;example_input_file188.txt&quot;,
        &quot;example_input_file189.txt&quot;,
        &quot;example_input_file190.txt&quot;,
        &quot;example_input_file191.txt&quot;,
        &quot;example_input_file192.txt&quot;,
        &quot;example_input_file193.txt&quot;,
        &quot;example_input_file194.txt&quot;,
        &quot;example_input_file195.txt&quot;,
        &quot;example_input_file196.txt&quot;,
        &quot;example_input_file197.txt&quot;,
        &quot;example_input_file198.txt&quot;,
        &quot;example_input_file199.txt&quot;,
        &quot;example_input_file200.txt&quot;,
        &quot;example_input_file201.txt&quot;,
        &quot;example_input_file202.txt&quot;,
        &quot;example_input_file203.txt&quot;,
        &quot;example_input_file204.txt&quot;,
        &quot;example_input_file205.txt&quot;,
        &quot;example_input_file206.txt&quot;,
        &quot;example_input_file207.txt&quot;,
        &quot;example_input_file208.txt&quot;,
        &quot;example_input_file209.txt&quot;,
        &quot;example_input_file210.txt&quot;,
        &quot;example_input_file211.txt&quot;,
        &quot;example_input_file212.txt&quot;,
        &quot;example_input_file213.txt&quot;,
        &quot;example_input_file214.txt&quot;,
        &quot;example_input_file215.txt&quot;,
        &quot;example_input_file216.txt&quot;,
        &quot;example_input_file217.txt&quot;,
        &quot;example_input_file218.txt&quot;,
        &quot;example_input_file219.txt&quot;,
        &quot;example_input_file220.txt&quot;,
        &quot;example_input_file221.txt&quot;,
        &quot;example_input_file222.txt&quot;,
        &quot;example_input_file223.txt&quot;,
        &quot;example_input_file224.txt&quot;,
        &quot;example_input_file225.txt&quot;,
        &quot;example_input_file226.txt&quot;,
        &quot;example_input_file227.txt&quot;,
        &quot;example_input_file228.txt&quot;,
        &quot;example_input_file229.txt&quot;,
        &quot;example_input_file230.txt&quot;,
        &quot;example_input_file231.txt&quot;,
        &quot;example_input_file232.txt&quot;,
        &quot;example_input_file233.txt&quot;,
        &quot;example_input_file234.txt&quot;,
        &quot;example_input_file235.txt&quot;,
        &quot;example_input_file236.txt&quot;,
        &quot;example_input_file237.txt&quot;,
        &quot;example_input_file238.txt&quot;,
        &quot;example_input_file239.txt&quot;,
        &quot;example_input_file240.txt&quot;,
        &quot;example_input_file241.txt&quot;,
        &quot;example_input_file242.txt&quot;,
        &quot;example_input_file243.txt&quot;,
        &quot;example_input_file244.txt&quot;,
        &quot;example_input_file245.txt&quot;,
        &quot;example_input_file246.txt&quot;,
        &quot;example_input_file247.txt&quot;,
        &quot;example_input_file248.txt&quot;,
        &quot;example_input_file249.txt&quot;,
        &quot;example_input_file250.txt&quot;,
        &quot;example_input_file251.txt&quot;,
        &quot;example_input_file252.txt&quot;,
        &quot;example_input_file253.txt&quot;,
        &quot;example_input_file254.txt&quot;,
        &quot;example_input_file255.txt&quot;,
        &quot;example_input_file256.txt&quot;,
        &quot;example_input_file257.txt&quot;,
        &quot;example_input_file258.txt&quot;,
        &quot;example_input_file259.txt&quot;,
        &quot;example_input_file260.txt&quot;,
        &quot;example_input_file261.txt&quot;,
        &quot;example_input_file262.txt&quot;,
        &quot;example_input_file263.txt&quot;,
        &quot;example_input_file264.txt&quot;,
        &quot;example_input_file265.txt&quot;,
        &quot;example_input_file266.txt&quot;,
        &quot;example_input_file267.txt&quot;,
        &quot;example_input_file268.txt&quot;,
        &quot;example_input_file269.txt&quot;,
        &quot;example_input_file270.txt&quot;,
        &quot;example_input_file271.txt&quot;,
        &quot;example_input_file272.txt&quot;,
        &quot;example_input_file273.txt&quot;,
        &quot;example_input_file274.txt&quot;,
        &quot;example_input_file275.txt&quot;,
        &quot;example_input_file276.txt&quot;,
        &quot;example_input_file277.txt&quot;,
        &quot;example_input_file278.txt&quot;,
        &quot;example_input_file279.txt&quot;,
        &quot;example_input_file280.txt&quot;,
        &quot;example_input_file281.txt&quot;,
        &quot;example_input_file282.txt&quot;,
        &quot;example_input_file283.txt&quot;,
        &quot;example_input_file284.txt&quot;,
        &quot;example_input_file285.txt&quot;,
        &quot;example_input_file286.txt&quot;,
        &quot;example_input_file287.txt&quot;,
        &quot;example_input_file288.txt&quot;,
        &quot;example_input_file289.txt&quot;,
        &quot;example_input_file290.txt&quot;,
        &quot;example_input_file291.txt&quot;,
        &quot;example_input_file292.txt&quot;,
        &quot;example_input_file293.txt&quot;,
        &quot;example_input_file294.txt&quot;,
        &quot;example_input_file295.txt&quot;,
        &quot;example_input_file296.txt&quot;,
        &quot;example_input_file297.txt&quot;,
        &quot;example_input_file298.txt&quot;,
        &quot;example_input_file299.txt&quot;,
        &quot;example_input_file300.txt&quot;,
        &quot;example_input_file301.txt&quot;,
        &quot;example_input_file302.txt&quot;,
        &quot;example_input_file303.txt&quot;,
        &quot;example_input_file304.txt&quot;,
        &quot;example_input_file305.txt&quot;,
        &quot;example_input_file306.txt&quot;,
        &quot;example_input_file307.txt&quot;,
        &quot;example_input_file308.txt&quot;,
        &quot;example_input_file309.txt&quot;,
        &quot;example_input_file310.txt&quot;,
        &quot;example_input_file311.txt&quot;,
        &quot;example_input_file312.txt&quot;,
        &quot;example_input_file313.txt&quot;,
        &quot;example_input_file314.txt&quot;,
        &quot;example_input_file315.txt&quot;,
        &quot;example_input_file316.txt&quot;,
        &quot;example_input_file317.txt&quot;,
        &quot;example_input_file318.txt&quot;,
        &quot;example_input_file319.txt&quot;,
        &quot;example_input_file320.txt&quot;,
        &quot;example_input_file321.txt&quot;,
        &quot;example_input_file322.txt&quot;,
        &quot;example_input_file323.txt&quot;,
        &quot;example_input_file324.txt&quot;,
        &quot;example_input_file325.txt&quot;,
        &quot;example_input_file326.txt&quot;,
        &quot;example_input_file327.txt&quot;,
        &quot;example_input_file328.txt&quot;,
        &quot;example_input_file329.txt&quot;,
        &quot;example_input_file330.txt&quot;,
        &quot;example_input_file331.txt&quot;,
        &quot;example_input_file332.txt&quot;,
        &quot;example_input_file333.txt&quot;,
        &quot;example_input_file334.txt&quot;,
        &quot;example_input_file335.txt&quot;,
        &quot;example_input_file336.txt&quot;,
        &quot;example_input_file337.txt&quot;,
        &quot;example_input_file338.txt&quot;,
        &quot;example_input_file339.txt&quot;,
        &quot;example_input_file340.txt&quot;,
        &quot;example_input_file341.txt&quot;,
        &quot;example_input_file342.txt&quot;,
        &quot;example_input_file343.txt&quot;,
        &quot;example_input_file344.txt&quot;,
        &quot;example_input_file345.txt&quot;,
        &quot;example_input_file346.txt&quot;,
        &quot;example_input_file347.txt&quot;,
        &quot;example_input_file348.txt&quot;,
        &quot;example_input_file349.txt&quot;,
        &quot;example_input_file350.txt&quot;,
        &quot;example_input_file351.txt&quot;,
        &quot;example_input_file352.txt&quot;,
        &quot;example_input_file353.txt&quot;,
        &quot;example_input_file354.txt&quot;,
        &quot;example_input_file355.txt&quot;,
        &quot;example_input_file356.txt&quot;,
        &quot;example_input_file357.txt&quot;,
        &quot;example_input_file358.txt&quot;,
        &quot;example_input_file359.txt&quot;,
        &quot;example_input_file360.txt&quot;,
        &quot;example_input_file361.txt&quot;,
        &quot;example_input_file362.txt&quot;,
        &quot;example_input_file363.txt&quot;,
        &quot;example_input_file364.txt&quot;,
        &quot;example_input_file365.txt&quot;,
        &quot;example_input_file366.txt&quot;,
        &quot;example_input_file367.txt&quot;,
        &quot;example_input_file368.txt&quot;,
        &quot;example_input_file369.txt&quot;,
        &quot;example_input_file370.txt&quot;,
        &quot;example_input_file371.txt&quot;,
        &quot;example_input_file372.txt&quot;,
        &quot;example_input_file373.txt&quot;,
        &quot;example_input_file374.txt&quot;,
        &quot;example_input_file375.txt&quot;,
        &quot;example_input_file376.txt&quot;,
        &quot;example_input_file377.txt&quot;,
        &quot;example_input_file378.txt&quot;,
        &quot;example_input_file379.txt&quot;,
        &quot;example_input_file380.txt&quot;,
        &quot;example_input_file381.txt&quot;,
        &quot;example_input_file382.txt&quot;,
        &quot;example_input_file383.txt&quot;,
        &quot;example_input_file384.txt&quot;,
        &quot;example_input_file385.txt&quot;,
        &quot;example_input_file386.txt&quot;,
        &quot;example_input_file387.txt&quot;,
        &quot;example_input_file388.txt&quot;,
        &quot;example_input_file389.txt&quot;,
        &quot;example_input_file390.txt&quot;,
        &quot;example_input_file391.txt&quot;,
        &quot;example_input_file392.txt&quot;,
        &quot;example_input_file393.txt&quot;,
        &quot;example_input_file394.txt&quot;,
        &quot;example_input_file395.txt&quot;,
        &quot;example_input_file396.txt&quot;,
        &quot;example_input_file397.txt&quot;,
        &quot;example_input_file398.txt&quot;,
        &quot;example_input_file399.txt&quot;,
        &quot;example_input_file400.txt&quot;,
        &quot;example_input_file401.txt&quot;,
        &quot;example_input_file402.txt&quot;,
        &quot;example_input_file403.txt&quot;,
        &quot;example_input_file404.txt&quot;,
        &quot;example_input_file405.txt&quot;,
        &quot;example_input_file406.txt&quot;,
        &quot;example_input_file407.txt&quot;,
        &quot;example_input_file408.txt&quot;,
        &quot;example_input_file409.txt&quot;,
        &quot;example_input_file410.txt&quot;,
        &quot;example_input_file411.txt&quot;,
        &quot;example_input_file412.txt&quot;,
        &quot;example_input_file413.txt&quot;,
        &quot;example_input_file414.txt&quot;,
        &quot;example_input_file415.txt&quot;,
        &quot;example_input_file416.txt&quot;,
        &quot;example_input_file417.txt&quot;,
        &quot;example_input_file418.txt&quot;,
        &quot;example_input_file419.txt&quot;,
        &quot;example_input_file420.txt&quot;,
        &quot;example_input_file421.txt&quot;,
        &quot;example_input_file422.txt&quot;,
        &quot;example_input_file423.txt&quot;,
        &quot;example_input_file424.txt&quot;,
        &quot;example_input_file425.txt&quot;,
        &quot;example_input_file426.txt&quot;,
        &quot;example_input_file427.txt&quot;,
        &quot;example_input_file428.txt&quot;,
        &quot;example_input_file429.txt&quot;,
        &quot;example_input_file430.txt&quot;,
        &quot;example_input_file431.txt&quot;,
        &quot;example_input_file432.txt&quot;,
        &quot;example_input_file433.txt&quot;,
        &quot;example_input_file434.txt&quot;,
        &quot;example_input_file435.txt&quot;,
        &quot;example_input_file436.txt&quot;,
        &quot;example_input_file437.txt&quot;,
        &quot;example_input_file438.txt&quot;,
        &quot;example_input_file439.txt&quot;,
        &quot;example_input_file440.txt&quot;,
        &quot;example_input_file441.txt&quot;,
        &quot;example_input_file442.txt&quot;,
        &quot;example_input_file443.txt&quot;,
        &quot;example_input_file444.txt&quot;,
        &quot;example_input_file445.txt&quot;,
        &quot;example_input_file446.txt&quot;,
        &quot;example_input_file447.txt&quot;,
        &quot;example_input_file448.txt&quot;,
        &quot;example_input_file449.txt&quot;,
        &quot;example_input_file450.txt&quot;,
        &quot;example_input_file451.txt&quot;,
        &quot;example_input_file452.txt&quot;,
        &quot;example_input_file453.txt&quot;,
        &quot;example_input_file454.txt&quot;,
        &quot;example_input_file455.txt&quot;,
        &quot;example_input_file456.txt&quot;,
        &quot;example_input_file457.txt&quot;,
        &quot;example_input_file458.txt&quot;,
        &quot;example_input_file459.txt&quot;,
        &quot;example_input_file460.txt&quot;,
        &quot;example_input_file461.txt&quot;,
        &quot;example_input_file462.txt&quot;,
        &quot;example_input_file463.txt&quot;,
        &quot;example_input_file464.txt&quot;,
        &quot;example_input_file465.txt&quot;,
        &quot;example_input_file466.txt&quot;,
        &quot;example_input_file467.txt&quot;,
        &quot;example_input_file468.txt&quot;,
        &quot;example_input_file469.txt&quot;,
        &quot;example_input_file470.txt&quot;,
        &quot;example_input_file471.txt&quot;,
        &quot;example_input_file472.txt&quot;,
        &quot;example_input_file473.txt&quot;,
        &quot;example_input_file474.txt&quot;,
        &quot;example_input_file475.txt&quot;,
        &quot;example_input_file476.txt&quot;,
        &quot;example_input_file477.txt&quot;,
        &quot;example_input_file478.txt&quot;,
        &quot;example_input_file479.txt&quot;,
        &quot;example_input_file480.txt&quot;,
        &quot;example_input_file481.txt&quot;,
        &quot;example_input_file482.txt&quot;,
        &quot;example_input_file483.txt&quot;,
        &quot;example_input_file484.txt&quot;,
        &quot;example_input_file485.txt&quot;,
        &quot;example_input_file486.txt&quot;,
        &quot;example_input_file487.txt&quot;,
        &quot;example_input_file488.txt&quot;,
        &quot;example_input_file489.txt&quot;,
        &quot;example_input_file490.txt&quot;,
        &quot;example_input_file491.txt&quot;,
        &quot;example_input_file492.txt&quot;,
        &quot;example_input_file493.txt&quot;,
        &quot;example_input_file494.txt&quot;,
        &quot;example_input_file495.txt&quot;,
        &quot;example_input_file496.txt&quot;,
        &quot;example_input_file497.txt&quot;,
        &quot;example_input_file498.txt&quot;,
        &quot;example_input_file499.txt&quot;,
        &quot;example_input_file500.txt&quot;,
        &quot;example_input_file501.txt&quot;,
        &quot;example_input_file502.txt&quot;,
        &quot;example_input_file503.txt&quot;,
        &quot;example_input_file504.txt&quot;,
        &quot;example_input_file505.txt&quot;,
        &quot;example_input_file506.txt&quot;,
        &quot;example_input_file507.txt&quot;,
        &quot;example_input_file508.txt&quot;,
        &quot;example_input_file509.txt&quot;,
        &quot;example_input_file510.txt&quot;,
        &quot;example_input_file511.txt&quot;,
        &quot;example_input_file512.txt&quot;,
        &quot;example_input_file513.txt&quot;,
        &quot;example_input_file514.txt&quot;,
        &quot;example_input_file515.txt&quot;,
        &quot;example_input_file516.txt&quot;,
        &quot;example_input_file517.txt&quot;,
        &quot;example_input_file518.txt&quot;,
        &quot;example_input_file519.txt&quot;,
        &quot;example_input_file520.txt&quot;,
        &quot;example_input_file521.txt&quot;,
        &quot;example_input_file522.txt&quot;,
        &quot;example_input_file523.txt&quot;,
        &quot;example_input_file524.txt&quot;,
        &quot;example_input_file525.txt&quot;,
        &quot;example_input_file526.txt&quot;,
        &quot;example_input_file527.txt&quot;,
        &quot;example_input_file528.txt&quot;,
        &quot;example_input_file529.txt&quot;,
        &quot;example_input_file530.txt&quot;,
        &quot;example_input_file531.txt&quot;,
        &quot;example_input_file532.txt&quot;,
        &quot;example_input_file533.txt&quot;,
        &quot;example_input_file534.txt&quot;,
        &quot;example_input_file535.txt&quot;,
        &quot;example_input_file536.txt&quot;,
        &quot;example_input_file537.txt&quot;,
        &quot;example_input_file538.txt&quot;,
        &quot;example_input_file539.txt&quot;,
        &quot;example_input_file540.txt&quot;,
        &quot;example_input_file541.txt&quot;,
        &quot;example_input_file542.txt&quot;,
        &quot;example_input_file543.txt&quot;,
        &quot;example_input_file544.txt&quot;,
        &quot;example_input_file545.txt&quot;,
        &quot;example_input_file546.txt&quot;,
        &quot;example_input_file547.txt&quot;,
        &quot;example_input_file548.txt&quot;,
        &quot;example_input_file549.txt&quot;,
        &quot;example_input_file550.txt&quot;,
        &quot;example_input_file551.txt&quot;,
        &quot;example_input_file552.txt&quot;,
        &quot;example_input_file553.txt&quot;,
        &quot;example_input_file554.txt&quot;,
        &quot;example_input_file555.txt&quot;,
        &quot;example_input_file556.txt&quot;,
        &quot;example_input_file557.txt&quot;,
        &quot;example_input_file558.txt&quot;,
        &quot;example_input_file559.txt&quot;,
        &quot;example_input_file560.txt&quot;,
        &quot;example_input_file561.txt&quot;,
        &quot;example_input_file562.txt&quot;,
        &quot;example_input_file563.txt&quot;,
        &quot;example_input_file564.txt&quot;,
        &quot;example_input_file565.txt&quot;,
        &quot;example_input_file566.txt&quot;,
        &quot;example_input_file567.txt&quot;,
        &quot;example_input_file568.txt&quot;,
        &quot;example_input_file569.txt&quot;,
        &quot;example_input_file570.txt&quot;,
        &quot;example_input_file571.txt&quot;,
        &quot;example_input_file572.txt&quot;,
        &quot;example_input_file573.txt&quot;,
        &quot;example_input_file574.txt&quot;,
        &quot;example_input_file575.txt&quot;,
        &quot;example_input_file576.txt&quot;,
        &quot;example_input_file577.txt&quot;,
        &quot;example_input_file578.txt&quot;,
        &quot;example_input_file579.txt&quot;,
        &quot;example_input_file580.txt&quot;,
        &quot;example_input_file581.txt&quot;,
        &quot;example_input_file582.txt&quot;,
        &quot;example_input_file583.txt&quot;,
        &quot;example_input_file584.txt&quot;,
        &quot;example_input_file585.txt&quot;,
        &quot;example_input_file586.txt&quot;,
        &quot;example_input_file587.txt&quot;,
        &quot;example_input_file588.txt&quot;,
        &quot;example_input_file589.txt&quot;,
        &quot;example_input_file590.txt&quot;,
        &quot;example_input_file591.txt&quot;,
        &quot;example_input_file592.txt&quot;,
        &quot;example_input_file593.txt&quot;,
        &quot;example_input_file594.txt&quot;,
        &quot;example_input_file595.txt&quot;,
        &quot;example_input_file596.txt&quot;,
        &quot;example_input_file597.txt&quot;,
        &quot;example_input_file598.txt&quot;,
        &quot;example_input_file599.txt&quot;,
        &quot;example_input_file600.txt&quot;,
        &quot;example_input_file601.txt&quot;,
        &quot;example_input_file602.txt&quot;,
        &quot;example_input_file603.txt&quot;,
        &quot;example_input_file604.txt&quot;,
        &quot;example_input_file605.txt&quot;,
        &quot;example_input_file606.txt&quot;,
        &quot;example_input_file607.txt&quot;,
        &quot;example_input_file608.txt&quot;,
        &quot;example_input_file609.txt&quot;,
        &quot;example_input_file610.txt&quot;,
        &quot;example_input_file611.txt&quot;,
        &quot;example_input_file612.txt&quot;,
        &quot;example_input_file613.txt&quot;,
        &quot;example_input_file614.txt&quot;,
        &quot;example_input_file615.txt&quot;,
        &quot;example_input_file616.txt&quot;,
        &quot;example_input_file617.txt&quot;,
        &quot;example_input_file618.txt&quot;,
        &quot;example_input_file619.txt&quot;,
        &quot;example_input_file620.txt&quot;,
        &quot;example_input_file621.txt&quot;,
        &quot;example_input_file622.txt&quot;,
        &quot;example_input_file623.txt&quot;,
        &quot;example_input_file624.txt&quot;,
        &quot;example_input_file625.txt&quot;,
        &quot;example_input_file626.txt&quot;,
        &quot;example_input_file627.txt&quot;,
        &quot;example_input_file628.txt&quot;,
        &quot;example_input_file629.txt&quot;,
        &quot;example_input_file630.txt&quot;,
        &quot;example_input_file631.txt&quot;,
        &quot;example_input_file632.txt&quot;,
        &quot;example_input_file633.txt&quot;,
        &quot;example_input_file634.txt&quot;,
        &quot;example_input_file635.txt&quot;,
        &quot;example_input_file636.txt&quot;,
        &quot;example_input_file637.txt&quot;,
        &quot;example_input_file638.txt&quot;,
        &quot;example_input_file639.txt&quot;,
        &quot;example_input_file640.txt&quot;,
        &quot;example_input_file641.txt&quot;,
        &quot;example_input_file642.txt&quot;,
        &quot;example_input_file643.txt&quot;,
        &quot;example_input_file644.txt&quot;,
        &quot;example_input_file645.txt&quot;,
        &quot;example_input_file646.txt&quot;,
        &quot;example_input_file647.txt&quot;,
        &quot;example_input_file648.txt&quot;,
        &quot;example_input_file649.txt&quot;,
        &quot;example_input_file650.txt&quot;,
        &quot;example_input_file651.txt&quot;,
        &quot;example_input_file652.txt&quot;,
        &quot;example_input_file653.txt&quot;,
        &quot;example_input_file654.txt&quot;,
        &quot;example_input_file655.txt&quot;,
        &quot;example_input_file656.txt&quot;,
        &quot;example_input_file657.txt&quot;,
        &quot;example_input_file658.txt&quot;,
        &quot;example_input_file659.txt&quot;,
        &quot;example_input_file660.txt&quot;,
        &quot;example_input_file661.txt&quot;,
        &quot;example_input_file662.txt&quot;,
        &quot;example_input_file663.txt&quot;,
        &quot;example_input_file664.txt&quot;,
        &quot;example_input_file665.txt&quot;,
        &quot;example_input_file666.txt&quot;,
        &quot;example_input_file667.txt&quot;,
        &quot;example_input_file668.txt&quot;,
        &quot;example_input_file669.txt&quot;,
        &quot;example_input_file670.txt&quot;,
        &quot;example_input_file671.txt&quot;,
        &quot;example_input_file672.txt&quot;,
        &quot;example_input_file673.txt&quot;,
        &quot;example_input_file674.txt&quot;,
        &quot;example_input_file675.txt&quot;,
        &quot;example_input_file676.txt&quot;,
        &quot;example_input_file677.txt&quot;,
        &quot;example_input_file678.txt&quot;,
        &quot;example_input_file679.txt&quot;,
        &quot;example_input_file680.txt&quot;,
        &quot;example_input_file681.txt&quot;,
        &quot;example_input_file682.txt&quot;,
        &quot;example_input_file683.txt&quot;,
        &quot;example_input_file684.txt&quot;,
        &quot;example_input_file685.txt&quot;,
        &quot;example_input_file686.txt&quot;,
        &quot;example_input_file687.txt&quot;,
        &quot;example_input_file688.txt&quot;,
        &quot;example_input_file689.txt&quot;,
        &quot;example_input_file690.txt&quot;,
        &quot;example_input_file691.txt&quot;,
        &quot;example_input_file692.txt&quot;,
        &quot;example_input_file693.txt&quot;,
        &quot;example_input_file694.txt&quot;,
        &quot;example_input_file695.txt&quot;,
        &quot;example_input_file696.txt&quot;,
        &quot;example_input_file697.txt&quot;,
        &quot;example_input_file698.txt&quot;,
        &quot;example_input_file699.txt&quot;,
        &quot;example_input_file700.txt&quot;,
        &quot;example_input_file701.txt&quot;,
        &quot;example_input_file702.txt&quot;,
        &quot;example_input_file703.txt&quot;,
        &quot;example_input_file704.txt&quot;,
        &quot;example_input_file705.txt&quot;,
        &quot;example_input_file706.txt&quot;,
        &quot;example_input_file707.txt&quot;,
        &quot;example_input_file708.txt&quot;,
        &quot;example_input_file709.txt&quot;,
        &quot;example_input_file710.txt&quot;,
        &quot;example_input_file711.txt&quot;,
        &quot;example_input_file712.txt&quot;,
        &quot;example_input_file713.txt&quot;,
        &quot;example_input_file714.txt&quot;,
        &quot;example_input_file715.txt&quot;,
        &quot;example_input_file716.txt&quot;,
        &quot;example_input_file717.txt&quot;,
        &quot;example_input_file718.txt&quot;,
        &quot;example_input_file719.txt&quot;,
        &quot;example_input_file720.txt&quot;,
        &quot;example_input_file721.txt&quot;,
        &quot;example_input_file722.txt&quot;,
        &quot;example_input_file723.txt&quot;,
        &quot;example_input_file724.txt&quot;,
        &quot;example_input_file725.txt&quot;,
        &quot;example_input_file726.txt&quot;,
        &quot;example_input_file727.txt&quot;,
        &quot;example_input_file728.txt&quot;,
        &quot;example_input_file729.txt&quot;,
        &quot;example_input_file730.txt&quot;,
        &quot;example_input_file731.txt&quot;,
        &quot;example_input_file732.txt&quot;,
        &quot;example_input_file733.txt&quot;,
        &quot;example_input_file734.txt&quot;,
        &quot;example_input_file735.txt&quot;,
        &quot;example_input_file736.txt&quot;,
        &quot;example_input_file737.txt&quot;,
        &quot;example_input_file738.txt&quot;,
        &quot;example_input_file739.txt&quot;,
        &quot;example_input_file740.txt&quot;,
        &quot;example_input_file741.txt&quot;,
        &quot;example_input_file742.txt&quot;,
        &quot;example_input_file743.txt&quot;,
        &quot;example_input_file744.txt&quot;,
        &quot;example_input_file745.txt&quot;,
        &quot;example_input_file746.txt&quot;,
        &quot;example_input_file747.txt&quot;,
        &quot;example_input_file748.txt&quot;,
        &quot;example_input_file749.txt&quot;,
        &quot;example_input_file750.txt&quot;,
        &quot;example_input_file751.txt&quot;,
        &quot;example_input_file752.txt&quot;,
        &quot;example_input_file753.txt&quot;,
        &quot;example_input_file754.txt&quot;,
        &quot;example_input_file755.txt&quot;,
        &quot;example_input_file756.txt&quot;,
        &quot;example_input_file757.txt&quot;,
        &quot;example_input_file758.txt&quot;,
        &quot;example_input_file759.txt&quot;,
        &quot;example_input_file760.txt&quot;,
        &quot;example_input_file761.txt&quot;,
        &quot;example_input_file762.txt&quot;,
        &quot;example_input_file763.txt&quot;,
        &quot;example_input_file764.txt&quot;,
        &quot;example_input_file765.txt&quot;,
        &quot;example_input_file766.txt&quot;,
        &quot;example_input_file767.txt&quot;,
        &quot;example_input_file768.txt&quot;,
        &quot;example_input_file769.txt&quot;,
        &quot;example_input_file770.txt&quot;,
        &quot;example_input_file771.txt&quot;,
        &quot;example_input_file772.txt&quot;,
        &quot;example_input_file773.txt&quot;,
        &quot;example_input_file774.txt&quot;,
        &quot;example_input_file775.txt&quot;,
        &quot;example_input_file776.txt&quot;,
        &quot;example_input_file777.txt&quot;,
        &quot;example_input_file778.txt&quot;,
        &quot;example_input_file779.txt&quot;,
        &quot;example_input_file780.txt&quot;,
        &quot;example_input_file781.txt&quot;,
        &quot;example_input_file782.txt&quot;,
        &quot;example_input_file783.txt&quot;,
        &quot;example_input_file784.txt&quot;,
        &quot;example_input_file785.txt&quot;,
        &quot;example_input_file786.txt&quot;,
        &quot;example_input_file787.txt&quot;,
        &quot;example_input_file788.txt&quot;,
        &quot;example_input_file789.txt&quot;,
        &quot;example_input_file790.txt&quot;,
        &quot;example_input_file791.txt&quot;,
        &quot;example_input_file792.txt&quot;,
        &quot;example_input_file793.txt&quot;,
        &quot;example_input_file794.txt&quot;,
        &quot;example_input_file795.txt&quot;,
        &quot;example_input_file796.txt&quot;,
        &quot;example_input_file797.txt&quot;,
        &quot;example_input_file798.txt&quot;,
        &quot;example_input_file799.txt&quot;,
        &quot;example_input_file800.txt&quot;,
        &quot;example_input_file801.txt&quot;,
        &quot;example_input_file802.txt&quot;,
        &quot;example_input_file803.txt&quot;,
        &quot;example_input_file804.txt&quot;,
        &quot;example_input_file805.txt&quot;,
        &quot;example_input_file806.txt&quot;,
        &quot;example_input_file807.txt&quot;,
        &quot;example_input_file808.txt&quot;,
        &quot;example_input_file809.txt&quot;,
        &quot;example_input_file810.txt&quot;,
        &quot;example_input_file811.txt&quot;,
        &quot;example_input_file812.txt&quot;,
        &quot;example_input_file813.txt&quot;,
        &quot;example_input_file814.txt&quot;,
        &quot;example_input_file815.txt&quot;,
        &quot;example_input_file816.txt&quot;,
        &quot;example_input_file817.txt&quot;,
        &quot;example_input_file818.txt&quot;,
        &quot;example_input_file819.txt&quot;,
        &quot;example_input_file820.txt&quot;,
        &quot;example_input_file821.txt&quot;,
        &quot;example_input_file822.txt&quot;,
        &quot;example_input_file823.txt&quot;,
        &quot;example_input_file824.txt&quot;,
        &quot;example_input_file825.txt&quot;,
        &quot;example_input_file826.txt&quot;,
        &quot;example_input_file827.txt&quot;,
        &quot;example_input_file828.txt&quot;,
        &quot;example_input_file829.txt&quot;,
        &quot;example_input_file830.txt&quot;,
        &quot;example_input_file831.txt&quot;,
        &quot;example_input_file832.txt&quot;,
        &quot;example_input_file833.txt&quot;,
        &quot;example_input_file834.txt&quot;,
        &quot;example_input_file835.txt&quot;,
        &quot;example_input_file836.txt&quot;,
        &quot;example_input_file837.txt&quot;,
        &quot;example_input_file838.txt&quot;,
        &quot;example_input_file839.txt&quot;,
        &quot;example_input_file840.txt&quot;,
        &quot;example_input_file841.txt&quot;,
        &quot;example_input_file842.txt&quot;,
        &quot;example_input_file843.txt&quot;,
        &quot;example_input_file844.txt&quot;,
        &quot;example_input_file845.txt&quot;,
        &quot;example_input_file846.txt&quot;,
        &quot;example_input_file847.txt&quot;,
        &quot;example_input_file848.txt&quot;,
        &quot;example_input_file849.txt&quot;,
        &quot;example_input_file850.txt&quot;,
        &quot;example_input_file851.txt&quot;,
        &quot;example_input_file852.txt&quot;,
        &quot;example_input_file853.txt&quot;,
        &quot;example_input_file854.txt&quot;,
        &quot;example_input_file855.txt&quot;,
        &quot;example_input_file856.txt&quot;,
        &quot;example_input_file857.txt&quot;,
        &quot;example_input_file858.txt&quot;,
        &quot;example_input_file859.txt&quot;,
        &quot;example_input_file860.txt&quot;,
        &quot;example_input_file861.txt&quot;,
        &quot;example_input_file862.txt&quot;,
        &quot;example_input_file863.txt&quot;,
        &quot;example_input_file864.txt&quot;,
        &quot;example_input_file865.txt&quot;,
        &quot;example_input_file866.txt&quot;,
        &quot;example_input_file867.txt&quot;,
        &quot;example_input_file868.txt&quot;,
        &quot;example_input_file869.txt&quot;,
        &quot;example_input_file870.txt&quot;,
        &quot;example_input_file871.txt&quot;,
        &quot;example_input_file872.txt&quot;,
        &quot;example_input_file873.txt&quot;,
        &quot;example_input_file874.txt&quot;,
        &quot;example_input_file875.txt&quot;,
        &quot;example_input_file876.txt&quot;,
        &quot;example_input_file877.txt&quot;,
        &quot;example_input_file878.txt&quot;,
        &quot;example_input_file879.txt&quot;,
        &quot;example_input_file880.txt&quot;,
        &quot;example_input_file881.txt&quot;,
        &quot;example_input_file882.txt&quot;,
        &quot;example_input_file883.txt&quot;,
        &quot;example_input_file884.txt&quot;,
        &quot;example_input_file885.txt&quot;,
        &quot;example_input_file886.txt&quot;,
        &quot;example_input_file887.txt&quot;,
        &quot;example_input_file888.txt&quot;,
        &quot;example_input_file889.txt&quot;,
        &quot;example_input_file890.txt&quot;,
        &quot;example_input_file891.txt&quot;,
        &quot;example_input_file892.txt&quot;,
        &quot;example_input_file893.txt&quot;,
        &quot;example_input_file894.txt&quot;,
        &quot;example_input_file895.txt&quot;,
        &quot;example_input_file896.txt&quot;,
        &quot;example_input_file897.txt&quot;,
        &quot;example_input_file898.txt&quot;,
        &quot;example_input_file899.txt&quot;,
        &quot;example_input_file900.txt&quot;,
        &quot;example_input_file901.txt&quot;,
        &quot;example_input_file902.txt&quot;,
        &quot;example_input_file903.txt&quot;,
        &quot;example_input_file904.txt&quot;,
        &quot;example_input_file905.txt&quot;,
        &quot;example_input_file906.txt&quot;,
        &quot;example_input_file907.txt&quot;,
        &quot;example_input_file908.txt&quot;,
        &quot;example_input_file909.txt&quot;,
        &quot;example_input_file910.txt&quot;,
        &quot;example_input_file911.txt&quot;,
        &quot;example_input_file912.txt&quot;,
        &quot;example_input_file913.txt&quot;,
        &quot;example_input_file914.txt&quot;,
        &quot;example_input_file915.txt&quot;,
        &quot;example_input_file916.txt&quot;,
        &quot;example_input_file917.txt&quot;,
        &quot;example_input_file918.txt&quot;,
        &quot;example_input_file919.txt&quot;,
        &quot;example_input_file920.txt&quot;,
        &quot;example_input_file921.txt&quot;,
        &quot;example_input_file922.txt&quot;,
        &quot;example_input_file923.txt&quot;,
        &quot;example_input_file924.txt&quot;,
        &quot;example_input_file925.txt&quot;,
        &quot;example_input_file926.txt&quot;,
        &quot;example_input_file927.txt&quot;,
        &quot;example_input_file928.txt&quot;,
        &quot;example_input_file929.txt&quot;,
        &quot;example_input_file930.txt&quot;,
        &quot;example_input_file931.txt&quot;,
        &quot;example_input_file932.txt&quot;,
        &quot;example_input_file933.txt&quot;,
        &quot;example_input_file934.txt&quot;,
        &quot;example_input_file935.txt&quot;,
        &quot;example_input_file936.txt&quot;,
        &quot;example_input_file937.txt&quot;,
        &quot;example_input_file938.txt&quot;,
        &quot;example_input_file939.txt&quot;,
        &quot;example_input_file940.txt&quot;,
        &quot;example_input_file941.txt&quot;,
        &quot;example_input_file942.txt&quot;,
        &quot;example_input_file943.txt&quot;,
        &quot;example_input_file944.txt&quot;,
        &quot;example_input_file945.txt&quot;,
        &quot;example_input_file946.txt&quot;,
        &quot;example_input_file947.txt&quot;,
        &quot;example_input_file948.txt&quot;,
        &quot;example_input_file949.txt&quot;,
        &quot;example_input_file950.txt&quot;,
        &quot;example_input_file951.txt&quot;,
        &quot;example_input_file952.txt&quot;,
        &quot;example_input_file953.txt&quot;,
        &quot;example_input_file954.txt&quot;,
        &quot;example_input_file955.txt&quot;,
        &quot;example_input_file956.txt&quot;,
        &quot;example_input_file957.txt&quot;,
        &quot;example_input_file958.txt&quot;,
        &quot;example_input_file959.txt&quot;,
        &quot;example_input_file960.txt&quot;,
        &quot;example_input_file961.txt&quot;,
        &quot;example_input_file962.txt&quot;,
        &quot;example_input_file963.txt&quot;,
        &quot;example_input_file964.txt&quot;,
        &quot;example_input_file965.txt&quot;,
        &quot;example_input_file966.txt&quot;,
        &quot;example_input_file967.txt&quot;,
        &quot;example_input_file968.txt&quot;,
        &quot;example_input_file969.txt&quot;,
        &quot;example_input_file970.txt&quot;,
        &quot;example_input_file971.txt&quot;,
        &quot;example_input_file972.txt&quot;,
        &quot;example_input_file973.txt&quot;,
        &quot;example_input_file974.txt&quot;,
        &quot;example_input_file975.txt&quot;,
        &quot;example_input_file976.txt&quot;,
        &quot;example_input_file977.txt&quot;,
        &quot;example_input_file978.txt&quot;,
        &quot;example_input_file979.txt&quot;,
        &quot;example_input_file980.txt&quot;,
        &quot;example_input_file981.txt&quot;,
        &quot;example_input_file982.txt&quot;,
        &quot;example_input_file983.txt&quot;,
        &quot;example_input_file984.txt&quot;,
        &quot;example_input_file985.txt&quot;,
        &quot;example_input_file986.txt&quot;,
        &quot;example_input_file987.txt&quot;,
        &quot;example_input_file988.txt&quot;,
        &quot;example_input_file989.txt&quot;,
        &quot;example_input_file990.txt&quot;,
        &quot;example_input_file991.txt&quot;,
        &quot;example_input_file992.txt&quot;,
        &quot;example_input_file993.txt&quot;,
        &quot;example_input_file994.txt&quot;,
        &quot;example_input_file995.txt&quot;,
        &quot;example_input_file996.txt&quot;,
        &quot;example_input_file997.txt&quot;,
        &quot;example_input_file998.txt&quot;,
        &quot;example_input_file999.txt&quot;,
        &quot;example_input_file1000.txt&quot;,
        &quot;example_input_file1001.txt&quot;,
        &quot;example_input_file1002.txt&quot;,
        &quot;example_input_file1003.txt&quot;,
        &quot;example_input_file1004.txt&quot;,
        &quot;example_input_file1005.txt&quot;,
        &quot;example_input_file1006.txt&quot;,
        &quot;example_input_file1007.txt&quot;,
        &quot;example_input_file1008.txt&quot;,
        &quot;example_input_file1009.txt&quot;,
        &quot;example_input_file1010.txt&quot;,
        &quot;example_input_file1011.txt&quot;,
        &quot;example_input_file1012.txt&quot;,
        &quot;example_input_file1013.txt&quot;,
        &quot;example_input_file1014.txt&quot;,
        &quot;example_input_file1015.txt&quot;,
        &quot;example_input_file1016.txt&quot;,
        &quot;example_input_file1017.txt&quot;,
        &quot;example_input_file1018.txt&quot;,
        &quot;example_input_file1019.txt&quot;,
        &quot;example_input_file1020.txt&quot;,
        &quot;example_input_file1021.txt&quot;,
        &quot;example_input_file1022.txt&quot;,
        &quot;example_input_file1023.txt&quot;,
        &quot;example_input_file1024.txt&quot;,
        &quot;example_input_file1025.txt&quot;,
        &quot;example_input_file1026.txt&quot;,
        &quot;example_input_file1027.txt&quot;,
        &quot;example_input_file1028.txt&quot;,
        &quot;example_input_file1029.txt&quot;,
        &quot;example_input_file1030.txt&quot;,
        &quot;example_input_file1031.txt&quot;,
        &quot;example_input_file1032.txt&quot;,
        &quot;example_input_file1033.txt&quot;,
        &quot;example_input_file1034.txt&quot;,
        &quot;example_input_file1035.txt&quot;,
        &quot;example_input_file1036.txt&quot;,
        &quot;example_input_file1037.txt&quot;,
        &quot;example_input_file1038.txt&quot;,
        &quot;example_input_file1039.txt&quot;,
        &quot;example_input_file1040.txt&quot;,
        &quot;example_input_file1041.txt&quot;,
        &quot;example_input_file1042.txt&quot;,
        &quot;example_input_file1043.txt&quot;,
        &quot;example_input_file1044.txt&quot;,
        &quot;example_input_file1045.txt&quot;,
        &quot;example_input_file1046.txt&quot;,
        &quot;example_input_file1047.txt&quot;,
        &quot;example_input_file1048.txt&quot;,
        &quot;example_input_file1049.txt&quot;,
        &quot;example_input_file1050.txt&quot;,
        &quot;example_input_file1051.txt&quot;,
        &quot;example_input_file1052.txt&quot;,
        &quot;example_input_file1053.txt&quot;,
        &quot;example_input_file1054.txt&quot;,
        &quot;example_input_file1055.txt&quot;,
        &quot;example_input_file1056.txt&quot;,
        &quot;example_input_file1057.txt&quot;,
        &quot;example_input_file1058.txt&quot;,
        &quot;example_input_file1059.txt&quot;,
        &quot;example_input_file1060.txt&quot;,
        &quot;example_input_file1061.txt&quot;,
        &quot;example_input_file1062.txt&quot;,
        &quot;example_input_file1063.txt&quot;,
        &quot;example_input_file1064.txt&quot;,
        &quot;example_input_file1065.txt&quot;,
        &quot;example_input_file1066.txt&quot;,
        &quot;example_input_file1067.txt&quot;,
        &quot;example_input_file1068.txt&quot;,
        &quot;example_input_file1069.txt&quot;,
        &quot;example_input_file1070.txt&quot;,
        &quot;example_input_file1071.txt&quot;,
        &quot;example_input_file1072.txt&quot;,
        &quot;example_input_file1073.txt&quot;,
        &quot;example_input_file1074.txt&quot;,
        &quot;example_input_file1075.txt&quot;,
        &quot;example_input_file1076.txt&quot;,
        &quot;example_input_file1077.txt&quot;,
        &quot;example_input_file1078.txt&quot;,
        &quot;example_input_file1079.txt&quot;,
        &quot;example_input_file1080.txt&quot;,
        &quot;example_input_file1081.txt&quot;,
        &quot;example_input_file1082.txt&quot;,
        &quot;example_input_file1083.txt&quot;,
        &quot;example_input_file1084.txt&quot;,
        &quot;example_input_file1085.txt&quot;,
        &quot;example_input_file1086.txt&quot;,
        &quot;example_input_file1087.txt&quot;,
        &quot;example_input_file1088.txt&quot;,
        &quot;example_input_file1089.txt&quot;,
        &quot;example_input_file1090.txt&quot;,
        &quot;example_input_file1091.txt&quot;,
        &quot;example_input_file1092.txt&quot;,
        &quot;example_input_file1093.txt&quot;,
        &quot;example_input_file1094.txt&quot;,
        &quot;example_input_file1095.txt&quot;,
        &quot;example_input_file1096.txt&quot;,
        &quot;example_input_file1097.txt&quot;,
        &quot;example_input_file1098.txt&quot;,
        &quot;example_input_file1099.txt&quot;,
        &quot;example_input_file1100.txt&quot;,
        &quot;example_input_file1101.txt&quot;,
        &quot;example_input_file1102.txt&quot;,
        &quot;example_input_file1103.txt&quot;,
        &quot;example_input_file1104.txt&quot;,
        &quot;example_input_file1105.txt&quot;,
        &quot;example_input_file1106.txt&quot;,
        &quot;example_input_file1107.txt&quot;,
        &quot;example_input_file1108.txt&quot;,
        &quot;example_input_file1109.txt&quot;,
        &quot;example_input_file1110.txt&quot;,
        &quot;example_input_file1111.txt&quot;,
        &quot;example_input_file1112.txt&quot;,
        &quot;example_input_file1113.txt&quot;,
        &quot;example_input_file1114.txt&quot;,
        &quot;example_input_file1115.txt&quot;,
        &quot;example_input_file1116.txt&quot;,
        &quot;example_input_file1117.txt&quot;,
        &quot;example_input_file1118.txt&quot;,
        &quot;example_input_file1119.txt&quot;,
        &quot;example_input_file1120.txt&quot;,
        &quot;example_input_file1121.txt&quot;,
        &quot;example_input_file1122.txt&quot;,
        &quot;example_input_file1123.txt&quot;,
        &quot;example_input_file1124.txt&quot;,
        &quot;example_input_file1125.txt&quot;,
        &quot;example_input_file1126.txt&quot;,
        &quot;example_input_file1127.txt&quot;,
        &quot;example_input_file1128.txt&quot;,
        &quot;example_input_file1129.txt&quot;,
        &quot;example_input_file1130.txt&quot;,
        &quot;example_input_file1131.txt&quot;,
        &quot;example_input_file1132.txt&quot;,
        &quot;example_input_file1133.txt&quot;,
        &quot;example_input_file1134.txt&quot;,
        &quot;example_input_file1135.txt&quot;,
        &quot;example_input_file1136.txt&quot;,
        &quot;example_input_file1137.txt&quot;,
        &quot;example_input_file1138.txt&quot;,
        &quot;example_input_file1139.txt&quot;,
        &quot;example_input_file1140.txt&quot;,
        &quot;example_input_file1141.txt&quot;,
        &quot;example_input_file1142.txt&quot;,
        &quot;example_input_file1143.txt&quot;,
        &quot;example_input_file1144.txt&quot;,
        &quot;example_input_file1145.txt&quot;,
        &quot;example_input_file1146.txt&quot;,
        &quot;example_input_file1147.txt&quot;,
        &quot;example_input_file1148.txt&quot;,
        &quot;example_input_file1149.txt&quot;,
        &quot;example_input_file1150.txt&quot;,
        &quot;example_input_file1151.txt&quot;,
        &quot;example_input_file1152.txt&quot;,
        &quot;example_input_file1153.txt&quot;,
        &quot;example_input_file1154.txt&quot;,
        &quot;example_input_file1155.txt&quot;,
        &quot;example_input_file1156.txt&quot;,
        &quot;example_input_file1157.txt&quot;,
        &quot;example_input_file1158.txt&quot;,
        &quot;example_input_file1159.txt&quot;,
        &quot;example_input_file1160.txt&quot;,
        &quot;example_input_file1161.txt&quot;,
        &quot;example_input_file1162.txt&quot;,
        &quot;example_input_file1163.txt&quot;,
        &quot;example_input_file1164.txt&quot;,
        &quot;example_input_file1165.txt&quot;,
        &quot;example_input_file1166.txt&quot;,
        &quot;example_input_file1167.txt&quot;,
        &quot;example_input_file1168.txt&quot;,
        &quot;example_input_file1169.txt&quot;,
        &quot;example_input_file1170.txt&quot;,
        &quot;example_input_file1171.txt&quot;,
        &quot;example_input_file1172.txt&quot;,
        &quot;example_input_file1173.txt&quot;,
        &quot;example_input_file1174.txt&quot;,
        &quot;example_input_file1175.txt&quot;,
        &quot;example_input_file1176.txt&quot;,
        &quot;example_input_file1177.txt&quot;,
        &quot;example_input_file1178.txt&quot;,
        &quot;example_input_file1179.txt&quot;,
        &quot;example_input_file1180.txt&quot;,
        &quot;example_input_file1181.txt&quot;,
        &quot;example_input_file1182.txt&quot;,
        &quot;example_input_file1183.txt&quot;,
        &quot;example_input_file1184.txt&quot;,
        &quot;example_input_file1185.txt&quot;,
        &quot;example_input_file1186.txt&quot;,
        &quot;example_input_file1187.txt&quot;,
        &quot;example_input_file1188.txt&quot;,
        &quot;example_input_file1189.txt&quot;,
        &quot;example_input_file1190.txt&quot;,
        &quot;example_input_file1191.txt&quot;,
        &quot;example_input_file1192.txt&quot;,
        &quot;example_input_file1193.txt&quot;,
        &quot;example_input_file1194.txt&quot;,
        &quot;example_input_file1195.txt&quot;,
        &quot;example_input_file1196.txt&quot;,
        &quot;example_input_file1197.txt&quot;,
        &quot;example_input_file1198.txt&quot;,
        &quot;example_input_file1199.txt&quot;,
        &quot;example_input_file1200.txt&quot;,
        &quot;example_input_file1201.txt&quot;,
        &quot;example_input_file1202.txt&quot;,
        &quot;example_input_file1203.txt&quot;,
        &quot;example_input_file1204.txt&quot;,
        &quot;example_input_file1205.txt&quot;,
        &quot;example_input_file1206.txt&quot;,
        &quot;example_input_file1207.txt&quot;,
        &quot;example_input_file1208.txt&quot;,
        &quot;example_input_file1209.txt&quot;,
        &quot;example_input_file1210.txt&quot;,
        &quot;example_input_file1211.txt&quot;,
        &quot;example_input_file1212.txt&quot;,
        &quot;example_input_file1213.txt&quot;,
        &quot;example_input_file1214.txt&quot;,
        &quot;example_input_file1215.txt&quot;,
        &quot;example_input_file1216.txt&quot;,
        &quot;example_input_file1217.txt&quot;,
        &quot;example_input_file1218.txt&quot;,
        &quot;example_input_file1219.txt&quot;,
        &quot;example_input_file1220.txt&quot;,
        &quot;example_input_file1221.txt&quot;,
        &quot;example_input_file1222.txt&quot;,
        &quot;example_input_file1223.txt&quot;,
        &quot;example_input_file1224.txt&quot;,
        &quot;example_input_file1225.txt&quot;,
        &quot;example_input_file1226.txt&quot;,
        &quot;example_input_file1227.txt&quot;,
        &quot;example_input_file1228.txt&quot;,
        &quot;example_input_file1229.txt&quot;,
        &quot;example_input_file1230.txt&quot;,
        &quot;example_input_file1231.txt&quot;,
        &quot;example_input_file1232.txt&quot;,
        &quot;example_input_file1233.txt&quot;,
        &quot;example_input_file1234.txt&quot;,
        &quot;example_input_file1235.txt&quot;,
        &quot;example_input_file1236.txt&quot;,
        &quot;example_input_file1237.txt&quot;,
        &quot;example_input_file1238.txt&quot;,
        &quot;example_input_file1239.txt&quot;,
        &quot;example_input_file1240.txt&quot;,
        &quot;example_input_file1241.txt&quot;,
        &quot;example_input_file1242.txt&quot;,
        &quot;example_input_file1243.txt&quot;,
        &quot;example_input_file1244.txt&quot;,
        &quot;example_input_file1245.txt&quot;,
        &quot;example_input_file1246.txt&quot;,
        &quot;example_input_file1247.txt&quot;,
        &quot;example_input_file1248.txt&quot;,
        &quot;example_input_file1249.txt&quot;,
        &quot;example_input_file1250.txt&quot;,
        &quot;example_input_file1251.txt&quot;,
        &quot;example_input_file1252.txt&quot;,
        &quot;example_input_file1253.txt&quot;,
        &quot;example_input_file1254.txt&quot;,
        &quot;example_input_file1255.txt&quot;,
        &quot;example_input_file1256.txt&quot;,
        &quot;example_input_file1257.txt&quot;,
        &quot;example_input_file1258.txt&quot;,
        &quot;example_input_file1259.txt&quot;,
        &quot;example_input_file1260.txt&quot;,
        &quot;example_input_file1261.txt&quot;,
        &quot;example_input_file1262.txt&quot;,
        &quot;example_input_file1263.txt&quot;,
        &quot;example_input_file1264.txt&quot;,
        &quot;example_input_file1265.txt&quot;,
        &quot;example_input_file1266.txt&quot;,
        &quot;example_input_file1267.txt&quot;,
        &quot;example_input_file1268.txt&quot;,
        &quot;example_input_file1269.txt&quot;,
        &quot;example_input_file1270.txt&quot;,
        &quot;example_input_file1271.txt&quot;,
        &quot;example_input_file1272.txt&quot;,
        &quot;example_input_file1273.txt&quot;,
        &quot;example_input_file1274.txt&quot;,
        &quot;example_input_file1275.txt&quot;,
        &quot;example_input_file1276.txt&quot;,
        &quot;example_input_file1277.txt&quot;,
        &quot;example_input_file1278.txt&quot;,
        &quot;example_input_file1279.txt&quot;,
        &quot;example_input_file1280.txt&quot;,
        &quot;example_input_file1281.txt&quot;,
        &quot;example_input_file1282.txt&quot;,
        &quot;example_input_file1283.txt&quot;,
        &quot;example_input_file1284.txt&quot;,
        &quot;example_input_file1285.txt&quot;,
        &quot;example_input_file1286.txt&quot;,
        &quot;example_input_file1287.txt&quot;,
        &quot;example_input_file1288.txt&quot;,
        &quot;example_input_file1289.txt&quot;,
        &quot;example_input_file1290.txt&quot;,
        &quot;example_input_file1291.txt&quot;,
        &quot;example_input_file1292.txt&quot;,
        &quot;example_input_file1293.txt&quot;,
        &quot;example_input_file1294.txt&quot;,
        &quot;example_input_file1295.txt&quot;,
        &quot;example_input_file1296.txt&quot;,
        &quot;example_input_file1297.txt&quot;,
        &quot;example_input_file1298.txt&quot;,
        &quot;example_input_file1299.txt&quot;,
        &quot;example_input_file1300.txt&quot;,
        &quot;example_input_file1301.txt&quot;,
        &quot;example_input_file1302.txt&quot;,
        &quot;example_input_file1303.txt&quot;,
        &quot;example_input_file1304.txt&quot;,
        &quot;example_input_file1305.txt&quot;,
        &quot;example_input_file1306.txt&quot;,
        &quot;example_input_file1307.txt&quot;,
        &quot;example_input_file1308.txt&quot;,
        &quot;example_input_file1309.txt&quot;,
        &quot;example_input_file1310.txt&quot;,
        &quot;example_input_file1311.txt&quot;,
        &quot;example_input_file1312.txt&quot;,
        &quot;example_input_file1313.txt&quot;,
        &quot;example_input_file1314.txt&quot;,
        &quot;example_input_file1315.txt&quot;,
        &quot;example_input_file1316.txt&quot;,
        &quot;example_input_file1317.txt&quot;,
        &quot;example_input_file1318.txt&quot;,
        &quot;example_input_file1319.txt&quot;,
        &quot;example_input_file1320.txt&quot;,
        &quot;example_input_file1321.txt&quot;,
        &quot;example_input_file1322.txt&quot;,
        &quot;example_input_file1323.txt&quot;,
        &quot;example_input_file1324.txt&quot;,
        &quot;example_input_file1325.txt&quot;,
        &quot;example_input_file1326.txt&quot;,
        &quot;example_input_file1327.txt&quot;,
        &quot;example_input_file1328.txt&quot;,
        &quot;example_input_file1329.txt&quot;,
        &quot;example_input_file1330.txt&quot;,
        &quot;example_input_file1331.txt&quot;,
        &quot;example_input_file1332.txt&quot;,
        &quot;example_input_file1333.txt&quot;,
        &quot;example_input_file1334.txt&quot;,
        &quot;example_input_file1335.txt&quot;,
        &quot;example_input_file1336.txt&quot;,
        &quot;example_input_file1337.txt&quot;,
        &quot;example_input_file1338.txt&quot;,
        &quot;example_input_file1339.txt&quot;,
        &quot;example_input_file1340.txt&quot;,
        &quot;example_input_file1341.txt&quot;,
        &quot;example_input_file1342.txt&quot;,
        &quot;example_input_file1343.txt&quot;,
        &quot;example_input_file1344.txt&quot;,
        &quot;example_input_file1345.txt&quot;,
        &quot;example_input_file1346.txt&quot;,
        &quot;example_input_file1347.txt&quot;,
        &quot;example_input_file1348.txt&quot;,
        &quot;example_input_file1349.txt&quot;,
        &quot;example_input_file1350.txt&quot;,
        &quot;example_input_file1351.txt&quot;,
        &quot;example_input_file1352.txt&quot;,
        &quot;example_input_file1353.txt&quot;,
        &quot;example_input_file1354.txt&quot;,
        &quot;example_input_file1355.txt&quot;,
        &quot;example_input_file1356.txt&quot;,
        &quot;example_input_file1357.txt&quot;,
        &quot;example_input_file1358.txt&quot;,
        &quot;example_input_file1359.txt&quot;,
        &quot;example_input_file1360.txt&quot;,
        &quot;example_input_file1361.txt&quot;,
        &quot;example_input_file1362.txt&quot;,
        &quot;example_input_file1363.txt&quot;,
        &quot;example_input_file1364.txt&quot;,
        &quot;example_input_file1365.txt&quot;,
        &quot;example_input_file1366.txt&quot;,
        &quot;example_input_file1367.txt&quot;,
        &quot;example_input_file1368.txt&quot;,
        &quot;example_input_file1369.txt&quot;,
        &quot;example_input_file1370.txt&quot;,
        &quot;example_input_file1371.txt&quot;,
        &quot;example_input_file1372.txt&quot;,
        &quot;example_input_file1373.txt&quot;,
        &quot;example_input_file1374.txt&quot;,
        &quot;example_input_file1375.txt&quot;,
        &quot;example_input_file1376.txt&quot;,
        &quot;example_input_file1377.txt&quot;,
        &quot;example_input_file1378.txt&quot;,
        &quot;example_input_file1379.txt&quot;,
        &quot;example_input_file1380.txt&quot;,
        &quot;example_input_file1381.txt&quot;,
        &quot;example_input_file1382.txt&quot;,
        &quot;example_input_file1383.txt&quot;,
        &quot;example_input_file1384.txt&quot;,
        &quot;example_input_file1385.txt&quot;,
        &quot;example_input_file1386.txt&quot;,
        &quot;example_input_file1387.txt&quot;,
        &quot;example_input_file1388.txt&quot;,
        &quot;example_input_file1389.txt&quot;,
        &quot;example_input_file1390.txt&quot;,
        &quot;example_input_file1391.txt&quot;,
        &quot;example_input_file1392.txt&quot;,
        &quot;example_input_file1393.txt&quot;,
        &quot;example_input_file1394.txt&quot;,
        &quot;example_input_file1395.txt&quot;,
        &quot;example_input_file1396.txt&quot;,
        &quot;example_input_file1397.txt&quot;,
        &quot;example_input_file1398.txt&quot;,
        &quot;example_input_file1399.txt&quot;,
        &quot;example_input_file1400.txt&quot;,
        &quot;example_input_file1401.txt&quot;,
        &quot;example_input_file1402.txt&quot;,
        &quot;example_input_file1403.txt&quot;,
        &quot;example_input_file1404.txt&quot;,
        &quot;example_input_file1405.txt&quot;,
        &quot;example_input_file1406.txt&quot;,
        &quot;example_input_file1407.txt&quot;,
        &quot;example_input_file1408.txt&quot;,
        &quot;example_input_file1409.txt&quot;,
        &quot;example_input_file1410.txt&quot;,
        &quot;example_input_file1411.txt&quot;,
        &quot;example_input_file1412.txt&quot;,
        &quot;example_input_file1413.txt&quot;,
        &quot;example_input_file1414.txt&quot;,
        &quot;example_input_file1415.txt&quot;,
        &quot;example_input_file1416.txt&quot;,
        &quot;example_input_file1417.txt&quot;,
        &quot;example_input_file1418.txt&quot;,
        &quot;example_input_file1419.txt&quot;,
        &quot;example_input_file1420.txt&quot;,
        &quot;example_input_file1421.txt&quot;,
        &quot;example_input_file1422.txt&quot;,
        &quot;example_input_file1423.txt&quot;,
        &quot;example_input_file1424.txt&quot;,
        &quot;example_input_file1425.txt&quot;,
        &quot;example_input_file1426.txt&quot;,
        &quot;example_input_file1427.txt&quot;,
        &quot;example_input_file1428.txt&quot;,
        &quot;example_input_file1429.txt&quot;,
        &quot;example_input_file1430.txt&quot;,
        &quot;example_input_file1431.txt&quot;,
        &quot;example_input_file1432.txt&quot;,
        &quot;example_input_file1433.txt&quot;,
        &quot;example_input_file1434.txt&quot;,
        &quot;example_input_file1435.txt&quot;,
        &quot;example_input_file1436.txt&quot;,
        &quot;example_input_file1437.txt&quot;,
        &quot;example_input_file1438.txt&quot;,
        &quot;example_input_file1439.txt&quot;,
        &quot;example_input_file1440.txt&quot;,
        &quot;example_input_file1441.txt&quot;,
        &quot;example_input_file1442.txt&quot;,
        &quot;example_input_file1443.txt&quot;,
        &quot;example_input_file1444.txt&quot;,
        &quot;example_input_file1445.txt&quot;,
        &quot;example_input_file1446.txt&quot;,
        &quot;example_input_file1447.txt&quot;,
        &quot;example_input_file1448.txt&quot;,
        &quot;example_input_file1449.txt&quot;,
        &quot;example_input_file1450.txt&quot;,
        &quot;example_input_file1451.txt&quot;,
        &quot;example_input_file1452.txt&quot;,
        &quot;example_input_file1453.txt&quot;,
        &quot;example_input_file1454.txt&quot;,
        &quot;example_input_file1455.txt&quot;,
        &quot;example_input_file1456.txt&quot;,
        &quot;example_input_file1457.txt&quot;,
        &quot;example_input_file1458.txt&quot;,
        &quot;example_input_file1459.txt&quot;,
        &quot;example_input_file1460.txt&quot;,
        &quot;example_input_file1461.txt&quot;,
        &quot;example_input_file1462.txt&quot;,
        &quot;example_input_file1463.txt&quot;,
        &quot;example_input_file1464.txt&quot;,
        &quot;example_input_file1465.txt&quot;,
        &quot;example_input_file1466.txt&quot;,
        &quot;example_input_file1467.txt&quot;,
        &quot;example_input_file1468.txt&quot;,
        &quot;example_input_file1469.txt&quot;,
        &quot;example_input_file1470.txt&quot;,
        &quot;example_input_file1471.txt&quot;,
        &quot;example_input_file1472.txt&quot;,
        &quot;example_input_file1473.txt&quot;,
        &quot;example_input_file1474.txt&quot;,
        &quot;example_input_file1475.txt&quot;,
        &quot;example_input_file1476.txt&quot;,
        &quot;example_input_file1477.txt&quot;,
        &quot;example_input_file1478.txt&quot;,
        &quot;example_input_file1479.txt&quot;,
        &quot;example_input_file1480.txt&quot;,
        &quot;example_input_file1481.txt&quot;,
        &quot;example_input_file1482.txt&quot;,
        &quot;example_input_file1483.txt&quot;,
        &quot;example_input_file1484.txt&quot;,
        &quot;example_input_file1485.txt&quot;,
        &quot;example_input_file1486.txt&quot;,
        &quot;example_input_file1487.txt&quot;,
        &quot;example_input_file1488.txt&quot;,
        &quot;example_input_file1489.txt&quot;,
        &quot;example_input_file1490.txt&quot;,
        &quot;example_input_file1491.txt&quot;,
        &quot;example_input_file1492.txt&quot;,
        &quot;example_input_file1493.txt&quot;,
        &quot;example_input_file1494.txt&quot;,
        &quot;example_input_file1495.txt&quot;,
        &quot;example_input_file1496.txt&quot;,
        &quot;example_input_file1497.txt&quot;,
        &quot;example_input_file1498.txt&quot;,
        &quot;example_input_file1499.txt&quot;,
        &quot;example_input_file1500.txt&quot;,
        &quot;example_input_file1501.txt&quot;,
        &quot;example_input_file1502.txt&quot;,
        &quot;example_input_file1503.txt&quot;,
        &quot;example_input_file1504.txt&quot;,
        &quot;example_input_file1505.txt&quot;,
        &quot;example_input_file1506.txt&quot;,
        &quot;example_input_file1507.txt&quot;,
        &quot;example_input_file1508.txt&quot;,
        &quot;example_input_file1509.txt&quot;,
        &quot;example_input_file1510.txt&quot;,
        &quot;example_input_file1511.txt&quot;,
        &quot;example_input_file1512.txt&quot;,
        &quot;example_input_file1513.txt&quot;,
        &quot;example_input_file1514.txt&quot;,
        &quot;example_input_file1515.txt&quot;,
        &quot;example_input_file1516.txt&quot;,
        &quot;example_input_file1517.txt&quot;,
        &quot;example_input_file1518.txt&quot;,
        &quot;example_input_file1519.txt&quot;,
        &quot;example_input_file1520.txt&quot;,
        &quot;example_input_file1521.txt&quot;,
        &quot;example_input_file1522.txt&quot;,
        &quot;example_input_file1523.txt&quot;,
        &quot;example_input_file1524.txt&quot;,
        &quot;example_input_file1525.txt&quot;,
        &quot;example_input_file1526.txt&quot;,
        &quot;example_input_file1527.txt&quot;,
        &quot;example_input_file1528.txt&quot;,
        &quot;example_input_file1529.txt&quot;,
        &quot;example_input_file1530.txt&quot;,
        &quot;example_input_file1531.txt&quot;,
        &quot;example_input_file1532.txt&quot;,
        &quot;example_input_file1533.txt&quot;,
        &quot;example_input_file1534.txt&quot;,
        &quot;example_input_file1535.txt&quot;,
        &quot;example_input_file1536.txt&quot;,
        &quot;example_input_file1537.txt&quot;,
        &quot;example_input_file1538.txt&quot;,
        &quot;example_input_file1539.txt&quot;,
        &quot;example_input_file1540.txt&quot;,
        &quot;example_input_file1541.txt&quot;,
        &quot;example_input_file1542.txt&quot;,
        &quot;example_input_file1543.txt&quot;,
        &quot;example_input_file1544.txt&quot;,
        &quot;example_input_file1545.txt&quot;,
        &quot;example_input_file1546.txt&quot;,
        &quot;example_input_file1547.txt&quot;,
        &quot;example_input_file1548.txt&quot;,
        &quot;example_input_file1549.txt&quot;,
        &quot;example_input_file1550.txt&quot;,
        &quot;example_input_file1551.txt&quot;,
        &quot;example_input_file1552.txt&quot;,
        &quot;example_input_file1553.txt&quot;,
        &quot;example_input_file1554.txt&quot;,
        &quot;example_input_file1555.txt&quot;,
        &quot;example_input_file1556.txt&quot;,
        &quot;example_input_file1557.txt&quot;,
        &quot;example_input_file1558.txt&quot;,
        &quot;example_input_file1559.txt&quot;,
        &quot;example_input_file1560.txt&quot;,
        &quot;example_input_file1561.txt&quot;,
        &quot;example_input_file1562.txt&quot;,
        &quot;example_input_file1563.txt&quot;,
        &quot;example_input_file1564.txt&quot;,
        &quot;example_input_file1565.txt&quot;,
        &quot;example_input_file1566.txt&quot;,
        &quot;example_input_file1567.txt&quot;,
        &quot;example_input_file1568.txt&quot;,
        &quot;example_input_file1569.txt&quot;,
        &quot;example_input_file1570.txt&quot;,
        &quot;example_input_file1571.txt&quot;,
        &quot;example_input_file1572.txt&quot;,
        &quot;example_input_file1573.txt&quot;,
        &quot;example_input_file1574.txt&quot;,
        &quot;example_input_file1575.txt&quot;,
        &quot;example_input_file1576.txt&quot;,
        &quot;example_input_file1577.txt&quot;,
        &quot;example_input_file1578.txt&quot;,
        &quot;example_input_file1579.txt&quot;,
        &quot;example_input_file1580.txt&quot;,
        &quot;example_input_file1581.txt&quot;,
        &quot;example_input_file1582.txt&quot;,
        &quot;example_input_file1583.txt&quot;,
        &quot;example_input_file1584.txt&quot;,
        &quot;example_input_file1585.txt&quot;,
        &quot;example_input_file1586.txt&quot;,
        &quot;example_input_file1587.txt&quot;,
        &quot;example_input_file1588.txt&quot;,
        &quot;example_input_file1589.txt&quot;,
        &quot;example_input_file1590.txt&quot;,
        &quot;example_input_file1591.txt&quot;,
        &quot;example_input_file1592.txt&quot;,
        &quot;example_input_file1593.txt&quot;,
        &quot;example_input_file1594.txt&quot;,
        &quot;example_input_file1595.txt&quot;,
        &quot;example_input_file1596.txt&quot;,
        &quot;example_input_file1597.txt&quot;,
        &quot;example_input_file1598.txt&quot;,
        &quot;example_input_file1599.txt&quot;,
        &quot;example_input_file1600.txt&quot;,
        &quot;example_input_file1601.txt&quot;,
        &quot;example_input_file1602.txt&quot;,
        &quot;example_input_file1603.txt&quot;,
        &quot;example_input_file1604.txt&quot;,
        &quot;example_input_file1605.txt&quot;,
        &quot;example_input_file1606.txt&quot;,
        &quot;example_input_file1607.txt&quot;,
        &quot;example_input_file1608.txt&quot;,
        &quot;example_input_file1609.txt&quot;,
        &quot;example_input_file1610.txt&quot;,
        &quot;example_input_file1611.txt&quot;,
        &quot;example_input_file1612.txt&quot;,
        &quot;example_input_file1613.txt&quot;,
        &quot;example_input_file1614.txt&quot;,
        &quot;example_input_file1615.txt&quot;,
        &quot;example_input_file1616.txt&quot;,
        &quot;example_input_file1617.txt&quot;,
        &quot;example_input_file1618.txt&quot;,
        &quot;example_input_file1619.txt&quot;,
        &quot;example_input_file1620.txt&quot;,
        &quot;example_input_file1621.txt&quot;,
        &quot;example_input_file1622.txt&quot;,
        &quot;example_input_file1623.txt&quot;,
        &quot;example_input_file1624.txt&quot;,
        &quot;example_input_file1625.txt&quot;,
        &quot;example_input_file1626.txt&quot;,
        &quot;example_input_file1627.txt&quot;,
        &quot;example_input_file1628.txt&quot;,
        &quot;example_input_file1629.txt&quot;,
        &quot;example_input_file1630.txt&quot;,
        &quot;example_input_file1631.txt&quot;,
        &quot;example_input_file1632.txt&quot;,
        &quot;example_input_file1633.txt&quot;,
        &quot;example_input_file1634.txt&quot;,
        &quot;example_input_file1635.txt&quot;,
        &quot;example_input_file1636.txt&quot;,
        &quot;example_input_file1637.txt&quot;,
        &quot;example_input_file1638.txt&quot;,
        &quot;example_input_file1639.txt&quot;,
        &quot;example_input_file1640.txt&quot;,
        &quot;example_input_file1641.txt&quot;,
        &quot;example_input_file1642.txt&quot;,
        &quot;example_input_file1643.txt&quot;,
        &quot;example_input_file1644.txt&quot;,
        &quot;example_input_file1645.txt&quot;,
        &quot;example_input_file1646.txt&quot;,
        &quot;example_input_file1647.txt&quot;,
        &quot;example_input_file1648.txt&quot;,
        &quot;example_input_file1649.txt&quot;,
        &quot;example_input_file1650.txt&quot;,
        &quot;example_input_file1651.txt&quot;,
        &quot;example_input_file1652.txt&quot;,
        &quot;example_input_file1653.txt&quot;,
        &quot;example_input_file1654.txt&quot;,
        &quot;example_input_file1655.txt&quot;,
        &quot;example_input_file1656.txt&quot;,
        &quot;example_input_file1657.txt&quot;,
        &quot;example_input_file1658.txt&quot;,
        &quot;example_input_file1659.txt&quot;,
        &quot;example_input_file1660.txt&quot;,
        &quot;example_input_file1661.txt&quot;,
        &quot;example_input_file1662.txt&quot;,
        &quot;example_input_file1663.txt&quot;,
        &quot;example_input_file1664.txt&quot;,
        &quot;example_input_file1665.txt&quot;,
        &quot;example_input_file1666.txt&quot;,
        &quot;example_input_file1667.txt&quot;,
        &quot;example_input_file1668.txt&quot;,
        &quot;example_input_file1669.txt&quot;,
        &quot;example_input_file1670.txt&quot;,
        &quot;example_input_file1671.txt&quot;,
        &quot;example_input_file1672.txt&quot;,
        &quot;example_input_file1673.txt&quot;,
        &quot;example_input_file1674.txt&quot;,
        &quot;example_input_file1675.txt&quot;,
        &quot;example_input_file1676.txt&quot;,
        &quot;example_input_file1677.txt&quot;,
        &quot;example_input_file1678.txt&quot;,
        &quot;example_input_file1679.txt&quot;,
        &quot;example_input_file1680.txt&quot;,
        &quot;example_input_file1681.txt&quot;,
        &quot;example_input_file1682.txt&quot;,
        &quot;example_input_file1683.txt&quot;,
        &quot;example_input_file1684.txt&quot;,
        &quot;example_input_file1685.txt&quot;,
        &quot;example_input_file1686.txt&quot;,
        &quot;example_input_file1687.txt&quot;,
        &quot;example_input_file1688.txt&quot;,
        &quot;example_input_file1689.txt&quot;,
        &quot;example_input_file1690.txt&quot;,
        &quot;example_input_file1691.txt&quot;,
        &quot;example_input_file1692.txt&quot;,
        &quot;example_input_file1693.txt&quot;,
        &quot;example_input_file1694.txt&quot;,
        &quot;example_input_file1695.txt&quot;,
        &quot;example_input_file1696.txt&quot;,
        &quot;example_input_file1697.txt&quot;,
        &quot;example_input_file1698.txt&quot;,
        &quot;example_input_file1699.txt&quot;,
        &quot;example_input_file1700.txt&quot;,
        &quot;example_input_file1701.txt&quot;,
        &quot;example_input_file1702.txt&quot;,
        &quot;example_input_file1703.txt&quot;,
        &quot;example_input_file1704.txt&quot;,
        &quot;example_input_file1705.txt&quot;,
        &quot;example_input_file1706.txt&quot;,
        &quot;example_input_file1707.txt&quot;,
        &quot;example_input_file1708.txt&quot;,
        &quot;example_input_file1709.txt&quot;,
        &quot;example_input_file1710.txt&quot;,
        &quot;example_input_file1711.txt&quot;,
        &quot;example_input_file1712.txt&quot;,
        &quot;example_input_file1713.txt&quot;,
        &quot;example_input_file1714.txt&quot;,
        &quot;example_input_file1715.txt&quot;,
        &quot;example_input_file1716.txt&quot;,
        &quot;example_input_file1717.txt&quot;,
        &quot;example_input_file1718.txt&quot;,
        &quot;example_input_file1719.txt&quot;,
        &quot;example_input_file1720.txt&quot;,
        &quot;example_input_file1721.txt&quot;,
        &quot;example_input_file1722.txt&quot;,
        &quot;example_input_file1723.txt&quot;,
        &quot;example_input_file1724.txt&quot;,
        &quot;example_input_file1725.txt&quot;,
        &quot;example_input_file1726.txt&quot;,
        &quot;example_input_file1727.txt&quot;,
        &quot;example_input_file1728.txt&quot;,
        &quot;example_input_file1729.txt&quot;,
        &quot;example_input_file1730.txt&quot;,
        &quot;example_input_file1731.txt&quot;,
        &quot;example_input_file1732.txt&quot;,
        &quot;example_input_file1733.txt&quot;,
        &quot;example_input_file1734.txt&quot;,
        &quot;example_input_file1735.txt&quot;,
        &quot;example_input_file1736.txt&quot;,
        &quot;example_input_file1737.txt&quot;,
        &quot;example_input_file1738.txt&quot;,
        &quot;example_input_file1739.txt&quot;,
        &quot;example_input_file1740.txt&quot;,
        &quot;example_input_file1741.txt&quot;,
        &quot;example_input_file1742.txt&quot;,
        &quot;example_input_file1743.txt&quot;,
        &quot;example_input_file1744.txt&quot;,
        &quot;example_input_file1745.txt&quot;,
        &quot;example_input_file1746.txt&quot;,
        &quot;example_input_file1747.txt&quot;,
        &quot;example_input_file1748.txt&quot;,
        &quot;example_input_file1749.txt&quot;,
        &quot;example_input_file1750.txt&quot;,
        &quot;example_input_file1751.txt&quot;,
        &quot;example_input_file1752.txt&quot;,
        &quot;example_input_file1753.txt&quot;,
        &quot;example_input_file1754.txt&quot;,
        &quot;example_input_file1755.txt&quot;,
        &quot;example_input_file1756.txt&quot;,
        &quot;example_input_file1757.txt&quot;,
        &quot;example_input_file1758.txt&quot;,
        &quot;example_input_file1759.txt&quot;,
        &quot;example_input_file1760.txt&quot;,
        &quot;example_input_file1761.txt&quot;,
        &quot;example_input_file1762.txt&quot;,
        &quot;example_input_file1763.txt&quot;,
        &quot;example_input_file1764.txt&quot;,
        &quot;example_input_file1765.txt&quot;,
        &quot;example_input_file1766.txt&quot;,
        &quot;example_input_file1767.txt&quot;,
        &quot;example_input_file1768.txt&quot;,
        &quot;example_input_file1769.txt&quot;,
        &quot;example_input_file1770.txt&quot;,
        &quot;example_input_file1771.txt&quot;,
        &quot;example_input_file1772.txt&quot;,
        &quot;example_input_file1773.txt&quot;,
        &quot;example_input_file1774.txt&quot;,
        &quot;example_input_file1775.txt&quot;,
        &quot;example_input_file1776.txt&quot;,
        &quot;example_input_file1777.txt&quot;,
        &quot;example_input_file1778.txt&quot;,
        &quot;example_input_file1779.txt&quot;,
        &quot;example_input_file1780.txt&quot;,
        &quot;example_input_file1781.txt&quot;,
        &quot;example_input_file1782.txt&quot;,
        &quot;example_input_file1783.txt&quot;,
        &quot;example_input_file1784.txt&quot;,
        &quot;example_input_file1785.txt&quot;,
        &quot;example_input_file1786.txt&quot;,
        &quot;example_input_file1787.txt&quot;,
        &quot;example_input_file1788.txt&quot;,
        &quot;example_input_file1789.txt&quot;,
        &quot;example_input_file1790.txt&quot;,
        &quot;example_input_file1791.txt&quot;,
        &quot;example_input_file1792.txt&quot;,
        &quot;example_input_file1793.txt&quot;,
        &quot;example_input_file1794.txt&quot;,
        &quot;example_input_file1795.txt&quot;,
        &quot;example_input_file1796.txt&quot;,
        &quot;example_input_file1797.txt&quot;,
        &quot;example_input_file1798.txt&quot;,
        &quot;example_input_file1799.txt&quot;,
        &quot;example_input_file1800.txt&quot;,
        &quot;example_input_file1801.txt&quot;,
        &quot;example_input_file1802.txt&quot;,
        &quot;example_input_file1803.txt&quot;,
        &quot;example_input_file1804.txt&quot;,
        &quot;example_input_file1805.txt&quot;,
        &quot;example_input_file1806.txt&quot;,
        &quot;example_input_file1807.txt&quot;,
        &quot;example_input_file1808.txt&quot;,
        &quot;example_input_file1809.txt&quot;,
        &quot;example_input_file1810.txt&quot;,
        &quot;example_input_file1811.txt&quot;,
        &quot;example_input_file1812.txt&quot;,
        &quot;example_input_file1813.txt&quot;,
        &quot;example_input_file1814.txt&quot;,
        &quot;example_input_file1815.txt&quot;,
        &quot;example_input_file1816.txt&quot;,
        &quot;example_input_file1817.txt&quot;,
        &quot;example_input_file1818.txt&quot;,
        &quot;example_input_file1819.txt&quot;,
        &quot;example_input_file1820.txt&quot;,
        &quot;example_input_file1821.txt&quot;,
        &quot;example_input_file1822.txt&quot;,
        &quot;example_input_file1823.txt&quot;,
        &quot;example_input_file1824.txt&quot;,
        &quot;example_input_file1825.txt&quot;,
        &quot;example_input_file1826.txt&quot;,
        &quot;example_input_file1827.txt&quot;,
        &quot;example_input_file1828.txt&quot;,
        &quot;example_input_file1829.txt&quot;,
        &quot;example_input_file1830.txt&quot;,
        &quot;example_input_file1831.txt&quot;,
        &quot;example_input_file1832.txt&quot;,
        &quot;example_input_file1833.txt&quot;,
        &quot;example_input_file1834.txt&quot;,
        &quot;example_input_file1835.txt&quot;,
        &quot;example_input_file1836.txt&quot;,
        &quot;example_input_file1837.txt&quot;,
        &quot;example_input_file1838.txt&quot;,
        &quot;example_input_file1839.txt&quot;,
        &quot;example_input_file1840.txt&quot;,
        &quot;example_input_file1841.txt&quot;,
        &quot;example_input_file1842.txt&quot;,
        &quot;example_input_file1843.txt&quot;,
        &quot;example_input_file1844.txt&quot;,
        &quot;example_input_file1845.txt&quot;,
        &quot;example_input_file1846.txt&quot;,
        &quot;example_input_file1847.txt&quot;,
        &quot;example_input_file1848.txt&quot;,
        &quot;example_input_file1849.txt&quot;,
        &quot;example_input_file1850.txt&quot;,
        &quot;example_input_file1851.txt&quot;,
        &quot;example_input_file1852.txt&quot;,
        &quot;example_input_file1853.txt&quot;,
        &quot;example_input_file1854.txt&quot;,
        &quot;example_input_file1855.txt&quot;,
        &quot;example_input_file1856.txt&quot;,
        &quot;example_input_file1857.txt&quot;,
        &quot;example_input_file1858.txt&quot;,
        &quot;example_input_file1859.txt&quot;,
        &quot;example_input_file1860.txt&quot;,
        &quot;example_input_file1861.txt&quot;,
        &quot;example_input_file1862.txt&quot;,
        &quot;example_input_file1863.txt&quot;,
        &quot;example_input_file1864.txt&quot;,
        &quot;example_input_file1865.txt&quot;,
        &quot;example_input_file1866.txt&quot;,
        &quot;example_input_file1867.txt&quot;,
        &quot;example_input_file1868.txt&quot;,
        &quot;example_input_file1869.txt&quot;,
        &quot;example_input_file1870.txt&quot;,
        &quot;example_input_file1871.txt&quot;,
        &quot;example_input_file1872.txt&quot;,
        &quot;example_input_file1873.txt&quot;,
        &quot;example_input_file1874.txt&quot;,
        &quot;example_input_file1875.txt&quot;,
        &quot;example_input_file1876.txt&quot;,
        &quot;example_input_file1877.txt&quot;,
        &quot;example_input_file1878.txt&quot;,
        &quot;example_input_file1879.txt&quot;,
        &quot;example_input_file1880.txt&quot;,
        &quot;example_input_file1881.txt&quot;,
        &quot;example_input_file1882.txt&quot;,
        &quot;example_input_file1883.txt&quot;,
        &quot;example_input_file1884.txt&quot;,
        &quot;example_input_file1885.txt&quot;,
        &quot;example_input_file1886.txt&quot;,
        &quot;example_input_file1887.txt&quot;,
        &quot;example_input_file1888.txt&quot;,
        &quot;example_input_file1889.txt&quot;,
        &quot;example_input_file1890.txt&quot;,
        &quot;example_input_file1891.txt&quot;,
        &quot;example_input_file1892.txt&quot;,
        &quot;example_input_file1893.txt&quot;,
        &quot;example_input_file1894.txt&quot;,
        &quot;example_input_file1895.txt&quot;,
        &quot;example_input_file1896.txt&quot;,
        &quot;example_input_file1897.txt&quot;,
        &quot;example_input_file1898.txt&quot;,
        &quot;example_input_file1899.txt&quot;,
        &quot;example_input_file1900.txt&quot;,
        &quot;example_input_file1901.txt&quot;,
        &quot;example_input_file1902.txt&quot;,
        &quot;example_input_file1903.txt&quot;,
        &quot;example_input_file1904.txt&quot;,
        &quot;example_input_file1905.txt&quot;,
        &quot;example_input_file1906.txt&quot;,
        &quot;example_input_file1907.txt&quot;,
        &quot;example_input_file1908.txt&quot;,
        &quot;example_input_file1909.txt&quot;,
        &quot;example_input_file1910.txt&quot;,
        &quot;example_input_file1911.txt&quot;,
        &quot;example_input_file1912.txt&quot;,
        &quot;example_input_file1913.txt&quot;,
        &quot;example_input_file1914.txt&quot;,
        &quot;example_input_file1915.txt&quot;,
        &quot;example_input_file1916.txt&quot;,
        &quot;example_input_file1917.txt&quot;,
        &quot;example_input_file1918.txt&quot;,
        &quot;example_input_file1919.txt&quot;,
        &quot;example_input_file1920.txt&quot;,
        &quot;example_input_file1921.txt&quot;,
        &quot;example_input_file1922.txt&quot;,
        &quot;example_input_file1923.txt&quot;,
        &quot;example_input_file1924.txt&quot;,
        &quot;example_input_file1925.txt&quot;,
        &quot;example_input_file1926.txt&quot;,
        &quot;example_input_file1927.txt&quot;,
        &quot;example_input_file1928.txt&quot;,
        &quot;example_input_file1929.txt&quot;,
        &quot;example_input_file1930.txt&quot;,
        &quot;example_input_file1931.txt&quot;,
        &quot;example_input_file1932.txt&quot;,
        &quot;example_input_file1933.txt&quot;,
        &quot;example_input_file1934.txt&quot;,
        &quot;example_input_file1935.txt&quot;,
        &quot;example_input_file1936.txt&quot;,
        &quot;example_input_file1937.txt&quot;,
        &quot;example_input_file1938.txt&quot;,
        &quot;example_input_file1939.txt&quot;,
        &quot;example_input_file1940.txt&quot;,
        &quot;example_input_file1941.txt&quot;,
        &quot;example_input_file1942.txt&quot;,
        &quot;example_input_file1943.txt&quot;,
        &quot;example_input_file1944.txt&quot;,
        &quot;example_input_file1945.txt&quot;,
        &quot;example_input_file1946.txt&quot;,
        &quot;example_input_file1947.txt&quot;,
        &quot;example_input_file1948.txt&quot;,
        &quot;example_input_file1949.txt&quot;,
        &quot;example_input_file1950.txt&quot;,
        &quot;example_input_file1951.txt&quot;,
        &quot;example_input_file1952.txt&quot;,
        &quot;example_input_file1953.txt&quot;,
        &quot;example_input_file1954.txt&quot;,
        &quot;example_input_file1955.txt&quot;,
        &quot;example_input_file1956.txt&quot;,
        &quot;example_input_file1957.txt&quot;,
        &quot;example_input_file1958.txt&quot;,
        &quot;example_input_file1959.txt&quot;,
        &quot;example_input_file1960.txt&quot;,
        &quot;example_input_file1961.txt&quot;,
        &quot;example_input_file1962.txt&quot;,
        &quot;example_input_file1963.txt&quot;,
        &quot;example_input_file1964.txt&quot;,
        &quot;example_input_file1965.txt&quot;,
        &quot;example_input_file1966.txt&quot;,
        &quot;example_input_file1967.txt&quot;,
        &quot;example_input_file1968.txt&quot;,
        &quot;example_input_file1969.txt&quot;,
        &quot;example_input_file1970.txt&quot;,
        &quot;example_input_file1971.txt&quot;,
        &quot;example_input_file1972.txt&quot;,
        &quot;example_input_file1973.txt&quot;,
        &quot;example_input_file1974.txt&quot;,
        &quot;example_input_file1975.txt&quot;,
        &quot;example_input_file1976.txt&quot;,
        &quot;example_input_file1977.txt&quot;,
        &quot;example_input_file1978.txt&quot;,
        &quot;example_input_file1979.txt&quot;,
        &quot;example_input_file1980.txt&quot;,
        &quot;example_input_file1981.txt&quot;,
        &quot;example_input_file1982.txt&quot;,
        &quot;example_input_file1983.txt&quot;,
        &quot;example_input_file1984.txt&quot;,
        &quot;example_input_file1985.txt&quot;,
        &quot;example_input_file1986.txt&quot;,
        &quot;example_input_file1987.txt&quot;,
        &quot;example_input_file1988.txt&quot;,
        &quot;example_input_file1989.txt&quot;,
        &quot;example_input_file1990.txt&quot;,
        &quot;example_input_file1991.txt&quot;,
        &quot;example_input_file1992.txt&quot;,
        &quot;example_input_file1993.txt&quot;,
        &quot;example_input_file1994.txt&quot;,
        &quot;example_input_file1995.txt&quot;,
        &quot;example_input_file1996.txt&quot;,
        &quot;example_input_file1997.txt&quot;,
        &quot;example_input_file1998.txt&quot;,
        &quot;example_input_file1999.txt&quot;,
        &quot;example_input_file2000.txt&quot;,
        &quot;example_input_file2001.txt&quot;,
        &quot;example_input_file2002.txt&quot;,
        &quot;example_input_file2003.txt&quot;,
        &quot;example_input_file2004.txt&quot;,
        &quot;example_input_file2005.txt&quot;,
        &quot;example_input_file2006.txt&quot;,
        &quot;example_input_file2007.txt&quot;,
        &quot;example_input_file2008.txt&quot;,
        &quot;example_input_file2009.txt&quot;,
        &quot;example_input_file2010.txt&quot;,
        &quot;example_input_file2011.txt&quot;,
        &quot;example_input_file2012.txt&quot;,
        &quot;example_input_file2013.txt&quot;,
        &quot;example_input_file2014.txt&quot;,
        &quot;example_input_file2015.txt&quot;,
        &quot;example_input_file2016.txt&quot;,
        &quot;example_input_file2017.txt&quot;,
        &quot;example_input_file2018.txt&quot;,
        &quot;example_input_file2019.txt&quot;,
        &quot;example_input_file2020.txt&quot;,
        &quot;example_input_file2021.txt&quot;,
        &quot;example_input_file2022.txt&quot;,
        &quot;example_input_file2023.txt&quot;,
        &quot;example_input_file2024.txt&quot;,
        &quot;example_input_file2025.txt&quot;,
        &quot;example_input_file2026.txt&quot;,
        &quot;example_input_file2027.txt&quot;,
        &quot;example_input_file2028.txt&quot;,
        &quot;example_input_file2029.txt&quot;,
        &quot;example_input_file2030.txt&quot;,
        &quot;example_input_file2031.txt&quot;,
        &quot;example_input_file2032.txt&quot;,
        &quot;example_input_file2033.txt&quot;,
        &quot;example_input_file2034.txt&quot;,
        &quot;example_input_file2035.txt&quot;,
        &quot;example_input_file2036.txt&quot;,
        &quot;example_input_file2037.txt&quot;,
        &quot;example_input_file2038.txt&quot;,
        &quot;example_input_file2039.txt&quot;,
        &quot;example_input_file2040.txt&quot;,
        &quot;example_input_file2041.txt&quot;,
        &quot;example_input_file2042.txt&quot;,
        &quot;example_input_file2043.txt&quot;,
        &quot;example_input_file2044.txt&quot;,
        &quot;example_input_file2045.txt&quot;,
        &quot;example_input_file2046.txt&quot;,
        &quot;example_input_file2047.txt&quot;,
        &quot;example_input_file2048.txt&quot;,
        &quot;example_input_file2049.txt&quot;,
        &quot;example_input_file2050.txt&quot;,
        &quot;example_input_file2051.txt&quot;,
        &quot;example_input_file2052.txt&quot;,
        &quot;example_input_file2053.txt&quot;,
        &quot;example_input_file2054.txt&quot;,
        &quot;example_input_file2055.txt&quot;,
        &quot;example_input_file2056.txt&quot;,
        &quot;example_input_file2057.txt&quot;,
        &quot;example_input_file2058.txt&quot;,
        &quot;example_input_file2059.txt&quot;,
        &quot;example_input_file2060.txt&quot;,
        &quot;example_input_file2061.txt&quot;,
        &quot;example_input_file2062.txt&quot;,
        &quot;example_input_file2063.txt&quot;,
        &quot;example_input_file2064.txt&quot;,
        &quot;example_input_file2065.txt&quot;,
        &quot;example_input_file2066.txt&quot;,
        &quot;example_input_file2067.txt&quot;,
        &quot;example_input_file2068.txt&quot;,
        &quot;example_input_file2069.txt&quot;,
        &quot;example_input_file2070.txt&quot;,
        &quot;example_input_file2071.txt&quot;,
        &quot;example_input_file2072.txt&quot;,
        &quot;example_input_file2073.txt&quot;,
        &quot;example_input_file2074.txt&quot;,
        &quot;example_input_file2075.txt&quot;,
        &quot;example_input_file2076.txt&quot;,
        &quot;example_input_file2077.txt&quot;,
        &quot;example_input_file2078.txt&quot;,
        &quot;example_input_file2079.txt&quot;,
        &quot;example_input_file2080.txt&quot;,
        &quot;example_input_file2081.txt&quot;,
        &quot;example_input_file2082.txt&quot;,
        &quot;example_input_file2083.txt&quot;,
        &quot;example_input_file2084.txt&quot;,
        &quot;example_input_file2085.txt&quot;,
        &quot;example_input_file2086.txt&quot;,
        &quot;example_input_file2087.txt&quot;,
        &quot;example_input_file2088.txt&quot;,
        &quot;example_input_file2089.txt&quot;,
        &quot;example_input_file2090.txt&quot;,
        &quot;example_input_file2091.txt&quot;,
        &quot;example_input_file2092.txt&quot;,
        &quot;example_input_file2093.txt&quot;,
        &quot;example_input_file2094.txt&quot;,
        &quot;example_input_file2095.txt&quot;,
        &quot;example_input_file2096.txt&quot;,
        &quot;example_input_file2097.txt&quot;,
        &quot;example_input_file2098.txt&quot;,
        &quot;example_input_file2099.txt&quot;,
        &quot;example_input_file2100.txt&quot;,
        &quot;example_input_file2101.txt&quot;,
        &quot;example_input_file2102.txt&quot;,
        &quot;example_input_file2103.txt&quot;,
        &quot;example_input_file2104.txt&quot;,
        &quot;example_input_file2105.txt&quot;,
        &quot;example_input_file2106.txt&quot;,
        &quot;example_input_file2107.txt&quot;,
        &quot;example_input_file2108.txt&quot;,
        &quot;example_input_file2109.txt&quot;,
        &quot;example_input_file2110.txt&quot;,
        &quot;example_input_file2111.txt&quot;,
        &quot;example_input_file2112.txt&quot;,
        &quot;example_input_file2113.txt&quot;,
        &quot;example_input_file2114.txt&quot;,
        &quot;example_input_file2115.txt&quot;,
        &quot;example_input_file2116.txt&quot;,
        &quot;example_input_file2117.txt&quot;,
        &quot;example_input_file2118.txt&quot;,
        &quot;example_input_file2119.txt&quot;,
        &quot;example_input_file2120.txt&quot;,
        &quot;example_input_file2121.txt&quot;,
        &quot;example_input_file2122.txt&quot;,
        &quot;example_input_file2123.txt&quot;,
        &quot;example_input_file2124.txt&quot;,
        &quot;example_input_file2125.txt&quot;,
        &quot;example_input_file2126.txt&quot;,
        &quot;example_input_file2127.txt&quot;,
        &quot;example_input_file2128.txt&quot;,
        &quot;example_input_file2129.txt&quot;,
        &quot;example_input_file2130.txt&quot;,
        &quot;example_input_file2131.txt&quot;,
        &quot;example_input_file2132.txt&quot;,
        &quot;example_input_file2133.txt&quot;,
        &quot;example_input_file2134.txt&quot;,
        &quot;example_input_file2135.txt&quot;,
        &quot;example_input_file2136.txt&quot;,
        &quot;example_input_file2137.txt&quot;,
        &quot;example_input_file2138.txt&quot;,
        &quot;example_input_file2139.txt&quot;,
        &quot;example_input_file2140.txt&quot;,
        &quot;example_input_file2141.txt&quot;,
        &quot;example_input_file2142.txt&quot;,
        &quot;example_input_file2143.txt&quot;,
        &quot;example_input_file2144.txt&quot;,
        &quot;example_input_file2145.txt&quot;,
        &quot;example_input_file2146.txt&quot;,
        &quot;example_input_file2147.txt&quot;,
        &quot;example_input_file2148.txt&quot;,
        &quot;example_input_file2149.txt&quot;,
        &quot;example_input_file2150.txt&quot;,
        &quot;example_input_file2151.txt&quot;,
        &quot;example_input_file2152.txt&quot;,
        &quot;example_input_file2153.txt&quot;,
        &quot;example_input_file2154.txt&quot;,
        &quot;example_input_file2155.txt&quot;,
        &quot;example_input_file2156.txt&quot;,
        &quot;example_input_file2157.txt&quot;,
        &quot;example_input_file2158.txt&quot;,
        &quot;example_input_file2159.txt&quot;,
        &quot;example_input_file2160.txt&quot;,
        &quot;example_input_file2161.txt&quot;,
        &quot;example_input_file2162.txt&quot;,
        &quot;example_input_file2163.txt&quot;,
        &quot;example_input_file2164.txt&quot;,
        &quot;example_input_file2165.txt&quot;,
        &quot;example_input_file2166.txt&quot;,
        &quot;example_input_file2167.txt&quot;,
        &quot;example_input_file2168.txt&quot;,
        &quot;example_input_file2169.txt&quot;,
        &quot;example_input_file2170.txt&quot;,
        &quot;example_input_file2171.txt&quot;,
        &quot;example_input_file2172.txt&quot;,
        &quot;example_input_file2173.txt&quot;,
        &quot;example_input_file2174.txt&quot;,
        &quot;example_input_file2175.txt&quot;,
        &quot;example_input_file2176.txt&quot;,
        &quot;example_input_file2177.txt&quot;,
        &quot;example_input_file2178.txt&quot;,
        &quot;example_input_file2179.txt&quot;,
        &quot;example_input_file2180.txt&quot;,
        &quot;example_input_file2181.txt&quot;,
        &quot;example_input_file2182.txt&quot;,
        &quot;example_input_file2183.txt&quot;,
        &quot;example_input_file2184.txt&quot;,
        &quot;example_input_file2185.txt&quot;,
        &quot;example_input_file2186.txt&quot;,
        &quot;example_input_file2187.txt&quot;,
        &quot;example_input_file2188.txt&quot;,
        &quot;example_input_file2189.txt&quot;,
        &quot;example_input_file2190.txt&quot;,
        &quot;example_input_file2191.txt&quot;,
        &quot;example_input_file2192.txt&quot;,
        &quot;example_input_file2193.txt&quot;,
        &quot;example_input_file2194.txt&quot;,
        &quot;example_input_file2195.txt&quot;,
        &quot;example_input_file2196.txt&quot;,
        &quot;example_input_file2197.txt&quot;,
        &quot;example_input_file2198.txt&quot;,
        &quot;example_input_file2199.txt&quot;,
        &quot;example_input_file2200.txt&quot;,
        &quot;example_input_file2201.txt&quot;,
        &quot;example_input_file2202.txt&quot;,
        &quot;example_input_file2203.txt&quot;,
        &quot;example_input_file2204.txt&quot;,
        &quot;example_input_file2205.txt&quot;,
        &quot;example_input_file2206.txt&quot;,
        &quot;example_input_file2207.txt&quot;,
        &quot;example_input_file2208.txt&quot;,
        &quot;example_input_file2209.txt&quot;,
        &quot;example_input_file2210.txt&quot;,
        &quot;example_input_file2211.txt&quot;,
        &quot;example_input_file2212.txt&quot;,
        &quot;example_input_file2213.txt&quot;,
        &quot;example_input_file2214.txt&quot;,
        &quot;example_input_file2215.txt&quot;,
        &quot;example_input_file2216.txt&quot;,
        &quot;example_input_file2217.txt&quot;,
        &quot;example_input_file2218.txt&quot;,
        &quot;example_input_file2219.txt&quot;,
        &quot;example_input_file2220.txt&quot;,
        &quot;example_input_file2221.txt&quot;,
        &quot;example_input_file2222.txt&quot;,
        &quot;example_input_file2223.txt&quot;,
        &quot;example_input_file2224.txt&quot;,
        &quot;example_input_file2225.txt&quot;,
        &quot;example_input_file2226.txt&quot;,
        &quot;example_input_file2227.txt&quot;,
        &quot;example_input_file2228.txt&quot;,
        &quot;example_input_file2229.txt&quot;,
        &quot;example_input_file2230.txt&quot;,
        &quot;example_input_file2231.txt&quot;,
        &quot;example_input_file2232.txt&quot;,
        &quot;example_input_file2233.txt&quot;,
        &quot;example_input_file2234.txt&quot;,
        &quot;example_input_file2235.txt&quot;,
        &quot;example_input_file2236.txt&quot;,
        &quot;example_input_file2237.txt&quot;,
        &quot;example_input_file2238.txt&quot;,
        &quot;example_input_file2239.txt&quot;,
        &quot;example_input_file2240.txt&quot;,
        &quot;example_input_file2241.txt&quot;,
        &quot;example_input_file2242.txt&quot;,
        &quot;example_input_file2243.txt&quot;,
        &quot;example_input_file2244.txt&quot;,
        &quot;example_input_file2245.txt&quot;,
        &quot;example_input_file2246.txt&quot;,
        &quot;example_input_file2247.txt&quot;,
        &quot;example_input_file2248.txt&quot;,
        &quot;example_input_file2249.txt&quot;,
        &quot;example_input_file2250.txt&quot;,
        &quot;example_input_file2251.txt&quot;,
        &quot;example_input_file2252.txt&quot;,
        &quot;example_input_file2253.txt&quot;,
        &quot;example_input_file2254.txt&quot;,
        &quot;example_input_file2255.txt&quot;,
        &quot;example_input_file2256.txt&quot;,
        &quot;example_input_file2257.txt&quot;,
        &quot;example_input_file2258.txt&quot;,
        &quot;example_input_file2259.txt&quot;,
        &quot;example_input_file2260.txt&quot;,
        &quot;example_input_file2261.txt&quot;,
        &quot;example_input_file2262.txt&quot;,
        &quot;example_input_file2263.txt&quot;,
        &quot;example_input_file2264.txt&quot;,
        &quot;example_input_file2265.txt&quot;,
        &quot;example_input_file2266.txt&quot;,
        &quot;example_input_file2267.txt&quot;,
        &quot;example_input_file2268.txt&quot;,
        &quot;example_input_file2269.txt&quot;,
        &quot;example_input_file2270.txt&quot;,
        &quot;example_input_file2271.txt&quot;,
        &quot;example_input_file2272.txt&quot;,
        &quot;example_input_file2273.txt&quot;,
        &quot;example_input_file2274.txt&quot;,
        &quot;example_input_file2275.txt&quot;,
        &quot;example_input_file2276.txt&quot;,
        &quot;example_input_file2277.txt&quot;,
        &quot;example_input_file2278.txt&quot;,
        &quot;example_input_file2279.txt&quot;,
        &quot;example_input_file2280.txt&quot;,
        &quot;example_input_file2281.txt&quot;,
        &quot;example_input_file2282.txt&quot;,
        &quot;example_input_file2283.txt&quot;,
        &quot;example_input_file2284.txt&quot;,
        &quot;example_input_file2285.txt&quot;,
        &quot;example_input_file2286.txt&quot;,
        &quot;example_input_file2287.txt&quot;,
        &quot;example_input_file2288.txt&quot;,
        &quot;example_input_file2289.txt&quot;,
        &quot;example_input_file2290.txt&quot;,
        &quot;example_input_file2291.txt&quot;,
        &quot;example_input_file2292.txt&quot;,
        &quot;example_input_file2293.txt&quot;,
        &quot;example_input_file2294.txt&quot;,
        &quot;example_input_file2295.txt&quot;,
        &quot;example_input_file2296.txt&quot;,
        &quot;example_input_file2297.txt&quot;,
        &quot;example_input_file2298.txt&quot;,
        &quot;example_input_file2299.txt&quot;,
        &quot;example_input_file2300.txt&quot;,
        &quot;example_input_file2301.txt&quot;,
        &quot;example_input_file2302.txt&quot;,
        &quot;example_input_file2303.txt&quot;,
        &quot;example_input_file2304.txt&quot;,
        &quot;example_input_file2305.txt&quot;,
        &quot;example_input_file2306.txt&quot;,
        &quot;example_input_file2307.txt&quot;,
        &quot;example_input_file2308.txt&quot;,
        &quot;example_input_file2309.txt&quot;,
        &quot;example_input_file2310.txt&quot;,
        &quot;example_input_file2311.txt&quot;,
        &quot;example_input_file2312.txt&quot;,
        &quot;example_input_file2313.txt&quot;,
        &quot;example_input_file2314.txt&quot;,
        &quot;example_input_file2315.txt&quot;,
        &quot;example_input_file2316.txt&quot;,
        &quot;example_input_file2317.txt&quot;,
        &quot;example_input_file2318.txt&quot;,
        &quot;example_input_file2319.txt&quot;,
        &quot;example_input_file2320.txt&quot;,
        &quot;example_input_file2321.txt&quot;,
        &quot;example_input_file2322.txt&quot;,
        &quot;example_input_file2323.txt&quot;,
        &quot;example_input_file2324.txt&quot;,
        &quot;example_input_file2325.txt&quot;,
        &quot;example_input_file2326.txt&quot;,
        &quot;example_input_file2327.txt&quot;,
        &quot;example_input_file2328.txt&quot;,
        &quot;example_input_file2329.txt&quot;,
        &quot;example_input_file2330.txt&quot;,
        &quot;example_input_file2331.txt&quot;,
        &quot;example_input_file2332.txt&quot;,
        &quot;example_input_file2333.txt&quot;,
        &quot;example_input_file2334.txt&quot;,
        &quot;example_input_file2335.txt&quot;,
        &quot;example_input_file2336.txt&quot;,
        &quot;example_input_file2337.txt&quot;,
        &quot;example_input_file2338.txt&quot;,
        &quot;example_input_file2339.txt&quot;,
        &quot;example_input_file2340.txt&quot;,
        &quot;example_input_file2341.txt&quot;,
        &quot;example_input_file2342.txt&quot;,
        &quot;example_input_file2343.txt&quot;,
        &quot;example_input_file2344.txt&quot;,
        &quot;example_input_file2345.txt&quot;,
        &quot;example_input_file2346.txt&quot;,
        &quot;example_input_file2347.txt&quot;,
        &quot;example_input_file2348.txt&quot;,
        &quot;example_input_file2349.txt&quot;,
        &quot;example_input_file2350.txt&quot;,
        &quot;example_input_file2351.txt&quot;,
        &quot;example_input_file2352.txt&quot;,
        &quot;example_input_file2353.txt&quot;,
        &quot;example_input_file2354.txt&quot;,
        &quot;example_input_file2355.txt&quot;,
        &quot;example_input_file2356.txt&quot;,
        &quot;example_input_file2357.txt&quot;,
        &quot;example_input_file2358.txt&quot;,
        &quot;example_input_file2359.txt&quot;,
        &quot;example_input_file2360.txt&quot;,
        &quot;example_input_file2361.txt&quot;,
        &quot;example_input_file2362.txt&quot;,
        &quot;example_input_file2363.txt&quot;,
        &quot;example_input_file2364.txt&quot;,
        &quot;example_input_file2365.txt&quot;,
        &quot;example_input_file2366.txt&quot;,
        &quot;example_input_file2367.txt&quot;,
        &quot;example_input_file2368.txt&quot;,
        &quot;example_input_file2369.txt&quot;,
        &quot;example_input_file2370.txt&quot;,
        &quot;example_input_file2371.txt&quot;,
        &quot;example_input_file2372.txt&quot;,
        &quot;example_input_file2373.txt&quot;,
        &quot;example_input_file2374.txt&quot;,
        &quot;example_input_file2375.txt&quot;,
        &quot;example_input_file2376.txt&quot;,
        &quot;example_input_file2377.txt&quot;,
        &quot;example_input_file2378.txt&quot;,
        &quot;example_input_file2379.txt&quot;,
        &quot;example_input_file2380.txt&quot;,
        &quot;example_input_file2381.txt&quot;,
        &quot;example_input_file2382.txt&quot;,
        &quot;example_input_file2383.txt&quot;,
        &quot;example_input_file2384.txt&quot;,
        &quot;example_input_file2385.txt&quot;,
        &quot;example_input_file2386.txt&quot;,
        &quot;example_input_file2387.txt&quot;,
        &quot;example_input_file2388.txt&quot;,
        &quot;example_input_file2389.txt&quot;,
        &quot;example_input_file2390.txt&quot;,
        &quot;example_input_file2391.txt&quot;,
        &quot;example_input_file2392.txt&quot;,
        &quot;example_input_file2393.txt&quot;,
        &quot;example_input_file2394.txt&quot;,
        &quot;example_input_file2395.txt&quot;,
        &quot;example_input_file2396.txt&quot;,
        &quot;example_input_file2397.txt&quot;,
        &quot;example_input_file2398.txt&quot;,
        &quot;example_input_file2399.txt&quot;,
        &quot;example_input_file2400.txt&quot;,
        &quot;example_input_file2401.txt&quot;,
        &quot;example_input_file2402.txt&quot;,
        &quot;example_input_file2403.txt&quot;,
        &quot;example_input_file2404.txt&quot;,
        &quot;example_input_file2405.txt&quot;,
        &quot;example_input_file2406.txt&quot;,
        &quot;example_input_file2407.txt&quot;,
        &quot;example_input_file2408.txt&quot;,
        &quot;example_input_file2409.txt&quot;,
        &quot;example_input_file2410.txt&quot;,
        &quot;example_input_file2411.txt&quot;,
        &quot;example_input_file2412.txt&quot;,
        &quot;example_input_file2413.txt&quot;,
        &quot;example_input_file2414.txt&quot;,
        &quot;example_input_file2415.txt&quot;,
        &quot;example_input_file2416.txt&quot;,
        &quot;example_input_file2417.txt&quot;,
        &quot;example_input_file2418.txt&quot;,
        &quot;example_input_file2419.txt&quot;,
        &quot;example_input_file2420.txt&quot;,
        &quot;example_input_file2421.txt&quot;,
        &quot;example_input_file2422.txt&quot;,
        &quot;example_input_file2423.txt&quot;,
        &quot;example_input_file2424.txt&quot;,
        &quot;example_input_file2425.txt&quot;,
        &quot;example_input_file2426.txt&quot;,
        &quot;example_input_file2427.txt&quot;,
        &quot;example_input_file2428.txt&quot;,
        &quot;example_input_file2429.txt&quot;,
        &quot;example_input_file2430.txt&quot;,
        &quot;example_input_file2431.txt&quot;,
        &quot;example_input_file2432.txt&quot;,
        &quot;example_input_file2433.txt&quot;,
        &quot;example_input_file2434.txt&quot;,
        &quot;example_input_file2435.txt&quot;,
        &quot;example_input_file2436.txt&quot;,
        &quot;example_input_file2437.txt&quot;,
        &quot;example_input_file2438.txt&quot;,
        &quot;example_input_file2439.txt&quot;,
        &quot;example_input_file2440.txt&quot;,
        &quot;example_input_file2441.txt&quot;,
        &quot;example_input_file2442.txt&quot;,
        &quot;example_input_file2443.txt&quot;,
        &quot;example_input_file2444.txt&quot;,
        &quot;example_input_file2445.txt&quot;,
        &quot;example_input_file2446.txt&quot;,
        &quot;example_input_file2447.txt&quot;,
        &quot;example_input_file2448.txt&quot;,
        &quot;example_input_file2449.txt&quot;,
        &quot;example_input_file2450.txt&quot;,
        &quot;example_input_file2451.txt&quot;,
        &quot;example_input_file2452.txt&quot;,
        &quot;example_input_file2453.txt&quot;,
        &quot;example_input_file2454.txt&quot;,
        &quot;example_input_file2455.txt&quot;,
        &quot;example_input_file2456.txt&quot;,
        &quot;example_input_file2457.txt&quot;,
        &quot;example_input_file2458.txt&quot;,
        &quot;example_input_file2459.txt&quot;,
        &quot;example_input_file2460.txt&quot;,
        &quot;example_input_file2461.txt&quot;,
        &quot;example_input_file2462.txt&quot;,
        &quot;example_input_file2463.txt&quot;,
        &quot;example_input_file2464.txt&quot;,
        &quot;example_input_file2465.txt&quot;,
        &quot;example_input_file2466.txt&quot;,
        &quot;example_input_file2467.txt&quot;,
        &quot;example_input_file2468.txt&quot;,
        &quot;example_input_file2469.txt&quot;,
        &quot;example_input_file2470.txt&quot;,
        &quot;example_input_file2471.txt&quot;,
        &quot;example_input_file2472.txt&quot;,
        &quot;example_input_file2473.txt&quot;,
        &quot;example_input_file2474.txt&quot;,
        &quot;example_input_file2475.txt&quot;,
        &quot;example_input_file2476.txt&quot;,
        &quot;example_input_file2477.txt&quot;,
        &quot;example_input_file2478.txt&quot;,
        &quot;example_input_file2479.txt&quot;,
        &quot;example_input_file2480.txt&quot;,
        &quot;example_input_file2481.txt&quot;,
        &quot;example_input_file2482.txt&quot;,
        &quot;example_input_file2483.txt&quot;,
        &quot;example_input_file2484.txt&quot;,
        &quot;example_input_file2485.txt&quot;,
        &quot;example_input_file2486.txt&quot;,
        &quot;example_input_file2487.txt&quot;,
        &quot;example_input_file2488.txt&quot;,
        &quot;example_input_file2489.txt&quot;,
        &quot;example_input_file2490.txt&quot;,
        &quot;example_input_file2491.txt&quot;,
        &quot;example_input_file2492.txt&quot;,
        &quot;example_input_file2493.txt&quot;,
        &quot;example_input_file2494.txt&quot;,
        &quot;example_input_file2495.txt&quot;,
        &quot;example_input_file2496.txt&quot;,
        &quot;example_input_file2497.txt&quot;,
        &quot;example_input_file2498.txt&quot;,
        &quot;example_input_file2499.txt&quot;,
        &quot;example_input_file2500.txt&quot;,
        &quot;example_input_file2501.txt&quot;,
        &quot;example_input_file2502.txt&quot;,
        &quot;example_input_file2503.txt&quot;,
        &quot;example_input_file2504.txt&quot;,
        &quot;example_input_file2505.txt&quot;,
        &quot;example_input_file2506.txt&quot;,
        &quot;example_input_file2507.txt&quot;,
        &quot;example_input_file2508.txt&quot;,
        &quot;example_input_file2509.txt&quot;,
        &quot;example_input_file2510.txt&quot;,
        &quot;example_input_file2511.txt&quot;,
        &quot;example_input_file2512.txt&quot;,
        &quot;example_input_file2513.txt&quot;,
        &quot;example_input_file2514.txt&quot;,
        &quot;example_input_file2515.txt&quot;,
        &quot;example_input_file2516.txt&quot;,
        &quot;example_input_file2517.txt&quot;,
        &quot;example_input_file2518.txt&quot;,
        &quot;example_input_file2519.txt&quot;,
        &quot;example_input_file2520.txt&quot;,
        &quot;example_input_file2521.txt&quot;,
        &quot;example_input_file2522.txt&quot;,
        &quot;example_input_file2523.txt&quot;,
        &quot;example_input_file2524.txt&quot;,
        &quot;example_input_file2525.txt&quot;,
        &quot;example_input_file2526.txt&quot;,
        &quot;example_input_file2527.txt&quot;,
        &quot;example_input_file2528.txt&quot;,
        &quot;example_input_file2529.txt&quot;,
        &quot;example_input_file2530.txt&quot;,
        &quot;example_input_file2531.txt&quot;,
        &quot;example_input_file2532.txt&quot;,
        &quot;example_input_file2533.txt&quot;,
        &quot;example_input_file2534.txt&quot;,
        &quot;example_input_file2535.txt&quot;,
        &quot;example_input_file2536.txt&quot;,
        &quot;example_input_file2537.txt&quot;,
        &quot;example_input_file2538.txt&quot;,
        &quot;example_input_file2539.txt&quot;,
        &quot;example_input_file2540.txt&quot;,
        &quot;example_input_file2541.txt&quot;,
        &quot;example_input_file2542.txt&quot;,
        &quot;example_input_file2543.txt&quot;,
        &quot;example_input_file2544.txt&quot;,
        &quot;example_input_file2545.txt&quot;,
        &quot;example_input_file2546.txt&quot;,
        &quot;example_input_file2547.txt&quot;,
        &quot;example_input_file2548.txt&quot;,
        &quot;example_input_file2549.txt&quot;,
        &quot;example_input_file2550.txt&quot;,
        &quot;example_input_file2551.txt&quot;,
        &quot;example_input_file2552.txt&quot;,
        &quot;example_input_file2553.txt&quot;,
        &quot;example_input_file2554.txt&quot;,
        &quot;example_input_file2555.txt&quot;,
        &quot;example_input_file2556.txt&quot;,
        &quot;example_input_file2557.txt&quot;,
        &quot;example_input_file2558.txt&quot;,
        &quot;example_input_file2559.txt&quot;,
        &quot;example_input_file2560.txt&quot;,
        &quot;example_input_file2561.txt&quot;,
        &quot;example_input_file2562.txt&quot;,
        &quot;example_input_file2563.txt&quot;,
        &quot;example_input_file2564.txt&quot;,
        &quot;example_input_file2565.txt&quot;,
        &quot;example_input_file2566.txt&quot;,
        &quot;example_input_file2567.txt&quot;,
        &quot;example_input_file2568.txt&quot;,
        &quot;example_input_file2569.txt&quot;,
        &quot;example_input_file2570.txt&quot;,
        &quot;example_input_file2571.txt&quot;,
        &quot;example_input_file2572.txt&quot;,
        &quot;example_input_file2573.txt&quot;,
        &quot;example_input_file2574.txt&quot;,
        &quot;example_input_file2575.txt&quot;,
        &quot;example_input_file2576.txt&quot;,
        &quot;example_input_file2577.txt&quot;,
        &quot;example_input_file2578.txt&quot;,
        &quot;example_input_file2579.txt&quot;,
        &quot;example_input_file2580.txt&quot;,
        &quot;example_input_file2581.txt&quot;,
        &quot;example_input_file2582.txt&quot;,
        &quot;example_input_file2583.txt&quot;,
        &quot;example_input_file2584.txt&quot;,
        &quot;example_input_file2585.txt&quot;,
        &quot;example_input_file2586.txt&quot;,
        &quot;example_input_file2587.txt&quot;,
        &quot;example_input_file2588.txt&quot;,
        &quot;example_input_file2589.txt&quot;,
        &quot;example_input_file2590.txt&quot;,
        &quot;example_input_file2591.txt&quot;,
        &quot;example_input_file2592.txt&quot;,
        &quot;example_input_file2593.txt&quot;,
        &quot;example_input_file2594.txt&quot;,
        &quot;example_input_file2595.txt&quot;,
        &quot;example_input_file2596.txt&quot;,
        &quot;example_input_file2597.txt&quot;,
        &quot;example_input_file2598.txt&quot;,
        &quot;example_input_file2599.txt&quot;,
        &quot;example_input_file2600.txt&quot;,
        &quot;example_input_file2601.txt&quot;,
        &quot;example_input_file2602.txt&quot;,
        &quot;example_input_file2603.txt&quot;,
        &quot;example_input_file2604.txt&quot;,
        &quot;example_input_file2605.txt&quot;,
        &quot;example_input_file2606.txt&quot;,
        &quot;example_input_file2607.txt&quot;,
        &quot;example_input_file2608.txt&quot;,
        &quot;example_input_file2609.txt&quot;,
        &quot;example_input_file2610.txt&quot;,
        &quot;example_input_file2611.txt&quot;,
        &quot;example_input_file2612.txt&quot;,
        &quot;example_input_file2613.txt&quot;,
        &quot;example_input_file2614.txt&quot;,
        &quot;example_input_file2615.txt&quot;,
        &quot;example_input_file2616.txt&quot;,
        &quot;example_input_file2617.txt&quot;,
        &quot;example_input_file2618.txt&quot;,
        &quot;example_input_file2619.txt&quot;,
        &quot;example_input_file2620.txt&quot;,
        &quot;example_input_file2621.txt&quot;,
        &quot;example_input_file2622.txt&quot;,
        &quot;example_input_file2623.txt&quot;,
        &quot;example_input_file2624.txt&quot;,
        &quot;example_input_file2625.txt&quot;,
        &quot;example_input_file2626.txt&quot;,
        &quot;example_input_file2627.txt&quot;,
        &quot;example_input_file2628.txt&quot;,
        &quot;example_input_file2629.txt&quot;,
        &quot;example_input_file2630.txt&quot;,
        &quot;example_input_file2631.txt&quot;,
        &quot;example_input_file2632.txt&quot;,
        &quot;example_input_file2633.txt&quot;,
        &quot;example_input_file2634.txt&quot;,
        &quot;example_input_file2635.txt&quot;,
        &quot;example_input_file2636.txt&quot;,
        &quot;example_input_file2637.txt&quot;,
        &quot;example_input_file2638.txt&quot;,
        &quot;example_input_file2639.txt&quot;,
        &quot;example_input_file2640.txt&quot;,
        &quot;example_input_file2641.txt&quot;,
        &quot;example_input_file2642.txt&quot;,
        &quot;example_input_file2643.txt&quot;,
        &quot;example_input_file2644.txt&quot;,
        &quot;example_input_file2645.txt&quot;,
        &quot;example_input_file2646.txt&quot;,
        &quot;example_input_file2647.txt&quot;,
        &quot;example_input_file2648.txt&quot;,
        &quot;example_input_file2649.txt&quot;,
        &quot;example_input_file2650.txt&quot;,
        &quot;example_input_file2651.txt&quot;,
        &quot;example_input_file2652.txt&quot;,
        &quot;example_input_file2653.txt&quot;,
        &quot;example_input_file2654.txt&quot;,
        &quot;example_input_file2655.txt&quot;,
        &quot;example_input_file2656.txt&quot;,
        &quot;example_input_file2657.txt&quot;,
        &quot;example_input_file2658.txt&quot;,
        &quot;example_input_file2659.txt&quot;,
        &quot;example_input_file2660.txt&quot;,
        &quot;example_input_file2661.txt&quot;,
        &quot;example_input_file2662.txt&quot;,
        &quot;example_input_file2663.txt&quot;,
        &quot;example_input_file2664.txt&quot;,
        &quot;example_input_file2665.txt&quot;,
        &quot;example_input_file2666.txt&quot;,
        &quot;example_input_file2667.txt&quot;,
        &quot;example_input_file2668.txt&quot;,
        &quot;example_input_file2669.txt&quot;,
        &quot;example_input_file2670.txt&quot;,
        &quot;example_input_file2671.txt&quot;,
        &quot;example_input_file2672.txt&quot;,
        &quot;example_input_file2673.txt&quot;,
        &quot;example_input_file2674.txt&quot;,
        &quot;example_input_file2675.txt&quot;,
        &quot;example_input_file2676.txt&quot;,
        &quot;example_input_file2677.txt&quot;,
        &quot;example_input_file2678.txt&quot;,
        &quot;example_input_file2679.txt&quot;,
        &quot;example_input_file2680.txt&quot;,
        &quot;example_input_file2681.txt&quot;,
        &quot;example_input_file2682.txt&quot;,
        &quot;example_input_file2683.txt&quot;,
        &quot;example_input_file2684.txt&quot;,
        &quot;example_input_file2685.txt&quot;,
        &quot;example_input_file2686.txt&quot;,
        &quot;example_input_file2687.txt&quot;,
        &quot;example_input_file2688.txt&quot;,
        &quot;example_input_file2689.txt&quot;,
        &quot;example_input_file2690.txt&quot;,
        &quot;example_input_file2691.txt&quot;,
        &quot;example_input_file2692.txt&quot;,
        &quot;example_input_file2693.txt&quot;,
        &quot;example_input_file2694.txt&quot;,
        &quot;example_input_file2695.txt&quot;,
        &quot;example_input_file2696.txt&quot;,
        &quot;example_input_file2697.txt&quot;,
        &quot;example_input_file2698.txt&quot;,
        &quot;example_input_file2699.txt&quot;,
        &quot;example_input_file2700.txt&quot;,
        &quot;example_input_file2701.txt&quot;,
        &quot;example_input_file2702.txt&quot;,
        &quot;example_input_file2703.txt&quot;,
        &quot;example_input_file2704.txt&quot;,
        &quot;example_input_file2705.txt&quot;,
        &quot;example_input_file2706.txt&quot;,
        &quot;example_input_file2707.txt&quot;,
        &quot;example_input_file2708.txt&quot;,
        &quot;example_input_file2709.txt&quot;,
        &quot;example_input_file2710.txt&quot;,
        &quot;example_input_file2711.txt&quot;,
        &quot;example_input_file2712.txt&quot;,
        &quot;example_input_file2713.txt&quot;,
        &quot;example_input_file2714.txt&quot;,
        &quot;example_input_file2715.txt&quot;,
        &quot;example_input_file2716.txt&quot;,
        &quot;example_input_file2717.txt&quot;,
        &quot;example_input_file2718.txt&quot;,
        &quot;example_input_file2719.txt&quot;,
        &quot;example_input_file2720.txt&quot;,
        &quot;example_input_file2721.txt&quot;,
        &quot;example_input_file2722.txt&quot;,
        &quot;example_input_file2723.txt&quot;,
        &quot;example_input_file2724.txt&quot;,
        &quot;example_input_file2725.txt&quot;,
        &quot;example_input_file2726.txt&quot;,
        &quot;example_input_file2727.txt&quot;,
        &quot;example_input_file2728.txt&quot;,
        &quot;example_input_file2729.txt&quot;,
        &quot;example_input_file2730.txt&quot;,
        &quot;example_input_file2731.txt&quot;,
        &quot;example_input_file2732.txt&quot;,
        &quot;example_input_file2733.txt&quot;,
        &quot;example_input_file2734.txt&quot;,
        &quot;example_input_file2735.txt&quot;,
        &quot;example_input_file2736.txt&quot;,
        &quot;example_input_file2737.txt&quot;,
        &quot;example_input_file2738.txt&quot;,
        &quot;example_input_file2739.txt&quot;,
        &quot;example_input_file2740.txt&quot;,
        &quot;example_input_file2741.txt&quot;,
        &quot;example_input_file2742.txt&quot;,
        &quot;example_input_file2743.txt&quot;,
        &quot;example_input_file2744.txt&quot;,
        &quot;example_input_file2745.txt&quot;,
        &quot;example_input_file2746.txt&quot;,
        &quot;example_input_file2747.txt&quot;,
        &quot;example_input_file2748.txt&quot;,
        &quot;example_input_file2749.txt&quot;,
        &quot;example_input_file2750.txt&quot;,
        &quot;example_input_file2751.txt&quot;,
        &quot;example_input_file2752.txt&quot;,
        &quot;example_input_file2753.txt&quot;,
        &quot;example_input_file2754.txt&quot;,
        &quot;example_input_file2755.txt&quot;,
        &quot;example_input_file2756.txt&quot;,
        &quot;example_input_file2757.txt&quot;,
        &quot;example_input_file2758.txt&quot;,
        &quot;example_input_file2759.txt&quot;,
        &quot;example_input_file2760.txt&quot;,
        &quot;example_input_file2761.txt&quot;,
        &quot;example_input_file2762.txt&quot;,
        &quot;example_input_file2763.txt&quot;,
        &quot;example_input_file2764.txt&quot;,
        &quot;example_input_file2765.txt&quot;,
        &quot;example_input_file2766.txt&quot;,
        &quot;example_input_file2767.txt&quot;,
        &quot;example_input_file2768.txt&quot;,
        &quot;example_input_file2769.txt&quot;,
        &quot;example_input_file2770.txt&quot;,
        &quot;example_input_file2771.txt&quot;,
        &quot;example_input_file2772.txt&quot;,
        &quot;example_input_file2773.txt&quot;,
        &quot;example_input_file2774.txt&quot;,
        &quot;example_input_file2775.txt&quot;,
        &quot;example_input_file2776.txt&quot;,
        &quot;example_input_file2777.txt&quot;,
        &quot;example_input_file2778.txt&quot;,
        &quot;example_input_file2779.txt&quot;,
        &quot;example_input_file2780.txt&quot;,
        &quot;example_input_file2781.txt&quot;,
        &quot;example_input_file2782.txt&quot;,
        &quot;example_input_file2783.txt&quot;,
        &quot;example_input_file2784.txt&quot;,
        &quot;example_input_file2785.txt&quot;,
        &quot;example_input_file2786.txt&quot;,
        &quot;example_input_file2787.txt&quot;,
        &quot;example_input_file2788.txt&quot;,
        &quot;example_input_file2789.txt&quot;,
        &quot;example_input_file2790.txt&quot;,
        &quot;example_input_file2791.txt&quot;,
        &quot;example_input_file2792.txt&quot;,
        &quot;example_input_file2793.txt&quot;,
        &quot;example_input_file2794.txt&quot;,
        &quot;example_input_file2795.txt&quot;,
        &quot;example_input_file2796.txt&quot;,
        &quot;example_input_file2797.txt&quot;,
        &quot;example_input_file2798.txt&quot;,
        &quot;example_input_file2799.txt&quot;,
        &quot;example_input_file2800.txt&quot;,
        &quot;example_input_file2801.txt&quot;,
        &quot;example_input_file2802.txt&quot;,
        &quot;example_input_file2803.txt&quot;,
        &quot;example_input_file2804.txt&quot;,
        &quot;example_input_file2805.txt&quot;,
        &quot;example_input_file2806.txt&quot;,
        &quot;example_input_file2807.txt&quot;,
        &quot;example_input_file2808.txt&quot;,
        &quot;example_input_file2809.txt&quot;,
        &quot;example_input_file2810.txt&quot;,
        &quot;example_input_file2811.txt&quot;,
        &quot;example_input_file2812.txt&quot;,
        &quot;example_input_file2813.txt&quot;,
        &quot;example_input_file2814.txt&quot;,
        &quot;example_input_file2815.txt&quot;,
        &quot;example_input_file2816.txt&quot;,
        &quot;example_input_file2817.txt&quot;,
        &quot;example_input_file2818.txt&quot;,
        &quot;example_input_file2819.txt&quot;,
        &quot;example_input_file2820.txt&quot;,
        &quot;example_input_file2821.txt&quot;,
        &quot;example_input_file2822.txt&quot;,
        &quot;example_input_file2823.txt&quot;,
        &quot;example_input_file2824.txt&quot;,
        &quot;example_input_file2825.txt&quot;,
        &quot;example_input_file2826.txt&quot;,
        &quot;example_input_file2827.txt&quot;,
        &quot;example_input_file2828.txt&quot;,
        &quot;example_input_file2829.txt&quot;,
        &quot;example_input_file2830.txt&quot;,
        &quot;example_input_file2831.txt&quot;,
        &quot;example_input_file2832.txt&quot;,
        &quot;example_input_file2833.txt&quot;,
        &quot;example_input_file2834.txt&quot;,
        &quot;example_input_file2835.txt&quot;,
        &quot;example_input_file2836.txt&quot;,
        &quot;example_input_file2837.txt&quot;,
        &quot;example_input_file2838.txt&quot;,
        &quot;example_input_file2839.txt&quot;,
        &quot;example_input_file2840.txt&quot;,
        &quot;example_input_file2841.txt&quot;,
        &quot;example_input_file2842.txt&quot;,
        &quot;example_input_file2843.txt&quot;,
        &quot;example_input_file2844.txt&quot;,
        &quot;example_input_file2845.txt&quot;,
        &quot;example_input_file2846.txt&quot;,
        &quot;example_input_file2847.txt&quot;,
        &quot;example_input_file2848.txt&quot;,
        &quot;example_input_file2849.txt&quot;,
        &quot;example_input_file2850.txt&quot;,
        &quot;example_input_file2851.txt&quot;,
        &quot;example_input_file2852.txt&quot;,
        &quot;example_input_file2853.txt&quot;,
        &quot;example_input_file2854.txt&quot;,
        &quot;example_input_file2855.txt&quot;,
        &quot;example_input_file2856.txt&quot;,
        &quot;example_input_file2857.txt&quot;,
        &quot;example_input_file2858.txt&quot;,
        &quot;example_input_file2859.txt&quot;,
        &quot;example_input_file2860.txt&quot;,
        &quot;example_input_file2861.txt&quot;,
        &quot;example_input_file2862.txt&quot;,
        &quot;example_input_file2863.txt&quot;,
        &quot;example_input_file2864.txt&quot;,
        &quot;example_input_file2865.txt&quot;,
        &quot;example_input_file2866.txt&quot;,
        &quot;example_input_file2867.txt&quot;,
        &quot;example_input_file2868.txt&quot;,
        &quot;example_input_file2869.txt&quot;,
        &quot;example_input_file2870.txt&quot;,
        &quot;example_input_file2871.txt&quot;,
        &quot;example_input_file2872.txt&quot;,
        &quot;example_input_file2873.txt&quot;,
        &quot;example_input_file2874.txt&quot;,
        &quot;example_input_file2875.txt&quot;,
        &quot;example_input_file2876.txt&quot;,
        &quot;example_input_file2877.txt&quot;,
        &quot;example_input_file2878.txt&quot;,
        &quot;example_input_file2879.txt&quot;,
        &quot;example_input_file2880.txt&quot;,
        &quot;example_input_file2881.txt&quot;,
        &quot;example_input_file2882.txt&quot;,
        &quot;example_input_file2883.txt&quot;,
        &quot;example_input_file2884.txt&quot;,
        &quot;example_input_file2885.txt&quot;,
        &quot;example_input_file2886.txt&quot;,
        &quot;example_input_file2887.txt&quot;,
        &quot;example_input_file2888.txt&quot;,
        &quot;example_input_file2889.txt&quot;,
        &quot;example_input_file2890.txt&quot;,
        &quot;example_input_file2891.txt&quot;,
        &quot;example_input_file2892.txt&quot;,
        &quot;example_input_file2893.txt&quot;,
        &quot;example_input_file2894.txt&quot;,
        &quot;example_input_file2895.txt&quot;,
        &quot;example_input_file2896.txt&quot;,
        &quot;example_input_file2897.txt&quot;,
        &quot;example_input_file2898.txt&quot;,
        &quot;example_input_file2899.txt&quot;,
        &quot;example_input_file2900.txt&quot;,
        &quot;example_input_file2901.txt&quot;,
        &quot;example_input_file2902.txt&quot;,
        &quot;example_input_file2903.txt&quot;,
        &quot;example_input_file2904.txt&quot;,
        &quot;example_input_file2905.txt&quot;,
        &quot;example_input_file2906.txt&quot;,
        &quot;example_input_file2907.txt&quot;,
        &quot;example_input_file2908.txt&quot;,
        &quot;example_input_file2909.txt&quot;,
        &quot;example_input_file2910.txt&quot;,
        &quot;example_input_file2911.txt&quot;,
        &quot;example_input_file2912.txt&quot;,
        &quot;example_input_file2913.txt&quot;,
        &quot;example_input_file2914.txt&quot;,
        &quot;example_input_file2915.txt&quot;,
        &quot;example_input_file2916.txt&quot;,
        &quot;example_input_file2917.txt&quot;,
        &quot;example_input_file2918.txt&quot;,
        &quot;example_input_file2919.txt&quot;,
        &quot;example_input_file2920.txt&quot;,
        &quot;example_input_file2921.txt&quot;,
        &quot;example_input_file2922.txt&quot;,
        &quot;example_input_file2923.txt&quot;,
        &quot;example_input_file2924.txt&quot;,
        &quot;example_input_file2925.txt&quot;,
        &quot;example_input_file2926.txt&quot;,
        &quot;example_input_file2927.txt&quot;,
        &quot;example_input_file2928.txt&quot;,
        &quot;example_input_file2929.txt&quot;,
        &quot;example_input_file2930.txt&quot;,
        &quot;example_input_file2931.txt&quot;,
        &quot;example_input_file2932.txt&quot;,
        &quot;example_input_file2933.txt&quot;,
        &quot;example_input_file2934.txt&quot;,
        &quot;example_input_file2935.txt&quot;,
        &quot;example_input_file2936.txt&quot;,
        &quot;example_input_file2937.txt&quot;,
        &quot;example_input_file2938.txt&quot;,
        &quot;example_input_file2939.txt&quot;,
        &quot;example_input_file2940.txt&quot;,
        &quot;example_input_file2941.txt&quot;,
        &quot;example_input_file2942.txt&quot;,
        &quot;example_input_file2943.txt&quot;,
        &quot;example_input_file2944.txt&quot;,
        &quot;example_input_file2945.txt&quot;,
        &quot;example_input_file2946.txt&quot;,
        &quot;example_input_file2947.txt&quot;,
        &quot;example_input_file2948.txt&quot;,
        &quot;example_input_file2949.txt&quot;,
        &quot;example_input_file2950.txt&quot;,
        &quot;example_input_file2951.txt&quot;,
        &quot;example_input_file2952.txt&quot;,
        &quot;example_input_file2953.txt&quot;,
        &quot;example_input_file2954.txt&quot;,
        &quot;example_input_file2955.txt&quot;,
        &quot;example_input_file2956.txt&quot;,
        &quot;example_input_file2957.txt&quot;,
        &quot;example_input_file2958.txt&quot;,
        &quot;example_input_file2959.txt&quot;,
        &quot;example_input_file2960.txt&quot;,
        &quot;example_input_file2961.txt&quot;,
        &quot;example_input_file2962.txt&quot;,
        &quot;example_input_file2963.txt&quot;,
        &quot;example_input_file2964.txt&quot;,
        &quot;example_input_file2965.txt&quot;,
        &quot;example_input_file2966.txt&quot;,
        &quot;example_input_file2967.txt&quot;,
        &quot;example_input_file2968.txt&quot;,
        &quot;example_input_file2969.txt&quot;,
        &quot;example_input_file2970.txt&quot;,
        &quot;example_input_file2971.txt&quot;,
        &quot;example_input_file2972.txt&quot;,
        &quot;example_input_file2973.txt&quot;,
        &quot;example_input_file2974.txt&quot;,
        &quot;example_input_file2975.txt&quot;,
        &quot;example_input_file2976.txt&quot;,
        &quot;example_input_file2977.txt&quot;,
        &quot;example_input_file2978.txt&quot;,
        &quot;example_input_file2979.txt&quot;,
        &quot;example_input_file2980.txt&quot;,
        &quot;example_input_file2981.txt&quot;,
        &quot;example_input_file2982.txt&quot;,
        &quot;example_input_file2983.txt&quot;,
        &quot;example_input_file2984.txt&quot;,
        &quot;example_input_file2985.txt&quot;,
        &quot;example_input_file2986.txt&quot;,
        &quot;example_input_file2987.txt&quot;,
        &quot;example_input_file2988.txt&quot;,
        &quot;example_input_file2989.txt&quot;,
        &quot;example_input_file2990.txt&quot;,
        &quot;example_input_file2991.txt&quot;,
        &quot;example_input_file2992.txt&quot;,
        &quot;example_input_file2993.txt&quot;,
        &quot;example_input_file2994.txt&quot;,
        &quot;example_input_file2995.txt&quot;,
        &quot;example_input_file2996.txt&quot;,
        &quot;example_input_file2997.txt&quot;,
        &quot;example_input_file2998.txt&quot;,
        &quot;example_input_file2999.txt&quot;,
        &quot;example_input_file3000.txt&quot;,
        &quot;example_input_file3001.txt&quot;,
        &quot;example_input_file3002.txt&quot;,
        &quot;example_input_file3003.txt&quot;,
        &quot;example_input_file3004.txt&quot;,
        &quot;example_input_file3005.txt&quot;,
        &quot;example_input_file3006.txt&quot;,
        &quot;example_input_file3007.txt&quot;,
        &quot;example_input_file3008.txt&quot;,
        &quot;example_input_file3009.txt&quot;,
        &quot;example_input_file3010.txt&quot;,
        &quot;example_input_file3011.txt&quot;,
        &quot;example_input_file3012.txt&quot;,
        &quot;example_input_file3013.txt&quot;,
        &quot;example_input_file3014.txt&quot;,
        &quot;example_input_file3015.txt&quot;,
        &quot;example_input_file3016.txt&quot;,
        &quot;example_input_file3017.txt&quot;,
        &quot;example_input_file3018.txt&quot;,
        &quot;example_input_file3019.txt&quot;,
        &quot;example_input_file3020.txt&quot;,
        &quot;example_input_file3021.txt&quot;,
        &quot;example_input_file3022.txt&quot;,
        &quot;example_input_file3023.txt&quot;,
        &quot;example_input_file3024.txt&quot;,
        &quot;example_input_file3025.txt&quot;,
        &quot;example_input_file3026.txt&quot;,
        &quot;example_input_file3027.txt&quot;,
        &quot;example_input_file3028.txt&quot;,
        &quot;example_input_file3029.txt&quot;,
        &quot;example_input_file3030.txt&quot;,
        &quot;example_input_file3031.txt&quot;,
        &quot;example_input_file3032.txt&quot;,
        &quot;example_input_file3033.txt&quot;,
        &quot;example_input_file3034.txt&quot;,
        &quot;example_input_file3035.txt&quot;,
        &quot;example_input_file3036.txt&quot;,
        &quot;example_input_file3037.txt&quot;,
        &quot;example_input_file3038.txt&quot;,
        &quot;example_input_file3039.txt&quot;,
        &quot;example_input_file3040.txt&quot;,
        &quot;example_input_file3041.txt&quot;,
        &quot;example_input_file3042.txt&quot;,
        &quot;example_input_file3043.txt&quot;,
        &quot;example_input_file3044.txt&quot;,
        &quot;example_input_file3045.txt&quot;,
        &quot;example_input_file3046.txt&quot;,
        &quot;example_input_file3047.txt&quot;,
        &quot;example_input_file3048.txt&quot;,
        &quot;example_input_file3049.txt&quot;,
        &quot;example_input_file3050.txt&quot;,
        &quot;example_input_file3051.txt&quot;,
        &quot;example_input_file3052.txt&quot;,
        &quot;example_input_file3053.txt&quot;,
        &quot;example_input_file3054.txt&quot;,
        &quot;example_input_file3055.txt&quot;,
        &quot;example_input_file3056.txt&quot;,
        &quot;example_input_file3057.txt&quot;,
        &quot;example_input_file3058.txt&quot;,
        &quot;example_input_file3059.txt&quot;,
        &quot;example_input_file3060.txt&quot;,
        &quot;example_input_file3061.txt&quot;,
        &quot;example_input_file3062.txt&quot;,
        &quot;example_input_file3063.txt&quot;,
        &quot;example_input_file3064.txt&quot;,
        &quot;example_input_file3065.txt&quot;,
        &quot;example_input_file3066.txt&quot;,
        &quot;example_input_file3067.txt&quot;,
        &quot;example_input_file3068.txt&quot;,
        &quot;example_input_file3069.txt&quot;,
        &quot;example_input_file3070.txt&quot;,
        &quot;example_input_file3071.txt&quot;,
        &quot;example_input_file3072.txt&quot;,
        &quot;example_input_file3073.txt&quot;,
        &quot;example_input_file3074.txt&quot;,
        &quot;example_input_file3075.txt&quot;,
        &quot;example_input_file3076.txt&quot;,
        &quot;example_input_file3077.txt&quot;,
        &quot;example_input_file3078.txt&quot;,
        &quot;example_input_file3079.txt&quot;,
        &quot;example_input_file3080.txt&quot;,
        &quot;example_input_file3081.txt&quot;,
        &quot;example_input_file3082.txt&quot;,
        &quot;example_input_file3083.txt&quot;,
        &quot;example_input_file3084.txt&quot;,
        &quot;example_input_file3085.txt&quot;,
        &quot;example_input_file3086.txt&quot;,
        &quot;example_input_file3087.txt&quot;,
        &quot;example_input_file3088.txt&quot;,
        &quot;example_input_file3089.txt&quot;,
        &quot;example_input_file3090.txt&quot;,
        &quot;example_input_file3091.txt&quot;,
        &quot;example_input_file3092.txt&quot;,
        &quot;example_input_file3093.txt&quot;,
        &quot;example_input_file3094.txt&quot;,
        &quot;example_input_file3095.txt&quot;,
        &quot;example_input_file3096.txt&quot;,
        &quot;example_input_file3097.txt&quot;,
        &quot;example_input_file3098.txt&quot;,
        &quot;example_input_file3099.txt&quot;,
        &quot;example_input_file3100.txt&quot;,
        &quot;example_input_file3101.txt&quot;,
        &quot;example_input_file3102.txt&quot;,
        &quot;example_input_file3103.txt&quot;,
        &quot;example_input_file3104.txt&quot;,
        &quot;example_input_file3105.txt&quot;,
        &quot;example_input_file3106.txt&quot;,
        &quot;example_input_file3107.txt&quot;,
        &quot;example_input_file3108.txt&quot;,
        &quot;example_input_file3109.txt&quot;,
        &quot;example_input_file3110.txt&quot;,
        &quot;example_input_file3111.txt&quot;,
        &quot;example_input_file3112.txt&quot;,
        &quot;example_input_file3113.txt&quot;,
        &quot;example_input_file3114.txt&quot;,
        &quot;example_input_file3115.txt&quot;,
        &quot;example_input_file3116.txt&quot;,
        &quot;example_input_file3117.txt&quot;,
        &quot;example_input_file3118.txt&quot;,
        &quot;example_input_file3119.txt&quot;,
        &quot;example_input_file3120.txt&quot;,
        &quot;example_input_file3121.txt&quot;,
        &quot;example_input_file3122.txt&quot;,
        &quot;example_input_file3123.txt&quot;,
        &quot;example_input_file3124.txt&quot;,
        &quot;example_input_file3125.txt&quot;,
        &quot;example_input_file3126.txt&quot;,
        &quot;example_input_file3127.txt&quot;,
        &quot;example_input_file3128.txt&quot;,
        &quot;example_input_file3129.txt&quot;,
        &quot;example_input_file3130.txt&quot;,
        &quot;example_input_file3131.txt&quot;,
        &quot;example_input_file3132.txt&quot;,
        &quot;example_input_file3133.txt&quot;,
        &quot;example_input_file3134.txt&quot;,
        &quot;example_input_file3135.txt&quot;,
        &quot;example_input_file3136.txt&quot;,
        &quot;example_input_file3137.txt&quot;,
        &quot;example_input_file3138.txt&quot;,
        &quot;example_input_file3139.txt&quot;,
        &quot;example_input_file3140.txt&quot;,
        &quot;example_input_file3141.txt&quot;,
        &quot;example_input_file3142.txt&quot;,
        &quot;example_input_file3143.txt&quot;,
        &quot;example_input_file3144.txt&quot;,
        &quot;example_input_file3145.txt&quot;,
        &quot;example_input_file3146.txt&quot;,
        &quot;example_input_file3147.txt&quot;,
        &quot;example_input_file3148.txt&quot;,
        &quot;example_input_file3149.txt&quot;,
        &quot;example_input_file3150.txt&quot;,
        &quot;example_input_file3151.txt&quot;,
        &quot;example_input_file3152.txt&quot;,
        &quot;example_input_file3153.txt&quot;,
        &quot;example_input_file3154.txt&quot;,
        &quot;example_input_file3155.txt&quot;,
        &quot;example_input_file3156.txt&quot;,
        &quot;example_input_file3157.txt&quot;,
        &quot;example_input_file3158.txt&quot;,
        &quot;example_input_file3159.txt&quot;,
        &quot;example_input_file3160.txt&quot;,
        &quot;example_input_file3161.txt&quot;,
        &quot;example_input_file3162.txt&quot;,
        &quot;example_input_file3163.txt&quot;,
        &quot;example_input_file3164.txt&quot;,
        &quot;example_input_file3165.txt&quot;,
        &quot;example_input_file3166.txt&quot;,
        &quot;example_input_file3167.txt&quot;,
        &quot;example_input_file3168.txt&quot;,
        &quot;example_input_file3169.txt&quot;,
        &quot;example_input_file3170.txt&quot;,
        &quot;example_input_file3171.txt&quot;,
        &quot;example_input_file3172.txt&quot;,
        &quot;example_input_file3173.txt&quot;,
        &quot;example_input_file3174.txt&quot;,
        &quot;example_input_file3175.txt&quot;,
        &quot;example_input_file3176.txt&quot;,
        &quot;example_input_file3177.txt&quot;,
        &quot;example_input_file3178.txt&quot;,
        &quot;example_input_file3179.txt&quot;,
        &quot;example_input_file3180.txt&quot;,
        &quot;example_input_file3181.txt&quot;,
        &quot;example_input_file3182.txt&quot;,
        &quot;example_input_file3183.txt&quot;,
        &quot;example_input_file3184.txt&quot;,
        &quot;example_input_file3185.txt&quot;,
        &quot;example_input_file3186.txt&quot;,
        &quot;example_input_file3187.txt&quot;,
        &quot;example_input_file3188.txt&quot;,
        &quot;example_input_file3189.txt&quot;,
        &quot;example_input_file3190.txt&quot;,
        &quot;example_input_file3191.txt&quot;,
        &quot;example_input_file3192.txt&quot;,
        &quot;example_input_file3193.txt&quot;,
        &quot;example_input_file3194.txt&quot;,
        &quot;example_input_file3195.txt&quot;,
        &quot;example_input_file3196.txt&quot;,
        &quot;example_input_file3197.txt&quot;,
        &quot;example_input_file3198.txt&quot;,
        &quot;example_input_file3199.txt&quot;,
        &quot;example_input_file3200.txt&quot;,
        &quot;example_input_file3201.txt&quot;,
        &quot;example_input_file3202.txt&quot;,
        &quot;example_input_file3203.txt&quot;,
        &quot;example_input_file3204.txt&quot;,
        &quot;example_input_file3205.txt&quot;,
        &quot;example_input_file3206.txt&quot;,
        &quot;example_input_file3207.txt&quot;,
        &quot;example_input_file3208.txt&quot;,
        &quot;example_input_file3209.txt&quot;,
        &quot;example_input_file3210.txt&quot;,
        &quot;example_input_file3211.txt&quot;,
        &quot;example_input_file3212.txt&quot;,
        &quot;example_input_file3213.txt&quot;,
        &quot;example_input_file3214.txt&quot;,
        &quot;example_input_file3215.txt&quot;,
        &quot;example_input_file3216.txt&quot;,
        &quot;example_input_file3217.txt&quot;,
        &quot;example_input_file3218.txt&quot;,
        &quot;example_input_file3219.txt&quot;,
        &quot;example_input_file3220.txt&quot;,
        &quot;example_input_file3221.txt&quot;,
        &quot;example_input_file3222.txt&quot;,
        &quot;example_input_file3223.txt&quot;,
        &quot;example_input_file3224.txt&quot;,
        &quot;example_input_file3225.txt&quot;,
        &quot;example_input_file3226.txt&quot;,
        &quot;example_input_file3227.txt&quot;,
        &quot;example_input_file3228.txt&quot;,
        &quot;example_input_file3229.txt&quot;,
        &quot;example_input_file3230.txt&quot;,
        &quot;example_input_file3231.txt&quot;,
        &quot;example_input_file3232.txt&quot;,
        &quot;example_input_file3233.txt&quot;,
        &quot;example_input_file3234.txt&quot;,
        &quot;example_input_file3235.txt&quot;,
        &quot;example_input_file3236.txt&quot;,
        &quot;example_input_file3237.txt&quot;,
        &quot;example_input_file3238.txt&quot;,
        &quot;example_input_file3239.txt&quot;,
        &quot;example_input_file3240.txt&quot;,
        &quot;example_input_file3241.txt&quot;,
        &quot;example_input_file3242.txt&quot;,
        &quot;example_input_file3243.txt&quot;,
        &quot;example_input_file3244.txt&quot;,
        &quot;example_input_file3245.txt&quot;,
        &quot;example_input_file3246.txt&quot;,
        &quot;example_input_file3247.txt&quot;,
        &quot;example_input_file3248.txt&quot;,
        &quot;example_input_file3249.txt&quot;,
        &quot;example_input_file3250.txt&quot;,
        &quot;example_input_file3251.txt&quot;,
        &quot;example_input_file3252.txt&quot;,
        &quot;example_input_file3253.txt&quot;,
        &quot;example_input_file3254.txt&quot;,
        &quot;example_input_file3255.txt&quot;,
        &quot;example_input_file3256.txt&quot;,
        &quot;example_input_file3257.txt&quot;,
        &quot;example_input_file3258.txt&quot;,
        &quot;example_input_file3259.txt&quot;,
        &quot;example_input_file3260.txt&quot;,
        &quot;example_input_file3261.txt&quot;,
        &quot;example_input_file3262.txt&quot;,
        &quot;example_input_file3263.txt&quot;,
        &quot;example_input_file3264.txt&quot;,
        &quot;example_input_file3265.txt&quot;,
        &quot;example_input_file3266.txt&quot;,
        &quot;example_input_file3267.txt&quot;,
        &quot;example_input_file3268.txt&quot;,
        &quot;example_input_file3269.txt&quot;,
        &quot;example_input_file3270.txt&quot;,
        &quot;example_input_file3271.txt&quot;,
        &quot;example_input_file3272.txt&quot;,
        &quot;example_input_file3273.txt&quot;,
        &quot;example_input_file3274.txt&quot;,
        &quot;example_input_file3275.txt&quot;,
        &quot;example_input_file3276.txt&quot;,
        &quot;example_input_file3277.txt&quot;,
        &quot;example_input_file3278.txt&quot;,
        &quot;example_input_file3279.txt&quot;,
        &quot;example_input_file3280.txt&quot;,
        &quot;example_input_file3281.txt&quot;,
        &quot;example_input_file3282.txt&quot;,
        &quot;example_input_file3283.txt&quot;,
        &quot;example_input_file3284.txt&quot;,
        &quot;example_input_file3285.txt&quot;,
        &quot;example_input_file3286.txt&quot;,
        &quot;example_input_file3287.txt&quot;,
        &quot;example_input_file3288.txt&quot;,
        &quot;example_input_file3289.txt&quot;,
        &quot;example_input_file3290.txt&quot;,
        &quot;example_input_file3291.txt&quot;,
        &quot;example_input_file3292.txt&quot;,
        &quot;example_input_file3293.txt&quot;,
        &quot;example_input_file3294.txt&quot;,
        &quot;example_input_file3295.txt&quot;,
        &quot;example_input_file3296.txt&quot;,
        &quot;example_input_file3297.txt&quot;,
        &quot;example_input_file3298.txt&quot;,
        &quot;example_input_file3299.txt&quot;,
        &quot;example_input_file3300.txt&quot;,
        &quot;example_input_file3301.txt&quot;,
        &quot;example_input_file3302.txt&quot;,
        &quot;example_input_file3303.txt&quot;,
        &quot;example_input_file3304.txt&quot;,
        &quot;example_input_file3305.txt&quot;,
        &quot;example_input_file3306.txt&quot;,
        &quot;example_input_file3307.txt&quot;,
        &quot;example_input_file3308.txt&quot;,
        &quot;example_input_file3309.txt&quot;,
        &quot;example_input_file3310.txt&quot;,
        &quot;example_input_file3311.txt&quot;,
        &quot;example_input_file3312.txt&quot;,
        &quot;example_input_file3313.txt&quot;,
        &quot;example_input_file3314.txt&quot;,
        &quot;example_input_file3315.txt&quot;,
        &quot;example_input_file3316.txt&quot;,
        &quot;example_input_file3317.txt&quot;,
        &quot;example_input_file3318.txt&quot;,
        &quot;example_input_file3319.txt&quot;,
        &quot;example_input_file3320.txt&quot;,
        &quot;example_input_file3321.txt&quot;,
        &quot;example_input_file3322.txt&quot;,
        &quot;example_input_file3323.txt&quot;,
        &quot;example_input_file3324.txt&quot;,
        &quot;example_input_file3325.txt&quot;,
        &quot;example_input_file3326.txt&quot;,
        &quot;example_input_file3327.txt&quot;,
        &quot;example_input_file3328.txt&quot;,
        &quot;example_input_file3329.txt&quot;,
        &quot;example_input_file3330.txt&quot;,
        &quot;example_input_file3331.txt&quot;,
        &quot;example_input_file3332.txt&quot;,
        &quot;example_input_file3333.txt&quot;,
        &quot;example_input_file3334.txt&quot;,
        &quot;example_input_file3335.txt&quot;,
        &quot;example_input_file3336.txt&quot;,
        &quot;example_input_file3337.txt&quot;,
        &quot;example_input_file3338.txt&quot;,
        &quot;example_input_file3339.txt&quot;,
        &quot;example_input_file3340.txt&quot;,
        &quot;example_input_file3341.txt&quot;,
        &quot;example_input_file3342.txt&quot;,
        &quot;example_input_file3343.txt&quot;,
        &quot;example_input_file3344.txt&quot;,
        &quot;example_input_file3345.txt&quot;,
        &quot;example_input_file3346.txt&quot;,
        &quot;example_input_file3347.txt&quot;,
        &quot;example_input_file3348.txt&quot;,
        &quot;example_input_file3349.txt&quot;,
        &quot;example_input_file3350.txt&quot;,
        &quot;example_input_file3351.txt&quot;,
        &quot;example_input_file3352.txt&quot;,
        &quot;example_input_file3353.txt&quot;,
        &quot;example_input_file3354.txt&quot;,
        &quot;example_input_file3355.txt&quot;,
        &quot;example_input_file3356.txt&quot;,
        &quot;example_input_file3357.txt&quot;,
        &quot;example_input_file3358.txt&quot;,
        &quot;example_input_file3359.txt&quot;,
        &quot;example_input_file3360.txt&quot;,
        &quot;example_input_file3361.txt&quot;,
        &quot;example_input_file3362.txt&quot;,
        &quot;example_input_file3363.txt&quot;,
        &quot;example_input_file3364.txt&quot;,
        &quot;example_input_file3365.txt&quot;,
        &quot;example_input_file3366.txt&quot;,
        &quot;example_input_file3367.txt&quot;,
        &quot;example_input_file3368.txt&quot;,
        &quot;example_input_file3369.txt&quot;,
        &quot;example_input_file3370.txt&quot;,
        &quot;example_input_file3371.txt&quot;,
        &quot;example_input_file3372.txt&quot;,
        &quot;example_input_file3373.txt&quot;,
        &quot;example_input_file3374.txt&quot;,
        &quot;example_input_file3375.txt&quot;,
        &quot;example_input_file3376.txt&quot;,
        &quot;example_input_file3377.txt&quot;,
        &quot;example_input_file3378.txt&quot;,
        &quot;example_input_file3379.txt&quot;,
        &quot;example_input_file3380.txt&quot;,
        &quot;example_input_file3381.txt&quot;,
        &quot;example_input_file3382.txt&quot;,
        &quot;example_input_file3383.txt&quot;,
        &quot;example_input_file3384.txt&quot;,
        &quot;example_input_file3385.txt&quot;,
        &quot;example_input_file3386.txt&quot;,
        &quot;example_input_file3387.txt&quot;,
        &quot;example_input_file3388.txt&quot;,
        &quot;example_input_file3389.txt&quot;,
        &quot;example_input_file3390.txt&quot;,
        &quot;example_input_file3391.txt&quot;,
        &quot;example_input_file3392.txt&quot;,
        &quot;example_input_file3393.txt&quot;,
        &quot;example_input_file3394.txt&quot;,
        &quot;example_input_file3395.txt&quot;,
        &quot;example_input_file3396.txt&quot;,
        &quot;example_input_file3397.txt&quot;,
        &quot;example_input_file3398.txt&quot;,
        &quot;example_input_file3399.txt&quot;,
        &quot;example_input_file3400.txt&quot;,
        &quot;example_input_file3401.txt&quot;,
        &quot;example_input_file3402.txt&quot;,
        &quot;example_input_file3403.txt&quot;,
        &quot;example_input_file3404.txt&quot;,
        &quot;example_input_file3405.txt&quot;,
        &quot;example_input_file3406.txt&quot;,
        &quot;example_input_file3407.txt&quot;,
        &quot;example_input_file3408.txt&quot;,
        &quot;example_input_file3409.txt&quot;,
        &quot;example_input_file3410.txt&quot;,
        &quot;example_input_file3411.txt&quot;,
        &quot;example_input_file3412.txt&quot;,
        &quot;example_input_file3413.txt&quot;,
        &quot;example_input_file3414.txt&quot;,
        &quot;example_input_file3415.txt&quot;,
        &quot;example_input_file3416.txt&quot;,
        &quot;example_input_file3417.txt&quot;,
        &quot;example_input_file3418.txt&quot;,
        &quot;example_input_file3419.txt&quot;,
        &quot;example_input_file3420.txt&quot;,
        &quot;example_input_file3421.txt&quot;,
        &quot;example_input_file3422.txt&quot;,
        &quot;example_input_file3423.txt&quot;,
        &quot;example_input_file3424.txt&quot;,
        &quot;example_input_file3425.txt&quot;,
        &quot;example_input_file3426.txt&quot;,
        &quot;example_input_file3427.txt&quot;,
        &quot;example_input_file3428.txt&quot;,
        &quot;example_input_file3429.txt&quot;,
        &quot;example_input_file3430.txt&quot;,
        &quot;example_input_file3431.txt&quot;,
        &quot;example_input_file3432.txt&quot;,
        &quot;example_input_file3433.txt&quot;,
        &quot;example_input_file3434.txt&quot;,
        &quot;example_input_file3435.txt&quot;,
        &quot;example_input_file3436.txt&quot;,
        &quot;example_input_file3437.txt&quot;,
        &quot;example_input_file3438.txt&quot;,
        &quot;example_input_file3439.txt&quot;,
        &quot;example_input_file3440.txt&quot;,
        &quot;example_input_file3441.txt&quot;,
        &quot;example_input_file3442.txt&quot;,
        &quot;example_input_file3443.txt&quot;,
        &quot;example_input_file3444.txt&quot;,
        &quot;example_input_file3445.txt&quot;,
        &quot;example_input_file3446.txt&quot;,
        &quot;example_input_file3447.txt&quot;,
        &quot;example_input_file3448.txt&quot;,
        &quot;example_input_file3449.txt&quot;,
        &quot;example_input_file3450.txt&quot;,
        &quot;example_input_file3451.txt&quot;,
        &quot;example_input_file3452.txt&quot;,
        &quot;example_input_file3453.txt&quot;,
        &quot;example_input_file3454.txt&quot;,
        &quot;example_input_file3455.txt&quot;,
        &quot;example_input_file3456.txt&quot;,
        &quot;example_input_file3457.txt&quot;,
        &quot;example_input_file3458.txt&quot;,
        &quot;example_input_file3459.txt&quot;,
        &quot;example_input_file3460.txt&quot;,
        &quot;example_input_file3461.txt&quot;,
        &quot;example_input_file3462.txt&quot;,
        &quot;example_input_file3463.txt&quot;,
        &quot;example_input_file3464.txt&quot;,
        &quot;example_input_file3465.txt&quot;,
        &quot;example_input_file3466.txt&quot;,
        &quot;example_input_file3467.txt&quot;,
        &quot;example_input_file3468.txt&quot;,
        &quot;example_input_file3469.txt&quot;,
        &quot;example_input_file3470.txt&quot;,
        &quot;example_input_file3471.txt&quot;,
        &quot;example_input_file3472.txt&quot;,
        &quot;example_input_file3473.txt&quot;,
        &quot;example_input_file3474.txt&quot;,
        &quot;example_input_file3475.txt&quot;,
        &quot;example_input_file3476.txt&quot;,
        &quot;example_input_file3477.txt&quot;,
        &quot;example_input_file3478.txt&quot;,
        &quot;example_input_file3479.txt&quot;,
        &quot;example_input_file3480.txt&quot;,
        &quot;example_input_file3481.txt&quot;,
        &quot;example_input_file3482.txt&quot;,
        &quot;example_input_file3483.txt&quot;,
        &quot;example_input_file3484.txt&quot;,
        &quot;example_input_file3485.txt&quot;,
        &quot;example_input_file3486.txt&quot;,
        &quot;example_input_file3487.txt&quot;,
        &quot;example_input_file3488.txt&quot;,
        &quot;example_input_file3489.txt&quot;,
        &quot;example_input_file3490.txt&quot;,
        &quot;example_input_file3491.txt&quot;,
        &quot;example_input_file3492.txt&quot;,
        &quot;example_input_file3493.txt&quot;,
        &quot;example_input_file3494.txt&quot;,
        &quot;example_input_file3495.txt&quot;,
        &quot;example_input_file3496.txt&quot;,
        &quot;example_input_file3497.txt&quot;,
        &quot;example_input_file3498.txt&quot;,
        &quot;example_input_file3499.txt&quot;,
        &quot;example_input_file3500.txt&quot;,
        &quot;example_input_file3501.txt&quot;,
        &quot;example_input_file3502.txt&quot;,
        &quot;example_input_file3503.txt&quot;,
        &quot;example_input_file3504.txt&quot;,
        &quot;example_input_file3505.txt&quot;,
        &quot;example_input_file3506.txt&quot;,
        &quot;example_input_file3507.txt&quot;,
        &quot;example_input_file3508.txt&quot;,
        &quot;example_input_file3509.txt&quot;,
        &quot;example_input_file3510.txt&quot;,
        &quot;example_input_file3511.txt&quot;,
        &quot;example_input_file3512.txt&quot;,
        &quot;example_input_file3513.txt&quot;,
        &quot;example_input_file3514.txt&quot;,
        &quot;example_input_file3515.txt&quot;,
        &quot;example_input_file3516.txt&quot;,
        &quot;example_input_file3517.txt&quot;,
        &quot;example_input_file3518.txt&quot;,
        &quot;example_input_file3519.txt&quot;,
        &quot;example_input_file3520.txt&quot;,
        &quot;example_input_file3521.txt&quot;,
        &quot;example_input_file3522.txt&quot;,
        &quot;example_input_file3523.txt&quot;,
        &quot;example_input_file3524.txt&quot;,
        &quot;example_input_file3525.txt&quot;,
        &quot;example_input_file3526.txt&quot;,
        &quot;example_input_file3527.txt&quot;,
        &quot;example_input_file3528.txt&quot;,
        &quot;example_input_file3529.txt&quot;,
        &quot;example_input_file3530.txt&quot;,
        &quot;example_input_file3531.txt&quot;,
        &quot;example_input_file3532.txt&quot;,
        &quot;example_input_file3533.txt&quot;,
        &quot;example_input_file3534.txt&quot;,
        &quot;example_input_file3535.txt&quot;,
        &quot;example_input_file3536.txt&quot;,
        &quot;example_input_file3537.txt&quot;,
        &quot;example_input_file3538.txt&quot;,
        &quot;example_input_file3539.txt&quot;,
        &quot;example_input_file3540.txt&quot;,
        &quot;example_input_file3541.txt&quot;,
        &quot;example_input_file3542.txt&quot;,
        &quot;example_input_file3543.txt&quot;,
        &quot;example_input_file3544.txt&quot;,
        &quot;example_input_file3545.txt&quot;,
        &quot;example_input_file3546.txt&quot;,
        &quot;example_input_file3547.txt&quot;,
        &quot;example_input_file3548.txt&quot;,
        &quot;example_input_file3549.txt&quot;,
        &quot;example_input_file3550.txt&quot;,
        &quot;example_input_file3551.txt&quot;,
        &quot;example_input_file3552.txt&quot;,
        &quot;example_input_file3553.txt&quot;,
        &quot;example_input_file3554.txt&quot;,
        &quot;example_input_file3555.txt&quot;,
        &quot;example_input_file3556.txt&quot;,
        &quot;example_input_file3557.txt&quot;,
        &quot;example_input_file3558.txt&quot;,
        &quot;example_input_file3559.txt&quot;,
        &quot;example_input_file3560.txt&quot;,
        &quot;example_input_file3561.txt&quot;,
        &quot;example_input_file3562.txt&quot;,
        &quot;example_input_file3563.txt&quot;,
        &quot;example_input_file3564.txt&quot;,
        &quot;example_input_file3565.txt&quot;,
        &quot;example_input_file3566.txt&quot;,
        &quot;example_input_file3567.txt&quot;,
        &quot;example_input_file3568.txt&quot;,
        &quot;example_input_file3569.txt&quot;,
        &quot;example_input_file3570.txt&quot;,
        &quot;example_input_file3571.txt&quot;,
        &quot;example_input_file3572.txt&quot;,
        &quot;example_input_file3573.txt&quot;,
        &quot;example_input_file3574.txt&quot;,
        &quot;example_input_file3575.txt&quot;,
        &quot;example_input_file3576.txt&quot;,
        &quot;example_input_file3577.txt&quot;,
        &quot;example_input_file3578.txt&quot;,
        &quot;example_input_file3579.txt&quot;,
        &quot;example_input_file3580.txt&quot;,
        &quot;example_input_file3581.txt&quot;,
        &quot;example_input_file3582.txt&quot;,
        &quot;example_input_file3583.txt&quot;,
        &quot;example_input_file3584.txt&quot;,
        &quot;example_input_file3585.txt&quot;,
        &quot;example_input_file3586.txt&quot;,
        &quot;example_input_file3587.txt&quot;,
        &quot;example_input_file3588.txt&quot;,
        &quot;example_input_file3589.txt&quot;,
        &quot;example_input_file3590.txt&quot;,
        &quot;example_input_file3591.txt&quot;,
        &quot;example_input_file3592.txt&quot;,
        &quot;example_input_file3593.txt&quot;,
        &quot;example_input_file3594.txt&quot;,
        &quot;example_input_file3595.txt&quot;,
        &quot;example_input_file3596.txt&quot;,
        &quot;example_input_file3597.txt&quot;,
        &quot;example_input_file3598.txt&quot;,
        &quot;example_input_file3599.txt&quot;,
        &quot;example_input_file3600.txt&quot;,
        &quot;example_input_file3601.txt&quot;,
        &quot;example_input_file3602.txt&quot;,
        &quot;example_input_file3603.txt&quot;,
        &quot;example_input_file3604.txt&quot;,
        &quot;example_input_file3605.txt&quot;,
        &quot;example_input_file3606.txt&quot;,
        &quot;example_input_file3607.txt&quot;,
        &quot;example_input_file3608.txt&quot;,
        &quot;example_input_file3609.txt&quot;,
        &quot;example_input_file3610.txt&quot;,
        &quot;example_input_file3611.txt&quot;,
        &quot;example_input_file3612.txt&quot;,
        &quot;example_input_file3613.txt&quot;,
        &quot;example_input_file3614.txt&quot;,
        &quot;example_input_file3615.txt&quot;,
        &quot;example_input_file3616.txt&quot;,
        &quot;example_input_file3617.txt&quot;,
        &quot;example_input_file3618.txt&quot;,
        &quot;example_input_file3619.txt&quot;,
        &quot;example_input_file3620.txt&quot;,
        &quot;example_input_file3621.txt&quot;,
        &quot;example_input_file3622.txt&quot;,
        &quot;example_input_file3623.txt&quot;,
        &quot;example_input_file3624.txt&quot;,
        &quot;example_input_file3625.txt&quot;,
        &quot;example_input_file3626.txt&quot;,
        &quot;example_input_file3627.txt&quot;,
        &quot;example_input_file3628.txt&quot;,
        &quot;example_input_file3629.txt&quot;,
        &quot;example_input_file3630.txt&quot;,
        &quot;example_input_file3631.txt&quot;,
        &quot;example_input_file3632.txt&quot;,
        &quot;example_input_file3633.txt&quot;,
        &quot;example_input_file3634.txt&quot;,
        &quot;example_input_file3635.txt&quot;,
        &quot;example_input_file3636.txt&quot;,
        &quot;example_input_file3637.txt&quot;,
        &quot;example_input_file3638.txt&quot;,
        &quot;example_input_file3639.txt&quot;,
        &quot;example_input_file3640.txt&quot;,
        &quot;example_input_file3641.txt&quot;,
        &quot;example_input_file3642.txt&quot;,
        &quot;example_input_file3643.txt&quot;,
        &quot;example_input_file3644.txt&quot;,
        &quot;example_input_file3645.txt&quot;,
        &quot;example_input_file3646.txt&quot;,
        &quot;example_input_file3647.txt&quot;,
        &quot;example_input_file3648.txt&quot;,
        &quot;example_input_file3649.txt&quot;,
        &quot;example_input_file3650.txt&quot;,
        &quot;example_input_file3651.txt&quot;,
        &quot;example_input_file3652.txt&quot;,
        &quot;example_input_file3653.txt&quot;,
        &quot;example_input_file3654.txt&quot;,
        &quot;example_input_file3655.txt&quot;,
        &quot;example_input_file3656.txt&quot;,
        &quot;example_input_file3657.txt&quot;,
        &quot;example_input_file3658.txt&quot;,
        &quot;example_input_file3659.txt&quot;,
        &quot;example_input_file3660.txt&quot;,
        &quot;example_input_file3661.txt&quot;,
        &quot;example_input_file3662.txt&quot;,
        &quot;example_input_file3663.txt&quot;,
        &quot;example_input_file3664.txt&quot;,
        &quot;example_input_file3665.txt&quot;,
        &quot;example_input_file3666.txt&quot;,
        &quot;example_input_file3667.txt&quot;,
        &quot;example_input_file3668.txt&quot;,
        &quot;example_input_file3669.txt&quot;,
        &quot;example_input_file3670.txt&quot;,
        &quot;example_input_file3671.txt&quot;,
        &quot;example_input_file3672.txt&quot;,
        &quot;example_input_file3673.txt&quot;,
        &quot;example_input_file3674.txt&quot;,
        &quot;example_input_file3675.txt&quot;,
        &quot;example_input_file3676.txt&quot;,
        &quot;example_input_file3677.txt&quot;,
        &quot;example_input_file3678.txt&quot;,
        &quot;example_input_file3679.txt&quot;,
        &quot;example_input_file3680.txt&quot;,
        &quot;example_input_file3681.txt&quot;,
        &quot;example_input_file3682.txt&quot;,
        &quot;example_input_file3683.txt&quot;,
        &quot;example_input_file3684.txt&quot;,
        &quot;example_input_file3685.txt&quot;,
        &quot;example_input_file3686.txt&quot;,
        &quot;example_input_file3687.txt&quot;,
        &quot;example_input_file3688.txt&quot;,
        &quot;example_input_file3689.txt&quot;,
        &quot;example_input_file3690.txt&quot;,
        &quot;example_input_file3691.txt&quot;,
        &quot;example_input_file3692.txt&quot;,
        &quot;example_input_file3693.txt&quot;,
        &quot;example_input_file3694.txt&quot;,
        &quot;example_input_file3695.txt&quot;,
        &quot;example_input_file3696.txt&quot;,
        &quot;example_input_file3697.txt&quot;,
        &quot;example_input_file3698.txt&quot;,
        &quot;example_input_file3699.txt&quot;,
        &quot;example_input_file3700.txt&quot;,
        &quot;example_input_file3701.txt&quot;,
        &quot;example_input_file3702.txt&quot;,
        &quot;example_input_file3703.txt&quot;,
        &quot;example_input_file3704.txt&quot;,
        &quot;example_input_file3705.txt&quot;,
        &quot;example_input_file3706.txt&quot;,
        &quot;example_input_file3707.txt&quot;,
        &quot;example_input_file3708.txt&quot;,
        &quot;example_input_file3709.txt&quot;,
        &quot;example_input_file3710.txt&quot;,
        &quot;example_input_file3711.txt&quot;,
        &quot;example_input_file3712.txt&quot;,
        &quot;example_input_file3713.txt&quot;,
        &quot;example_input_file3714.txt&quot;,
        &quot;example_input_file3715.txt&quot;,
        &quot;example_input_file3716.txt&quot;,
        &quot;example_input_file3717.txt&quot;,
        &quot;example_input_file3718.txt&quot;,
        &quot;example_input_file3719.txt&quot;,
        &quot;example_input_file3720.txt&quot;,
        &quot;example_input_file3721.txt&quot;,
        &quot;example_input_file3722.txt&quot;,
        &quot;example_input_file3723.txt&quot;,
        &quot;example_input_file3724.txt&quot;,
        &quot;example_input_file3725.txt&quot;,
        &quot;example_input_file3726.txt&quot;,
        &quot;example_input_file3727.txt&quot;,
        &quot;example_input_file3728.txt&quot;,
        &quot;example_input_file3729.txt&quot;,
        &quot;example_input_file3730.txt&quot;,
        &quot;example_input_file3731.txt&quot;,
        &quot;example_input_file3732.txt&quot;,
        &quot;example_input_file3733.txt&quot;,
        &quot;example_input_file3734.txt&quot;,
        &quot;example_input_file3735.txt&quot;,
        &quot;example_input_file3736.txt&quot;,
        &quot;example_input_file3737.txt&quot;,
        &quot;example_input_file3738.txt&quot;,
        &quot;example_input_file3739.txt&quot;,
        &quot;example_input_file3740.txt&quot;,
        &quot;example_input_file3741.txt&quot;,
        &quot;example_input_file3742.txt&quot;,
        &quot;example_input_file3743.txt&quot;,
        &quot;example_input_file3744.txt&quot;,
        &quot;example_input_file3745.txt&quot;,
        &quot;example_input_file3746.txt&quot;,
        &quot;example_input_file3747.txt&quot;,
        &quot;example_input_file3748.txt&quot;,
        &quot;example_input_file3749.txt&quot;,
        &quot;example_input_file3750.txt&quot;,
        &quot;example_input_file3751.txt&quot;,
        &quot;example_input_file3752.txt&quot;,
        &quot;example_input_file3753.txt&quot;,
        &quot;example_input_file3754.txt&quot;,
        &quot;example_input_file3755.txt&quot;,
        &quot;example_input_file3756.txt&quot;,
        &quot;example_input_file3757.txt&quot;,
        &quot;example_input_file3758.txt&quot;,
        &quot;example_input_file3759.txt&quot;,
        &quot;example_input_file3760.txt&quot;,
        &quot;example_input_file3761.txt&quot;,
        &quot;example_input_file3762.txt&quot;,
        &quot;example_input_file3763.txt&quot;,
        &quot;example_input_file3764.txt&quot;,
        &quot;example_input_file3765.txt&quot;,
        &quot;example_input_file3766.txt&quot;,
        &quot;example_input_file3767.txt&quot;,
        &quot;example_input_file3768.txt&quot;,
        &quot;example_input_file3769.txt&quot;,
        &quot;example_input_file3770.txt&quot;,
        &quot;example_input_file3771.txt&quot;,
        &quot;example_input_file3772.txt&quot;,
        &quot;example_input_file3773.txt&quot;,
        &quot;example_input_file3774.txt&quot;,
        &quot;example_input_file3775.txt&quot;,
        &quot;example_input_file3776.txt&quot;,
        &quot;example_input_file3777.txt&quot;,
        &quot;example_input_file3778.txt&quot;,
        &quot;example_input_file3779.txt&quot;,
        &quot;example_input_file3780.txt&quot;,
        &quot;example_input_file3781.txt&quot;,
        &quot;example_input_file3782.txt&quot;,
        &quot;example_input_file3783.txt&quot;,
        &quot;example_input_file3784.txt&quot;,
        &quot;example_input_file3785.txt&quot;,
        &quot;example_input_file3786.txt&quot;,
        &quot;example_input_file3787.txt&quot;,
        &quot;example_input_file3788.txt&quot;,
        &quot;example_input_file3789.txt&quot;,
        &quot;example_input_file3790.txt&quot;,
        &quot;example_input_file3791.txt&quot;,
        &quot;example_input_file3792.txt&quot;,
        &quot;example_input_file3793.txt&quot;,
        &quot;example_input_file3794.txt&quot;,
        &quot;example_input_file3795.txt&quot;,
        &quot;example_input_file3796.txt&quot;,
        &quot;example_input_file3797.txt&quot;,
        &quot;example_input_file3798.txt&quot;,
        &quot;example_input_file3799.txt&quot;,
        &quot;example_input_file3800.txt&quot;,
        &quot;example_input_file3801.txt&quot;,
        &quot;example_input_file3802.txt&quot;,
        &quot;example_input_file3803.txt&quot;,
        &quot;example_input_file3804.txt&quot;,
        &quot;example_input_file3805.txt&quot;,
        &quot;example_input_file3806.txt&quot;,
        &quot;example_input_file3807.txt&quot;,
        &quot;example_input_file3808.txt&quot;,
        &quot;example_input_file3809.txt&quot;,
        &quot;example_input_file3810.txt&quot;,
        &quot;example_input_file3811.txt&quot;,
        &quot;example_input_file3812.txt&quot;,
        &quot;example_input_file3813.txt&quot;,
        &quot;example_input_file3814.txt&quot;,
        &quot;example_input_file3815.txt&quot;,
        &quot;example_input_file3816.txt&quot;,
        &quot;example_input_file3817.txt&quot;,
        &quot;example_input_file3818.txt&quot;,
        &quot;example_input_file3819.txt&quot;,
        &quot;example_input_file3820.txt&quot;,
        &quot;example_input_file3821.txt&quot;,
        &quot;example_input_file3822.txt&quot;,
        &quot;example_input_file3823.txt&quot;,
        &quot;example_input_file3824.txt&quot;,
        &quot;example_input_file3825.txt&quot;,
        &quot;example_input_file3826.txt&quot;,
        &quot;example_input_file3827.txt&quot;,
        &quot;example_input_file3828.txt&quot;,
        &quot;example_input_file3829.txt&quot;,
        &quot;example_input_file3830.txt&quot;,
        &quot;example_input_file3831.txt&quot;,
        &quot;example_input_file3832.txt&quot;,
        &quot;example_input_file3833.txt&quot;,
        &quot;example_input_file3834.txt&quot;,
        &quot;example_input_file3835.txt&quot;,
        &quot;example_input_file3836.txt&quot;,
        &quot;example_input_file3837.txt&quot;,
        &quot;example_input_file3838.txt&quot;,
        &quot;example_input_file3839.txt&quot;,
        &quot;example_input_file3840.txt&quot;,
        &quot;example_input_file3841.txt&quot;,
        &quot;example_input_file3842.txt&quot;,
        &quot;example_input_file3843.txt&quot;,
        &quot;example_input_file3844.txt&quot;,
        &quot;example_input_file3845.txt&quot;,
        &quot;example_input_file3846.txt&quot;,
        &quot;example_input_file3847.txt&quot;,
        &quot;example_input_file3848.txt&quot;,
        &quot;example_input_file3849.txt&quot;,
        &quot;example_input_file3850.txt&quot;,
        &quot;example_input_file3851.txt&quot;,
        &quot;example_input_file3852.txt&quot;,
        &quot;example_input_file3853.txt&quot;,
        &quot;example_input_file3854.txt&quot;,
        &quot;example_input_file3855.txt&quot;,
        &quot;example_input_file3856.txt&quot;,
        &quot;example_input_file3857.txt&quot;,
        &quot;example_input_file3858.txt&quot;,
        &quot;example_input_file3859.txt&quot;,
        &quot;example_input_file3860.txt&quot;,
        &quot;example_input_file3861.txt&quot;,
        &quot;example_input_file3862.txt&quot;,
        &quot;example_input_file3863.txt&quot;,
        &quot;example_input_file3864.txt&quot;,
        &quot;example_input_file3865.txt&quot;,
        &quot;example_input_file3866.txt&quot;,
        &quot;example_input_file3867.txt&quot;,
        &quot;example_input_file3868.txt&quot;,
        &quot;example_input_file3869.txt&quot;,
        &quot;example_input_file3870.txt&quot;,
        &quot;example_input_file3871.txt&quot;,
        &quot;example_input_file3872.txt&quot;,
        &quot;example_input_file3873.txt&quot;,
        &quot;example_input_file3874.txt&quot;,
        &quot;example_input_file3875.txt&quot;,
        &quot;example_input_file3876.txt&quot;,
        &quot;example_input_file3877.txt&quot;,
        &quot;example_input_file3878.txt&quot;,
        &quot;example_input_file3879.txt&quot;,
        &quot;example_input_file3880.txt&quot;,
        &quot;example_input_file3881.txt&quot;,
        &quot;example_input_file3882.txt&quot;,
        &quot;example_input_file3883.txt&quot;,
        &quot;example_input_file3884.txt&quot;,
        &quot;example_input_file3885.txt&quot;,
        &quot;example_input_file3886.txt&quot;,
        &quot;example_input_file3887.txt&quot;,
        &quot;example_input_file3888.txt&quot;,
        &quot;example_input_file3889.txt&quot;,
        &quot;example_input_file3890.txt&quot;,
        &quot;example_input_file3891.txt&quot;,
        &quot;example_input_file3892.txt&quot;,
        &quot;example_input_file3893.txt&quot;,
        &quot;example_input_file3894.txt&quot;,
        &quot;example_input_file3895.txt&quot;,
        &quot;example_input_file3896.txt&quot;,
        &quot;example_input_file3897.txt&quot;,
        &quot;example_input_file3898.txt&quot;,
        &quot;example_input_file3899.txt&quot;,
        &quot;example_input_file3900.txt&quot;,
        &quot;example_input_file3901.txt&quot;,
        &quot;example_input_file3902.txt&quot;,
        &quot;example_input_file3903.txt&quot;,
        &quot;example_input_file3904.txt&quot;,
        &quot;example_input_file3905.txt&quot;,
        &quot;example_input_file3906.txt&quot;,
        &quot;example_input_file3907.txt&quot;,
        &quot;example_input_file3908.txt&quot;,
        &quot;example_input_file3909.txt&quot;,
        &quot;example_input_file3910.txt&quot;,
        &quot;example_input_file3911.txt&quot;,
        &quot;example_input_file3912.txt&quot;,
        &quot;example_input_file3913.txt&quot;,
        &quot;example_input_file3914.txt&quot;,
        &quot;example_input_file3915.txt&quot;,
        &quot;example_input_file3916.txt&quot;,
        &quot;example_input_file3917.txt&quot;,
        &quot;example_input_file3918.txt&quot;,
        &quot;example_input_file3919.txt&quot;,
        &quot;example_input_file3920.txt&quot;,
        &quot;example_input_file3921.txt&quot;,
        &quot;example_input_file3922.txt&quot;,
        &quot;example_input_file3923.txt&quot;,
        &quot;example_input_file3924.txt&quot;,
        &quot;example_input_file3925.txt&quot;,
        &quot;example_input_file3926.txt&quot;,
        &quot;example_input_file3927.txt&quot;,
        &quot;example_input_file3928.txt&quot;,
        &quot;example_input_file3929.txt&quot;,
        &quot;example_input_file3930.txt&quot;,
        &quot;example_input_file3931.txt&quot;,
        &quot;example_input_file3932.txt&quot;,
        &quot;example_input_file3933.txt&quot;,
        &quot;example_input_file3934.txt&quot;,
        &quot;example_input_file3935.txt&quot;,
        &quot;example_input_file3936.txt&quot;,
        &quot;example_input_file3937.txt&quot;,
        &quot;example_input_file3938.txt&quot;,
        &quot;example_input_file3939.txt&quot;,
        &quot;example_input_file3940.txt&quot;,
        &quot;example_input_file3941.txt&quot;,
        &quot;example_input_file3942.txt&quot;,
        &quot;example_input_file3943.txt&quot;,
        &quot;example_input_file3944.txt&quot;,
        &quot;example_input_file3945.txt&quot;,
        &quot;example_input_file3946.txt&quot;,
        &quot;example_input_file3947.txt&quot;,
        &quot;example_input_file3948.txt&quot;,
        &quot;example_input_file3949.txt&quot;,
        &quot;example_input_file3950.txt&quot;,
        &quot;example_input_file3951.txt&quot;,
        &quot;example_input_file3952.txt&quot;,
        &quot;example_input_file3953.txt&quot;,
        &quot;example_input_file3954.txt&quot;,
        &quot;example_input_file3955.txt&quot;,
        &quot;example_input_file3956.txt&quot;,
        &quot;example_input_file3957.txt&quot;,
        &quot;example_input_file3958.txt&quot;,
        &quot;example_input_file3959.txt&quot;,
        &quot;example_input_file3960.txt&quot;,
        &quot;example_input_file3961.txt&quot;,
        &quot;example_input_file3962.txt&quot;,
        &quot;example_input_file3963.txt&quot;,
        &quot;example_input_file3964.txt&quot;,
        &quot;example_input_file3965.txt&quot;,
        &quot;example_input_file3966.txt&quot;,
        &quot;example_input_file3967.txt&quot;,
        &quot;example_input_file3968.txt&quot;,
        &quot;example_input_file3969.txt&quot;,
        &quot;example_input_file3970.txt&quot;,
        &quot;example_input_file3971.txt&quot;,
        &quot;example_input_file3972.txt&quot;,
        &quot;example_input_file3973.txt&quot;,
        &quot;example_input_file3974.txt&quot;,
        &quot;example_input_file3975.txt&quot;,
        &quot;example_input_file3976.txt&quot;,
        &quot;example_input_file3977.txt&quot;,
        &quot;example_input_file3978.txt&quot;,
        &quot;example_input_file3979.txt&quot;,
        &quot;example_input_file3980.txt&quot;,
        &quot;example_input_file3981.txt&quot;,
        &quot;example_input_file3982.txt&quot;,
        &quot;example_input_file3983.txt&quot;,
        &quot;example_input_file3984.txt&quot;,
        &quot;example_input_file3985.txt&quot;,
        &quot;example_input_file3986.txt&quot;,
        &quot;example_input_file3987.txt&quot;,
        &quot;example_input_file3988.txt&quot;,
        &quot;example_input_file3989.txt&quot;,
        &quot;example_input_file3990.txt&quot;,
        &quot;example_input_file3991.txt&quot;,
        &quot;example_input_file3992.txt&quot;,
        &quot;example_input_file3993.txt&quot;,
        &quot;example_input_file3994.txt&quot;,
        &quot;example_input_file3995.txt&quot;,
        &quot;example_input_file3996.txt&quot;,
        &quot;example_input_file3997.txt&quot;,
        &quot;example_input_file3998.txt&quot;,
        &quot;example_input_file3999.txt&quot;,
        &quot;example_input_file4000.txt&quot;,
        &quot;example_input_file4001.txt&quot;,
        &quot;example_input_file4002.txt&quot;,
        &quot;example_input_file4003.txt&quot;,
        &quot;example_input_file4004.txt&quot;,
        &quot;example_input_file4005.txt&quot;,
        &quot;example_input_file4006.txt&quot;,
        &quot;example_input_file4007.txt&quot;,
        &quot;example_input_file4008.txt&quot;,
        &quot;example_input_file4009.txt&quot;,
        &quot;example_input_file4010.txt&quot;,
        &quot;example_input_file4011.txt&quot;,
        &quot;example_input_file4012.txt&quot;,
        &quot;example_input_file4013.txt&quot;,
        &quot;example_input_file4014.txt&quot;,
        &quot;example_input_file4015.txt&quot;,
        &quot;example_input_file4016.txt&quot;,
        &quot;example_input_file4017.txt&quot;,
        &quot;example_input_file4018.txt&quot;,
        &quot;example_input_file4019.txt&quot;,
        &quot;example_input_file4020.txt&quot;,
        &quot;example_input_file4021.txt&quot;,
        &quot;example_input_file4022.txt&quot;,
        &quot;example_input_file4023.txt&quot;,
        &quot;example_input_file4024.txt&quot;,
        &quot;example_input_file4025.txt&quot;,
        &quot;example_input_file4026.txt&quot;,
        &quot;example_input_file4027.txt&quot;,
        &quot;example_input_file4028.txt&quot;,
        &quot;example_input_file4029.txt&quot;,
        &quot;example_input_file4030.txt&quot;,
        &quot;example_input_file4031.txt&quot;,
        &quot;example_input_file4032.txt&quot;,
        &quot;example_input_file4033.txt&quot;,
        &quot;example_input_file4034.txt&quot;,
        &quot;example_input_file4035.txt&quot;,
        &quot;example_input_file4036.txt&quot;,
        &quot;example_input_file4037.txt&quot;,
        &quot;example_input_file4038.txt&quot;,
        &quot;example_input_file4039.txt&quot;,
        &quot;example_input_file4040.txt&quot;,
        &quot;example_input_file4041.txt&quot;,
        &quot;example_input_file4042.txt&quot;,
        &quot;example_input_file4043.txt&quot;,
        &quot;example_input_file4044.txt&quot;,
        &quot;example_input_file4045.txt&quot;,
        &quot;example_input_file4046.txt&quot;,
        &quot;example_input_file4047.txt&quot;,
        &quot;example_input_file4048.txt&quot;,
        &quot;example_input_file4049.txt&quot;,
        &quot;example_input_file4050.txt&quot;,
        &quot;example_input_file4051.txt&quot;,
        &quot;example_input_file4052.txt&quot;,
        &quot;example_input_file4053.txt&quot;,
        &quot;example_input_file4054.txt&quot;,
        &quot;example_input_file4055.txt&quot;,
        &quot;example_input_file4056.txt&quot;,
        &quot;example_input_file4057.txt&quot;,
        &quot;example_input_file4058.txt&quot;,
        &quot;example_input_file4059.txt&quot;,
        &quot;example_input_file4060.txt&quot;,
        &quot;example_input_file4061.txt&quot;,
        &quot;example_input_file4062.txt&quot;,
        &quot;example_input_file4063.txt&quot;,
        &quot;example_input_file4064.txt&quot;,
        &quot;example_input_file4065.txt&quot;,
        &quot;example_input_file4066.txt&quot;,
        &quot;example_input_file4067.txt&quot;,
        &quot;example_input_file4068.txt&quot;,
        &quot;example_input_file4069.txt&quot;,
        &quot;example_input_file4070.txt&quot;,
        &quot;example_input_file4071.txt&quot;,
        &quot;example_input_file4072.txt&quot;,
        &quot;example_input_file4073.txt&quot;,
        &quot;example_input_file4074.txt&quot;,
        &quot;example_input_file4075.txt&quot;,
        &quot;example_input_file4076.txt&quot;,
        &quot;example_input_file4077.txt&quot;,
        &quot;example_input_file4078.txt&quot;,
        &quot;example_input_file4079.txt&quot;,
        &quot;example_input_file4080.txt&quot;,
        &quot;example_input_file4081.txt&quot;,
        &quot;example_input_file4082.txt&quot;,
        &quot;example_input_file4083.txt&quot;,
        &quot;example_input_file4084.txt&quot;,
        &quot;example_input_file4085.txt&quot;,
        &quot;example_input_file4086.txt&quot;,
        &quot;example_input_file4087.txt&quot;,
        &quot;example_input_file4088.txt&quot;,
        &quot;example_input_file4089.txt&quot;,
        &quot;example_input_file4090.txt&quot;,
        &quot;example_input_file4091.txt&quot;,
        &quot;example_input_file4092.txt&quot;,
        &quot;example_input_file4093.txt&quot;,
        &quot;example_input_file4094.txt&quot;,
        &quot;example_input_file4095.txt&quot;,
        &quot;example_input_file4096.txt&quot;,
        &quot;example_input_file4097.txt&quot;,
        &quot;example_input_file4098.txt&quot;,
        &quot;example_input_file4099.txt&quot;,
        &quot;example_input_file4100.txt&quot;,
        &quot;example_input_file4101.txt&quot;,
        &quot;example_input_file4102.txt&quot;,
        &quot;example_input_file4103.txt&quot;,
        &quot;example_input_file4104.txt&quot;,
        &quot;example_input_file4105.txt&quot;,
        &quot;example_input_file4106.txt&quot;,
        &quot;example_input_file4107.txt&quot;,
        &quot;example_input_file4108.txt&quot;,
        &quot;example_input_file4109.txt&quot;,
        &quot;example_input_file4110.txt&quot;,
        &quot;example_input_file4111.txt&quot;,
        &quot;example_input_file4112.txt&quot;,
        &quot;example_input_file4113.txt&quot;,
        &quot;example_input_file4114.txt&quot;,
        &quot;example_input_file4115.txt&quot;,
        &quot;example_input_file4116.txt&quot;,
        &quot;example_input_file4117.txt&quot;,
        &quot;example_input_file4118.txt&quot;,
        &quot;example_input_file4119.txt&quot;,
        &quot;example_input_file4120.txt&quot;,
        &quot;example_input_file4121.txt&quot;,
        &quot;example_input_file4122.txt&quot;,
        &quot;example_input_file4123.txt&quot;,
        &quot;example_input_file4124.txt&quot;,
        &quot;example_input_file4125.txt&quot;,
        &quot;example_input_file4126.txt&quot;,
        &quot;example_input_file4127.txt&quot;,
        &quot;example_input_file4128.txt&quot;,
        &quot;example_input_file4129.txt&quot;,
        &quot;example_input_file4130.txt&quot;,
        &quot;example_input_file4131.txt&quot;,
        &quot;example_input_file4132.txt&quot;,
        &quot;example_input_file4133.txt&quot;,
        &quot;example_input_file4134.txt&quot;,
        &quot;example_input_file4135.txt&quot;,
        &quot;example_input_file4136.txt&quot;,
        &quot;example_input_file4137.txt&quot;,
        &quot;example_input_file4138.txt&quot;,
        &quot;example_input_file4139.txt&quot;,
        &quot;example_input_file4140.txt&quot;,
        &quot;example_input_file4141.txt&quot;,
        &quot;example_input_file4142.txt&quot;,
        &quot;example_input_file4143.txt&quot;,
        &quot;example_input_file4144.txt&quot;,
        &quot;example_input_file4145.txt&quot;,
        &quot;example_input_file4146.txt&quot;,
        &quot;example_input_file4147.txt&quot;,
        &quot;example_input_file4148.txt&quot;,
        &quot;example_input_file4149.txt&quot;,
        &quot;example_input_file4150.txt&quot;,
        &quot;example_input_file4151.txt&quot;,
        &quot;example_input_file4152.txt&quot;,
        &quot;example_input_file4153.txt&quot;,
        &quot;example_input_file4154.txt&quot;,
        &quot;example_input_file4155.txt&quot;,
        &quot;example_input_file4156.txt&quot;,
        &quot;example_input_file4157.txt&quot;,
        &quot;example_input_file4158.txt&quot;,
        &quot;example_input_file4159.txt&quot;,
        &quot;example_input_file4160.txt&quot;,
        &quot;example_input_file4161.txt&quot;,
        &quot;example_input_file4162.txt&quot;,
        &quot;example_input_file4163.txt&quot;,
        &quot;example_input_file4164.txt&quot;,
        &quot;example_input_file4165.txt&quot;,
        &quot;example_input_file4166.txt&quot;,
        &quot;example_input_file4167.txt&quot;,
        &quot;example_input_file4168.txt&quot;,
        &quot;example_input_file4169.txt&quot;,
        &quot;example_input_file4170.txt&quot;,
        &quot;example_input_file4171.txt&quot;,
        &quot;example_input_file4172.txt&quot;,
        &quot;example_input_file4173.txt&quot;,
        &quot;example_input_file4174.txt&quot;,
        &quot;example_input_file4175.txt&quot;,
        &quot;example_input_file4176.txt&quot;,
        &quot;example_input_file4177.txt&quot;,
        &quot;example_input_file4178.txt&quot;,
        &quot;example_input_file4179.txt&quot;,
        &quot;example_input_file4180.txt&quot;,
        &quot;example_input_file4181.txt&quot;,
        &quot;example_input_file4182.txt&quot;,
        &quot;example_input_file4183.txt&quot;,
        &quot;example_input_file4184.txt&quot;,
        &quot;example_input_file4185.txt&quot;,
        &quot;example_input_file4186.txt&quot;,
        &quot;example_input_file4187.txt&quot;,
        &quot;example_input_file4188.txt&quot;,
        &quot;example_input_file4189.txt&quot;,
        &quot;example_input_file4190.txt&quot;,
        &quot;example_input_file4191.txt&quot;,
        &quot;example_input_file4192.txt&quot;,
        &quot;example_input_file4193.txt&quot;,
        &quot;example_input_file4194.txt&quot;,
        &quot;example_input_file4195.txt&quot;,
        &quot;example_input_file4196.txt&quot;,
        &quot;example_input_file4197.txt&quot;,
        &quot;example_input_file4198.txt&quot;,
        &quot;example_input_file4199.txt&quot;,
        &quot;example_input_file4200.txt&quot;,
        &quot;example_input_file4201.txt&quot;,
        &quot;example_input_file4202.txt&quot;,
        &quot;example_input_file4203.txt&quot;,
        &quot;example_input_file4204.txt&quot;,
        &quot;example_input_file4205.txt&quot;,
        &quot;example_input_file4206.txt&quot;,
        &quot;example_input_file4207.txt&quot;,
        &quot;example_input_file4208.txt&quot;,
        &quot;example_input_file4209.txt&quot;,
        &quot;example_input_file4210.txt&quot;,
        &quot;example_input_file4211.txt&quot;,
        &quot;example_input_file4212.txt&quot;,
        &quot;example_input_file4213.txt&quot;,
        &quot;example_input_file4214.txt&quot;,
        &quot;example_input_file4215.txt&quot;,
        &quot;example_input_file4216.txt&quot;,
        &quot;example_input_file4217.txt&quot;,
        &quot;example_input_file4218.txt&quot;,
        &quot;example_input_file4219.txt&quot;,
        &quot;example_input_file4220.txt&quot;,
        &quot;example_input_file4221.txt&quot;,
        &quot;example_input_file4222.txt&quot;,
        &quot;example_input_file4223.txt&quot;,
        &quot;example_input_file4224.txt&quot;,
        &quot;example_input_file4225.txt&quot;,
        &quot;example_input_file4226.txt&quot;,
        &quot;example_input_file4227.txt&quot;,
        &quot;example_input_file4228.txt&quot;,
        &quot;example_input_file4229.txt&quot;,
        &quot;example_input_file4230.txt&quot;,
        &quot;example_input_file4231.txt&quot;,
        &quot;example_input_file4232.txt&quot;,
        &quot;example_input_file4233.txt&quot;,
        &quot;example_input_file4234.txt&quot;,
        &quot;example_input_file4235.txt&quot;,
        &quot;example_input_file4236.txt&quot;,
        &quot;example_input_file4237.txt&quot;,
        &quot;example_input_file4238.txt&quot;,
        &quot;example_input_file4239.txt&quot;,
        &quot;example_input_file4240.txt&quot;,
        &quot;example_input_file4241.txt&quot;,
        &quot;example_input_file4242.txt&quot;,
        &quot;example_input_file4243.txt&quot;,
        &quot;example_input_file4244.txt&quot;,
        &quot;example_input_file4245.txt&quot;,
        &quot;example_input_file4246.txt&quot;,
        &quot;example_input_file4247.txt&quot;,
        &quot;example_input_file4248.txt&quot;,
        &quot;example_input_file4249.txt&quot;,
        &quot;example_input_file4250.txt&quot;,
        &quot;example_input_file4251.txt&quot;,
        &quot;example_input_file4252.txt&quot;,
        &quot;example_input_file4253.txt&quot;,
        &quot;example_input_file4254.txt&quot;,
        &quot;example_input_file4255.txt&quot;,
        &quot;example_input_file4256.txt&quot;,
        &quot;example_input_file4257.txt&quot;,
        &quot;example_input_file4258.txt&quot;,
        &quot;example_input_file4259.txt&quot;,
        &quot;example_input_file4260.txt&quot;,
        &quot;example_input_file4261.txt&quot;,
        &quot;example_input_file4262.txt&quot;,
        &quot;example_input_file4263.txt&quot;,
        &quot;example_input_file4264.txt&quot;,
        &quot;example_input_file4265.txt&quot;,
        &quot;example_input_file4266.txt&quot;,
        &quot;example_input_file4267.txt&quot;,
        &quot;example_input_file4268.txt&quot;,
        &quot;example_input_file4269.txt&quot;,
        &quot;example_input_file4270.txt&quot;,
        &quot;example_input_file4271.txt&quot;,
        &quot;example_input_file4272.txt&quot;,
        &quot;example_input_file4273.txt&quot;,
        &quot;example_input_file4274.txt&quot;,
        &quot;example_input_file4275.txt&quot;,
        &quot;example_input_file4276.txt&quot;,
        &quot;example_input_file4277.txt&quot;,
        &quot;example_input_file4278.txt&quot;,
        &quot;example_input_file4279.txt&quot;,
        &quot;example_input_file4280.txt&quot;,
        &quot;example_input_file4281.txt&quot;,
        &quot;example_input_file4282.txt&quot;,
        &quot;example_input_file4283.txt&quot;,
        &quot;example_input_file4284.txt&quot;,
        &quot;example_input_file4285.txt&quot;,
        &quot;example_input_file4286.txt&quot;,
        &quot;example_input_file4287.txt&quot;,
        &quot;example_input_file4288.txt&quot;,
        &quot;example_input_file4289.txt&quot;,
        &quot;example_input_file4290.txt&quot;,
        &quot;example_input_file4291.txt&quot;,
        &quot;example_input_file4292.txt&quot;,
        &quot;example_input_file4293.txt&quot;,
        &quot;example_input_file4294.txt&quot;,
        &quot;example_input_file4295.txt&quot;,
        &quot;example_input_file4296.txt&quot;,
        &quot;example_input_file4297.txt&quot;,
        &quot;example_input_file4298.txt&quot;,
        &quot;example_input_file4299.txt&quot;,
        &quot;example_input_file4300.txt&quot;,
        &quot;example_input_file4301.txt&quot;,
        &quot;example_input_file4302.txt&quot;,
        &quot;example_input_file4303.txt&quot;,
        &quot;example_input_file4304.txt&quot;,
        &quot;example_input_file4305.txt&quot;,
        &quot;example_input_file4306.txt&quot;,
        &quot;example_input_file4307.txt&quot;,
        &quot;example_input_file4308.txt&quot;,
        &quot;example_input_file4309.txt&quot;,
        &quot;example_input_file4310.txt&quot;,
        &quot;example_input_file4311.txt&quot;,
        &quot;example_input_file4312.txt&quot;,
        &quot;example_input_file4313.txt&quot;,
        &quot;example_input_file4314.txt&quot;,
        &quot;example_input_file4315.txt&quot;,
        &quot;example_input_file4316.txt&quot;,
        &quot;example_input_file4317.txt&quot;,
        &quot;example_input_file4318.txt&quot;,
        &quot;example_input_file4319.txt&quot;,
        &quot;example_input_file4320.txt&quot;,
        &quot;example_input_file4321.txt&quot;,
        &quot;example_input_file4322.txt&quot;,
        &quot;example_input_file4323.txt&quot;,
        &quot;example_input_file4324.txt&quot;,
        &quot;example_input_file4325.txt&quot;,
        &quot;example_input_file4326.txt&quot;,
        &quot;example_input_file4327.txt&quot;,
        &quot;example_input_file4328.txt&quot;,
        &quot;example_input_file4329.txt&quot;,
        &quot;example_input_file4330.txt&quot;,
        &quot;example_input_file4331.txt&quot;,
        &quot;example_input_file4332.txt&quot;,
        &quot;example_input_file4333.txt&quot;,
        &quot;example_input_file4334.txt&quot;,
        &quot;example_input_file4335.txt&quot;,
        &quot;example_input_file4336.txt&quot;,
        &quot;example_input_file4337.txt&quot;,
        &quot;example_input_file4338.txt&quot;,
        &quot;example_input_file4339.txt&quot;,
        &quot;example_input_file4340.txt&quot;,
        &quot;example_input_file4341.txt&quot;,
        &quot;example_input_file4342.txt&quot;,
        &quot;example_input_file4343.txt&quot;,
        &quot;example_input_file4344.txt&quot;,
        &quot;example_input_file4345.txt&quot;,
        &quot;example_input_file4346.txt&quot;,
        &quot;example_input_file4347.txt&quot;,
        &quot;example_input_file4348.txt&quot;,
        &quot;example_input_file4349.txt&quot;,
        &quot;example_input_file4350.txt&quot;,
        &quot;example_input_file4351.txt&quot;,
        &quot;example_input_file4352.txt&quot;,
        &quot;example_input_file4353.txt&quot;,
        &quot;example_input_file4354.txt&quot;,
        &quot;example_input_file4355.txt&quot;,
        &quot;example_input_file4356.txt&quot;,
        &quot;example_input_file4357.txt&quot;,
        &quot;example_input_file4358.txt&quot;,
        &quot;example_input_file4359.txt&quot;,
        &quot;example_input_file4360.txt&quot;,
        &quot;example_input_file4361.txt&quot;,
        &quot;example_input_file4362.txt&quot;,
        &quot;example_input_file4363.txt&quot;,
        &quot;example_input_file4364.txt&quot;,
        &quot;example_input_file4365.txt&quot;,
        &quot;example_input_file4366.txt&quot;,
        &quot;example_input_file4367.txt&quot;,
        &quot;example_input_file4368.txt&quot;,
        &quot;example_input_file4369.txt&quot;,
        &quot;example_input_file4370.txt&quot;,
        &quot;example_input_file4371.txt&quot;,
        &quot;example_input_file4372.txt&quot;,
        &quot;example_input_file4373.txt&quot;,
        &quot;example_input_file4374.txt&quot;,
        &quot;example_input_file4375.txt&quot;,
        &quot;example_input_file4376.txt&quot;,
        &quot;example_input_file4377.txt&quot;,
        &quot;example_input_file4378.txt&quot;,
        &quot;example_input_file4379.txt&quot;,
        &quot;example_input_file4380.txt&quot;,
        &quot;example_input_file4381.txt&quot;,
        &quot;example_input_file4382.txt&quot;,
        &quot;example_input_file4383.txt&quot;,
        &quot;example_input_file4384.txt&quot;,
        &quot;example_input_file4385.txt&quot;,
        &quot;example_input_file4386.txt&quot;,
        &quot;example_input_file4387.txt&quot;,
        &quot;example_input_file4388.txt&quot;,
        &quot;example_input_file4389.txt&quot;,
        &quot;example_input_file4390.txt&quot;,
        &quot;example_input_file4391.txt&quot;,
        &quot;example_input_file4392.txt&quot;,
        &quot;example_input_file4393.txt&quot;,
        &quot;example_input_file4394.txt&quot;,
        &quot;example_input_file4395.txt&quot;,
        &quot;example_input_file4396.txt&quot;,
        &quot;example_input_file4397.txt&quot;,
        &quot;example_input_file4398.txt&quot;,
        &quot;example_input_file4399.txt&quot;,
        &quot;example_input_file4400.txt&quot;,
        &quot;example_input_file4401.txt&quot;,
        &quot;example_input_file4402.txt&quot;,
        &quot;example_input_file4403.txt&quot;,
        &quot;example_input_file4404.txt&quot;,
        &quot;example_input_file4405.txt&quot;,
        &quot;example_input_file4406.txt&quot;,
        &quot;example_input_file4407.txt&quot;,
        &quot;example_input_file4408.txt&quot;,
        &quot;example_input_file4409.txt&quot;,
        &quot;example_input_file4410.txt&quot;,
        &quot;example_input_file4411.txt&quot;,
        &quot;example_input_file4412.txt&quot;,
        &quot;example_input_file4413.txt&quot;,
        &quot;example_input_file4414.txt&quot;,
        &quot;example_input_file4415.txt&quot;,
        &quot;example_input_file4416.txt&quot;,
        &quot;example_input_file4417.txt&quot;,
        &quot;example_input_file4418.txt&quot;,
        &quot;example_input_file4419.txt&quot;,
        &quot;example_input_file4420.txt&quot;,
        &quot;example_input_file4421.txt&quot;,
        &quot;example_input_file4422.txt&quot;,
        &quot;example_input_file4423.txt&quot;,
        &quot;example_input_file4424.txt&quot;,
        &quot;example_input_file4425.txt&quot;,
        &quot;example_input_file4426.txt&quot;,
        &quot;example_input_file4427.txt&quot;,
        &quot;example_input_file4428.txt&quot;,
        &quot;example_input_file4429.txt&quot;,
        &quot;example_input_file4430.txt&quot;,
        &quot;example_input_file4431.txt&quot;,
        &quot;example_input_file4432.txt&quot;,
        &quot;example_input_file4433.txt&quot;,
        &quot;example_input_file4434.txt&quot;,
        &quot;example_input_file4435.txt&quot;,
        &quot;example_input_file4436.txt&quot;,
        &quot;example_input_file4437.txt&quot;,
        &quot;example_input_file4438.txt&quot;,
        &quot;example_input_file4439.txt&quot;,
        &quot;example_input_file4440.txt&quot;,
        &quot;example_input_file4441.txt&quot;,
        &quot;example_input_file4442.txt&quot;,
        &quot;example_input_file4443.txt&quot;,
        &quot;example_input_file4444.txt&quot;,
        &quot;example_input_file4445.txt&quot;,
        &quot;example_input_file4446.txt&quot;,
        &quot;example_input_file4447.txt&quot;,
        &quot;example_input_file4448.txt&quot;,
        &quot;example_input_file4449.txt&quot;,
        &quot;example_input_file4450.txt&quot;,
        &quot;example_input_file4451.txt&quot;,
        &quot;example_input_file4452.txt&quot;,
        &quot;example_input_file4453.txt&quot;,
        &quot;example_input_file4454.txt&quot;,
        &quot;example_input_file4455.txt&quot;,
        &quot;example_input_file4456.txt&quot;,
        &quot;example_input_file4457.txt&quot;,
        &quot;example_input_file4458.txt&quot;,
        &quot;example_input_file4459.txt&quot;,
        &quot;example_input_file4460.txt&quot;,
        &quot;example_input_file4461.txt&quot;,
        &quot;example_input_file4462.txt&quot;,
        &quot;example_input_file4463.txt&quot;,
        &quot;example_input_file4464.txt&quot;,
        &quot;example_input_file4465.txt&quot;,
        &quot;example_input_file4466.txt&quot;,
        &quot;example_input_file4467.txt&quot;,
        &quot;example_input_file4468.txt&quot;,
        &quot;example_input_file4469.txt&quot;,
        &quot;example_input_file4470.txt&quot;,
        &quot;example_input_file4471.txt&quot;,
        &quot;example_input_file4472.txt&quot;,
        &quot;example_input_file4473.txt&quot;,
        &quot;example_input_file4474.txt&quot;,
        &quot;example_input_file4475.txt&quot;,
        &quot;example_input_file4476.txt&quot;,
        &quot;example_input_file4477.txt&quot;,
        &quot;example_input_file4478.txt&quot;,
        &quot;example_input_file4479.txt&quot;,
        &quot;example_input_file4480.txt&quot;,
        &quot;example_input_file4481.txt&quot;,
        &quot;example_input_file4482.txt&quot;,
        &quot;example_input_file4483.txt&quot;,
        &quot;example_input_file4484.txt&quot;,
        &quot;example_input_file4485.txt&quot;,
        &quot;example_input_file4486.txt&quot;,
        &quot;example_input_file4487.txt&quot;,
        &quot;example_input_file4488.txt&quot;,
        &quot;example_input_file4489.txt&quot;,
        &quot;example_input_file4490.txt&quot;,
        &quot;example_input_file4491.txt&quot;,
        &quot;example_input_file4492.txt&quot;,
        &quot;example_input_file4493.txt&quot;,
        &quot;example_input_file4494.txt&quot;,
        &quot;example_input_file4495.txt&quot;,
        &quot;example_input_file4496.txt&quot;,
        &quot;example_input_file4497.txt&quot;,
        &quot;example_input_file4498.txt&quot;,
        &quot;example_input_file4499.txt&quot;,
        &quot;example_input_file4500.txt&quot;,
        &quot;example_input_file4501.txt&quot;,
        &quot;example_input_file4502.txt&quot;,
        &quot;example_input_file4503.txt&quot;,
        &quot;example_input_file4504.txt&quot;,
        &quot;example_input_file4505.txt&quot;,
        &quot;example_input_file4506.txt&quot;,
        &quot;example_input_file4507.txt&quot;,
        &quot;example_input_file4508.txt&quot;,
        &quot;example_input_file4509.txt&quot;,
        &quot;example_input_file4510.txt&quot;,
        &quot;example_input_file4511.txt&quot;,
        &quot;example_input_file4512.txt&quot;,
        &quot;example_input_file4513.txt&quot;,
        &quot;example_input_file4514.txt&quot;,
        &quot;example_input_file4515.txt&quot;,
        &quot;example_input_file4516.txt&quot;,
        &quot;example_input_file4517.txt&quot;,
        &quot;example_input_file4518.txt&quot;,
        &quot;example_input_file4519.txt&quot;,
        &quot;example_input_file4520.txt&quot;,
        &quot;example_input_file4521.txt&quot;,
        &quot;example_input_file4522.txt&quot;,
        &quot;example_input_file4523.txt&quot;,
        &quot;example_input_file4524.txt&quot;,
        &quot;example_input_file4525.txt&quot;,
        &quot;example_input_file4526.txt&quot;,
        &quot;example_input_file4527.txt&quot;,
        &quot;example_input_file4528.txt&quot;,
        &quot;example_input_file4529.txt&quot;,
        &quot;example_input_file4530.txt&quot;,
        &quot;example_input_file4531.txt&quot;,
        &quot;example_input_file4532.txt&quot;,
        &quot;example_input_file4533.txt&quot;,
        &quot;example_input_file4534.txt&quot;,
        &quot;example_input_file4535.txt&quot;,
        &quot;example_input_file4536.txt&quot;,
        &quot;example_input_file4537.txt&quot;,
        &quot;example_input_file4538.txt&quot;,
        &quot;example_input_file4539.txt&quot;,
        &quot;example_input_file4540.txt&quot;,
        &quot;example_input_file4541.txt&quot;,
        &quot;example_input_file4542.txt&quot;,
        &quot;example_input_file4543.txt&quot;,
        &quot;example_input_file4544.txt&quot;,
        &quot;example_input_file4545.txt&quot;,
        &quot;example_input_file4546.txt&quot;,
        &quot;example_input_file4547.txt&quot;,
        &quot;example_input_file4548.txt&quot;,
        &quot;example_input_file4549.txt&quot;,
        &quot;example_input_file4550.txt&quot;,
        &quot;example_input_file4551.txt&quot;,
        &quot;example_input_file4552.txt&quot;,
        &quot;example_input_file4553.txt&quot;,
        &quot;example_input_file4554.txt&quot;,
        &quot;example_input_file4555.txt&quot;,
        &quot;example_input_file4556.txt&quot;,
        &quot;example_input_file4557.txt&quot;,
        &quot;example_input_file4558.txt&quot;,
        &quot;example_input_file4559.txt&quot;,
        &quot;example_input_file4560.txt&quot;,
        &quot;example_input_file4561.txt&quot;,
        &quot;example_input_file4562.txt&quot;,
        &quot;example_input_file4563.txt&quot;,
        &quot;example_input_file4564.txt&quot;,
        &quot;example_input_file4565.txt&quot;,
        &quot;example_input_file4566.txt&quot;,
        &quot;example_input_file4567.txt&quot;,
        &quot;example_input_file4568.txt&quot;,
        &quot;example_input_file4569.txt&quot;,
        &quot;example_input_file4570.txt&quot;,
        &quot;example_input_file4571.txt&quot;,
        &quot;example_input_file4572.txt&quot;,
        &quot;example_input_file4573.txt&quot;,
        &quot;example_input_file4574.txt&quot;,
        &quot;example_input_file4575.txt&quot;,
        &quot;example_input_file4576.txt&quot;,
        &quot;example_input_file4577.txt&quot;,
        &quot;example_input_file4578.txt&quot;,
        &quot;example_input_file4579.txt&quot;,
        &quot;example_input_file4580.txt&quot;,
        &quot;example_input_file4581.txt&quot;,
        &quot;example_input_file4582.txt&quot;,
        &quot;example_input_file4583.txt&quot;,
        &quot;example_input_file4584.txt&quot;,
        &quot;example_input_file4585.txt&quot;,
        &quot;example_input_file4586.txt&quot;,
        &quot;example_input_file4587.txt&quot;,
        &quot;example_input_file4588.txt&quot;,
        &quot;example_input_file4589.txt&quot;,
        &quot;example_input_file4590.txt&quot;,
        &quot;example_input_file4591.txt&quot;,
        &quot;example_input_file4592.txt&quot;,
        &quot;example_input_file4593.txt&quot;,
        &quot;example_input_file4594.txt&quot;,
        &quot;example_input_file4595.txt&quot;,
        &quot;example_input_file4596.txt&quot;,
        &quot;example_input_file4597.txt&quot;,
        &quot;example_input_file4598.txt&quot;,
        &quot;example_input_file4599.txt&quot;,
        &quot;example_input_file4600.txt&quot;,
        &quot;example_input_file4601.txt&quot;,
        &quot;example_input_file4602.txt&quot;,
        &quot;example_input_file4603.txt&quot;,
        &quot;example_input_file4604.txt&quot;,
        &quot;example_input_file4605.txt&quot;,
        &quot;example_input_file4606.txt&quot;,
        &quot;example_input_file4607.txt&quot;,
        &quot;example_input_file4608.txt&quot;,
        &quot;example_input_file4609.txt&quot;,
        &quot;example_input_file4610.txt&quot;,
        &quot;example_input_file4611.txt&quot;,
        &quot;example_input_file4612.txt&quot;,
        &quot;example_input_file4613.txt&quot;,
        &quot;example_input_file4614.txt&quot;,
        &quot;example_input_file4615.txt&quot;,
        &quot;example_input_file4616.txt&quot;,
        &quot;example_input_file4617.txt&quot;,
        &quot;example_input_file4618.txt&quot;,
        &quot;example_input_file4619.txt&quot;,
        &quot;example_input_file4620.txt&quot;,
        &quot;example_input_file4621.txt&quot;,
        &quot;example_input_file4622.txt&quot;,
        &quot;example_input_file4623.txt&quot;,
        &quot;example_input_file4624.txt&quot;,
        &quot;example_input_file4625.txt&quot;,
        &quot;example_input_file4626.txt&quot;,
        &quot;example_input_file4627.txt&quot;,
        &quot;example_input_file4628.txt&quot;,
        &quot;example_input_file4629.txt&quot;,
        &quot;example_input_file4630.txt&quot;,
        &quot;example_input_file4631.txt&quot;,
        &quot;example_input_file4632.txt&quot;,
        &quot;example_input_file4633.txt&quot;,
        &quot;example_input_file4634.txt&quot;,
        &quot;example_input_file4635.txt&quot;,
        &quot;example_input_file4636.txt&quot;,
        &quot;example_input_file4637.txt&quot;,
        &quot;example_input_file4638.txt&quot;,
        &quot;example_input_file4639.txt&quot;,
        &quot;example_input_file4640.txt&quot;,
        &quot;example_input_file4641.txt&quot;,
        &quot;example_input_file4642.txt&quot;,
        &quot;example_input_file4643.txt&quot;,
        &quot;example_input_file4644.txt&quot;,
        &quot;example_input_file4645.txt&quot;,
        &quot;example_input_file4646.txt&quot;,
        &quot;example_input_file4647.txt&quot;,
        &quot;example_input_file4648.txt&quot;,
        &quot;example_input_file4649.txt&quot;,
        &quot;example_input_file4650.txt&quot;,
        &quot;example_input_file4651.txt&quot;,
        &quot;example_input_file4652.txt&quot;,
        &quot;example_input_file4653.txt&quot;,
        &quot;example_input_file4654.txt&quot;,
        &quot;example_input_file4655.txt&quot;,
        &quot;example_input_file4656.txt&quot;,
        &quot;example_input_file4657.txt&quot;,
        &quot;example_input_file4658.txt&quot;,
        &quot;example_input_file4659.txt&quot;,
        &quot;example_input_file4660.txt&quot;,
        &quot;example_input_file4661.txt&quot;,
        &quot;example_input_file4662.txt&quot;,
        &quot;example_input_file4663.txt&quot;,
        &quot;example_input_file4664.txt&quot;,
        &quot;example_input_file4665.txt&quot;,
        &quot;example_input_file4666.txt&quot;,
        &quot;example_input_file4667.txt&quot;,
        &quot;example_input_file4668.txt&quot;,
        &quot;example_input_file4669.txt&quot;,
        &quot;example_input_file4670.txt&quot;,
        &quot;example_input_file4671.txt&quot;,
        &quot;example_input_file4672.txt&quot;,
        &quot;example_input_file4673.txt&quot;,
        &quot;example_input_file4674.txt&quot;,
        &quot;example_input_file4675.txt&quot;,
        &quot;example_input_file4676.txt&quot;,
        &quot;example_input_file4677.txt&quot;,
        &quot;example_input_file4678.txt&quot;,
        &quot;example_input_file4679.txt&quot;,
        &quot;example_input_file4680.txt&quot;,
        &quot;example_input_file4681.txt&quot;,
        &quot;example_input_file4682.txt&quot;,
        &quot;example_input_file4683.txt&quot;,
        &quot;example_input_file4684.txt&quot;,
        &quot;example_input_file4685.txt&quot;,
        &quot;example_input_file4686.txt&quot;,
        &quot;example_input_file4687.txt&quot;,
        &quot;example_input_file4688.txt&quot;,
        &quot;example_input_file4689.txt&quot;,
        &quot;example_input_file4690.txt&quot;,
        &quot;example_input_file4691.txt&quot;,
        &quot;example_input_file4692.txt&quot;,
        &quot;example_input_file4693.txt&quot;,
        &quot;example_input_file4694.txt&quot;,
        &quot;example_input_file4695.txt&quot;,
        &quot;example_input_file4696.txt&quot;,
        &quot;example_input_file4697.txt&quot;,
        &quot;example_input_file4698.txt&quot;,
        &quot;example_input_file4699.txt&quot;,
        &quot;example_input_file4700.txt&quot;,
        &quot;example_input_file4701.txt&quot;,
        &quot;example_input_file4702.txt&quot;,
        &quot;example_input_file4703.txt&quot;,
        &quot;example_input_file4704.txt&quot;,
        &quot;example_input_file4705.txt&quot;,
        &quot;example_input_file4706.txt&quot;,
        &quot;example_input_file4707.txt&quot;,
        &quot;example_input_file4708.txt&quot;,
        &quot;example_input_file4709.txt&quot;,
        &quot;example_input_file4710.txt&quot;,
        &quot;example_input_file4711.txt&quot;,
        &quot;example_input_file4712.txt&quot;,
        &quot;example_input_file4713.txt&quot;,
        &quot;example_input_file4714.txt&quot;,
        &quot;example_input_file4715.txt&quot;,
        &quot;example_input_file4716.txt&quot;,
        &quot;example_input_file4717.txt&quot;,
        &quot;example_input_file4718.txt&quot;,
        &quot;example_input_file4719.txt&quot;,
        &quot;example_input_file4720.txt&quot;,
        &quot;example_input_file4721.txt&quot;,
        &quot;example_input_file4722.txt&quot;,
        &quot;example_input_file4723.txt&quot;,
        &quot;example_input_file4724.txt&quot;,
        &quot;example_input_file4725.txt&quot;,
        &quot;example_input_file4726.txt&quot;,
        &quot;example_input_file4727.txt&quot;,
        &quot;example_input_file4728.txt&quot;,
        &quot;example_input_file4729.txt&quot;,
        &quot;example_input_file4730.txt&quot;,
        &quot;example_input_file4731.txt&quot;,
        &quot;example_input_file4732.txt&quot;,
        &quot;example_input_file4733.txt&quot;,
        &quot;example_input_file4734.txt&quot;,
        &quot;example_input_file4735.txt&quot;,
        &quot;example_input_file4736.txt&quot;,
        &quot;example_input_file4737.txt&quot;,
        &quot;example_input_file4738.txt&quot;,
        &quot;example_input_file4739.txt&quot;,
        &quot;example_input_file4740.txt&quot;,
        &quot;example_input_file4741.txt&quot;,
        &quot;example_input_file4742.txt&quot;,
        &quot;example_input_file4743.txt&quot;,
        &quot;example_input_file4744.txt&quot;,
        &quot;example_input_file4745.txt&quot;,
        &quot;example_input_file4746.txt&quot;,
        &quot;example_input_file4747.txt&quot;,
        &quot;example_input_file4748.txt&quot;,
        &quot;example_input_file4749.txt&quot;,
        &quot;example_input_file4750.txt&quot;,
        &quot;example_input_file4751.txt&quot;,
        &quot;example_input_file4752.txt&quot;,
        &quot;example_input_file4753.txt&quot;,
        &quot;example_input_file4754.txt&quot;,
        &quot;example_input_file4755.txt&quot;,
        &quot;example_input_file4756.txt&quot;,
        &quot;example_input_file4757.txt&quot;,
        &quot;example_input_file4758.txt&quot;,
        &quot;example_input_file4759.txt&quot;,
        &quot;example_input_file4760.txt&quot;,
        &quot;example_input_file4761.txt&quot;,
        &quot;example_input_file4762.txt&quot;,
        &quot;example_input_file4763.txt&quot;,
        &quot;example_input_file4764.txt&quot;,
        &quot;example_input_file4765.txt&quot;,
        &quot;example_input_file4766.txt&quot;,
        &quot;example_input_file4767.txt&quot;,
        &quot;example_input_file4768.txt&quot;,
        &quot;example_input_file4769.txt&quot;,
        &quot;example_input_file4770.txt&quot;,
        &quot;example_input_file4771.txt&quot;,
        &quot;example_input_file4772.txt&quot;,
        &quot;example_input_file4773.txt&quot;,
        &quot;example_input_file4774.txt&quot;,
        &quot;example_input_file4775.txt&quot;,
        &quot;example_input_file4776.txt&quot;,
        &quot;example_input_file4777.txt&quot;,
        &quot;example_input_file4778.txt&quot;,
        &quot;example_input_file4779.txt&quot;,
        &quot;example_input_file4780.txt&quot;,
        &quot;example_input_file4781.txt&quot;,
        &quot;example_input_file4782.txt&quot;,
        &quot;example_input_file4783.txt&quot;,
        &quot;example_input_file4784.txt&quot;,
        &quot;example_input_file4785.txt&quot;,
        &quot;example_input_file4786.txt&quot;,
        &quot;example_input_file4787.txt&quot;,
        &quot;example_input_file4788.txt&quot;,
        &quot;example_input_file4789.txt&quot;,
        &quot;example_input_file4790.txt&quot;,
        &quot;example_input_file4791.txt&quot;,
        &quot;example_input_file4792.txt&quot;,
        &quot;example_input_file4793.txt&quot;,
        &quot;example_input_file4794.txt&quot;,
        &quot;example_input_file4795.txt&quot;,
        &quot;example_input_file4796.txt&quot;,
        &quot;example_input_file4797.txt&quot;,
        &quot;example_input_file4798.txt&quot;,
        &quot;example_input_file4799.txt&quot;,
        &quot;example_input_file4800.txt&quot;,
        &quot;example_input_file4801.txt&quot;,
        &quot;example_input_file4802.txt&quot;,
        &quot;example_input_file4803.txt&quot;,
        &quot;example_input_file4804.txt&quot;,
        &quot;example_input_file4805.txt&quot;,
        &quot;example_input_file4806.txt&quot;,
        &quot;example_input_file4807.txt&quot;,
        &quot;example_input_file4808.txt&quot;,
        &quot;example_input_file4809.txt&quot;,
        &quot;example_input_file4810.txt&quot;,
        &quot;example_input_file4811.txt&quot;,
        &quot;example_input_file4812.txt&quot;,
        &quot;example_input_file4813.txt&quot;,
        &quot;example_input_file4814.txt&quot;,
        &quot;example_input_file4815.txt&quot;,
        &quot;example_input_file4816.txt&quot;,
        &quot;example_input_file4817.txt&quot;,
        &quot;example_input_file4818.txt&quot;,
        &quot;example_input_file4819.txt&quot;,
        &quot;example_input_file4820.txt&quot;,
        &quot;example_input_file4821.txt&quot;,
        &quot;example_input_file4822.txt&quot;,
        &quot;example_input_file4823.txt&quot;,
        &quot;example_input_file4824.txt&quot;,
        &quot;example_input_file4825.txt&quot;,
        &quot;example_input_file4826.txt&quot;,
        &quot;example_input_file4827.txt&quot;,
        &quot;example_input_file4828.txt&quot;,
        &quot;example_input_file4829.txt&quot;,
        &quot;example_input_file4830.txt&quot;,
        &quot;example_input_file4831.txt&quot;,
        &quot;example_input_file4832.txt&quot;,
        &quot;example_input_file4833.txt&quot;,
        &quot;example_input_file4834.txt&quot;,
        &quot;example_input_file4835.txt&quot;,
        &quot;example_input_file4836.txt&quot;,
        &quot;example_input_file4837.txt&quot;,
        &quot;example_input_file4838.txt&quot;,
        &quot;example_input_file4839.txt&quot;,
        &quot;example_input_file4840.txt&quot;,
        &quot;example_input_file4841.txt&quot;,
        &quot;example_input_file4842.txt&quot;,
        &quot;example_input_file4843.txt&quot;,
        &quot;example_input_file4844.txt&quot;,
        &quot;example_input_file4845.txt&quot;,
        &quot;example_input_file4846.txt&quot;,
        &quot;example_input_file4847.txt&quot;,
        &quot;example_input_file4848.txt&quot;,
        &quot;example_input_file4849.txt&quot;,
        &quot;example_input_file4850.txt&quot;,
        &quot;example_input_file4851.txt&quot;,
        &quot;example_input_file4852.txt&quot;,
        &quot;example_input_file4853.txt&quot;,
        &quot;example_input_file4854.txt&quot;,
        &quot;example_input_file4855.txt&quot;,
        &quot;example_input_file4856.txt&quot;,
        &quot;example_input_file4857.txt&quot;,
        &quot;example_input_file4858.txt&quot;,
        &quot;example_input_file4859.txt&quot;,
        &quot;example_input_file4860.txt&quot;,
        &quot;example_input_file4861.txt&quot;,
        &quot;example_input_file4862.txt&quot;,
        &quot;example_input_file4863.txt&quot;,
        &quot;example_input_file4864.txt&quot;,
        &quot;example_input_file4865.txt&quot;,
        &quot;example_input_file4866.txt&quot;,
        &quot;example_input_file4867.txt&quot;,
        &quot;example_input_file4868.txt&quot;,
        &quot;example_input_file4869.txt&quot;,
        &quot;example_input_file4870.txt&quot;,
        &quot;example_input_file4871.txt&quot;,
        &quot;example_input_file4872.txt&quot;,
        &quot;example_input_file4873.txt&quot;,
        &quot;example_input_file4874.txt&quot;,
        &quot;example_input_file4875.txt&quot;,
        &quot;example_input_file4876.txt&quot;,
        &quot;example_input_file4877.txt&quot;,
        &quot;example_input_file4878.txt&quot;,
        &quot;example_input_file4879.txt&quot;,
        &quot;example_input_file4880.txt&quot;,
        &quot;example_input_file4881.txt&quot;,
        &quot;example_input_file4882.txt&quot;,
        &quot;example_input_file4883.txt&quot;,
        &quot;example_input_file4884.txt&quot;,
        &quot;example_input_file4885.txt&quot;,
        &quot;example_input_file4886.txt&quot;,
        &quot;example_input_file4887.txt&quot;,
        &quot;example_input_file4888.txt&quot;,
        &quot;example_input_file4889.txt&quot;,
        &quot;example_input_file4890.txt&quot;,
        &quot;example_input_file4891.txt&quot;,
        &quot;example_input_file4892.txt&quot;,
        &quot;example_input_file4893.txt&quot;,
        &quot;example_input_file4894.txt&quot;,
        &quot;example_input_file4895.txt&quot;,
        &quot;example_input_file4896.txt&quot;,
        &quot;example_input_file4897.txt&quot;,
        &quot;example_input_file4898.txt&quot;,
        &quot;example_input_file4899.txt&quot;,
        &quot;example_input_file4900.txt&quot;,
        &quot;example_input_file4901.txt&quot;,
        &quot;example_input_file4902.txt&quot;,
        &quot;example_input_file4903.txt&quot;,
        &quot;example_input_file4904.txt&quot;,
        &quot;example_input_file4905.txt&quot;,
        &quot;example_input_file4906.txt&quot;,
        &quot;example_input_file4907.txt&quot;,
        &quot;example_input_file4908.txt&quot;,
        &quot;example_input_file4909.txt&quot;,
        &quot;example_input_file4910.txt&quot;,
        &quot;example_input_file4911.txt&quot;,
        &quot;example_input_file4912.txt&quot;,
        &quot;example_input_file4913.txt&quot;,
        &quot;example_input_file4914.txt&quot;,
        &quot;example_input_file4915.txt&quot;,
        &quot;example_input_file4916.txt&quot;,
        &quot;example_input_file4917.txt&quot;,
        &quot;example_input_file4918.txt&quot;,
        &quot;example_input_file4919.txt&quot;,
        &quot;example_input_file4920.txt&quot;,
        &quot;example_input_file4921.txt&quot;,
        &quot;example_input_file4922.txt&quot;,
        &quot;example_input_file4923.txt&quot;,
        &quot;example_input_file4924.txt&quot;,
        &quot;example_input_file4925.txt&quot;,
        &quot;example_input_file4926.txt&quot;,
        &quot;example_input_file4927.txt&quot;,
        &quot;example_input_file4928.txt&quot;,
        &quot;example_input_file4929.txt&quot;,
        &quot;example_input_file4930.txt&quot;,
        &quot;example_input_file4931.txt&quot;,
        &quot;example_input_file4932.txt&quot;,
        &quot;example_input_file4933.txt&quot;,
        &quot;example_input_file4934.txt&quot;,
        &quot;example_input_file4935.txt&quot;,
        &quot;example_input_file4936.txt&quot;,
        &quot;example_input_file4937.txt&quot;,
        &quot;example_input_file4938.txt&quot;,
        &quot;example_input_file4939.txt&quot;,
        &quot;example_input_file4940.txt&quot;,
        &quot;example_input_file4941.txt&quot;,
        &quot;example_input_file4942.txt&quot;,
        &quot;example_input_file4943.txt&quot;,
        &quot;example_input_file4944.txt&quot;,
        &quot;example_input_file4945.txt&quot;,
        &quot;example_input_file4946.txt&quot;,
        &quot;example_input_file4947.txt&quot;,
        &quot;example_input_file4948.txt&quot;,
        &quot;example_input_file4949.txt&quot;,
        &quot;example_input_file4950.txt&quot;,
        &quot;example_input_file4951.txt&quot;,
        &quot;example_input_file4952.txt&quot;,
        &quot;example_input_file4953.txt&quot;,
        &quot;example_input_file4954.txt&quot;,
        &quot;example_input_file4955.txt&quot;,
        &quot;example_input_file4956.txt&quot;,
        &quot;example_input_file4957.txt&quot;,
        &quot;example_input_file4958.txt&quot;,
        &quot;example_input_file4959.txt&quot;,
        &quot;example_input_file4960.txt&quot;,
        &quot;example_input_file4961.txt&quot;,
        &quot;example_input_file4962.txt&quot;,
        &quot;example_input_file4963.txt&quot;,
        &quot;example_input_file4964.txt&quot;,
        &quot;example_input_file4965.txt&quot;,
        &quot;example_input_file4966.txt&quot;,
        &quot;example_input_file4967.txt&quot;,
        &quot;example_input_file4968.txt&quot;,
        &quot;example_input_file4969.txt&quot;,
        &quot;example_input_file4970.txt&quot;,
        &quot;example_input_file4971.txt&quot;,
        &quot;example_input_file4972.txt&quot;,
        &quot;example_input_file4973.txt&quot;,
        &quot;example_input_file4974.txt&quot;,
        &quot;example_input_file4975.txt&quot;,
        &quot;example_input_file4976.txt&quot;,
        &quot;example_input_file4977.txt&quot;,
        &quot;example_input_file4978.txt&quot;,
        &quot;example_input_file4979.txt&quot;,
        &quot;example_input_file4980.txt&quot;,
        &quot;example_input_file4981.txt&quot;,
        &quot;example_input_file4982.txt&quot;,
        &quot;example_input_file4983.txt&quot;,
        &quot;example_input_file4984.txt&quot;,
        &quot;example_input_file4985.txt&quot;,
        &quot;example_input_file4986.txt&quot;,
        &quot;example_input_file4987.txt&quot;,
        &quot;example_input_file4988.txt&quot;,
        &quot;example_input_file4989.txt&quot;,
        &quot;example_input_file4990.txt&quot;,
        &quot;example_input_file4991.txt&quot;,
        &quot;example_input_file4992.txt&quot;,
        &quot;example_input_file4993.txt&quot;,
        &quot;example_input_file4994.txt&quot;,
        &quot;example_input_file4995.txt&quot;,
        &quot;example_input_file4996.txt&quot;,
        &quot;example_input_file4997.txt&quot;,
        &quot;example_input_file4998.txt&quot;,
        &quot;example_input_file4999.txt&quot;,
        &quot;example_input_file5000.txt&quot;,
        &quot;example_input_file5001.txt&quot;,
        &quot;example_input_file5002.txt&quot;,
        &quot;example_input_file5003.txt&quot;,
        &quot;example_input_file5004.txt&quot;,
        &quot;example_input_file5005.txt&quot;,
        &quot;example_input_file5006.txt&quot;,
        &quot;example_input_file5007.txt&quot;,
        &quot;example_input_file5008.txt&quot;,
        &quot;example_input_file5009.txt&quot;,
        &quot;example_input_file5010.txt&quot;,
        &quot;example_input_file5011.txt&quot;,
        &quot;example_input_file5012.txt&quot;,
        &quot;example_input_file5013.txt&quot;,
        &quot;example_input_file5014.txt&quot;,
        &quot;example_input_file5015.txt&quot;,
        &quot;example_input_file5016.txt&quot;,
        &quot;example_input_file5017.txt&quot;,
        &quot;example_input_file5018.txt&quot;,
        &quot;example_input_file5019.txt&quot;,
        &quot;example_input_file5020.txt&quot;,
        &quot;example_input_file5021.txt&quot;,
        &quot;example_input_file5022.txt&quot;,
        &quot;example_input_file5023.txt&quot;,
        &quot;example_input_file5024.txt&quot;,
        &quot;example_input_file5025.txt&quot;,
        &quot;example_input_file5026.txt&quot;,
        &quot;example_input_file5027.txt&quot;,
        &quot;example_input_file5028.txt&quot;,
        &quot;example_input_file5029.txt&quot;,
        &quot;example_input_file5030.txt&quot;,
        &quot;example_input_file5031.txt&quot;,
        &quot;example_input_file5032.txt&quot;,
        &quot;example_input_file5033.txt&quot;,
        &quot;example_input_file5034.txt&quot;,
        &quot;example_input_file5035.txt&quot;,
        &quot;example_input_file5036.txt&quot;,
        &quot;example_input_file5037.txt&quot;,
        &quot;example_input_file5038.txt&quot;,
        &quot;example_input_file5039.txt&quot;,
        &quot;example_input_file5040.txt&quot;,
        &quot;example_input_file5041.txt&quot;,
        &quot;example_input_file5042.txt&quot;,
        &quot;example_input_file5043.txt&quot;,
        &quot;example_input_file5044.txt&quot;,
        &quot;example_input_file5045.txt&quot;,
        &quot;example_input_file5046.txt&quot;,
        &quot;example_input_file5047.txt&quot;,
        &quot;example_input_file5048.txt&quot;,
        &quot;example_input_file5049.txt&quot;,
        &quot;example_input_file5050.txt&quot;,
        &quot;example_input_file5051.txt&quot;,
        &quot;example_input_file5052.txt&quot;,
        &quot;example_input_file5053.txt&quot;,
        &quot;example_input_file5054.txt&quot;,
        &quot;example_input_file5055.txt&quot;,
        &quot;example_input_file5056.txt&quot;,
        &quot;example_input_file5057.txt&quot;,
        &quot;example_input_file5058.txt&quot;,
        &quot;example_input_file5059.txt&quot;,
        &quot;example_input_file5060.txt&quot;,
        &quot;example_input_file5061.txt&quot;,
        &quot;example_input_file5062.txt&quot;,
        &quot;example_input_file5063.txt&quot;,
        &quot;example_input_file5064.txt&quot;,
        &quot;example_input_file5065.txt&quot;,
        &quot;example_input_file5066.txt&quot;,
        &quot;example_input_file5067.txt&quot;,
        &quot;example_input_file5068.txt&quot;,
        &quot;example_input_file5069.txt&quot;,
        &quot;example_input_file5070.txt&quot;,
        &quot;example_input_file5071.txt&quot;,
        &quot;example_input_file5072.txt&quot;,
        &quot;example_input_file5073.txt&quot;,
        &quot;example_input_file5074.txt&quot;,
        &quot;example_input_file5075.txt&quot;,
        &quot;example_input_file5076.txt&quot;,
        &quot;example_input_file5077.txt&quot;,
        &quot;example_input_file5078.txt&quot;,
        &quot;example_input_file5079.txt&quot;,
        &quot;example_input_file5080.txt&quot;,
        &quot;example_input_file5081.txt&quot;,
        &quot;example_input_file5082.txt&quot;,
        &quot;example_input_file5083.txt&quot;,
        &quot;example_input_file5084.txt&quot;,
        &quot;example_input_file5085.txt&quot;,
        &quot;example_input_file5086.txt&quot;,
        &quot;example_input_file5087.txt&quot;,
        &quot;example_input_file5088.txt&quot;,
        &quot;example_input_file5089.txt&quot;,
        &quot;example_input_file5090.txt&quot;,
        &quot;example_input_file5091.txt&quot;,
        &quot;example_input_file5092.txt&quot;,
        &quot;example_input_file5093.txt&quot;,
        &quot;example_input_file5094.txt&quot;,
        &quot;example_input_file5095.txt&quot;,
        &quot;example_input_file5096.txt&quot;,
        &quot;example_input_file5097.txt&quot;,
        &quot;example_input_file5098.txt&quot;,
        &quot;example_input_file5099.txt&quot;,
        &quot;example_input_file5100.txt&quot;,
        &quot;example_input_file5101.txt&quot;,
        &quot;example_input_file5102.txt&quot;,
        &quot;example_input_file5103.txt&quot;,
        &quot;example_input_file5104.txt&quot;,
        &quot;example_input_file5105.txt&quot;,
        &quot;example_input_file5106.txt&quot;,
        &quot;example_input_file5107.txt&quot;,
        &quot;example_input_file5108.txt&quot;,
        &quot;example_input_file5109.txt&quot;,
        &quot;example_input_file5110.txt&quot;,
        &quot;example_input_file5111.txt&quot;,
        &quot;example_input_file5112.txt&quot;,
        &quot;example_input_file5113.txt&quot;,
        &quot;example_input_file5114.txt&quot;,
        &quot;example_input_file5115.txt&quot;,
        &quot;example_input_file5116.txt&quot;,
        &quot;example_input_file5117.txt&quot;,
        &quot;example_input_file5118.txt&quot;,
        &quot;example_input_file5119.txt&quot;,
        &quot;example_input_file5120.txt&quot;,
        &quot;example_input_file5121.txt&quot;,
        &quot;example_input_file5122.txt&quot;,
        &quot;example_input_file5123.txt&quot;,
        &quot;example_input_file5124.txt&quot;,
        &quot;example_input_file5125.txt&quot;,
        &quot;example_input_file5126.txt&quot;,
        &quot;example_input_file5127.txt&quot;,
        &quot;example_input_file5128.txt&quot;,
        &quot;example_input_file5129.txt&quot;,
        &quot;example_input_file5130.txt&quot;,
        &quot;example_input_file5131.txt&quot;,
        &quot;example_input_file5132.txt&quot;,
        &quot;example_input_file5133.txt&quot;,
        &quot;example_input_file5134.txt&quot;,
        &quot;example_input_file5135.txt&quot;,
        &quot;example_input_file5136.txt&quot;,
        &quot;example_input_file5137.txt&quot;,
        &quot;example_input_file5138.txt&quot;,
        &quot;example_input_file5139.txt&quot;,
        &quot;example_input_file5140.txt&quot;,
        &quot;example_input_file5141.txt&quot;,
        &quot;example_input_file5142.txt&quot;,
        &quot;example_input_file5143.txt&quot;,
        &quot;example_input_file5144.txt&quot;,
        &quot;example_input_file5145.txt&quot;,
        &quot;example_input_file5146.txt&quot;,
        &quot;example_input_file5147.txt&quot;,
        &quot;example_input_file5148.txt&quot;,
        &quot;example_input_file5149.txt&quot;,
        &quot;example_input_file5150.txt&quot;,
        &quot;example_input_file5151.txt&quot;,
        &quot;example_input_file5152.txt&quot;,
        &quot;example_input_file5153.txt&quot;,
        &quot;example_input_file5154.txt&quot;,
        &quot;example_input_file5155.txt&quot;,
        &quot;example_input_file5156.txt&quot;,
        &quot;example_input_file5157.txt&quot;,
        &quot;example_input_file5158.txt&quot;,
        &quot;example_input_file5159.txt&quot;,
        &quot;example_input_file5160.txt&quot;,
        &quot;example_input_file5161.txt&quot;,
        &quot;example_input_file5162.txt&quot;,
        &quot;example_input_file5163.txt&quot;,
        &quot;example_input_file5164.txt&quot;,
        &quot;example_input_file5165.txt&quot;,
        &quot;example_input_file5166.txt&quot;,
        &quot;example_input_file5167.txt&quot;,
        &quot;example_input_file5168.txt&quot;,
        &quot;example_input_file5169.txt&quot;,
        &quot;example_input_file5170.txt&quot;,
        &quot;example_input_file5171.txt&quot;,
        &quot;example_input_file5172.txt&quot;,
        &quot;example_input_file5173.txt&quot;,
        &quot;example_input_file5174.txt&quot;,
        &quot;example_input_file5175.txt&quot;,
        &quot;example_input_file5176.txt&quot;,
        &quot;example_input_file5177.txt&quot;,
        &quot;example_input_file5178.txt&quot;,
        &quot;example_input_file5179.txt&quot;,
        &quot;example_input_file5180.txt&quot;,
        &quot;example_input_file5181.txt&quot;,
        &quot;example_input_file5182.txt&quot;,
        &quot;example_input_file5183.txt&quot;,
        &quot;example_input_file5184.txt&quot;,
        &quot;example_input_file5185.txt&quot;,
        &quot;example_input_file5186.txt&quot;,
        &quot;example_input_file5187.txt&quot;,
        &quot;example_input_file5188.txt&quot;,
        &quot;example_input_file5189.txt&quot;,
        &quot;example_input_file5190.txt&quot;,
        &quot;example_input_file5191.txt&quot;,
        &quot;example_input_file5192.txt&quot;,
        &quot;example_input_file5193.txt&quot;,
        &quot;example_input_file5194.txt&quot;,
        &quot;example_input_file5195.txt&quot;,
        &quot;example_input_file5196.txt&quot;,
        &quot;example_input_file5197.txt&quot;,
        &quot;example_input_file5198.txt&quot;,
        &quot;example_input_file5199.txt&quot;,
        &quot;example_input_file5200.txt&quot;,
        &quot;example_input_file5201.txt&quot;,
        &quot;example_input_file5202.txt&quot;,
        &quot;example_input_file5203.txt&quot;,
        &quot;example_input_file5204.txt&quot;,
        &quot;example_input_file5205.txt&quot;,
        &quot;example_input_file5206.txt&quot;,
        &quot;example_input_file5207.txt&quot;,
        &quot;example_input_file5208.txt&quot;,
        &quot;example_input_file5209.txt&quot;,
        &quot;example_input_file5210.txt&quot;,
        &quot;example_input_file5211.txt&quot;,
        &quot;example_input_file5212.txt&quot;,
        &quot;example_input_file5213.txt&quot;,
        &quot;example_input_file5214.txt&quot;,
        &quot;example_input_file5215.txt&quot;,
        &quot;example_input_file5216.txt&quot;,
        &quot;example_input_file5217.txt&quot;,
        &quot;example_input_file5218.txt&quot;,
        &quot;example_input_file5219.txt&quot;,
        &quot;example_input_file5220.txt&quot;,
        &quot;example_input_file5221.txt&quot;,
        &quot;example_input_file5222.txt&quot;,
        &quot;example_input_file5223.txt&quot;,
        &quot;example_input_file5224.txt&quot;,
        &quot;example_input_file5225.txt&quot;,
        &quot;example_input_file5226.txt&quot;,
        &quot;example_input_file5227.txt&quot;,
        &quot;example_input_file5228.txt&quot;,
        &quot;example_input_file5229.txt&quot;,
        &quot;example_input_file5230.txt&quot;,
        &quot;example_input_file5231.txt&quot;,
        &quot;example_input_file5232.txt&quot;,
        &quot;example_input_file5233.txt&quot;,
        &quot;example_input_file5234.txt&quot;,
        &quot;example_input_file5235.txt&quot;,
        &quot;example_input_file5236.txt&quot;,
        &quot;example_input_file5237.txt&quot;,
        &quot;example_input_file5238.txt&quot;,
        &quot;example_input_file5239.txt&quot;,
        &quot;example_input_file5240.txt&quot;,
        &quot;example_input_file5241.txt&quot;,
        &quot;example_input_file5242.txt&quot;,
        &quot;example_input_file5243.txt&quot;,
        &quot;example_input_file5244.txt&quot;,
        &quot;example_input_file5245.txt&quot;,
        &quot;example_input_file5246.txt&quot;,
        &quot;example_input_file5247.txt&quot;,
        &quot;example_input_file5248.txt&quot;,
        &quot;example_input_file5249.txt&quot;,
        &quot;example_input_file5250.txt&quot;,
        &quot;example_input_file5251.txt&quot;,
        &quot;example_input_file5252.txt&quot;,
        &quot;example_input_file5253.txt&quot;,
        &quot;example_input_file5254.txt&quot;,
        &quot;example_input_file5255.txt&quot;,
        &quot;example_input_file5256.txt&quot;,
        &quot;example_input_file5257.txt&quot;,
        &quot;example_input_file5258.txt&quot;,
        &quot;example_input_file5259.txt&quot;,
        &quot;example_input_file5260.txt&quot;,
        &quot;example_input_file5261.txt&quot;,
        &quot;example_input_file5262.txt&quot;,
        &quot;example_input_file5263.txt&quot;,
        &quot;example_input_file5264.txt&quot;,
        &quot;example_input_file5265.txt&quot;,
        &quot;example_input_file5266.txt&quot;,
        &quot;example_input_file5267.txt&quot;,
        &quot;example_input_file5268.txt&quot;,
        &quot;example_input_file5269.txt&quot;,
        &quot;example_input_file5270.txt&quot;,
        &quot;example_input_file5271.txt&quot;,
        &quot;example_input_file5272.txt&quot;,
        &quot;example_input_file5273.txt&quot;,
        &quot;example_input_file5274.txt&quot;,
        &quot;example_input_file5275.txt&quot;,
        &quot;example_input_file5276.txt&quot;,
        &quot;example_input_file5277.txt&quot;,
        &quot;example_input_file5278.txt&quot;,
        &quot;example_input_file5279.txt&quot;,
        &quot;example_input_file5280.txt&quot;,
        &quot;example_input_file5281.txt&quot;,
        &quot;example_input_file5282.txt&quot;,
        &quot;example_input_file5283.txt&quot;,
        &quot;example_input_file5284.txt&quot;,
        &quot;example_input_file5285.txt&quot;,
        &quot;example_input_file5286.txt&quot;,
        &quot;example_input_file5287.txt&quot;,
        &quot;example_input_file5288.txt&quot;,
        &quot;example_input_file5289.txt&quot;,
        &quot;example_input_file5290.txt&quot;,
        &quot;example_input_file5291.txt&quot;,
        &quot;example_input_file5292.txt&quot;,
        &quot;example_input_file5293.txt&quot;,
        &quot;example_input_file5294.txt&quot;,
        &quot;example_input_file5295.txt&quot;,
        &quot;example_input_file5296.txt&quot;,
        &quot;example_input_file5297.txt&quot;,
        &quot;example_input_file5298.txt&quot;,
        &quot;example_input_file5299.txt&quot;,
        &quot;example_input_file5300.txt&quot;,
        &quot;example_input_file5301.txt&quot;,
        &quot;example_input_file5302.txt&quot;,
        &quot;example_input_file5303.txt&quot;,
        &quot;example_input_file5304.txt&quot;,
        &quot;example_input_file5305.txt&quot;,
        &quot;example_input_file5306.txt&quot;,
        &quot;example_input_file5307.txt&quot;,
        &quot;example_input_file5308.txt&quot;,
        &quot;example_input_file5309.txt&quot;,
        &quot;example_input_file5310.txt&quot;,
        &quot;example_input_file5311.txt&quot;,
        &quot;example_input_file5312.txt&quot;,
        &quot;example_input_file5313.txt&quot;,
        &quot;example_input_file5314.txt&quot;,
        &quot;example_input_file5315.txt&quot;,
        &quot;example_input_file5316.txt&quot;,
        &quot;example_input_file5317.txt&quot;,
        &quot;example_input_file5318.txt&quot;,
        &quot;example_input_file5319.txt&quot;,
        &quot;example_input_file5320.txt&quot;,
        &quot;example_input_file5321.txt&quot;,
        &quot;example_input_file5322.txt&quot;,
        &quot;example_input_file5323.txt&quot;,
        &quot;example_input_file5324.txt&quot;,
        &quot;example_input_file5325.txt&quot;,
        &quot;example_input_file5326.txt&quot;,
        &quot;example_input_file5327.txt&quot;,
        &quot;example_input_file5328.txt&quot;,
        &quot;example_input_file5329.txt&quot;,
        &quot;example_input_file5330.txt&quot;,
        &quot;example_input_file5331.txt&quot;,
        &quot;example_input_file5332.txt&quot;,
        &quot;example_input_file5333.txt&quot;,
        &quot;example_input_file5334.txt&quot;,
        &quot;example_input_file5335.txt&quot;,
        &quot;example_input_file5336.txt&quot;,
        &quot;example_input_file5337.txt&quot;,
        &quot;example_input_file5338.txt&quot;,
        &quot;example_input_file5339.txt&quot;,
        &quot;example_input_file5340.txt&quot;,
        &quot;example_input_file5341.txt&quot;,
        &quot;example_input_file5342.txt&quot;,
        &quot;example_input_file5343.txt&quot;,
        &quot;example_input_file5344.txt&quot;,
        &quot;example_input_file5345.txt&quot;,
        &quot;example_input_file5346.txt&quot;,
        &quot;example_input_file5347.txt&quot;,
        &quot;example_input_file5348.txt&quot;,
        &quot;example_input_file5349.txt&quot;,
        &quot;example_input_file5350.txt&quot;,
        &quot;example_input_file5351.txt&quot;,
        &quot;example_input_file5352.txt&quot;,
        &quot;example_input_file5353.txt&quot;,
        &quot;example_input_file5354.txt&quot;,
        &quot;example_input_file5355.txt&quot;,
        &quot;example_input_file5356.txt&quot;,
        &quot;example_input_file5357.txt&quot;,
        &quot;example_input_file5358.txt&quot;,
        &quot;example_input_file5359.txt&quot;,
        &quot;example_input_file5360.txt&quot;,
        &quot;example_input_file5361.txt&quot;,
        &quot;example_input_file5362.txt&quot;,
        &quot;example_input_file5363.txt&quot;,
        &quot;example_input_file5364.txt&quot;,
        &quot;example_input_file5365.txt&quot;,
        &quot;example_input_file5366.txt&quot;,
        &quot;example_input_file5367.txt&quot;,
        &quot;example_input_file5368.txt&quot;,
        &quot;example_input_file5369.txt&quot;,
        &quot;example_input_file5370.txt&quot;,
        &quot;example_input_file5371.txt&quot;,
        &quot;example_input_file5372.txt&quot;,
        &quot;example_input_file5373.txt&quot;,
        &quot;example_input_file5374.txt&quot;,
        &quot;example_input_file5375.txt&quot;,
        &quot;example_input_file5376.txt&quot;,
        &quot;example_input_file5377.txt&quot;,
        &quot;example_input_file5378.txt&quot;,
        &quot;example_input_file5379.txt&quot;,
        &quot;example_input_file5380.txt&quot;,
        &quot;example_input_file5381.txt&quot;,
        &quot;example_input_file5382.txt&quot;,
        &quot;example_input_file5383.txt&quot;,
        &quot;example_input_file5384.txt&quot;,
        &quot;example_input_file5385.txt&quot;,
        &quot;example_input_file5386.txt&quot;,
        &quot;example_input_file5387.txt&quot;,
        &quot;example_input_file5388.txt&quot;,
        &quot;example_input_file5389.txt&quot;,
        &quot;example_input_file5390.txt&quot;,
        &quot;example_input_file5391.txt&quot;,
        &quot;example_input_file5392.txt&quot;,
        &quot;example_input_file5393.txt&quot;,
        &quot;example_input_file5394.txt&quot;,
        &quot;example_input_file5395.txt&quot;,
        &quot;example_input_file5396.txt&quot;,
        &quot;example_input_file5397.txt&quot;,
        &quot;example_input_file5398.txt&quot;,
        &quot;example_input_file5399.txt&quot;,
        &quot;example_input_file5400.txt&quot;,
        &quot;example_input_file5401.txt&quot;,
        &quot;example_input_file5402.txt&quot;,
        &quot;example_input_file5403.txt&quot;,
        &quot;example_input_file5404.txt&quot;,
        &quot;example_input_file5405.txt&quot;,
        &quot;example_input_file5406.txt&quot;,
        &quot;example_input_file5407.txt&quot;,
        &quot;example_input_file5408.txt&quot;,
        &quot;example_input_file5409.txt&quot;,
        &quot;example_input_file5410.txt&quot;,
        &quot;example_input_file5411.txt&quot;,
        &quot;example_input_file5412.txt&quot;,
        &quot;example_input_file5413.txt&quot;,
        &quot;example_input_file5414.txt&quot;,
        &quot;example_input_file5415.txt&quot;,
        &quot;example_input_file5416.txt&quot;,
        &quot;example_input_file5417.txt&quot;,
        &quot;example_input_file5418.txt&quot;,
        &quot;example_input_file5419.txt&quot;,
        &quot;example_input_file5420.txt&quot;,
        &quot;example_input_file5421.txt&quot;,
        &quot;example_input_file5422.txt&quot;,
        &quot;example_input_file5423.txt&quot;,
        &quot;example_input_file5424.txt&quot;,
        &quot;example_input_file5425.txt&quot;,
        &quot;example_input_file5426.txt&quot;,
        &quot;example_input_file5427.txt&quot;,
        &quot;example_input_file5428.txt&quot;,
        &quot;example_input_file5429.txt&quot;,
        &quot;example_input_file5430.txt&quot;,
        &quot;example_input_file5431.txt&quot;,
        &quot;example_input_file5432.txt&quot;,
        &quot;example_input_file5433.txt&quot;,
        &quot;example_input_file5434.txt&quot;,
        &quot;example_input_file5435.txt&quot;,
        &quot;example_input_file5436.txt&quot;,
        &quot;example_input_file5437.txt&quot;,
        &quot;example_input_file5438.txt&quot;,
        &quot;example_input_file5439.txt&quot;,
        &quot;example_input_file5440.txt&quot;,
        &quot;example_input_file5441.txt&quot;,
        &quot;example_input_file5442.txt&quot;,
        &quot;example_input_file5443.txt&quot;,
        &quot;example_input_file5444.txt&quot;,
        &quot;example_input_file5445.txt&quot;,
        &quot;example_input_file5446.txt&quot;,
        &quot;example_input_file5447.txt&quot;,
        &quot;example_input_file5448.txt&quot;,
        &quot;example_input_file5449.txt&quot;,
        &quot;example_input_file5450.txt&quot;,
        &quot;example_input_file5451.txt&quot;,
        &quot;example_input_file5452.txt&quot;,
        &quot;example_input_file5453.txt&quot;,
        &quot;example_input_file5454.txt&quot;,
        &quot;example_input_file5455.txt&quot;,
        &quot;example_input_file5456.txt&quot;,
        &quot;example_input_file5457.txt&quot;,
        &quot;example_input_file5458.txt&quot;,
        &quot;example_input_file5459.txt&quot;,
        &quot;example_input_file5460.txt&quot;,
        &quot;example_input_file5461.txt&quot;,
        &quot;example_input_file5462.txt&quot;,
        &quot;example_input_file5463.txt&quot;,
        &quot;example_input_file5464.txt&quot;,
        &quot;example_input_file5465.txt&quot;,
        &quot;example_input_file5466.txt&quot;,
        &quot;example_input_file5467.txt&quot;,
        &quot;example_input_file5468.txt&quot;,
        &quot;example_input_file5469.txt&quot;,
        &quot;example_input_file5470.txt&quot;,
        &quot;example_input_file5471.txt&quot;,
        &quot;example_input_file5472.txt&quot;,
        &quot;example_input_file5473.txt&quot;,
        &quot;example_input_file5474.txt&quot;,
        &quot;example_input_file5475.txt&quot;,
        &quot;example_input_file5476.txt&quot;,
        &quot;example_input_file5477.txt&quot;,
        &quot;example_input_file5478.txt&quot;,
        &quot;example_input_file5479.txt&quot;,
        &quot;example_input_file5480.txt&quot;,
        &quot;example_input_file5481.txt&quot;,
        &quot;example_input_file5482.txt&quot;,
        &quot;example_input_file5483.txt&quot;,
        &quot;example_input_file5484.txt&quot;,
        &quot;example_input_file5485.txt&quot;,
        &quot;example_input_file5486.txt&quot;,
        &quot;example_input_file5487.txt&quot;,
        &quot;example_input_file5488.txt&quot;,
        &quot;example_input_file5489.txt&quot;,
        &quot;example_input_file5490.txt&quot;,
        &quot;example_input_file5491.txt&quot;,
        &quot;example_input_file5492.txt&quot;,
        &quot;example_input_file5493.txt&quot;,
        &quot;example_input_file5494.txt&quot;,
        &quot;example_input_file5495.txt&quot;,
        &quot;example_input_file5496.txt&quot;,
        &quot;example_input_file5497.txt&quot;,
        &quot;example_input_file5498.txt&quot;,
        &quot;example_input_file5499.txt&quot;,
        &quot;example_input_file5500.txt&quot;,
        &quot;example_input_file5501.txt&quot;,
        &quot;example_input_file5502.txt&quot;,
        &quot;example_input_file5503.txt&quot;,
        &quot;example_input_file5504.txt&quot;,
        &quot;example_input_file5505.txt&quot;,
        &quot;example_input_file5506.txt&quot;,
        &quot;example_input_file5507.txt&quot;,
        &quot;example_input_file5508.txt&quot;,
        &quot;example_input_file5509.txt&quot;,
        &quot;example_input_file5510.txt&quot;,
        &quot;example_input_file5511.txt&quot;,
        &quot;example_input_file5512.txt&quot;,
        &quot;example_input_file5513.txt&quot;,
        &quot;example_input_file5514.txt&quot;,
        &quot;example_input_file5515.txt&quot;,
        &quot;example_input_file5516.txt&quot;,
        &quot;example_input_file5517.txt&quot;,
        &quot;example_input_file5518.txt&quot;,
        &quot;example_input_file5519.txt&quot;,
        &quot;example_input_file5520.txt&quot;,
        &quot;example_input_file5521.txt&quot;,
        &quot;example_input_file5522.txt&quot;,
        &quot;example_input_file5523.txt&quot;,
        &quot;example_input_file5524.txt&quot;,
        &quot;example_input_file5525.txt&quot;,
        &quot;example_input_file5526.txt&quot;,
        &quot;example_input_file5527.txt&quot;,
        &quot;example_input_file5528.txt&quot;,
        &quot;example_input_file5529.txt&quot;,
        &quot;example_input_file5530.txt&quot;,
        &quot;example_input_file5531.txt&quot;,
        &quot;example_input_file5532.txt&quot;,
        &quot;example_input_file5533.txt&quot;,
        &quot;example_input_file5534.txt&quot;,
        &quot;example_input_file5535.txt&quot;,
        &quot;example_input_file5536.txt&quot;,
        &quot;example_input_file5537.txt&quot;,
        &quot;example_input_file5538.txt&quot;,
        &quot;example_input_file5539.txt&quot;,
        &quot;example_input_file5540.txt&quot;,
        &quot;example_input_file5541.txt&quot;,
        &quot;example_input_file5542.txt&quot;,
        &quot;example_input_file5543.txt&quot;,
        &quot;example_input_file5544.txt&quot;,
        &quot;example_input_file5545.txt&quot;,
        &quot;example_input_file5546.txt&quot;,
        &quot;example_input_file5547.txt&quot;,
        &quot;example_input_file5548.txt&quot;,
        &quot;example_input_file5549.txt&quot;,
        &quot;example_input_file5550.txt&quot;,
        &quot;example_input_file5551.txt&quot;,
        &quot;example_input_file5552.txt&quot;,
        &quot;example_input_file5553.txt&quot;,
        &quot;example_input_file5554.txt&quot;,
        &quot;example_input_file5555.txt&quot;,
        &quot;example_input_file5556.txt&quot;,
        &quot;example_input_file5557.txt&quot;,
        &quot;example_input_file5558.txt&quot;,
        &quot;example_input_file5559.txt&quot;,
        &quot;example_input_file5560.txt&quot;,
        &quot;example_input_file5561.txt&quot;,
        &quot;example_input_file5562.txt&quot;,
        &quot;example_input_file5563.txt&quot;,
        &quot;example_input_file5564.txt&quot;,
        &quot;example_input_file5565.txt&quot;,
        &quot;example_input_file5566.txt&quot;,
        &quot;example_input_file5567.txt&quot;,
        &quot;example_input_file5568.txt&quot;,
        &quot;example_input_file5569.txt&quot;,
        &quot;example_input_file5570.txt&quot;,
        &quot;example_input_file5571.txt&quot;,
        &quot;example_input_file5572.txt&quot;,
        &quot;example_input_file5573.txt&quot;,
        &quot;example_input_file5574.txt&quot;,
        &quot;example_input_file5575.txt&quot;,
        &quot;example_input_file5576.txt&quot;,
        &quot;example_input_file5577.txt&quot;,
        &quot;example_input_file5578.txt&quot;,
        &quot;example_input_file5579.txt&quot;,
        &quot;example_input_file5580.txt&quot;,
        &quot;example_input_file5581.txt&quot;,
        &quot;example_input_file5582.txt&quot;,
        &quot;example_input_file5583.txt&quot;,
        &quot;example_input_file5584.txt&quot;,
        &quot;example_input_file5585.txt&quot;,
        &quot;example_input_file5586.txt&quot;,
        &quot;example_input_file5587.txt&quot;,
        &quot;example_input_file5588.txt&quot;,
        &quot;example_input_file5589.txt&quot;,
        &quot;example_input_file5590.txt&quot;,
        &quot;example_input_file5591.txt&quot;,
        &quot;example_input_file5592.txt&quot;,
        &quot;example_input_file5593.txt&quot;,
        &quot;example_input_file5594.txt&quot;,
        &quot;example_input_file5595.txt&quot;,
        &quot;example_input_file5596.txt&quot;,
        &quot;example_input_file5597.txt&quot;,
        &quot;example_input_file5598.txt&quot;,
        &quot;example_input_file5599.txt&quot;,
        &quot;example_input_file5600.txt&quot;,
        &quot;example_input_file5601.txt&quot;,
        &quot;example_input_file5602.txt&quot;,
        &quot;example_input_file5603.txt&quot;,
        &quot;example_input_file5604.txt&quot;,
        &quot;example_input_file5605.txt&quot;,
        &quot;example_input_file5606.txt&quot;,
        &quot;example_input_file5607.txt&quot;,
        &quot;example_input_file5608.txt&quot;,
        &quot;example_input_file5609.txt&quot;,
        &quot;example_input_file5610.txt&quot;,
        &quot;example_input_file5611.txt&quot;,
        &quot;example_input_file5612.txt&quot;,
        &quot;example_input_file5613.txt&quot;,
        &quot;example_input_file5614.txt&quot;,
        &quot;example_input_file5615.txt&quot;,
        &quot;example_input_file5616.txt&quot;,
        &quot;example_input_file5617.txt&quot;,
        &quot;example_input_file5618.txt&quot;,
        &quot;example_input_file5619.txt&quot;,
        &quot;example_input_file5620.txt&quot;,
        &quot;example_input_file5621.txt&quot;,
        &quot;example_input_file5622.txt&quot;,
        &quot;example_input_file5623.txt&quot;,
        &quot;example_input_file5624.txt&quot;,
        &quot;example_input_file5625.txt&quot;,
        &quot;example_input_file5626.txt&quot;,
        &quot;example_input_file5627.txt&quot;,
        &quot;example_input_file5628.txt&quot;,
        &quot;example_input_file5629.txt&quot;,
        &quot;example_input_file5630.txt&quot;,
        &quot;example_input_file5631.txt&quot;,
        &quot;example_input_file5632.txt&quot;,
        &quot;example_input_file5633.txt&quot;,
        &quot;example_input_file5634.txt&quot;,
        &quot;example_input_file5635.txt&quot;,
        &quot;example_input_file5636.txt&quot;,
        &quot;example_input_file5637.txt&quot;,
        &quot;example_input_file5638.txt&quot;,
        &quot;example_input_file5639.txt&quot;,
        &quot;example_input_file5640.txt&quot;,
        &quot;example_input_file5641.txt&quot;,
        &quot;example_input_file5642.txt&quot;,
        &quot;example_input_file5643.txt&quot;,
        &quot;example_input_file5644.txt&quot;,
        &quot;example_input_file5645.txt&quot;,
        &quot;example_input_file5646.txt&quot;,
        &quot;example_input_file5647.txt&quot;,
        &quot;example_input_file5648.txt&quot;,
        &quot;example_input_file5649.txt&quot;,
        &quot;example_input_file5650.txt&quot;,
        &quot;example_input_file5651.txt&quot;,
        &quot;example_input_file5652.txt&quot;,
        &quot;example_input_file5653.txt&quot;,
        &quot;example_input_file5654.txt&quot;,
        &quot;example_input_file5655.txt&quot;,
        &quot;example_input_file5656.txt&quot;,
        &quot;example_input_file5657.txt&quot;,
        &quot;example_input_file5658.txt&quot;,
        &quot;example_input_file5659.txt&quot;,
        &quot;example_input_file5660.txt&quot;,
        &quot;example_input_file5661.txt&quot;,
        &quot;example_input_file5662.txt&quot;,
        &quot;example_input_file5663.txt&quot;,
        &quot;example_input_file5664.txt&quot;,
        &quot;example_input_file5665.txt&quot;,
        &quot;example_input_file5666.txt&quot;,
        &quot;example_input_file5667.txt&quot;,
        &quot;example_input_file5668.txt&quot;,
        &quot;example_input_file5669.txt&quot;,
        &quot;example_input_file5670.txt&quot;,
        &quot;example_input_file5671.txt&quot;,
        &quot;example_input_file5672.txt&quot;,
        &quot;example_input_file5673.txt&quot;,
        &quot;example_input_file5674.txt&quot;,
        &quot;example_input_file5675.txt&quot;,
        &quot;example_input_file5676.txt&quot;,
        &quot;example_input_file5677.txt&quot;,
        &quot;example_input_file5678.txt&quot;,
        &quot;example_input_file5679.txt&quot;,
        &quot;example_input_file5680.txt&quot;,
        &quot;example_input_file5681.txt&quot;,
        &quot;example_input_file5682.txt&quot;,
        &quot;example_input_file5683.txt&quot;,
        &quot;example_input_file5684.txt&quot;,
        &quot;example_input_file5685.txt&quot;,
        &quot;example_input_file5686.txt&quot;,
        &quot;example_input_file5687.txt&quot;,
        &quot;example_input_file5688.txt&quot;,
        &quot;example_input_file5689.txt&quot;,
        &quot;example_input_file5690.txt&quot;,
        &quot;example_input_file5691.txt&quot;,
        &quot;example_input_file5692.txt&quot;,
        &quot;example_input_file5693.txt&quot;,
        &quot;example_input_file5694.txt&quot;,
        &quot;example_input_file5695.txt&quot;,
        &quot;example_input_file5696.txt&quot;,
        &quot;example_input_file5697.txt&quot;,
        &quot;example_input_file5698.txt&quot;,
        &quot;example_input_file5699.txt&quot;,
        &quot;example_input_file5700.txt&quot;,
        &quot;example_input_file5701.txt&quot;,
        &quot;example_input_file5702.txt&quot;,
        &quot;example_input_file5703.txt&quot;,
        &quot;example_input_file5704.txt&quot;,
        &quot;example_input_file5705.txt&quot;,
        &quot;example_input_file5706.txt&quot;,
        &quot;example_input_file5707.txt&quot;,
        &quot;example_input_file5708.txt&quot;,
        &quot;example_input_file5709.txt&quot;,
        &quot;example_input_file5710.txt&quot;,
        &quot;example_input_file5711.txt&quot;,
        &quot;example_input_file5712.txt&quot;,
        &quot;example_input_file5713.txt&quot;,
        &quot;example_input_file5714.txt&quot;,
        &quot;example_input_file5715.txt&quot;,
        &quot;example_input_file5716.txt&quot;,
        &quot;example_input_file5717.txt&quot;,
        &quot;example_input_file5718.txt&quot;,
        &quot;example_input_file5719.txt&quot;,
        &quot;example_input_file5720.txt&quot;,
        &quot;example_input_file5721.txt&quot;,
        &quot;example_input_file5722.txt&quot;,
        &quot;example_input_file5723.txt&quot;,
        &quot;example_input_file5724.txt&quot;,
        &quot;example_input_file5725.txt&quot;,
        &quot;example_input_file5726.txt&quot;,
        &quot;example_input_file5727.txt&quot;,
        &quot;example_input_file5728.txt&quot;,
        &quot;example_input_file5729.txt&quot;,
        &quot;example_input_file5730.txt&quot;,
        &quot;example_input_file5731.txt&quot;,
        &quot;example_input_file5732.txt&quot;,
        &quot;example_input_file5733.txt&quot;,
        &quot;example_input_file5734.txt&quot;,
        &quot;example_input_file5735.txt&quot;,
        &quot;example_input_file5736.txt&quot;,
        &quot;example_input_file5737.txt&quot;,
        &quot;example_input_file5738.txt&quot;,
        &quot;example_input_file5739.txt&quot;,
        &quot;example_input_file5740.txt&quot;,
        &quot;example_input_file5741.txt&quot;,
        &quot;example_input_file5742.txt&quot;,
        &quot;example_input_file5743.txt&quot;,
        &quot;example_input_file5744.txt&quot;,
        &quot;example_input_file5745.txt&quot;,
        &quot;example_input_file5746.txt&quot;,
        &quot;example_input_file5747.txt&quot;,
        &quot;example_input_file5748.txt&quot;,
        &quot;example_input_file5749.txt&quot;,
        &quot;example_input_file5750.txt&quot;,
        &quot;example_input_file5751.txt&quot;,
        &quot;example_input_file5752.txt&quot;,
        &quot;example_input_file5753.txt&quot;,
        &quot;example_input_file5754.txt&quot;,
        &quot;example_input_file5755.txt&quot;,
        &quot;example_input_file5756.txt&quot;,
        &quot;example_input_file5757.txt&quot;,
        &quot;example_input_file5758.txt&quot;,
        &quot;example_input_file5759.txt&quot;,
        &quot;example_input_file5760.txt&quot;,
        &quot;example_input_file5761.txt&quot;,
        &quot;example_input_file5762.txt&quot;,
        &quot;example_input_file5763.txt&quot;,
        &quot;example_input_file5764.txt&quot;,
        &quot;example_input_file5765.txt&quot;,
        &quot;example_input_file5766.txt&quot;,
        &quot;example_input_file5767.txt&quot;,
        &quot;example_input_file5768.txt&quot;,
        &quot;example_input_file5769.txt&quot;,
        &quot;example_input_file5770.txt&quot;,
        &quot;example_input_file5771.txt&quot;,
        &quot;example_input_file5772.txt&quot;,
        &quot;example_input_file5773.txt&quot;,
        &quot;example_input_file5774.txt&quot;,
        &quot;example_input_file5775.txt&quot;,
        &quot;example_input_file5776.txt&quot;,
        &quot;example_input_file5777.txt&quot;,
        &quot;example_input_file5778.txt&quot;,
        &quot;example_input_file5779.txt&quot;,
        &quot;example_input_file5780.txt&quot;,
        &quot;example_input_file5781.txt&quot;,
        &quot;example_input_file5782.txt&quot;,
        &quot;example_input_file5783.txt&quot;,
        &quot;example_input_file5784.txt&quot;,
        &quot;example_input_file5785.txt&quot;,
        &quot;example_input_file5786.txt&quot;,
        &quot;example_input_file5787.txt&quot;,
        &quot;example_input_file5788.txt&quot;,
        &quot;example_input_file5789.txt&quot;,
        &quot;example_input_file5790.txt&quot;,
        &quot;example_input_file5791.txt&quot;,
        &quot;example_input_file5792.txt&quot;,
        &quot;example_input_file5793.txt&quot;,
        &quot;example_input_file5794.txt&quot;,
        &quot;example_input_file5795.txt&quot;,
        &quot;example_input_file5796.txt&quot;,
        &quot;example_input_file5797.txt&quot;,
        &quot;example_input_file5798.txt&quot;,
        &quot;example_input_file5799.txt&quot;,
        &quot;example_input_file5800.txt&quot;,
        &quot;example_input_file5801.txt&quot;,
        &quot;example_input_file5802.txt&quot;,
        &quot;example_input_file5803.txt&quot;,
        &quot;example_input_file5804.txt&quot;,
        &quot;example_input_file5805.txt&quot;,
        &quot;example_input_file5806.txt&quot;,
        &quot;example_input_file5807.txt&quot;,
        &quot;example_input_file5808.txt&quot;,
        &quot;example_input_file5809.txt&quot;,
        &quot;example_input_file5810.txt&quot;,
        &quot;example_input_file5811.txt&quot;,
        &quot;example_input_file5812.txt&quot;,
        &quot;example_input_file5813.txt&quot;,
        &quot;example_input_file5814.txt&quot;,
        &quot;example_input_file5815.txt&quot;,
        &quot;example_input_file5816.txt&quot;,
        &quot;example_input_file5817.txt&quot;,
        &quot;example_input_file5818.txt&quot;,
        &quot;example_input_file5819.txt&quot;,
        &quot;example_input_file5820.txt&quot;,
        &quot;example_input_file5821.txt&quot;,
        &quot;example_input_file5822.txt&quot;,
        &quot;example_input_file5823.txt&quot;,
        &quot;example_input_file5824.txt&quot;,
        &quot;example_input_file5825.txt&quot;,
        &quot;example_input_file5826.txt&quot;,
        &quot;example_input_file5827.txt&quot;,
        &quot;example_input_file5828.txt&quot;,
        &quot;example_input_file5829.txt&quot;,
        &quot;example_input_file5830.txt&quot;,
        &quot;example_input_file5831.txt&quot;,
        &quot;example_input_file5832.txt&quot;,
        &quot;example_input_file5833.txt&quot;,
        &quot;example_input_file5834.txt&quot;,
        &quot;example_input_file5835.txt&quot;,
        &quot;example_input_file5836.txt&quot;,
        &quot;example_input_file5837.txt&quot;,
        &quot;example_input_file5838.txt&quot;,
        &quot;example_input_file5839.txt&quot;,
        &quot;example_input_file5840.txt&quot;,
        &quot;example_input_file5841.txt&quot;,
        &quot;example_input_file5842.txt&quot;,
        &quot;example_input_file5843.txt&quot;,
        &quot;example_input_file5844.txt&quot;,
        &quot;example_input_file5845.txt&quot;,
        &quot;example_input_file5846.txt&quot;,
        &quot;example_input_file5847.txt&quot;,
        &quot;example_input_file5848.txt&quot;,
        &quot;example_input_file5849.txt&quot;,
        &quot;example_input_file5850.txt&quot;,
        &quot;example_input_file5851.txt&quot;,
        &quot;example_input_file5852.txt&quot;,
        &quot;example_input_file5853.txt&quot;,
        &quot;example_input_file5854.txt&quot;,
        &quot;example_input_file5855.txt&quot;,
        &quot;example_input_file5856.txt&quot;,
        &quot;example_input_file5857.txt&quot;,
        &quot;example_input_file5858.txt&quot;,
        &quot;example_input_file5859.txt&quot;,
        &quot;example_input_file5860.txt&quot;,
        &quot;example_input_file5861.txt&quot;,
        &quot;example_input_file5862.txt&quot;,
        &quot;example_input_file5863.txt&quot;,
        &quot;example_input_file5864.txt&quot;,
        &quot;example_input_file5865.txt&quot;,
        &quot;example_input_file5866.txt&quot;,
        &quot;example_input_file5867.txt&quot;,
        &quot;example_input_file5868.txt&quot;,
        &quot;example_input_file5869.txt&quot;,
        &quot;example_input_file5870.txt&quot;,
        &quot;example_input_file5871.txt&quot;,
        &quot;example_input_file5872.txt&quot;,
        &quot;example_input_file5873.txt&quot;,
        &quot;example_input_file5874.txt&quot;,
        &quot;example_input_file5875.txt&quot;,
        &quot;example_input_file5876.txt&quot;,
        &quot;example_input_file5877.txt&quot;,
        &quot;example_input_file5878.txt&quot;,
        &quot;example_input_file5879.txt&quot;,
        &quot;example_input_file5880.txt&quot;,
        &quot;example_input_file5881.txt&quot;,
        &quot;example_input_file5882.txt&quot;,
        &quot;example_input_file5883.txt&quot;,
        &quot;example_input_file5884.txt&quot;,
        &quot;example_input_file5885.txt&quot;,
        &quot;example_input_file5886.txt&quot;,
        &quot;example_input_file5887.txt&quot;,
        &quot;example_input_file5888.txt&quot;,
        &quot;example_input_file5889.txt&quot;,
        &quot;example_input_file5890.txt&quot;,
        &quot;example_input_file5891.txt&quot;,
        &quot;example_input_file5892.txt&quot;,
        &quot;example_input_file5893.txt&quot;,
        &quot;example_input_file5894.txt&quot;,
        &quot;example_input_file5895.txt&quot;,
        &quot;example_input_file5896.txt&quot;,
        &quot;example_input_file5897.txt&quot;,
        &quot;example_input_file5898.txt&quot;,
        &quot;example_input_file5899.txt&quot;,
        &quot;example_input_file5900.txt&quot;,
        &quot;example_input_file5901.txt&quot;,
        &quot;example_input_file5902.txt&quot;,
        &quot;example_input_file5903.txt&quot;,
        &quot;example_input_file5904.txt&quot;,
        &quot;example_input_file5905.txt&quot;,
        &quot;example_input_file5906.txt&quot;,
        &quot;example_input_file5907.txt&quot;,
        &quot;example_input_file5908.txt&quot;,
        &quot;example_input_file5909.txt&quot;,
        &quot;example_input_file5910.txt&quot;,
        &quot;example_input_file5911.txt&quot;,
        &quot;example_input_file5912.txt&quot;,
        &quot;example_input_file5913.txt&quot;,
        &quot;example_input_file5914.txt&quot;,
        &quot;example_input_file5915.txt&quot;,
        &quot;example_input_file5916.txt&quot;,
        &quot;example_input_file5917.txt&quot;,
        &quot;example_input_file5918.txt&quot;,
        &quot;example_input_file5919.txt&quot;,
        &quot;example_input_file5920.txt&quot;,
        &quot;example_input_file5921.txt&quot;,
        &quot;example_input_file5922.txt&quot;,
        &quot;example_input_file5923.txt&quot;,
        &quot;example_input_file5924.txt&quot;,
        &quot;example_input_file5925.txt&quot;,
        &quot;example_input_file5926.txt&quot;,
        &quot;example_input_file5927.txt&quot;,
        &quot;example_input_file5928.txt&quot;,
        &quot;example_input_file5929.txt&quot;,
        &quot;example_input_file5930.txt&quot;,
        &quot;example_input_file5931.txt&quot;,
        &quot;example_input_file5932.txt&quot;,
        &quot;example_input_file5933.txt&quot;,
        &quot;example_input_file5934.txt&quot;,
        &quot;example_input_file5935.txt&quot;,
        &quot;example_input_file5936.txt&quot;,
        &quot;example_input_file5937.txt&quot;,
        &quot;example_input_file5938.txt&quot;,
        &quot;example_input_file5939.txt&quot;,
        &quot;example_input_file5940.txt&quot;,
        &quot;example_input_file5941.txt&quot;,
        &quot;example_input_file5942.txt&quot;,
        &quot;example_input_file5943.txt&quot;,
        &quot;example_input_file5944.txt&quot;,
        &quot;example_input_file5945.txt&quot;,
        &quot;example_input_file5946.txt&quot;,
        &quot;example_input_file5947.txt&quot;,
        &quot;example_input_file5948.txt&quot;,
        &quot;example_input_file5949.txt&quot;,
        &quot;example_input_file5950.txt&quot;,
        &quot;example_input_file5951.txt&quot;,
        &quot;example_input_file5952.txt&quot;,
        &quot;example_input_file5953.txt&quot;,
        &quot;example_input_file5954.txt&quot;,
        &quot;example_input_file5955.txt&quot;,
        &quot;example_input_file5956.txt&quot;,
        &quot;example_input_file5957.txt&quot;,
        &quot;example_input_file5958.txt&quot;,
        &quot;example_input_file5959.txt&quot;,
        &quot;example_input_file5960.txt&quot;,
        &quot;example_input_file5961.txt&quot;,
        &quot;example_input_file5962.txt&quot;,
        &quot;example_input_file5963.txt&quot;,
        &quot;example_input_file5964.txt&quot;,
        &quot;example_input_file5965.txt&quot;,
        &quot;example_input_file5966.txt&quot;,
        &quot;example_input_file5967.txt&quot;,
        &quot;example_input_file5968.txt&quot;,
        &quot;example_input_file5969.txt&quot;,
        &quot;example_input_file5970.txt&quot;,
        &quot;example_input_file5971.txt&quot;,
        &quot;example_input_file5972.txt&quot;,
        &quot;example_input_file5973.txt&quot;,
        &quot;example_input_file5974.txt&quot;,
        &quot;example_input_file5975.txt&quot;,
        &quot;example_input_file5976.txt&quot;,
        &quot;example_input_file5977.txt&quot;,
        &quot;example_input_file5978.txt&quot;,
        &quot;example_input_file5979.txt&quot;,
        &quot;example_input_file5980.txt&quot;,
        &quot;example_input_file5981.txt&quot;,
        &quot;example_input_file5982.txt&quot;,
        &quot;example_input_file5983.txt&quot;,
        &quot;example_input_file5984.txt&quot;,
        &quot;example_input_file5985.txt&quot;,
        &quot;example_input_file5986.txt&quot;,
        &quot;example_input_file5987.txt&quot;,
        &quot;example_input_file5988.txt&quot;,
        &quot;example_input_file5989.txt&quot;,
        &quot;example_input_file5990.txt&quot;,
        &quot;example_input_file5991.txt&quot;,
        &quot;example_input_file5992.txt&quot;,
        &quot;example_input_file5993.txt&quot;,
        &quot;example_input_file5994.txt&quot;,
        &quot;example_input_file5995.txt&quot;,
        &quot;example_input_file5996.txt&quot;,
        &quot;example_input_file5997.txt&quot;,
        &quot;example_input_file5998.txt&quot;,
        &quot;example_input_file5999.txt&quot;,
        &quot;example_input_file6000.txt&quot;,
        &quot;example_input_file6001.txt&quot;,
        &quot;example_input_file6002.txt&quot;,
        &quot;example_input_file6003.txt&quot;,
        &quot;example_input_file6004.txt&quot;,
        &quot;example_input_file6005.txt&quot;,
        &quot;example_input_file6006.txt&quot;,
        &quot;example_input_file6007.txt&quot;,
        &quot;example_input_file6008.txt&quot;,
        &quot;example_input_file6009.txt&quot;,
        &quot;example_input_file6010.txt&quot;,
        &quot;example_input_file6011.txt&quot;,
        &quot;example_input_file6012.txt&quot;,
        &quot;example_input_file6013.txt&quot;,
        &quot;example_input_file6014.txt&quot;,
        &quot;example_input_file6015.txt&quot;,
        &quot;example_input_file6016.txt&quot;,
        &quot;example_input_file6017.txt&quot;,
        &quot;example_input_file6018.txt&quot;,
        &quot;example_input_file6019.txt&quot;,
        &quot;example_input_file6020.txt&quot;,
        &quot;example_input_file6021.txt&quot;,
        &quot;example_input_file6022.txt&quot;,
        &quot;example_input_file6023.txt&quot;,
        &quot;example_input_file6024.txt&quot;,
        &quot;example_input_file6025.txt&quot;,
        &quot;example_input_file6026.txt&quot;,
        &quot;example_input_file6027.txt&quot;,
        &quot;example_input_file6028.txt&quot;,
        &quot;example_input_file6029.txt&quot;,
        &quot;example_input_file6030.txt&quot;,
        &quot;example_input_file6031.txt&quot;,
        &quot;example_input_file6032.txt&quot;,
        &quot;example_input_file6033.txt&quot;,
        &quot;example_input_file6034.txt&quot;,
        &quot;example_input_file6035.txt&quot;,
        &quot;example_input_file6036.txt&quot;,
        &quot;example_input_file6037.txt&quot;,
        &quot;example_input_file6038.txt&quot;,
        &quot;example_input_file6039.txt&quot;,
        &quot;example_input_file6040.txt&quot;,
        &quot;example_input_file6041.txt&quot;,
        &quot;example_input_file6042.txt&quot;,
        &quot;example_input_file6043.txt&quot;,
        &quot;example_input_file6044.txt&quot;,
        &quot;example_input_file6045.txt&quot;,
        &quot;example_input_file6046.txt&quot;,
        &quot;example_input_file6047.txt&quot;,
        &quot;example_input_file6048.txt&quot;,
        &quot;example_input_file6049.txt&quot;,
        &quot;example_input_file6050.txt&quot;,
        &quot;example_input_file6051.txt&quot;,
        &quot;example_input_file6052.txt&quot;,
        &quot;example_input_file6053.txt&quot;,
        &quot;example_input_file6054.txt&quot;,
        &quot;example_input_file6055.txt&quot;,
        &quot;example_input_file6056.txt&quot;,
        &quot;example_input_file6057.txt&quot;,
        &quot;example_input_file6058.txt&quot;,
        &quot;example_input_file6059.txt&quot;,
        &quot;example_input_file6060.txt&quot;,
        &quot;example_input_file6061.txt&quot;,
        &quot;example_input_file6062.txt&quot;,
        &quot;example_input_file6063.txt&quot;,
        &quot;example_input_file6064.txt&quot;,
        &quot;example_input_file6065.txt&quot;,
        &quot;example_input_file6066.txt&quot;,
        &quot;example_input_file6067.txt&quot;,
        &quot;example_input_file6068.txt&quot;,
        &quot;example_input_file6069.txt&quot;,
        &quot;example_input_file6070.txt&quot;,
        &quot;example_input_file6071.txt&quot;,
        &quot;example_input_file6072.txt&quot;,
        &quot;example_input_file6073.txt&quot;,
        &quot;example_input_file6074.txt&quot;,
        &quot;example_input_file6075.txt&quot;,
        &quot;example_input_file6076.txt&quot;,
        &quot;example_input_file6077.txt&quot;,
        &quot;example_input_file6078.txt&quot;,
        &quot;example_input_file6079.txt&quot;,
        &quot;example_input_file6080.txt&quot;,
        &quot;example_input_file6081.txt&quot;,
        &quot;example_input_file6082.txt&quot;,
        &quot;example_input_file6083.txt&quot;,
        &quot;example_input_file6084.txt&quot;,
        &quot;example_input_file6085.txt&quot;,
        &quot;example_input_file6086.txt&quot;,
        &quot;example_input_file6087.txt&quot;,
        &quot;example_input_file6088.txt&quot;,
        &quot;example_input_file6089.txt&quot;,
        &quot;example_input_file6090.txt&quot;,
        &quot;example_input_file6091.txt&quot;,
        &quot;example_input_file6092.txt&quot;,
        &quot;example_input_file6093.txt&quot;,
        &quot;example_input_file6094.txt&quot;,
        &quot;example_input_file6095.txt&quot;,
        &quot;example_input_file6096.txt&quot;,
        &quot;example_input_file6097.txt&quot;,
        &quot;example_input_file6098.txt&quot;,
        &quot;example_input_file6099.txt&quot;,
        &quot;example_input_file6100.txt&quot;,
        &quot;example_input_file6101.txt&quot;,
        &quot;example_input_file6102.txt&quot;,
        &quot;example_input_file6103.txt&quot;,
        &quot;example_input_file6104.txt&quot;,
        &quot;example_input_file6105.txt&quot;,
        &quot;example_input_file6106.txt&quot;,
        &quot;example_input_file6107.txt&quot;,
        &quot;example_input_file6108.txt&quot;,
        &quot;example_input_file6109.txt&quot;,
        &quot;example_input_file6110.txt&quot;,
        &quot;example_input_file6111.txt&quot;,
        &quot;example_input_file6112.txt&quot;,
        &quot;example_input_file6113.txt&quot;,
        &quot;example_input_file6114.txt&quot;,
        &quot;example_input_file6115.txt&quot;,
        &quot;example_input_file6116.txt&quot;,
        &quot;example_input_file6117.txt&quot;,
        &quot;example_input_file6118.txt&quot;,
        &quot;example_input_file6119.txt&quot;,
        &quot;example_input_file6120.txt&quot;,
        &quot;example_input_file6121.txt&quot;,
        &quot;example_input_file6122.txt&quot;,
        &quot;example_input_file6123.txt&quot;,
        &quot;example_input_file6124.txt&quot;,
        &quot;example_input_file6125.txt&quot;,
        &quot;example_input_file6126.txt&quot;,
        &quot;example_input_file6127.txt&quot;,
        &quot;example_input_file6128.txt&quot;,
        &quot;example_input_file6129.txt&quot;,
        &quot;example_input_file6130.txt&quot;,
        &quot;example_input_file6131.txt&quot;,
        &quot;example_input_file6132.txt&quot;,
        &quot;example_input_file6133.txt&quot;,
        &quot;example_input_file6134.txt&quot;,
        &quot;example_input_file6135.txt&quot;,
        &quot;example_input_file6136.txt&quot;,
        &quot;example_input_file6137.txt&quot;,
        &quot;example_input_file6138.txt&quot;,
        &quot;example_input_file6139.txt&quot;,
        &quot;example_input_file6140.txt&quot;,
        &quot;example_input_file6141.txt&quot;,
        &quot;example_input_file6142.txt&quot;,
        &quot;example_input_file6143.txt&quot;,
        &quot;example_input_file6144.txt&quot;,
        &quot;example_input_file6145.txt&quot;,
        &quot;example_input_file6146.txt&quot;,
        &quot;example_input_file6147.txt&quot;,
        &quot;example_input_file6148.txt&quot;,
        &quot;example_input_file6149.txt&quot;,
        &quot;example_input_file6150.txt&quot;,
        &quot;example_input_file6151.txt&quot;,
        &quot;example_input_file6152.txt&quot;,
        &quot;example_input_file6153.txt&quot;,
        &quot;example_input_file6154.txt&quot;,
        &quot;example_input_file6155.txt&quot;,
        &quot;example_input_file6156.txt&quot;,
        &quot;example_input_file6157.txt&quot;,
        &quot;example_input_file6158.txt&quot;,
        &quot;example_input_file6159.txt&quot;,
        &quot;example_input_file6160.txt&quot;,
        &quot;example_input_file6161.txt&quot;,
        &quot;example_input_file6162.txt&quot;,
        &quot;example_input_file6163.txt&quot;,
        &quot;example_input_file6164.txt&quot;,
        &quot;example_input_file6165.txt&quot;,
        &quot;example_input_file6166.txt&quot;,
        &quot;example_input_file6167.txt&quot;,
        &quot;example_input_file6168.txt&quot;,
        &quot;example_input_file6169.txt&quot;,
        &quot;example_input_file6170.txt&quot;,
        &quot;example_input_file6171.txt&quot;,
        &quot;example_input_file6172.txt&quot;,
        &quot;example_input_file6173.txt&quot;,
        &quot;example_input_file6174.txt&quot;,
        &quot;example_input_file6175.txt&quot;,
        &quot;example_input_file6176.txt&quot;,
        &quot;example_input_file6177.txt&quot;,
        &quot;example_input_file6178.txt&quot;,
        &quot;example_input_file6179.txt&quot;,
        &quot;example_input_file6180.txt&quot;,
        &quot;example_input_file6181.txt&quot;,
        &quot;example_input_file6182.txt&quot;,
        &quot;example_input_file6183.txt&quot;,
        &quot;example_input_file6184.txt&quot;,
        &quot;example_input_file6185.txt&quot;,
        &quot;example_input_file6186.txt&quot;,
        &quot;example_input_file6187.txt&quot;,
        &quot;example_input_file6188.txt&quot;,
        &quot;example_input_file6189.txt&quot;,
        &quot;example_input_file6190.txt&quot;,
        &quot;example_input_file6191.txt&quot;,
        &quot;example_input_file6192.txt&quot;,
        &quot;example_input_file6193.txt&quot;,
        &quot;example_input_file6194.txt&quot;,
        &quot;example_input_file6195.txt&quot;,
        &quot;example_input_file6196.txt&quot;,
        &quot;example_input_file6197.txt&quot;,
        &quot;example_input_file6198.txt&quot;,
        &quot;example_input_file6199.txt&quot;,
        &quot;example_input_file6200.txt&quot;,
        &quot;example_input_file6201.txt&quot;,
        &quot;example_input_file6202.txt&quot;,
        &quot;example_input_file6203.txt&quot;,
        &quot;example_input_file6204.txt&quot;,
        &quot;example_input_file6205.txt&quot;,
        &quot;example_input_file6206.txt&quot;,
        &quot;example_input_file6207.txt&quot;,
        &quot;example_input_file6208.txt&quot;,
        &quot;example_input_file6209.txt&quot;,
        &quot;example_input_file6210.txt&quot;,
        &quot;example_input_file6211.txt&quot;,
        &quot;example_input_file6212.txt&quot;,
        &quot;example_input_file6213.txt&quot;,
        &quot;example_input_file6214.txt&quot;,
        &quot;example_input_file6215.txt&quot;,
        &quot;example_input_file6216.txt&quot;,
        &quot;example_input_file6217.txt&quot;,
        &quot;example_input_file6218.txt&quot;,
        &quot;example_input_file6219.txt&quot;,
        &quot;example_input_file6220.txt&quot;,
        &quot;example_input_file6221.txt&quot;,
        &quot;example_input_file6222.txt&quot;,
        &quot;example_input_file6223.txt&quot;,
        &quot;example_input_file6224.txt&quot;,
        &quot;example_input_file6225.txt&quot;,
        &quot;example_input_file6226.txt&quot;,
        &quot;example_input_file6227.txt&quot;,
        &quot;example_input_file6228.txt&quot;,
        &quot;example_input_file6229.txt&quot;,
        &quot;example_input_file6230.txt&quot;,
        &quot;example_input_file6231.txt&quot;,
        &quot;example_input_file6232.txt&quot;,
        &quot;example_input_file6233.txt&quot;,
        &quot;example_input_file6234.txt&quot;,
        &quot;example_input_file6235.txt&quot;,
        &quot;example_input_file6236.txt&quot;,
        &quot;example_input_file6237.txt&quot;,
        &quot;example_input_file6238.txt&quot;,
        &quot;example_input_file6239.txt&quot;,
        &quot;example_input_file6240.txt&quot;,
        &quot;example_input_file6241.txt&quot;,
        &quot;example_input_file6242.txt&quot;,
        &quot;example_input_file6243.txt&quot;,
        &quot;example_input_file6244.txt&quot;,
        &quot;example_input_file6245.txt&quot;,
        &quot;example_input_file6246.txt&quot;,
        &quot;example_input_file6247.txt&quot;,
        &quot;example_input_file6248.txt&quot;,
        &quot;example_input_file6249.txt&quot;,
        &quot;example_input_file6250.txt&quot;,
        &quot;example_input_file6251.txt&quot;,
        &quot;example_input_file6252.txt&quot;,
        &quot;example_input_file6253.txt&quot;,
        &quot;example_input_file6254.txt&quot;,
        &quot;example_input_file6255.txt&quot;,
        &quot;example_input_file6256.txt&quot;,
        &quot;example_input_file6257.txt&quot;,
        &quot;example_input_file6258.txt&quot;,
        &quot;example_input_file6259.txt&quot;,
        &quot;example_input_file6260.txt&quot;,
        &quot;example_input_file6261.txt&quot;,
        &quot;example_input_file6262.txt&quot;,
        &quot;example_input_file6263.txt&quot;,
        &quot;example_input_file6264.txt&quot;,
        &quot;example_input_file6265.txt&quot;,
        &quot;example_input_file6266.txt&quot;,
        &quot;example_input_file6267.txt&quot;,
        &quot;example_input_file6268.txt&quot;,
        &quot;example_input_file6269.txt&quot;,
        &quot;example_input_file6270.txt&quot;,
        &quot;example_input_file6271.txt&quot;,
        &quot;example_input_file6272.txt&quot;,
        &quot;example_input_file6273.txt&quot;,
        &quot;example_input_file6274.txt&quot;,
        &quot;example_input_file6275.txt&quot;,
        &quot;example_input_file6276.txt&quot;,
        &quot;example_input_file6277.txt&quot;,
        &quot;example_input_file6278.txt&quot;,
        &quot;example_input_file6279.txt&quot;,
        &quot;example_input_file6280.txt&quot;,
        &quot;example_input_file6281.txt&quot;,
        &quot;example_input_file6282.txt&quot;,
        &quot;example_input_file6283.txt&quot;,
        &quot;example_input_file6284.txt&quot;,
        &quot;example_input_file6285.txt&quot;,
        &quot;example_input_file6286.txt&quot;,
        &quot;example_input_file6287.txt&quot;,
        &quot;example_input_file6288.txt&quot;,
        &quot;example_input_file6289.txt&quot;,
        &quot;example_input_file6290.txt&quot;,
        &quot;example_input_file6291.txt&quot;,
        &quot;example_input_file6292.txt&quot;,
        &quot;example_input_file6293.txt&quot;,
        &quot;example_input_file6294.txt&quot;,
        &quot;example_input_file6295.txt&quot;,
        &quot;example_input_file6296.txt&quot;,
        &quot;example_input_file6297.txt&quot;,
        &quot;example_input_file6298.txt&quot;,
        &quot;example_input_file6299.txt&quot;,
        &quot;example_input_file6300.txt&quot;,
        &quot;example_input_file6301.txt&quot;,
        &quot;example_input_file6302.txt&quot;,
        &quot;example_input_file6303.txt&quot;,
        &quot;example_input_file6304.txt&quot;,
        &quot;example_input_file6305.txt&quot;,
        &quot;example_input_file6306.txt&quot;,
        &quot;example_input_file6307.txt&quot;,
        &quot;example_input_file6308.txt&quot;,
        &quot;example_input_file6309.txt&quot;,
        &quot;example_input_file6310.txt&quot;,
        &quot;example_input_file6311.txt&quot;,
        &quot;example_input_file6312.txt&quot;,
        &quot;example_input_file6313.txt&quot;,
        &quot;example_input_file6314.txt&quot;,
        &quot;example_input_file6315.txt&quot;,
        &quot;example_input_file6316.txt&quot;,
        &quot;example_input_file6317.txt&quot;,
        &quot;example_input_file6318.txt&quot;,
        &quot;example_input_file6319.txt&quot;,
        &quot;example_input_file6320.txt&quot;,
        &quot;example_input_file6321.txt&quot;,
        &quot;example_input_file6322.txt&quot;,
        &quot;example_input_file6323.txt&quot;,
        &quot;example_input_file6324.txt&quot;,
        &quot;example_input_file6325.txt&quot;,
        &quot;example_input_file6326.txt&quot;,
        &quot;example_input_file6327.txt&quot;,
        &quot;example_input_file6328.txt&quot;,
        &quot;example_input_file6329.txt&quot;,
        &quot;example_input_file6330.txt&quot;,
        &quot;example_input_file6331.txt&quot;,
        &quot;example_input_file6332.txt&quot;,
        &quot;example_input_file6333.txt&quot;,
        &quot;example_input_file6334.txt&quot;,
        &quot;example_input_file6335.txt&quot;,
        &quot;example_input_file6336.txt&quot;,
        &quot;example_input_file6337.txt&quot;,
        &quot;example_input_file6338.txt&quot;,
        &quot;example_input_file6339.txt&quot;,
        &quot;example_input_file6340.txt&quot;,
        &quot;example_input_file6341.txt&quot;,
        &quot;example_input_file6342.txt&quot;,
        &quot;example_input_file6343.txt&quot;,
        &quot;example_input_file6344.txt&quot;,
        &quot;example_input_file6345.txt&quot;,
        &quot;example_input_file6346.txt&quot;,
        &quot;example_input_file6347.txt&quot;,
        &quot;example_input_file6348.txt&quot;,
        &quot;example_input_file6349.txt&quot;,
        &quot;example_input_file6350.txt&quot;,
        &quot;example_input_file6351.txt&quot;,
        &quot;example_input_file6352.txt&quot;,
        &quot;example_input_file6353.txt&quot;,
        &quot;example_input_file6354.txt&quot;,
        &quot;example_input_file6355.txt&quot;,
        &quot;example_input_file6356.txt&quot;,
        &quot;example_input_file6357.txt&quot;,
        &quot;example_input_file6358.txt&quot;,
        &quot;example_input_file6359.txt&quot;,
        &quot;example_input_file6360.txt&quot;,
        &quot;example_input_file6361.txt&quot;,
        &quot;example_input_file6362.txt&quot;,
        &quot;example_input_file6363.txt&quot;,
        &quot;example_input_file6364.txt&quot;,
        &quot;example_input_file6365.txt&quot;,
        &quot;example_input_file6366.txt&quot;,
        &quot;example_input_file6367.txt&quot;,
        &quot;example_input_file6368.txt&quot;,
        &quot;example_input_file6369.txt&quot;,
        &quot;example_input_file6370.txt&quot;,
        &quot;example_input_file6371.txt&quot;,
        &quot;example_input_file6372.txt&quot;,
        &quot;example_input_file6373.txt&quot;,
        &quot;example_input_file6374.txt&quot;,
        &quot;example_input_file6375.txt&quot;,
        &quot;example_input_file6376.txt&quot;,
        &quot;example_input_file6377.txt&quot;,
        &quot;example_input_file6378.txt&quot;,
        &quot;example_input_file6379.txt&quot;,
        &quot;example_input_file6380.txt&quot;,
        &quot;example_input_file6381.txt&quot;,
        &quot;example_input_file6382.txt&quot;,
        &quot;example_input_file6383.txt&quot;,
        &quot;example_input_file6384.txt&quot;,
        &quot;example_input_file6385.txt&quot;,
        &quot;example_input_file6386.txt&quot;,
        &quot;example_input_file6387.txt&quot;,
        &quot;example_input_file6388.txt&quot;,
        &quot;example_input_file6389.txt&quot;,
        &quot;example_input_file6390.txt&quot;,
        &quot;example_input_file6391.txt&quot;,
        &quot;example_input_file6392.txt&quot;,
        &quot;example_input_file6393.txt&quot;,
        &quot;example_input_file6394.txt&quot;,
        &quot;example_input_file6395.txt&quot;,
        &quot;example_input_file6396.txt&quot;,
        &quot;example_input_file6397.txt&quot;,
        &quot;example_input_file6398.txt&quot;,
        &quot;example_input_file6399.txt&quot;,
        &quot;example_input_file6400.txt&quot;,
        &quot;example_input_file6401.txt&quot;,
        &quot;example_input_file6402.txt&quot;,
        &quot;example_input_file6403.txt&quot;,
        &quot;example_input_file6404.txt&quot;,
        &quot;example_input_file6405.txt&quot;,
        &quot;example_input_file6406.txt&quot;,
        &quot;example_input_file6407.txt&quot;,
        &quot;example_input_file6408.txt&quot;,
        &quot;example_input_file6409.txt&quot;,
        &quot;example_input_file6410.txt&quot;,
        &quot;example_input_file6411.txt&quot;,
        &quot;example_input_file6412.txt&quot;,
        &quot;example_input_file6413.txt&quot;,
        &quot;example_input_file6414.txt&quot;,
        &quot;example_input_file6415.txt&quot;,
        &quot;example_input_file6416.txt&quot;,
        &quot;example_input_file6417.txt&quot;,
        &quot;example_input_file6418.txt&quot;,
        &quot;example_input_file6419.txt&quot;,
        &quot;example_input_file6420.txt&quot;,
        &quot;example_input_file6421.txt&quot;,
        &quot;example_input_file6422.txt&quot;,
        &quot;example_input_file6423.txt&quot;,
        &quot;example_input_file6424.txt&quot;,
        &quot;example_input_file6425.txt&quot;,
        &quot;example_input_file6426.txt&quot;,
        &quot;example_input_file6427.txt&quot;,
        &quot;example_input_file6428.txt&quot;,
        &quot;example_input_file6429.txt&quot;,
        &quot;example_input_file6430.txt&quot;,
        &quot;example_input_file6431.txt&quot;,
        &quot;example_input_file6432.txt&quot;,
        &quot;example_input_file6433.txt&quot;,
        &quot;example_input_file6434.txt&quot;,
        &quot;example_input_file6435.txt&quot;,
        &quot;example_input_file6436.txt&quot;,
        &quot;example_input_file6437.txt&quot;,
        &quot;example_input_file6438.txt&quot;,
        &quot;example_input_file6439.txt&quot;,
        &quot;example_input_file6440.txt&quot;,
        &quot;example_input_file6441.txt&quot;,
        &quot;example_input_file6442.txt&quot;,
        &quot;example_input_file6443.txt&quot;,
        &quot;example_input_file6444.txt&quot;,
        &quot;example_input_file6445.txt&quot;,
        &quot;example_input_file6446.txt&quot;,
        &quot;example_input_file6447.txt&quot;,
        &quot;example_input_file6448.txt&quot;,
        &quot;example_input_file6449.txt&quot;,
        &quot;example_input_file6450.txt&quot;,
        &quot;example_input_file6451.txt&quot;,
        &quot;example_input_file6452.txt&quot;,
        &quot;example_input_file6453.txt&quot;,
        &quot;example_input_file6454.txt&quot;,
        &quot;example_input_file6455.txt&quot;,
        &quot;example_input_file6456.txt&quot;,
        &quot;example_input_file6457.txt&quot;,
        &quot;example_input_file6458.txt&quot;,
        &quot;example_input_file6459.txt&quot;,
        &quot;example_input_file6460.txt&quot;,
        &quot;example_input_file6461.txt&quot;,
        &quot;example_input_file6462.txt&quot;,
        &quot;example_input_file6463.txt&quot;,
        &quot;example_input_file6464.txt&quot;,
        &quot;example_input_file6465.txt&quot;,
        &quot;example_input_file6466.txt&quot;,
        &quot;example_input_file6467.txt&quot;,
        &quot;example_input_file6468.txt&quot;,
        &quot;example_input_file6469.txt&quot;,
        &quot;example_input_file6470.txt&quot;,
        &quot;example_input_file6471.txt&quot;,
        &quot;example_input_file6472.txt&quot;,
        &quot;example_input_file6473.txt&quot;,
        &quot;example_input_file6474.txt&quot;,
        &quot;example_input_file6475.txt&quot;,
        &quot;example_input_file6476.txt&quot;,
        &quot;example_input_file6477.txt&quot;,
        &quot;example_input_file6478.txt&quot;,
        &quot;example_input_file6479.txt&quot;,
        &quot;example_input_file6480.txt&quot;,
        &quot;example_input_file6481.txt&quot;,
        &quot;example_input_file6482.txt&quot;,
        &quot;example_input_file6483.txt&quot;,
        &quot;example_input_file6484.txt&quot;,
        &quot;example_input_file6485.txt&quot;,
        &quot;example_input_file6486.txt&quot;,
        &quot;example_input_file6487.txt&quot;,
        &quot;example_input_file6488.txt&quot;,
        &quot;example_input_file6489.txt&quot;,
        &quot;example_input_file6490.txt&quot;,
        &quot;example_input_file6491.txt&quot;,
        &quot;example_input_file6492.txt&quot;,
        &quot;example_input_file6493.txt&quot;,
        &quot;example_input_file6494.txt&quot;,
        &quot;example_input_file6495.txt&quot;,
        &quot;example_input_file6496.txt&quot;,
        &quot;example_input_file6497.txt&quot;,
        &quot;example_input_file6498.txt&quot;,
        &quot;example_input_file6499.txt&quot;,
        &quot;example_input_file6500.txt&quot;,
        &quot;example_input_file6501.txt&quot;,
        &quot;example_input_file6502.txt&quot;,
        &quot;example_input_file6503.txt&quot;,
        &quot;example_input_file6504.txt&quot;,
        &quot;example_input_file6505.txt&quot;,
        &quot;example_input_file6506.txt&quot;,
        &quot;example_input_file6507.txt&quot;,
        &quot;example_input_file6508.txt&quot;,
        &quot;example_input_file6509.txt&quot;,
        &quot;example_input_file6510.txt&quot;,
        &quot;example_input_file6511.txt&quot;,
        &quot;example_input_file6512.txt&quot;,
        &quot;example_input_file6513.txt&quot;,
        &quot;example_input_file6514.txt&quot;,
        &quot;example_input_file6515.txt&quot;,
        &quot;example_input_file6516.txt&quot;,
        &quot;example_input_file6517.txt&quot;,
        &quot;example_input_file6518.txt&quot;,
        &quot;example_input_file6519.txt&quot;,
        &quot;example_input_file6520.txt&quot;,
        &quot;example_input_file6521.txt&quot;,
        &quot;example_input_file6522.txt&quot;,
        &quot;example_input_file6523.txt&quot;,
        &quot;example_input_file6524.txt&quot;,
        &quot;example_input_file6525.txt&quot;,
        &quot;example_input_file6526.txt&quot;,
        &quot;example_input_file6527.txt&quot;,
        &quot;example_input_file6528.txt&quot;,
        &quot;example_input_file6529.txt&quot;,
        &quot;example_input_file6530.txt&quot;,
        &quot;example_input_file6531.txt&quot;,
        &quot;example_input_file6532.txt&quot;,
        &quot;example_input_file6533.txt&quot;,
        &quot;example_input_file6534.txt&quot;,
        &quot;example_input_file6535.txt&quot;,
        &quot;example_input_file6536.txt&quot;,
        &quot;example_input_file6537.txt&quot;,
        &quot;example_input_file6538.txt&quot;,
        &quot;example_input_file6539.txt&quot;,
        &quot;example_input_file6540.txt&quot;,
        &quot;example_input_file6541.txt&quot;,
        &quot;example_input_file6542.txt&quot;,
        &quot;example_input_file6543.txt&quot;,
        &quot;example_input_file6544.txt&quot;,
        &quot;example_input_file6545.txt&quot;,
        &quot;example_input_file6546.txt&quot;,
        &quot;example_input_file6547.txt&quot;,
        &quot;example_input_file6548.txt&quot;,
        &quot;example_input_file6549.txt&quot;,
        &quot;example_input_file6550.txt&quot;,
        &quot;example_input_file6551.txt&quot;,
        &quot;example_input_file6552.txt&quot;,
        &quot;example_input_file6553.txt&quot;,
        &quot;example_input_file6554.txt&quot;,
        &quot;example_input_file6555.txt&quot;,
        &quot;example_input_file6556.txt&quot;,
        &quot;example_input_file6557.txt&quot;,
        &quot;example_input_file6558.txt&quot;,
        &quot;example_input_file6559.txt&quot;,
        &quot;example_input_file6560.txt&quot;,
        &quot;example_input_file6561.txt&quot;,
        &quot;example_input_file6562.txt&quot;,
        &quot;example_input_file6563.txt&quot;,
        &quot;example_input_file6564.txt&quot;,
        &quot;example_input_file6565.txt&quot;,
        &quot;example_input_file6566.txt&quot;,
        &quot;example_input_file6567.txt&quot;,
        &quot;example_input_file6568.txt&quot;,
        &quot;example_input_file6569.txt&quot;,
        &quot;example_input_file6570.txt&quot;,
        &quot;example_input_file6571.txt&quot;,
        &quot;example_input_file6572.txt&quot;,
        &quot;example_input_file6573.txt&quot;,
        &quot;example_input_file6574.txt&quot;,
        &quot;example_input_file6575.txt&quot;,
        &quot;example_input_file6576.txt&quot;,
        &quot;example_input_file6577.txt&quot;,
        &quot;example_input_file6578.txt&quot;,
        &quot;example_input_file6579.txt&quot;,
        &quot;example_input_file6580.txt&quot;,
        &quot;example_input_file6581.txt&quot;,
        &quot;example_input_file6582.txt&quot;,
        &quot;example_input_file6583.txt&quot;,
        &quot;example_input_file6584.txt&quot;,
        &quot;example_input_file6585.txt&quot;,
        &quot;example_input_file6586.txt&quot;,
        &quot;example_input_file6587.txt&quot;,
        &quot;example_input_file6588.txt&quot;,
        &quot;example_input_file6589.txt&quot;,
        &quot;example_input_file6590.txt&quot;,
        &quot;example_input_file6591.txt&quot;,
        &quot;example_input_file6592.txt&quot;,
        &quot;example_input_file6593.txt&quot;,
        &quot;example_input_file6594.txt&quot;,
        &quot;example_input_file6595.txt&quot;,
        &quot;example_input_file6596.txt&quot;,
        &quot;example_input_file6597.txt&quot;,
        &quot;example_input_file6598.txt&quot;,
        &quot;example_input_file6599.txt&quot;,
        &quot;example_input_file6600.txt&quot;,
        &quot;example_input_file6601.txt&quot;,
        &quot;example_input_file6602.txt&quot;,
        &quot;example_input_file6603.txt&quot;,
        &quot;example_input_file6604.txt&quot;,
        &quot;example_input_file6605.txt&quot;,
        &quot;example_input_file6606.txt&quot;,
        &quot;example_input_file6607.txt&quot;,
        &quot;example_input_file6608.txt&quot;,
        &quot;example_input_file6609.txt&quot;,
        &quot;example_input_file6610.txt&quot;,
        &quot;example_input_file6611.txt&quot;,
        &quot;example_input_file6612.txt&quot;,
        &quot;example_input_file6613.txt&quot;,
        &quot;example_input_file6614.txt&quot;,
        &quot;example_input_file6615.txt&quot;,
        &quot;example_input_file6616.txt&quot;,
        &quot;example_input_file6617.txt&quot;,
        &quot;example_input_file6618.txt&quot;,
        &quot;example_input_file6619.txt&quot;,
        &quot;example_input_file6620.txt&quot;,
        &quot;example_input_file6621.txt&quot;,
        &quot;example_input_file6622.txt&quot;,
        &quot;example_input_file6623.txt&quot;,
        &quot;example_input_file6624.txt&quot;,
        &quot;example_input_file6625.txt&quot;,
        &quot;example_input_file6626.txt&quot;,
        &quot;example_input_file6627.txt&quot;,
        &quot;example_input_file6628.txt&quot;,
        &quot;example_input_file6629.txt&quot;,
        &quot;example_input_file6630.txt&quot;,
        &quot;example_input_file6631.txt&quot;,
        &quot;example_input_file6632.txt&quot;,
        &quot;example_input_file6633.txt&quot;,
        &quot;example_input_file6634.txt&quot;,
        &quot;example_input_file6635.txt&quot;,
        &quot;example_input_file6636.txt&quot;,
        &quot;example_input_file6637.txt&quot;,
        &quot;example_input_file6638.txt&quot;,
        &quot;example_input_file6639.txt&quot;,
        &quot;example_input_file6640.txt&quot;,
        &quot;example_input_file6641.txt&quot;,
        &quot;example_input_file6642.txt&quot;,
        &quot;example_input_file6643.txt&quot;,
        &quot;example_input_file6644.txt&quot;,
        &quot;example_input_file6645.txt&quot;,
        &quot;example_input_file6646.txt&quot;,
        &quot;example_input_file6647.txt&quot;,
        &quot;example_input_file6648.txt&quot;,
        &quot;example_input_file6649.txt&quot;,
        &quot;example_input_file6650.txt&quot;,
        &quot;example_input_file6651.txt&quot;,
        &quot;example_input_file6652.txt&quot;,
        &quot;example_input_file6653.txt&quot;,
        &quot;example_input_file6654.txt&quot;,
        &quot;example_input_file6655.txt&quot;,
        &quot;example_input_file6656.txt&quot;,
        &quot;example_input_file6657.txt&quot;,
        &quot;example_input_file6658.txt&quot;,
        &quot;example_input_file6659.txt&quot;,
        &quot;example_input_file6660.txt&quot;,
        &quot;example_input_file6661.txt&quot;,
        &quot;example_input_file6662.txt&quot;,
        &quot;example_input_file6663.txt&quot;,
        &quot;example_input_file6664.txt&quot;,
        &quot;example_input_file6665.txt&quot;,
        &quot;example_input_file6666.txt&quot;,
        &quot;example_input_file6667.txt&quot;,
        &quot;example_input_file6668.txt&quot;,
        &quot;example_input_file6669.txt&quot;,
        &quot;example_input_file6670.txt&quot;,
        &quot;example_input_file6671.txt&quot;,
        &quot;example_input_file6672.txt&quot;,
        &quot;example_input_file6673.txt&quot;,
        &quot;example_input_file6674.txt&quot;,
        &quot;example_input_file6675.txt&quot;,
        &quot;example_input_file6676.txt&quot;,
        &quot;example_input_file6677.txt&quot;,
        &quot;example_input_file6678.txt&quot;,
        &quot;example_input_file6679.txt&quot;,
        &quot;example_input_file6680.txt&quot;,
        &quot;example_input_file6681.txt&quot;,
        &quot;example_input_file6682.txt&quot;,
        &quot;example_input_file6683.txt&quot;,
        &quot;example_input_file6684.txt&quot;,
        &quot;example_input_file6685.txt&quot;,
        &quot;example_input_file6686.txt&quot;,
        &quot;example_input_file6687.txt&quot;,
        &quot;example_input_file6688.txt&quot;,
        &quot;example_input_file6689.txt&quot;,
        &quot;example_input_file6690.txt&quot;,
        &quot;example_input_file6691.txt&quot;,
        &quot;example_input_file6692.txt&quot;,
        &quot;example_input_file6693.txt&quot;,
        &quot;example_input_file6694.txt&quot;,
        &quot;example_input_file6695.txt&quot;,
        &quot;example_input_file6696.txt&quot;,
        &quot;example_input_file6697.txt&quot;,
        &quot;example_input_file6698.txt&quot;,
        &quot;example_input_file6699.txt&quot;,
        &quot;example_input_file6700.txt&quot;,
        &quot;example_input_file6701.txt&quot;,
        &quot;example_input_file6702.txt&quot;,
        &quot;example_input_file6703.txt&quot;,
        &quot;example_input_file6704.txt&quot;,
        &quot;example_input_file6705.txt&quot;,
        &quot;example_input_file6706.txt&quot;,
        &quot;example_input_file6707.txt&quot;,
        &quot;example_input_file6708.txt&quot;,
        &quot;example_input_file6709.txt&quot;,
        &quot;example_input_file6710.txt&quot;,
        &quot;example_input_file6711.txt&quot;,
        &quot;example_input_file6712.txt&quot;,
        &quot;example_input_file6713.txt&quot;,
        &quot;example_input_file6714.txt&quot;,
        &quot;example_input_file6715.txt&quot;,
        &quot;example_input_file6716.txt&quot;,
        &quot;example_input_file6717.txt&quot;,
        &quot;example_input_file6718.txt&quot;,
        &quot;example_input_file6719.txt&quot;,
        &quot;example_input_file6720.txt&quot;,
        &quot;example_input_file6721.txt&quot;,
        &quot;example_input_file6722.txt&quot;,
        &quot;example_input_file6723.txt&quot;,
        &quot;example_input_file6724.txt&quot;,
        &quot;example_input_file6725.txt&quot;,
        &quot;example_input_file6726.txt&quot;,
        &quot;example_input_file6727.txt&quot;,
        &quot;example_input_file6728.txt&quot;,
        &quot;example_input_file6729.txt&quot;,
        &quot;example_input_file6730.txt&quot;,
        &quot;example_input_file6731.txt&quot;,
        &quot;example_input_file6732.txt&quot;,
        &quot;example_input_file6733.txt&quot;,
        &quot;example_input_file6734.txt&quot;,
        &quot;example_input_file6735.txt&quot;,
        &quot;example_input_file6736.txt&quot;,
        &quot;example_input_file6737.txt&quot;,
        &quot;example_input_file6738.txt&quot;,
        &quot;example_input_file6739.txt&quot;,
        &quot;example_input_file6740.txt&quot;,
        &quot;example_input_file6741.txt&quot;,
        &quot;example_input_file6742.txt&quot;,
        &quot;example_input_file6743.txt&quot;,
        &quot;example_input_file6744.txt&quot;,
        &quot;example_input_file6745.txt&quot;,
        &quot;example_input_file6746.txt&quot;,
        &quot;example_input_file6747.txt&quot;,
        &quot;example_input_file6748.txt&quot;,
        &quot;example_input_file6749.txt&quot;,
        &quot;example_input_file6750.txt&quot;,
        &quot;example_input_file6751.txt&quot;,
        &quot;example_input_file6752.txt&quot;,
        &quot;example_input_file6753.txt&quot;,
        &quot;example_input_file6754.txt&quot;,
        &quot;example_input_file6755.txt&quot;,
        &quot;example_input_file6756.txt&quot;,
        &quot;example_input_file6757.txt&quot;,
        &quot;example_input_file6758.txt&quot;,
        &quot;example_input_file6759.txt&quot;,
        &quot;example_input_file6760.txt&quot;,
        &quot;example_input_file6761.txt&quot;,
        &quot;example_input_file6762.txt&quot;,
        &quot;example_input_file6763.txt&quot;,
        &quot;example_input_file6764.txt&quot;,
        &quot;example_input_file6765.txt&quot;,
        &quot;example_input_file6766.txt&quot;,
        &quot;example_input_file6767.txt&quot;,
        &quot;example_input_file6768.txt&quot;,
        &quot;example_input_file6769.txt&quot;,
        &quot;example_input_file6770.txt&quot;,
        &quot;example_input_file6771.txt&quot;,
        &quot;example_input_file6772.txt&quot;,
        &quot;example_input_file6773.txt&quot;,
        &quot;example_input_file6774.txt&quot;,
        &quot;example_input_file6775.txt&quot;,
        &quot;example_input_file6776.txt&quot;,
        &quot;example_input_file6777.txt&quot;,
        &quot;example_input_file6778.txt&quot;,
        &quot;example_input_file6779.txt&quot;,
        &quot;example_input_file6780.txt&quot;,
        &quot;example_input_file6781.txt&quot;,
        &quot;example_input_file6782.txt&quot;,
        &quot;example_input_file6783.txt&quot;,
        &quot;example_input_file6784.txt&quot;,
        &quot;example_input_file6785.txt&quot;,
        &quot;example_input_file6786.txt&quot;,
        &quot;example_input_file6787.txt&quot;,
        &quot;example_input_file6788.txt&quot;,
        &quot;example_input_file6789.txt&quot;,
        &quot;example_input_file6790.txt&quot;,
        &quot;example_input_file6791.txt&quot;,
        &quot;example_input_file6792.txt&quot;,
        &quot;example_input_file6793.txt&quot;,
        &quot;example_input_file6794.txt&quot;,
        &quot;example_input_file6795.txt&quot;,
        &quot;example_input_file6796.txt&quot;,
        &quot;example_input_file6797.txt&quot;,
        &quot;example_input_file6798.txt&quot;,
        &quot;example_input_file6799.txt&quot;,
        &quot;example_input_file6800.txt&quot;,
        &quot;example_input_file6801.txt&quot;,
        &quot;example_input_file6802.txt&quot;,
        &quot;example_input_file6803.txt&quot;,
        &quot;example_input_file6804.txt&quot;,
        &quot;example_input_file6805.txt&quot;,
        &quot;example_input_file6806.txt&quot;,
        &quot;example_input_file6807.txt&quot;,
        &quot;example_input_file6808.txt&quot;,
        &quot;example_input_file6809.txt&quot;,
        &quot;example_input_file6810.txt&quot;,
        &quot;example_input_file6811.txt&quot;,
        &quot;example_input_file6812.txt&quot;,
        &quot;example_input_file6813.txt&quot;,
        &quot;example_input_file6814.txt&quot;,
        &quot;example_input_file6815.txt&quot;,
        &quot;example_input_file6816.txt&quot;,
        &quot;example_input_file6817.txt&quot;,
        &quot;example_input_file6818.txt&quot;,
        &quot;example_input_file6819.txt&quot;,
        &quot;example_input_file6820.txt&quot;,
        &quot;example_input_file6821.txt&quot;,
        &quot;example_input_file6822.txt&quot;,
        &quot;example_input_file6823.txt&quot;,
        &quot;example_input_file6824.txt&quot;,
        &quot;example_input_file6825.txt&quot;,
        &quot;example_input_file6826.txt&quot;,
        &quot;example_input_file6827.txt&quot;,
        &quot;example_input_file6828.txt&quot;,
        &quot;example_input_file6829.txt&quot;,
        &quot;example_input_file6830.txt&quot;,
        &quot;example_input_file6831.txt&quot;,
        &quot;example_input_file6832.txt&quot;,
        &quot;example_input_file6833.txt&quot;,
        &quot;example_input_file6834.txt&quot;,
        &quot;example_input_file6835.txt&quot;,
        &quot;example_input_file6836.txt&quot;,
        &quot;example_input_file6837.txt&quot;,
        &quot;example_input_file6838.txt&quot;,
        &quot;example_input_file6839.txt&quot;,
        &quot;example_input_file6840.txt&quot;,
        &quot;example_input_file6841.txt&quot;,
        &quot;example_input_file6842.txt&quot;,
        &quot;example_input_file6843.txt&quot;,
        &quot;example_input_file6844.txt&quot;,
        &quot;example_input_file6845.txt&quot;,
        &quot;example_input_file6846.txt&quot;,
        &quot;example_input_file6847.txt&quot;,
        &quot;example_input_file6848.txt&quot;,
        &quot;example_input_file6849.txt&quot;,
        &quot;example_input_file6850.txt&quot;,
        &quot;example_input_file6851.txt&quot;,
        &quot;example_input_file6852.txt&quot;,
        &quot;example_input_file6853.txt&quot;,
        &quot;example_input_file6854.txt&quot;,
        &quot;example_input_file6855.txt&quot;,
        &quot;example_input_file6856.txt&quot;,
        &quot;example_input_file6857.txt&quot;,
        &quot;example_input_file6858.txt&quot;,
        &quot;example_input_file6859.txt&quot;,
        &quot;example_input_file6860.txt&quot;,
        &quot;example_input_file6861.txt&quot;,
        &quot;example_input_file6862.txt&quot;,
        &quot;example_input_file6863.txt&quot;,
        &quot;example_input_file6864.txt&quot;,
        &quot;example_input_file6865.txt&quot;,
        &quot;example_input_file6866.txt&quot;,
        &quot;example_input_file6867.txt&quot;,
        &quot;example_input_file6868.txt&quot;,
        &quot;example_input_file6869.txt&quot;,
        &quot;example_input_file6870.txt&quot;,
        &quot;example_input_file6871.txt&quot;,
        &quot;example_input_file6872.txt&quot;,
        &quot;example_input_file6873.txt&quot;,
        &quot;example_input_file6874.txt&quot;,
        &quot;example_input_file6875.txt&quot;,
        &quot;example_input_file6876.txt&quot;,
        &quot;example_input_file6877.txt&quot;,
        &quot;example_input_file6878.txt&quot;,
        &quot;example_input_file6879.txt&quot;,
        &quot;example_input_file6880.txt&quot;,
        &quot;example_input_file6881.txt&quot;,
        &quot;example_input_file6882.txt&quot;,
        &quot;example_input_file6883.txt&quot;,
        &quot;example_input_file6884.txt&quot;,
        &quot;example_input_file6885.txt&quot;,
        &quot;example_input_file6886.txt&quot;,
        &quot;example_input_file6887.txt&quot;,
        &quot;example_input_file6888.txt&quot;,
        &quot;example_input_file6889.txt&quot;,
        &quot;example_input_file6890.txt&quot;,
        &quot;example_input_file6891.txt&quot;,
        &quot;example_input_file6892.txt&quot;,
        &quot;example_input_file6893.txt&quot;,
        &quot;example_input_file6894.txt&quot;,
        &quot;example_input_file6895.txt&quot;,
        &quot;example_input_file6896.txt&quot;,
        &quot;example_input_file6897.txt&quot;,
        &quot;example_input_file6898.txt&quot;,
        &quot;example_input_file6899.txt&quot;,
        &quot;example_input_file6900.txt&quot;,
        &quot;example_input_file6901.txt&quot;,
        &quot;example_input_file6902.txt&quot;,
        &quot;example_input_file6903.txt&quot;,
        &quot;example_input_file6904.txt&quot;,
        &quot;example_input_file6905.txt&quot;,
        &quot;example_input_file6906.txt&quot;,
        &quot;example_input_file6907.txt&quot;,
        &quot;example_input_file6908.txt&quot;,
        &quot;example_input_file6909.txt&quot;,
        &quot;example_input_file6910.txt&quot;,
        &quot;example_input_file6911.txt&quot;,
        &quot;example_input_file6912.txt&quot;,
        &quot;example_input_file6913.txt&quot;,
        &quot;example_input_file6914.txt&quot;,
        &quot;example_input_file6915.txt&quot;,
        &quot;example_input_file6916.txt&quot;,
        &quot;example_input_file6917.txt&quot;,
        &quot;example_input_file6918.txt&quot;,
        &quot;example_input_file6919.txt&quot;,
        &quot;example_input_file6920.txt&quot;,
        &quot;example_input_file6921.txt&quot;,
        &quot;example_input_file6922.txt&quot;,
        &quot;example_input_file6923.txt&quot;,
        &quot;example_input_file6924.txt&quot;,
        &quot;example_input_file6925.txt&quot;,
        &quot;example_input_file6926.txt&quot;,
        &quot;example_input_file6927.txt&quot;,
        &quot;example_input_file6928.txt&quot;,
        &quot;example_input_file6929.txt&quot;,
        &quot;example_input_file6930.txt&quot;,
        &quot;example_input_file6931.txt&quot;,
        &quot;example_input_file6932.txt&quot;,
        &quot;example_input_file6933.txt&quot;,
        &quot;example_input_file6934.txt&quot;,
        &quot;example_input_file6935.txt&quot;,
        &quot;example_input_file6936.txt&quot;,
        &quot;example_input_file6937.txt&quot;,
        &quot;example_input_file6938.txt&quot;,
        &quot;example_input_file6939.txt&quot;,
        &quot;example_input_file6940.txt&quot;,
        &quot;example_input_file6941.txt&quot;,
        &quot;example_input_file6942.txt&quot;,
        &quot;example_input_file6943.txt&quot;,
        &quot;example_input_file6944.txt&quot;,
        &quot;example_input_file6945.txt&quot;,
        &quot;example_input_file6946.txt&quot;,
        &quot;example_input_file6947.txt&quot;,
        &quot;example_input_file6948.txt&quot;,
        &quot;example_input_file6949.txt&quot;,
        &quot;example_input_file6950.txt&quot;,
        &quot;example_input_file6951.txt&quot;,
        &quot;example_input_file6952.txt&quot;,
        &quot;example_input_file6953.txt&quot;,
        &quot;example_input_file6954.txt&quot;,
        &quot;example_input_file6955.txt&quot;,
        &quot;example_input_file6956.txt&quot;,
        &quot;example_input_file6957.txt&quot;,
        &quot;example_input_file6958.txt&quot;,
        &quot;example_input_file6959.txt&quot;,
        &quot;example_input_file6960.txt&quot;,
        &quot;example_input_file6961.txt&quot;,
        &quot;example_input_file6962.txt&quot;,
        &quot;example_input_file6963.txt&quot;,
        &quot;example_input_file6964.txt&quot;,
        &quot;example_input_file6965.txt&quot;,
        &quot;example_input_file6966.txt&quot;,
        &quot;example_input_file6967.txt&quot;,
        &quot;example_input_file6968.txt&quot;,
        &quot;example_input_file6969.txt&quot;,
        &quot;example_input_file6970.txt&quot;,
        &quot;example_input_file6971.txt&quot;,
        &quot;example_input_file6972.txt&quot;,
        &quot;example_input_file6973.txt&quot;,
        &quot;example_input_file6974.txt&quot;,
        &quot;example_input_file6975.txt&quot;,
        &quot;example_input_file6976.txt&quot;,
        &quot;example_input_file6977.txt&quot;,
        &quot;example_input_file6978.txt&quot;,
        &quot;example_input_file6979.txt&quot;,
        &quot;example_input_file6980.txt&quot;,
        &quot;example_input_file6981.txt&quot;,
        &quot;example_input_file6982.txt&quot;,
        &quot;example_input_file6983.txt&quot;,
        &quot;example_input_file6984.txt&quot;,
        &quot;example_input_file6985.txt&quot;,
        &quot;example_input_file6986.txt&quot;,
        &quot;example_input_file6987.txt&quot;,
        &quot;example_input_file6988.txt&quot;,
        &quot;example_input_file6989.txt&quot;,
        &quot;example_input_file6990.txt&quot;,
        &quot;example_input_file6991.txt&quot;,
        &quot;example_input_file6992.txt&quot;,
        &quot;example_input_file6993.txt&quot;,
        &quot;example_input_file6994.txt&quot;,
        &quot;example_input_file6995.txt&quot;,
        &quot;example_input_file6996.txt&quot;,
        &quot;example_input_file6997.txt&quot;,
        &quot;example_input_file6998.txt&quot;,
        &quot;example_input_file6999.txt&quot;,
        &quot;example_input_file7000.txt&quot;,
        &quot;example_input_file7001.txt&quot;,
        &quot;example_input_file7002.txt&quot;,
        &quot;example_input_file7003.txt&quot;,
        &quot;example_input_file7004.txt&quot;,
        &quot;example_input_file7005.txt&quot;,
        &quot;example_input_file7006.txt&quot;,
        &quot;example_input_file7007.txt&quot;,
        &quot;example_input_file7008.txt&quot;,
        &quot;example_input_file7009.txt&quot;,
        &quot;example_input_file7010.txt&quot;,
        &quot;example_input_file7011.txt&quot;,
        &quot;example_input_file7012.txt&quot;,
        &quot;example_input_file7013.txt&quot;,
        &quot;example_input_file7014.txt&quot;,
        &quot;example_input_file7015.txt&quot;,
        &quot;example_input_file7016.txt&quot;,
        &quot;example_input_file7017.txt&quot;,
        &quot;example_input_file7018.txt&quot;,
        &quot;example_input_file7019.txt&quot;,
        &quot;example_input_file7020.txt&quot;,
        &quot;example_input_file7021.txt&quot;,
        &quot;example_input_file7022.txt&quot;,
        &quot;example_input_file7023.txt&quot;,
        &quot;example_input_file7024.txt&quot;,
        &quot;example_input_file7025.txt&quot;,
        &quot;example_input_file7026.txt&quot;,
        &quot;example_input_file7027.txt&quot;,
        &quot;example_input_file7028.txt&quot;,
        &quot;example_input_file7029.txt&quot;,
        &quot;example_input_file7030.txt&quot;,
        &quot;example_input_file7031.txt&quot;,
        &quot;example_input_file7032.txt&quot;,
        &quot;example_input_file7033.txt&quot;,
        &quot;example_input_file7034.txt&quot;,
        &quot;example_input_file7035.txt&quot;,
        &quot;example_input_file7036.txt&quot;,
        &quot;example_input_file7037.txt&quot;,
        &quot;example_input_file7038.txt&quot;,
        &quot;example_input_file7039.txt&quot;,
        &quot;example_input_file7040.txt&quot;,
        &quot;example_input_file7041.txt&quot;,
        &quot;example_input_file7042.txt&quot;,
        &quot;example_input_file7043.txt&quot;,
        &quot;example_input_file7044.txt&quot;,
        &quot;example_input_file7045.txt&quot;,
        &quot;example_input_file7046.txt&quot;,
        &quot;example_input_file7047.txt&quot;,
        &quot;example_input_file7048.txt&quot;,
        &quot;example_input_file7049.txt&quot;,
        &quot;example_input_file7050.txt&quot;,
        &quot;example_input_file7051.txt&quot;,
        &quot;example_input_file7052.txt&quot;,
        &quot;example_input_file7053.txt&quot;,
        &quot;example_input_file7054.txt&quot;,
        &quot;example_input_file7055.txt&quot;,
        &quot;example_input_file7056.txt&quot;,
        &quot;example_input_file7057.txt&quot;,
        &quot;example_input_file7058.txt&quot;,
        &quot;example_input_file7059.txt&quot;,
        &quot;example_input_file7060.txt&quot;,
        &quot;example_input_file7061.txt&quot;,
        &quot;example_input_file7062.txt&quot;,
        &quot;example_input_file7063.txt&quot;,
        &quot;example_input_file7064.txt&quot;,
        &quot;example_input_file7065.txt&quot;,
        &quot;example_input_file7066.txt&quot;,
        &quot;example_input_file7067.txt&quot;,
        &quot;example_input_file7068.txt&quot;,
        &quot;example_input_file7069.txt&quot;,
        &quot;example_input_file7070.txt&quot;,
        &quot;example_input_file7071.txt&quot;,
        &quot;example_input_file7072.txt&quot;,
        &quot;example_input_file7073.txt&quot;,
        &quot;example_input_file7074.txt&quot;,
        &quot;example_input_file7075.txt&quot;,
        &quot;example_input_file7076.txt&quot;,
        &quot;example_input_file7077.txt&quot;,
        &quot;example_input_file7078.txt&quot;,
        &quot;example_input_file7079.txt&quot;,
        &quot;example_input_file7080.txt&quot;,
        &quot;example_input_file7081.txt&quot;,
        &quot;example_input_file7082.txt&quot;,
        &quot;example_input_file7083.txt&quot;,
        &quot;example_input_file7084.txt&quot;,
        &quot;example_input_file7085.txt&quot;,
        &quot;example_input_file7086.txt&quot;,
        &quot;example_input_file7087.txt&quot;,
        &quot;example_input_file7088.txt&quot;,
        &quot;example_input_file7089.txt&quot;,
        &quot;example_input_file7090.txt&quot;,
        &quot;example_input_file7091.txt&quot;,
        &quot;example_input_file7092.txt&quot;,
        &quot;example_input_file7093.txt&quot;,
        &quot;example_input_file7094.txt&quot;,
        &quot;example_input_file7095.txt&quot;,
        &quot;example_input_file7096.txt&quot;,
        &quot;example_input_file7097.txt&quot;,
        &quot;example_input_file7098.txt&quot;,
        &quot;example_input_file7099.txt&quot;,
        &quot;example_input_file7100.txt&quot;,
        &quot;example_input_file7101.txt&quot;,
        &quot;example_input_file7102.txt&quot;,
        &quot;example_input_file7103.txt&quot;,
        &quot;example_input_file7104.txt&quot;,
        &quot;example_input_file7105.txt&quot;,
        &quot;example_input_file7106.txt&quot;,
        &quot;example_input_file7107.txt&quot;,
        &quot;example_input_file7108.txt&quot;,
        &quot;example_input_file7109.txt&quot;,
        &quot;example_input_file7110.txt&quot;,
        &quot;example_input_file7111.txt&quot;,
        &quot;example_input_file7112.txt&quot;,
        &quot;example_input_file7113.txt&quot;,
        &quot;example_input_file7114.txt&quot;,
        &quot;example_input_file7115.txt&quot;,
        &quot;example_input_file7116.txt&quot;,
        &quot;example_input_file7117.txt&quot;,
        &quot;example_input_file7118.txt&quot;,
        &quot;example_input_file7119.txt&quot;,
        &quot;example_input_file7120.txt&quot;,
        &quot;example_input_file7121.txt&quot;,
        &quot;example_input_file7122.txt&quot;,
        &quot;example_input_file7123.txt&quot;,
        &quot;example_input_file7124.txt&quot;,
        &quot;example_input_file7125.txt&quot;,
        &quot;example_input_file7126.txt&quot;,
        &quot;example_input_file7127.txt&quot;,
        &quot;example_input_file7128.txt&quot;,
        &quot;example_input_file7129.txt&quot;,
        &quot;example_input_file7130.txt&quot;,
        &quot;example_input_file7131.txt&quot;,
        &quot;example_input_file7132.txt&quot;,
        &quot;example_input_file7133.txt&quot;,
        &quot;example_input_file7134.txt&quot;,
        &quot;example_input_file7135.txt&quot;,
        &quot;example_input_file7136.txt&quot;,
        &quot;example_input_file7137.txt&quot;,
        &quot;example_input_file7138.txt&quot;,
        &quot;example_input_file7139.txt&quot;,
        &quot;example_input_file7140.txt&quot;,
        &quot;example_input_file7141.txt&quot;,
        &quot;example_input_file7142.txt&quot;,
        &quot;example_input_file7143.txt&quot;,
        &quot;example_input_file7144.txt&quot;,
        &quot;example_input_file7145.txt&quot;,
        &quot;example_input_file7146.txt&quot;,
        &quot;example_input_file7147.txt&quot;,
        &quot;example_input_file7148.txt&quot;,
        &quot;example_input_file7149.txt&quot;,
        &quot;example_input_file7150.txt&quot;,
        &quot;example_input_file7151.txt&quot;,
        &quot;example_input_file7152.txt&quot;,
        &quot;example_input_file7153.txt&quot;,
        &quot;example_input_file7154.txt&quot;,
        &quot;example_input_file7155.txt&quot;,
        &quot;example_input_file7156.txt&quot;,
        &quot;example_input_file7157.txt&quot;,
        &quot;example_input_file7158.txt&quot;,
        &quot;example_input_file7159.txt&quot;,
        &quot;example_input_file7160.txt&quot;,
        &quot;example_input_file7161.txt&quot;,
        &quot;example_input_file7162.txt&quot;,
        &quot;example_input_file7163.txt&quot;,
        &quot;example_input_file7164.txt&quot;,
        &quot;example_input_file7165.txt&quot;,
        &quot;example_input_file7166.txt&quot;,
        &quot;example_input_file7167.txt&quot;,
        &quot;example_input_file7168.txt&quot;,
        &quot;example_input_file7169.txt&quot;,
        &quot;example_input_file7170.txt&quot;,
        &quot;example_input_file7171.txt&quot;,
        &quot;example_input_file7172.txt&quot;,
        &quot;example_input_file7173.txt&quot;,
        &quot;example_input_file7174.txt&quot;,
        &quot;example_input_file7175.txt&quot;,
        &quot;example_input_file7176.txt&quot;,
        &quot;example_input_file7177.txt&quot;,
        &quot;example_input_file7178.txt&quot;,
        &quot;example_input_file7179.txt&quot;,
        &quot;example_input_file7180.txt&quot;,
        &quot;example_input_file7181.txt&quot;,
        &quot;example_input_file7182.txt&quot;,
        &quot;example_input_file7183.txt&quot;,
        &quot;example_input_file7184.txt&quot;,
        &quot;example_input_file7185.txt&quot;,
        &quot;example_input_file7186.txt&quot;,
        &quot;example_input_file7187.txt&quot;,
        &quot;example_input_file7188.txt&quot;,
        &quot;example_input_file7189.txt&quot;,
        &quot;example_input_file7190.txt&quot;,
        &quot;example_input_file7191.txt&quot;,
        &quot;example_input_file7192.txt&quot;,
        &quot;example_input_file7193.txt&quot;,
        &quot;example_input_file7194.txt&quot;,
        &quot;example_input_file7195.txt&quot;,
        &quot;example_input_file7196.txt&quot;,
        &quot;example_input_file7197.txt&quot;,
        &quot;example_input_file7198.txt&quot;,
        &quot;example_input_file7199.txt&quot;,
        &quot;example_input_file7200.txt&quot;,
        &quot;example_input_file7201.txt&quot;,
        &quot;example_input_file7202.txt&quot;,
        &quot;example_input_file7203.txt&quot;,
        &quot;example_input_file7204.txt&quot;,
        &quot;example_input_file7205.txt&quot;,
        &quot;example_input_file7206.txt&quot;,
        &quot;example_input_file7207.txt&quot;,
        &quot;example_input_file7208.txt&quot;,
        &quot;example_input_file7209.txt&quot;,
        &quot;example_input_file7210.txt&quot;,
        &quot;example_input_file7211.txt&quot;,
        &quot;example_input_file7212.txt&quot;,
        &quot;example_input_file7213.txt&quot;,
        &quot;example_input_file7214.txt&quot;,
        &quot;example_input_file7215.txt&quot;,
        &quot;example_input_file7216.txt&quot;,
        &quot;example_input_file7217.txt&quot;,
        &quot;example_input_file7218.txt&quot;,
        &quot;example_input_file7219.txt&quot;,
        &quot;example_input_file7220.txt&quot;,
        &quot;example_input_file7221.txt&quot;,
        &quot;example_input_file7222.txt&quot;,
        &quot;example_input_file7223.txt&quot;,
        &quot;example_input_file7224.txt&quot;,
        &quot;example_input_file7225.txt&quot;,
        &quot;example_input_file7226.txt&quot;,
        &quot;example_input_file7227.txt&quot;,
        &quot;example_input_file7228.txt&quot;,
        &quot;example_input_file7229.txt&quot;,
        &quot;example_input_file7230.txt&quot;,
        &quot;example_input_file7231.txt&quot;,
        &quot;example_input_file7232.txt&quot;,
        &quot;example_input_file7233.txt&quot;,
        &quot;example_input_file7234.txt&quot;,
        &quot;example_input_file7235.txt&quot;,
        &quot;example_input_file7236.txt&quot;,
        &quot;example_input_file7237.txt&quot;,
        &quot;example_input_file7238.txt&quot;,
        &quot;example_input_file7239.txt&quot;,
        &quot;example_input_file7240.txt&quot;,
        &quot;example_input_file7241.txt&quot;,
        &quot;example_input_file7242.txt&quot;,
        &quot;example_input_file7243.txt&quot;,
        &quot;example_input_file7244.txt&quot;,
        &quot;example_input_file7245.txt&quot;,
        &quot;example_input_file7246.txt&quot;,
        &quot;example_input_file7247.txt&quot;,
        &quot;example_input_file7248.txt&quot;,
        &quot;example_input_file7249.txt&quot;,
        &quot;example_input_file7250.txt&quot;,
        &quot;example_input_file7251.txt&quot;,
        &quot;example_input_file7252.txt&quot;,
        &quot;example_input_file7253.txt&quot;,
        &quot;example_input_file7254.txt&quot;,
        &quot;example_input_file7255.txt&quot;,
        &quot;example_input_file7256.txt&quot;,
        &quot;example_input_file7257.txt&quot;,
        &quot;example_input_file7258.txt&quot;,
        &quot;example_input_file7259.txt&quot;,
        &quot;example_input_file7260.txt&quot;,
        &quot;example_input_file7261.txt&quot;,
        &quot;example_input_file7262.txt&quot;,
        &quot;example_input_file7263.txt&quot;,
        &quot;example_input_file7264.txt&quot;,
        &quot;example_input_file7265.txt&quot;,
        &quot;example_input_file7266.txt&quot;,
        &quot;example_input_file7267.txt&quot;,
        &quot;example_input_file7268.txt&quot;,
        &quot;example_input_file7269.txt&quot;,
        &quot;example_input_file7270.txt&quot;,
        &quot;example_input_file7271.txt&quot;,
        &quot;example_input_file7272.txt&quot;,
        &quot;example_input_file7273.txt&quot;,
        &quot;example_input_file7274.txt&quot;,
        &quot;example_input_file7275.txt&quot;,
        &quot;example_input_file7276.txt&quot;,
        &quot;example_input_file7277.txt&quot;,
        &quot;example_input_file7278.txt&quot;,
        &quot;example_input_file7279.txt&quot;,
        &quot;example_input_file7280.txt&quot;,
        &quot;example_input_file7281.txt&quot;,
        &quot;example_input_file7282.txt&quot;,
        &quot;example_input_file7283.txt&quot;,
        &quot;example_input_file7284.txt&quot;,
        &quot;example_input_file7285.txt&quot;,
        &quot;example_input_file7286.txt&quot;,
        &quot;example_input_file7287.txt&quot;,
        &quot;example_input_file7288.txt&quot;,
        &quot;example_input_file7289.txt&quot;,
        &quot;example_input_file7290.txt&quot;,
        &quot;example_input_file7291.txt&quot;,
        &quot;example_input_file7292.txt&quot;,
        &quot;example_input_file7293.txt&quot;,
        &quot;example_input_file7294.txt&quot;,
        &quot;example_input_file7295.txt&quot;,
        &quot;example_input_file7296.txt&quot;,
        &quot;example_input_file7297.txt&quot;,
        &quot;example_input_file7298.txt&quot;,
        &quot;example_input_file7299.txt&quot;,
        &quot;example_input_file7300.txt&quot;,
        &quot;example_input_file7301.txt&quot;,
        &quot;example_input_file7302.txt&quot;,
        &quot;example_input_file7303.txt&quot;,
        &quot;example_input_file7304.txt&quot;,
        &quot;example_input_file7305.txt&quot;,
        &quot;example_input_file7306.txt&quot;,
        &quot;example_input_file7307.txt&quot;,
        &quot;example_input_file7308.txt&quot;,
        &quot;example_input_file7309.txt&quot;,
        &quot;example_input_file7310.txt&quot;,
        &quot;example_input_file7311.txt&quot;,
        &quot;example_input_file7312.txt&quot;,
        &quot;example_input_file7313.txt&quot;,
        &quot;example_input_file7314.txt&quot;,
        &quot;example_input_file7315.txt&quot;,
        &quot;example_input_file7316.txt&quot;,
        &quot;example_input_file7317.txt&quot;,
        &quot;example_input_file7318.txt&quot;,
        &quot;example_input_file7319.txt&quot;,
        &quot;example_input_file7320.txt&quot;,
        &quot;example_input_file7321.txt&quot;,
        &quot;example_input_file7322.txt&quot;,
        &quot;example_input_file7323.txt&quot;,
        &quot;example_input_file7324.txt&quot;,
        &quot;example_input_file7325.txt&quot;,
        &quot;example_input_file7326.txt&quot;,
        &quot;example_input_file7327.txt&quot;,
        &quot;example_input_file7328.txt&quot;,
        &quot;example_input_file7329.txt&quot;,
        &quot;example_input_file7330.txt&quot;,
        &quot;example_input_file7331.txt&quot;,
        &quot;example_input_file7332.txt&quot;,
        &quot;example_input_file7333.txt&quot;,
        &quot;example_input_file7334.txt&quot;,
        &quot;example_input_file7335.txt&quot;,
        &quot;example_input_file7336.txt&quot;,
        &quot;example_input_file7337.txt&quot;,
        &quot;example_input_file7338.txt&quot;,
        &quot;example_input_file7339.txt&quot;,
        &quot;example_input_file7340.txt&quot;,
        &quot;example_input_file7341.txt&quot;,
        &quot;example_input_file7342.txt&quot;,
        &quot;example_input_file7343.txt&quot;,
        &quot;example_input_file7344.txt&quot;,
        &quot;example_input_file7345.txt&quot;,
        &quot;example_input_file7346.txt&quot;,
        &quot;example_input_file7347.txt&quot;,
        &quot;example_input_file7348.txt&quot;,
        &quot;example_input_file7349.txt&quot;,
        &quot;example_input_file7350.txt&quot;,
        &quot;example_input_file7351.txt&quot;,
        &quot;example_input_file7352.txt&quot;,
        &quot;example_input_file7353.txt&quot;,
        &quot;example_input_file7354.txt&quot;,
        &quot;example_input_file7355.txt&quot;,
        &quot;example_input_file7356.txt&quot;,
        &quot;example_input_file7357.txt&quot;,
        &quot;example_input_file7358.txt&quot;,
        &quot;example_input_file7359.txt&quot;,
        &quot;example_input_file7360.txt&quot;,
        &quot;example_input_file7361.txt&quot;,
        &quot;example_input_file7362.txt&quot;,
        &quot;example_input_file7363.txt&quot;,
        &quot;example_input_file7364.txt&quot;,
        &quot;example_input_file7365.txt&quot;,
        &quot;example_input_file7366.txt&quot;,
        &quot;example_input_file7367.txt&quot;,
        &quot;example_input_file7368.txt&quot;,
        &quot;example_input_file7369.txt&quot;,
        &quot;example_input_file7370.txt&quot;,
        &quot;example_input_file7371.txt&quot;,
        &quot;example_input_file7372.txt&quot;,
        &quot;example_input_file7373.txt&quot;,
        &quot;example_input_file7374.txt&quot;,
        &quot;example_input_file7375.txt&quot;,
        &quot;example_input_file7376.txt&quot;,
        &quot;example_input_file7377.txt&quot;,
        &quot;example_input_file7378.txt&quot;,
        &quot;example_input_file7379.txt&quot;,
        &quot;example_input_file7380.txt&quot;,
        &quot;example_input_file7381.txt&quot;,
        &quot;example_input_file7382.txt&quot;,
        &quot;example_input_file7383.txt&quot;,
        &quot;example_input_file7384.txt&quot;,
        &quot;example_input_file7385.txt&quot;,
        &quot;example_input_file7386.txt&quot;,
        &quot;example_input_file7387.txt&quot;,
        &quot;example_input_file7388.txt&quot;,
        &quot;example_input_file7389.txt&quot;,
        &quot;example_input_file7390.txt&quot;,
        &quot;example_input_file7391.txt&quot;,
        &quot;example_input_file7392.txt&quot;,
        &quot;example_input_file7393.txt&quot;,
        &quot;example_input_file7394.txt&quot;,
        &quot;example_input_file7395.txt&quot;,
        &quot;example_input_file7396.txt&quot;,
        &quot;example_input_file7397.txt&quot;,
        &quot;example_input_file7398.txt&quot;,
        &quot;example_input_file7399.txt&quot;,
        &quot;example_input_file7400.txt&quot;,
        &quot;example_input_file7401.txt&quot;,
        &quot;example_input_file7402.txt&quot;,
        &quot;example_input_file7403.txt&quot;,
        &quot;example_input_file7404.txt&quot;,
        &quot;example_input_file7405.txt&quot;,
        &quot;example_input_file7406.txt&quot;,
        &quot;example_input_file7407.txt&quot;,
        &quot;example_input_file7408.txt&quot;,
        &quot;example_input_file7409.txt&quot;,
        &quot;example_input_file7410.txt&quot;,
        &quot;example_input_file7411.txt&quot;,
        &quot;example_input_file7412.txt&quot;,
        &quot;example_input_file7413.txt&quot;,
        &quot;example_input_file7414.txt&quot;,
        &quot;example_input_file7415.txt&quot;,
        &quot;example_input_file7416.txt&quot;,
        &quot;example_input_file7417.txt&quot;,
        &quot;example_input_file7418.txt&quot;,
        &quot;example_input_file7419.txt&quot;,
        &quot;example_input_file7420.txt&quot;,
        &quot;example_input_file7421.txt&quot;,
        &quot;example_input_file7422.txt&quot;,
        &quot;example_input_file7423.txt&quot;,
        &quot;example_input_file7424.txt&quot;,
        &quot;example_input_file7425.txt&quot;,
        &quot;example_input_file7426.txt&quot;,
        &quot;example_input_file7427.txt&quot;,
        &quot;example_input_file7428.txt&quot;,
        &quot;example_input_file7429.txt&quot;,
        &quot;example_input_file7430.txt&quot;,
        &quot;example_input_file7431.txt&quot;,
        &quot;example_input_file7432.txt&quot;,
        &quot;example_input_file7433.txt&quot;,
        &quot;example_input_file7434.txt&quot;,
        &quot;example_input_file7435.txt&quot;,
        &quot;example_input_file7436.txt&quot;,
        &quot;example_input_file7437.txt&quot;,
        &quot;example_input_file7438.txt&quot;,
        &quot;example_input_file7439.txt&quot;,
        &quot;example_input_file7440.txt&quot;,
        &quot;example_input_file7441.txt&quot;,
        &quot;example_input_file7442.txt&quot;,
        &quot;example_input_file7443.txt&quot;,
        &quot;example_input_file7444.txt&quot;,
        &quot;example_input_file7445.txt&quot;,
        &quot;example_input_file7446.txt&quot;,
        &quot;example_input_file7447.txt&quot;,
        &quot;example_input_file7448.txt&quot;,
        &quot;example_input_file7449.txt&quot;,
        &quot;example_input_file7450.txt&quot;,
        &quot;example_input_file7451.txt&quot;,
        &quot;example_input_file7452.txt&quot;,
        &quot;example_input_file7453.txt&quot;,
        &quot;example_input_file7454.txt&quot;,
        &quot;example_input_file7455.txt&quot;,
        &quot;example_input_file7456.txt&quot;,
        &quot;example_input_file7457.txt&quot;,
        &quot;example_input_file7458.txt&quot;,
        &quot;example_input_file7459.txt&quot;,
        &quot;example_input_file7460.txt&quot;,
        &quot;example_input_file7461.txt&quot;,
        &quot;example_input_file7462.txt&quot;,
        &quot;example_input_file7463.txt&quot;,
        &quot;example_input_file7464.txt&quot;,
        &quot;example_input_file7465.txt&quot;,
        &quot;example_input_file7466.txt&quot;,
        &quot;example_input_file7467.txt&quot;,
        &quot;example_input_file7468.txt&quot;,
        &quot;example_input_file7469.txt&quot;,
        &quot;example_input_file7470.txt&quot;,
        &quot;example_input_file7471.txt&quot;,
        &quot;example_input_file7472.txt&quot;,
        &quot;example_input_file7473.txt&quot;,
        &quot;example_input_file7474.txt&quot;,
        &quot;example_input_file7475.txt&quot;,
        &quot;example_input_file7476.txt&quot;,
        &quot;example_input_file7477.txt&quot;,
        &quot;example_input_file7478.txt&quot;,
        &quot;example_input_file7479.txt&quot;,
        &quot;example_input_file7480.txt&quot;,
        &quot;example_input_file7481.txt&quot;,
        &quot;example_input_file7482.txt&quot;,
        &quot;example_input_file7483.txt&quot;,
        &quot;example_input_file7484.txt&quot;,
        &quot;example_input_file7485.txt&quot;,
        &quot;example_input_file7486.txt&quot;,
        &quot;example_input_file7487.txt&quot;,
        &quot;example_input_file7488.txt&quot;,
        &quot;example_input_file7489.txt&quot;,
        &quot;example_input_file7490.txt&quot;,
        &quot;example_input_file7491.txt&quot;,
        &quot;example_input_file7492.txt&quot;,
        &quot;example_input_file7493.txt&quot;,
        &quot;example_input_file7494.txt&quot;,
        &quot;example_input_file7495.txt&quot;,
        &quot;example_input_file7496.txt&quot;,
        &quot;example_input_file7497.txt&quot;,
        &quot;example_input_file7498.txt&quot;,
        &quot;example_input_file7499.txt&quot;,
        &quot;example_input_file7500.txt&quot;,
        &quot;example_input_file7501.txt&quot;,
        &quot;example_input_file7502.txt&quot;,
        &quot;example_input_file7503.txt&quot;,
        &quot;example_input_file7504.txt&quot;,
        &quot;example_input_file7505.txt&quot;,
        &quot;example_input_file7506.txt&quot;,
        &quot;example_input_file7507.txt&quot;,
        &quot;example_input_file7508.txt&quot;,
        &quot;example_input_file7509.txt&quot;,
        &quot;example_input_file7510.txt&quot;,
        &quot;example_input_file7511.txt&quot;,
        &quot;example_input_file7512.txt&quot;,
        &quot;example_input_file7513.txt&quot;,
        &quot;example_input_file7514.txt&quot;,
        &quot;example_input_file7515.txt&quot;,
        &quot;example_input_file7516.txt&quot;,
        &quot;example_input_file7517.txt&quot;,
        &quot;example_input_file7518.txt&quot;,
        &quot;example_input_file7519.txt&quot;,
        &quot;example_input_file7520.txt&quot;,
        &quot;example_input_file7521.txt&quot;,
        &quot;example_input_file7522.txt&quot;,
        &quot;example_input_file7523.txt&quot;,
        &quot;example_input_file7524.txt&quot;,
        &quot;example_input_file7525.txt&quot;,
        &quot;example_input_file7526.txt&quot;,
        &quot;example_input_file7527.txt&quot;,
        &quot;example_input_file7528.txt&quot;,
        &quot;example_input_file7529.txt&quot;,
        &quot;example_input_file7530.txt&quot;,
        &quot;example_input_file7531.txt&quot;,
        &quot;example_input_file7532.txt&quot;,
        &quot;example_input_file7533.txt&quot;,
        &quot;example_input_file7534.txt&quot;,
        &quot;example_input_file7535.txt&quot;,
        &quot;example_input_file7536.txt&quot;,
        &quot;example_input_file7537.txt&quot;,
        &quot;example_input_file7538.txt&quot;,
        &quot;example_input_file7539.txt&quot;,
        &quot;example_input_file7540.txt&quot;,
        &quot;example_input_file7541.txt&quot;,
        &quot;example_input_file7542.txt&quot;,
        &quot;example_input_file7543.txt&quot;,
        &quot;example_input_file7544.txt&quot;,
        &quot;example_input_file7545.txt&quot;,
        &quot;example_input_file7546.txt&quot;,
        &quot;example_input_file7547.txt&quot;,
        &quot;example_input_file7548.txt&quot;,
        &quot;example_input_file7549.txt&quot;,
        &quot;example_input_file7550.txt&quot;,
        &quot;example_input_file7551.txt&quot;,
        &quot;example_input_file7552.txt&quot;,
        &quot;example_input_file7553.txt&quot;,
        &quot;example_input_file7554.txt&quot;,
        &quot;example_input_file7555.txt&quot;,
        &quot;example_input_file7556.txt&quot;,
        &quot;example_input_file7557.txt&quot;,
        &quot;example_input_file7558.txt&quot;,
        &quot;example_input_file7559.txt&quot;,
        &quot;example_input_file7560.txt&quot;,
        &quot;example_input_file7561.txt&quot;,
        &quot;example_input_file7562.txt&quot;,
        &quot;example_input_file7563.txt&quot;,
        &quot;example_input_file7564.txt&quot;,
        &quot;example_input_file7565.txt&quot;,
        &quot;example_input_file7566.txt&quot;,
        &quot;example_input_file7567.txt&quot;,
        &quot;example_input_file7568.txt&quot;,
        &quot;example_input_file7569.txt&quot;,
        &quot;example_input_file7570.txt&quot;,
        &quot;example_input_file7571.txt&quot;,
        &quot;example_input_file7572.txt&quot;,
        &quot;example_input_file7573.txt&quot;,
        &quot;example_input_file7574.txt&quot;,
        &quot;example_input_file7575.txt&quot;,
        &quot;example_input_file7576.txt&quot;,
        &quot;example_input_file7577.txt&quot;,
        &quot;example_input_file7578.txt&quot;,
        &quot;example_input_file7579.txt&quot;,
        &quot;example_input_file7580.txt&quot;,
        &quot;example_input_file7581.txt&quot;,
        &quot;example_input_file7582.txt&quot;,
        &quot;example_input_file7583.txt&quot;,
        &quot;example_input_file7584.txt&quot;,
        &quot;example_input_file7585.txt&quot;,
        &quot;example_input_file7586.txt&quot;,
        &quot;example_input_file7587.txt&quot;,
        &quot;example_input_file7588.txt&quot;,
        &quot;example_input_file7589.txt&quot;,
        &quot;example_input_file7590.txt&quot;,
        &quot;example_input_file7591.txt&quot;,
        &quot;example_input_file7592.txt&quot;,
        &quot;example_input_file7593.txt&quot;,
        &quot;example_input_file7594.txt&quot;,
        &quot;example_input_file7595.txt&quot;,
        &quot;example_input_file7596.txt&quot;,
        &quot;example_input_file7597.txt&quot;,
        &quot;example_input_file7598.txt&quot;,
        &quot;example_input_file7599.txt&quot;,
        &quot;example_input_file7600.txt&quot;,
        &quot;example_input_file7601.txt&quot;,
        &quot;example_input_file7602.txt&quot;,
        &quot;example_input_file7603.txt&quot;,
        &quot;example_input_file7604.txt&quot;,
        &quot;example_input_file7605.txt&quot;,
        &quot;example_input_file7606.txt&quot;,
        &quot;example_input_file7607.txt&quot;,
        &quot;example_input_file7608.txt&quot;,
        &quot;example_input_file7609.txt&quot;,
        &quot;example_input_file7610.txt&quot;,
        &quot;example_input_file7611.txt&quot;,
        &quot;example_input_file7612.txt&quot;,
        &quot;example_input_file7613.txt&quot;,
        &quot;example_input_file7614.txt&quot;,
        &quot;example_input_file7615.txt&quot;,
        &quot;example_input_file7616.txt&quot;,
        &quot;example_input_file7617.txt&quot;,
        &quot;example_input_file7618.txt&quot;,
        &quot;example_input_file7619.txt&quot;,
        &quot;example_input_file7620.txt&quot;,
        &quot;example_input_file7621.txt&quot;,
        &quot;example_input_file7622.txt&quot;,
        &quot;example_input_file7623.txt&quot;,
        &quot;example_input_file7624.txt&quot;,
        &quot;example_input_file7625.txt&quot;,
        &quot;example_input_file7626.txt&quot;,
        &quot;example_input_file7627.txt&quot;,
        &quot;example_input_file7628.txt&quot;,
        &quot;example_input_file7629.txt&quot;,
        &quot;example_input_file7630.txt&quot;,
        &quot;example_input_file7631.txt&quot;,
        &quot;example_input_file7632.txt&quot;,
        &quot;example_input_file7633.txt&quot;,
        &quot;example_input_file7634.txt&quot;,
        &quot;example_input_file7635.txt&quot;,
        &quot;example_input_file7636.txt&quot;,
        &quot;example_input_file7637.txt&quot;,
        &quot;example_input_file7638.txt&quot;,
        &quot;example_input_file7639.txt&quot;,
        &quot;example_input_file7640.txt&quot;,
        &quot;example_input_file7641.txt&quot;,
        &quot;example_input_file7642.txt&quot;,
        &quot;example_input_file7643.txt&quot;,
        &quot;example_input_file7644.txt&quot;,
        &quot;example_input_file7645.txt&quot;,
        &quot;example_input_file7646.txt&quot;,
        &quot;example_input_file7647.txt&quot;,
        &quot;example_input_file7648.txt&quot;,
        &quot;example_input_file7649.txt&quot;,
        &quot;example_input_file7650.txt&quot;,
        &quot;example_input_file7651.txt&quot;,
        &quot;example_input_file7652.txt&quot;,
        &quot;example_input_file7653.txt&quot;,
        &quot;example_input_file7654.txt&quot;,
        &quot;example_input_file7655.txt&quot;,
        &quot;example_input_file7656.txt&quot;,
        &quot;example_input_file7657.txt&quot;,
        &quot;example_input_file7658.txt&quot;,
        &quot;example_input_file7659.txt&quot;,
        &quot;example_input_file7660.txt&quot;,
        &quot;example_input_file7661.txt&quot;,
        &quot;example_input_file7662.txt&quot;,
        &quot;example_input_file7663.txt&quot;,
        &quot;example_input_file7664.txt&quot;,
        &quot;example_input_file7665.txt&quot;,
        &quot;example_input_file7666.txt&quot;,
        &quot;example_input_file7667.txt&quot;,
        &quot;example_input_file7668.txt&quot;,
        &quot;example_input_file7669.txt&quot;,
        &quot;example_input_file7670.txt&quot;,
        &quot;example_input_file7671.txt&quot;,
        &quot;example_input_file7672.txt&quot;,
        &quot;example_input_file7673.txt&quot;,
        &quot;example_input_file7674.txt&quot;,
        &quot;example_input_file7675.txt&quot;,
        &quot;example_input_file7676.txt&quot;,
        &quot;example_input_file7677.txt&quot;,
        &quot;example_input_file7678.txt&quot;,
        &quot;example_input_file7679.txt&quot;,
        &quot;example_input_file7680.txt&quot;,
        &quot;example_input_file7681.txt&quot;,
        &quot;example_input_file7682.txt&quot;,
        &quot;example_input_file7683.txt&quot;,
        &quot;example_input_file7684.txt&quot;,
        &quot;example_input_file7685.txt&quot;,
        &quot;example_input_file7686.txt&quot;,
        &quot;example_input_file7687.txt&quot;,
        &quot;example_input_file7688.txt&quot;,
        &quot;example_input_file7689.txt&quot;,
        &quot;example_input_file7690.txt&quot;,
        &quot;example_input_file7691.txt&quot;,
        &quot;example_input_file7692.txt&quot;,
        &quot;example_input_file7693.txt&quot;,
        &quot;example_input_file7694.txt&quot;,
        &quot;example_input_file7695.txt&quot;,
        &quot;example_input_file7696.txt&quot;,
        &quot;example_input_file7697.txt&quot;,
        &quot;example_input_file7698.txt&quot;,
        &quot;example_input_file7699.txt&quot;,
        &quot;example_input_file7700.txt&quot;,
        &quot;example_input_file7701.txt&quot;,
        &quot;example_input_file7702.txt&quot;,
        &quot;example_input_file7703.txt&quot;,
        &quot;example_input_file7704.txt&quot;,
        &quot;example_input_file7705.txt&quot;,
        &quot;example_input_file7706.txt&quot;,
        &quot;example_input_file7707.txt&quot;,
        &quot;example_input_file7708.txt&quot;,
        &quot;example_input_file7709.txt&quot;,
        &quot;example_input_file7710.txt&quot;,
        &quot;example_input_file7711.txt&quot;,
        &quot;example_input_file7712.txt&quot;,
        &quot;example_input_file7713.txt&quot;,
        &quot;example_input_file7714.txt&quot;,
        &quot;example_input_file7715.txt&quot;,
        &quot;example_input_file7716.txt&quot;,
        &quot;example_input_file7717.txt&quot;,
        &quot;example_input_file7718.txt&quot;,
        &quot;example_input_file7719.txt&quot;,
        &quot;example_input_file7720.txt&quot;,
        &quot;example_input_file7721.txt&quot;,
        &quot;example_input_file7722.txt&quot;,
        &quot;example_input_file7723.txt&quot;,
        &quot;example_input_file7724.txt&quot;,
        &quot;example_input_file7725.txt&quot;,
        &quot;example_input_file7726.txt&quot;,
        &quot;example_input_file7727.txt&quot;,
        &quot;example_input_file7728.txt&quot;,
        &quot;example_input_file7729.txt&quot;,
        &quot;example_input_file7730.txt&quot;,
        &quot;example_input_file7731.txt&quot;,
        &quot;example_input_file7732.txt&quot;,
        &quot;example_input_file7733.txt&quot;,
        &quot;example_input_file7734.txt&quot;,
        &quot;example_input_file7735.txt&quot;,
        &quot;example_input_file7736.txt&quot;,
        &quot;example_input_file7737.txt&quot;,
        &quot;example_input_file7738.txt&quot;,
        &quot;example_input_file7739.txt&quot;,
        &quot;example_input_file7740.txt&quot;,
        &quot;example_input_file7741.txt&quot;,
        &quot;example_input_file7742.txt&quot;,
        &quot;example_input_file7743.txt&quot;,
        &quot;example_input_file7744.txt&quot;,
        &quot;example_input_file7745.txt&quot;,
        &quot;example_input_file7746.txt&quot;,
        &quot;example_input_file7747.txt&quot;,
        &quot;example_input_file7748.txt&quot;,
        &quot;example_input_file7749.txt&quot;,
        &quot;example_input_file7750.txt&quot;,
        &quot;example_input_file7751.txt&quot;,
        &quot;example_input_file7752.txt&quot;,
        &quot;example_input_file7753.txt&quot;,
        &quot;example_input_file7754.txt&quot;,
        &quot;example_input_file7755.txt&quot;,
        &quot;example_input_file7756.txt&quot;,
        &quot;example_input_file7757.txt&quot;,
        &quot;example_input_file7758.txt&quot;,
        &quot;example_input_file7759.txt&quot;,
        &quot;example_input_file7760.txt&quot;,
        &quot;example_input_file7761.txt&quot;,
        &quot;example_input_file7762.txt&quot;,
        &quot;example_input_file7763.txt&quot;,
        &quot;example_input_file7764.txt&quot;,
        &quot;example_input_file7765.txt&quot;,
        &quot;example_input_file7766.txt&quot;,
        &quot;example_input_file7767.txt&quot;,
        &quot;example_input_file7768.txt&quot;,
        &quot;example_input_file7769.txt&quot;,
        &quot;example_input_file7770.txt&quot;,
        &quot;example_input_file7771.txt&quot;,
        &quot;example_input_file7772.txt&quot;,
        &quot;example_input_file7773.txt&quot;,
        &quot;example_input_file7774.txt&quot;,
        &quot;example_input_file7775.txt&quot;,
        &quot;example_input_file7776.txt&quot;,
        &quot;example_input_file7777.txt&quot;,
        &quot;example_input_file7778.txt&quot;,
        &quot;example_input_file7779.txt&quot;,
        &quot;example_input_file7780.txt&quot;,
        &quot;example_input_file7781.txt&quot;,
        &quot;example_input_file7782.txt&quot;,
        &quot;example_input_file7783.txt&quot;,
        &quot;example_input_file7784.txt&quot;,
        &quot;example_input_file7785.txt&quot;,
        &quot;example_input_file7786.txt&quot;,
        &quot;example_input_file7787.txt&quot;,
        &quot;example_input_file7788.txt&quot;,
        &quot;example_input_file7789.txt&quot;,
        &quot;example_input_file7790.txt&quot;,
        &quot;example_input_file7791.txt&quot;,
        &quot;example_input_file7792.txt&quot;,
        &quot;example_input_file7793.txt&quot;,
        &quot;example_input_file7794.txt&quot;,
        &quot;example_input_file7795.txt&quot;,
        &quot;example_input_file7796.txt&quot;,
        &quot;example_input_file7797.txt&quot;,
        &quot;example_input_file7798.txt&quot;,
        &quot;example_input_file7799.txt&quot;,
        &quot;example_input_file7800.txt&quot;,
        &quot;example_input_file7801.txt&quot;,
        &quot;example_input_file7802.txt&quot;,
        &quot;example_input_file7803.txt&quot;,
        &quot;example_input_file7804.txt&quot;,
        &quot;example_input_file7805.txt&quot;,
        &quot;example_input_file7806.txt&quot;,
        &quot;example_input_file7807.txt&quot;,
        &quot;example_input_file7808.txt&quot;,
        &quot;example_input_file7809.txt&quot;,
        &quot;example_input_file7810.txt&quot;,
        &quot;example_input_file7811.txt&quot;,
        &quot;example_input_file7812.txt&quot;,
        &quot;example_input_file7813.txt&quot;,
        &quot;example_input_file7814.txt&quot;,
        &quot;example_input_file7815.txt&quot;,
        &quot;example_input_file7816.txt&quot;,
        &quot;example_input_file7817.txt&quot;,
        &quot;example_input_file7818.txt&quot;,
        &quot;example_input_file7819.txt&quot;,
        &quot;example_input_file7820.txt&quot;,
        &quot;example_input_file7821.txt&quot;,
        &quot;example_input_file7822.txt&quot;,
        &quot;example_input_file7823.txt&quot;,
        &quot;example_input_file7824.txt&quot;,
        &quot;example_input_file7825.txt&quot;,
        &quot;example_input_file7826.txt&quot;,
        &quot;example_input_file7827.txt&quot;,
        &quot;example_input_file7828.txt&quot;,
        &quot;example_input_file7829.txt&quot;,
        &quot;example_input_file7830.txt&quot;,
        &quot;example_input_file7831.txt&quot;,
        &quot;example_input_file7832.txt&quot;,
        &quot;example_input_file7833.txt&quot;,
        &quot;example_input_file7834.txt&quot;,
        &quot;example_input_file7835.txt&quot;,
        &quot;example_input_file7836.txt&quot;,
        &quot;example_input_file7837.txt&quot;,
        &quot;example_input_file7838.txt&quot;,
        &quot;example_input_file7839.txt&quot;,
        &quot;example_input_file7840.txt&quot;,
        &quot;example_input_file7841.txt&quot;,
        &quot;example_input_file7842.txt&quot;,
        &quot;example_input_file7843.txt&quot;,
        &quot;example_input_file7844.txt&quot;,
        &quot;example_input_file7845.txt&quot;,
        &quot;example_input_file7846.txt&quot;,
        &quot;example_input_file7847.txt&quot;,
        &quot;example_input_file7848.txt&quot;,
        &quot;example_input_file7849.txt&quot;,
        &quot;example_input_file7850.txt&quot;,
        &quot;example_input_file7851.txt&quot;,
        &quot;example_input_file7852.txt&quot;,
        &quot;example_input_file7853.txt&quot;,
        &quot;example_input_file7854.txt&quot;,
        &quot;example_input_file7855.txt&quot;,
        &quot;example_input_file7856.txt&quot;,
        &quot;example_input_file7857.txt&quot;,
        &quot;example_input_file7858.txt&quot;,
        &quot;example_input_file7859.txt&quot;,
        &quot;example_input_file7860.txt&quot;,
        &quot;example_input_file7861.txt&quot;,
        &quot;example_input_file7862.txt&quot;,
        &quot;example_input_file7863.txt&quot;,
        &quot;example_input_file7864.txt&quot;,
        &quot;example_input_file7865.txt&quot;,
        &quot;example_input_file7866.txt&quot;,
        &quot;example_input_file7867.txt&quot;,
        &quot;example_input_file7868.txt&quot;,
        &quot;example_input_file7869.txt&quot;,
        &quot;example_input_file7870.txt&quot;,
        &quot;example_input_file7871.txt&quot;,
        &quot;example_input_file7872.txt&quot;,
        &quot;example_input_file7873.txt&quot;,
        &quot;example_input_file7874.txt&quot;,
        &quot;example_input_file7875.txt&quot;,
        &quot;example_input_file7876.txt&quot;,
        &quot;example_input_file7877.txt&quot;,
        &quot;example_input_file7878.txt&quot;,
        &quot;example_input_file7879.txt&quot;,
        &quot;example_input_file7880.txt&quot;,
        &quot;example_input_file7881.txt&quot;,
        &quot;example_input_file7882.txt&quot;,
        &quot;example_input_file7883.txt&quot;,
        &quot;example_input_file7884.txt&quot;,
        &quot;example_input_file7885.txt&quot;,
        &quot;example_input_file7886.txt&quot;,
        &quot;example_input_file7887.txt&quot;,
        &quot;example_input_file7888.txt&quot;,
        &quot;example_input_file7889.txt&quot;,
        &quot;example_input_file7890.txt&quot;,
        &quot;example_input_file7891.txt&quot;,
        &quot;example_input_file7892.txt&quot;,
        &quot;example_input_file7893.txt&quot;,
        &quot;example_input_file7894.txt&quot;,
        &quot;example_input_file7895.txt&quot;,
        &quot;example_input_file7896.txt&quot;,
        &quot;example_input_file7897.txt&quot;,
        &quot;example_input_file7898.txt&quot;,
        &quot;example_input_file7899.txt&quot;,
        &quot;example_input_file7900.txt&quot;,
        &quot;example_input_file7901.txt&quot;,
        &quot;example_input_file7902.txt&quot;,
        &quot;example_input_file7903.txt&quot;,
        &quot;example_input_file7904.txt&quot;,
        &quot;example_input_file7905.txt&quot;,
        &quot;example_input_file7906.txt&quot;,
        &quot;example_input_file7907.txt&quot;,
        &quot;example_input_file7908.txt&quot;,
        &quot;example_input_file7909.txt&quot;,
        &quot;example_input_file7910.txt&quot;,
        &quot;example_input_file7911.txt&quot;,
        &quot;example_input_file7912.txt&quot;,
        &quot;example_input_file7913.txt&quot;,
        &quot;example_input_file7914.txt&quot;,
        &quot;example_input_file7915.txt&quot;,
        &quot;example_input_file7916.txt&quot;,
        &quot;example_input_file7917.txt&quot;,
        &quot;example_input_file7918.txt&quot;,
        &quot;example_input_file7919.txt&quot;,
        &quot;example_input_file7920.txt&quot;,
        &quot;example_input_file7921.txt&quot;,
        &quot;example_input_file7922.txt&quot;,
        &quot;example_input_file7923.txt&quot;,
        &quot;example_input_file7924.txt&quot;,
        &quot;example_input_file7925.txt&quot;,
        &quot;example_input_file7926.txt&quot;,
        &quot;example_input_file7927.txt&quot;,
        &quot;example_input_file7928.txt&quot;,
        &quot;example_input_file7929.txt&quot;,
        &quot;example_input_file7930.txt&quot;,
        &quot;example_input_file7931.txt&quot;,
        &quot;example_input_file7932.txt&quot;,
        &quot;example_input_file7933.txt&quot;,
        &quot;example_input_file7934.txt&quot;,
        &quot;example_input_file7935.txt&quot;,
        &quot;example_input_file7936.txt&quot;,
        &quot;example_input_file7937.txt&quot;,
        &quot;example_input_file7938.txt&quot;,
        &quot;example_input_file7939.txt&quot;,
        &quot;example_input_file7940.txt&quot;,
        &quot;example_input_file7941.txt&quot;,
        &quot;example_input_file7942.txt&quot;,
        &quot;example_input_file7943.txt&quot;,
        &quot;example_input_file7944.txt&quot;,
        &quot;example_input_file7945.txt&quot;,
        &quot;example_input_file7946.txt&quot;,
        &quot;example_input_file7947.txt&quot;,
        &quot;example_input_file7948.txt&quot;,
        &quot;example_input_file7949.txt&quot;,
        &quot;example_input_file7950.txt&quot;,
        &quot;example_input_file7951.txt&quot;,
        &quot;example_input_file7952.txt&quot;,
        &quot;example_input_file7953.txt&quot;,
        &quot;example_input_file7954.txt&quot;,
        &quot;example_input_file7955.txt&quot;,
        &quot;example_input_file7956.txt&quot;,
        &quot;example_input_file7957.txt&quot;,
        &quot;example_input_file7958.txt&quot;,
        &quot;example_input_file7959.txt&quot;,
        &quot;example_input_file7960.txt&quot;,
        &quot;example_input_file7961.txt&quot;,
        &quot;example_input_file7962.txt&quot;,
        &quot;example_input_file7963.txt&quot;,
        &quot;example_input_file7964.txt&quot;,
        &quot;example_input_file7965.txt&quot;,
        &quot;example_input_file7966.txt&quot;,
        &quot;example_input_file7967.txt&quot;,
        &quot;example_input_file7968.txt&quot;,
        &quot;example_input_file7969.txt&quot;,
        &quot;example_input_file7970.txt&quot;,
        &quot;example_input_file7971.txt&quot;,
        &quot;example_input_file7972.txt&quot;,
        &quot;example_input_file7973.txt&quot;,
        &quot;example_input_file7974.txt&quot;,
        &quot;example_input_file7975.txt&quot;,
        &quot;example_input_file7976.txt&quot;,
        &quot;example_input_file7977.txt&quot;,
        &quot;example_input_file7978.txt&quot;,
        &quot;example_input_file7979.txt&quot;,
        &quot;example_input_file7980.txt&quot;,
        &quot;example_input_file7981.txt&quot;,
        &quot;example_input_file7982.txt&quot;,
        &quot;example_input_file7983.txt&quot;,
        &quot;example_input_file7984.txt&quot;,
        &quot;example_input_file7985.txt&quot;,
        &quot;example_input_file7986.txt&quot;,
        &quot;example_input_file7987.txt&quot;,
        &quot;example_input_file7988.txt&quot;,
        &quot;example_input_file7989.txt&quot;,
        &quot;example_input_file7990.txt&quot;,
        &quot;example_input_file7991.txt&quot;,
        &quot;example_input_file7992.txt&quot;,
        &quot;example_input_file7993.txt&quot;,
        &quot;example_input_file7994.txt&quot;,
        &quot;example_input_file7995.txt&quot;,
        &quot;example_input_file7996.txt&quot;,
        &quot;example_input_file7997.txt&quot;,
        &quot;example_input_file7998.txt&quot;,
        &quot;example_input_file7999.txt&quot;,
        &quot;example_input_file8000.txt&quot;,
        &quot;example_input_file8001.txt&quot;,
        &quot;example_input_file8002.txt&quot;,
        &quot;example_input_file8003.txt&quot;,
        &quot;example_input_file8004.txt&quot;,
        &quot;example_input_file8005.txt&quot;,
        &quot;example_input_file8006.txt&quot;,
        &quot;example_input_file8007.txt&quot;,
        &quot;example_input_file8008.txt&quot;,
        &quot;example_input_file8009.txt&quot;,
        &quot;example_input_file8010.txt&quot;,
        &quot;example_input_file8011.txt&quot;,
        &quot;example_input_file8012.txt&quot;,
        &quot;example_input_file8013.txt&quot;,
        &quot;example_input_file8014.txt&quot;,
        &quot;example_input_file8015.txt&quot;,
        &quot;example_input_file8016.txt&quot;,
        &quot;example_input_file8017.txt&quot;,
        &quot;example_input_file8018.txt&quot;,
        &quot;example_input_file8019.txt&quot;,
        &quot;example_input_file8020.txt&quot;,
        &quot;example_input_file8021.txt&quot;,
        &quot;example_input_file8022.txt&quot;,
        &quot;example_input_file8023.txt&quot;,
        &quot;example_input_file8024.txt&quot;,
        &quot;example_input_file8025.txt&quot;,
        &quot;example_input_file8026.txt&quot;,
        &quot;example_input_file8027.txt&quot;,
        &quot;example_input_file8028.txt&quot;,
        &quot;example_input_file8029.txt&quot;,
        &quot;example_input_file8030.txt&quot;,
        &quot;example_input_file8031.txt&quot;,
        &quot;example_input_file8032.txt&quot;,
        &quot;example_input_file8033.txt&quot;,
        &quot;example_input_file8034.txt&quot;,
        &quot;example_input_file8035.txt&quot;,
        &quot;example_input_file8036.txt&quot;,
        &quot;example_input_file8037.txt&quot;,
        &quot;example_input_file8038.txt&quot;,
        &quot;example_input_file8039.txt&quot;,
        &quot;example_input_file8040.txt&quot;,
        &quot;example_input_file8041.txt&quot;,
        &quot;example_input_file8042.txt&quot;,
        &quot;example_input_file8043.txt&quot;,
        &quot;example_input_file8044.txt&quot;,
        &quot;example_input_file8045.txt&quot;,
        &quot;example_input_file8046.txt&quot;,
        &quot;example_input_file8047.txt&quot;,
        &quot;example_input_file8048.txt&quot;,
        &quot;example_input_file8049.txt&quot;,
        &quot;example_input_file8050.txt&quot;,
        &quot;example_input_file8051.txt&quot;,
        &quot;example_input_file8052.txt&quot;,
        &quot;example_input_file8053.txt&quot;,
        &quot;example_input_file8054.txt&quot;,
        &quot;example_input_file8055.txt&quot;,
        &quot;example_input_file8056.txt&quot;,
        &quot;example_input_file8057.txt&quot;,
        &quot;example_input_file8058.txt&quot;,
        &quot;example_input_file8059.txt&quot;,
        &quot;example_input_file8060.txt&quot;,
        &quot;example_input_file8061.txt&quot;,
        &quot;example_input_file8062.txt&quot;,
        &quot;example_input_file8063.txt&quot;,
        &quot;example_input_file8064.txt&quot;,
        &quot;example_input_file8065.txt&quot;,
        &quot;example_input_file8066.txt&quot;,
        &quot;example_input_file8067.txt&quot;,
        &quot;example_input_file8068.txt&quot;,
        &quot;example_input_file8069.txt&quot;,
        &quot;example_input_file8070.txt&quot;,
        &quot;example_input_file8071.txt&quot;,
        &quot;example_input_file8072.txt&quot;,
        &quot;example_input_file8073.txt&quot;,
        &quot;example_input_file8074.txt&quot;,
        &quot;example_input_file8075.txt&quot;,
        &quot;example_input_file8076.txt&quot;,
        &quot;example_input_file8077.txt&quot;,
        &quot;example_input_file8078.txt&quot;,
        &quot;example_input_file8079.txt&quot;,
        &quot;example_input_file8080.txt&quot;,
        &quot;example_input_file8081.txt&quot;,
        &quot;example_input_file8082.txt&quot;,
        &quot;example_input_file8083.txt&quot;,
        &quot;example_input_file8084.txt&quot;,
        &quot;example_input_file8085.txt&quot;,
        &quot;example_input_file8086.txt&quot;,
        &quot;example_input_file8087.txt&quot;,
        &quot;example_input_file8088.txt&quot;,
        &quot;example_input_file8089.txt&quot;,
        &quot;example_input_file8090.txt&quot;,
        &quot;example_input_file8091.txt&quot;,
        &quot;example_input_file8092.txt&quot;,
        &quot;example_input_file8093.txt&quot;,
        &quot;example_input_file8094.txt&quot;,
        &quot;example_input_file8095.txt&quot;,
        &quot;example_input_file8096.txt&quot;,
        &quot;example_input_file8097.txt&quot;,
        &quot;example_input_file8098.txt&quot;,
        &quot;example_input_file8099.txt&quot;,
        &quot;example_input_file8100.txt&quot;,
        &quot;example_input_file8101.txt&quot;,
        &quot;example_input_file8102.txt&quot;,
        &quot;example_input_file8103.txt&quot;,
        &quot;example_input_file8104.txt&quot;,
        &quot;example_input_file8105.txt&quot;,
        &quot;example_input_file8106.txt&quot;,
        &quot;example_input_file8107.txt&quot;,
        &quot;example_input_file8108.txt&quot;,
        &quot;example_input_file8109.txt&quot;,
        &quot;example_input_file8110.txt&quot;,
        &quot;example_input_file8111.txt&quot;,
        &quot;example_input_file8112.txt&quot;,
        &quot;example_input_file8113.txt&quot;,
        &quot;example_input_file8114.txt&quot;,
        &quot;example_input_file8115.txt&quot;,
        &quot;example_input_file8116.txt&quot;,
        &quot;example_input_file8117.txt&quot;,
        &quot;example_input_file8118.txt&quot;,
        &quot;example_input_file8119.txt&quot;,
        &quot;example_input_file8120.txt&quot;,
        &quot;example_input_file8121.txt&quot;,
        &quot;example_input_file8122.txt&quot;,
        &quot;example_input_file8123.txt&quot;,
        &quot;example_input_file8124.txt&quot;,
        &quot;example_input_file8125.txt&quot;,
        &quot;example_input_file8126.txt&quot;,
        &quot;example_input_file8127.txt&quot;,
        &quot;example_input_file8128.txt&quot;,
        &quot;example_input_file8129.txt&quot;,
        &quot;example_input_file8130.txt&quot;,
        &quot;example_input_file8131.txt&quot;,
        &quot;example_input_file8132.txt&quot;,
        &quot;example_input_file8133.txt&quot;,
        &quot;example_input_file8134.txt&quot;,
        &quot;example_input_file8135.txt&quot;,
        &quot;example_input_file8136.txt&quot;,
        &quot;example_input_file8137.txt&quot;,
        &quot;example_input_file8138.txt&quot;,
        &quot;example_input_file8139.txt&quot;,
        &quot;example_input_file8140.txt&quot;,
        &quot;example_input_file8141.txt&quot;,
        &quot;example_input_file8142.txt&quot;,
        &quot;example_input_file8143.txt&quot;,
        &quot;example_input_file8144.txt&quot;,
        &quot;example_input_file8145.txt&quot;,
        &quot;example_input_file8146.txt&quot;,
        &quot;example_input_file8147.txt&quot;,
        &quot;example_input_file8148.txt&quot;,
        &quot;example_input_file8149.txt&quot;,
        &quot;example_input_file8150.txt&quot;,
        &quot;example_input_file8151.txt&quot;,
        &quot;example_input_file8152.txt&quot;,
        &quot;example_input_file8153.txt&quot;,
        &quot;example_input_file8154.txt&quot;,
        &quot;example_input_file8155.txt&quot;,
        &quot;example_input_file8156.txt&quot;,
        &quot;example_input_file8157.txt&quot;,
        &quot;example_input_file8158.txt&quot;,
        &quot;example_input_file8159.txt&quot;,
        &quot;example_input_file8160.txt&quot;,
        &quot;example_input_file8161.txt&quot;,
        &quot;example_input_file8162.txt&quot;,
        &quot;example_input_file8163.txt&quot;,
        &quot;example_input_file8164.txt&quot;,
        &quot;example_input_file8165.txt&quot;,
        &quot;example_input_file8166.txt&quot;,
        &quot;example_input_file8167.txt&quot;,
        &quot;example_input_file8168.txt&quot;,
        &quot;example_input_file8169.txt&quot;,
        &quot;example_input_file8170.txt&quot;,
        &quot;example_input_file8171.txt&quot;,
        &quot;example_input_file8172.txt&quot;,
        &quot;example_input_file8173.txt&quot;,
        &quot;example_input_file8174.txt&quot;,
        &quot;example_input_file8175.txt&quot;,
        &quot;example_input_file8176.txt&quot;,
        &quot;example_input_file8177.txt&quot;,
        &quot;example_input_file8178.txt&quot;,
        &quot;example_input_file8179.txt&quot;,
        &quot;example_input_file8180.txt&quot;,
        &quot;example_input_file8181.txt&quot;,
        &quot;example_input_file8182.txt&quot;,
        &quot;example_input_file8183.txt&quot;,
        &quot;example_input_file8184.txt&quot;,
        &quot;example_input_file8185.txt&quot;,
        &quot;example_input_file8186.txt&quot;,
        &quot;example_input_file8187.txt&quot;,
        &quot;example_input_file8188.txt&quot;,
        &quot;example_input_file8189.txt&quot;,
        &quot;example_input_file8190.txt&quot;,
        &quot;example_input_file8191.txt&quot;,
        &quot;example_input_file8192.txt&quot;,
        &quot;example_input_file8193.txt&quot;,
        &quot;example_input_file8194.txt&quot;,
        &quot;example_input_file8195.txt&quot;,
        &quot;example_input_file8196.txt&quot;,
        &quot;example_input_file8197.txt&quot;,
        &quot;example_input_file8198.txt&quot;,
        &quot;example_input_file8199.txt&quot;,
        &quot;example_input_file8200.txt&quot;,
        &quot;example_input_file8201.txt&quot;,
        &quot;example_input_file8202.txt&quot;,
        &quot;example_input_file8203.txt&quot;,
        &quot;example_input_file8204.txt&quot;,
        &quot;example_input_file8205.txt&quot;,
        &quot;example_input_file8206.txt&quot;,
        &quot;example_input_file8207.txt&quot;,
        &quot;example_input_file8208.txt&quot;,
        &quot;example_input_file8209.txt&quot;,
        &quot;example_input_file8210.txt&quot;,
        &quot;example_input_file8211.txt&quot;,
        &quot;example_input_file8212.txt&quot;,
        &quot;example_input_file8213.txt&quot;,
        &quot;example_input_file8214.txt&quot;,
        &quot;example_input_file8215.txt&quot;,
        &quot;example_input_file8216.txt&quot;,
        &quot;example_input_file8217.txt&quot;,
        &quot;example_input_file8218.txt&quot;,
        &quot;example_input_file8219.txt&quot;,
        &quot;example_input_file8220.txt&quot;,
        &quot;example_input_file8221.txt&quot;,
        &quot;example_input_file8222.txt&quot;,
        &quot;example_input_file8223.txt&quot;,
        &quot;example_input_file8224.txt&quot;,
        &quot;example_input_file8225.txt&quot;,
        &quot;example_input_file8226.txt&quot;,
        &quot;example_input_file8227.txt&quot;,
        &quot;example_input_file8228.txt&quot;,
        &quot;example_input_file8229.txt&quot;,
        &quot;example_input_file8230.txt&quot;,
        &quot;example_input_file8231.txt&quot;,
        &quot;example_input_file8232.txt&quot;,
        &quot;example_input_file8233.txt&quot;,
        &quot;example_input_file8234.txt&quot;,
        &quot;example_input_file8235.txt&quot;,
        &quot;example_input_file8236.txt&quot;,
        &quot;example_input_file8237.txt&quot;,
        &quot;example_input_file8238.txt&quot;,
        &quot;example_input_file8239.txt&quot;,
        &quot;example_input_file8240.txt&quot;,
        &quot;example_input_file8241.txt&quot;,
        &quot;example_input_file8242.txt&quot;,
        &quot;example_input_file8243.txt&quot;,
        &quot;example_input_file8244.txt&quot;,
        &quot;example_input_file8245.txt&quot;,
        &quot;example_input_file8246.txt&quot;,
        &quot;example_input_file8247.txt&quot;,
        &quot;example_input_file8248.txt&quot;,
        &quot;example_input_file8249.txt&quot;,
        &quot;example_input_file8250.txt&quot;,
        &quot;example_input_file8251.txt&quot;,
        &quot;example_input_file8252.txt&quot;,
        &quot;example_input_file8253.txt&quot;,
        &quot;example_input_file8254.txt&quot;,
        &quot;example_input_file8255.txt&quot;,
        &quot;example_input_file8256.txt&quot;,
        &quot;example_input_file8257.txt&quot;,
        &quot;example_input_file8258.txt&quot;,
        &quot;example_input_file8259.txt&quot;,
        &quot;example_input_file8260.txt&quot;,
        &quot;example_input_file8261.txt&quot;,
        &quot;example_input_file8262.txt&quot;,
        &quot;example_input_file8263.txt&quot;,
        &quot;example_input_file8264.txt&quot;,
        &quot;example_input_file8265.txt&quot;,
        &quot;example_input_file8266.txt&quot;,
        &quot;example_input_file8267.txt&quot;,
        &quot;example_input_file8268.txt&quot;,
        &quot;example_input_file8269.txt&quot;,
        &quot;example_input_file8270.txt&quot;,
        &quot;example_input_file8271.txt&quot;,
        &quot;example_input_file8272.txt&quot;,
        &quot;example_input_file8273.txt&quot;,
        &quot;example_input_file8274.txt&quot;,
        &quot;example_input_file8275.txt&quot;,
        &quot;example_input_file8276.txt&quot;,
        &quot;example_input_file8277.txt&quot;,
        &quot;example_input_file8278.txt&quot;,
        &quot;example_input_file8279.txt&quot;,
        &quot;example_input_file8280.txt&quot;,
        &quot;example_input_file8281.txt&quot;,
        &quot;example_input_file8282.txt&quot;,
        &quot;example_input_file8283.txt&quot;,
        &quot;example_input_file8284.txt&quot;,
        &quot;example_input_file8285.txt&quot;,
        &quot;example_input_file8286.txt&quot;,
        &quot;example_input_file8287.txt&quot;,
        &quot;example_input_file8288.txt&quot;,
        &quot;example_input_file8289.txt&quot;,
        &quot;example_input_file8290.txt&quot;,
        &quot;example_input_file8291.txt&quot;,
        &quot;example_input_file8292.txt&quot;,
        &quot;example_input_file8293.txt&quot;,
        &quot;example_input_file8294.txt&quot;,
        &quot;example_input_file8295.txt&quot;,
        &quot;example_input_file8296.txt&quot;,
        &quot;example_input_file8297.txt&quot;,
        &quot;example_input_file8298.txt&quot;,
        &quot;example_input_file8299.txt&quot;,
        &quot;example_input_file8300.txt&quot;,
        &quot;example_input_file8301.txt&quot;,
        &quot;example_input_file8302.txt&quot;,
        &quot;example_input_file8303.txt&quot;,
        &quot;example_input_file8304.txt&quot;,
        &quot;example_input_file8305.txt&quot;,
        &quot;example_input_file8306.txt&quot;,
        &quot;example_input_file8307.txt&quot;,
        &quot;example_input_file8308.txt&quot;,
        &quot;example_input_file8309.txt&quot;,
        &quot;example_input_file8310.txt&quot;,
        &quot;example_input_file8311.txt&quot;,
        &quot;example_input_file8312.txt&quot;,
        &quot;example_input_file8313.txt&quot;,
        &quot;example_input_file8314.txt&quot;,
        &quot;example_input_file8315.txt&quot;,
        &quot;example_input_file8316.txt&quot;,
        &quot;example_input_file8317.txt&quot;,
        &quot;example_input_file8318.txt&quot;,
        &quot;example_input_file8319.txt&quot;,
        &quot;example_input_file8320.txt&quot;,
        &quot;example_input_file8321.txt&quot;,
        &quot;example_input_file8322.txt&quot;,
        &quot;example_input_file8323.txt&quot;,
        &quot;example_input_file8324.txt&quot;,
        &quot;example_input_file8325.txt&quot;,
        &quot;example_input_file8326.txt&quot;,
        &quot;example_input_file8327.txt&quot;,
        &quot;example_input_file8328.txt&quot;,
        &quot;example_input_file8329.txt&quot;,
        &quot;example_input_file8330.txt&quot;,
        &quot;example_input_file8331.txt&quot;,
        &quot;example_input_file8332.txt&quot;,
        &quot;example_input_file8333.txt&quot;,
        &quot;example_input_file8334.txt&quot;,
        &quot;example_input_file8335.txt&quot;,
        &quot;example_input_file8336.txt&quot;,
        &quot;example_input_file8337.txt&quot;,
        &quot;example_input_file8338.txt&quot;,
        &quot;example_input_file8339.txt&quot;,
        &quot;example_input_file8340.txt&quot;,
        &quot;example_input_file8341.txt&quot;,
        &quot;example_input_file8342.txt&quot;,
        &quot;example_input_file8343.txt&quot;,
        &quot;example_input_file8344.txt&quot;,
        &quot;example_input_file8345.txt&quot;,
        &quot;example_input_file8346.txt&quot;,
        &quot;example_input_file8347.txt&quot;,
        &quot;example_input_file8348.txt&quot;,
        &quot;example_input_file8349.txt&quot;,
        &quot;example_input_file8350.txt&quot;,
        &quot;example_input_file8351.txt&quot;,
        &quot;example_input_file8352.txt&quot;,
        &quot;example_input_file8353.txt&quot;,
        &quot;example_input_file8354.txt&quot;,
        &quot;example_input_file8355.txt&quot;,
        &quot;example_input_file8356.txt&quot;,
        &quot;example_input_file8357.txt&quot;,
        &quot;example_input_file8358.txt&quot;,
        &quot;example_input_file8359.txt&quot;,
        &quot;example_input_file8360.txt&quot;,
        &quot;example_input_file8361.txt&quot;,
        &quot;example_input_file8362.txt&quot;,
        &quot;example_input_file8363.txt&quot;,
        &quot;example_input_file8364.txt&quot;,
        &quot;example_input_file8365.txt&quot;,
        &quot;example_input_file8366.txt&quot;,
        &quot;example_input_file8367.txt&quot;,
        &quot;example_input_file8368.txt&quot;,
        &quot;example_input_file8369.txt&quot;,
        &quot;example_input_file8370.txt&quot;,
        &quot;example_input_file8371.txt&quot;,
        &quot;example_input_file8372.txt&quot;,
        &quot;example_input_file8373.txt&quot;,
        &quot;example_input_file8374.txt&quot;,
        &quot;example_input_file8375.txt&quot;,
        &quot;example_input_file8376.txt&quot;,
        &quot;example_input_file8377.txt&quot;,
        &quot;example_input_file8378.txt&quot;,
        &quot;example_input_file8379.txt&quot;,
        &quot;example_input_file8380.txt&quot;,
        &quot;example_input_file8381.txt&quot;,
        &quot;example_input_file8382.txt&quot;,
        &quot;example_input_file8383.txt&quot;,
        &quot;example_input_file8384.txt&quot;,
        &quot;example_input_file8385.txt&quot;,
        &quot;example_input_file8386.txt&quot;,
        &quot;example_input_file8387.txt&quot;,
        &quot;example_input_file8388.txt&quot;,
        &quot;example_input_file8389.txt&quot;,
        &quot;example_input_file8390.txt&quot;,
        &quot;example_input_file8391.txt&quot;,
        &quot;example_input_file8392.txt&quot;,
        &quot;example_input_file8393.txt&quot;,
        &quot;example_input_file8394.txt&quot;,
        &quot;example_input_file8395.txt&quot;,
        &quot;example_input_file8396.txt&quot;,
        &quot;example_input_file8397.txt&quot;,
        &quot;example_input_file8398.txt&quot;,
        &quot;example_input_file8399.txt&quot;,
        &quot;example_input_file8400.txt&quot;,
        &quot;example_input_file8401.txt&quot;,
        &quot;example_input_file8402.txt&quot;,
        &quot;example_input_file8403.txt&quot;,
        &quot;example_input_file8404.txt&quot;,
        &quot;example_input_file8405.txt&quot;,
        &quot;example_input_file8406.txt&quot;,
        &quot;example_input_file8407.txt&quot;,
        &quot;example_input_file8408.txt&quot;,
        &quot;example_input_file8409.txt&quot;,
        &quot;example_input_file8410.txt&quot;,
        &quot;example_input_file8411.txt&quot;,
        &quot;example_input_file8412.txt&quot;,
        &quot;example_input_file8413.txt&quot;,
        &quot;example_input_file8414.txt&quot;,
        &quot;example_input_file8415.txt&quot;,
        &quot;example_input_file8416.txt&quot;,
        &quot;example_input_file8417.txt&quot;,
        &quot;example_input_file8418.txt&quot;,
        &quot;example_input_file8419.txt&quot;,
        &quot;example_input_file8420.txt&quot;,
        &quot;example_input_file8421.txt&quot;,
        &quot;example_input_file8422.txt&quot;,
        &quot;example_input_file8423.txt&quot;,
        &quot;example_input_file8424.txt&quot;,
        &quot;example_input_file8425.txt&quot;,
        &quot;example_input_file8426.txt&quot;,
        &quot;example_input_file8427.txt&quot;,
        &quot;example_input_file8428.txt&quot;,
        &quot;example_input_file8429.txt&quot;,
        &quot;example_input_file8430.txt&quot;,
        &quot;example_input_file8431.txt&quot;,
        &quot;example_input_file8432.txt&quot;,
        &quot;example_input_file8433.txt&quot;,
        &quot;example_input_file8434.txt&quot;,
        &quot;example_input_file8435.txt&quot;,
        &quot;example_input_file8436.txt&quot;,
        &quot;example_input_file8437.txt&quot;,
        &quot;example_input_file8438.txt&quot;,
        &quot;example_input_file8439.txt&quot;,
        &quot;example_input_file8440.txt&quot;,
        &quot;example_input_file8441.txt&quot;,
        &quot;example_input_file8442.txt&quot;,
        &quot;example_input_file8443.txt&quot;,
        &quot;example_input_file8444.txt&quot;,
        &quot;example_input_file8445.txt&quot;,
        &quot;example_input_file8446.txt&quot;,
        &quot;example_input_file8447.txt&quot;,
        &quot;example_input_file8448.txt&quot;,
        &quot;example_input_file8449.txt&quot;,
        &quot;example_input_file8450.txt&quot;,
        &quot;example_input_file8451.txt&quot;,
        &quot;example_input_file8452.txt&quot;,
        &quot;example_input_file8453.txt&quot;,
        &quot;example_input_file8454.txt&quot;,
        &quot;example_input_file8455.txt&quot;,
        &quot;example_input_file8456.txt&quot;,
        &quot;example_input_file8457.txt&quot;,
        &quot;example_input_file8458.txt&quot;,
        &quot;example_input_file8459.txt&quot;,
        &quot;example_input_file8460.txt&quot;,
        &quot;example_input_file8461.txt&quot;,
        &quot;example_input_file8462.txt&quot;,
        &quot;example_input_file8463.txt&quot;,
        &quot;example_input_file8464.txt&quot;,
        &quot;example_input_file8465.txt&quot;,
        &quot;example_input_file8466.txt&quot;,
        &quot;example_input_file8467.txt&quot;,
        &quot;example_input_file8468.txt&quot;,
        &quot;example_input_file8469.txt&quot;,
        &quot;example_input_file8470.txt&quot;,
        &quot;example_input_file8471.txt&quot;,
        &quot;example_input_file8472.txt&quot;,
        &quot;example_input_file8473.txt&quot;,
        &quot;example_input_file8474.txt&quot;,
        &quot;example_input_file8475.txt&quot;,
        &quot;example_input_file8476.txt&quot;,
        &quot;example_input_file8477.txt&quot;,
        &quot;example_input_file8478.txt&quot;,
        &quot;example_input_file8479.txt&quot;,
        &quot;example_input_file8480.txt&quot;,
        &quot;example_input_file8481.txt&quot;,
        &quot;example_input_file8482.txt&quot;,
        &quot;example_input_file8483.txt&quot;,
        &quot;example_input_file8484.txt&quot;,
        &quot;example_input_file8485.txt&quot;,
        &quot;example_input_file8486.txt&quot;,
        &quot;example_input_file8487.txt&quot;,
        &quot;example_input_file8488.txt&quot;,
        &quot;example_input_file8489.txt&quot;,
        &quot;example_input_file8490.txt&quot;,
        &quot;example_input_file8491.txt&quot;,
        &quot;example_input_file8492.txt&quot;,
        &quot;example_input_file8493.txt&quot;,
        &quot;example_input_file8494.txt&quot;,
        &quot;example_input_file8495.txt&quot;,
        &quot;example_input_file8496.txt&quot;,
        &quot;example_input_file8497.txt&quot;,
        &quot;example_input_file8498.txt&quot;,
        &quot;example_input_file8499.txt&quot;,
        &quot;example_input_file8500.txt&quot;,
        &quot;example_input_file8501.txt&quot;,
        &quot;example_input_file8502.txt&quot;,
        &quot;example_input_file8503.txt&quot;,
        &quot;example_input_file8504.txt&quot;,
        &quot;example_input_file8505.txt&quot;,
        &quot;example_input_file8506.txt&quot;,
        &quot;example_input_file8507.txt&quot;,
        &quot;example_input_file8508.txt&quot;,
        &quot;example_input_file8509.txt&quot;,
        &quot;example_input_file8510.txt&quot;,
        &quot;example_input_file8511.txt&quot;,
        &quot;example_input_file8512.txt&quot;,
        &quot;example_input_file8513.txt&quot;,
        &quot;example_input_file8514.txt&quot;,
        &quot;example_input_file8515.txt&quot;,
        &quot;example_input_file8516.txt&quot;,
        &quot;example_input_file8517.txt&quot;,
        &quot;example_input_file8518.txt&quot;,
        &quot;example_input_file8519.txt&quot;,
        &quot;example_input_file8520.txt&quot;,
        &quot;example_input_file8521.txt&quot;,
        &quot;example_input_file8522.txt&quot;,
        &quot;example_input_file8523.txt&quot;,
        &quot;example_input_file8524.txt&quot;,
        &quot;example_input_file8525.txt&quot;,
        &quot;example_input_file8526.txt&quot;,
        &quot;example_input_file8527.txt&quot;,
        &quot;example_input_file8528.txt&quot;,
        &quot;example_input_file8529.txt&quot;,
        &quot;example_input_file8530.txt&quot;,
        &quot;example_input_file8531.txt&quot;,
        &quot;example_input_file8532.txt&quot;,
        &quot;example_input_file8533.txt&quot;,
        &quot;example_input_file8534.txt&quot;,
        &quot;example_input_file8535.txt&quot;,
        &quot;example_input_file8536.txt&quot;,
        &quot;example_input_file8537.txt&quot;,
        &quot;example_input_file8538.txt&quot;,
        &quot;example_input_file8539.txt&quot;,
        &quot;example_input_file8540.txt&quot;,
        &quot;example_input_file8541.txt&quot;,
        &quot;example_input_file8542.txt&quot;,
        &quot;example_input_file8543.txt&quot;,
        &quot;example_input_file8544.txt&quot;,
        &quot;example_input_file8545.txt&quot;,
        &quot;example_input_file8546.txt&quot;,
        &quot;example_input_file8547.txt&quot;,
        &quot;example_input_file8548.txt&quot;,
        &quot;example_input_file8549.txt&quot;,
        &quot;example_input_file8550.txt&quot;,
        &quot;example_input_file8551.txt&quot;,
        &quot;example_input_file8552.txt&quot;,
        &quot;example_input_file8553.txt&quot;,
        &quot;example_input_file8554.txt&quot;,
        &quot;example_input_file8555.txt&quot;,
        &quot;example_input_file8556.txt&quot;,
        &quot;example_input_file8557.txt&quot;,
        &quot;example_input_file8558.txt&quot;,
        &quot;example_input_file8559.txt&quot;,
        &quot;example_input_file8560.txt&quot;,
        &quot;example_input_file8561.txt&quot;,
        &quot;example_input_file8562.txt&quot;,
        &quot;example_input_file8563.txt&quot;,
        &quot;example_input_file8564.txt&quot;,
        &quot;example_input_file8565.txt&quot;,
        &quot;example_input_file8566.txt&quot;,
        &quot;example_input_file8567.txt&quot;,
        &quot;example_input_file8568.txt&quot;,
        &quot;example_input_file8569.txt&quot;,
        &quot;example_input_file8570.txt&quot;,
        &quot;example_input_file8571.txt&quot;,
        &quot;example_input_file8572.txt&quot;,
        &quot;example_input_file8573.txt&quot;,
        &quot;example_input_file8574.txt&quot;,
        &quot;example_input_file8575.txt&quot;,
        &quot;example_input_file8576.txt&quot;,
        &quot;example_input_file8577.txt&quot;,
        &quot;example_input_file8578.txt&quot;,
        &quot;example_input_file8579.txt&quot;,
        &quot;example_input_file8580.txt&quot;,
        &quot;example_input_file8581.txt&quot;,
        &quot;example_input_file8582.txt&quot;,
        &quot;example_input_file8583.txt&quot;,
        &quot;example_input_file8584.txt&quot;,
        &quot;example_input_file8585.txt&quot;,
        &quot;example_input_file8586.txt&quot;,
        &quot;example_input_file8587.txt&quot;,
        &quot;example_input_file8588.txt&quot;,
        &quot;example_input_file8589.txt&quot;,
        &quot;example_input_file8590.txt&quot;,
        &quot;example_input_file8591.txt&quot;,
        &quot;example_input_file8592.txt&quot;,
        &quot;example_input_file8593.txt&quot;,
        &quot;example_input_file8594.txt&quot;,
        &quot;example_input_file8595.txt&quot;,
        &quot;example_input_file8596.txt&quot;,
        &quot;example_input_file8597.txt&quot;,
        &quot;example_input_file8598.txt&quot;,
        &quot;example_input_file8599.txt&quot;,
        &quot;example_input_file8600.txt&quot;,
        &quot;example_input_file8601.txt&quot;,
        &quot;example_input_file8602.txt&quot;,
        &quot;example_input_file8603.txt&quot;,
        &quot;example_input_file8604.txt&quot;,
        &quot;example_input_file8605.txt&quot;,
        &quot;example_input_file8606.txt&quot;,
        &quot;example_input_file8607.txt&quot;,
        &quot;example_input_file8608.txt&quot;,
        &quot;example_input_file8609.txt&quot;,
        &quot;example_input_file8610.txt&quot;,
        &quot;example_input_file8611.txt&quot;,
        &quot;example_input_file8612.txt&quot;,
        &quot;example_input_file8613.txt&quot;,
        &quot;example_input_file8614.txt&quot;,
        &quot;example_input_file8615.txt&quot;,
        &quot;example_input_file8616.txt&quot;,
        &quot;example_input_file8617.txt&quot;,
        &quot;example_input_file8618.txt&quot;,
        &quot;example_input_file8619.txt&quot;,
        &quot;example_input_file8620.txt&quot;,
        &quot;example_input_file8621.txt&quot;,
        &quot;example_input_file8622.txt&quot;,
        &quot;example_input_file8623.txt&quot;,
        &quot;example_input_file8624.txt&quot;,
        &quot;example_input_file8625.txt&quot;,
        &quot;example_input_file8626.txt&quot;,
        &quot;example_input_file8627.txt&quot;,
        &quot;example_input_file8628.txt&quot;,
        &quot;example_input_file8629.txt&quot;,
        &quot;example_input_file8630.txt&quot;,
        &quot;example_input_file8631.txt&quot;,
        &quot;example_input_file8632.txt&quot;,
        &quot;example_input_file8633.txt&quot;,
        &quot;example_input_file8634.txt&quot;,
        &quot;example_input_file8635.txt&quot;,
        &quot;example_input_file8636.txt&quot;,
        &quot;example_input_file8637.txt&quot;,
        &quot;example_input_file8638.txt&quot;,
        &quot;example_input_file8639.txt&quot;,
        &quot;example_input_file8640.txt&quot;,
        &quot;example_input_file8641.txt&quot;,
        &quot;example_input_file8642.txt&quot;,
        &quot;example_input_file8643.txt&quot;,
        &quot;example_input_file8644.txt&quot;,
        &quot;example_input_file8645.txt&quot;,
        &quot;example_input_file8646.txt&quot;,
        &quot;example_input_file8647.txt&quot;,
        &quot;example_input_file8648.txt&quot;,
        &quot;example_input_file8649.txt&quot;,
        &quot;example_input_file8650.txt&quot;,
        &quot;example_input_file8651.txt&quot;,
        &quot;example_input_file8652.txt&quot;,
        &quot;example_input_file8653.txt&quot;,
        &quot;example_input_file8654.txt&quot;,
        &quot;example_input_file8655.txt&quot;,
        &quot;example_input_file8656.txt&quot;,
        &quot;example_input_file8657.txt&quot;,
        &quot;example_input_file8658.txt&quot;,
        &quot;example_input_file8659.txt&quot;,
        &quot;example_input_file8660.txt&quot;,
        &quot;example_input_file8661.txt&quot;,
        &quot;example_input_file8662.txt&quot;,
        &quot;example_input_file8663.txt&quot;,
        &quot;example_input_file8664.txt&quot;,
        &quot;example_input_file8665.txt&quot;,
        &quot;example_input_file8666.txt&quot;,
        &quot;example_input_file8667.txt&quot;,
        &quot;example_input_file8668.txt&quot;,
        &quot;example_input_file8669.txt&quot;,
        &quot;example_input_file8670.txt&quot;,
        &quot;example_input_file8671.txt&quot;,
        &quot;example_input_file8672.txt&quot;,
        &quot;example_input_file8673.txt&quot;,
        &quot;example_input_file8674.txt&quot;,
        &quot;example_input_file8675.txt&quot;,
        &quot;example_input_file8676.txt&quot;,
        &quot;example_input_file8677.txt&quot;,
        &quot;example_input_file8678.txt&quot;,
        &quot;example_input_file8679.txt&quot;,
        &quot;example_input_file8680.txt&quot;,
        &quot;example_input_file8681.txt&quot;,
        &quot;example_input_file8682.txt&quot;,
        &quot;example_input_file8683.txt&quot;,
        &quot;example_input_file8684.txt&quot;,
        &quot;example_input_file8685.txt&quot;,
        &quot;example_input_file8686.txt&quot;,
        &quot;example_input_file8687.txt&quot;,
        &quot;example_input_file8688.txt&quot;,
        &quot;example_input_file8689.txt&quot;,
        &quot;example_input_file8690.txt&quot;,
        &quot;example_input_file8691.txt&quot;,
        &quot;example_input_file8692.txt&quot;,
        &quot;example_input_file8693.txt&quot;,
        &quot;example_input_file8694.txt&quot;,
        &quot;example_input_file8695.txt&quot;,
        &quot;example_input_file8696.txt&quot;,
        &quot;example_input_file8697.txt&quot;,
        &quot;example_input_file8698.txt&quot;,
        &quot;example_input_file8699.txt&quot;,
        &quot;example_input_file8700.txt&quot;,
        &quot;example_input_file8701.txt&quot;,
        &quot;example_input_file8702.txt&quot;,
        &quot;example_input_file8703.txt&quot;,
        &quot;example_input_file8704.txt&quot;,
        &quot;example_input_file8705.txt&quot;,
        &quot;example_input_file8706.txt&quot;,
        &quot;example_input_file8707.txt&quot;,
        &quot;example_input_file8708.txt&quot;,
        &quot;example_input_file8709.txt&quot;,
        &quot;example_input_file8710.txt&quot;,
        &quot;example_input_file8711.txt&quot;,
        &quot;example_input_file8712.txt&quot;,
        &quot;example_input_file8713.txt&quot;,
        &quot;example_input_file8714.txt&quot;,
        &quot;example_input_file8715.txt&quot;,
        &quot;example_input_file8716.txt&quot;,
        &quot;example_input_file8717.txt&quot;,
        &quot;example_input_file8718.txt&quot;,
        &quot;example_input_file8719.txt&quot;,
        &quot;example_input_file8720.txt&quot;,
        &quot;example_input_file8721.txt&quot;,
        &quot;example_input_file8722.txt&quot;,
        &quot;example_input_file8723.txt&quot;,
        &quot;example_input_file8724.txt&quot;,
        &quot;example_input_file8725.txt&quot;,
        &quot;example_input_file8726.txt&quot;,
        &quot;example_input_file8727.txt&quot;,
        &quot;example_input_file8728.txt&quot;,
        &quot;example_input_file8729.txt&quot;,
        &quot;example_input_file8730.txt&quot;,
        &quot;example_input_file8731.txt&quot;,
        &quot;example_input_file8732.txt&quot;,
        &quot;example_input_file8733.txt&quot;,
        &quot;example_input_file8734.txt&quot;,
        &quot;example_input_file8735.txt&quot;,
        &quot;example_input_file8736.txt&quot;,
        &quot;example_input_file8737.txt&quot;,
        &quot;example_input_file8738.txt&quot;,
        &quot;example_input_file8739.txt&quot;,
        &quot;example_input_file8740.txt&quot;,
        &quot;example_input_file8741.txt&quot;,
        &quot;example_input_file8742.txt&quot;,
        &quot;example_input_file8743.txt&quot;,
        &quot;example_input_file8744.txt&quot;,
        &quot;example_input_file8745.txt&quot;,
        &quot;example_input_file8746.txt&quot;,
        &quot;example_input_file8747.txt&quot;,
        &quot;example_input_file8748.txt&quot;,
        &quot;example_input_file8749.txt&quot;,
        &quot;example_input_file8750.txt&quot;,
        &quot;example_input_file8751.txt&quot;,
        &quot;example_input_file8752.txt&quot;,
        &quot;example_input_file8753.txt&quot;,
        &quot;example_input_file8754.txt&quot;,
        &quot;example_input_file8755.txt&quot;,
        &quot;example_input_file8756.txt&quot;,
        &quot;example_input_file8757.txt&quot;,
        &quot;example_input_file8758.txt&quot;,
        &quot;example_input_file8759.txt&quot;,
        &quot;example_input_file8760.txt&quot;,
        &quot;example_input_file8761.txt&quot;,
        &quot;example_input_file8762.txt&quot;,
        &quot;example_input_file8763.txt&quot;,
        &quot;example_input_file8764.txt&quot;,
        &quot;example_input_file8765.txt&quot;,
        &quot;example_input_file8766.txt&quot;,
        &quot;example_input_file8767.txt&quot;,
        &quot;example_input_file8768.txt&quot;,
        &quot;example_input_file8769.txt&quot;,
        &quot;example_input_file8770.txt&quot;,
        &quot;example_input_file8771.txt&quot;,
        &quot;example_input_file8772.txt&quot;,
        &quot;example_input_file8773.txt&quot;,
        &quot;example_input_file8774.txt&quot;,
        &quot;example_input_file8775.txt&quot;,
        &quot;example_input_file8776.txt&quot;,
        &quot;example_input_file8777.txt&quot;,
        &quot;example_input_file8778.txt&quot;,
        &quot;example_input_file8779.txt&quot;,
        &quot;example_input_file8780.txt&quot;,
        &quot;example_input_file8781.txt&quot;,
        &quot;example_input_file8782.txt&quot;,
        &quot;example_input_file8783.txt&quot;,
        &quot;example_input_file8784.txt&quot;,
        &quot;example_input_file8785.txt&quot;,
        &quot;example_input_file8786.txt&quot;,
        &quot;example_input_file8787.txt&quot;,
        &quot;example_input_file8788.txt&quot;,
        &quot;example_input_file8789.txt&quot;,
        &quot;example_input_file8790.txt&quot;,
        &quot;example_input_file8791.txt&quot;,
        &quot;example_input_file8792.txt&quot;,
        &quot;example_input_file8793.txt&quot;,
        &quot;example_input_file8794.txt&quot;,
        &quot;example_input_file8795.txt&quot;,
        &quot;example_input_file8796.txt&quot;,
        &quot;example_input_file8797.txt&quot;,
        &quot;example_input_file8798.txt&quot;,
        &quot;example_input_file8799.txt&quot;,
        &quot;example_input_file8800.txt&quot;,
        &quot;example_input_file8801.txt&quot;,
        &quot;example_input_file8802.txt&quot;,
        &quot;example_input_file8803.txt&quot;,
        &quot;example_input_file8804.txt&quot;,
        &quot;example_input_file8805.txt&quot;,
        &quot;example_input_file8806.txt&quot;,
        &quot;example_input_file8807.txt&quot;,
        &quot;example_input_file8808.txt&quot;,
        &quot;example_input_file8809.txt&quot;,
        &quot;example_input_file8810.txt&quot;,
        &quot;example_input_file8811.txt&quot;,
        &quot;example_input_file8812.txt&quot;,
        &quot;example_input_file8813.txt&quot;,
        &quot;example_input_file8814.txt&quot;,
        &quot;example_input_file8815.txt&quot;,
        &quot;example_input_file8816.txt&quot;,
        &quot;example_input_file8817.txt&quot;,
        &quot;example_input_file8818.txt&quot;,
        &quot;example_input_file8819.txt&quot;,
        &quot;example_input_file8820.txt&quot;,
        &quot;example_input_file8821.txt&quot;,
        &quot;example_input_file8822.txt&quot;,
        &quot;example_input_file8823.txt&quot;,
        &quot;example_input_file8824.txt&quot;,
        &quot;example_input_file8825.txt&quot;,
        &quot;example_input_file8826.txt&quot;,
        &quot;example_input_file8827.txt&quot;,
        &quot;example_input_file8828.txt&quot;,
        &quot;example_input_file8829.txt&quot;,
        &quot;example_input_file8830.txt&quot;,
        &quot;example_input_file8831.txt&quot;,
        &quot;example_input_file8832.txt&quot;,
        &quot;example_input_file8833.txt&quot;,
        &quot;example_input_file8834.txt&quot;,
        &quot;example_input_file8835.txt&quot;,
        &quot;example_input_file8836.txt&quot;,
        &quot;example_input_file8837.txt&quot;,
        &quot;example_input_file8838.txt&quot;,
        &quot;example_input_file8839.txt&quot;,
        &quot;example_input_file8840.txt&quot;,
        &quot;example_input_file8841.txt&quot;,
        &quot;example_input_file8842.txt&quot;,
        &quot;example_input_file8843.txt&quot;,
        &quot;example_input_file8844.txt&quot;,
        &quot;example_input_file8845.txt&quot;,
        &quot;example_input_file8846.txt&quot;,
        &quot;example_input_file8847.txt&quot;,
        &quot;example_input_file8848.txt&quot;,
        &quot;example_input_file8849.txt&quot;,
        &quot;example_input_file8850.txt&quot;,
        &quot;example_input_file8851.txt&quot;,
        &quot;example_input_file8852.txt&quot;,
        &quot;example_input_file8853.txt&quot;,
        &quot;example_input_file8854.txt&quot;,
        &quot;example_input_file8855.txt&quot;,
        &quot;example_input_file8856.txt&quot;,
        &quot;example_input_file8857.txt&quot;,
        &quot;example_input_file8858.txt&quot;,
        &quot;example_input_file8859.txt&quot;,
        &quot;example_input_file8860.txt&quot;,
        &quot;example_input_file8861.txt&quot;,
        &quot;example_input_file8862.txt&quot;,
        &quot;example_input_file8863.txt&quot;,
        &quot;example_input_file8864.txt&quot;,
        &quot;example_input_file8865.txt&quot;,
        &quot;example_input_file8866.txt&quot;,
        &quot;example_input_file8867.txt&quot;,
        &quot;example_input_file8868.txt&quot;,
        &quot;example_input_file8869.txt&quot;,
        &quot;example_input_file8870.txt&quot;,
        &quot;example_input_file8871.txt&quot;,
        &quot;example_input_file8872.txt&quot;,
        &quot;example_input_file8873.txt&quot;,
        &quot;example_input_file8874.txt&quot;,
        &quot;example_input_file8875.txt&quot;,
        &quot;example_input_file8876.txt&quot;,
        &quot;example_input_file8877.txt&quot;,
        &quot;example_input_file8878.txt&quot;,
        &quot;example_input_file8879.txt&quot;,
        &quot;example_input_file8880.txt&quot;,
        &quot;example_input_file8881.txt&quot;,
        &quot;example_input_file8882.txt&quot;,
        &quot;example_input_file8883.txt&quot;,
        &quot;example_input_file8884.txt&quot;,
        &quot;example_input_file8885.txt&quot;,
        &quot;example_input_file8886.txt&quot;,
        &quot;example_input_file8887.txt&quot;,
        &quot;example_input_file8888.txt&quot;,
        &quot;example_input_file8889.txt&quot;,
        &quot;example_input_file8890.txt&quot;,
        &quot;example_input_file8891.txt&quot;,
        &quot;example_input_file8892.txt&quot;,
        &quot;example_input_file8893.txt&quot;,
        &quot;example_input_file8894.txt&quot;,
        &quot;example_input_file8895.txt&quot;,
        &quot;example_input_file8896.txt&quot;,
        &quot;example_input_file8897.txt&quot;,
        &quot;example_input_file8898.txt&quot;,
        &quot;example_input_file8899.txt&quot;,
        &quot;example_input_file8900.txt&quot;,
        &quot;example_input_file8901.txt&quot;,
        &quot;example_input_file8902.txt&quot;,
        &quot;example_input_file8903.txt&quot;,
        &quot;example_input_file8904.txt&quot;,
        &quot;example_input_file8905.txt&quot;,
        &quot;example_input_file8906.txt&quot;,
        &quot;example_input_file8907.txt&quot;,
        &quot;example_input_file8908.txt&quot;,
        &quot;example_input_file8909.txt&quot;,
        &quot;example_input_file8910.txt&quot;,
        &quot;example_input_file8911.txt&quot;,
        &quot;example_input_file8912.txt&quot;,
        &quot;example_input_file8913.txt&quot;,
        &quot;example_input_file8914.txt&quot;,
        &quot;example_input_file8915.txt&quot;,
        &quot;example_input_file8916.txt&quot;,
        &quot;example_input_file8917.txt&quot;,
        &quot;example_input_file8918.txt&quot;,
        &quot;example_input_file8919.txt&quot;,
        &quot;example_input_file8920.txt&quot;,
        &quot;example_input_file8921.txt&quot;,
        &quot;example_input_file8922.txt&quot;,
        &quot;example_input_file8923.txt&quot;,
        &quot;example_input_file8924.txt&quot;,
        &quot;example_input_file8925.txt&quot;,
        &quot;example_input_file8926.txt&quot;,
        &quot;example_input_file8927.txt&quot;,
        &quot;example_input_file8928.txt&quot;,
        &quot;example_input_file8929.txt&quot;,
        &quot;example_input_file8930.txt&quot;,
        &quot;example_input_file8931.txt&quot;,
        &quot;example_input_file8932.txt&quot;,
        &quot;example_input_file8933.txt&quot;,
        &quot;example_input_file8934.txt&quot;,
        &quot;example_input_file8935.txt&quot;,
        &quot;example_input_file8936.txt&quot;,
        &quot;example_input_file8937.txt&quot;,
        &quot;example_input_file8938.txt&quot;,
        &quot;example_input_file8939.txt&quot;,
        &quot;example_input_file8940.txt&quot;,
        &quot;example_input_file8941.txt&quot;,
        &quot;example_input_file8942.txt&quot;,
        &quot;example_input_file8943.txt&quot;,
        &quot;example_input_file8944.txt&quot;,
        &quot;example_input_file8945.txt&quot;,
        &quot;example_input_file8946.txt&quot;,
        &quot;example_input_file8947.txt&quot;,
        &quot;example_input_file8948.txt&quot;,
        &quot;example_input_file8949.txt&quot;,
        &quot;example_input_file8950.txt&quot;,
        &quot;example_input_file8951.txt&quot;,
        &quot;example_input_file8952.txt&quot;,
        &quot;example_input_file8953.txt&quot;,
        &quot;example_input_file8954.txt&quot;,
        &quot;example_input_file8955.txt&quot;,
        &quot;example_input_file8956.txt&quot;,
        &quot;example_input_file8957.txt&quot;,
        &quot;example_input_file8958.txt&quot;,
        &quot;example_input_file8959.txt&quot;,
        &quot;example_input_file8960.txt&quot;,
        &quot;example_input_file8961.txt&quot;,
        &quot;example_input_file8962.txt&quot;,
        &quot;example_input_file8963.txt&quot;,
        &quot;example_input_file8964.txt&quot;,
        &quot;example_input_file8965.txt&quot;,
        &quot;example_input_file8966.txt&quot;,
        &quot;example_input_file8967.txt&quot;,
        &quot;example_input_file8968.txt&quot;,
        &quot;example_input_file8969.txt&quot;,
        &quot;example_input_file8970.txt&quot;,
        &quot;example_input_file8971.txt&quot;,
        &quot;example_input_file8972.txt&quot;,
        &quot;example_input_file8973.txt&quot;,
        &quot;example_input_file8974.txt&quot;,
        &quot;example_input_file8975.txt&quot;,
        &quot;example_input_file8976.txt&quot;,
        &quot;example_input_file8977.txt&quot;,
        &quot;example_input_file8978.txt&quot;,
        &quot;example_input_file8979.txt&quot;,
        &quot;example_input_file8980.txt&quot;,
        &quot;example_input_file8981.txt&quot;,
        &quot;example_input_file8982.txt&quot;,
        &quot;example_input_file8983.txt&quot;,
        &quot;example_input_file8984.txt&quot;,
        &quot;example_input_file8985.txt&quot;,
        &quot;example_input_file8986.txt&quot;,
        &quot;example_input_file8987.txt&quot;,
        &quot;example_input_file8988.txt&quot;,
        &quot;example_input_file8989.txt&quot;,
        &quot;example_input_file8990.txt&quot;,
        &quot;example_input_file8991.txt&quot;,
        &quot;example_input_file8992.txt&quot;,
        &quot;example_input_file8993.txt&quot;,
        &quot;example_input_file8994.txt&quot;,
        &quot;example_input_file8995.txt&quot;,
        &quot;example_input_file8996.txt&quot;,
        &quot;example_input_file8997.txt&quot;,
        &quot;example_input_file8998.txt&quot;,
        &quot;example_input_file8999.txt&quot;,
        &quot;example_input_file9000.txt&quot;,
        &quot;example_input_file9001.txt&quot;,
        &quot;example_input_file9002.txt&quot;,
        &quot;example_input_file9003.txt&quot;,
        &quot;example_input_file9004.txt&quot;,
        &quot;example_input_file9005.txt&quot;,
        &quot;example_input_file9006.txt&quot;,
        &quot;example_input_file9007.txt&quot;,
        &quot;example_input_file9008.txt&quot;,
        &quot;example_input_file9009.txt&quot;,
        &quot;example_input_file9010.txt&quot;,
        &quot;example_input_file9011.txt&quot;,
        &quot;example_input_file9012.txt&quot;,
        &quot;example_input_file9013.txt&quot;,
        &quot;example_input_file9014.txt&quot;,
        &quot;example_input_file9015.txt&quot;,
        &quot;example_input_file9016.txt&quot;,
        &quot;example_input_file9017.txt&quot;,
        &quot;example_input_file9018.txt&quot;,
        &quot;example_input_file9019.txt&quot;,
        &quot;example_input_file9020.txt&quot;,
        &quot;example_input_file9021.txt&quot;,
        &quot;example_input_file9022.txt&quot;,
        &quot;example_input_file9023.txt&quot;,
        &quot;example_input_file9024.txt&quot;,
        &quot;example_input_file9025.txt&quot;,
        &quot;example_input_file9026.txt&quot;,
        &quot;example_input_file9027.txt&quot;,
        &quot;example_input_file9028.txt&quot;,
        &quot;example_input_file9029.txt&quot;,
        &quot;example_input_file9030.txt&quot;,
        &quot;example_input_file9031.txt&quot;,
        &quot;example_input_file9032.txt&quot;,
        &quot;example_input_file9033.txt&quot;,
        &quot;example_input_file9034.txt&quot;,
        &quot;example_input_file9035.txt&quot;,
        &quot;example_input_file9036.txt&quot;,
        &quot;example_input_file9037.txt&quot;,
        &quot;example_input_file9038.txt&quot;,
        &quot;example_input_file9039.txt&quot;,
        &quot;example_input_file9040.txt&quot;,
        &quot;example_input_file9041.txt&quot;,
        &quot;example_input_file9042.txt&quot;,
        &quot;example_input_file9043.txt&quot;,
        &quot;example_input_file9044.txt&quot;,
        &quot;example_input_file9045.txt&quot;,
        &quot;example_input_file9046.txt&quot;,
        &quot;example_input_file9047.txt&quot;,
        &quot;example_input_file9048.txt&quot;,
        &quot;example_input_file9049.txt&quot;,
        &quot;example_input_file9050.txt&quot;,
        &quot;example_input_file9051.txt&quot;,
        &quot;example_input_file9052.txt&quot;,
        &quot;example_input_file9053.txt&quot;,
        &quot;example_input_file9054.txt&quot;,
        &quot;example_input_file9055.txt&quot;,
        &quot;example_input_file9056.txt&quot;,
        &quot;example_input_file9057.txt&quot;,
        &quot;example_input_file9058.txt&quot;,
        &quot;example_input_file9059.txt&quot;,
        &quot;example_input_file9060.txt&quot;,
        &quot;example_input_file9061.txt&quot;,
        &quot;example_input_file9062.txt&quot;,
        &quot;example_input_file9063.txt&quot;,
        &quot;example_input_file9064.txt&quot;,
        &quot;example_input_file9065.txt&quot;,
        &quot;example_input_file9066.txt&quot;,
        &quot;example_input_file9067.txt&quot;,
        &quot;example_input_file9068.txt&quot;,
        &quot;example_input_file9069.txt&quot;,
        &quot;example_input_file9070.txt&quot;,
        &quot;example_input_file9071.txt&quot;,
        &quot;example_input_file9072.txt&quot;,
        &quot;example_input_file9073.txt&quot;,
        &quot;example_input_file9074.txt&quot;,
        &quot;example_input_file9075.txt&quot;,
        &quot;example_input_file9076.txt&quot;,
        &quot;example_input_file9077.txt&quot;,
        &quot;example_input_file9078.txt&quot;,
        &quot;example_input_file9079.txt&quot;,
        &quot;example_input_file9080.txt&quot;,
        &quot;example_input_file9081.txt&quot;,
        &quot;example_input_file9082.txt&quot;,
        &quot;example_input_file9083.txt&quot;,
        &quot;example_input_file9084.txt&quot;,
        &quot;example_input_file9085.txt&quot;,
        &quot;example_input_file9086.txt&quot;,
        &quot;example_input_file9087.txt&quot;,
        &quot;example_input_file9088.txt&quot;,
        &quot;example_input_file9089.txt&quot;,
        &quot;example_input_file9090.txt&quot;,
        &quot;example_input_file9091.txt&quot;,
        &quot;example_input_file9092.txt&quot;,
        &quot;example_input_file9093.txt&quot;,
        &quot;example_input_file9094.txt&quot;,
        &quot;example_input_file9095.txt&quot;,
        &quot;example_input_file9096.txt&quot;,
        &quot;example_input_file9097.txt&quot;,
        &quot;example_input_file9098.txt&quot;,
        &quot;example_input_file9099.txt&quot;,
        &quot;example_input_file9100.txt&quot;,
        &quot;example_input_file9101.txt&quot;,
        &quot;example_input_file9102.txt&quot;,
        &quot;example_input_file9103.txt&quot;,
        &quot;example_input_file9104.txt&quot;,
        &quot;example_input_file9105.txt&quot;,
        &quot;example_input_file9106.txt&quot;,
        &quot;example_input_file9107.txt&quot;,
        &quot;example_input_file9108.txt&quot;,
        &quot;example_input_file9109.txt&quot;,
        &quot;example_input_file9110.txt&quot;,
        &quot;example_input_file9111.txt&quot;,
        &quot;example_input_file9112.txt&quot;,
        &quot;example_input_file9113.txt&quot;,
        &quot;example_input_file9114.txt&quot;,
        &quot;example_input_file9115.txt&quot;,
        &quot;example_input_file9116.txt&quot;,
        &quot;example_input_file9117.txt&quot;,
        &quot;example_input_file9118.txt&quot;,
        &quot;example_input_file9119.txt&quot;,
        &quot;example_input_file9120.txt&quot;,
        &quot;example_input_file9121.txt&quot;,
        &quot;example_input_file9122.txt&quot;,
        &quot;example_input_file9123.txt&quot;,
        &quot;example_input_file9124.txt&quot;,
        &quot;example_input_file9125.txt&quot;,
        &quot;example_input_file9126.txt&quot;,
        &quot;example_input_file9127.txt&quot;,
        &quot;example_input_file9128.txt&quot;,
        &quot;example_input_file9129.txt&quot;,
        &quot;example_input_file9130.txt&quot;,
        &quot;example_input_file9131.txt&quot;,
        &quot;example_input_file9132.txt&quot;,
        &quot;example_input_file9133.txt&quot;,
        &quot;example_input_file9134.txt&quot;,
        &quot;example_input_file9135.txt&quot;,
        &quot;example_input_file9136.txt&quot;,
        &quot;example_input_file9137.txt&quot;,
        &quot;example_input_file9138.txt&quot;,
        &quot;example_input_file9139.txt&quot;,
        &quot;example_input_file9140.txt&quot;,
        &quot;example_input_file9141.txt&quot;,
        &quot;example_input_file9142.txt&quot;,
        &quot;example_input_file9143.txt&quot;,
        &quot;example_input_file9144.txt&quot;,
        &quot;example_input_file9145.txt&quot;,
        &quot;example_input_file9146.txt&quot;,
        &quot;example_input_file9147.txt&quot;,
        &quot;example_input_file9148.txt&quot;,
        &quot;example_input_file9149.txt&quot;,
        &quot;example_input_file9150.txt&quot;,
        &quot;example_input_file9151.txt&quot;,
        &quot;example_input_file9152.txt&quot;,
        &quot;example_input_file9153.txt&quot;,
        &quot;example_input_file9154.txt&quot;,
        &quot;example_input_file9155.txt&quot;,
        &quot;example_input_file9156.txt&quot;,
        &quot;example_input_file9157.txt&quot;,
        &quot;example_input_file9158.txt&quot;,
        &quot;example_input_file9159.txt&quot;,
        &quot;example_input_file9160.txt&quot;,
        &quot;example_input_file9161.txt&quot;,
        &quot;example_input_file9162.txt&quot;,
        &quot;example_input_file9163.txt&quot;,
        &quot;example_input_file9164.txt&quot;,
        &quot;example_input_file9165.txt&quot;,
        &quot;example_input_file9166.txt&quot;,
        &quot;example_input_file9167.txt&quot;,
        &quot;example_input_file9168.txt&quot;,
        &quot;example_input_file9169.txt&quot;,
        &quot;example_input_file9170.txt&quot;,
        &quot;example_input_file9171.txt&quot;,
        &quot;example_input_file9172.txt&quot;,
        &quot;example_input_file9173.txt&quot;,
        &quot;example_input_file9174.txt&quot;,
        &quot;example_input_file9175.txt&quot;,
        &quot;example_input_file9176.txt&quot;,
        &quot;example_input_file9177.txt&quot;,
        &quot;example_input_file9178.txt&quot;,
        &quot;example_input_file9179.txt&quot;,
        &quot;example_input_file9180.txt&quot;,
        &quot;example_input_file9181.txt&quot;,
        &quot;example_input_file9182.txt&quot;,
        &quot;example_input_file9183.txt&quot;,
        &quot;example_input_file9184.txt&quot;,
        &quot;example_input_file9185.txt&quot;,
        &quot;example_input_file9186.txt&quot;,
        &quot;example_input_file9187.txt&quot;,
        &quot;example_input_file9188.txt&quot;,
        &quot;example_input_file9189.txt&quot;,
        &quot;example_input_file9190.txt&quot;,
        &quot;example_input_file9191.txt&quot;,
        &quot;example_input_file9192.txt&quot;,
        &quot;example_input_file9193.txt&quot;,
        &quot;example_input_file9194.txt&quot;,
        &quot;example_input_file9195.txt&quot;,
        &quot;example_input_file9196.txt&quot;,
        &quot;example_input_file9197.txt&quot;,
        &quot;example_input_file9198.txt&quot;,
        &quot;example_input_file9199.txt&quot;,
        &quot;example_input_file9200.txt&quot;,
        &quot;example_input_file9201.txt&quot;,
        &quot;example_input_file9202.txt&quot;,
        &quot;example_input_file9203.txt&quot;,
        &quot;example_input_file9204.txt&quot;,
        &quot;example_input_file9205.txt&quot;,
        &quot;example_input_file9206.txt&quot;,
        &quot;example_input_file9207.txt&quot;,
        &quot;example_input_file9208.txt&quot;,
        &quot;example_input_file9209.txt&quot;,
        &quot;example_input_file9210.txt&quot;,
        &quot;example_input_file9211.txt&quot;,
        &quot;example_input_file9212.txt&quot;,
        &quot;example_input_file9213.txt&quot;,
        &quot;example_input_file9214.txt&quot;,
        &quot;example_input_file9215.txt&quot;,
        &quot;example_input_file9216.txt&quot;,
        &quot;example_input_file9217.txt&quot;,
        &quot;example_input_file9218.txt&quot;,
        &quot;example_input_file9219.txt&quot;,
        &quot;example_input_file9220.txt&quot;,
        &quot;example_input_file9221.txt&quot;,
        &quot;example_input_file9222.txt&quot;,
        &quot;example_input_file9223.txt&quot;,
        &quot;example_input_file9224.txt&quot;,
        &quot;example_input_file9225.txt&quot;,
        &quot;example_input_file9226.txt&quot;,
        &quot;example_input_file9227.txt&quot;,
        &quot;example_input_file9228.txt&quot;,
        &quot;example_input_file9229.txt&quot;,
        &quot;example_input_file9230.txt&quot;,
        &quot;example_input_file9231.txt&quot;,
        &quot;example_input_file9232.txt&quot;,
        &quot;example_input_file9233.txt&quot;,
        &quot;example_input_file9234.txt&quot;,
        &quot;example_input_file9235.txt&quot;,
        &quot;example_input_file9236.txt&quot;,
        &quot;example_input_file9237.txt&quot;,
        &quot;example_input_file9238.txt&quot;,
        &quot;example_input_file9239.txt&quot;,
        &quot;example_input_file9240.txt&quot;,
        &quot;example_input_file9241.txt&quot;,
        &quot;example_input_file9242.txt&quot;,
        &quot;example_input_file9243.txt&quot;,
        &quot;example_input_file9244.txt&quot;,
        &quot;example_input_file9245.txt&quot;,
        &quot;example_input_file9246.txt&quot;,
        &quot;example_input_file9247.txt&quot;,
        &quot;example_input_file9248.txt&quot;,
        &quot;example_input_file9249.txt&quot;,
        &quot;example_input_file9250.txt&quot;,
        &quot;example_input_file9251.txt&quot;,
        &quot;example_input_file9252.txt&quot;,
        &quot;example_input_file9253.txt&quot;,
        &quot;example_input_file9254.txt&quot;,
        &quot;example_input_file9255.txt&quot;,
        &quot;example_input_file9256.txt&quot;,
        &quot;example_input_file9257.txt&quot;,
        &quot;example_input_file9258.txt&quot;,
        &quot;example_input_file9259.txt&quot;,
        &quot;example_input_file9260.txt&quot;,
        &quot;example_input_file9261.txt&quot;,
        &quot;example_input_file9262.txt&quot;,
        &quot;example_input_file9263.txt&quot;,
        &quot;example_input_file9264.txt&quot;,
        &quot;example_input_file9265.txt&quot;,
        &quot;example_input_file9266.txt&quot;,
        &quot;example_input_file9267.txt&quot;,
        &quot;example_input_file9268.txt&quot;,
        &quot;example_input_file9269.txt&quot;,
        &quot;example_input_file9270.txt&quot;,
        &quot;example_input_file9271.txt&quot;,
        &quot;example_input_file9272.txt&quot;,
        &quot;example_input_file9273.txt&quot;,
        &quot;example_input_file9274.txt&quot;,
        &quot;example_input_file9275.txt&quot;,
        &quot;example_input_file9276.txt&quot;,
        &quot;example_input_file9277.txt&quot;,
        &quot;example_input_file9278.txt&quot;,
        &quot;example_input_file9279.txt&quot;,
        &quot;example_input_file9280.txt&quot;,
        &quot;example_input_file9281.txt&quot;,
        &quot;example_input_file9282.txt&quot;,
        &quot;example_input_file9283.txt&quot;,
        &quot;example_input_file9284.txt&quot;,
        &quot;example_input_file9285.txt&quot;,
        &quot;example_input_file9286.txt&quot;,
        &quot;example_input_file9287.txt&quot;,
        &quot;example_input_file9288.txt&quot;,
        &quot;example_input_file9289.txt&quot;,
        &quot;example_input_file9290.txt&quot;,
        &quot;example_input_file9291.txt&quot;,
        &quot;example_input_file9292.txt&quot;,
        &quot;example_input_file9293.txt&quot;,
        &quot;example_input_file9294.txt&quot;,
        &quot;example_input_file9295.txt&quot;,
        &quot;example_input_file9296.txt&quot;,
        &quot;example_input_file9297.txt&quot;,
        &quot;example_input_file9298.txt&quot;,
        &quot;example_input_file9299.txt&quot;,
        &quot;example_input_file9300.txt&quot;,
        &quot;example_input_file9301.txt&quot;,
        &quot;example_input_file9302.txt&quot;,
        &quot;example_input_file9303.txt&quot;,
        &quot;example_input_file9304.txt&quot;,
        &quot;example_input_file9305.txt&quot;,
        &quot;example_input_file9306.txt&quot;,
        &quot;example_input_file9307.txt&quot;,
        &quot;example_input_file9308.txt&quot;,
        &quot;example_input_file9309.txt&quot;,
        &quot;example_input_file9310.txt&quot;,
        &quot;example_input_file9311.txt&quot;,
        &quot;example_input_file9312.txt&quot;,
        &quot;example_input_file9313.txt&quot;,
        &quot;example_input_file9314.txt&quot;,
        &quot;example_input_file9315.txt&quot;,
        &quot;example_input_file9316.txt&quot;,
        &quot;example_input_file9317.txt&quot;,
        &quot;example_input_file9318.txt&quot;,
        &quot;example_input_file9319.txt&quot;,
        &quot;example_input_file9320.txt&quot;,
        &quot;example_input_file9321.txt&quot;,
        &quot;example_input_file9322.txt&quot;,
        &quot;example_input_file9323.txt&quot;,
        &quot;example_input_file9324.txt&quot;,
        &quot;example_input_file9325.txt&quot;,
        &quot;example_input_file9326.txt&quot;,
        &quot;example_input_file9327.txt&quot;,
        &quot;example_input_file9328.txt&quot;,
        &quot;example_input_file9329.txt&quot;,
        &quot;example_input_file9330.txt&quot;,
        &quot;example_input_file9331.txt&quot;,
        &quot;example_input_file9332.txt&quot;,
        &quot;example_input_file9333.txt&quot;,
        &quot;example_input_file9334.txt&quot;,
        &quot;example_input_file9335.txt&quot;,
        &quot;example_input_file9336.txt&quot;,
        &quot;example_input_file9337.txt&quot;,
        &quot;example_input_file9338.txt&quot;,
        &quot;example_input_file9339.txt&quot;,
        &quot;example_input_file9340.txt&quot;,
        &quot;example_input_file9341.txt&quot;,
        &quot;example_input_file9342.txt&quot;,
        &quot;example_input_file9343.txt&quot;,
        &quot;example_input_file9344.txt&quot;,
        &quot;example_input_file9345.txt&quot;,
        &quot;example_input_file9346.txt&quot;,
        &quot;example_input_file9347.txt&quot;,
        &quot;example_input_file9348.txt&quot;,
        &quot;example_input_file9349.txt&quot;,
        &quot;example_input_file9350.txt&quot;,
        &quot;example_input_file9351.txt&quot;,
        &quot;example_input_file9352.txt&quot;,
        &quot;example_input_file9353.txt&quot;,
        &quot;example_input_file9354.txt&quot;,
        &quot;example_input_file9355.txt&quot;,
        &quot;example_input_file9356.txt&quot;,
        &quot;example_input_file9357.txt&quot;,
        &quot;example_input_file9358.txt&quot;,
        &quot;example_input_file9359.txt&quot;,
        &quot;example_input_file9360.txt&quot;,
        &quot;example_input_file9361.txt&quot;,
        &quot;example_input_file9362.txt&quot;,
        &quot;example_input_file9363.txt&quot;,
        &quot;example_input_file9364.txt&quot;,
        &quot;example_input_file9365.txt&quot;,
        &quot;example_input_file9366.txt&quot;,
        &quot;example_input_file9367.txt&quot;,
        &quot;example_input_file9368.txt&quot;,
        &quot;example_input_file9369.txt&quot;,
        &quot;example_input_file9370.txt&quot;,
        &quot;example_input_file9371.txt&quot;,
        &quot;example_input_file9372.txt&quot;,
        &quot;example_input_file9373.txt&quot;,
        &quot;example_input_file9374.txt&quot;,
        &quot;example_input_file9375.txt&quot;,
        &quot;example_input_file9376.txt&quot;,
        &quot;example_input_file9377.txt&quot;,
        &quot;example_input_file9378.txt&quot;,
        &quot;example_input_file9379.txt&quot;,
        &quot;example_input_file9380.txt&quot;,
        &quot;example_input_file9381.txt&quot;,
        &quot;example_input_file9382.txt&quot;,
        &quot;example_input_file9383.txt&quot;,
        &quot;example_input_file9384.txt&quot;,
        &quot;example_input_file9385.txt&quot;,
        &quot;example_input_file9386.txt&quot;,
        &quot;example_input_file9387.txt&quot;,
        &quot;example_input_file9388.txt&quot;,
        &quot;example_input_file9389.txt&quot;,
        &quot;example_input_file9390.txt&quot;,
        &quot;example_input_file9391.txt&quot;,
        &quot;example_input_file9392.txt&quot;,
        &quot;example_input_file9393.txt&quot;,
        &quot;example_input_file9394.txt&quot;,
        &quot;example_input_file9395.txt&quot;,
        &quot;example_input_file9396.txt&quot;,
        &quot;example_input_file9397.txt&quot;,
        &quot;example_input_file9398.txt&quot;,
        &quot;example_input_file9399.txt&quot;,
        &quot;example_input_file9400.txt&quot;,
        &quot;example_input_file9401.txt&quot;,
        &quot;example_input_file9402.txt&quot;,
        &quot;example_input_file9403.txt&quot;,
        &quot;example_input_file9404.txt&quot;,
        &quot;example_input_file9405.txt&quot;,
        &quot;example_input_file9406.txt&quot;,
        &quot;example_input_file9407.txt&quot;,
        &quot;example_input_file9408.txt&quot;,
        &quot;example_input_file9409.txt&quot;,
        &quot;example_input_file9410.txt&quot;,
        &quot;example_input_file9411.txt&quot;,
        &quot;example_input_file9412.txt&quot;,
        &quot;example_input_file9413.txt&quot;,
        &quot;example_input_file9414.txt&quot;,
        &quot;example_input_file9415.txt&quot;,
        &quot;example_input_file9416.txt&quot;,
        &quot;example_input_file9417.txt&quot;,
        &quot;example_input_file9418.txt&quot;,
        &quot;example_input_file9419.txt&quot;,
        &quot;example_input_file9420.txt&quot;,
        &quot;example_input_file9421.txt&quot;,
        &quot;example_input_file9422.txt&quot;,
        &quot;example_input_file9423.txt&quot;,
        &quot;example_input_file9424.txt&quot;,
        &quot;example_input_file9425.txt&quot;,
        &quot;example_input_file9426.txt&quot;,
        &quot;example_input_file9427.txt&quot;,
        &quot;example_input_file9428.txt&quot;,
        &quot;example_input_file9429.txt&quot;,
        &quot;example_input_file9430.txt&quot;,
        &quot;example_input_file9431.txt&quot;,
        &quot;example_input_file9432.txt&quot;,
        &quot;example_input_file9433.txt&quot;,
        &quot;example_input_file9434.txt&quot;,
        &quot;example_input_file9435.txt&quot;,
        &quot;example_input_file9436.txt&quot;,
        &quot;example_input_file9437.txt&quot;,
        &quot;example_input_file9438.txt&quot;,
        &quot;example_input_file9439.txt&quot;,
        &quot;example_input_file9440.txt&quot;,
        &quot;example_input_file9441.txt&quot;,
        &quot;example_input_file9442.txt&quot;,
        &quot;example_input_file9443.txt&quot;,
        &quot;example_input_file9444.txt&quot;,
        &quot;example_input_file9445.txt&quot;,
        &quot;example_input_file9446.txt&quot;,
        &quot;example_input_file9447.txt&quot;,
        &quot;example_input_file9448.txt&quot;,
        &quot;example_input_file9449.txt&quot;,
        &quot;example_input_file9450.txt&quot;,
        &quot;example_input_file9451.txt&quot;,
        &quot;example_input_file9452.txt&quot;,
        &quot;example_input_file9453.txt&quot;,
        &quot;example_input_file9454.txt&quot;,
        &quot;example_input_file9455.txt&quot;,
        &quot;example_input_file9456.txt&quot;,
        &quot;example_input_file9457.txt&quot;,
        &quot;example_input_file9458.txt&quot;,
        &quot;example_input_file9459.txt&quot;,
        &quot;example_input_file9460.txt&quot;,
        &quot;example_input_file9461.txt&quot;,
        &quot;example_input_file9462.txt&quot;,
        &quot;example_input_file9463.txt&quot;,
        &quot;example_input_file9464.txt&quot;,
        &quot;example_input_file9465.txt&quot;,
        &quot;example_input_file9466.txt&quot;,
        &quot;example_input_file9467.txt&quot;,
        &quot;example_input_file9468.txt&quot;,
        &quot;example_input_file9469.txt&quot;,
        &quot;example_input_file9470.txt&quot;,
        &quot;example_input_file9471.txt&quot;,
        &quot;example_input_file9472.txt&quot;,
        &quot;example_input_file9473.txt&quot;,
        &quot;example_input_file9474.txt&quot;,
        &quot;example_input_file9475.txt&quot;,
        &quot;example_input_file9476.txt&quot;,
        &quot;example_input_file9477.txt&quot;,
        &quot;example_input_file9478.txt&quot;,
        &quot;example_input_file9479.txt&quot;,
        &quot;example_input_file9480.txt&quot;,
        &quot;example_input_file9481.txt&quot;,
        &quot;example_input_file9482.txt&quot;,
        &quot;example_input_file9483.txt&quot;,
        &quot;example_input_file9484.txt&quot;,
        &quot;example_input_file9485.txt&quot;,
        &quot;example_input_file9486.txt&quot;,
        &quot;example_input_file9487.txt&quot;,
        &quot;example_input_file9488.txt&quot;,
        &quot;example_input_file9489.txt&quot;,
        &quot;example_input_file9490.txt&quot;,
        &quot;example_input_file9491.txt&quot;,
        &quot;example_input_file9492.txt&quot;,
        &quot;example_input_file9493.txt&quot;,
        &quot;example_input_file9494.txt&quot;,
        &quot;example_input_file9495.txt&quot;,
        &quot;example_input_file9496.txt&quot;,
        &quot;example_input_file9497.txt&quot;,
        &quot;example_input_file9498.txt&quot;,
        &quot;example_input_file9499.txt&quot;,
        &quot;example_input_file9500.txt&quot;,
        &quot;example_input_file9501.txt&quot;,
        &quot;example_input_file9502.txt&quot;,
        &quot;example_input_file9503.txt&quot;,
        &quot;example_input_file9504.txt&quot;,
        &quot;example_input_file9505.txt&quot;,
        &quot;example_input_file9506.txt&quot;,
        &quot;example_input_file9507.txt&quot;,
        &quot;example_input_file9508.txt&quot;,
        &quot;example_input_file9509.txt&quot;,
        &quot;example_input_file9510.txt&quot;,
        &quot;example_input_file9511.txt&quot;,
        &quot;example_input_file9512.txt&quot;,
        &quot;example_input_file9513.txt&quot;,
        &quot;example_input_file9514.txt&quot;,
        &quot;example_input_file9515.txt&quot;,
        &quot;example_input_file9516.txt&quot;,
        &quot;example_input_file9517.txt&quot;,
        &quot;example_input_file9518.txt&quot;,
        &quot;example_input_file9519.txt&quot;,
        &quot;example_input_file9520.txt&quot;,
        &quot;example_input_file9521.txt&quot;,
        &quot;example_input_file9522.txt&quot;,
        &quot;example_input_file9523.txt&quot;,
        &quot;example_input_file9524.txt&quot;,
        &quot;example_input_file9525.txt&quot;,
        &quot;example_input_file9526.txt&quot;,
        &quot;example_input_file9527.txt&quot;,
        &quot;example_input_file9528.txt&quot;,
        &quot;example_input_file9529.txt&quot;,
        &quot;example_input_file9530.txt&quot;,
        &quot;example_input_file9531.txt&quot;,
        &quot;example_input_file9532.txt&quot;,
        &quot;example_input_file9533.txt&quot;,
        &quot;example_input_file9534.txt&quot;,
        &quot;example_input_file9535.txt&quot;,
        &quot;example_input_file9536.txt&quot;,
        &quot;example_input_file9537.txt&quot;,
        &quot;example_input_file9538.txt&quot;,
        &quot;example_input_file9539.txt&quot;,
        &quot;example_input_file9540.txt&quot;,
        &quot;example_input_file9541.txt&quot;,
        &quot;example_input_file9542.txt&quot;,
        &quot;example_input_file9543.txt&quot;,
        &quot;example_input_file9544.txt&quot;,
        &quot;example_input_file9545.txt&quot;,
        &quot;example_input_file9546.txt&quot;,
        &quot;example_input_file9547.txt&quot;,
        &quot;example_input_file9548.txt&quot;,
        &quot;example_input_file9549.txt&quot;,
        &quot;example_input_file9550.txt&quot;,
        &quot;example_input_file9551.txt&quot;,
        &quot;example_input_file9552.txt&quot;,
        &quot;example_input_file9553.txt&quot;,
        &quot;example_input_file9554.txt&quot;,
        &quot;example_input_file9555.txt&quot;,
        &quot;example_input_file9556.txt&quot;,
        &quot;example_input_file9557.txt&quot;,
        &quot;example_input_file9558.txt&quot;,
        &quot;example_input_file9559.txt&quot;,
        &quot;example_input_file9560.txt&quot;,
        &quot;example_input_file9561.txt&quot;,
        &quot;example_input_file9562.txt&quot;,
        &quot;example_input_file9563.txt&quot;,
        &quot;example_input_file9564.txt&quot;,
        &quot;example_input_file9565.txt&quot;,
        &quot;example_input_file9566.txt&quot;,
        &quot;example_input_file9567.txt&quot;,
        &quot;example_input_file9568.txt&quot;,
        &quot;example_input_file9569.txt&quot;,
        &quot;example_input_file9570.txt&quot;,
        &quot;example_input_file9571.txt&quot;,
        &quot;example_input_file9572.txt&quot;,
        &quot;example_input_file9573.txt&quot;,
        &quot;example_input_file9574.txt&quot;,
        &quot;example_input_file9575.txt&quot;,
        &quot;example_input_file9576.txt&quot;,
        &quot;example_input_file9577.txt&quot;,
        &quot;example_input_file9578.txt&quot;,
        &quot;example_input_file9579.txt&quot;,
        &quot;example_input_file9580.txt&quot;,
        &quot;example_input_file9581.txt&quot;,
        &quot;example_input_file9582.txt&quot;,
        &quot;example_input_file9583.txt&quot;,
        &quot;example_input_file9584.txt&quot;,
        &quot;example_input_file9585.txt&quot;,
        &quot;example_input_file9586.txt&quot;,
        &quot;example_input_file9587.txt&quot;,
        &quot;example_input_file9588.txt&quot;,
        &quot;example_input_file9589.txt&quot;,
        &quot;example_input_file9590.txt&quot;,
        &quot;example_input_file9591.txt&quot;,
        &quot;example_input_file9592.txt&quot;,
        &quot;example_input_file9593.txt&quot;,
        &quot;example_input_file9594.txt&quot;,
        &quot;example_input_file9595.txt&quot;,
        &quot;example_input_file9596.txt&quot;,
        &quot;example_input_file9597.txt&quot;,
        &quot;example_input_file9598.txt&quot;,
        &quot;example_input_file9599.txt&quot;,
        &quot;example_input_file9600.txt&quot;,
        &quot;example_input_file9601.txt&quot;,
        &quot;example_input_file9602.txt&quot;,
        &quot;example_input_file9603.txt&quot;,
        &quot;example_input_file9604.txt&quot;,
        &quot;example_input_file9605.txt&quot;,
        &quot;example_input_file9606.txt&quot;,
        &quot;example_input_file9607.txt&quot;,
        &quot;example_input_file9608.txt&quot;,
        &quot;example_input_file9609.txt&quot;,
        &quot;example_input_file9610.txt&quot;,
        &quot;example_input_file9611.txt&quot;,
        &quot;example_input_file9612.txt&quot;,
        &quot;example_input_file9613.txt&quot;,
        &quot;example_input_file9614.txt&quot;,
        &quot;example_input_file9615.txt&quot;,
        &quot;example_input_file9616.txt&quot;,
        &quot;example_input_file9617.txt&quot;,
        &quot;example_input_file9618.txt&quot;,
        &quot;example_input_file9619.txt&quot;,
        &quot;example_input_file9620.txt&quot;,
        &quot;example_input_file9621.txt&quot;,
        &quot;example_input_file9622.txt&quot;,
        &quot;example_input_file9623.txt&quot;,
        &quot;example_input_file9624.txt&quot;,
        &quot;example_input_file9625.txt&quot;,
        &quot;example_input_file9626.txt&quot;,
        &quot;example_input_file9627.txt&quot;,
        &quot;example_input_file9628.txt&quot;,
        &quot;example_input_file9629.txt&quot;,
        &quot;example_input_file9630.txt&quot;,
        &quot;example_input_file9631.txt&quot;,
        &quot;example_input_file9632.txt&quot;,
        &quot;example_input_file9633.txt&quot;,
        &quot;example_input_file9634.txt&quot;,
        &quot;example_input_file9635.txt&quot;,
        &quot;example_input_file9636.txt&quot;,
        &quot;example_input_file9637.txt&quot;,
        &quot;example_input_file9638.txt&quot;,
        &quot;example_input_file9639.txt&quot;,
        &quot;example_input_file9640.txt&quot;,
        &quot;example_input_file9641.txt&quot;,
        &quot;example_input_file9642.txt&quot;,
        &quot;example_input_file9643.txt&quot;,
        &quot;example_input_file9644.txt&quot;,
        &quot;example_input_file9645.txt&quot;,
        &quot;example_input_file9646.txt&quot;,
        &quot;example_input_file9647.txt&quot;,
        &quot;example_input_file9648.txt&quot;,
        &quot;example_input_file9649.txt&quot;,
        &quot;example_input_file9650.txt&quot;,
        &quot;example_input_file9651.txt&quot;,
        &quot;example_input_file9652.txt&quot;,
        &quot;example_input_file9653.txt&quot;,
        &quot;example_input_file9654.txt&quot;,
        &quot;example_input_file9655.txt&quot;,
        &quot;example_input_file9656.txt&quot;,
        &quot;example_input_file9657.txt&quot;,
        &quot;example_input_file9658.txt&quot;,
        &quot;example_input_file9659.txt&quot;,
        &quot;example_input_file9660.txt&quot;,
        &quot;example_input_file9661.txt&quot;,
        &quot;example_input_file9662.txt&quot;,
        &quot;example_input_file9663.txt&quot;,
        &quot;example_input_file9664.txt&quot;,
        &quot;example_input_file9665.txt&quot;,
        &quot;example_input_file9666.txt&quot;,
        &quot;example_input_file9667.txt&quot;,
        &quot;example_input_file9668.txt&quot;,
        &quot;example_input_file9669.txt&quot;,
        &quot;example_input_file9670.txt&quot;,
        &quot;example_input_file9671.txt&quot;,
        &quot;example_input_file9672.txt&quot;,
        &quot;example_input_file9673.txt&quot;,
        &quot;example_input_file9674.txt&quot;,
        &quot;example_input_file9675.txt&quot;,
        &quot;example_input_file9676.txt&quot;,
        &quot;example_input_file9677.txt&quot;,
        &quot;example_input_file9678.txt&quot;,
        &quot;example_input_file9679.txt&quot;,
        &quot;example_input_file9680.txt&quot;,
        &quot;example_input_file9681.txt&quot;,
        &quot;example_input_file9682.txt&quot;,
        &quot;example_input_file9683.txt&quot;,
        &quot;example_input_file9684.txt&quot;,
        &quot;example_input_file9685.txt&quot;,
        &quot;example_input_file9686.txt&quot;,
        &quot;example_input_file9687.txt&quot;,
        &quot;example_input_file9688.txt&quot;,
        &quot;example_input_file9689.txt&quot;,
        &quot;example_input_file9690.txt&quot;,
        &quot;example_input_file9691.txt&quot;,
        &quot;example_input_file9692.txt&quot;,
        &quot;example_input_file9693.txt&quot;,
        &quot;example_input_file9694.txt&quot;,
        &quot;example_input_file9695.txt&quot;,
        &quot;example_input_file9696.txt&quot;,
        &quot;example_input_file9697.txt&quot;,
        &quot;example_input_file9698.txt&quot;,
        &quot;example_input_file9699.txt&quot;,
        &quot;example_input_file9700.txt&quot;,
        &quot;example_input_file9701.txt&quot;,
        &quot;example_input_file9702.txt&quot;,
        &quot;example_input_file9703.txt&quot;,
        &quot;example_input_file9704.txt&quot;,
        &quot;example_input_file9705.txt&quot;,
        &quot;example_input_file9706.txt&quot;,
        &quot;example_input_file9707.txt&quot;,
        &quot;example_input_file9708.txt&quot;,
        &quot;example_input_file9709.txt&quot;,
        &quot;example_input_file9710.txt&quot;,
        &quot;example_input_file9711.txt&quot;,
        &quot;example_input_file9712.txt&quot;,
        &quot;example_input_file9713.txt&quot;,
        &quot;example_input_file9714.txt&quot;,
        &quot;example_input_file9715.txt&quot;,
        &quot;example_input_file9716.txt&quot;,
        &quot;example_input_file9717.txt&quot;,
        &quot;example_input_file9718.txt&quot;,
        &quot;example_input_file9719.txt&quot;,
        &quot;example_input_file9720.txt&quot;,
        &quot;example_input_file9721.txt&quot;,
        &quot;example_input_file9722.txt&quot;,
        &quot;example_input_file9723.txt&quot;,
        &quot;example_input_file9724.txt&quot;,
        &quot;example_input_file9725.txt&quot;,
        &quot;example_input_file9726.txt&quot;,
        &quot;example_input_file9727.txt&quot;,
        &quot;example_input_file9728.txt&quot;,
        &quot;example_input_file9729.txt&quot;,
        &quot;example_input_file9730.txt&quot;,
        &quot;example_input_file9731.txt&quot;,
        &quot;example_input_file9732.txt&quot;,
        &quot;example_input_file9733.txt&quot;,
        &quot;example_input_file9734.txt&quot;,
        &quot;example_input_file9735.txt&quot;,
        &quot;example_input_file9736.txt&quot;,
        &quot;example_input_file9737.txt&quot;,
        &quot;example_input_file9738.txt&quot;,
        &quot;example_input_file9739.txt&quot;,
        &quot;example_input_file9740.txt&quot;,
        &quot;example_input_file9741.txt&quot;,
        &quot;example_input_file9742.txt&quot;,
        &quot;example_input_file9743.txt&quot;,
        &quot;example_input_file9744.txt&quot;,
        &quot;example_input_file9745.txt&quot;,
        &quot;example_input_file9746.txt&quot;,
        &quot;example_input_file9747.txt&quot;,
        &quot;example_input_file9748.txt&quot;,
        &quot;example_input_file9749.txt&quot;,
        &quot;example_input_file9750.txt&quot;,
        &quot;example_input_file9751.txt&quot;,
        &quot;example_input_file9752.txt&quot;,
        &quot;example_input_file9753.txt&quot;,
        &quot;example_input_file9754.txt&quot;,
        &quot;example_input_file9755.txt&quot;,
        &quot;example_input_file9756.txt&quot;,
        &quot;example_input_file9757.txt&quot;,
        &quot;example_input_file9758.txt&quot;,
        &quot;example_input_file9759.txt&quot;,
        &quot;example_input_file9760.txt&quot;,
        &quot;example_input_file9761.txt&quot;,
        &quot;example_input_file9762.txt&quot;,
        &quot;example_input_file9763.txt&quot;,
        &quot;example_input_file9764.txt&quot;,
        &quot;example_input_file9765.txt&quot;,
        &quot;example_input_file9766.txt&quot;,
        &quot;example_input_file9767.txt&quot;,
        &quot;example_input_file9768.txt&quot;,
        &quot;example_input_file9769.txt&quot;,
        &quot;example_input_file9770.txt&quot;,
        &quot;example_input_file9771.txt&quot;,
        &quot;example_input_file9772.txt&quot;,
        &quot;example_input_file9773.txt&quot;,
        &quot;example_input_file9774.txt&quot;,
        &quot;example_input_file9775.txt&quot;,
        &quot;example_input_file9776.txt&quot;,
        &quot;example_input_file9777.txt&quot;,
        &quot;example_input_file9778.txt&quot;,
        &quot;example_input_file9779.txt&quot;,
        &quot;example_input_file9780.txt&quot;,
        &quot;example_input_file9781.txt&quot;,
        &quot;example_input_file9782.txt&quot;,
        &quot;example_input_file9783.txt&quot;,
        &quot;example_input_file9784.txt&quot;,
        &quot;example_input_file9785.txt&quot;,
        &quot;example_input_file9786.txt&quot;,
        &quot;example_input_file9787.txt&quot;,
        &quot;example_input_file9788.txt&quot;,
        &quot;example_input_file9789.txt&quot;,
        &quot;example_input_file9790.txt&quot;,
        &quot;example_input_file9791.txt&quot;,
        &quot;example_input_file9792.txt&quot;,
        &quot;example_input_file9793.txt&quot;,
        &quot;example_input_file9794.txt&quot;,
        &quot;example_input_file9795.txt&quot;,
        &quot;example_input_file9796.txt&quot;,
        &quot;example_input_file9797.txt&quot;,
        &quot;example_input_file9798.txt&quot;,
        &quot;example_input_file9799.txt&quot;,
        &quot;example_input_file9800.txt&quot;,
        &quot;example_input_file9801.txt&quot;,
        &quot;example_input_file9802.txt&quot;,
        &quot;example_input_file9803.txt&quot;,
        &quot;example_input_file9804.txt&quot;,
        &quot;example_input_file9805.txt&quot;,
        &quot;example_input_file9806.txt&quot;,
        &quot;example_input_file9807.txt&quot;,
        &quot;example_input_file9808.txt&quot;,
        &quot;example_input_file9809.txt&quot;,
        &quot;example_input_file9810.txt&quot;,
        &quot;example_input_file9811.txt&quot;,
        &quot;example_input_file9812.txt&quot;,
        &quot;example_input_file9813.txt&quot;,
        &quot;example_input_file9814.txt&quot;,
        &quot;example_input_file9815.txt&quot;,
        &quot;example_input_file9816.txt&quot;,
        &quot;example_input_file9817.txt&quot;,
        &quot;example_input_file9818.txt&quot;,
        &quot;example_input_file9819.txt&quot;,
        &quot;example_input_file9820.txt&quot;,
        &quot;example_input_file9821.txt&quot;,
        &quot;example_input_file9822.txt&quot;,
        &quot;example_input_file9823.txt&quot;,
        &quot;example_input_file9824.txt&quot;,
        &quot;example_input_file9825.txt&quot;,
        &quot;example_input_file9826.txt&quot;,
        &quot;example_input_file9827.txt&quot;,
        &quot;example_input_file9828.txt&quot;,
        &quot;example_input_file9829.txt&quot;,
        &quot;example_input_file9830.txt&quot;,
        &quot;example_input_file9831.txt&quot;,
        &quot;example_input_file9832.txt&quot;,
        &quot;example_input_file9833.txt&quot;,
        &quot;example_input_file9834.txt&quot;,
        &quot;example_input_file9835.txt&quot;,
        &quot;example_input_file9836.txt&quot;,
        &quot;example_input_file9837.txt&quot;,
        &quot;example_input_file9838.txt&quot;,
        &quot;example_input_file9839.txt&quot;,
        &quot;example_input_file9840.txt&quot;,
        &quot;example_input_file9841.txt&quot;,
        &quot;example_input_file9842.txt&quot;,
        &quot;example_input_file9843.txt&quot;,
        &quot;example_input_file9844.txt&quot;,
        &quot;example_input_file9845.txt&quot;,
        &quot;example_input_file9846.txt&quot;,
        &quot;example_input_file9847.txt&quot;,
        &quot;example_input_file9848.txt&quot;,
        &quot;example_input_file9849.txt&quot;,
        &quot;example_input_file9850.txt&quot;,
        &quot;example_input_file9851.txt&quot;,
        &quot;example_input_file9852.txt&quot;,
        &quot;example_input_file9853.txt&quot;,
        &quot;example_input_file9854.txt&quot;,
        &quot;example_input_file9855.txt&quot;,
        &quot;example_input_file9856.txt&quot;,
        &quot;example_input_file9857.txt&quot;,
        &quot;example_input_file9858.txt&quot;,
        &quot;example_input_file9859.txt&quot;,
        &quot;example_input_file9860.txt&quot;,
        &quot;example_input_file9861.txt&quot;,
        &quot;example_input_file9862.txt&quot;,
        &quot;example_input_file9863.txt&quot;,
        &quot;example_input_file9864.txt&quot;,
        &quot;example_input_file9865.txt&quot;,
        &quot;example_input_file9866.txt&quot;,
        &quot;example_input_file9867.txt&quot;,
        &quot;example_input_file9868.txt&quot;,
        &quot;example_input_file9869.txt&quot;,
        &quot;example_input_file9870.txt&quot;,
        &quot;example_input_file9871.txt&quot;,
        &quot;example_input_file9872.txt&quot;,
        &quot;example_input_file9873.txt&quot;,
        &quot;example_input_file9874.txt&quot;,
        &quot;example_input_file9875.txt&quot;,
        &quot;example_input_file9876.txt&quot;,
        &quot;example_input_file9877.txt&quot;,
        &quot;example_input_file9878.txt&quot;,
        &quot;example_input_file9879.txt&quot;,
        &quot;example_input_file9880.txt&quot;,
        &quot;example_input_file9881.txt&quot;,
        &quot;example_input_file9882.txt&quot;,
        &quot;example_input_file9883.txt&quot;,
        &quot;example_input_file9884.txt&quot;,
        &quot;example_input_file9885.txt&quot;,
        &quot;example_input_file9886.txt&quot;,
        &quot;example_input_file9887.txt&quot;,
        &quot;example_input_file9888.txt&quot;,
        &quot;example_input_file9889.txt&quot;,
        &quot;example_input_file9890.txt&quot;,
        &quot;example_input_file9891.txt&quot;,
        &quot;example_input_file9892.txt&quot;,
        &quot;example_input_file9893.txt&quot;,
        &quot;example_input_file9894.txt&quot;,
        &quot;example_input_file9895.txt&quot;,
        &quot;example_input_file9896.txt&quot;,
        &quot;example_input_file9897.txt&quot;,
        &quot;example_input_file9898.txt&quot;,
        &quot;example_input_file9899.txt&quot;,
        &quot;example_input_file9900.txt&quot;,
        &quot;example_input_file9901.txt&quot;,
        &quot;example_input_file9902.txt&quot;,
        &quot;example_input_file9903.txt&quot;,
        &quot;example_input_file9904.txt&quot;,
        &quot;example_input_file9905.txt&quot;,
        &quot;example_input_file9906.txt&quot;,
        &quot;example_input_file9907.txt&quot;,
        &quot;example_input_file9908.txt&quot;,
        &quot;example_input_file9909.txt&quot;,
        &quot;example_input_file9910.txt&quot;,
        &quot;example_input_file9911.txt&quot;,
        &quot;example_input_file9912.txt&quot;,
        &quot;example_input_file9913.txt&quot;,
        &quot;example_input_file9914.txt&quot;,
        &quot;example_input_file9915.txt&quot;,
        &quot;example_input_file9916.txt&quot;,
        &quot;example_input_file9917.txt&quot;,
        &quot;example_input_file9918.txt&quot;,
        &quot;example_input_file9919.txt&quot;,
        &quot;example_input_file9920.txt&quot;,
        &quot;example_input_file9921.txt&quot;,
        &quot;example_input_file9922.txt&quot;,
        &quot;example_input_file9923.txt&quot;,
        &quot;example_input_file9924.txt&quot;,
        &quot;example_input_file9925.txt&quot;,
        &quot;example_input_file9926.txt&quot;,
        &quot;example_input_file9927.txt&quot;,
        &quot;example_input_file9928.txt&quot;,
        &quot;example_input_file9929.txt&quot;,
        &quot;example_input_file9930.txt&quot;,
        &quot;example_input_file9931.txt&quot;,
        &quot;example_input_file9932.txt&quot;,
        &quot;example_input_file9933.txt&quot;,
        &quot;example_input_file9934.txt&quot;,
        &quot;example_input_file9935.txt&quot;,
        &quot;example_input_file9936.txt&quot;,
        &quot;example_input_file9937.txt&quot;,
        &quot;example_input_file9938.txt&quot;,
        &quot;example_input_file9939.txt&quot;,
        &quot;example_input_file9940.txt&quot;,
        &quot;example_input_file9941.txt&quot;,
        &quot;example_input_file9942.txt&quot;,
        &quot;example_input_file9943.txt&quot;,
        &quot;example_input_file9944.txt&quot;,
        &quot;example_input_file9945.txt&quot;,
        &quot;example_input_file9946.txt&quot;,
        &quot;example_input_file9947.txt&quot;,
        &quot;example_input_file9948.txt&quot;,
        &quot;example_input_file9949.txt&quot;,
        &quot;example_input_file9950.txt&quot;,
        &quot;example_input_file9951.txt&quot;,
        &quot;example_input_file9952.txt&quot;,
        &quot;example_input_file9953.txt&quot;,
        &quot;example_input_file9954.txt&quot;,
        &quot;example_input_file9955.txt&quot;,
        &quot;example_input_file9956.txt&quot;,
        &quot;example_input_file9957.txt&quot;,
        &quot;example_input_file9958.txt&quot;,
        &quot;example_input_file9959.txt&quot;,
        &quot;example_input_file9960.txt&quot;,
        &quot;example_input_file9961.txt&quot;,
        &quot;example_input_file9962.txt&quot;,
        &quot;example_input_file9963.txt&quot;,
        &quot;example_input_file9964.txt&quot;,
        &quot;example_input_file9965.txt&quot;,
        &quot;example_input_file9966.txt&quot;,
        &quot;example_input_file9967.txt&quot;,
        &quot;example_input_file9968.txt&quot;,
        &quot;example_input_file9969.txt&quot;,
        &quot;example_input_file9970.txt&quot;,
        &quot;example_input_file9971.txt&quot;,
        &quot;example_input_file9972.txt&quot;,
        &quot;example_input_file9973.txt&quot;,
        &quot;example_input_file9974.txt&quot;,
        &quot;example_input_file9975.txt&quot;,
        &quot;example_input_file9976.txt&quot;,
        &quot;example_input_file9977.txt&quot;,
        &quot;example_input_file9978.txt&quot;,
        &quot;example_input_file9979.txt&quot;,
        &quot;example_input_file9980.txt&quot;,
        &quot;example_input_file9981.txt&quot;,
        &quot;example_input_file9982.txt&quot;,
        &quot;example_input_file9983.txt&quot;,
        &quot;example_input_file9984.txt&quot;,
        &quot;example_input_file9985.txt&quot;,
        &quot;example_input_file9986.txt&quot;,
        &quot;example_input_file9987.txt&quot;,
        &quot;example_input_file9988.txt&quot;,
        &quot;example_input_file9989.txt&quot;,
        &quot;example_input_file9990.txt&quot;,
        &quot;example_input_file9991.txt&quot;,
        &quot;example_input_file9992.txt&quot;,
        &quot;example_input_file9993.txt&quot;,
        &quot;example_input_file9994.txt&quot;,
        &quot;example_input_file9995.txt&quot;,
        &quot;example_input_file9996.txt&quot;,
        &quot;example_input_file9997.txt&quot;,
        &quot;example_input_file9998.txt&quot;,
        &quot;example_input_file9999.txt&quot;
    ],
    &quot;bigstring&quot;: &quot;example_input_file1.txt\nexample_input_file2.txt\nexample_input_file3.txt\nexample_input_file4.txt\nexample_input_file5.txt\nexample_input_file6.txt\nexample_input_file7.txt\nexample_input_file8.txt\nexample_input_file9.txt\nexample_input_file10.txt\nexample_input_file11.txt\nexample_input_file12.txt\nexample_input_file13.txt\nexample_input_file14.txt\nexample_input_file15.txt\nexample_input_file16.txt\nexample_input_file17.txt\nexample_input_file18.txt\nexample_input_file19.txt\nexample_input_file20.txt\nexample_input_file21.txt\nexample_input_file22.txt\nexample_input_file23.txt\nexample_input_file24.txt\nexample_input_file25.txt\nexample_input_file26.txt\nexample_input_file27.txt\nexample_input_file28.txt\nexample_input_file29.txt\nexample_input_file30.txt\nexample_input_file31.txt\nexample_input_file32.txt\nexample_input_file33.txt\nexample_input_file34.txt\nexample_input_file35.txt\nexample_input_file36.txt\nexample_input_file37.txt\nexample_input_file38.txt\nexample_input_file39.txt\nexample_input_file40.txt\nexample_input_file41.txt\nexample_input_file42.txt\nexample_input_file43.txt\nexample_input_file44.txt\nexample_input_file45.txt\nexample_input_file46.txt\nexample_input_file47.txt\nexample_input_file48.txt\nexample_input_file49.txt\nexample_input_file50.txt\nexample_input_file51.txt\nexample_input_file52.txt\nexample_input_file53.txt\nexample_input_file54.txt\nexample_input_file55.txt\nexample_input_file56.txt\nexample_input_file57.txt\nexample_input_file58.txt\nexample_input_file59.txt\nexample_input_file60.txt\nexample_input_file61.txt\nexample_input_file62.txt\nexample_input_file63.txt\nexample_input_file64.txt\nexample_input_file65.txt\nexample_input_file66.txt\nexample_input_file67.txt\nexample_input_file68.txt\nexample_input_file69.txt\nexample_input_file70.txt\nexample_input_file71.txt\nexample_input_file72.txt\nexample_input_file73.txt\nexample_input_file74.txt\nexample_input_file75.txt\nexample_input_file76.txt\nexample_input_file77.txt\nexample_input_file78.txt\nexample_input_file79.txt\nexample_input_file80.txt\nexample_input_file81.txt\nexample_input_file82.txt\nexample_input_file83.txt\nexample_input_file84.txt\nexample_input_file85.txt\nexample_input_file86.txt\nexample_input_file87.txt\nexample_input_file88.txt\nexample_input_file89.txt\nexample_input_file90.txt\nexample_input_file91.txt\nexample_input_file92.txt\nexample_input_file93.txt\nexample_input_file94.txt\nexample_input_file95.txt\nexample_input_file96.txt\nexample_input_file97.txt\nexample_input_file98.txt\nexample_input_file99.txt\nexample_input_file100.txt\nexample_input_file101.txt\nexample_input_file102.txt\nexample_input_file103.txt\nexample_input_file104.txt\nexample_input_file105.txt\nexample_input_file106.txt\nexample_input_file107.txt\nexample_input_file108.txt\nexample_input_file109.txt\nexample_input_file110.txt\nexample_input_file111.txt\nexample_input_file112.txt\nexample_input_file113.txt\nexample_input_file114.txt\nexample_input_file115.txt\nexample_input_file116.txt\nexample_input_file117.txt\nexample_input_file118.txt\nexample_input_file119.txt\nexample_input_file120.txt\nexample_input_file121.txt\nexample_input_file122.txt\nexample_input_file123.txt\nexample_input_file124.txt\nexample_input_file125.txt\nexample_input_file126.txt\nexample_input_file127.txt\nexample_input_file128.txt\nexample_input_file129.txt\nexample_input_file130.txt\nexample_input_file131.txt\nexample_input_file132.txt\nexample_input_file133.txt\nexample_input_file134.txt\nexample_input_file135.txt\nexample_input_file136.txt\nexample_input_file137.txt\nexample_input_file138.txt\nexample_input_file139.txt\nexample_input_file140.txt\nexample_input_file141.txt\nexample_input_file142.txt\nexample_input_file143.txt\nexample_input_file144.txt\nexample_input_file145.txt\nexample_input_file146.txt\nexample_input_file147.txt\nexample_input_file148.txt\nexample_input_file149.txt\nexample_input_file150.txt\nexample_input_file151.txt\nexample_input_file152.txt\nexample_input_file153.txt\nexample_input_file154.txt\nexample_input_file155.txt\nexample_input_file156.txt\nexample_input_file157.txt\nexample_input_file158.txt\nexample_input_file159.txt\nexample_input_file160.txt\nexample_input_file161.txt\nexample_input_file162.txt\nexample_input_file163.txt\nexample_input_file164.txt\nexample_input_file165.txt\nexample_input_file166.txt\nexample_input_file167.txt\nexample_input_file168.txt\nexample_input_file169.txt\nexample_input_file170.txt\nexample_input_file171.txt\nexample_input_file172.txt\nexample_input_file173.txt\nexample_input_file174.txt\nexample_input_file175.txt\nexample_input_file176.txt\nexample_input_file177.txt\nexample_input_file178.txt\nexample_input_file179.txt\nexample_input_file180.txt\nexample_input_file181.txt\nexample_input_file182.txt\nexample_input_file183.txt\nexample_input_file184.txt\nexample_input_file185.txt\nexample_input_file186.txt\nexample_input_file187.txt\nexample_input_file188.txt\nexample_input_file189.txt\nexample_input_file190.txt\nexample_input_file191.txt\nexample_input_file192.txt\nexample_input_file193.txt\nexample_input_file194.txt\nexample_input_file195.txt\nexample_input_file196.txt\nexample_input_file197.txt\nexample_input_file198.txt\nexample_input_file199.txt\nexample_input_file200.txt\nexample_input_file201.txt\nexample_input_file202.txt\nexample_input_file203.txt\nexample_input_file204.txt\nexample_input_file205.txt\nexample_input_file206.txt\nexample_input_file207.txt\nexample_input_file208.txt\nexample_input_file209.txt\nexample_input_file210.txt\nexample_input_file211.txt\nexample_input_file212.txt\nexample_input_file213.txt\nexample_input_file214.txt\nexample_input_file215.txt\nexample_input_file216.txt\nexample_input_file217.txt\nexample_input_file218.txt\nexample_input_file219.txt\nexample_input_file220.txt\nexample_input_file221.txt\nexample_input_file222.txt\nexample_input_file223.txt\nexample_input_file224.txt\nexample_input_file225.txt\nexample_input_file226.txt\nexample_input_file227.txt\nexample_input_file228.txt\nexample_input_file229.txt\nexample_input_file230.txt\nexample_input_file231.txt\nexample_input_file232.txt\nexample_input_file233.txt\nexample_input_file234.txt\nexample_input_file235.txt\nexample_input_file236.txt\nexample_input_file237.txt\nexample_input_file238.txt\nexample_input_file239.txt\nexample_input_file240.txt\nexample_input_file241.txt\nexample_input_file242.txt\nexample_input_file243.txt\nexample_input_file244.txt\nexample_input_file245.txt\nexample_input_file246.txt\nexample_input_file247.txt\nexample_input_file248.txt\nexample_input_file249.txt\nexample_input_file250.txt\nexample_input_file251.txt\nexample_input_file252.txt\nexample_input_file253.txt\nexample_input_file254.txt\nexample_input_file255.txt\nexample_input_file256.txt\nexample_input_file257.txt\nexample_input_file258.txt\nexample_input_file259.txt\nexample_input_file260.txt\nexample_input_file261.txt\nexample_input_file262.txt\nexample_input_file263.txt\nexample_input_file264.txt\nexample_input_file265.txt\nexample_input_file266.txt\nexample_input_file267.txt\nexample_input_file268.txt\nexample_input_file269.txt\nexample_input_file270.txt\nexample_input_file271.txt\nexample_input_file272.txt\nexample_input_file273.txt\nexample_input_file274.txt\nexample_input_file275.txt\nexample_input_file276.txt\nexample_input_file277.txt\nexample_input_file278.txt\nexample_input_file279.txt\nexample_input_file280.txt\nexample_input_file281.txt\nexample_input_file282.txt\nexample_input_file283.txt\nexample_input_file284.txt\nexample_input_file285.txt\nexample_input_file286.txt\nexample_input_file287.txt\nexample_input_file288.txt\nexample_input_file289.txt\nexample_input_file290.txt\nexample_input_file291.txt\nexample_input_file292.txt\nexample_input_file293.txt\nexample_input_file294.txt\nexample_input_file295.txt\nexample_input_file296.txt\nexample_input_file297.txt\nexample_input_file298.txt\nexample_input_file299.txt\nexample_input_file300.txt\nexample_input_file301.txt\nexample_input_file302.txt\nexample_input_file303.txt\nexample_input_file304.txt\nexample_input_file305.txt\nexample_input_file306.txt\nexample_input_file307.txt\nexample_input_file308.txt\nexample_input_file309.txt\nexample_input_file310.txt\nexample_input_file311.txt\nexample_input_file312.txt\nexample_input_file313.txt\nexample_input_file314.txt\nexample_input_file315.txt\nexample_input_file316.txt\nexample_input_file317.txt\nexample_input_file318.txt\nexample_input_file319.txt\nexample_input_file320.txt\nexample_input_file321.txt\nexample_input_file322.txt\nexample_input_file323.txt\nexample_input_file324.txt\nexample_input_file325.txt\nexample_input_file326.txt\nexample_input_file327.txt\nexample_input_file328.txt\nexample_input_file329.txt\nexample_input_file330.txt\nexample_input_file331.txt\nexample_input_file332.txt\nexample_input_file333.txt\nexample_input_file334.txt\nexample_input_file335.txt\nexample_input_file336.txt\nexample_input_file337.txt\nexample_input_file338.txt\nexample_input_file339.txt\nexample_input_file340.txt\nexample_input_file341.txt\nexample_input_file342.txt\nexample_input_file343.txt\nexample_input_file344.txt\nexample_input_file345.txt\nexample_input_file346.txt\nexample_input_file347.txt\nexample_input_file348.txt\nexample_input_file349.txt\nexample_input_file350.txt\nexample_input_file351.txt\nexample_input_file352.txt\nexample_input_file353.txt\nexample_input_file354.txt\nexample_input_file355.txt\nexample_input_file356.txt\nexample_input_file357.txt\nexample_input_file358.txt\nexample_input_file359.txt\nexample_input_file360.txt\nexample_input_file361.txt\nexample_input_file362.txt\nexample_input_file363.txt\nexample_input_file364.txt\nexample_input_file365.txt\nexample_input_file366.txt\nexample_input_file367.txt\nexample_input_file368.txt\nexample_input_file369.txt\nexample_input_file370.txt\nexample_input_file371.txt\nexample_input_file372.txt\nexample_input_file373.txt\nexample_input_file374.txt\nexample_input_file375.txt\nexample_input_file376.txt\nexample_input_file377.txt\nexample_input_file378.txt\nexample_input_file379.txt\nexample_input_file380.txt\nexample_input_file381.txt\nexample_input_file382.txt\nexample_input_file383.txt\nexample_input_file384.txt\nexample_input_file385.txt\nexample_input_file386.txt\nexample_input_file387.txt\nexample_input_file388.txt\nexample_input_file389.txt\nexample_input_file390.txt\nexample_input_file391.txt\nexample_input_file392.txt\nexample_input_file393.txt\nexample_input_file394.txt\nexample_input_file395.txt\nexample_input_file396.txt\nexample_input_file397.txt\nexample_input_file398.txt\nexample_input_file399.txt\nexample_input_file400.txt\nexample_input_file401.txt\nexample_input_file402.txt\nexample_input_file403.txt\nexample_input_file404.txt\nexample_input_file405.txt\nexample_input_file406.txt\nexample_input_file407.txt\nexample_input_file408.txt\nexample_input_file409.txt\nexample_input_file410.txt\nexample_input_file411.txt\nexample_input_file412.txt\nexample_input_file413.txt\nexample_input_file414.txt\nexample_input_file415.txt\nexample_input_file416.txt\nexample_input_file417.txt\nexample_input_file418.txt\nexample_input_file419.txt\nexample_input_file420.txt\nexample_input_file421.txt\nexample_input_file422.txt\nexample_input_file423.txt\nexample_input_file424.txt\nexample_input_file425.txt\nexample_input_file426.txt\nexample_input_file427.txt\nexample_input_file428.txt\nexample_input_file429.txt\nexample_input_file430.txt\nexample_input_file431.txt\nexample_input_file432.txt\nexample_input_file433.txt\nexample_input_file434.txt\nexample_input_file435.txt\nexample_input_file436.txt\nexample_input_file437.txt\nexample_input_file438.txt\nexample_input_file439.txt\nexample_input_file440.txt\nexample_input_file441.txt\nexample_input_file442.txt\nexample_input_file443.txt\nexample_input_file444.txt\nexample_input_file445.txt\nexample_input_file446.txt\nexample_input_file447.txt\nexample_input_file448.txt\nexample_input_file449.txt\nexample_input_file450.txt\nexample_input_file451.txt\nexample_input_file452.txt\nexample_input_file453.txt\nexample_input_file454.txt\nexample_input_file455.txt\nexample_input_file456.txt\nexample_input_file457.txt\nexample_input_file458.txt\nexample_input_file459.txt\nexample_input_file460.txt\nexample_input_file461.txt\nexample_input_file462.txt\nexample_input_file463.txt\nexample_input_file464.txt\nexample_input_file465.txt\nexample_input_file466.txt\nexample_input_file467.txt\nexample_input_file468.txt\nexample_input_file469.txt\nexample_input_file470.txt\nexample_input_file471.txt\nexample_input_file472.txt\nexample_input_file473.txt\nexample_input_file474.txt\nexample_input_file475.txt\nexample_input_file476.txt\nexample_input_file477.txt\nexample_input_file478.txt\nexample_input_file479.txt\nexample_input_file480.txt\nexample_input_file481.txt\nexample_input_file482.txt\nexample_input_file483.txt\nexample_input_file484.txt\nexample_input_file485.txt\nexample_input_file486.txt\nexample_input_file487.txt\nexample_input_file488.txt\nexample_input_file489.txt\nexample_input_file490.txt\nexample_input_file491.txt\nexample_input_file492.txt\nexample_input_file493.txt\nexample_input_file494.txt\nexample_input_file495.txt\nexample_input_file496.txt\nexample_input_file497.txt\nexample_input_file498.txt\nexample_input_file499.txt\nexample_input_file500.txt\nexample_input_file501.txt\nexample_input_file502.txt\nexample_input_file503.txt\nexample_input_file504.txt\nexample_input_file505.txt\nexample_input_file506.txt\nexample_input_file507.txt\nexample_input_file508.txt\nexample_input_file509.txt\nexample_input_file510.txt\nexample_input_file511.txt\nexample_input_file512.txt\nexample_input_file513.txt\nexample_input_file514.txt\nexample_input_file515.txt\nexample_input_file516.txt\nexample_input_file517.txt\nexample_input_file518.txt\nexample_input_file519.txt\nexample_input_file520.txt\nexample_input_file521.txt\nexample_input_file522.txt\nexample_input_file523.txt\nexample_input_file524.txt\nexample_input_file525.txt\nexample_input_file526.txt\nexample_input_file527.txt\nexample_input_file528.txt\nexample_input_file529.txt\nexample_input_file530.txt\nexample_input_file531.txt\nexample_input_file532.txt\nexample_input_file533.txt\nexample_input_file534.txt\nexample_input_file535.txt\nexample_input_file536.txt\nexample_input_file537.txt\nexample_input_file538.txt\nexample_input_file539.txt\nexample_input_file540.txt\nexample_input_file541.txt\nexample_input_file542.txt\nexample_input_file543.txt\nexample_input_file544.txt\nexample_input_file545.txt\nexample_input_file546.txt\nexample_input_file547.txt\nexample_input_file548.txt\nexample_input_file549.txt\nexample_input_file550.txt\nexample_input_file551.txt\nexample_input_file552.txt\nexample_input_file553.txt\nexample_input_file554.txt\nexample_input_file555.txt\nexample_input_file556.txt\nexample_input_file557.txt\nexample_input_file558.txt\nexample_input_file559.txt\nexample_input_file560.txt\nexample_input_file561.txt\nexample_input_file562.txt\nexample_input_file563.txt\nexample_input_file564.txt\nexample_input_file565.txt\nexample_input_file566.txt\nexample_input_file567.txt\nexample_input_file568.txt\nexample_input_file569.txt\nexample_input_file570.txt\nexample_input_file571.txt\nexample_input_file572.txt\nexample_input_file573.txt\nexample_input_file574.txt\nexample_input_file575.txt\nexample_input_file576.txt\nexample_input_file577.txt\nexample_input_file578.txt\nexample_input_file579.txt\nexample_input_file580.txt\nexample_input_file581.txt\nexample_input_file582.txt\nexample_input_file583.txt\nexample_input_file584.txt\nexample_input_file585.txt\nexample_input_file586.txt\nexample_input_file587.txt\nexample_input_file588.txt\nexample_input_file589.txt\nexample_input_file590.txt\nexample_input_file591.txt\nexample_input_file592.txt\nexample_input_file593.txt\nexample_input_file594.txt\nexample_input_file595.txt\nexample_input_file596.txt\nexample_input_file597.txt\nexample_input_file598.txt\nexample_input_file599.txt\nexample_input_file600.txt\nexample_input_file601.txt\nexample_input_file602.txt\nexample_input_file603.txt\nexample_input_file604.txt\nexample_input_file605.txt\nexample_input_file606.txt\nexample_input_file607.txt\nexample_input_file608.txt\nexample_input_file609.txt\nexample_input_file610.txt\nexample_input_file611.txt\nexample_input_file612.txt\nexample_input_file613.txt\nexample_input_file614.txt\nexample_input_file615.txt\nexample_input_file616.txt\nexample_input_file617.txt\nexample_input_file618.txt\nexample_input_file619.txt\nexample_input_file620.txt\nexample_input_file621.txt\nexample_input_file622.txt\nexample_input_file623.txt\nexample_input_file624.txt\nexample_input_file625.txt\nexample_input_file626.txt\nexample_input_file627.txt\nexample_input_file628.txt\nexample_input_file629.txt\nexample_input_file630.txt\nexample_input_file631.txt\nexample_input_file632.txt\nexample_input_file633.txt\nexample_input_file634.txt\nexample_input_file635.txt\nexample_input_file636.txt\nexample_input_file637.txt\nexample_input_file638.txt\nexample_input_file639.txt\nexample_input_file640.txt\nexample_input_file641.txt\nexample_input_file642.txt\nexample_input_file643.txt\nexample_input_file644.txt\nexample_input_file645.txt\nexample_input_file646.txt\nexample_input_file647.txt\nexample_input_file648.txt\nexample_input_file649.txt\nexample_input_file650.txt\nexample_input_file651.txt\nexample_input_file652.txt\nexample_input_file653.txt\nexample_input_file654.txt\nexample_input_file655.txt\nexample_input_file656.txt\nexample_input_file657.txt\nexample_input_file658.txt\nexample_input_file659.txt\nexample_input_file660.txt\nexample_input_file661.txt\nexample_input_file662.txt\nexample_input_file663.txt\nexample_input_file664.txt\nexample_input_file665.txt\nexample_input_file666.txt\nexample_input_file667.txt\nexample_input_file668.txt\nexample_input_file669.txt\nexample_input_file670.txt\nexample_input_file671.txt\nexample_input_file672.txt\nexample_input_file673.txt\nexample_input_file674.txt\nexample_input_file675.txt\nexample_input_file676.txt\nexample_input_file677.txt\nexample_input_file678.txt\nexample_input_file679.txt\nexample_input_file680.txt\nexample_input_file681.txt\nexample_input_file682.txt\nexample_input_file683.txt\nexample_input_file684.txt\nexample_input_file685.txt\nexample_input_file686.txt\nexample_input_file687.txt\nexample_input_file688.txt\nexample_input_file689.txt\nexample_input_file690.txt\nexample_input_file691.txt\nexample_input_file692.txt\nexample_input_file693.txt\nexample_input_file694.txt\nexample_input_file695.txt\nexample_input_file696.txt\nexample_input_file697.txt\nexample_input_file698.txt\nexample_input_file699.txt\nexample_input_file700.txt\nexample_input_file701.txt\nexample_input_file702.txt\nexample_input_file703.txt\nexample_input_file704.txt\nexample_input_file705.txt\nexample_input_file706.txt\nexample_input_file707.txt\nexample_input_file708.txt\nexample_input_file709.txt\nexample_input_file710.txt\nexample_input_file711.txt\nexample_input_file712.txt\nexample_input_file713.txt\nexample_input_file714.txt\nexample_input_file715.txt\nexample_input_file716.txt\nexample_input_file717.txt\nexample_input_file718.txt\nexample_input_file719.txt\nexample_input_file720.txt\nexample_input_file721.txt\nexample_input_file722.txt\nexample_input_file723.txt\nexample_input_file724.txt\nexample_input_file725.txt\nexample_input_file726.txt\nexample_input_file727.txt\nexample_input_file728.txt\nexample_input_file729.txt\nexample_input_file730.txt\nexample_input_file731.txt\nexample_input_file732.txt\nexample_input_file733.txt\nexample_input_file734.txt\nexample_input_file735.txt\nexample_input_file736.txt\nexample_input_file737.txt\nexample_input_file738.txt\nexample_input_file739.txt\nexample_input_file740.txt\nexample_input_file741.txt\nexample_input_file742.txt\nexample_input_file743.txt\nexample_input_file744.txt\nexample_input_file745.txt\nexample_input_file746.txt\nexample_input_file747.txt\nexample_input_file748.txt\nexample_input_file749.txt\nexample_input_file750.txt\nexample_input_file751.txt\nexample_input_file752.txt\nexample_input_file753.txt\nexample_input_file754.txt\nexample_input_file755.txt\nexample_input_file756.txt\nexample_input_file757.txt\nexample_input_file758.txt\nexample_input_file759.txt\nexample_input_file760.txt\nexample_input_file761.txt\nexample_input_file762.txt\nexample_input_file763.txt\nexample_input_file764.txt\nexample_input_file765.txt\nexample_input_file766.txt\nexample_input_file767.txt\nexample_input_file768.txt\nexample_input_file769.txt\nexample_input_file770.txt\nexample_input_file771.txt\nexample_input_file772.txt\nexample_input_file773.txt\nexample_input_file774.txt\nexample_input_file775.txt\nexample_input_file776.txt\nexample_input_file777.txt\nexample_input_file778.txt\nexample_input_file779.txt\nexample_input_file780.txt\nexample_input_file781.txt\nexample_input_file782.txt\nexample_input_file783.txt\nexample_input_file784.txt\nexample_input_file785.txt\nexample_input_file786.txt\nexample_input_file787.txt\nexample_input_file788.txt\nexample_input_file789.txt\nexample_input_file790.txt\nexample_input_file791.txt\nexample_input_file792.txt\nexample_input_file793.txt\nexample_input_file794.txt\nexample_input_file795.txt\nexample_input_file796.txt\nexample_input_file797.txt\nexample_input_file798.txt\nexample_input_file799.txt\nexample_input_file800.txt\nexample_input_file801.txt\nexample_input_file802.txt\nexample_input_file803.txt\nexample_input_file804.txt\nexample_input_file805.txt\nexample_input_file806.txt\nexample_input_file807.txt\nexample_input_file808.txt\nexample_input_file809.txt\nexample_input_file810.txt\nexample_input_file811.txt\nexample_input_file812.txt\nexample_input_file813.txt\nexample_input_file814.txt\nexample_input_file815.txt\nexample_input_file816.txt\nexample_input_file817.txt\nexample_input_file818.txt\nexample_input_file819.txt\nexample_input_file820.txt\nexample_input_file821.txt\nexample_input_file822.txt\nexample_input_file823.txt\nexample_input_file824.txt\nexample_input_file825.txt\nexample_input_file826.txt\nexample_input_file827.txt\nexample_input_file828.txt\nexample_input_file829.txt\nexample_input_file830.txt\nexample_input_file831.txt\nexample_input_file832.txt\nexample_input_file833.txt\nexample_input_file834.txt\nexample_input_file835.txt\nexample_input_file836.txt\nexample_input_file837.txt\nexample_input_file838.txt\nexample_input_file839.txt\nexample_input_file840.txt\nexample_input_file841.txt\nexample_input_file842.txt\nexample_input_file843.txt\nexample_input_file844.txt\nexample_input_file845.txt\nexample_input_file846.txt\nexample_input_file847.txt\nexample_input_file848.txt\nexample_input_file849.txt\nexample_input_file850.txt\nexample_input_file851.txt\nexample_input_file852.txt\nexample_input_file853.txt\nexample_input_file854.txt\nexample_input_file855.txt\nexample_input_file856.txt\nexample_input_file857.txt\nexample_input_file858.txt\nexample_input_file859.txt\nexample_input_file860.txt\nexample_input_file861.txt\nexample_input_file862.txt\nexample_input_file863.txt\nexample_input_file864.txt\nexample_input_file865.txt\nexample_input_file866.txt\nexample_input_file867.txt\nexample_input_file868.txt\nexample_input_file869.txt\nexample_input_file870.txt\nexample_input_file871.txt\nexample_input_file872.txt\nexample_input_file873.txt\nexample_input_file874.txt\nexample_input_file875.txt\nexample_input_file876.txt\nexample_input_file877.txt\nexample_input_file878.txt\nexample_input_file879.txt\nexample_input_file880.txt\nexample_input_file881.txt\nexample_input_file882.txt\nexample_input_file883.txt\nexample_input_file884.txt\nexample_input_file885.txt\nexample_input_file886.txt\nexample_input_file887.txt\nexample_input_file888.txt\nexample_input_file889.txt\nexample_input_file890.txt\nexample_input_file891.txt\nexample_input_file892.txt\nexample_input_file893.txt\nexample_input_file894.txt\nexample_input_file895.txt\nexample_input_file896.txt\nexample_input_file897.txt\nexample_input_file898.txt\nexample_input_file899.txt\nexample_input_file900.txt\nexample_input_file901.txt\nexample_input_file902.txt\nexample_input_file903.txt\nexample_input_file904.txt\nexample_input_file905.txt\nexample_input_file906.txt\nexample_input_file907.txt\nexample_input_file908.txt\nexample_input_file909.txt\nexample_input_file910.txt\nexample_input_file911.txt\nexample_input_file912.txt\nexample_input_file913.txt\nexample_input_file914.txt\nexample_input_file915.txt\nexample_input_file916.txt\nexample_input_file917.txt\nexample_input_file918.txt\nexample_input_file919.txt\nexample_input_file920.txt\nexample_input_file921.txt\nexample_input_file922.txt\nexample_input_file923.txt\nexample_input_file924.txt\nexample_input_file925.txt\nexample_input_file926.txt\nexample_input_file927.txt\nexample_input_file928.txt\nexample_input_file929.txt\nexample_input_file930.txt\nexample_input_file931.txt\nexample_input_file932.txt\nexample_input_file933.txt\nexample_input_file934.txt\nexample_input_file935.txt\nexample_input_file936.txt\nexample_input_file937.txt\nexample_input_file938.txt\nexample_input_file939.txt\nexample_input_file940.txt\nexample_input_file941.txt\nexample_input_file942.txt\nexample_input_file943.txt\nexample_input_file944.txt\nexample_input_file945.txt\nexample_input_file946.txt\nexample_input_file947.txt\nexample_input_file948.txt\nexample_input_file949.txt\nexample_input_file950.txt\nexample_input_file951.txt\nexample_input_file952.txt\nexample_input_file953.txt\nexample_input_file954.txt\nexample_input_file955.txt\nexample_input_file956.txt\nexample_input_file957.txt\nexample_input_file958.txt\nexample_input_file959.txt\nexample_input_file960.txt\nexample_input_file961.txt\nexample_input_file962.txt\nexample_input_file963.txt\nexample_input_file964.txt\nexample_input_file965.txt\nexample_input_file966.txt\nexample_input_file967.txt\nexample_input_file968.txt\nexample_input_file969.txt\nexample_input_file970.txt\nexample_input_file971.txt\nexample_input_file972.txt\nexample_input_file973.txt\nexample_input_file974.txt\nexample_input_file975.txt\nexample_input_file976.txt\nexample_input_file977.txt\nexample_input_file978.txt\nexample_input_file979.txt\nexample_input_file980.txt\nexample_input_file981.txt\nexample_input_file982.txt\nexample_input_file983.txt\nexample_input_file984.txt\nexample_input_file985.txt\nexample_input_file986.txt\nexample_input_file987.txt\nexample_input_file988.txt\nexample_input_file989.txt\nexample_input_file990.txt\nexample_input_file991.txt\nexample_input_file992.txt\nexample_input_file993.txt\nexample_input_file994.txt\nexample_input_file995.txt\nexample_input_file996.txt\nexample_input_file997.txt\nexample_input_file998.txt\nexample_input_file999.txt\nexample_input_file1000.txt\nexample_input_file1001.txt\nexample_input_file1002.txt\nexample_input_file1003.txt\nexample_input_file1004.txt\nexample_input_file1005.txt\nexample_input_file1006.txt\nexample_input_file1007.txt\nexample_input_file1008.txt\nexample_input_file1009.txt\nexample_input_file1010.txt\nexample_input_file1011.txt\nexample_input_file1012.txt\nexample_input_file1013.txt\nexample_input_file1014.txt\nexample_input_file1015.txt\nexample_input_file1016.txt\nexample_input_file1017.txt\nexample_input_file1018.txt\nexample_input_file1019.txt\nexample_input_file1020.txt\nexample_input_file1021.txt\nexample_input_file1022.txt\nexample_input_file1023.txt\nexample_input_file1024.txt\nexample_input_file1025.txt\nexample_input_file1026.txt\nexample_input_file1027.txt\nexample_input_file1028.txt\nexample_input_file1029.txt\nexample_input_file1030.txt\nexample_input_file1031.txt\nexample_input_file1032.txt\nexample_input_file1033.txt\nexample_input_file1034.txt\nexample_input_file1035.txt\nexample_input_file1036.txt\nexample_input_file1037.txt\nexample_input_file1038.txt\nexample_input_file1039.txt\nexample_input_file1040.txt\nexample_input_file1041.txt\nexample_input_file1042.txt\nexample_input_file1043.txt\nexample_input_file1044.txt\nexample_input_file1045.txt\nexample_input_file1046.txt\nexample_input_file1047.txt\nexample_input_file1048.txt\nexample_input_file1049.txt\nexample_input_file1050.txt\nexample_input_file1051.txt\nexample_input_file1052.txt\nexample_input_file1053.txt\nexample_input_file1054.txt\nexample_input_file1055.txt\nexample_input_file1056.txt\nexample_input_file1057.txt\nexample_input_file1058.txt\nexample_input_file1059.txt\nexample_input_file1060.txt\nexample_input_file1061.txt\nexample_input_file1062.txt\nexample_input_file1063.txt\nexample_input_file1064.txt\nexample_input_file1065.txt\nexample_input_file1066.txt\nexample_input_file1067.txt\nexample_input_file1068.txt\nexample_input_file1069.txt\nexample_input_file1070.txt\nexample_input_file1071.txt\nexample_input_file1072.txt\nexample_input_file1073.txt\nexample_input_file1074.txt\nexample_input_file1075.txt\nexample_input_file1076.txt\nexample_input_file1077.txt\nexample_input_file1078.txt\nexample_input_file1079.txt\nexample_input_file1080.txt\nexample_input_file1081.txt\nexample_input_file1082.txt\nexample_input_file1083.txt\nexample_input_file1084.txt\nexample_input_file1085.txt\nexample_input_file1086.txt\nexample_input_file1087.txt\nexample_input_file1088.txt\nexample_input_file1089.txt\nexample_input_file1090.txt\nexample_input_file1091.txt\nexample_input_file1092.txt\nexample_input_file1093.txt\nexample_input_file1094.txt\nexample_input_file1095.txt\nexample_input_file1096.txt\nexample_input_file1097.txt\nexample_input_file1098.txt\nexample_input_file1099.txt\nexample_input_file1100.txt\nexample_input_file1101.txt\nexample_input_file1102.txt\nexample_input_file1103.txt\nexample_input_file1104.txt\nexample_input_file1105.txt\nexample_input_file1106.txt\nexample_input_file1107.txt\nexample_input_file1108.txt\nexample_input_file1109.txt\nexample_input_file1110.txt\nexample_input_file1111.txt\nexample_input_file1112.txt\nexample_input_file1113.txt\nexample_input_file1114.txt\nexample_input_file1115.txt\nexample_input_file1116.txt\nexample_input_file1117.txt\nexample_input_file1118.txt\nexample_input_file1119.txt\nexample_input_file1120.txt\nexample_input_file1121.txt\nexample_input_file1122.txt\nexample_input_file1123.txt\nexample_input_file1124.txt\nexample_input_file1125.txt\nexample_input_file1126.txt\nexample_input_file1127.txt\nexample_input_file1128.txt\nexample_input_file1129.txt\nexample_input_file1130.txt\nexample_input_file1131.txt\nexample_input_file1132.txt\nexample_input_file1133.txt\nexample_input_file1134.txt\nexample_input_file1135.txt\nexample_input_file1136.txt\nexample_input_file1137.txt\nexample_input_file1138.txt\nexample_input_file1139.txt\nexample_input_file1140.txt\nexample_input_file1141.txt\nexample_input_file1142.txt\nexample_input_file1143.txt\nexample_input_file1144.txt\nexample_input_file1145.txt\nexample_input_file1146.txt\nexample_input_file1147.txt\nexample_input_file1148.txt\nexample_input_file1149.txt\nexample_input_file1150.txt\nexample_input_file1151.txt\nexample_input_file1152.txt\nexample_input_file1153.txt\nexample_input_file1154.txt\nexample_input_file1155.txt\nexample_input_file1156.txt\nexample_input_file1157.txt\nexample_input_file1158.txt\nexample_input_file1159.txt\nexample_input_file1160.txt\nexample_input_file1161.txt\nexample_input_file1162.txt\nexample_input_file1163.txt\nexample_input_file1164.txt\nexample_input_file1165.txt\nexample_input_file1166.txt\nexample_input_file1167.txt\nexample_input_file1168.txt\nexample_input_file1169.txt\nexample_input_file1170.txt\nexample_input_file1171.txt\nexample_input_file1172.txt\nexample_input_file1173.txt\nexample_input_file1174.txt\nexample_input_file1175.txt\nexample_input_file1176.txt\nexample_input_file1177.txt\nexample_input_file1178.txt\nexample_input_file1179.txt\nexample_input_file1180.txt\nexample_input_file1181.txt\nexample_input_file1182.txt\nexample_input_file1183.txt\nexample_input_file1184.txt\nexample_input_file1185.txt\nexample_input_file1186.txt\nexample_input_file1187.txt\nexample_input_file1188.txt\nexample_input_file1189.txt\nexample_input_file1190.txt\nexample_input_file1191.txt\nexample_input_file1192.txt\nexample_input_file1193.txt\nexample_input_file1194.txt\nexample_input_file1195.txt\nexample_input_file1196.txt\nexample_input_file1197.txt\nexample_input_file1198.txt\nexample_input_file1199.txt\nexample_input_file1200.txt\nexample_input_file1201.txt\nexample_input_file1202.txt\nexample_input_file1203.txt\nexample_input_file1204.txt\nexample_input_file1205.txt\nexample_input_file1206.txt\nexample_input_file1207.txt\nexample_input_file1208.txt\nexample_input_file1209.txt\nexample_input_file1210.txt\nexample_input_file1211.txt\nexample_input_file1212.txt\nexample_input_file1213.txt\nexample_input_file1214.txt\nexample_input_file1215.txt\nexample_input_file1216.txt\nexample_input_file1217.txt\nexample_input_file1218.txt\nexample_input_file1219.txt\nexample_input_file1220.txt\nexample_input_file1221.txt\nexample_input_file1222.txt\nexample_input_file1223.txt\nexample_input_file1224.txt\nexample_input_file1225.txt\nexample_input_file1226.txt\nexample_input_file1227.txt\nexample_input_file1228.txt\nexample_input_file1229.txt\nexample_input_file1230.txt\nexample_input_file1231.txt\nexample_input_file1232.txt\nexample_input_file1233.txt\nexample_input_file1234.txt\nexample_input_file1235.txt\nexample_input_file1236.txt\nexample_input_file1237.txt\nexample_input_file1238.txt\nexample_input_file1239.txt\nexample_input_file1240.txt\nexample_input_file1241.txt\nexample_input_file1242.txt\nexample_input_file1243.txt\nexample_input_file1244.txt\nexample_input_file1245.txt\nexample_input_file1246.txt\nexample_input_file1247.txt\nexample_input_file1248.txt\nexample_input_file1249.txt\nexample_input_file1250.txt\nexample_input_file1251.txt\nexample_input_file1252.txt\nexample_input_file1253.txt\nexample_input_file1254.txt\nexample_input_file1255.txt\nexample_input_file1256.txt\nexample_input_file1257.txt\nexample_input_file1258.txt\nexample_input_file1259.txt\nexample_input_file1260.txt\nexample_input_file1261.txt\nexample_input_file1262.txt\nexample_input_file1263.txt\nexample_input_file1264.txt\nexample_input_file1265.txt\nexample_input_file1266.txt\nexample_input_file1267.txt\nexample_input_file1268.txt\nexample_input_file1269.txt\nexample_input_file1270.txt\nexample_input_file1271.txt\nexample_input_file1272.txt\nexample_input_file1273.txt\nexample_input_file1274.txt\nexample_input_file1275.txt\nexample_input_file1276.txt\nexample_input_file1277.txt\nexample_input_file1278.txt\nexample_input_file1279.txt\nexample_input_file1280.txt\nexample_input_file1281.txt\nexample_input_file1282.txt\nexample_input_file1283.txt\nexample_input_file1284.txt\nexample_input_file1285.txt\nexample_input_file1286.txt\nexample_input_file1287.txt\nexample_input_file1288.txt\nexample_input_file1289.txt\nexample_input_file1290.txt\nexample_input_file1291.txt\nexample_input_file1292.txt\nexample_input_file1293.txt\nexample_input_file1294.txt\nexample_input_file1295.txt\nexample_input_file1296.txt\nexample_input_file1297.txt\nexample_input_file1298.txt\nexample_input_file1299.txt\nexample_input_file1300.txt\nexample_input_file1301.txt\nexample_input_file1302.txt\nexample_input_file1303.txt\nexample_input_file1304.txt\nexample_input_file1305.txt\nexample_input_file1306.txt\nexample_input_file1307.txt\nexample_input_file1308.txt\nexample_input_file1309.txt\nexample_input_file1310.txt\nexample_input_file1311.txt\nexample_input_file1312.txt\nexample_input_file1313.txt\nexample_input_file1314.txt\nexample_input_file1315.txt\nexample_input_file1316.txt\nexample_input_file1317.txt\nexample_input_file1318.txt\nexample_input_file1319.txt\nexample_input_file1320.txt\nexample_input_file1321.txt\nexample_input_file1322.txt\nexample_input_file1323.txt\nexample_input_file1324.txt\nexample_input_file1325.txt\nexample_input_file1326.txt\nexample_input_file1327.txt\nexample_input_file1328.txt\nexample_input_file1329.txt\nexample_input_file1330.txt\nexample_input_file1331.txt\nexample_input_file1332.txt\nexample_input_file1333.txt\nexample_input_file1334.txt\nexample_input_file1335.txt\nexample_input_file1336.txt\nexample_input_file1337.txt\nexample_input_file1338.txt\nexample_input_file1339.txt\nexample_input_file1340.txt\nexample_input_file1341.txt\nexample_input_file1342.txt\nexample_input_file1343.txt\nexample_input_file1344.txt\nexample_input_file1345.txt\nexample_input_file1346.txt\nexample_input_file1347.txt\nexample_input_file1348.txt\nexample_input_file1349.txt\nexample_input_file1350.txt\nexample_input_file1351.txt\nexample_input_file1352.txt\nexample_input_file1353.txt\nexample_input_file1354.txt\nexample_input_file1355.txt\nexample_input_file1356.txt\nexample_input_file1357.txt\nexample_input_file1358.txt\nexample_input_file1359.txt\nexample_input_file1360.txt\nexample_input_file1361.txt\nexample_input_file1362.txt\nexample_input_file1363.txt\nexample_input_file1364.txt\nexample_input_file1365.txt\nexample_input_file1366.txt\nexample_input_file1367.txt\nexample_input_file1368.txt\nexample_input_file1369.txt\nexample_input_file1370.txt\nexample_input_file1371.txt\nexample_input_file1372.txt\nexample_input_file1373.txt\nexample_input_file1374.txt\nexample_input_file1375.txt\nexample_input_file1376.txt\nexample_input_file1377.txt\nexample_input_file1378.txt\nexample_input_file1379.txt\nexample_input_file1380.txt\nexample_input_file1381.txt\nexample_input_file1382.txt\nexample_input_file1383.txt\nexample_input_file1384.txt\nexample_input_file1385.txt\nexample_input_file1386.txt\nexample_input_file1387.txt\nexample_input_file1388.txt\nexample_input_file1389.txt\nexample_input_file1390.txt\nexample_input_file1391.txt\nexample_input_file1392.txt\nexample_input_file1393.txt\nexample_input_file1394.txt\nexample_input_file1395.txt\nexample_input_file1396.txt\nexample_input_file1397.txt\nexample_input_file1398.txt\nexample_input_file1399.txt\nexample_input_file1400.txt\nexample_input_file1401.txt\nexample_input_file1402.txt\nexample_input_file1403.txt\nexample_input_file1404.txt\nexample_input_file1405.txt\nexample_input_file1406.txt\nexample_input_file1407.txt\nexample_input_file1408.txt\nexample_input_file1409.txt\nexample_input_file1410.txt\nexample_input_file1411.txt\nexample_input_file1412.txt\nexample_input_file1413.txt\nexample_input_file1414.txt\nexample_input_file1415.txt\nexample_input_file1416.txt\nexample_input_file1417.txt\nexample_input_file1418.txt\nexample_input_file1419.txt\nexample_input_file1420.txt\nexample_input_file1421.txt\nexample_input_file1422.txt\nexample_input_file1423.txt\nexample_input_file1424.txt\nexample_input_file1425.txt\nexample_input_file1426.txt\nexample_input_file1427.txt\nexample_input_file1428.txt\nexample_input_file1429.txt\nexample_input_file1430.txt\nexample_input_file1431.txt\nexample_input_file1432.txt\nexample_input_file1433.txt\nexample_input_file1434.txt\nexample_input_file1435.txt\nexample_input_file1436.txt\nexample_input_file1437.txt\nexample_input_file1438.txt\nexample_input_file1439.txt\nexample_input_file1440.txt\nexample_input_file1441.txt\nexample_input_file1442.txt\nexample_input_file1443.txt\nexample_input_file1444.txt\nexample_input_file1445.txt\nexample_input_file1446.txt\nexample_input_file1447.txt\nexample_input_file1448.txt\nexample_input_file1449.txt\nexample_input_file1450.txt\nexample_input_file1451.txt\nexample_input_file1452.txt\nexample_input_file1453.txt\nexample_input_file1454.txt\nexample_input_file1455.txt\nexample_input_file1456.txt\nexample_input_file1457.txt\nexample_input_file1458.txt\nexample_input_file1459.txt\nexample_input_file1460.txt\nexample_input_file1461.txt\nexample_input_file1462.txt\nexample_input_file1463.txt\nexample_input_file1464.txt\nexample_input_file1465.txt\nexample_input_file1466.txt\nexample_input_file1467.txt\nexample_input_file1468.txt\nexample_input_file1469.txt\nexample_input_file1470.txt\nexample_input_file1471.txt\nexample_input_file1472.txt\nexample_input_file1473.txt\nexample_input_file1474.txt\nexample_input_file1475.txt\nexample_input_file1476.txt\nexample_input_file1477.txt\nexample_input_file1478.txt\nexample_input_file1479.txt\nexample_input_file1480.txt\nexample_input_file1481.txt\nexample_input_file1482.txt\nexample_input_file1483.txt\nexample_input_file1484.txt\nexample_input_file1485.txt\nexample_input_file1486.txt\nexample_input_file1487.txt\nexample_input_file1488.txt\nexample_input_file1489.txt\nexample_input_file1490.txt\nexample_input_file1491.txt\nexample_input_file1492.txt\nexample_input_file1493.txt\nexample_input_file1494.txt\nexample_input_file1495.txt\nexample_input_file1496.txt\nexample_input_file1497.txt\nexample_input_file1498.txt\nexample_input_file1499.txt\nexample_input_file1500.txt\nexample_input_file1501.txt\nexample_input_file1502.txt\nexample_input_file1503.txt\nexample_input_file1504.txt\nexample_input_file1505.txt\nexample_input_file1506.txt\nexample_input_file1507.txt\nexample_input_file1508.txt\nexample_input_file1509.txt\nexample_input_file1510.txt\nexample_input_file1511.txt\nexample_input_file1512.txt\nexample_input_file1513.txt\nexample_input_file1514.txt\nexample_input_file1515.txt\nexample_input_file1516.txt\nexample_input_file1517.txt\nexample_input_file1518.txt\nexample_input_file1519.txt\nexample_input_file1520.txt\nexample_input_file1521.txt\nexample_input_file1522.txt\nexample_input_file1523.txt\nexample_input_file1524.txt\nexample_input_file1525.txt\nexample_input_file1526.txt\nexample_input_file1527.txt\nexample_input_file1528.txt\nexample_input_file1529.txt\nexample_input_file1530.txt\nexample_input_file1531.txt\nexample_input_file1532.txt\nexample_input_file1533.txt\nexample_input_file1534.txt\nexample_input_file1535.txt\nexample_input_file1536.txt\nexample_input_file1537.txt\nexample_input_file1538.txt\nexample_input_file1539.txt\nexample_input_file1540.txt\nexample_input_file1541.txt\nexample_input_file1542.txt\nexample_input_file1543.txt\nexample_input_file1544.txt\nexample_input_file1545.txt\nexample_input_file1546.txt\nexample_input_file1547.txt\nexample_input_file1548.txt\nexample_input_file1549.txt\nexample_input_file1550.txt\nexample_input_file1551.txt\nexample_input_file1552.txt\nexample_input_file1553.txt\nexample_input_file1554.txt\nexample_input_file1555.txt\nexample_input_file1556.txt\nexample_input_file1557.txt\nexample_input_file1558.txt\nexample_input_file1559.txt\nexample_input_file1560.txt\nexample_input_file1561.txt\nexample_input_file1562.txt\nexample_input_file1563.txt\nexample_input_file1564.txt\nexample_input_file1565.txt\nexample_input_file1566.txt\nexample_input_file1567.txt\nexample_input_file1568.txt\nexample_input_file1569.txt\nexample_input_file1570.txt\nexample_input_file1571.txt\nexample_input_file1572.txt\nexample_input_file1573.txt\nexample_input_file1574.txt\nexample_input_file1575.txt\nexample_input_file1576.txt\nexample_input_file1577.txt\nexample_input_file1578.txt\nexample_input_file1579.txt\nexample_input_file1580.txt\nexample_input_file1581.txt\nexample_input_file1582.txt\nexample_input_file1583.txt\nexample_input_file1584.txt\nexample_input_file1585.txt\nexample_input_file1586.txt\nexample_input_file1587.txt\nexample_input_file1588.txt\nexample_input_file1589.txt\nexample_input_file1590.txt\nexample_input_file1591.txt\nexample_input_file1592.txt\nexample_input_file1593.txt\nexample_input_file1594.txt\nexample_input_file1595.txt\nexample_input_file1596.txt\nexample_input_file1597.txt\nexample_input_file1598.txt\nexample_input_file1599.txt\nexample_input_file1600.txt\nexample_input_file1601.txt\nexample_input_file1602.txt\nexample_input_file1603.txt\nexample_input_file1604.txt\nexample_input_file1605.txt\nexample_input_file1606.txt\nexample_input_file1607.txt\nexample_input_file1608.txt\nexample_input_file1609.txt\nexample_input_file1610.txt\nexample_input_file1611.txt\nexample_input_file1612.txt\nexample_input_file1613.txt\nexample_input_file1614.txt\nexample_input_file1615.txt\nexample_input_file1616.txt\nexample_input_file1617.txt\nexample_input_file1618.txt\nexample_input_file1619.txt\nexample_input_file1620.txt\nexample_input_file1621.txt\nexample_input_file1622.txt\nexample_input_file1623.txt\nexample_input_file1624.txt\nexample_input_file1625.txt\nexample_input_file1626.txt\nexample_input_file1627.txt\nexample_input_file1628.txt\nexample_input_file1629.txt\nexample_input_file1630.txt\nexample_input_file1631.txt\nexample_input_file1632.txt\nexample_input_file1633.txt\nexample_input_file1634.txt\nexample_input_file1635.txt\nexample_input_file1636.txt\nexample_input_file1637.txt\nexample_input_file1638.txt\nexample_input_file1639.txt\nexample_input_file1640.txt\nexample_input_file1641.txt\nexample_input_file1642.txt\nexample_input_file1643.txt\nexample_input_file1644.txt\nexample_input_file1645.txt\nexample_input_file1646.txt\nexample_input_file1647.txt\nexample_input_file1648.txt\nexample_input_file1649.txt\nexample_input_file1650.txt\nexample_input_file1651.txt\nexample_input_file1652.txt\nexample_input_file1653.txt\nexample_input_file1654.txt\nexample_input_file1655.txt\nexample_input_file1656.txt\nexample_input_file1657.txt\nexample_input_file1658.txt\nexample_input_file1659.txt\nexample_input_file1660.txt\nexample_input_file1661.txt\nexample_input_file1662.txt\nexample_input_file1663.txt\nexample_input_file1664.txt\nexample_input_file1665.txt\nexample_input_file1666.txt\nexample_input_file1667.txt\nexample_input_file1668.txt\nexample_input_file1669.txt\nexample_input_file1670.txt\nexample_input_file1671.txt\nexample_input_file1672.txt\nexample_input_file1673.txt\nexample_input_file1674.txt\nexample_input_file1675.txt\nexample_input_file1676.txt\nexample_input_file1677.txt\nexample_input_file1678.txt\nexample_input_file1679.txt\nexample_input_file1680.txt\nexample_input_file1681.txt\nexample_input_file1682.txt\nexample_input_file1683.txt\nexample_input_file1684.txt\nexample_input_file1685.txt\nexample_input_file1686.txt\nexample_input_file1687.txt\nexample_input_file1688.txt\nexample_input_file1689.txt\nexample_input_file1690.txt\nexample_input_file1691.txt\nexample_input_file1692.txt\nexample_input_file1693.txt\nexample_input_file1694.txt\nexample_input_file1695.txt\nexample_input_file1696.txt\nexample_input_file1697.txt\nexample_input_file1698.txt\nexample_input_file1699.txt\nexample_input_file1700.txt\nexample_input_file1701.txt\nexample_input_file1702.txt\nexample_input_file1703.txt\nexample_input_file1704.txt\nexample_input_file1705.txt\nexample_input_file1706.txt\nexample_input_file1707.txt\nexample_input_file1708.txt\nexample_input_file1709.txt\nexample_input_file1710.txt\nexample_input_file1711.txt\nexample_input_file1712.txt\nexample_input_file1713.txt\nexample_input_file1714.txt\nexample_input_file1715.txt\nexample_input_file1716.txt\nexample_input_file1717.txt\nexample_input_file1718.txt\nexample_input_file1719.txt\nexample_input_file1720.txt\nexample_input_file1721.txt\nexample_input_file1722.txt\nexample_input_file1723.txt\nexample_input_file1724.txt\nexample_input_file1725.txt\nexample_input_file1726.txt\nexample_input_file1727.txt\nexample_input_file1728.txt\nexample_input_file1729.txt\nexample_input_file1730.txt\nexample_input_file1731.txt\nexample_input_file1732.txt\nexample_input_file1733.txt\nexample_input_file1734.txt\nexample_input_file1735.txt\nexample_input_file1736.txt\nexample_input_file1737.txt\nexample_input_file1738.txt\nexample_input_file1739.txt\nexample_input_file1740.txt\nexample_input_file1741.txt\nexample_input_file1742.txt\nexample_input_file1743.txt\nexample_input_file1744.txt\nexample_input_file1745.txt\nexample_input_file1746.txt\nexample_input_file1747.txt\nexample_input_file1748.txt\nexample_input_file1749.txt\nexample_input_file1750.txt\nexample_input_file1751.txt\nexample_input_file1752.txt\nexample_input_file1753.txt\nexample_input_file1754.txt\nexample_input_file1755.txt\nexample_input_file1756.txt\nexample_input_file1757.txt\nexample_input_file1758.txt\nexample_input_file1759.txt\nexample_input_file1760.txt\nexample_input_file1761.txt\nexample_input_file1762.txt\nexample_input_file1763.txt\nexample_input_file1764.txt\nexample_input_file1765.txt\nexample_input_file1766.txt\nexample_input_file1767.txt\nexample_input_file1768.txt\nexample_input_file1769.txt\nexample_input_file1770.txt\nexample_input_file1771.txt\nexample_input_file1772.txt\nexample_input_file1773.txt\nexample_input_file1774.txt\nexample_input_file1775.txt\nexample_input_file1776.txt\nexample_input_file1777.txt\nexample_input_file1778.txt\nexample_input_file1779.txt\nexample_input_file1780.txt\nexample_input_file1781.txt\nexample_input_file1782.txt\nexample_input_file1783.txt\nexample_input_file1784.txt\nexample_input_file1785.txt\nexample_input_file1786.txt\nexample_input_file1787.txt\nexample_input_file1788.txt\nexample_input_file1789.txt\nexample_input_file1790.txt\nexample_input_file1791.txt\nexample_input_file1792.txt\nexample_input_file1793.txt\nexample_input_file1794.txt\nexample_input_file1795.txt\nexample_input_file1796.txt\nexample_input_file1797.txt\nexample_input_file1798.txt\nexample_input_file1799.txt\nexample_input_file1800.txt\nexample_input_file1801.txt\nexample_input_file1802.txt\nexample_input_file1803.txt\nexample_input_file1804.txt\nexample_input_file1805.txt\nexample_input_file1806.txt\nexample_input_file1807.txt\nexample_input_file1808.txt\nexample_input_file1809.txt\nexample_input_file1810.txt\nexample_input_file1811.txt\nexample_input_file1812.txt\nexample_input_file1813.txt\nexample_input_file1814.txt\nexample_input_file1815.txt\nexample_input_file1816.txt\nexample_input_file1817.txt\nexample_input_file1818.txt\nexample_input_file1819.txt\nexample_input_file1820.txt\nexample_input_file1821.txt\nexample_input_file1822.txt\nexample_input_file1823.txt\nexample_input_file1824.txt\nexample_input_file1825.txt\nexample_input_file1826.txt\nexample_input_file1827.txt\nexample_input_file1828.txt\nexample_input_file1829.txt\nexample_input_file1830.txt\nexample_input_file1831.txt\nexample_input_file1832.txt\nexample_input_file1833.txt\nexample_input_file1834.txt\nexample_input_file1835.txt\nexample_input_file1836.txt\nexample_input_file1837.txt\nexample_input_file1838.txt\nexample_input_file1839.txt\nexample_input_file1840.txt\nexample_input_file1841.txt\nexample_input_file1842.txt\nexample_input_file1843.txt\nexample_input_file1844.txt\nexample_input_file1845.txt\nexample_input_file1846.txt\nexample_input_file1847.txt\nexample_input_file1848.txt\nexample_input_file1849.txt\nexample_input_file1850.txt\nexample_input_file1851.txt\nexample_input_file1852.txt\nexample_input_file1853.txt\nexample_input_file1854.txt\nexample_input_file1855.txt\nexample_input_file1856.txt\nexample_input_file1857.txt\nexample_input_file1858.txt\nexample_input_file1859.txt\nexample_input_file1860.txt\nexample_input_file1861.txt\nexample_input_file1862.txt\nexample_input_file1863.txt\nexample_input_file1864.txt\nexample_input_file1865.txt\nexample_input_file1866.txt\nexample_input_file1867.txt\nexample_input_file1868.txt\nexample_input_file1869.txt\nexample_input_file1870.txt\nexample_input_file1871.txt\nexample_input_file1872.txt\nexample_input_file1873.txt\nexample_input_file1874.txt\nexample_input_file1875.txt\nexample_input_file1876.txt\nexample_input_file1877.txt\nexample_input_file1878.txt\nexample_input_file1879.txt\nexample_input_file1880.txt\nexample_input_file1881.txt\nexample_input_file1882.txt\nexample_input_file1883.txt\nexample_input_file1884.txt\nexample_input_file1885.txt\nexample_input_file1886.txt\nexample_input_file1887.txt\nexample_input_file1888.txt\nexample_input_file1889.txt\nexample_input_file1890.txt\nexample_input_file1891.txt\nexample_input_file1892.txt\nexample_input_file1893.txt\nexample_input_file1894.txt\nexample_input_file1895.txt\nexample_input_file1896.txt\nexample_input_file1897.txt\nexample_input_file1898.txt\nexample_input_file1899.txt\nexample_input_file1900.txt\nexample_input_file1901.txt\nexample_input_file1902.txt\nexample_input_file1903.txt\nexample_input_file1904.txt\nexample_input_file1905.txt\nexample_input_file1906.txt\nexample_input_file1907.txt\nexample_input_file1908.txt\nexample_input_file1909.txt\nexample_input_file1910.txt\nexample_input_file1911.txt\nexample_input_file1912.txt\nexample_input_file1913.txt\nexample_input_file1914.txt\nexample_input_file1915.txt\nexample_input_file1916.txt\nexample_input_file1917.txt\nexample_input_file1918.txt\nexample_input_file1919.txt\nexample_input_file1920.txt\nexample_input_file1921.txt\nexample_input_file1922.txt\nexample_input_file1923.txt\nexample_input_file1924.txt\nexample_input_file1925.txt\nexample_input_file1926.txt\nexample_input_file1927.txt\nexample_input_file1928.txt\nexample_input_file1929.txt\nexample_input_file1930.txt\nexample_input_file1931.txt\nexample_input_file1932.txt\nexample_input_file1933.txt\nexample_input_file1934.txt\nexample_input_file1935.txt\nexample_input_file1936.txt\nexample_input_file1937.txt\nexample_input_file1938.txt\nexample_input_file1939.txt\nexample_input_file1940.txt\nexample_input_file1941.txt\nexample_input_file1942.txt\nexample_input_file1943.txt\nexample_input_file1944.txt\nexample_input_file1945.txt\nexample_input_file1946.txt\nexample_input_file1947.txt\nexample_input_file1948.txt\nexample_input_file1949.txt\nexample_input_file1950.txt\nexample_input_file1951.txt\nexample_input_file1952.txt\nexample_input_file1953.txt\nexample_input_file1954.txt\nexample_input_file1955.txt\nexample_input_file1956.txt\nexample_input_file1957.txt\nexample_input_file1958.txt\nexample_input_file1959.txt\nexample_input_file1960.txt\nexample_input_file1961.txt\nexample_input_file1962.txt\nexample_input_file1963.txt\nexample_input_file1964.txt\nexample_input_file1965.txt\nexample_input_file1966.txt\nexample_input_file1967.txt\nexample_input_file1968.txt\nexample_input_file1969.txt\nexample_input_file1970.txt\nexample_input_file1971.txt\nexample_input_file1972.txt\nexample_input_file1973.txt\nexample_input_file1974.txt\nexample_input_file1975.txt\nexample_input_file1976.txt\nexample_input_file1977.txt\nexample_input_file1978.txt\nexample_input_file1979.txt\nexample_input_file1980.txt\nexample_input_file1981.txt\nexample_input_file1982.txt\nexample_input_file1983.txt\nexample_input_file1984.txt\nexample_input_file1985.txt\nexample_input_file1986.txt\nexample_input_file1987.txt\nexample_input_file1988.txt\nexample_input_file1989.txt\nexample_input_file1990.txt\nexample_input_file1991.txt\nexample_input_file1992.txt\nexample_input_file1993.txt\nexample_input_file1994.txt\nexample_input_file1995.txt\nexample_input_file1996.txt\nexample_input_file1997.txt\nexample_input_file1998.txt\nexample_input_file1999.txt\nexample_input_file2000.txt\nexample_input_file2001.txt\nexample_input_file2002.txt\nexample_input_file2003.txt\nexample_input_file2004.txt\nexample_input_file2005.txt\nexample_input_file2006.txt\nexample_input_file2007.txt\nexample_input_file2008.txt\nexample_input_file2009.txt\nexample_input_file2010.txt\nexample_input_file2011.txt\nexample_input_file2012.txt\nexample_input_file2013.txt\nexample_input_file2014.txt\nexample_input_file2015.txt\nexample_input_file2016.txt\nexample_input_file2017.txt\nexample_input_file2018.txt\nexample_input_file2019.txt\nexample_input_file2020.txt\nexample_input_file2021.txt\nexample_input_file2022.txt\nexample_input_file2023.txt\nexample_input_file2024.txt\nexample_input_file2025.txt\nexample_input_file2026.txt\nexample_input_file2027.txt\nexample_input_file2028.txt\nexample_input_file2029.txt\nexample_input_file2030.txt\nexample_input_file2031.txt\nexample_input_file2032.txt\nexample_input_file2033.txt\nexample_input_file2034.txt\nexample_input_file2035.txt\nexample_input_file2036.txt\nexample_input_file2037.txt\nexample_input_file2038.txt\nexample_input_file2039.txt\nexample_input_file2040.txt\nexample_input_file2041.txt\nexample_input_file2042.txt\nexample_input_file2043.txt\nexample_input_file2044.txt\nexample_input_file2045.txt\nexample_input_file2046.txt\nexample_input_file2047.txt\nexample_input_file2048.txt\nexample_input_file2049.txt\nexample_input_file2050.txt\nexample_input_file2051.txt\nexample_input_file2052.txt\nexample_input_file2053.txt\nexample_input_file2054.txt\nexample_input_file2055.txt\nexample_input_file2056.txt\nexample_input_file2057.txt\nexample_input_file2058.txt\nexample_input_file2059.txt\nexample_input_file2060.txt\nexample_input_file2061.txt\nexample_input_file2062.txt\nexample_input_file2063.txt\nexample_input_file2064.txt\nexample_input_file2065.txt\nexample_input_file2066.txt\nexample_input_file2067.txt\nexample_input_file2068.txt\nexample_input_file2069.txt\nexample_input_file2070.txt\nexample_input_file2071.txt\nexample_input_file2072.txt\nexample_input_file2073.txt\nexample_input_file2074.txt\nexample_input_file2075.txt\nexample_input_file2076.txt\nexample_input_file2077.txt\nexample_input_file2078.txt\nexample_input_file2079.txt\nexample_input_file2080.txt\nexample_input_file2081.txt\nexample_input_file2082.txt\nexample_input_file2083.txt\nexample_input_file2084.txt\nexample_input_file2085.txt\nexample_input_file2086.txt\nexample_input_file2087.txt\nexample_input_file2088.txt\nexample_input_file2089.txt\nexample_input_file2090.txt\nexample_input_file2091.txt\nexample_input_file2092.txt\nexample_input_file2093.txt\nexample_input_file2094.txt\nexample_input_file2095.txt\nexample_input_file2096.txt\nexample_input_file2097.txt\nexample_input_file2098.txt\nexample_input_file2099.txt\nexample_input_file2100.txt\nexample_input_file2101.txt\nexample_input_file2102.txt\nexample_input_file2103.txt\nexample_input_file2104.txt\nexample_input_file2105.txt\nexample_input_file2106.txt\nexample_input_file2107.txt\nexample_input_file2108.txt\nexample_input_file2109.txt\nexample_input_file2110.txt\nexample_input_file2111.txt\nexample_input_file2112.txt\nexample_input_file2113.txt\nexample_input_file2114.txt\nexample_input_file2115.txt\nexample_input_file2116.txt\nexample_input_file2117.txt\nexample_input_file2118.txt\nexample_input_file2119.txt\nexample_input_file2120.txt\nexample_input_file2121.txt\nexample_input_file2122.txt\nexample_input_file2123.txt\nexample_input_file2124.txt\nexample_input_file2125.txt\nexample_input_file2126.txt\nexample_input_file2127.txt\nexample_input_file2128.txt\nexample_input_file2129.txt\nexample_input_file2130.txt\nexample_input_file2131.txt\nexample_input_file2132.txt\nexample_input_file2133.txt\nexample_input_file2134.txt\nexample_input_file2135.txt\nexample_input_file2136.txt\nexample_input_file2137.txt\nexample_input_file2138.txt\nexample_input_file2139.txt\nexample_input_file2140.txt\nexample_input_file2141.txt\nexample_input_file2142.txt\nexample_input_file2143.txt\nexample_input_file2144.txt\nexample_input_file2145.txt\nexample_input_file2146.txt\nexample_input_file2147.txt\nexample_input_file2148.txt\nexample_input_file2149.txt\nexample_input_file2150.txt\nexample_input_file2151.txt\nexample_input_file2152.txt\nexample_input_file2153.txt\nexample_input_file2154.txt\nexample_input_file2155.txt\nexample_input_file2156.txt\nexample_input_file2157.txt\nexample_input_file2158.txt\nexample_input_file2159.txt\nexample_input_file2160.txt\nexample_input_file2161.txt\nexample_input_file2162.txt\nexample_input_file2163.txt\nexample_input_file2164.txt\nexample_input_file2165.txt\nexample_input_file2166.txt\nexample_input_file2167.txt\nexample_input_file2168.txt\nexample_input_file2169.txt\nexample_input_file2170.txt\nexample_input_file2171.txt\nexample_input_file2172.txt\nexample_input_file2173.txt\nexample_input_file2174.txt\nexample_input_file2175.txt\nexample_input_file2176.txt\nexample_input_file2177.txt\nexample_input_file2178.txt\nexample_input_file2179.txt\nexample_input_file2180.txt\nexample_input_file2181.txt\nexample_input_file2182.txt\nexample_input_file2183.txt\nexample_input_file2184.txt\nexample_input_file2185.txt\nexample_input_file2186.txt\nexample_input_file2187.txt\nexample_input_file2188.txt\nexample_input_file2189.txt\nexample_input_file2190.txt\nexample_input_file2191.txt\nexample_input_file2192.txt\nexample_input_file2193.txt\nexample_input_file2194.txt\nexample_input_file2195.txt\nexample_input_file2196.txt\nexample_input_file2197.txt\nexample_input_file2198.txt\nexample_input_file2199.txt\nexample_input_file2200.txt\nexample_input_file2201.txt\nexample_input_file2202.txt\nexample_input_file2203.txt\nexample_input_file2204.txt\nexample_input_file2205.txt\nexample_input_file2206.txt\nexample_input_file2207.txt\nexample_input_file2208.txt\nexample_input_file2209.txt\nexample_input_file2210.txt\nexample_input_file2211.txt\nexample_input_file2212.txt\nexample_input_file2213.txt\nexample_input_file2214.txt\nexample_input_file2215.txt\nexample_input_file2216.txt\nexample_input_file2217.txt\nexample_input_file2218.txt\nexample_input_file2219.txt\nexample_input_file2220.txt\nexample_input_file2221.txt\nexample_input_file2222.txt\nexample_input_file2223.txt\nexample_input_file2224.txt\nexample_input_file2225.txt\nexample_input_file2226.txt\nexample_input_file2227.txt\nexample_input_file2228.txt\nexample_input_file2229.txt\nexample_input_file2230.txt\nexample_input_file2231.txt\nexample_input_file2232.txt\nexample_input_file2233.txt\nexample_input_file2234.txt\nexample_input_file2235.txt\nexample_input_file2236.txt\nexample_input_file2237.txt\nexample_input_file2238.txt\nexample_input_file2239.txt\nexample_input_file2240.txt\nexample_input_file2241.txt\nexample_input_file2242.txt\nexample_input_file2243.txt\nexample_input_file2244.txt\nexample_input_file2245.txt\nexample_input_file2246.txt\nexample_input_file2247.txt\nexample_input_file2248.txt\nexample_input_file2249.txt\nexample_input_file2250.txt\nexample_input_file2251.txt\nexample_input_file2252.txt\nexample_input_file2253.txt\nexample_input_file2254.txt\nexample_input_file2255.txt\nexample_input_file2256.txt\nexample_input_file2257.txt\nexample_input_file2258.txt\nexample_input_file2259.txt\nexample_input_file2260.txt\nexample_input_file2261.txt\nexample_input_file2262.txt\nexample_input_file2263.txt\nexample_input_file2264.txt\nexample_input_file2265.txt\nexample_input_file2266.txt\nexample_input_file2267.txt\nexample_input_file2268.txt\nexample_input_file2269.txt\nexample_input_file2270.txt\nexample_input_file2271.txt\nexample_input_file2272.txt\nexample_input_file2273.txt\nexample_input_file2274.txt\nexample_input_file2275.txt\nexample_input_file2276.txt\nexample_input_file2277.txt\nexample_input_file2278.txt\nexample_input_file2279.txt\nexample_input_file2280.txt\nexample_input_file2281.txt\nexample_input_file2282.txt\nexample_input_file2283.txt\nexample_input_file2284.txt\nexample_input_file2285.txt\nexample_input_file2286.txt\nexample_input_file2287.txt\nexample_input_file2288.txt\nexample_input_file2289.txt\nexample_input_file2290.txt\nexample_input_file2291.txt\nexample_input_file2292.txt\nexample_input_file2293.txt\nexample_input_file2294.txt\nexample_input_file2295.txt\nexample_input_file2296.txt\nexample_input_file2297.txt\nexample_input_file2298.txt\nexample_input_file2299.txt\nexample_input_file2300.txt\nexample_input_file2301.txt\nexample_input_file2302.txt\nexample_input_file2303.txt\nexample_input_file2304.txt\nexample_input_file2305.txt\nexample_input_file2306.txt\nexample_input_file2307.txt\nexample_input_file2308.txt\nexample_input_file2309.txt\nexample_input_file2310.txt\nexample_input_file2311.txt\nexample_input_file2312.txt\nexample_input_file2313.txt\nexample_input_file2314.txt\nexample_input_file2315.txt\nexample_input_file2316.txt\nexample_input_file2317.txt\nexample_input_file2318.txt\nexample_input_file2319.txt\nexample_input_file2320.txt\nexample_input_file2321.txt\nexample_input_file2322.txt\nexample_input_file2323.txt\nexample_input_file2324.txt\nexample_input_file2325.txt\nexample_input_file2326.txt\nexample_input_file2327.txt\nexample_input_file2328.txt\nexample_input_file2329.txt\nexample_input_file2330.txt\nexample_input_file2331.txt\nexample_input_file2332.txt\nexample_input_file2333.txt\nexample_input_file2334.txt\nexample_input_file2335.txt\nexample_input_file2336.txt\nexample_input_file2337.txt\nexample_input_file2338.txt\nexample_input_file2339.txt\nexample_input_file2340.txt\nexample_input_file2341.txt\nexample_input_file2342.txt\nexample_input_file2343.txt\nexample_input_file2344.txt\nexample_input_file2345.txt\nexample_input_file2346.txt\nexample_input_file2347.txt\nexample_input_file2348.txt\nexample_input_file2349.txt\nexample_input_file2350.txt\nexample_input_file2351.txt\nexample_input_file2352.txt\nexample_input_file2353.txt\nexample_input_file2354.txt\nexample_input_file2355.txt\nexample_input_file2356.txt\nexample_input_file2357.txt\nexample_input_file2358.txt\nexample_input_file2359.txt\nexample_input_file2360.txt\nexample_input_file2361.txt\nexample_input_file2362.txt\nexample_input_file2363.txt\nexample_input_file2364.txt\nexample_input_file2365.txt\nexample_input_file2366.txt\nexample_input_file2367.txt\nexample_input_file2368.txt\nexample_input_file2369.txt\nexample_input_file2370.txt\nexample_input_file2371.txt\nexample_input_file2372.txt\nexample_input_file2373.txt\nexample_input_file2374.txt\nexample_input_file2375.txt\nexample_input_file2376.txt\nexample_input_file2377.txt\nexample_input_file2378.txt\nexample_input_file2379.txt\nexample_input_file2380.txt\nexample_input_file2381.txt\nexample_input_file2382.txt\nexample_input_file2383.txt\nexample_input_file2384.txt\nexample_input_file2385.txt\nexample_input_file2386.txt\nexample_input_file2387.txt\nexample_input_file2388.txt\nexample_input_file2389.txt\nexample_input_file2390.txt\nexample_input_file2391.txt\nexample_input_file2392.txt\nexample_input_file2393.txt\nexample_input_file2394.txt\nexample_input_file2395.txt\nexample_input_file2396.txt\nexample_input_file2397.txt\nexample_input_file2398.txt\nexample_input_file2399.txt\nexample_input_file2400.txt\nexample_input_file2401.txt\nexample_input_file2402.txt\nexample_input_file2403.txt\nexample_input_file2404.txt\nexample_input_file2405.txt\nexample_input_file2406.txt\nexample_input_file2407.txt\nexample_input_file2408.txt\nexample_input_file2409.txt\nexample_input_file2410.txt\nexample_input_file2411.txt\nexample_input_file2412.txt\nexample_input_file2413.txt\nexample_input_file2414.txt\nexample_input_file2415.txt\nexample_input_file2416.txt\nexample_input_file2417.txt\nexample_input_file2418.txt\nexample_input_file2419.txt\nexample_input_file2420.txt\nexample_input_file2421.txt\nexample_input_file2422.txt\nexample_input_file2423.txt\nexample_input_file2424.txt\nexample_input_file2425.txt\nexample_input_file2426.txt\nexample_input_file2427.txt\nexample_input_file2428.txt\nexample_input_file2429.txt\nexample_input_file2430.txt\nexample_input_file2431.txt\nexample_input_file2432.txt\nexample_input_file2433.txt\nexample_input_file2434.txt\nexample_input_file2435.txt\nexample_input_file2436.txt\nexample_input_file2437.txt\nexample_input_file2438.txt\nexample_input_file2439.txt\nexample_input_file2440.txt\nexample_input_file2441.txt\nexample_input_file2442.txt\nexample_input_file2443.txt\nexample_input_file2444.txt\nexample_input_file2445.txt\nexample_input_file2446.txt\nexample_input_file2447.txt\nexample_input_file2448.txt\nexample_input_file2449.txt\nexample_input_file2450.txt\nexample_input_file2451.txt\nexample_input_file2452.txt\nexample_input_file2453.txt\nexample_input_file2454.txt\nexample_input_file2455.txt\nexample_input_file2456.txt\nexample_input_file2457.txt\nexample_input_file2458.txt\nexample_input_file2459.txt\nexample_input_file2460.txt\nexample_input_file2461.txt\nexample_input_file2462.txt\nexample_input_file2463.txt\nexample_input_file2464.txt\nexample_input_file2465.txt\nexample_input_file2466.txt\nexample_input_file2467.txt\nexample_input_file2468.txt\nexample_input_file2469.txt\nexample_input_file2470.txt\nexample_input_file2471.txt\nexample_input_file2472.txt\nexample_input_file2473.txt\nexample_input_file2474.txt\nexample_input_file2475.txt\nexample_input_file2476.txt\nexample_input_file2477.txt\nexample_input_file2478.txt\nexample_input_file2479.txt\nexample_input_file2480.txt\nexample_input_file2481.txt\nexample_input_file2482.txt\nexample_input_file2483.txt\nexample_input_file2484.txt\nexample_input_file2485.txt\nexample_input_file2486.txt\nexample_input_file2487.txt\nexample_input_file2488.txt\nexample_input_file2489.txt\nexample_input_file2490.txt\nexample_input_file2491.txt\nexample_input_file2492.txt\nexample_input_file2493.txt\nexample_input_file2494.txt\nexample_input_file2495.txt\nexample_input_file2496.txt\nexample_input_file2497.txt\nexample_input_file2498.txt\nexample_input_file2499.txt\nexample_input_file2500.txt\nexample_input_file2501.txt\nexample_input_file2502.txt\nexample_input_file2503.txt\nexample_input_file2504.txt\nexample_input_file2505.txt\nexample_input_file2506.txt\nexample_input_file2507.txt\nexample_input_file2508.txt\nexample_input_file2509.txt\nexample_input_file2510.txt\nexample_input_file2511.txt\nexample_input_file2512.txt\nexample_input_file2513.txt\nexample_input_file2514.txt\nexample_input_file2515.txt\nexample_input_file2516.txt\nexample_input_file2517.txt\nexample_input_file2518.txt\nexample_input_file2519.txt\nexample_input_file2520.txt\nexample_input_file2521.txt\nexample_input_file2522.txt\nexample_input_file2523.txt\nexample_input_file2524.txt\nexample_input_file2525.txt\nexample_input_file2526.txt\nexample_input_file2527.txt\nexample_input_file2528.txt\nexample_input_file2529.txt\nexample_input_file2530.txt\nexample_input_file2531.txt\nexample_input_file2532.txt\nexample_input_file2533.txt\nexample_input_file2534.txt\nexample_input_file2535.txt\nexample_input_file2536.txt\nexample_input_file2537.txt\nexample_input_file2538.txt\nexample_input_file2539.txt\nexample_input_file2540.txt\nexample_input_file2541.txt\nexample_input_file2542.txt\nexample_input_file2543.txt\nexample_input_file2544.txt\nexample_input_file2545.txt\nexample_input_file2546.txt\nexample_input_file2547.txt\nexample_input_file2548.txt\nexample_input_file2549.txt\nexample_input_file2550.txt\nexample_input_file2551.txt\nexample_input_file2552.txt\nexample_input_file2553.txt\nexample_input_file2554.txt\nexample_input_file2555.txt\nexample_input_file2556.txt\nexample_input_file2557.txt\nexample_input_file2558.txt\nexample_input_file2559.txt\nexample_input_file2560.txt\nexample_input_file2561.txt\nexample_input_file2562.txt\nexample_input_file2563.txt\nexample_input_file2564.txt\nexample_input_file2565.txt\nexample_input_file2566.txt\nexample_input_file2567.txt\nexample_input_file2568.txt\nexample_input_file2569.txt\nexample_input_file2570.txt\nexample_input_file2571.txt\nexample_input_file2572.txt\nexample_input_file2573.txt\nexample_input_file2574.txt\nexample_input_file2575.txt\nexample_input_file2576.txt\nexample_input_file2577.txt\nexample_input_file2578.txt\nexample_input_file2579.txt\nexample_input_file2580.txt\nexample_input_file2581.txt\nexample_input_file2582.txt\nexample_input_file2583.txt\nexample_input_file2584.txt\nexample_input_file2585.txt\nexample_input_file2586.txt\nexample_input_file2587.txt\nexample_input_file2588.txt\nexample_input_file2589.txt\nexample_input_file2590.txt\nexample_input_file2591.txt\nexample_input_file2592.txt\nexample_input_file2593.txt\nexample_input_file2594.txt\nexample_input_file2595.txt\nexample_input_file2596.txt\nexample_input_file2597.txt\nexample_input_file2598.txt\nexample_input_file2599.txt\nexample_input_file2600.txt\nexample_input_file2601.txt\nexample_input_file2602.txt\nexample_input_file2603.txt\nexample_input_file2604.txt\nexample_input_file2605.txt\nexample_input_file2606.txt\nexample_input_file2607.txt\nexample_input_file2608.txt\nexample_input_file2609.txt\nexample_input_file2610.txt\nexample_input_file2611.txt\nexample_input_file2612.txt\nexample_input_file2613.txt\nexample_input_file2614.txt\nexample_input_file2615.txt\nexample_input_file2616.txt\nexample_input_file2617.txt\nexample_input_file2618.txt\nexample_input_file2619.txt\nexample_input_file2620.txt\nexample_input_file2621.txt\nexample_input_file2622.txt\nexample_input_file2623.txt\nexample_input_file2624.txt\nexample_input_file2625.txt\nexample_input_file2626.txt\nexample_input_file2627.txt\nexample_input_file2628.txt\nexample_input_file2629.txt\nexample_input_file2630.txt\nexample_input_file2631.txt\nexample_input_file2632.txt\nexample_input_file2633.txt\nexample_input_file2634.txt\nexample_input_file2635.txt\nexample_input_file2636.txt\nexample_input_file2637.txt\nexample_input_file2638.txt\nexample_input_file2639.txt\nexample_input_file2640.txt\nexample_input_file2641.txt\nexample_input_file2642.txt\nexample_input_file2643.txt\nexample_input_file2644.txt\nexample_input_file2645.txt\nexample_input_file2646.txt\nexample_input_file2647.txt\nexample_input_file2648.txt\nexample_input_file2649.txt\nexample_input_file2650.txt\nexample_input_file2651.txt\nexample_input_file2652.txt\nexample_input_file2653.txt\nexample_input_file2654.txt\nexample_input_file2655.txt\nexample_input_file2656.txt\nexample_input_file2657.txt\nexample_input_file2658.txt\nexample_input_file2659.txt\nexample_input_file2660.txt\nexample_input_file2661.txt\nexample_input_file2662.txt\nexample_input_file2663.txt\nexample_input_file2664.txt\nexample_input_file2665.txt\nexample_input_file2666.txt\nexample_input_file2667.txt\nexample_input_file2668.txt\nexample_input_file2669.txt\nexample_input_file2670.txt\nexample_input_file2671.txt\nexample_input_file2672.txt\nexample_input_file2673.txt\nexample_input_file2674.txt\nexample_input_file2675.txt\nexample_input_file2676.txt\nexample_input_file2677.txt\nexample_input_file2678.txt\nexample_input_file2679.txt\nexample_input_file2680.txt\nexample_input_file2681.txt\nexample_input_file2682.txt\nexample_input_file2683.txt\nexample_input_file2684.txt\nexample_input_file2685.txt\nexample_input_file2686.txt\nexample_input_file2687.txt\nexample_input_file2688.txt\nexample_input_file2689.txt\nexample_input_file2690.txt\nexample_input_file2691.txt\nexample_input_file2692.txt\nexample_input_file2693.txt\nexample_input_file2694.txt\nexample_input_file2695.txt\nexample_input_file2696.txt\nexample_input_file2697.txt\nexample_input_file2698.txt\nexample_input_file2699.txt\nexample_input_file2700.txt\nexample_input_file2701.txt\nexample_input_file2702.txt\nexample_input_file2703.txt\nexample_input_file2704.txt\nexample_input_file2705.txt\nexample_input_file2706.txt\nexample_input_file2707.txt\nexample_input_file2708.txt\nexample_input_file2709.txt\nexample_input_file2710.txt\nexample_input_file2711.txt\nexample_input_file2712.txt\nexample_input_file2713.txt\nexample_input_file2714.txt\nexample_input_file2715.txt\nexample_input_file2716.txt\nexample_input_file2717.txt\nexample_input_file2718.txt\nexample_input_file2719.txt\nexample_input_file2720.txt\nexample_input_file2721.txt\nexample_input_file2722.txt\nexample_input_file2723.txt\nexample_input_file2724.txt\nexample_input_file2725.txt\nexample_input_file2726.txt\nexample_input_file2727.txt\nexample_input_file2728.txt\nexample_input_file2729.txt\nexample_input_file2730.txt\nexample_input_file2731.txt\nexample_input_file2732.txt\nexample_input_file2733.txt\nexample_input_file2734.txt\nexample_input_file2735.txt\nexample_input_file2736.txt\nexample_input_file2737.txt\nexample_input_file2738.txt\nexample_input_file2739.txt\nexample_input_file2740.txt\nexample_input_file2741.txt\nexample_input_file2742.txt\nexample_input_file2743.txt\nexample_input_file2744.txt\nexample_input_file2745.txt\nexample_input_file2746.txt\nexample_input_file2747.txt\nexample_input_file2748.txt\nexample_input_file2749.txt\nexample_input_file2750.txt\nexample_input_file2751.txt\nexample_input_file2752.txt\nexample_input_file2753.txt\nexample_input_file2754.txt\nexample_input_file2755.txt\nexample_input_file2756.txt\nexample_input_file2757.txt\nexample_input_file2758.txt\nexample_input_file2759.txt\nexample_input_file2760.txt\nexample_input_file2761.txt\nexample_input_file2762.txt\nexample_input_file2763.txt\nexample_input_file2764.txt\nexample_input_file2765.txt\nexample_input_file2766.txt\nexample_input_file2767.txt\nexample_input_file2768.txt\nexample_input_file2769.txt\nexample_input_file2770.txt\nexample_input_file2771.txt\nexample_input_file2772.txt\nexample_input_file2773.txt\nexample_input_file2774.txt\nexample_input_file2775.txt\nexample_input_file2776.txt\nexample_input_file2777.txt\nexample_input_file2778.txt\nexample_input_file2779.txt\nexample_input_file2780.txt\nexample_input_file2781.txt\nexample_input_file2782.txt\nexample_input_file2783.txt\nexample_input_file2784.txt\nexample_input_file2785.txt\nexample_input_file2786.txt\nexample_input_file2787.txt\nexample_input_file2788.txt\nexample_input_file2789.txt\nexample_input_file2790.txt\nexample_input_file2791.txt\nexample_input_file2792.txt\nexample_input_file2793.txt\nexample_input_file2794.txt\nexample_input_file2795.txt\nexample_input_file2796.txt\nexample_input_file2797.txt\nexample_input_file2798.txt\nexample_input_file2799.txt\nexample_input_file2800.txt\nexample_input_file2801.txt\nexample_input_file2802.txt\nexample_input_file2803.txt\nexample_input_file2804.txt\nexample_input_file2805.txt\nexample_input_file2806.txt\nexample_input_file2807.txt\nexample_input_file2808.txt\nexample_input_file2809.txt\nexample_input_file2810.txt\nexample_input_file2811.txt\nexample_input_file2812.txt\nexample_input_file2813.txt\nexample_input_file2814.txt\nexample_input_file2815.txt\nexample_input_file2816.txt\nexample_input_file2817.txt\nexample_input_file2818.txt\nexample_input_file2819.txt\nexample_input_file2820.txt\nexample_input_file2821.txt\nexample_input_file2822.txt\nexample_input_file2823.txt\nexample_input_file2824.txt\nexample_input_file2825.txt\nexample_input_file2826.txt\nexample_input_file2827.txt\nexample_input_file2828.txt\nexample_input_file2829.txt\nexample_input_file2830.txt\nexample_input_file2831.txt\nexample_input_file2832.txt\nexample_input_file2833.txt\nexample_input_file2834.txt\nexample_input_file2835.txt\nexample_input_file2836.txt\nexample_input_file2837.txt\nexample_input_file2838.txt\nexample_input_file2839.txt\nexample_input_file2840.txt\nexample_input_file2841.txt\nexample_input_file2842.txt\nexample_input_file2843.txt\nexample_input_file2844.txt\nexample_input_file2845.txt\nexample_input_file2846.txt\nexample_input_file2847.txt\nexample_input_file2848.txt\nexample_input_file2849.txt\nexample_input_file2850.txt\nexample_input_file2851.txt\nexample_input_file2852.txt\nexample_input_file2853.txt\nexample_input_file2854.txt\nexample_input_file2855.txt\nexample_input_file2856.txt\nexample_input_file2857.txt\nexample_input_file2858.txt\nexample_input_file2859.txt\nexample_input_file2860.txt\nexample_input_file2861.txt\nexample_input_file2862.txt\nexample_input_file2863.txt\nexample_input_file2864.txt\nexample_input_file2865.txt\nexample_input_file2866.txt\nexample_input_file2867.txt\nexample_input_file2868.txt\nexample_input_file2869.txt\nexample_input_file2870.txt\nexample_input_file2871.txt\nexample_input_file2872.txt\nexample_input_file2873.txt\nexample_input_file2874.txt\nexample_input_file2875.txt\nexample_input_file2876.txt\nexample_input_file2877.txt\nexample_input_file2878.txt\nexample_input_file2879.txt\nexample_input_file2880.txt\nexample_input_file2881.txt\nexample_input_file2882.txt\nexample_input_file2883.txt\nexample_input_file2884.txt\nexample_input_file2885.txt\nexample_input_file2886.txt\nexample_input_file2887.txt\nexample_input_file2888.txt\nexample_input_file2889.txt\nexample_input_file2890.txt\nexample_input_file2891.txt\nexample_input_file2892.txt\nexample_input_file2893.txt\nexample_input_file2894.txt\nexample_input_file2895.txt\nexample_input_file2896.txt\nexample_input_file2897.txt\nexample_input_file2898.txt\nexample_input_file2899.txt\nexample_input_file2900.txt\nexample_input_file2901.txt\nexample_input_file2902.txt\nexample_input_file2903.txt\nexample_input_file2904.txt\nexample_input_file2905.txt\nexample_input_file2906.txt\nexample_input_file2907.txt\nexample_input_file2908.txt\nexample_input_file2909.txt\nexample_input_file2910.txt\nexample_input_file2911.txt\nexample_input_file2912.txt\nexample_input_file2913.txt\nexample_input_file2914.txt\nexample_input_file2915.txt\nexample_input_file2916.txt\nexample_input_file2917.txt\nexample_input_file2918.txt\nexample_input_file2919.txt\nexample_input_file2920.txt\nexample_input_file2921.txt\nexample_input_file2922.txt\nexample_input_file2923.txt\nexample_input_file2924.txt\nexample_input_file2925.txt\nexample_input_file2926.txt\nexample_input_file2927.txt\nexample_input_file2928.txt\nexample_input_file2929.txt\nexample_input_file2930.txt\nexample_input_file2931.txt\nexample_input_file2932.txt\nexample_input_file2933.txt\nexample_input_file2934.txt\nexample_input_file2935.txt\nexample_input_file2936.txt\nexample_input_file2937.txt\nexample_input_file2938.txt\nexample_input_file2939.txt\nexample_input_file2940.txt\nexample_input_file2941.txt\nexample_input_file2942.txt\nexample_input_file2943.txt\nexample_input_file2944.txt\nexample_input_file2945.txt\nexample_input_file2946.txt\nexample_input_file2947.txt\nexample_input_file2948.txt\nexample_input_file2949.txt\nexample_input_file2950.txt\nexample_input_file2951.txt\nexample_input_file2952.txt\nexample_input_file2953.txt\nexample_input_file2954.txt\nexample_input_file2955.txt\nexample_input_file2956.txt\nexample_input_file2957.txt\nexample_input_file2958.txt\nexample_input_file2959.txt\nexample_input_file2960.txt\nexample_input_file2961.txt\nexample_input_file2962.txt\nexample_input_file2963.txt\nexample_input_file2964.txt\nexample_input_file2965.txt\nexample_input_file2966.txt\nexample_input_file2967.txt\nexample_input_file2968.txt\nexample_input_file2969.txt\nexample_input_file2970.txt\nexample_input_file2971.txt\nexample_input_file2972.txt\nexample_input_file2973.txt\nexample_input_file2974.txt\nexample_input_file2975.txt\nexample_input_file2976.txt\nexample_input_file2977.txt\nexample_input_file2978.txt\nexample_input_file2979.txt\nexample_input_file2980.txt\nexample_input_file2981.txt\nexample_input_file2982.txt\nexample_input_file2983.txt\nexample_input_file2984.txt\nexample_input_file2985.txt\nexample_input_file2986.txt\nexample_input_file2987.txt\nexample_input_file2988.txt\nexample_input_file2989.txt\nexample_input_file2990.txt\nexample_input_file2991.txt\nexample_input_file2992.txt\nexample_input_file2993.txt\nexample_input_file2994.txt\nexample_input_file2995.txt\nexample_input_file2996.txt\nexample_input_file2997.txt\nexample_input_file2998.txt\nexample_input_file2999.txt\nexample_input_file3000.txt\nexample_input_file3001.txt\nexample_input_file3002.txt\nexample_input_file3003.txt\nexample_input_file3004.txt\nexample_input_file3005.txt\nexample_input_file3006.txt\nexample_input_file3007.txt\nexample_input_file3008.txt\nexample_input_file3009.txt\nexample_input_file3010.txt\nexample_input_file3011.txt\nexample_input_file3012.txt\nexample_input_file3013.txt\nexample_input_file3014.txt\nexample_input_file3015.txt\nexample_input_file3016.txt\nexample_input_file3017.txt\nexample_input_file3018.txt\nexample_input_file3019.txt\nexample_input_file3020.txt\nexample_input_file3021.txt\nexample_input_file3022.txt\nexample_input_file3023.txt\nexample_input_file3024.txt\nexample_input_file3025.txt\nexample_input_file3026.txt\nexample_input_file3027.txt\nexample_input_file3028.txt\nexample_input_file3029.txt\nexample_input_file3030.txt\nexample_input_file3031.txt\nexample_input_file3032.txt\nexample_input_file3033.txt\nexample_input_file3034.txt\nexample_input_file3035.txt\nexample_input_file3036.txt\nexample_input_file3037.txt\nexample_input_file3038.txt\nexample_input_file3039.txt\nexample_input_file3040.txt\nexample_input_file3041.txt\nexample_input_file3042.txt\nexample_input_file3043.txt\nexample_input_file3044.txt\nexample_input_file3045.txt\nexample_input_file3046.txt\nexample_input_file3047.txt\nexample_input_file3048.txt\nexample_input_file3049.txt\nexample_input_file3050.txt\nexample_input_file3051.txt\nexample_input_file3052.txt\nexample_input_file3053.txt\nexample_input_file3054.txt\nexample_input_file3055.txt\nexample_input_file3056.txt\nexample_input_file3057.txt\nexample_input_file3058.txt\nexample_input_file3059.txt\nexample_input_file3060.txt\nexample_input_file3061.txt\nexample_input_file3062.txt\nexample_input_file3063.txt\nexample_input_file3064.txt\nexample_input_file3065.txt\nexample_input_file3066.txt\nexample_input_file3067.txt\nexample_input_file3068.txt\nexample_input_file3069.txt\nexample_input_file3070.txt\nexample_input_file3071.txt\nexample_input_file3072.txt\nexample_input_file3073.txt\nexample_input_file3074.txt\nexample_input_file3075.txt\nexample_input_file3076.txt\nexample_input_file3077.txt\nexample_input_file3078.txt\nexample_input_file3079.txt\nexample_input_file3080.txt\nexample_input_file3081.txt\nexample_input_file3082.txt\nexample_input_file3083.txt\nexample_input_file3084.txt\nexample_input_file3085.txt\nexample_input_file3086.txt\nexample_input_file3087.txt\nexample_input_file3088.txt\nexample_input_file3089.txt\nexample_input_file3090.txt\nexample_input_file3091.txt\nexample_input_file3092.txt\nexample_input_file3093.txt\nexample_input_file3094.txt\nexample_input_file3095.txt\nexample_input_file3096.txt\nexample_input_file3097.txt\nexample_input_file3098.txt\nexample_input_file3099.txt\nexample_input_file3100.txt\nexample_input_file3101.txt\nexample_input_file3102.txt\nexample_input_file3103.txt\nexample_input_file3104.txt\nexample_input_file3105.txt\nexample_input_file3106.txt\nexample_input_file3107.txt\nexample_input_file3108.txt\nexample_input_file3109.txt\nexample_input_file3110.txt\nexample_input_file3111.txt\nexample_input_file3112.txt\nexample_input_file3113.txt\nexample_input_file3114.txt\nexample_input_file3115.txt\nexample_input_file3116.txt\nexample_input_file3117.txt\nexample_input_file3118.txt\nexample_input_file3119.txt\nexample_input_file3120.txt\nexample_input_file3121.txt\nexample_input_file3122.txt\nexample_input_file3123.txt\nexample_input_file3124.txt\nexample_input_file3125.txt\nexample_input_file3126.txt\nexample_input_file3127.txt\nexample_input_file3128.txt\nexample_input_file3129.txt\nexample_input_file3130.txt\nexample_input_file3131.txt\nexample_input_file3132.txt\nexample_input_file3133.txt\nexample_input_file3134.txt\nexample_input_file3135.txt\nexample_input_file3136.txt\nexample_input_file3137.txt\nexample_input_file3138.txt\nexample_input_file3139.txt\nexample_input_file3140.txt\nexample_input_file3141.txt\nexample_input_file3142.txt\nexample_input_file3143.txt\nexample_input_file3144.txt\nexample_input_file3145.txt\nexample_input_file3146.txt\nexample_input_file3147.txt\nexample_input_file3148.txt\nexample_input_file3149.txt\nexample_input_file3150.txt\nexample_input_file3151.txt\nexample_input_file3152.txt\nexample_input_file3153.txt\nexample_input_file3154.txt\nexample_input_file3155.txt\nexample_input_file3156.txt\nexample_input_file3157.txt\nexample_input_file3158.txt\nexample_input_file3159.txt\nexample_input_file3160.txt\nexample_input_file3161.txt\nexample_input_file3162.txt\nexample_input_file3163.txt\nexample_input_file3164.txt\nexample_input_file3165.txt\nexample_input_file3166.txt\nexample_input_file3167.txt\nexample_input_file3168.txt\nexample_input_file3169.txt\nexample_input_file3170.txt\nexample_input_file3171.txt\nexample_input_file3172.txt\nexample_input_file3173.txt\nexample_input_file3174.txt\nexample_input_file3175.txt\nexample_input_file3176.txt\nexample_input_file3177.txt\nexample_input_file3178.txt\nexample_input_file3179.txt\nexample_input_file3180.txt\nexample_input_file3181.txt\nexample_input_file3182.txt\nexample_input_file3183.txt\nexample_input_file3184.txt\nexample_input_file3185.txt\nexample_input_file3186.txt\nexample_input_file3187.txt\nexample_input_file3188.txt\nexample_input_file3189.txt\nexample_input_file3190.txt\nexample_input_file3191.txt\nexample_input_file3192.txt\nexample_input_file3193.txt\nexample_input_file3194.txt\nexample_input_file3195.txt\nexample_input_file3196.txt\nexample_input_file3197.txt\nexample_input_file3198.txt\nexample_input_file3199.txt\nexample_input_file3200.txt\nexample_input_file3201.txt\nexample_input_file3202.txt\nexample_input_file3203.txt\nexample_input_file3204.txt\nexample_input_file3205.txt\nexample_input_file3206.txt\nexample_input_file3207.txt\nexample_input_file3208.txt\nexample_input_file3209.txt\nexample_input_file3210.txt\nexample_input_file3211.txt\nexample_input_file3212.txt\nexample_input_file3213.txt\nexample_input_file3214.txt\nexample_input_file3215.txt\nexample_input_file3216.txt\nexample_input_file3217.txt\nexample_input_file3218.txt\nexample_input_file3219.txt\nexample_input_file3220.txt\nexample_input_file3221.txt\nexample_input_file3222.txt\nexample_input_file3223.txt\nexample_input_file3224.txt\nexample_input_file3225.txt\nexample_input_file3226.txt\nexample_input_file3227.txt\nexample_input_file3228.txt\nexample_input_file3229.txt\nexample_input_file3230.txt\nexample_input_file3231.txt\nexample_input_file3232.txt\nexample_input_file3233.txt\nexample_input_file3234.txt\nexample_input_file3235.txt\nexample_input_file3236.txt\nexample_input_file3237.txt\nexample_input_file3238.txt\nexample_input_file3239.txt\nexample_input_file3240.txt\nexample_input_file3241.txt\nexample_input_file3242.txt\nexample_input_file3243.txt\nexample_input_file3244.txt\nexample_input_file3245.txt\nexample_input_file3246.txt\nexample_input_file3247.txt\nexample_input_file3248.txt\nexample_input_file3249.txt\nexample_input_file3250.txt\nexample_input_file3251.txt\nexample_input_file3252.txt\nexample_input_file3253.txt\nexample_input_file3254.txt\nexample_input_file3255.txt\nexample_input_file3256.txt\nexample_input_file3257.txt\nexample_input_file3258.txt\nexample_input_file3259.txt\nexample_input_file3260.txt\nexample_input_file3261.txt\nexample_input_file3262.txt\nexample_input_file3263.txt\nexample_input_file3264.txt\nexample_input_file3265.txt\nexample_input_file3266.txt\nexample_input_file3267.txt\nexample_input_file3268.txt\nexample_input_file3269.txt\nexample_input_file3270.txt\nexample_input_file3271.txt\nexample_input_file3272.txt\nexample_input_file3273.txt\nexample_input_file3274.txt\nexample_input_file3275.txt\nexample_input_file3276.txt\nexample_input_file3277.txt\nexample_input_file3278.txt\nexample_input_file3279.txt\nexample_input_file3280.txt\nexample_input_file3281.txt\nexample_input_file3282.txt\nexample_input_file3283.txt\nexample_input_file3284.txt\nexample_input_file3285.txt\nexample_input_file3286.txt\nexample_input_file3287.txt\nexample_input_file3288.txt\nexample_input_file3289.txt\nexample_input_file3290.txt\nexample_input_file3291.txt\nexample_input_file3292.txt\nexample_input_file3293.txt\nexample_input_file3294.txt\nexample_input_file3295.txt\nexample_input_file3296.txt\nexample_input_file3297.txt\nexample_input_file3298.txt\nexample_input_file3299.txt\nexample_input_file3300.txt\nexample_input_file3301.txt\nexample_input_file3302.txt\nexample_input_file3303.txt\nexample_input_file3304.txt\nexample_input_file3305.txt\nexample_input_file3306.txt\nexample_input_file3307.txt\nexample_input_file3308.txt\nexample_input_file3309.txt\nexample_input_file3310.txt\nexample_input_file3311.txt\nexample_input_file3312.txt\nexample_input_file3313.txt\nexample_input_file3314.txt\nexample_input_file3315.txt\nexample_input_file3316.txt\nexample_input_file3317.txt\nexample_input_file3318.txt\nexample_input_file3319.txt\nexample_input_file3320.txt\nexample_input_file3321.txt\nexample_input_file3322.txt\nexample_input_file3323.txt\nexample_input_file3324.txt\nexample_input_file3325.txt\nexample_input_file3326.txt\nexample_input_file3327.txt\nexample_input_file3328.txt\nexample_input_file3329.txt\nexample_input_file3330.txt\nexample_input_file3331.txt\nexample_input_file3332.txt\nexample_input_file3333.txt\nexample_input_file3334.txt\nexample_input_file3335.txt\nexample_input_file3336.txt\nexample_input_file3337.txt\nexample_input_file3338.txt\nexample_input_file3339.txt\nexample_input_file3340.txt\nexample_input_file3341.txt\nexample_input_file3342.txt\nexample_input_file3343.txt\nexample_input_file3344.txt\nexample_input_file3345.txt\nexample_input_file3346.txt\nexample_input_file3347.txt\nexample_input_file3348.txt\nexample_input_file3349.txt\nexample_input_file3350.txt\nexample_input_file3351.txt\nexample_input_file3352.txt\nexample_input_file3353.txt\nexample_input_file3354.txt\nexample_input_file3355.txt\nexample_input_file3356.txt\nexample_input_file3357.txt\nexample_input_file3358.txt\nexample_input_file3359.txt\nexample_input_file3360.txt\nexample_input_file3361.txt\nexample_input_file3362.txt\nexample_input_file3363.txt\nexample_input_file3364.txt\nexample_input_file3365.txt\nexample_input_file3366.txt\nexample_input_file3367.txt\nexample_input_file3368.txt\nexample_input_file3369.txt\nexample_input_file3370.txt\nexample_input_file3371.txt\nexample_input_file3372.txt\nexample_input_file3373.txt\nexample_input_file3374.txt\nexample_input_file3375.txt\nexample_input_file3376.txt\nexample_input_file3377.txt\nexample_input_file3378.txt\nexample_input_file3379.txt\nexample_input_file3380.txt\nexample_input_file3381.txt\nexample_input_file3382.txt\nexample_input_file3383.txt\nexample_input_file3384.txt\nexample_input_file3385.txt\nexample_input_file3386.txt\nexample_input_file3387.txt\nexample_input_file3388.txt\nexample_input_file3389.txt\nexample_input_file3390.txt\nexample_input_file3391.txt\nexample_input_file3392.txt\nexample_input_file3393.txt\nexample_input_file3394.txt\nexample_input_file3395.txt\nexample_input_file3396.txt\nexample_input_file3397.txt\nexample_input_file3398.txt\nexample_input_file3399.txt\nexample_input_file3400.txt\nexample_input_file3401.txt\nexample_input_file3402.txt\nexample_input_file3403.txt\nexample_input_file3404.txt\nexample_input_file3405.txt\nexample_input_file3406.txt\nexample_input_file3407.txt\nexample_input_file3408.txt\nexample_input_file3409.txt\nexample_input_file3410.txt\nexample_input_file3411.txt\nexample_input_file3412.txt\nexample_input_file3413.txt\nexample_input_file3414.txt\nexample_input_file3415.txt\nexample_input_file3416.txt\nexample_input_file3417.txt\nexample_input_file3418.txt\nexample_input_file3419.txt\nexample_input_file3420.txt\nexample_input_file3421.txt\nexample_input_file3422.txt\nexample_input_file3423.txt\nexample_input_file3424.txt\nexample_input_file3425.txt\nexample_input_file3426.txt\nexample_input_file3427.txt\nexample_input_file3428.txt\nexample_input_file3429.txt\nexample_input_file3430.txt\nexample_input_file3431.txt\nexample_input_file3432.txt\nexample_input_file3433.txt\nexample_input_file3434.txt\nexample_input_file3435.txt\nexample_input_file3436.txt\nexample_input_file3437.txt\nexample_input_file3438.txt\nexample_input_file3439.txt\nexample_input_file3440.txt\nexample_input_file3441.txt\nexample_input_file3442.txt\nexample_input_file3443.txt\nexample_input_file3444.txt\nexample_input_file3445.txt\nexample_input_file3446.txt\nexample_input_file3447.txt\nexample_input_file3448.txt\nexample_input_file3449.txt\nexample_input_file3450.txt\nexample_input_file3451.txt\nexample_input_file3452.txt\nexample_input_file3453.txt\nexample_input_file3454.txt\nexample_input_file3455.txt\nexample_input_file3456.txt\nexample_input_file3457.txt\nexample_input_file3458.txt\nexample_input_file3459.txt\nexample_input_file3460.txt\nexample_input_file3461.txt\nexample_input_file3462.txt\nexample_input_file3463.txt\nexample_input_file3464.txt\nexample_input_file3465.txt\nexample_input_file3466.txt\nexample_input_file3467.txt\nexample_input_file3468.txt\nexample_input_file3469.txt\nexample_input_file3470.txt\nexample_input_file3471.txt\nexample_input_file3472.txt\nexample_input_file3473.txt\nexample_input_file3474.txt\nexample_input_file3475.txt\nexample_input_file3476.txt\nexample_input_file3477.txt\nexample_input_file3478.txt\nexample_input_file3479.txt\nexample_input_file3480.txt\nexample_input_file3481.txt\nexample_input_file3482.txt\nexample_input_file3483.txt\nexample_input_file3484.txt\nexample_input_file3485.txt\nexample_input_file3486.txt\nexample_input_file3487.txt\nexample_input_file3488.txt\nexample_input_file3489.txt\nexample_input_file3490.txt\nexample_input_file3491.txt\nexample_input_file3492.txt\nexample_input_file3493.txt\nexample_input_file3494.txt\nexample_input_file3495.txt\nexample_input_file3496.txt\nexample_input_file3497.txt\nexample_input_file3498.txt\nexample_input_file3499.txt\nexample_input_file3500.txt\nexample_input_file3501.txt\nexample_input_file3502.txt\nexample_input_file3503.txt\nexample_input_file3504.txt\nexample_input_file3505.txt\nexample_input_file3506.txt\nexample_input_file3507.txt\nexample_input_file3508.txt\nexample_input_file3509.txt\nexample_input_file3510.txt\nexample_input_file3511.txt\nexample_input_file3512.txt\nexample_input_file3513.txt\nexample_input_file3514.txt\nexample_input_file3515.txt\nexample_input_file3516.txt\nexample_input_file3517.txt\nexample_input_file3518.txt\nexample_input_file3519.txt\nexample_input_file3520.txt\nexample_input_file3521.txt\nexample_input_file3522.txt\nexample_input_file3523.txt\nexample_input_file3524.txt\nexample_input_file3525.txt\nexample_input_file3526.txt\nexample_input_file3527.txt\nexample_input_file3528.txt\nexample_input_file3529.txt\nexample_input_file3530.txt\nexample_input_file3531.txt\nexample_input_file3532.txt\nexample_input_file3533.txt\nexample_input_file3534.txt\nexample_input_file3535.txt\nexample_input_file3536.txt\nexample_input_file3537.txt\nexample_input_file3538.txt\nexample_input_file3539.txt\nexample_input_file3540.txt\nexample_input_file3541.txt\nexample_input_file3542.txt\nexample_input_file3543.txt\nexample_input_file3544.txt\nexample_input_file3545.txt\nexample_input_file3546.txt\nexample_input_file3547.txt\nexample_input_file3548.txt\nexample_input_file3549.txt\nexample_input_file3550.txt\nexample_input_file3551.txt\nexample_input_file3552.txt\nexample_input_file3553.txt\nexample_input_file3554.txt\nexample_input_file3555.txt\nexample_input_file3556.txt\nexample_input_file3557.txt\nexample_input_file3558.txt\nexample_input_file3559.txt\nexample_input_file3560.txt\nexample_input_file3561.txt\nexample_input_file3562.txt\nexample_input_file3563.txt\nexample_input_file3564.txt\nexample_input_file3565.txt\nexample_input_file3566.txt\nexample_input_file3567.txt\nexample_input_file3568.txt\nexample_input_file3569.txt\nexample_input_file3570.txt\nexample_input_file3571.txt\nexample_input_file3572.txt\nexample_input_file3573.txt\nexample_input_file3574.txt\nexample_input_file3575.txt\nexample_input_file3576.txt\nexample_input_file3577.txt\nexample_input_file3578.txt\nexample_input_file3579.txt\nexample_input_file3580.txt\nexample_input_file3581.txt\nexample_input_file3582.txt\nexample_input_file3583.txt\nexample_input_file3584.txt\nexample_input_file3585.txt\nexample_input_file3586.txt\nexample_input_file3587.txt\nexample_input_file3588.txt\nexample_input_file3589.txt\nexample_input_file3590.txt\nexample_input_file3591.txt\nexample_input_file3592.txt\nexample_input_file3593.txt\nexample_input_file3594.txt\nexample_input_file3595.txt\nexample_input_file3596.txt\nexample_input_file3597.txt\nexample_input_file3598.txt\nexample_input_file3599.txt\nexample_input_file3600.txt\nexample_input_file3601.txt\nexample_input_file3602.txt\nexample_input_file3603.txt\nexample_input_file3604.txt\nexample_input_file3605.txt\nexample_input_file3606.txt\nexample_input_file3607.txt\nexample_input_file3608.txt\nexample_input_file3609.txt\nexample_input_file3610.txt\nexample_input_file3611.txt\nexample_input_file3612.txt\nexample_input_file3613.txt\nexample_input_file3614.txt\nexample_input_file3615.txt\nexample_input_file3616.txt\nexample_input_file3617.txt\nexample_input_file3618.txt\nexample_input_file3619.txt\nexample_input_file3620.txt\nexample_input_file3621.txt\nexample_input_file3622.txt\nexample_input_file3623.txt\nexample_input_file3624.txt\nexample_input_file3625.txt\nexample_input_file3626.txt\nexample_input_file3627.txt\nexample_input_file3628.txt\nexample_input_file3629.txt\nexample_input_file3630.txt\nexample_input_file3631.txt\nexample_input_file3632.txt\nexample_input_file3633.txt\nexample_input_file3634.txt\nexample_input_file3635.txt\nexample_input_file3636.txt\nexample_input_file3637.txt\nexample_input_file3638.txt\nexample_input_file3639.txt\nexample_input_file3640.txt\nexample_input_file3641.txt\nexample_input_file3642.txt\nexample_input_file3643.txt\nexample_input_file3644.txt\nexample_input_file3645.txt\nexample_input_file3646.txt\nexample_input_file3647.txt\nexample_input_file3648.txt\nexample_input_file3649.txt\nexample_input_file3650.txt\nexample_input_file3651.txt\nexample_input_file3652.txt\nexample_input_file3653.txt\nexample_input_file3654.txt\nexample_input_file3655.txt\nexample_input_file3656.txt\nexample_input_file3657.txt\nexample_input_file3658.txt\nexample_input_file3659.txt\nexample_input_file3660.txt\nexample_input_file3661.txt\nexample_input_file3662.txt\nexample_input_file3663.txt\nexample_input_file3664.txt\nexample_input_file3665.txt\nexample_input_file3666.txt\nexample_input_file3667.txt\nexample_input_file3668.txt\nexample_input_file3669.txt\nexample_input_file3670.txt\nexample_input_file3671.txt\nexample_input_file3672.txt\nexample_input_file3673.txt\nexample_input_file3674.txt\nexample_input_file3675.txt\nexample_input_file3676.txt\nexample_input_file3677.txt\nexample_input_file3678.txt\nexample_input_file3679.txt\nexample_input_file3680.txt\nexample_input_file3681.txt\nexample_input_file3682.txt\nexample_input_file3683.txt\nexample_input_file3684.txt\nexample_input_file3685.txt\nexample_input_file3686.txt\nexample_input_file3687.txt\nexample_input_file3688.txt\nexample_input_file3689.txt\nexample_input_file3690.txt\nexample_input_file3691.txt\nexample_input_file3692.txt\nexample_input_file3693.txt\nexample_input_file3694.txt\nexample_input_file3695.txt\nexample_input_file3696.txt\nexample_input_file3697.txt\nexample_input_file3698.txt\nexample_input_file3699.txt\nexample_input_file3700.txt\nexample_input_file3701.txt\nexample_input_file3702.txt\nexample_input_file3703.txt\nexample_input_file3704.txt\nexample_input_file3705.txt\nexample_input_file3706.txt\nexample_input_file3707.txt\nexample_input_file3708.txt\nexample_input_file3709.txt\nexample_input_file3710.txt\nexample_input_file3711.txt\nexample_input_file3712.txt\nexample_input_file3713.txt\nexample_input_file3714.txt\nexample_input_file3715.txt\nexample_input_file3716.txt\nexample_input_file3717.txt\nexample_input_file3718.txt\nexample_input_file3719.txt\nexample_input_file3720.txt\nexample_input_file3721.txt\nexample_input_file3722.txt\nexample_input_file3723.txt\nexample_input_file3724.txt\nexample_input_file3725.txt\nexample_input_file3726.txt\nexample_input_file3727.txt\nexample_input_file3728.txt\nexample_input_file3729.txt\nexample_input_file3730.txt\nexample_input_file3731.txt\nexample_input_file3732.txt\nexample_input_file3733.txt\nexample_input_file3734.txt\nexample_input_file3735.txt\nexample_input_file3736.txt\nexample_input_file3737.txt\nexample_input_file3738.txt\nexample_input_file3739.txt\nexample_input_file3740.txt\nexample_input_file3741.txt\nexample_input_file3742.txt\nexample_input_file3743.txt\nexample_input_file3744.txt\nexample_input_file3745.txt\nexample_input_file3746.txt\nexample_input_file3747.txt\nexample_input_file3748.txt\nexample_input_file3749.txt\nexample_input_file3750.txt\nexample_input_file3751.txt\nexample_input_file3752.txt\nexample_input_file3753.txt\nexample_input_file3754.txt\nexample_input_file3755.txt\nexample_input_file3756.txt\nexample_input_file3757.txt\nexample_input_file3758.txt\nexample_input_file3759.txt\nexample_input_file3760.txt\nexample_input_file3761.txt\nexample_input_file3762.txt\nexample_input_file3763.txt\nexample_input_file3764.txt\nexample_input_file3765.txt\nexample_input_file3766.txt\nexample_input_file3767.txt\nexample_input_file3768.txt\nexample_input_file3769.txt\nexample_input_file3770.txt\nexample_input_file3771.txt\nexample_input_file3772.txt\nexample_input_file3773.txt\nexample_input_file3774.txt\nexample_input_file3775.txt\nexample_input_file3776.txt\nexample_input_file3777.txt\nexample_input_file3778.txt\nexample_input_file3779.txt\nexample_input_file3780.txt\nexample_input_file3781.txt\nexample_input_file3782.txt\nexample_input_file3783.txt\nexample_input_file3784.txt\nexample_input_file3785.txt\nexample_input_file3786.txt\nexample_input_file3787.txt\nexample_input_file3788.txt\nexample_input_file3789.txt\nexample_input_file3790.txt\nexample_input_file3791.txt\nexample_input_file3792.txt\nexample_input_file3793.txt\nexample_input_file3794.txt\nexample_input_file3795.txt\nexample_input_file3796.txt\nexample_input_file3797.txt\nexample_input_file3798.txt\nexample_input_file3799.txt\nexample_input_file3800.txt\nexample_input_file3801.txt\nexample_input_file3802.txt\nexample_input_file3803.txt\nexample_input_file3804.txt\nexample_input_file3805.txt\nexample_input_file3806.txt\nexample_input_file3807.txt\nexample_input_file3808.txt\nexample_input_file3809.txt\nexample_input_file3810.txt\nexample_input_file3811.txt\nexample_input_file3812.txt\nexample_input_file3813.txt\nexample_input_file3814.txt\nexample_input_file3815.txt\nexample_input_file3816.txt\nexample_input_file3817.txt\nexample_input_file3818.txt\nexample_input_file3819.txt\nexample_input_file3820.txt\nexample_input_file3821.txt\nexample_input_file3822.txt\nexample_input_file3823.txt\nexample_input_file3824.txt\nexample_input_file3825.txt\nexample_input_file3826.txt\nexample_input_file3827.txt\nexample_input_file3828.txt\nexample_input_file3829.txt\nexample_input_file3830.txt\nexample_input_file3831.txt\nexample_input_file3832.txt\nexample_input_file3833.txt\nexample_input_file3834.txt\nexample_input_file3835.txt\nexample_input_file3836.txt\nexample_input_file3837.txt\nexample_input_file3838.txt\nexample_input_file3839.txt\nexample_input_file3840.txt\nexample_input_file3841.txt\nexample_input_file3842.txt\nexample_input_file3843.txt\nexample_input_file3844.txt\nexample_input_file3845.txt\nexample_input_file3846.txt\nexample_input_file3847.txt\nexample_input_file3848.txt\nexample_input_file3849.txt\nexample_input_file3850.txt\nexample_input_file3851.txt\nexample_input_file3852.txt\nexample_input_file3853.txt\nexample_input_file3854.txt\nexample_input_file3855.txt\nexample_input_file3856.txt\nexample_input_file3857.txt\nexample_input_file3858.txt\nexample_input_file3859.txt\nexample_input_file3860.txt\nexample_input_file3861.txt\nexample_input_file3862.txt\nexample_input_file3863.txt\nexample_input_file3864.txt\nexample_input_file3865.txt\nexample_input_file3866.txt\nexample_input_file3867.txt\nexample_input_file3868.txt\nexample_input_file3869.txt\nexample_input_file3870.txt\nexample_input_file3871.txt\nexample_input_file3872.txt\nexample_input_file3873.txt\nexample_input_file3874.txt\nexample_input_file3875.txt\nexample_input_file3876.txt\nexample_input_file3877.txt\nexample_input_file3878.txt\nexample_input_file3879.txt\nexample_input_file3880.txt\nexample_input_file3881.txt\nexample_input_file3882.txt\nexample_input_file3883.txt\nexample_input_file3884.txt\nexample_input_file3885.txt\nexample_input_file3886.txt\nexample_input_file3887.txt\nexample_input_file3888.txt\nexample_input_file3889.txt\nexample_input_file3890.txt\nexample_input_file3891.txt\nexample_input_file3892.txt\nexample_input_file3893.txt\nexample_input_file3894.txt\nexample_input_file3895.txt\nexample_input_file3896.txt\nexample_input_file3897.txt\nexample_input_file3898.txt\nexample_input_file3899.txt\nexample_input_file3900.txt\nexample_input_file3901.txt\nexample_input_file3902.txt\nexample_input_file3903.txt\nexample_input_file3904.txt\nexample_input_file3905.txt\nexample_input_file3906.txt\nexample_input_file3907.txt\nexample_input_file3908.txt\nexample_input_file3909.txt\nexample_input_file3910.txt\nexample_input_file3911.txt\nexample_input_file3912.txt\nexample_input_file3913.txt\nexample_input_file3914.txt\nexample_input_file3915.txt\nexample_input_file3916.txt\nexample_input_file3917.txt\nexample_input_file3918.txt\nexample_input_file3919.txt\nexample_input_file3920.txt\nexample_input_file3921.txt\nexample_input_file3922.txt\nexample_input_file3923.txt\nexample_input_file3924.txt\nexample_input_file3925.txt\nexample_input_file3926.txt\nexample_input_file3927.txt\nexample_input_file3928.txt\nexample_input_file3929.txt\nexample_input_file3930.txt\nexample_input_file3931.txt\nexample_input_file3932.txt\nexample_input_file3933.txt\nexample_input_file3934.txt\nexample_input_file3935.txt\nexample_input_file3936.txt\nexample_input_file3937.txt\nexample_input_file3938.txt\nexample_input_file3939.txt\nexample_input_file3940.txt\nexample_input_file3941.txt\nexample_input_file3942.txt\nexample_input_file3943.txt\nexample_input_file3944.txt\nexample_input_file3945.txt\nexample_input_file3946.txt\nexample_input_file3947.txt\nexample_input_file3948.txt\nexample_input_file3949.txt\nexample_input_file3950.txt\nexample_input_file3951.txt\nexample_input_file3952.txt\nexample_input_file3953.txt\nexample_input_file3954.txt\nexample_input_file3955.txt\nexample_input_file3956.txt\nexample_input_file3957.txt\nexample_input_file3958.txt\nexample_input_file3959.txt\nexample_input_file3960.txt\nexample_input_file3961.txt\nexample_input_file3962.txt\nexample_input_file3963.txt\nexample_input_file3964.txt\nexample_input_file3965.txt\nexample_input_file3966.txt\nexample_input_file3967.txt\nexample_input_file3968.txt\nexample_input_file3969.txt\nexample_input_file3970.txt\nexample_input_file3971.txt\nexample_input_file3972.txt\nexample_input_file3973.txt\nexample_input_file3974.txt\nexample_input_file3975.txt\nexample_input_file3976.txt\nexample_input_file3977.txt\nexample_input_file3978.txt\nexample_input_file3979.txt\nexample_input_file3980.txt\nexample_input_file3981.txt\nexample_input_file3982.txt\nexample_input_file3983.txt\nexample_input_file3984.txt\nexample_input_file3985.txt\nexample_input_file3986.txt\nexample_input_file3987.txt\nexample_input_file3988.txt\nexample_input_file3989.txt\nexample_input_file3990.txt\nexample_input_file3991.txt\nexample_input_file3992.txt\nexample_input_file3993.txt\nexample_input_file3994.txt\nexample_input_file3995.txt\nexample_input_file3996.txt\nexample_input_file3997.txt\nexample_input_file3998.txt\nexample_input_file3999.txt\nexample_input_file4000.txt\nexample_input_file4001.txt\nexample_input_file4002.txt\nexample_input_file4003.txt\nexample_input_file4004.txt\nexample_input_file4005.txt\nexample_input_file4006.txt\nexample_input_file4007.txt\nexample_input_file4008.txt\nexample_input_file4009.txt\nexample_input_file4010.txt\nexample_input_file4011.txt\nexample_input_file4012.txt\nexample_input_file4013.txt\nexample_input_file4014.txt\nexample_input_file4015.txt\nexample_input_file4016.txt\nexample_input_file4017.txt\nexample_input_file4018.txt\nexample_input_file4019.txt\nexample_input_file4020.txt\nexample_input_file4021.txt\nexample_input_file4022.txt\nexample_input_file4023.txt\nexample_input_file4024.txt\nexample_input_file4025.txt\nexample_input_file4026.txt\nexample_input_file4027.txt\nexample_input_file4028.txt\nexample_input_file4029.txt\nexample_input_file4030.txt\nexample_input_file4031.txt\nexample_input_file4032.txt\nexample_input_file4033.txt\nexample_input_file4034.txt\nexample_input_file4035.txt\nexample_input_file4036.txt\nexample_input_file4037.txt\nexample_input_file4038.txt\nexample_input_file4039.txt\nexample_input_file4040.txt\nexample_input_file4041.txt\nexample_input_file4042.txt\nexample_input_file4043.txt\nexample_input_file4044.txt\nexample_input_file4045.txt\nexample_input_file4046.txt\nexample_input_file4047.txt\nexample_input_file4048.txt\nexample_input_file4049.txt\nexample_input_file4050.txt\nexample_input_file4051.txt\nexample_input_file4052.txt\nexample_input_file4053.txt\nexample_input_file4054.txt\nexample_input_file4055.txt\nexample_input_file4056.txt\nexample_input_file4057.txt\nexample_input_file4058.txt\nexample_input_file4059.txt\nexample_input_file4060.txt\nexample_input_file4061.txt\nexample_input_file4062.txt\nexample_input_file4063.txt\nexample_input_file4064.txt\nexample_input_file4065.txt\nexample_input_file4066.txt\nexample_input_file4067.txt\nexample_input_file4068.txt\nexample_input_file4069.txt\nexample_input_file4070.txt\nexample_input_file4071.txt\nexample_input_file4072.txt\nexample_input_file4073.txt\nexample_input_file4074.txt\nexample_input_file4075.txt\nexample_input_file4076.txt\nexample_input_file4077.txt\nexample_input_file4078.txt\nexample_input_file4079.txt\nexample_input_file4080.txt\nexample_input_file4081.txt\nexample_input_file4082.txt\nexample_input_file4083.txt\nexample_input_file4084.txt\nexample_input_file4085.txt\nexample_input_file4086.txt\nexample_input_file4087.txt\nexample_input_file4088.txt\nexample_input_file4089.txt\nexample_input_file4090.txt\nexample_input_file4091.txt\nexample_input_file4092.txt\nexample_input_file4093.txt\nexample_input_file4094.txt\nexample_input_file4095.txt\nexample_input_file4096.txt\nexample_input_file4097.txt\nexample_input_file4098.txt\nexample_input_file4099.txt\nexample_input_file4100.txt\nexample_input_file4101.txt\nexample_input_file4102.txt\nexample_input_file4103.txt\nexample_input_file4104.txt\nexample_input_file4105.txt\nexample_input_file4106.txt\nexample_input_file4107.txt\nexample_input_file4108.txt\nexample_input_file4109.txt\nexample_input_file4110.txt\nexample_input_file4111.txt\nexample_input_file4112.txt\nexample_input_file4113.txt\nexample_input_file4114.txt\nexample_input_file4115.txt\nexample_input_file4116.txt\nexample_input_file4117.txt\nexample_input_file4118.txt\nexample_input_file4119.txt\nexample_input_file4120.txt\nexample_input_file4121.txt\nexample_input_file4122.txt\nexample_input_file4123.txt\nexample_input_file4124.txt\nexample_input_file4125.txt\nexample_input_file4126.txt\nexample_input_file4127.txt\nexample_input_file4128.txt\nexample_input_file4129.txt\nexample_input_file4130.txt\nexample_input_file4131.txt\nexample_input_file4132.txt\nexample_input_file4133.txt\nexample_input_file4134.txt\nexample_input_file4135.txt\nexample_input_file4136.txt\nexample_input_file4137.txt\nexample_input_file4138.txt\nexample_input_file4139.txt\nexample_input_file4140.txt\nexample_input_file4141.txt\nexample_input_file4142.txt\nexample_input_file4143.txt\nexample_input_file4144.txt\nexample_input_file4145.txt\nexample_input_file4146.txt\nexample_input_file4147.txt\nexample_input_file4148.txt\nexample_input_file4149.txt\nexample_input_file4150.txt\nexample_input_file4151.txt\nexample_input_file4152.txt\nexample_input_file4153.txt\nexample_input_file4154.txt\nexample_input_file4155.txt\nexample_input_file4156.txt\nexample_input_file4157.txt\nexample_input_file4158.txt\nexample_input_file4159.txt\nexample_input_file4160.txt\nexample_input_file4161.txt\nexample_input_file4162.txt\nexample_input_file4163.txt\nexample_input_file4164.txt\nexample_input_file4165.txt\nexample_input_file4166.txt\nexample_input_file4167.txt\nexample_input_file4168.txt\nexample_input_file4169.txt\nexample_input_file4170.txt\nexample_input_file4171.txt\nexample_input_file4172.txt\nexample_input_file4173.txt\nexample_input_file4174.txt\nexample_input_file4175.txt\nexample_input_file4176.txt\nexample_input_file4177.txt\nexample_input_file4178.txt\nexample_input_file4179.txt\nexample_input_file4180.txt\nexample_input_file4181.txt\nexample_input_file4182.txt\nexample_input_file4183.txt\nexample_input_file4184.txt\nexample_input_file4185.txt\nexample_input_file4186.txt\nexample_input_file4187.txt\nexample_input_file4188.txt\nexample_input_file4189.txt\nexample_input_file4190.txt\nexample_input_file4191.txt\nexample_input_file4192.txt\nexample_input_file4193.txt\nexample_input_file4194.txt\nexample_input_file4195.txt\nexample_input_file4196.txt\nexample_input_file4197.txt\nexample_input_file4198.txt\nexample_input_file4199.txt\nexample_input_file4200.txt\nexample_input_file4201.txt\nexample_input_file4202.txt\nexample_input_file4203.txt\nexample_input_file4204.txt\nexample_input_file4205.txt\nexample_input_file4206.txt\nexample_input_file4207.txt\nexample_input_file4208.txt\nexample_input_file4209.txt\nexample_input_file4210.txt\nexample_input_file4211.txt\nexample_input_file4212.txt\nexample_input_file4213.txt\nexample_input_file4214.txt\nexample_input_file4215.txt\nexample_input_file4216.txt\nexample_input_file4217.txt\nexample_input_file4218.txt\nexample_input_file4219.txt\nexample_input_file4220.txt\nexample_input_file4221.txt\nexample_input_file4222.txt\nexample_input_file4223.txt\nexample_input_file4224.txt\nexample_input_file4225.txt\nexample_input_file4226.txt\nexample_input_file4227.txt\nexample_input_file4228.txt\nexample_input_file4229.txt\nexample_input_file4230.txt\nexample_input_file4231.txt\nexample_input_file4232.txt\nexample_input_file4233.txt\nexample_input_file4234.txt\nexample_input_file4235.txt\nexample_input_file4236.txt\nexample_input_file4237.txt\nexample_input_file4238.txt\nexample_input_file4239.txt\nexample_input_file4240.txt\nexample_input_file4241.txt\nexample_input_file4242.txt\nexample_input_file4243.txt\nexample_input_file4244.txt\nexample_input_file4245.txt\nexample_input_file4246.txt\nexample_input_file4247.txt\nexample_input_file4248.txt\nexample_input_file4249.txt\nexample_input_file4250.txt\nexample_input_file4251.txt\nexample_input_file4252.txt\nexample_input_file4253.txt\nexample_input_file4254.txt\nexample_input_file4255.txt\nexample_input_file4256.txt\nexample_input_file4257.txt\nexample_input_file4258.txt\nexample_input_file4259.txt\nexample_input_file4260.txt\nexample_input_file4261.txt\nexample_input_file4262.txt\nexample_input_file4263.txt\nexample_input_file4264.txt\nexample_input_file4265.txt\nexample_input_file4266.txt\nexample_input_file4267.txt\nexample_input_file4268.txt\nexample_input_file4269.txt\nexample_input_file4270.txt\nexample_input_file4271.txt\nexample_input_file4272.txt\nexample_input_file4273.txt\nexample_input_file4274.txt\nexample_input_file4275.txt\nexample_input_file4276.txt\nexample_input_file4277.txt\nexample_input_file4278.txt\nexample_input_file4279.txt\nexample_input_file4280.txt\nexample_input_file4281.txt\nexample_input_file4282.txt\nexample_input_file4283.txt\nexample_input_file4284.txt\nexample_input_file4285.txt\nexample_input_file4286.txt\nexample_input_file4287.txt\nexample_input_file4288.txt\nexample_input_file4289.txt\nexample_input_file4290.txt\nexample_input_file4291.txt\nexample_input_file4292.txt\nexample_input_file4293.txt\nexample_input_file4294.txt\nexample_input_file4295.txt\nexample_input_file4296.txt\nexample_input_file4297.txt\nexample_input_file4298.txt\nexample_input_file4299.txt\nexample_input_file4300.txt\nexample_input_file4301.txt\nexample_input_file4302.txt\nexample_input_file4303.txt\nexample_input_file4304.txt\nexample_input_file4305.txt\nexample_input_file4306.txt\nexample_input_file4307.txt\nexample_input_file4308.txt\nexample_input_file4309.txt\nexample_input_file4310.txt\nexample_input_file4311.txt\nexample_input_file4312.txt\nexample_input_file4313.txt\nexample_input_file4314.txt\nexample_input_file4315.txt\nexample_input_file4316.txt\nexample_input_file4317.txt\nexample_input_file4318.txt\nexample_input_file4319.txt\nexample_input_file4320.txt\nexample_input_file4321.txt\nexample_input_file4322.txt\nexample_input_file4323.txt\nexample_input_file4324.txt\nexample_input_file4325.txt\nexample_input_file4326.txt\nexample_input_file4327.txt\nexample_input_file4328.txt\nexample_input_file4329.txt\nexample_input_file4330.txt\nexample_input_file4331.txt\nexample_input_file4332.txt\nexample_input_file4333.txt\nexample_input_file4334.txt\nexample_input_file4335.txt\nexample_input_file4336.txt\nexample_input_file4337.txt\nexample_input_file4338.txt\nexample_input_file4339.txt\nexample_input_file4340.txt\nexample_input_file4341.txt\nexample_input_file4342.txt\nexample_input_file4343.txt\nexample_input_file4344.txt\nexample_input_file4345.txt\nexample_input_file4346.txt\nexample_input_file4347.txt\nexample_input_file4348.txt\nexample_input_file4349.txt\nexample_input_file4350.txt\nexample_input_file4351.txt\nexample_input_file4352.txt\nexample_input_file4353.txt\nexample_input_file4354.txt\nexample_input_file4355.txt\nexample_input_file4356.txt\nexample_input_file4357.txt\nexample_input_file4358.txt\nexample_input_file4359.txt\nexample_input_file4360.txt\nexample_input_file4361.txt\nexample_input_file4362.txt\nexample_input_file4363.txt\nexample_input_file4364.txt\nexample_input_file4365.txt\nexample_input_file4366.txt\nexample_input_file4367.txt\nexample_input_file4368.txt\nexample_input_file4369.txt\nexample_input_file4370.txt\nexample_input_file4371.txt\nexample_input_file4372.txt\nexample_input_file4373.txt\nexample_input_file4374.txt\nexample_input_file4375.txt\nexample_input_file4376.txt\nexample_input_file4377.txt\nexample_input_file4378.txt\nexample_input_file4379.txt\nexample_input_file4380.txt\nexample_input_file4381.txt\nexample_input_file4382.txt\nexample_input_file4383.txt\nexample_input_file4384.txt\nexample_input_file4385.txt\nexample_input_file4386.txt\nexample_input_file4387.txt\nexample_input_file4388.txt\nexample_input_file4389.txt\nexample_input_file4390.txt\nexample_input_file4391.txt\nexample_input_file4392.txt\nexample_input_file4393.txt\nexample_input_file4394.txt\nexample_input_file4395.txt\nexample_input_file4396.txt\nexample_input_file4397.txt\nexample_input_file4398.txt\nexample_input_file4399.txt\nexample_input_file4400.txt\nexample_input_file4401.txt\nexample_input_file4402.txt\nexample_input_file4403.txt\nexample_input_file4404.txt\nexample_input_file4405.txt\nexample_input_file4406.txt\nexample_input_file4407.txt\nexample_input_file4408.txt\nexample_input_file4409.txt\nexample_input_file4410.txt\nexample_input_file4411.txt\nexample_input_file4412.txt\nexample_input_file4413.txt\nexample_input_file4414.txt\nexample_input_file4415.txt\nexample_input_file4416.txt\nexample_input_file4417.txt\nexample_input_file4418.txt\nexample_input_file4419.txt\nexample_input_file4420.txt\nexample_input_file4421.txt\nexample_input_file4422.txt\nexample_input_file4423.txt\nexample_input_file4424.txt\nexample_input_file4425.txt\nexample_input_file4426.txt\nexample_input_file4427.txt\nexample_input_file4428.txt\nexample_input_file4429.txt\nexample_input_file4430.txt\nexample_input_file4431.txt\nexample_input_file4432.txt\nexample_input_file4433.txt\nexample_input_file4434.txt\nexample_input_file4435.txt\nexample_input_file4436.txt\nexample_input_file4437.txt\nexample_input_file4438.txt\nexample_input_file4439.txt\nexample_input_file4440.txt\nexample_input_file4441.txt\nexample_input_file4442.txt\nexample_input_file4443.txt\nexample_input_file4444.txt\nexample_input_file4445.txt\nexample_input_file4446.txt\nexample_input_file4447.txt\nexample_input_file4448.txt\nexample_input_file4449.txt\nexample_input_file4450.txt\nexample_input_file4451.txt\nexample_input_file4452.txt\nexample_input_file4453.txt\nexample_input_file4454.txt\nexample_input_file4455.txt\nexample_input_file4456.txt\nexample_input_file4457.txt\nexample_input_file4458.txt\nexample_input_file4459.txt\nexample_input_file4460.txt\nexample_input_file4461.txt\nexample_input_file4462.txt\nexample_input_file4463.txt\nexample_input_file4464.txt\nexample_input_file4465.txt\nexample_input_file4466.txt\nexample_input_file4467.txt\nexample_input_file4468.txt\nexample_input_file4469.txt\nexample_input_file4470.txt\nexample_input_file4471.txt\nexample_input_file4472.txt\nexample_input_file4473.txt\nexample_input_file4474.txt\nexample_input_file4475.txt\nexample_input_file4476.txt\nexample_input_file4477.txt\nexample_input_file4478.txt\nexample_input_file4479.txt\nexample_input_file4480.txt\nexample_input_file4481.txt\nexample_input_file4482.txt\nexample_input_file4483.txt\nexample_input_file4484.txt\nexample_input_file4485.txt\nexample_input_file4486.txt\nexample_input_file4487.txt\nexample_input_file4488.txt\nexample_input_file4489.txt\nexample_input_file4490.txt\nexample_input_file4491.txt\nexample_input_file4492.txt\nexample_input_file4493.txt\nexample_input_file4494.txt\nexample_input_file4495.txt\nexample_input_file4496.txt\nexample_input_file4497.txt\nexample_input_file4498.txt\nexample_input_file4499.txt\nexample_input_file4500.txt\nexample_input_file4501.txt\nexample_input_file4502.txt\nexample_input_file4503.txt\nexample_input_file4504.txt\nexample_input_file4505.txt\nexample_input_file4506.txt\nexample_input_file4507.txt\nexample_input_file4508.txt\nexample_input_file4509.txt\nexample_input_file4510.txt\nexample_input_file4511.txt\nexample_input_file4512.txt\nexample_input_file4513.txt\nexample_input_file4514.txt\nexample_input_file4515.txt\nexample_input_file4516.txt\nexample_input_file4517.txt\nexample_input_file4518.txt\nexample_input_file4519.txt\nexample_input_file4520.txt\nexample_input_file4521.txt\nexample_input_file4522.txt\nexample_input_file4523.txt\nexample_input_file4524.txt\nexample_input_file4525.txt\nexample_input_file4526.txt\nexample_input_file4527.txt\nexample_input_file4528.txt\nexample_input_file4529.txt\nexample_input_file4530.txt\nexample_input_file4531.txt\nexample_input_file4532.txt\nexample_input_file4533.txt\nexample_input_file4534.txt\nexample_input_file4535.txt\nexample_input_file4536.txt\nexample_input_file4537.txt\nexample_input_file4538.txt\nexample_input_file4539.txt\nexample_input_file4540.txt\nexample_input_file4541.txt\nexample_input_file4542.txt\nexample_input_file4543.txt\nexample_input_file4544.txt\nexample_input_file4545.txt\nexample_input_file4546.txt\nexample_input_file4547.txt\nexample_input_file4548.txt\nexample_input_file4549.txt\nexample_input_file4550.txt\nexample_input_file4551.txt\nexample_input_file4552.txt\nexample_input_file4553.txt\nexample_input_file4554.txt\nexample_input_file4555.txt\nexample_input_file4556.txt\nexample_input_file4557.txt\nexample_input_file4558.txt\nexample_input_file4559.txt\nexample_input_file4560.txt\nexample_input_file4561.txt\nexample_input_file4562.txt\nexample_input_file4563.txt\nexample_input_file4564.txt\nexample_input_file4565.txt\nexample_input_file4566.txt\nexample_input_file4567.txt\nexample_input_file4568.txt\nexample_input_file4569.txt\nexample_input_file4570.txt\nexample_input_file4571.txt\nexample_input_file4572.txt\nexample_input_file4573.txt\nexample_input_file4574.txt\nexample_input_file4575.txt\nexample_input_file4576.txt\nexample_input_file4577.txt\nexample_input_file4578.txt\nexample_input_file4579.txt\nexample_input_file4580.txt\nexample_input_file4581.txt\nexample_input_file4582.txt\nexample_input_file4583.txt\nexample_input_file4584.txt\nexample_input_file4585.txt\nexample_input_file4586.txt\nexample_input_file4587.txt\nexample_input_file4588.txt\nexample_input_file4589.txt\nexample_input_file4590.txt\nexample_input_file4591.txt\nexample_input_file4592.txt\nexample_input_file4593.txt\nexample_input_file4594.txt\nexample_input_file4595.txt\nexample_input_file4596.txt\nexample_input_file4597.txt\nexample_input_file4598.txt\nexample_input_file4599.txt\nexample_input_file4600.txt\nexample_input_file4601.txt\nexample_input_file4602.txt\nexample_input_file4603.txt\nexample_input_file4604.txt\nexample_input_file4605.txt\nexample_input_file4606.txt\nexample_input_file4607.txt\nexample_input_file4608.txt\nexample_input_file4609.txt\nexample_input_file4610.txt\nexample_input_file4611.txt\nexample_input_file4612.txt\nexample_input_file4613.txt\nexample_input_file4614.txt\nexample_input_file4615.txt\nexample_input_file4616.txt\nexample_input_file4617.txt\nexample_input_file4618.txt\nexample_input_file4619.txt\nexample_input_file4620.txt\nexample_input_file4621.txt\nexample_input_file4622.txt\nexample_input_file4623.txt\nexample_input_file4624.txt\nexample_input_file4625.txt\nexample_input_file4626.txt\nexample_input_file4627.txt\nexample_input_file4628.txt\nexample_input_file4629.txt\nexample_input_file4630.txt\nexample_input_file4631.txt\nexample_input_file4632.txt\nexample_input_file4633.txt\nexample_input_file4634.txt\nexample_input_file4635.txt\nexample_input_file4636.txt\nexample_input_file4637.txt\nexample_input_file4638.txt\nexample_input_file4639.txt\nexample_input_file4640.txt\nexample_input_file4641.txt\nexample_input_file4642.txt\nexample_input_file4643.txt\nexample_input_file4644.txt\nexample_input_file4645.txt\nexample_input_file4646.txt\nexample_input_file4647.txt\nexample_input_file4648.txt\nexample_input_file4649.txt\nexample_input_file4650.txt\nexample_input_file4651.txt\nexample_input_file4652.txt\nexample_input_file4653.txt\nexample_input_file4654.txt\nexample_input_file4655.txt\nexample_input_file4656.txt\nexample_input_file4657.txt\nexample_input_file4658.txt\nexample_input_file4659.txt\nexample_input_file4660.txt\nexample_input_file4661.txt\nexample_input_file4662.txt\nexample_input_file4663.txt\nexample_input_file4664.txt\nexample_input_file4665.txt\nexample_input_file4666.txt\nexample_input_file4667.txt\nexample_input_file4668.txt\nexample_input_file4669.txt\nexample_input_file4670.txt\nexample_input_file4671.txt\nexample_input_file4672.txt\nexample_input_file4673.txt\nexample_input_file4674.txt\nexample_input_file4675.txt\nexample_input_file4676.txt\nexample_input_file4677.txt\nexample_input_file4678.txt\nexample_input_file4679.txt\nexample_input_file4680.txt\nexample_input_file4681.txt\nexample_input_file4682.txt\nexample_input_file4683.txt\nexample_input_file4684.txt\nexample_input_file4685.txt\nexample_input_file4686.txt\nexample_input_file4687.txt\nexample_input_file4688.txt\nexample_input_file4689.txt\nexample_input_file4690.txt\nexample_input_file4691.txt\nexample_input_file4692.txt\nexample_input_file4693.txt\nexample_input_file4694.txt\nexample_input_file4695.txt\nexample_input_file4696.txt\nexample_input_file4697.txt\nexample_input_file4698.txt\nexample_input_file4699.txt\nexample_input_file4700.txt\nexample_input_file4701.txt\nexample_input_file4702.txt\nexample_input_file4703.txt\nexample_input_file4704.txt\nexample_input_file4705.txt\nexample_input_file4706.txt\nexample_input_file4707.txt\nexample_input_file4708.txt\nexample_input_file4709.txt\nexample_input_file4710.txt\nexample_input_file4711.txt\nexample_input_file4712.txt\nexample_input_file4713.txt\nexample_input_file4714.txt\nexample_input_file4715.txt\nexample_input_file4716.txt\nexample_input_file4717.txt\nexample_input_file4718.txt\nexample_input_file4719.txt\nexample_input_file4720.txt\nexample_input_file4721.txt\nexample_input_file4722.txt\nexample_input_file4723.txt\nexample_input_file4724.txt\nexample_input_file4725.txt\nexample_input_file4726.txt\nexample_input_file4727.txt\nexample_input_file4728.txt\nexample_input_file4729.txt\nexample_input_file4730.txt\nexample_input_file4731.txt\nexample_input_file4732.txt\nexample_input_file4733.txt\nexample_input_file4734.txt\nexample_input_file4735.txt\nexample_input_file4736.txt\nexample_input_file4737.txt\nexample_input_file4738.txt\nexample_input_file4739.txt\nexample_input_file4740.txt\nexample_input_file4741.txt\nexample_input_file4742.txt\nexample_input_file4743.txt\nexample_input_file4744.txt\nexample_input_file4745.txt\nexample_input_file4746.txt\nexample_input_file4747.txt\nexample_input_file4748.txt\nexample_input_file4749.txt\nexample_input_file4750.txt\nexample_input_file4751.txt\nexample_input_file4752.txt\nexample_input_file4753.txt\nexample_input_file4754.txt\nexample_input_file4755.txt\nexample_input_file4756.txt\nexample_input_file4757.txt\nexample_input_file4758.txt\nexample_input_file4759.txt\nexample_input_file4760.txt\nexample_input_file4761.txt\nexample_input_file4762.txt\nexample_input_file4763.txt\nexample_input_file4764.txt\nexample_input_file4765.txt\nexample_input_file4766.txt\nexample_input_file4767.txt\nexample_input_file4768.txt\nexample_input_file4769.txt\nexample_input_file4770.txt\nexample_input_file4771.txt\nexample_input_file4772.txt\nexample_input_file4773.txt\nexample_input_file4774.txt\nexample_input_file4775.txt\nexample_input_file4776.txt\nexample_input_file4777.txt\nexample_input_file4778.txt\nexample_input_file4779.txt\nexample_input_file4780.txt\nexample_input_file4781.txt\nexample_input_file4782.txt\nexample_input_file4783.txt\nexample_input_file4784.txt\nexample_input_file4785.txt\nexample_input_file4786.txt\nexample_input_file4787.txt\nexample_input_file4788.txt\nexample_input_file4789.txt\nexample_input_file4790.txt\nexample_input_file4791.txt\nexample_input_file4792.txt\nexample_input_file4793.txt\nexample_input_file4794.txt\nexample_input_file4795.txt\nexample_input_file4796.txt\nexample_input_file4797.txt\nexample_input_file4798.txt\nexample_input_file4799.txt\nexample_input_file4800.txt\nexample_input_file4801.txt\nexample_input_file4802.txt\nexample_input_file4803.txt\nexample_input_file4804.txt\nexample_input_file4805.txt\nexample_input_file4806.txt\nexample_input_file4807.txt\nexample_input_file4808.txt\nexample_input_file4809.txt\nexample_input_file4810.txt\nexample_input_file4811.txt\nexample_input_file4812.txt\nexample_input_file4813.txt\nexample_input_file4814.txt\nexample_input_file4815.txt\nexample_input_file4816.txt\nexample_input_file4817.txt\nexample_input_file4818.txt\nexample_input_file4819.txt\nexample_input_file4820.txt\nexample_input_file4821.txt\nexample_input_file4822.txt\nexample_input_file4823.txt\nexample_input_file4824.txt\nexample_input_file4825.txt\nexample_input_file4826.txt\nexample_input_file4827.txt\nexample_input_file4828.txt\nexample_input_file4829.txt\nexample_input_file4830.txt\nexample_input_file4831.txt\nexample_input_file4832.txt\nexample_input_file4833.txt\nexample_input_file4834.txt\nexample_input_file4835.txt\nexample_input_file4836.txt\nexample_input_file4837.txt\nexample_input_file4838.txt\nexample_input_file4839.txt\nexample_input_file4840.txt\nexample_input_file4841.txt\nexample_input_file4842.txt\nexample_input_file4843.txt\nexample_input_file4844.txt\nexample_input_file4845.txt\nexample_input_file4846.txt\nexample_input_file4847.txt\nexample_input_file4848.txt\nexample_input_file4849.txt\nexample_input_file4850.txt\nexample_input_file4851.txt\nexample_input_file4852.txt\nexample_input_file4853.txt\nexample_input_file4854.txt\nexample_input_file4855.txt\nexample_input_file4856.txt\nexample_input_file4857.txt\nexample_input_file4858.txt\nexample_input_file4859.txt\nexample_input_file4860.txt\nexample_input_file4861.txt\nexample_input_file4862.txt\nexample_input_file4863.txt\nexample_input_file4864.txt\nexample_input_file4865.txt\nexample_input_file4866.txt\nexample_input_file4867.txt\nexample_input_file4868.txt\nexample_input_file4869.txt\nexample_input_file4870.txt\nexample_input_file4871.txt\nexample_input_file4872.txt\nexample_input_file4873.txt\nexample_input_file4874.txt\nexample_input_file4875.txt\nexample_input_file4876.txt\nexample_input_file4877.txt\nexample_input_file4878.txt\nexample_input_file4879.txt\nexample_input_file4880.txt\nexample_input_file4881.txt\nexample_input_file4882.txt\nexample_input_file4883.txt\nexample_input_file4884.txt\nexample_input_file4885.txt\nexample_input_file4886.txt\nexample_input_file4887.txt\nexample_input_file4888.txt\nexample_input_file4889.txt\nexample_input_file4890.txt\nexample_input_file4891.txt\nexample_input_file4892.txt\nexample_input_file4893.txt\nexample_input_file4894.txt\nexample_input_file4895.txt\nexample_input_file4896.txt\nexample_input_file4897.txt\nexample_input_file4898.txt\nexample_input_file4899.txt\nexample_input_file4900.txt\nexample_input_file4901.txt\nexample_input_file4902.txt\nexample_input_file4903.txt\nexample_input_file4904.txt\nexample_input_file4905.txt\nexample_input_file4906.txt\nexample_input_file4907.txt\nexample_input_file4908.txt\nexample_input_file4909.txt\nexample_input_file4910.txt\nexample_input_file4911.txt\nexample_input_file4912.txt\nexample_input_file4913.txt\nexample_input_file4914.txt\nexample_input_file4915.txt\nexample_input_file4916.txt\nexample_input_file4917.txt\nexample_input_file4918.txt\nexample_input_file4919.txt\nexample_input_file4920.txt\nexample_input_file4921.txt\nexample_input_file4922.txt\nexample_input_file4923.txt\nexample_input_file4924.txt\nexample_input_file4925.txt\nexample_input_file4926.txt\nexample_input_file4927.txt\nexample_input_file4928.txt\nexample_input_file4929.txt\nexample_input_file4930.txt\nexample_input_file4931.txt\nexample_input_file4932.txt\nexample_input_file4933.txt\nexample_input_file4934.txt\nexample_input_file4935.txt\nexample_input_file4936.txt\nexample_input_file4937.txt\nexample_input_file4938.txt\nexample_input_file4939.txt\nexample_input_file4940.txt\nexample_input_file4941.txt\nexample_input_file4942.txt\nexample_input_file4943.txt\nexample_input_file4944.txt\nexample_input_file4945.txt\nexample_input_file4946.txt\nexample_input_file4947.txt\nexample_input_file4948.txt\nexample_input_file4949.txt\nexample_input_file4950.txt\nexample_input_file4951.txt\nexample_input_file4952.txt\nexample_input_file4953.txt\nexample_input_file4954.txt\nexample_input_file4955.txt\nexample_input_file4956.txt\nexample_input_file4957.txt\nexample_input_file4958.txt\nexample_input_file4959.txt\nexample_input_file4960.txt\nexample_input_file4961.txt\nexample_input_file4962.txt\nexample_input_file4963.txt\nexample_input_file4964.txt\nexample_input_file4965.txt\nexample_input_file4966.txt\nexample_input_file4967.txt\nexample_input_file4968.txt\nexample_input_file4969.txt\nexample_input_file4970.txt\nexample_input_file4971.txt\nexample_input_file4972.txt\nexample_input_file4973.txt\nexample_input_file4974.txt\nexample_input_file4975.txt\nexample_input_file4976.txt\nexample_input_file4977.txt\nexample_input_file4978.txt\nexample_input_file4979.txt\nexample_input_file4980.txt\nexample_input_file4981.txt\nexample_input_file4982.txt\nexample_input_file4983.txt\nexample_input_file4984.txt\nexample_input_file4985.txt\nexample_input_file4986.txt\nexample_input_file4987.txt\nexample_input_file4988.txt\nexample_input_file4989.txt\nexample_input_file4990.txt\nexample_input_file4991.txt\nexample_input_file4992.txt\nexample_input_file4993.txt\nexample_input_file4994.txt\nexample_input_file4995.txt\nexample_input_file4996.txt\nexample_input_file4997.txt\nexample_input_file4998.txt\nexample_input_file4999.txt\nexample_input_file5000.txt\nexample_input_file5001.txt\nexample_input_file5002.txt\nexample_input_file5003.txt\nexample_input_file5004.txt\nexample_input_file5005.txt\nexample_input_file5006.txt\nexample_input_file5007.txt\nexample_input_file5008.txt\nexample_input_file5009.txt\nexample_input_file5010.txt\nexample_input_file5011.txt\nexample_input_file5012.txt\nexample_input_file5013.txt\nexample_input_file5014.txt\nexample_input_file5015.txt\nexample_input_file5016.txt\nexample_input_file5017.txt\nexample_input_file5018.txt\nexample_input_file5019.txt\nexample_input_file5020.txt\nexample_input_file5021.txt\nexample_input_file5022.txt\nexample_input_file5023.txt\nexample_input_file5024.txt\nexample_input_file5025.txt\nexample_input_file5026.txt\nexample_input_file5027.txt\nexample_input_file5028.txt\nexample_input_file5029.txt\nexample_input_file5030.txt\nexample_input_file5031.txt\nexample_input_file5032.txt\nexample_input_file5033.txt\nexample_input_file5034.txt\nexample_input_file5035.txt\nexample_input_file5036.txt\nexample_input_file5037.txt\nexample_input_file5038.txt\nexample_input_file5039.txt\nexample_input_file5040.txt\nexample_input_file5041.txt\nexample_input_file5042.txt\nexample_input_file5043.txt\nexample_input_file5044.txt\nexample_input_file5045.txt\nexample_input_file5046.txt\nexample_input_file5047.txt\nexample_input_file5048.txt\nexample_input_file5049.txt\nexample_input_file5050.txt\nexample_input_file5051.txt\nexample_input_file5052.txt\nexample_input_file5053.txt\nexample_input_file5054.txt\nexample_input_file5055.txt\nexample_input_file5056.txt\nexample_input_file5057.txt\nexample_input_file5058.txt\nexample_input_file5059.txt\nexample_input_file5060.txt\nexample_input_file5061.txt\nexample_input_file5062.txt\nexample_input_file5063.txt\nexample_input_file5064.txt\nexample_input_file5065.txt\nexample_input_file5066.txt\nexample_input_file5067.txt\nexample_input_file5068.txt\nexample_input_file5069.txt\nexample_input_file5070.txt\nexample_input_file5071.txt\nexample_input_file5072.txt\nexample_input_file5073.txt\nexample_input_file5074.txt\nexample_input_file5075.txt\nexample_input_file5076.txt\nexample_input_file5077.txt\nexample_input_file5078.txt\nexample_input_file5079.txt\nexample_input_file5080.txt\nexample_input_file5081.txt\nexample_input_file5082.txt\nexample_input_file5083.txt\nexample_input_file5084.txt\nexample_input_file5085.txt\nexample_input_file5086.txt\nexample_input_file5087.txt\nexample_input_file5088.txt\nexample_input_file5089.txt\nexample_input_file5090.txt\nexample_input_file5091.txt\nexample_input_file5092.txt\nexample_input_file5093.txt\nexample_input_file5094.txt\nexample_input_file5095.txt\nexample_input_file5096.txt\nexample_input_file5097.txt\nexample_input_file5098.txt\nexample_input_file5099.txt\nexample_input_file5100.txt\nexample_input_file5101.txt\nexample_input_file5102.txt\nexample_input_file5103.txt\nexample_input_file5104.txt\nexample_input_file5105.txt\nexample_input_file5106.txt\nexample_input_file5107.txt\nexample_input_file5108.txt\nexample_input_file5109.txt\nexample_input_file5110.txt\nexample_input_file5111.txt\nexample_input_file5112.txt\nexample_input_file5113.txt\nexample_input_file5114.txt\nexample_input_file5115.txt\nexample_input_file5116.txt\nexample_input_file5117.txt\nexample_input_file5118.txt\nexample_input_file5119.txt\nexample_input_file5120.txt\nexample_input_file5121.txt\nexample_input_file5122.txt\nexample_input_file5123.txt\nexample_input_file5124.txt\nexample_input_file5125.txt\nexample_input_file5126.txt\nexample_input_file5127.txt\nexample_input_file5128.txt\nexample_input_file5129.txt\nexample_input_file5130.txt\nexample_input_file5131.txt\nexample_input_file5132.txt\nexample_input_file5133.txt\nexample_input_file5134.txt\nexample_input_file5135.txt\nexample_input_file5136.txt\nexample_input_file5137.txt\nexample_input_file5138.txt\nexample_input_file5139.txt\nexample_input_file5140.txt\nexample_input_file5141.txt\nexample_input_file5142.txt\nexample_input_file5143.txt\nexample_input_file5144.txt\nexample_input_file5145.txt\nexample_input_file5146.txt\nexample_input_file5147.txt\nexample_input_file5148.txt\nexample_input_file5149.txt\nexample_input_file5150.txt\nexample_input_file5151.txt\nexample_input_file5152.txt\nexample_input_file5153.txt\nexample_input_file5154.txt\nexample_input_file5155.txt\nexample_input_file5156.txt\nexample_input_file5157.txt\nexample_input_file5158.txt\nexample_input_file5159.txt\nexample_input_file5160.txt\nexample_input_file5161.txt\nexample_input_file5162.txt\nexample_input_file5163.txt\nexample_input_file5164.txt\nexample_input_file5165.txt\nexample_input_file5166.txt\nexample_input_file5167.txt\nexample_input_file5168.txt\nexample_input_file5169.txt\nexample_input_file5170.txt\nexample_input_file5171.txt\nexample_input_file5172.txt\nexample_input_file5173.txt\nexample_input_file5174.txt\nexample_input_file5175.txt\nexample_input_file5176.txt\nexample_input_file5177.txt\nexample_input_file5178.txt\nexample_input_file5179.txt\nexample_input_file5180.txt\nexample_input_file5181.txt\nexample_input_file5182.txt\nexample_input_file5183.txt\nexample_input_file5184.txt\nexample_input_file5185.txt\nexample_input_file5186.txt\nexample_input_file5187.txt\nexample_input_file5188.txt\nexample_input_file5189.txt\nexample_input_file5190.txt\nexample_input_file5191.txt\nexample_input_file5192.txt\nexample_input_file5193.txt\nexample_input_file5194.txt\nexample_input_file5195.txt\nexample_input_file5196.txt\nexample_input_file5197.txt\nexample_input_file5198.txt\nexample_input_file5199.txt\nexample_input_file5200.txt\nexample_input_file5201.txt\nexample_input_file5202.txt\nexample_input_file5203.txt\nexample_input_file5204.txt\nexample_input_file5205.txt\nexample_input_file5206.txt\nexample_input_file5207.txt\nexample_input_file5208.txt\nexample_input_file5209.txt\nexample_input_file5210.txt\nexample_input_file5211.txt\nexample_input_file5212.txt\nexample_input_file5213.txt\nexample_input_file5214.txt\nexample_input_file5215.txt\nexample_input_file5216.txt\nexample_input_file5217.txt\nexample_input_file5218.txt\nexample_input_file5219.txt\nexample_input_file5220.txt\nexample_input_file5221.txt\nexample_input_file5222.txt\nexample_input_file5223.txt\nexample_input_file5224.txt\nexample_input_file5225.txt\nexample_input_file5226.txt\nexample_input_file5227.txt\nexample_input_file5228.txt\nexample_input_file5229.txt\nexample_input_file5230.txt\nexample_input_file5231.txt\nexample_input_file5232.txt\nexample_input_file5233.txt\nexample_input_file5234.txt\nexample_input_file5235.txt\nexample_input_file5236.txt\nexample_input_file5237.txt\nexample_input_file5238.txt\nexample_input_file5239.txt\nexample_input_file5240.txt\nexample_input_file5241.txt\nexample_input_file5242.txt\nexample_input_file5243.txt\nexample_input_file5244.txt\nexample_input_file5245.txt\nexample_input_file5246.txt\nexample_input_file5247.txt\nexample_input_file5248.txt\nexample_input_file5249.txt\nexample_input_file5250.txt\nexample_input_file5251.txt\nexample_input_file5252.txt\nexample_input_file5253.txt\nexample_input_file5254.txt\nexample_input_file5255.txt\nexample_input_file5256.txt\nexample_input_file5257.txt\nexample_input_file5258.txt\nexample_input_file5259.txt\nexample_input_file5260.txt\nexample_input_file5261.txt\nexample_input_file5262.txt\nexample_input_file5263.txt\nexample_input_file5264.txt\nexample_input_file5265.txt\nexample_input_file5266.txt\nexample_input_file5267.txt\nexample_input_file5268.txt\nexample_input_file5269.txt\nexample_input_file5270.txt\nexample_input_file5271.txt\nexample_input_file5272.txt\nexample_input_file5273.txt\nexample_input_file5274.txt\nexample_input_file5275.txt\nexample_input_file5276.txt\nexample_input_file5277.txt\nexample_input_file5278.txt\nexample_input_file5279.txt\nexample_input_file5280.txt\nexample_input_file5281.txt\nexample_input_file5282.txt\nexample_input_file5283.txt\nexample_input_file5284.txt\nexample_input_file5285.txt\nexample_input_file5286.txt\nexample_input_file5287.txt\nexample_input_file5288.txt\nexample_input_file5289.txt\nexample_input_file5290.txt\nexample_input_file5291.txt\nexample_input_file5292.txt\nexample_input_file5293.txt\nexample_input_file5294.txt\nexample_input_file5295.txt\nexample_input_file5296.txt\nexample_input_file5297.txt\nexample_input_file5298.txt\nexample_input_file5299.txt\nexample_input_file5300.txt\nexample_input_file5301.txt\nexample_input_file5302.txt\nexample_input_file5303.txt\nexample_input_file5304.txt\nexample_input_file5305.txt\nexample_input_file5306.txt\nexample_input_file5307.txt\nexample_input_file5308.txt\nexample_input_file5309.txt\nexample_input_file5310.txt\nexample_input_file5311.txt\nexample_input_file5312.txt\nexample_input_file5313.txt\nexample_input_file5314.txt\nexample_input_file5315.txt\nexample_input_file5316.txt\nexample_input_file5317.txt\nexample_input_file5318.txt\nexample_input_file5319.txt\nexample_input_file5320.txt\nexample_input_file5321.txt\nexample_input_file5322.txt\nexample_input_file5323.txt\nexample_input_file5324.txt\nexample_input_file5325.txt\nexample_input_file5326.txt\nexample_input_file5327.txt\nexample_input_file5328.txt\nexample_input_file5329.txt\nexample_input_file5330.txt\nexample_input_file5331.txt\nexample_input_file5332.txt\nexample_input_file5333.txt\nexample_input_file5334.txt\nexample_input_file5335.txt\nexample_input_file5336.txt\nexample_input_file5337.txt\nexample_input_file5338.txt\nexample_input_file5339.txt\nexample_input_file5340.txt\nexample_input_file5341.txt\nexample_input_file5342.txt\nexample_input_file5343.txt\nexample_input_file5344.txt\nexample_input_file5345.txt\nexample_input_file5346.txt\nexample_input_file5347.txt\nexample_input_file5348.txt\nexample_input_file5349.txt\nexample_input_file5350.txt\nexample_input_file5351.txt\nexample_input_file5352.txt\nexample_input_file5353.txt\nexample_input_file5354.txt\nexample_input_file5355.txt\nexample_input_file5356.txt\nexample_input_file5357.txt\nexample_input_file5358.txt\nexample_input_file5359.txt\nexample_input_file5360.txt\nexample_input_file5361.txt\nexample_input_file5362.txt\nexample_input_file5363.txt\nexample_input_file5364.txt\nexample_input_file5365.txt\nexample_input_file5366.txt\nexample_input_file5367.txt\nexample_input_file5368.txt\nexample_input_file5369.txt\nexample_input_file5370.txt\nexample_input_file5371.txt\nexample_input_file5372.txt\nexample_input_file5373.txt\nexample_input_file5374.txt\nexample_input_file5375.txt\nexample_input_file5376.txt\nexample_input_file5377.txt\nexample_input_file5378.txt\nexample_input_file5379.txt\nexample_input_file5380.txt\nexample_input_file5381.txt\nexample_input_file5382.txt\nexample_input_file5383.txt\nexample_input_file5384.txt\nexample_input_file5385.txt\nexample_input_file5386.txt\nexample_input_file5387.txt\nexample_input_file5388.txt\nexample_input_file5389.txt\nexample_input_file5390.txt\nexample_input_file5391.txt\nexample_input_file5392.txt\nexample_input_file5393.txt\nexample_input_file5394.txt\nexample_input_file5395.txt\nexample_input_file5396.txt\nexample_input_file5397.txt\nexample_input_file5398.txt\nexample_input_file5399.txt\nexample_input_file5400.txt\nexample_input_file5401.txt\nexample_input_file5402.txt\nexample_input_file5403.txt\nexample_input_file5404.txt\nexample_input_file5405.txt\nexample_input_file5406.txt\nexample_input_file5407.txt\nexample_input_file5408.txt\nexample_input_file5409.txt\nexample_input_file5410.txt\nexample_input_file5411.txt\nexample_input_file5412.txt\nexample_input_file5413.txt\nexample_input_file5414.txt\nexample_input_file5415.txt\nexample_input_file5416.txt\nexample_input_file5417.txt\nexample_input_file5418.txt\nexample_input_file5419.txt\nexample_input_file5420.txt\nexample_input_file5421.txt\nexample_input_file5422.txt\nexample_input_file5423.txt\nexample_input_file5424.txt\nexample_input_file5425.txt\nexample_input_file5426.txt\nexample_input_file5427.txt\nexample_input_file5428.txt\nexample_input_file5429.txt\nexample_input_file5430.txt\nexample_input_file5431.txt\nexample_input_file5432.txt\nexample_input_file5433.txt\nexample_input_file5434.txt\nexample_input_file5435.txt\nexample_input_file5436.txt\nexample_input_file5437.txt\nexample_input_file5438.txt\nexample_input_file5439.txt\nexample_input_file5440.txt\nexample_input_file5441.txt\nexample_input_file5442.txt\nexample_input_file5443.txt\nexample_input_file5444.txt\nexample_input_file5445.txt\nexample_input_file5446.txt\nexample_input_file5447.txt\nexample_input_file5448.txt\nexample_input_file5449.txt\nexample_input_file5450.txt\nexample_input_file5451.txt\nexample_input_file5452.txt\nexample_input_file5453.txt\nexample_input_file5454.txt\nexample_input_file5455.txt\nexample_input_file5456.txt\nexample_input_file5457.txt\nexample_input_file5458.txt\nexample_input_file5459.txt\nexample_input_file5460.txt\nexample_input_file5461.txt\nexample_input_file5462.txt\nexample_input_file5463.txt\nexample_input_file5464.txt\nexample_input_file5465.txt\nexample_input_file5466.txt\nexample_input_file5467.txt\nexample_input_file5468.txt\nexample_input_file5469.txt\nexample_input_file5470.txt\nexample_input_file5471.txt\nexample_input_file5472.txt\nexample_input_file5473.txt\nexample_input_file5474.txt\nexample_input_file5475.txt\nexample_input_file5476.txt\nexample_input_file5477.txt\nexample_input_file5478.txt\nexample_input_file5479.txt\nexample_input_file5480.txt\nexample_input_file5481.txt\nexample_input_file5482.txt\nexample_input_file5483.txt\nexample_input_file5484.txt\nexample_input_file5485.txt\nexample_input_file5486.txt\nexample_input_file5487.txt\nexample_input_file5488.txt\nexample_input_file5489.txt\nexample_input_file5490.txt\nexample_input_file5491.txt\nexample_input_file5492.txt\nexample_input_file5493.txt\nexample_input_file5494.txt\nexample_input_file5495.txt\nexample_input_file5496.txt\nexample_input_file5497.txt\nexample_input_file5498.txt\nexample_input_file5499.txt\nexample_input_file5500.txt\nexample_input_file5501.txt\nexample_input_file5502.txt\nexample_input_file5503.txt\nexample_input_file5504.txt\nexample_input_file5505.txt\nexample_input_file5506.txt\nexample_input_file5507.txt\nexample_input_file5508.txt\nexample_input_file5509.txt\nexample_input_file5510.txt\nexample_input_file5511.txt\nexample_input_file5512.txt\nexample_input_file5513.txt\nexample_input_file5514.txt\nexample_input_file5515.txt\nexample_input_file5516.txt\nexample_input_file5517.txt\nexample_input_file5518.txt\nexample_input_file5519.txt\nexample_input_file5520.txt\nexample_input_file5521.txt\nexample_input_file5522.txt\nexample_input_file5523.txt\nexample_input_file5524.txt\nexample_input_file5525.txt\nexample_input_file5526.txt\nexample_input_file5527.txt\nexample_input_file5528.txt\nexample_input_file5529.txt\nexample_input_file5530.txt\nexample_input_file5531.txt\nexample_input_file5532.txt\nexample_input_file5533.txt\nexample_input_file5534.txt\nexample_input_file5535.txt\nexample_input_file5536.txt\nexample_input_file5537.txt\nexample_input_file5538.txt\nexample_input_file5539.txt\nexample_input_file5540.txt\nexample_input_file5541.txt\nexample_input_file5542.txt\nexample_input_file5543.txt\nexample_input_file5544.txt\nexample_input_file5545.txt\nexample_input_file5546.txt\nexample_input_file5547.txt\nexample_input_file5548.txt\nexample_input_file5549.txt\nexample_input_file5550.txt\nexample_input_file5551.txt\nexample_input_file5552.txt\nexample_input_file5553.txt\nexample_input_file5554.txt\nexample_input_file5555.txt\nexample_input_file5556.txt\nexample_input_file5557.txt\nexample_input_file5558.txt\nexample_input_file5559.txt\nexample_input_file5560.txt\nexample_input_file5561.txt\nexample_input_file5562.txt\nexample_input_file5563.txt\nexample_input_file5564.txt\nexample_input_file5565.txt\nexample_input_file5566.txt\nexample_input_file5567.txt\nexample_input_file5568.txt\nexample_input_file5569.txt\nexample_input_file5570.txt\nexample_input_file5571.txt\nexample_input_file5572.txt\nexample_input_file5573.txt\nexample_input_file5574.txt\nexample_input_file5575.txt\nexample_input_file5576.txt\nexample_input_file5577.txt\nexample_input_file5578.txt\nexample_input_file5579.txt\nexample_input_file5580.txt\nexample_input_file5581.txt\nexample_input_file5582.txt\nexample_input_file5583.txt\nexample_input_file5584.txt\nexample_input_file5585.txt\nexample_input_file5586.txt\nexample_input_file5587.txt\nexample_input_file5588.txt\nexample_input_file5589.txt\nexample_input_file5590.txt\nexample_input_file5591.txt\nexample_input_file5592.txt\nexample_input_file5593.txt\nexample_input_file5594.txt\nexample_input_file5595.txt\nexample_input_file5596.txt\nexample_input_file5597.txt\nexample_input_file5598.txt\nexample_input_file5599.txt\nexample_input_file5600.txt\nexample_input_file5601.txt\nexample_input_file5602.txt\nexample_input_file5603.txt\nexample_input_file5604.txt\nexample_input_file5605.txt\nexample_input_file5606.txt\nexample_input_file5607.txt\nexample_input_file5608.txt\nexample_input_file5609.txt\nexample_input_file5610.txt\nexample_input_file5611.txt\nexample_input_file5612.txt\nexample_input_file5613.txt\nexample_input_file5614.txt\nexample_input_file5615.txt\nexample_input_file5616.txt\nexample_input_file5617.txt\nexample_input_file5618.txt\nexample_input_file5619.txt\nexample_input_file5620.txt\nexample_input_file5621.txt\nexample_input_file5622.txt\nexample_input_file5623.txt\nexample_input_file5624.txt\nexample_input_file5625.txt\nexample_input_file5626.txt\nexample_input_file5627.txt\nexample_input_file5628.txt\nexample_input_file5629.txt\nexample_input_file5630.txt\nexample_input_file5631.txt\nexample_input_file5632.txt\nexample_input_file5633.txt\nexample_input_file5634.txt\nexample_input_file5635.txt\nexample_input_file5636.txt\nexample_input_file5637.txt\nexample_input_file5638.txt\nexample_input_file5639.txt\nexample_input_file5640.txt\nexample_input_file5641.txt\nexample_input_file5642.txt\nexample_input_file5643.txt\nexample_input_file5644.txt\nexample_input_file5645.txt\nexample_input_file5646.txt\nexample_input_file5647.txt\nexample_input_file5648.txt\nexample_input_file5649.txt\nexample_input_file5650.txt\nexample_input_file5651.txt\nexample_input_file5652.txt\nexample_input_file5653.txt\nexample_input_file5654.txt\nexample_input_file5655.txt\nexample_input_file5656.txt\nexample_input_file5657.txt\nexample_input_file5658.txt\nexample_input_file5659.txt\nexample_input_file5660.txt\nexample_input_file5661.txt\nexample_input_file5662.txt\nexample_input_file5663.txt\nexample_input_file5664.txt\nexample_input_file5665.txt\nexample_input_file5666.txt\nexample_input_file5667.txt\nexample_input_file5668.txt\nexample_input_file5669.txt\nexample_input_file5670.txt\nexample_input_file5671.txt\nexample_input_file5672.txt\nexample_input_file5673.txt\nexample_input_file5674.txt\nexample_input_file5675.txt\nexample_input_file5676.txt\nexample_input_file5677.txt\nexample_input_file5678.txt\nexample_input_file5679.txt\nexample_input_file5680.txt\nexample_input_file5681.txt\nexample_input_file5682.txt\nexample_input_file5683.txt\nexample_input_file5684.txt\nexample_input_file5685.txt\nexample_input_file5686.txt\nexample_input_file5687.txt\nexample_input_file5688.txt\nexample_input_file5689.txt\nexample_input_file5690.txt\nexample_input_file5691.txt\nexample_input_file5692.txt\nexample_input_file5693.txt\nexample_input_file5694.txt\nexample_input_file5695.txt\nexample_input_file5696.txt\nexample_input_file5697.txt\nexample_input_file5698.txt\nexample_input_file5699.txt\nexample_input_file5700.txt\nexample_input_file5701.txt\nexample_input_file5702.txt\nexample_input_file5703.txt\nexample_input_file5704.txt\nexample_input_file5705.txt\nexample_input_file5706.txt\nexample_input_file5707.txt\nexample_input_file5708.txt\nexample_input_file5709.txt\nexample_input_file5710.txt\nexample_input_file5711.txt\nexample_input_file5712.txt\nexample_input_file5713.txt\nexample_input_file5714.txt\nexample_input_file5715.txt\nexample_input_file5716.txt\nexample_input_file5717.txt\nexample_input_file5718.txt\nexample_input_file5719.txt\nexample_input_file5720.txt\nexample_input_file5721.txt\nexample_input_file5722.txt\nexample_input_file5723.txt\nexample_input_file5724.txt\nexample_input_file5725.txt\nexample_input_file5726.txt\nexample_input_file5727.txt\nexample_input_file5728.txt\nexample_input_file5729.txt\nexample_input_file5730.txt\nexample_input_file5731.txt\nexample_input_file5732.txt\nexample_input_file5733.txt\nexample_input_file5734.txt\nexample_input_file5735.txt\nexample_input_file5736.txt\nexample_input_file5737.txt\nexample_input_file5738.txt\nexample_input_file5739.txt\nexample_input_file5740.txt\nexample_input_file5741.txt\nexample_input_file5742.txt\nexample_input_file5743.txt\nexample_input_file5744.txt\nexample_input_file5745.txt\nexample_input_file5746.txt\nexample_input_file5747.txt\nexample_input_file5748.txt\nexample_input_file5749.txt\nexample_input_file5750.txt\nexample_input_file5751.txt\nexample_input_file5752.txt\nexample_input_file5753.txt\nexample_input_file5754.txt\nexample_input_file5755.txt\nexample_input_file5756.txt\nexample_input_file5757.txt\nexample_input_file5758.txt\nexample_input_file5759.txt\nexample_input_file5760.txt\nexample_input_file5761.txt\nexample_input_file5762.txt\nexample_input_file5763.txt\nexample_input_file5764.txt\nexample_input_file5765.txt\nexample_input_file5766.txt\nexample_input_file5767.txt\nexample_input_file5768.txt\nexample_input_file5769.txt\nexample_input_file5770.txt\nexample_input_file5771.txt\nexample_input_file5772.txt\nexample_input_file5773.txt\nexample_input_file5774.txt\nexample_input_file5775.txt\nexample_input_file5776.txt\nexample_input_file5777.txt\nexample_input_file5778.txt\nexample_input_file5779.txt\nexample_input_file5780.txt\nexample_input_file5781.txt\nexample_input_file5782.txt\nexample_input_file5783.txt\nexample_input_file5784.txt\nexample_input_file5785.txt\nexample_input_file5786.txt\nexample_input_file5787.txt\nexample_input_file5788.txt\nexample_input_file5789.txt\nexample_input_file5790.txt\nexample_input_file5791.txt\nexample_input_file5792.txt\nexample_input_file5793.txt\nexample_input_file5794.txt\nexample_input_file5795.txt\nexample_input_file5796.txt\nexample_input_file5797.txt\nexample_input_file5798.txt\nexample_input_file5799.txt\nexample_input_file5800.txt\nexample_input_file5801.txt\nexample_input_file5802.txt\nexample_input_file5803.txt\nexample_input_file5804.txt\nexample_input_file5805.txt\nexample_input_file5806.txt\nexample_input_file5807.txt\nexample_input_file5808.txt\nexample_input_file5809.txt\nexample_input_file5810.txt\nexample_input_file5811.txt\nexample_input_file5812.txt\nexample_input_file5813.txt\nexample_input_file5814.txt\nexample_input_file5815.txt\nexample_input_file5816.txt\nexample_input_file5817.txt\nexample_input_file5818.txt\nexample_input_file5819.txt\nexample_input_file5820.txt\nexample_input_file5821.txt\nexample_input_file5822.txt\nexample_input_file5823.txt\nexample_input_file5824.txt\nexample_input_file5825.txt\nexample_input_file5826.txt\nexample_input_file5827.txt\nexample_input_file5828.txt\nexample_input_file5829.txt\nexample_input_file5830.txt\nexample_input_file5831.txt\nexample_input_file5832.txt\nexample_input_file5833.txt\nexample_input_file5834.txt\nexample_input_file5835.txt\nexample_input_file5836.txt\nexample_input_file5837.txt\nexample_input_file5838.txt\nexample_input_file5839.txt\nexample_input_file5840.txt\nexample_input_file5841.txt\nexample_input_file5842.txt\nexample_input_file5843.txt\nexample_input_file5844.txt\nexample_input_file5845.txt\nexample_input_file5846.txt\nexample_input_file5847.txt\nexample_input_file5848.txt\nexample_input_file5849.txt\nexample_input_file5850.txt\nexample_input_file5851.txt\nexample_input_file5852.txt\nexample_input_file5853.txt\nexample_input_file5854.txt\nexample_input_file5855.txt\nexample_input_file5856.txt\nexample_input_file5857.txt\nexample_input_file5858.txt\nexample_input_file5859.txt\nexample_input_file5860.txt\nexample_input_file5861.txt\nexample_input_file5862.txt\nexample_input_file5863.txt\nexample_input_file5864.txt\nexample_input_file5865.txt\nexample_input_file5866.txt\nexample_input_file5867.txt\nexample_input_file5868.txt\nexample_input_file5869.txt\nexample_input_file5870.txt\nexample_input_file5871.txt\nexample_input_file5872.txt\nexample_input_file5873.txt\nexample_input_file5874.txt\nexample_input_file5875.txt\nexample_input_file5876.txt\nexample_input_file5877.txt\nexample_input_file5878.txt\nexample_input_file5879.txt\nexample_input_file5880.txt\nexample_input_file5881.txt\nexample_input_file5882.txt\nexample_input_file5883.txt\nexample_input_file5884.txt\nexample_input_file5885.txt\nexample_input_file5886.txt\nexample_input_file5887.txt\nexample_input_file5888.txt\nexample_input_file5889.txt\nexample_input_file5890.txt\nexample_input_file5891.txt\nexample_input_file5892.txt\nexample_input_file5893.txt\nexample_input_file5894.txt\nexample_input_file5895.txt\nexample_input_file5896.txt\nexample_input_file5897.txt\nexample_input_file5898.txt\nexample_input_file5899.txt\nexample_input_file5900.txt\nexample_input_file5901.txt\nexample_input_file5902.txt\nexample_input_file5903.txt\nexample_input_file5904.txt\nexample_input_file5905.txt\nexample_input_file5906.txt\nexample_input_file5907.txt\nexample_input_file5908.txt\nexample_input_file5909.txt\nexample_input_file5910.txt\nexample_input_file5911.txt\nexample_input_file5912.txt\nexample_input_file5913.txt\nexample_input_file5914.txt\nexample_input_file5915.txt\nexample_input_file5916.txt\nexample_input_file5917.txt\nexample_input_file5918.txt\nexample_input_file5919.txt\nexample_input_file5920.txt\nexample_input_file5921.txt\nexample_input_file5922.txt\nexample_input_file5923.txt\nexample_input_file5924.txt\nexample_input_file5925.txt\nexample_input_file5926.txt\nexample_input_file5927.txt\nexample_input_file5928.txt\nexample_input_file5929.txt\nexample_input_file5930.txt\nexample_input_file5931.txt\nexample_input_file5932.txt\nexample_input_file5933.txt\nexample_input_file5934.txt\nexample_input_file5935.txt\nexample_input_file5936.txt\nexample_input_file5937.txt\nexample_input_file5938.txt\nexample_input_file5939.txt\nexample_input_file5940.txt\nexample_input_file5941.txt\nexample_input_file5942.txt\nexample_input_file5943.txt\nexample_input_file5944.txt\nexample_input_file5945.txt\nexample_input_file5946.txt\nexample_input_file5947.txt\nexample_input_file5948.txt\nexample_input_file5949.txt\nexample_input_file5950.txt\nexample_input_file5951.txt\nexample_input_file5952.txt\nexample_input_file5953.txt\nexample_input_file5954.txt\nexample_input_file5955.txt\nexample_input_file5956.txt\nexample_input_file5957.txt\nexample_input_file5958.txt\nexample_input_file5959.txt\nexample_input_file5960.txt\nexample_input_file5961.txt\nexample_input_file5962.txt\nexample_input_file5963.txt\nexample_input_file5964.txt\nexample_input_file5965.txt\nexample_input_file5966.txt\nexample_input_file5967.txt\nexample_input_file5968.txt\nexample_input_file5969.txt\nexample_input_file5970.txt\nexample_input_file5971.txt\nexample_input_file5972.txt\nexample_input_file5973.txt\nexample_input_file5974.txt\nexample_input_file5975.txt\nexample_input_file5976.txt\nexample_input_file5977.txt\nexample_input_file5978.txt\nexample_input_file5979.txt\nexample_input_file5980.txt\nexample_input_file5981.txt\nexample_input_file5982.txt\nexample_input_file5983.txt\nexample_input_file5984.txt\nexample_input_file5985.txt\nexample_input_file5986.txt\nexample_input_file5987.txt\nexample_input_file5988.txt\nexample_input_file5989.txt\nexample_input_file5990.txt\nexample_input_file5991.txt\nexample_input_file5992.txt\nexample_input_file5993.txt\nexample_input_file5994.txt\nexample_input_file5995.txt\nexample_input_file5996.txt\nexample_input_file5997.txt\nexample_input_file5998.txt\nexample_input_file5999.txt\nexample_input_file6000.txt\nexample_input_file6001.txt\nexample_input_file6002.txt\nexample_input_file6003.txt\nexample_input_file6004.txt\nexample_input_file6005.txt\nexample_input_file6006.txt\nexample_input_file6007.txt\nexample_input_file6008.txt\nexample_input_file6009.txt\nexample_input_file6010.txt\nexample_input_file6011.txt\nexample_input_file6012.txt\nexample_input_file6013.txt\nexample_input_file6014.txt\nexample_input_file6015.txt\nexample_input_file6016.txt\nexample_input_file6017.txt\nexample_input_file6018.txt\nexample_input_file6019.txt\nexample_input_file6020.txt\nexample_input_file6021.txt\nexample_input_file6022.txt\nexample_input_file6023.txt\nexample_input_file6024.txt\nexample_input_file6025.txt\nexample_input_file6026.txt\nexample_input_file6027.txt\nexample_input_file6028.txt\nexample_input_file6029.txt\nexample_input_file6030.txt\nexample_input_file6031.txt\nexample_input_file6032.txt\nexample_input_file6033.txt\nexample_input_file6034.txt\nexample_input_file6035.txt\nexample_input_file6036.txt\nexample_input_file6037.txt\nexample_input_file6038.txt\nexample_input_file6039.txt\nexample_input_file6040.txt\nexample_input_file6041.txt\nexample_input_file6042.txt\nexample_input_file6043.txt\nexample_input_file6044.txt\nexample_input_file6045.txt\nexample_input_file6046.txt\nexample_input_file6047.txt\nexample_input_file6048.txt\nexample_input_file6049.txt\nexample_input_file6050.txt\nexample_input_file6051.txt\nexample_input_file6052.txt\nexample_input_file6053.txt\nexample_input_file6054.txt\nexample_input_file6055.txt\nexample_input_file6056.txt\nexample_input_file6057.txt\nexample_input_file6058.txt\nexample_input_file6059.txt\nexample_input_file6060.txt\nexample_input_file6061.txt\nexample_input_file6062.txt\nexample_input_file6063.txt\nexample_input_file6064.txt\nexample_input_file6065.txt\nexample_input_file6066.txt\nexample_input_file6067.txt\nexample_input_file6068.txt\nexample_input_file6069.txt\nexample_input_file6070.txt\nexample_input_file6071.txt\nexample_input_file6072.txt\nexample_input_file6073.txt\nexample_input_file6074.txt\nexample_input_file6075.txt\nexample_input_file6076.txt\nexample_input_file6077.txt\nexample_input_file6078.txt\nexample_input_file6079.txt\nexample_input_file6080.txt\nexample_input_file6081.txt\nexample_input_file6082.txt\nexample_input_file6083.txt\nexample_input_file6084.txt\nexample_input_file6085.txt\nexample_input_file6086.txt\nexample_input_file6087.txt\nexample_input_file6088.txt\nexample_input_file6089.txt\nexample_input_file6090.txt\nexample_input_file6091.txt\nexample_input_file6092.txt\nexample_input_file6093.txt\nexample_input_file6094.txt\nexample_input_file6095.txt\nexample_input_file6096.txt\nexample_input_file6097.txt\nexample_input_file6098.txt\nexample_input_file6099.txt\nexample_input_file6100.txt\nexample_input_file6101.txt\nexample_input_file6102.txt\nexample_input_file6103.txt\nexample_input_file6104.txt\nexample_input_file6105.txt\nexample_input_file6106.txt\nexample_input_file6107.txt\nexample_input_file6108.txt\nexample_input_file6109.txt\nexample_input_file6110.txt\nexample_input_file6111.txt\nexample_input_file6112.txt\nexample_input_file6113.txt\nexample_input_file6114.txt\nexample_input_file6115.txt\nexample_input_file6116.txt\nexample_input_file6117.txt\nexample_input_file6118.txt\nexample_input_file6119.txt\nexample_input_file6120.txt\nexample_input_file6121.txt\nexample_input_file6122.txt\nexample_input_file6123.txt\nexample_input_file6124.txt\nexample_input_file6125.txt\nexample_input_file6126.txt\nexample_input_file6127.txt\nexample_input_file6128.txt\nexample_input_file6129.txt\nexample_input_file6130.txt\nexample_input_file6131.txt\nexample_input_file6132.txt\nexample_input_file6133.txt\nexample_input_file6134.txt\nexample_input_file6135.txt\nexample_input_file6136.txt\nexample_input_file6137.txt\nexample_input_file6138.txt\nexample_input_file6139.txt\nexample_input_file6140.txt\nexample_input_file6141.txt\nexample_input_file6142.txt\nexample_input_file6143.txt\nexample_input_file6144.txt\nexample_input_file6145.txt\nexample_input_file6146.txt\nexample_input_file6147.txt\nexample_input_file6148.txt\nexample_input_file6149.txt\nexample_input_file6150.txt\nexample_input_file6151.txt\nexample_input_file6152.txt\nexample_input_file6153.txt\nexample_input_file6154.txt\nexample_input_file6155.txt\nexample_input_file6156.txt\nexample_input_file6157.txt\nexample_input_file6158.txt\nexample_input_file6159.txt\nexample_input_file6160.txt\nexample_input_file6161.txt\nexample_input_file6162.txt\nexample_input_file6163.txt\nexample_input_file6164.txt\nexample_input_file6165.txt\nexample_input_file6166.txt\nexample_input_file6167.txt\nexample_input_file6168.txt\nexample_input_file6169.txt\nexample_input_file6170.txt\nexample_input_file6171.txt\nexample_input_file6172.txt\nexample_input_file6173.txt\nexample_input_file6174.txt\nexample_input_file6175.txt\nexample_input_file6176.txt\nexample_input_file6177.txt\nexample_input_file6178.txt\nexample_input_file6179.txt\nexample_input_file6180.txt\nexample_input_file6181.txt\nexample_input_file6182.txt\nexample_input_file6183.txt\nexample_input_file6184.txt\nexample_input_file6185.txt\nexample_input_file6186.txt\nexample_input_file6187.txt\nexample_input_file6188.txt\nexample_input_file6189.txt\nexample_input_file6190.txt\nexample_input_file6191.txt\nexample_input_file6192.txt\nexample_input_file6193.txt\nexample_input_file6194.txt\nexample_input_file6195.txt\nexample_input_file6196.txt\nexample_input_file6197.txt\nexample_input_file6198.txt\nexample_input_file6199.txt\nexample_input_file6200.txt\nexample_input_file6201.txt\nexample_input_file6202.txt\nexample_input_file6203.txt\nexample_input_file6204.txt\nexample_input_file6205.txt\nexample_input_file6206.txt\nexample_input_file6207.txt\nexample_input_file6208.txt\nexample_input_file6209.txt\nexample_input_file6210.txt\nexample_input_file6211.txt\nexample_input_file6212.txt\nexample_input_file6213.txt\nexample_input_file6214.txt\nexample_input_file6215.txt\nexample_input_file6216.txt\nexample_input_file6217.txt\nexample_input_file6218.txt\nexample_input_file6219.txt\nexample_input_file6220.txt\nexample_input_file6221.txt\nexample_input_file6222.txt\nexample_input_file6223.txt\nexample_input_file6224.txt\nexample_input_file6225.txt\nexample_input_file6226.txt\nexample_input_file6227.txt\nexample_input_file6228.txt\nexample_input_file6229.txt\nexample_input_file6230.txt\nexample_input_file6231.txt\nexample_input_file6232.txt\nexample_input_file6233.txt\nexample_input_file6234.txt\nexample_input_file6235.txt\nexample_input_file6236.txt\nexample_input_file6237.txt\nexample_input_file6238.txt\nexample_input_file6239.txt\nexample_input_file6240.txt\nexample_input_file6241.txt\nexample_input_file6242.txt\nexample_input_file6243.txt\nexample_input_file6244.txt\nexample_input_file6245.txt\nexample_input_file6246.txt\nexample_input_file6247.txt\nexample_input_file6248.txt\nexample_input_file6249.txt\nexample_input_file6250.txt\nexample_input_file6251.txt\nexample_input_file6252.txt\nexample_input_file6253.txt\nexample_input_file6254.txt\nexample_input_file6255.txt\nexample_input_file6256.txt\nexample_input_file6257.txt\nexample_input_file6258.txt\nexample_input_file6259.txt\nexample_input_file6260.txt\nexample_input_file6261.txt\nexample_input_file6262.txt\nexample_input_file6263.txt\nexample_input_file6264.txt\nexample_input_file6265.txt\nexample_input_file6266.txt\nexample_input_file6267.txt\nexample_input_file6268.txt\nexample_input_file6269.txt\nexample_input_file6270.txt\nexample_input_file6271.txt\nexample_input_file6272.txt\nexample_input_file6273.txt\nexample_input_file6274.txt\nexample_input_file6275.txt\nexample_input_file6276.txt\nexample_input_file6277.txt\nexample_input_file6278.txt\nexample_input_file6279.txt\nexample_input_file6280.txt\nexample_input_file6281.txt\nexample_input_file6282.txt\nexample_input_file6283.txt\nexample_input_file6284.txt\nexample_input_file6285.txt\nexample_input_file6286.txt\nexample_input_file6287.txt\nexample_input_file6288.txt\nexample_input_file6289.txt\nexample_input_file6290.txt\nexample_input_file6291.txt\nexample_input_file6292.txt\nexample_input_file6293.txt\nexample_input_file6294.txt\nexample_input_file6295.txt\nexample_input_file6296.txt\nexample_input_file6297.txt\nexample_input_file6298.txt\nexample_input_file6299.txt\nexample_input_file6300.txt\nexample_input_file6301.txt\nexample_input_file6302.txt\nexample_input_file6303.txt\nexample_input_file6304.txt\nexample_input_file6305.txt\nexample_input_file6306.txt\nexample_input_file6307.txt\nexample_input_file6308.txt\nexample_input_file6309.txt\nexample_input_file6310.txt\nexample_input_file6311.txt\nexample_input_file6312.txt\nexample_input_file6313.txt\nexample_input_file6314.txt\nexample_input_file6315.txt\nexample_input_file6316.txt\nexample_input_file6317.txt\nexample_input_file6318.txt\nexample_input_file6319.txt\nexample_input_file6320.txt\nexample_input_file6321.txt\nexample_input_file6322.txt\nexample_input_file6323.txt\nexample_input_file6324.txt\nexample_input_file6325.txt\nexample_input_file6326.txt\nexample_input_file6327.txt\nexample_input_file6328.txt\nexample_input_file6329.txt\nexample_input_file6330.txt\nexample_input_file6331.txt\nexample_input_file6332.txt\nexample_input_file6333.txt\nexample_input_file6334.txt\nexample_input_file6335.txt\nexample_input_file6336.txt\nexample_input_file6337.txt\nexample_input_file6338.txt\nexample_input_file6339.txt\nexample_input_file6340.txt\nexample_input_file6341.txt\nexample_input_file6342.txt\nexample_input_file6343.txt\nexample_input_file6344.txt\nexample_input_file6345.txt\nexample_input_file6346.txt\nexample_input_file6347.txt\nexample_input_file6348.txt\nexample_input_file6349.txt\nexample_input_file6350.txt\nexample_input_file6351.txt\nexample_input_file6352.txt\nexample_input_file6353.txt\nexample_input_file6354.txt\nexample_input_file6355.txt\nexample_input_file6356.txt\nexample_input_file6357.txt\nexample_input_file6358.txt\nexample_input_file6359.txt\nexample_input_file6360.txt\nexample_input_file6361.txt\nexample_input_file6362.txt\nexample_input_file6363.txt\nexample_input_file6364.txt\nexample_input_file6365.txt\nexample_input_file6366.txt\nexample_input_file6367.txt\nexample_input_file6368.txt\nexample_input_file6369.txt\nexample_input_file6370.txt\nexample_input_file6371.txt\nexample_input_file6372.txt\nexample_input_file6373.txt\nexample_input_file6374.txt\nexample_input_file6375.txt\nexample_input_file6376.txt\nexample_input_file6377.txt\nexample_input_file6378.txt\nexample_input_file6379.txt\nexample_input_file6380.txt\nexample_input_file6381.txt\nexample_input_file6382.txt\nexample_input_file6383.txt\nexample_input_file6384.txt\nexample_input_file6385.txt\nexample_input_file6386.txt\nexample_input_file6387.txt\nexample_input_file6388.txt\nexample_input_file6389.txt\nexample_input_file6390.txt\nexample_input_file6391.txt\nexample_input_file6392.txt\nexample_input_file6393.txt\nexample_input_file6394.txt\nexample_input_file6395.txt\nexample_input_file6396.txt\nexample_input_file6397.txt\nexample_input_file6398.txt\nexample_input_file6399.txt\nexample_input_file6400.txt\nexample_input_file6401.txt\nexample_input_file6402.txt\nexample_input_file6403.txt\nexample_input_file6404.txt\nexample_input_file6405.txt\nexample_input_file6406.txt\nexample_input_file6407.txt\nexample_input_file6408.txt\nexample_input_file6409.txt\nexample_input_file6410.txt\nexample_input_file6411.txt\nexample_input_file6412.txt\nexample_input_file6413.txt\nexample_input_file6414.txt\nexample_input_file6415.txt\nexample_input_file6416.txt\nexample_input_file6417.txt\nexample_input_file6418.txt\nexample_input_file6419.txt\nexample_input_file6420.txt\nexample_input_file6421.txt\nexample_input_file6422.txt\nexample_input_file6423.txt\nexample_input_file6424.txt\nexample_input_file6425.txt\nexample_input_file6426.txt\nexample_input_file6427.txt\nexample_input_file6428.txt\nexample_input_file6429.txt\nexample_input_file6430.txt\nexample_input_file6431.txt\nexample_input_file6432.txt\nexample_input_file6433.txt\nexample_input_file6434.txt\nexample_input_file6435.txt\nexample_input_file6436.txt\nexample_input_file6437.txt\nexample_input_file6438.txt\nexample_input_file6439.txt\nexample_input_file6440.txt\nexample_input_file6441.txt\nexample_input_file6442.txt\nexample_input_file6443.txt\nexample_input_file6444.txt\nexample_input_file6445.txt\nexample_input_file6446.txt\nexample_input_file6447.txt\nexample_input_file6448.txt\nexample_input_file6449.txt\nexample_input_file6450.txt\nexample_input_file6451.txt\nexample_input_file6452.txt\nexample_input_file6453.txt\nexample_input_file6454.txt\nexample_input_file6455.txt\nexample_input_file6456.txt\nexample_input_file6457.txt\nexample_input_file6458.txt\nexample_input_file6459.txt\nexample_input_file6460.txt\nexample_input_file6461.txt\nexample_input_file6462.txt\nexample_input_file6463.txt\nexample_input_file6464.txt\nexample_input_file6465.txt\nexample_input_file6466.txt\nexample_input_file6467.txt\nexample_input_file6468.txt\nexample_input_file6469.txt\nexample_input_file6470.txt\nexample_input_file6471.txt\nexample_input_file6472.txt\nexample_input_file6473.txt\nexample_input_file6474.txt\nexample_input_file6475.txt\nexample_input_file6476.txt\nexample_input_file6477.txt\nexample_input_file6478.txt\nexample_input_file6479.txt\nexample_input_file6480.txt\nexample_input_file6481.txt\nexample_input_file6482.txt\nexample_input_file6483.txt\nexample_input_file6484.txt\nexample_input_file6485.txt\nexample_input_file6486.txt\nexample_input_file6487.txt\nexample_input_file6488.txt\nexample_input_file6489.txt\nexample_input_file6490.txt\nexample_input_file6491.txt\nexample_input_file6492.txt\nexample_input_file6493.txt\nexample_input_file6494.txt\nexample_input_file6495.txt\nexample_input_file6496.txt\nexample_input_file6497.txt\nexample_input_file6498.txt\nexample_input_file6499.txt\nexample_input_file6500.txt\nexample_input_file6501.txt\nexample_input_file6502.txt\nexample_input_file6503.txt\nexample_input_file6504.txt\nexample_input_file6505.txt\nexample_input_file6506.txt\nexample_input_file6507.txt\nexample_input_file6508.txt\nexample_input_file6509.txt\nexample_input_file6510.txt\nexample_input_file6511.txt\nexample_input_file6512.txt\nexample_input_file6513.txt\nexample_input_file6514.txt\nexample_input_file6515.txt\nexample_input_file6516.txt\nexample_input_file6517.txt\nexample_input_file6518.txt\nexample_input_file6519.txt\nexample_input_file6520.txt\nexample_input_file6521.txt\nexample_input_file6522.txt\nexample_input_file6523.txt\nexample_input_file6524.txt\nexample_input_file6525.txt\nexample_input_file6526.txt\nexample_input_file6527.txt\nexample_input_file6528.txt\nexample_input_file6529.txt\nexample_input_file6530.txt\nexample_input_file6531.txt\nexample_input_file6532.txt\nexample_input_file6533.txt\nexample_input_file6534.txt\nexample_input_file6535.txt\nexample_input_file6536.txt\nexample_input_file6537.txt\nexample_input_file6538.txt\nexample_input_file6539.txt\nexample_input_file6540.txt\nexample_input_file6541.txt\nexample_input_file6542.txt\nexample_input_file6543.txt\nexample_input_file6544.txt\nexample_input_file6545.txt\nexample_input_file6546.txt\nexample_input_file6547.txt\nexample_input_file6548.txt\nexample_input_file6549.txt\nexample_input_file6550.txt\nexample_input_file6551.txt\nexample_input_file6552.txt\nexample_input_file6553.txt\nexample_input_file6554.txt\nexample_input_file6555.txt\nexample_input_file6556.txt\nexample_input_file6557.txt\nexample_input_file6558.txt\nexample_input_file6559.txt\nexample_input_file6560.txt\nexample_input_file6561.txt\nexample_input_file6562.txt\nexample_input_file6563.txt\nexample_input_file6564.txt\nexample_input_file6565.txt\nexample_input_file6566.txt\nexample_input_file6567.txt\nexample_input_file6568.txt\nexample_input_file6569.txt\nexample_input_file6570.txt\nexample_input_file6571.txt\nexample_input_file6572.txt\nexample_input_file6573.txt\nexample_input_file6574.txt\nexample_input_file6575.txt\nexample_input_file6576.txt\nexample_input_file6577.txt\nexample_input_file6578.txt\nexample_input_file6579.txt\nexample_input_file6580.txt\nexample_input_file6581.txt\nexample_input_file6582.txt\nexample_input_file6583.txt\nexample_input_file6584.txt\nexample_input_file6585.txt\nexample_input_file6586.txt\nexample_input_file6587.txt\nexample_input_file6588.txt\nexample_input_file6589.txt\nexample_input_file6590.txt\nexample_input_file6591.txt\nexample_input_file6592.txt\nexample_input_file6593.txt\nexample_input_file6594.txt\nexample_input_file6595.txt\nexample_input_file6596.txt\nexample_input_file6597.txt\nexample_input_file6598.txt\nexample_input_file6599.txt\nexample_input_file6600.txt\nexample_input_file6601.txt\nexample_input_file6602.txt\nexample_input_file6603.txt\nexample_input_file6604.txt\nexample_input_file6605.txt\nexample_input_file6606.txt\nexample_input_file6607.txt\nexample_input_file6608.txt\nexample_input_file6609.txt\nexample_input_file6610.txt\nexample_input_file6611.txt\nexample_input_file6612.txt\nexample_input_file6613.txt\nexample_input_file6614.txt\nexample_input_file6615.txt\nexample_input_file6616.txt\nexample_input_file6617.txt\nexample_input_file6618.txt\nexample_input_file6619.txt\nexample_input_file6620.txt\nexample_input_file6621.txt\nexample_input_file6622.txt\nexample_input_file6623.txt\nexample_input_file6624.txt\nexample_input_file6625.txt\nexample_input_file6626.txt\nexample_input_file6627.txt\nexample_input_file6628.txt\nexample_input_file6629.txt\nexample_input_file6630.txt\nexample_input_file6631.txt\nexample_input_file6632.txt\nexample_input_file6633.txt\nexample_input_file6634.txt\nexample_input_file6635.txt\nexample_input_file6636.txt\nexample_input_file6637.txt\nexample_input_file6638.txt\nexample_input_file6639.txt\nexample_input_file6640.txt\nexample_input_file6641.txt\nexample_input_file6642.txt\nexample_input_file6643.txt\nexample_input_file6644.txt\nexample_input_file6645.txt\nexample_input_file6646.txt\nexample_input_file6647.txt\nexample_input_file6648.txt\nexample_input_file6649.txt\nexample_input_file6650.txt\nexample_input_file6651.txt\nexample_input_file6652.txt\nexample_input_file6653.txt\nexample_input_file6654.txt\nexample_input_file6655.txt\nexample_input_file6656.txt\nexample_input_file6657.txt\nexample_input_file6658.txt\nexample_input_file6659.txt\nexample_input_file6660.txt\nexample_input_file6661.txt\nexample_input_file6662.txt\nexample_input_file6663.txt\nexample_input_file6664.txt\nexample_input_file6665.txt\nexample_input_file6666.txt\nexample_input_file6667.txt\nexample_input_file6668.txt\nexample_input_file6669.txt\nexample_input_file6670.txt\nexample_input_file6671.txt\nexample_input_file6672.txt\nexample_input_file6673.txt\nexample_input_file6674.txt\nexample_input_file6675.txt\nexample_input_file6676.txt\nexample_input_file6677.txt\nexample_input_file6678.txt\nexample_input_file6679.txt\nexample_input_file6680.txt\nexample_input_file6681.txt\nexample_input_file6682.txt\nexample_input_file6683.txt\nexample_input_file6684.txt\nexample_input_file6685.txt\nexample_input_file6686.txt\nexample_input_file6687.txt\nexample_input_file6688.txt\nexample_input_file6689.txt\nexample_input_file6690.txt\nexample_input_file6691.txt\nexample_input_file6692.txt\nexample_input_file6693.txt\nexample_input_file6694.txt\nexample_input_file6695.txt\nexample_input_file6696.txt\nexample_input_file6697.txt\nexample_input_file6698.txt\nexample_input_file6699.txt\nexample_input_file6700.txt\nexample_input_file6701.txt\nexample_input_file6702.txt\nexample_input_file6703.txt\nexample_input_file6704.txt\nexample_input_file6705.txt\nexample_input_file6706.txt\nexample_input_file6707.txt\nexample_input_file6708.txt\nexample_input_file6709.txt\nexample_input_file6710.txt\nexample_input_file6711.txt\nexample_input_file6712.txt\nexample_input_file6713.txt\nexample_input_file6714.txt\nexample_input_file6715.txt\nexample_input_file6716.txt\nexample_input_file6717.txt\nexample_input_file6718.txt\nexample_input_file6719.txt\nexample_input_file6720.txt\nexample_input_file6721.txt\nexample_input_file6722.txt\nexample_input_file6723.txt\nexample_input_file6724.txt\nexample_input_file6725.txt\nexample_input_file6726.txt\nexample_input_file6727.txt\nexample_input_file6728.txt\nexample_input_file6729.txt\nexample_input_file6730.txt\nexample_input_file6731.txt\nexample_input_file6732.txt\nexample_input_file6733.txt\nexample_input_file6734.txt\nexample_input_file6735.txt\nexample_input_file6736.txt\nexample_input_file6737.txt\nexample_input_file6738.txt\nexample_input_file6739.txt\nexample_input_file6740.txt\nexample_input_file6741.txt\nexample_input_file6742.txt\nexample_input_file6743.txt\nexample_input_file6744.txt\nexample_input_file6745.txt\nexample_input_file6746.txt\nexample_input_file6747.txt\nexample_input_file6748.txt\nexample_input_file6749.txt\nexample_input_file6750.txt\nexample_input_file6751.txt\nexample_input_file6752.txt\nexample_input_file6753.txt\nexample_input_file6754.txt\nexample_input_file6755.txt\nexample_input_file6756.txt\nexample_input_file6757.txt\nexample_input_file6758.txt\nexample_input_file6759.txt\nexample_input_file6760.txt\nexample_input_file6761.txt\nexample_input_file6762.txt\nexample_input_file6763.txt\nexample_input_file6764.txt\nexample_input_file6765.txt\nexample_input_file6766.txt\nexample_input_file6767.txt\nexample_input_file6768.txt\nexample_input_file6769.txt\nexample_input_file6770.txt\nexample_input_file6771.txt\nexample_input_file6772.txt\nexample_input_file6773.txt\nexample_input_file6774.txt\nexample_input_file6775.txt\nexample_input_file6776.txt\nexample_input_file6777.txt\nexample_input_file6778.txt\nexample_input_file6779.txt\nexample_input_file6780.txt\nexample_input_file6781.txt\nexample_input_file6782.txt\nexample_input_file6783.txt\nexample_input_file6784.txt\nexample_input_file6785.txt\nexample_input_file6786.txt\nexample_input_file6787.txt\nexample_input_file6788.txt\nexample_input_file6789.txt\nexample_input_file6790.txt\nexample_input_file6791.txt\nexample_input_file6792.txt\nexample_input_file6793.txt\nexample_input_file6794.txt\nexample_input_file6795.txt\nexample_input_file6796.txt\nexample_input_file6797.txt\nexample_input_file6798.txt\nexample_input_file6799.txt\nexample_input_file6800.txt\nexample_input_file6801.txt\nexample_input_file6802.txt\nexample_input_file6803.txt\nexample_input_file6804.txt\nexample_input_file6805.txt\nexample_input_file6806.txt\nexample_input_file6807.txt\nexample_input_file6808.txt\nexample_input_file6809.txt\nexample_input_file6810.txt\nexample_input_file6811.txt\nexample_input_file6812.txt\nexample_input_file6813.txt\nexample_input_file6814.txt\nexample_input_file6815.txt\nexample_input_file6816.txt\nexample_input_file6817.txt\nexample_input_file6818.txt\nexample_input_file6819.txt\nexample_input_file6820.txt\nexample_input_file6821.txt\nexample_input_file6822.txt\nexample_input_file6823.txt\nexample_input_file6824.txt\nexample_input_file6825.txt\nexample_input_file6826.txt\nexample_input_file6827.txt\nexample_input_file6828.txt\nexample_input_file6829.txt\nexample_input_file6830.txt\nexample_input_file6831.txt\nexample_input_file6832.txt\nexample_input_file6833.txt\nexample_input_file6834.txt\nexample_input_file6835.txt\nexample_input_file6836.txt\nexample_input_file6837.txt\nexample_input_file6838.txt\nexample_input_file6839.txt\nexample_input_file6840.txt\nexample_input_file6841.txt\nexample_input_file6842.txt\nexample_input_file6843.txt\nexample_input_file6844.txt\nexample_input_file6845.txt\nexample_input_file6846.txt\nexample_input_file6847.txt\nexample_input_file6848.txt\nexample_input_file6849.txt\nexample_input_file6850.txt\nexample_input_file6851.txt\nexample_input_file6852.txt\nexample_input_file6853.txt\nexample_input_file6854.txt\nexample_input_file6855.txt\nexample_input_file6856.txt\nexample_input_file6857.txt\nexample_input_file6858.txt\nexample_input_file6859.txt\nexample_input_file6860.txt\nexample_input_file6861.txt\nexample_input_file6862.txt\nexample_input_file6863.txt\nexample_input_file6864.txt\nexample_input_file6865.txt\nexample_input_file6866.txt\nexample_input_file6867.txt\nexample_input_file6868.txt\nexample_input_file6869.txt\nexample_input_file6870.txt\nexample_input_file6871.txt\nexample_input_file6872.txt\nexample_input_file6873.txt\nexample_input_file6874.txt\nexample_input_file6875.txt\nexample_input_file6876.txt\nexample_input_file6877.txt\nexample_input_file6878.txt\nexample_input_file6879.txt\nexample_input_file6880.txt\nexample_input_file6881.txt\nexample_input_file6882.txt\nexample_input_file6883.txt\nexample_input_file6884.txt\nexample_input_file6885.txt\nexample_input_file6886.txt\nexample_input_file6887.txt\nexample_input_file6888.txt\nexample_input_file6889.txt\nexample_input_file6890.txt\nexample_input_file6891.txt\nexample_input_file6892.txt\nexample_input_file6893.txt\nexample_input_file6894.txt\nexample_input_file6895.txt\nexample_input_file6896.txt\nexample_input_file6897.txt\nexample_input_file6898.txt\nexample_input_file6899.txt\nexample_input_file6900.txt\nexample_input_file6901.txt\nexample_input_file6902.txt\nexample_input_file6903.txt\nexample_input_file6904.txt\nexample_input_file6905.txt\nexample_input_file6906.txt\nexample_input_file6907.txt\nexample_input_file6908.txt\nexample_input_file6909.txt\nexample_input_file6910.txt\nexample_input_file6911.txt\nexample_input_file6912.txt\nexample_input_file6913.txt\nexample_input_file6914.txt\nexample_input_file6915.txt\nexample_input_file6916.txt\nexample_input_file6917.txt\nexample_input_file6918.txt\nexample_input_file6919.txt\nexample_input_file6920.txt\nexample_input_file6921.txt\nexample_input_file6922.txt\nexample_input_file6923.txt\nexample_input_file6924.txt\nexample_input_file6925.txt\nexample_input_file6926.txt\nexample_input_file6927.txt\nexample_input_file6928.txt\nexample_input_file6929.txt\nexample_input_file6930.txt\nexample_input_file6931.txt\nexample_input_file6932.txt\nexample_input_file6933.txt\nexample_input_file6934.txt\nexample_input_file6935.txt\nexample_input_file6936.txt\nexample_input_file6937.txt\nexample_input_file6938.txt\nexample_input_file6939.txt\nexample_input_file6940.txt\nexample_input_file6941.txt\nexample_input_file6942.txt\nexample_input_file6943.txt\nexample_input_file6944.txt\nexample_input_file6945.txt\nexample_input_file6946.txt\nexample_input_file6947.txt\nexample_input_file6948.txt\nexample_input_file6949.txt\nexample_input_file6950.txt\nexample_input_file6951.txt\nexample_input_file6952.txt\nexample_input_file6953.txt\nexample_input_file6954.txt\nexample_input_file6955.txt\nexample_input_file6956.txt\nexample_input_file6957.txt\nexample_input_file6958.txt\nexample_input_file6959.txt\nexample_input_file6960.txt\nexample_input_file6961.txt\nexample_input_file6962.txt\nexample_input_file6963.txt\nexample_input_file6964.txt\nexample_input_file6965.txt\nexample_input_file6966.txt\nexample_input_file6967.txt\nexample_input_file6968.txt\nexample_input_file6969.txt\nexample_input_file6970.txt\nexample_input_file6971.txt\nexample_input_file6972.txt\nexample_input_file6973.txt\nexample_input_file6974.txt\nexample_input_file6975.txt\nexample_input_file6976.txt\nexample_input_file6977.txt\nexample_input_file6978.txt\nexample_input_file6979.txt\nexample_input_file6980.txt\nexample_input_file6981.txt\nexample_input_file6982.txt\nexample_input_file6983.txt\nexample_input_file6984.txt\nexample_input_file6985.txt\nexample_input_file6986.txt\nexample_input_file6987.txt\nexample_input_file6988.txt\nexample_input_file6989.txt\nexample_input_file6990.txt\nexample_input_file6991.txt\nexample_input_file6992.txt\nexample_input_file6993.txt\nexample_input_file6994.txt\nexample_input_file6995.txt\nexample_input_file6996.txt\nexample_input_file6997.txt\nexample_input_file6998.txt\nexample_input_file6999.txt\nexample_input_file7000.txt\nexample_input_file7001.txt\nexample_input_file7002.txt\nexample_input_file7003.txt\nexample_input_file7004.txt\nexample_input_file7005.txt\nexample_input_file7006.txt\nexample_input_file7007.txt\nexample_input_file7008.txt\nexample_input_file7009.txt\nexample_input_file7010.txt\nexample_input_file7011.txt\nexample_input_file7012.txt\nexample_input_file7013.txt\nexample_input_file7014.txt\nexample_input_file7015.txt\nexample_input_file7016.txt\nexample_input_file7017.txt\nexample_input_file7018.txt\nexample_input_file7019.txt\nexample_input_file7020.txt\nexample_input_file7021.txt\nexample_input_file7022.txt\nexample_input_file7023.txt\nexample_input_file7024.txt\nexample_input_file7025.txt\nexample_input_file7026.txt\nexample_input_file7027.txt\nexample_input_file7028.txt\nexample_input_file7029.txt\nexample_input_file7030.txt\nexample_input_file7031.txt\nexample_input_file7032.txt\nexample_input_file7033.txt\nexample_input_file7034.txt\nexample_input_file7035.txt\nexample_input_file7036.txt\nexample_input_file7037.txt\nexample_input_file7038.txt\nexample_input_file7039.txt\nexample_input_file7040.txt\nexample_input_file7041.txt\nexample_input_file7042.txt\nexample_input_file7043.txt\nexample_input_file7044.txt\nexample_input_file7045.txt\nexample_input_file7046.txt\nexample_input_file7047.txt\nexample_input_file7048.txt\nexample_input_file7049.txt\nexample_input_file7050.txt\nexample_input_file7051.txt\nexample_input_file7052.txt\nexample_input_file7053.txt\nexample_input_file7054.txt\nexample_input_file7055.txt\nexample_input_file7056.txt\nexample_input_file7057.txt\nexample_input_file7058.txt\nexample_input_file7059.txt\nexample_input_file7060.txt\nexample_input_file7061.txt\nexample_input_file7062.txt\nexample_input_file7063.txt\nexample_input_file7064.txt\nexample_input_file7065.txt\nexample_input_file7066.txt\nexample_input_file7067.txt\nexample_input_file7068.txt\nexample_input_file7069.txt\nexample_input_file7070.txt\nexample_input_file7071.txt\nexample_input_file7072.txt\nexample_input_file7073.txt\nexample_input_file7074.txt\nexample_input_file7075.txt\nexample_input_file7076.txt\nexample_input_file7077.txt\nexample_input_file7078.txt\nexample_input_file7079.txt\nexample_input_file7080.txt\nexample_input_file7081.txt\nexample_input_file7082.txt\nexample_input_file7083.txt\nexample_input_file7084.txt\nexample_input_file7085.txt\nexample_input_file7086.txt\nexample_input_file7087.txt\nexample_input_file7088.txt\nexample_input_file7089.txt\nexample_input_file7090.txt\nexample_input_file7091.txt\nexample_input_file7092.txt\nexample_input_file7093.txt\nexample_input_file7094.txt\nexample_input_file7095.txt\nexample_input_file7096.txt\nexample_input_file7097.txt\nexample_input_file7098.txt\nexample_input_file7099.txt\nexample_input_file7100.txt\nexample_input_file7101.txt\nexample_input_file7102.txt\nexample_input_file7103.txt\nexample_input_file7104.txt\nexample_input_file7105.txt\nexample_input_file7106.txt\nexample_input_file7107.txt\nexample_input_file7108.txt\nexample_input_file7109.txt\nexample_input_file7110.txt\nexample_input_file7111.txt\nexample_input_file7112.txt\nexample_input_file7113.txt\nexample_input_file7114.txt\nexample_input_file7115.txt\nexample_input_file7116.txt\nexample_input_file7117.txt\nexample_input_file7118.txt\nexample_input_file7119.txt\nexample_input_file7120.txt\nexample_input_file7121.txt\nexample_input_file7122.txt\nexample_input_file7123.txt\nexample_input_file7124.txt\nexample_input_file7125.txt\nexample_input_file7126.txt\nexample_input_file7127.txt\nexample_input_file7128.txt\nexample_input_file7129.txt\nexample_input_file7130.txt\nexample_input_file7131.txt\nexample_input_file7132.txt\nexample_input_file7133.txt\nexample_input_file7134.txt\nexample_input_file7135.txt\nexample_input_file7136.txt\nexample_input_file7137.txt\nexample_input_file7138.txt\nexample_input_file7139.txt\nexample_input_file7140.txt\nexample_input_file7141.txt\nexample_input_file7142.txt\nexample_input_file7143.txt\nexample_input_file7144.txt\nexample_input_file7145.txt\nexample_input_file7146.txt\nexample_input_file7147.txt\nexample_input_file7148.txt\nexample_input_file7149.txt\nexample_input_file7150.txt\nexample_input_file7151.txt\nexample_input_file7152.txt\nexample_input_file7153.txt\nexample_input_file7154.txt\nexample_input_file7155.txt\nexample_input_file7156.txt\nexample_input_file7157.txt\nexample_input_file7158.txt\nexample_input_file7159.txt\nexample_input_file7160.txt\nexample_input_file7161.txt\nexample_input_file7162.txt\nexample_input_file7163.txt\nexample_input_file7164.txt\nexample_input_file7165.txt\nexample_input_file7166.txt\nexample_input_file7167.txt\nexample_input_file7168.txt\nexample_input_file7169.txt\nexample_input_file7170.txt\nexample_input_file7171.txt\nexample_input_file7172.txt\nexample_input_file7173.txt\nexample_input_file7174.txt\nexample_input_file7175.txt\nexample_input_file7176.txt\nexample_input_file7177.txt\nexample_input_file7178.txt\nexample_input_file7179.txt\nexample_input_file7180.txt\nexample_input_file7181.txt\nexample_input_file7182.txt\nexample_input_file7183.txt\nexample_input_file7184.txt\nexample_input_file7185.txt\nexample_input_file7186.txt\nexample_input_file7187.txt\nexample_input_file7188.txt\nexample_input_file7189.txt\nexample_input_file7190.txt\nexample_input_file7191.txt\nexample_input_file7192.txt\nexample_input_file7193.txt\nexample_input_file7194.txt\nexample_input_file7195.txt\nexample_input_file7196.txt\nexample_input_file7197.txt\nexample_input_file7198.txt\nexample_input_file7199.txt\nexample_input_file7200.txt\nexample_input_file7201.txt\nexample_input_file7202.txt\nexample_input_file7203.txt\nexample_input_file7204.txt\nexample_input_file7205.txt\nexample_input_file7206.txt\nexample_input_file7207.txt\nexample_input_file7208.txt\nexample_input_file7209.txt\nexample_input_file7210.txt\nexample_input_file7211.txt\nexample_input_file7212.txt\nexample_input_file7213.txt\nexample_input_file7214.txt\nexample_input_file7215.txt\nexample_input_file7216.txt\nexample_input_file7217.txt\nexample_input_file7218.txt\nexample_input_file7219.txt\nexample_input_file7220.txt\nexample_input_file7221.txt\nexample_input_file7222.txt\nexample_input_file7223.txt\nexample_input_file7224.txt\nexample_input_file7225.txt\nexample_input_file7226.txt\nexample_input_file7227.txt\nexample_input_file7228.txt\nexample_input_file7229.txt\nexample_input_file7230.txt\nexample_input_file7231.txt\nexample_input_file7232.txt\nexample_input_file7233.txt\nexample_input_file7234.txt\nexample_input_file7235.txt\nexample_input_file7236.txt\nexample_input_file7237.txt\nexample_input_file7238.txt\nexample_input_file7239.txt\nexample_input_file7240.txt\nexample_input_file7241.txt\nexample_input_file7242.txt\nexample_input_file7243.txt\nexample_input_file7244.txt\nexample_input_file7245.txt\nexample_input_file7246.txt\nexample_input_file7247.txt\nexample_input_file7248.txt\nexample_input_file7249.txt\nexample_input_file7250.txt\nexample_input_file7251.txt\nexample_input_file7252.txt\nexample_input_file7253.txt\nexample_input_file7254.txt\nexample_input_file7255.txt\nexample_input_file7256.txt\nexample_input_file7257.txt\nexample_input_file7258.txt\nexample_input_file7259.txt\nexample_input_file7260.txt\nexample_input_file7261.txt\nexample_input_file7262.txt\nexample_input_file7263.txt\nexample_input_file7264.txt\nexample_input_file7265.txt\nexample_input_file7266.txt\nexample_input_file7267.txt\nexample_input_file7268.txt\nexample_input_file7269.txt\nexample_input_file7270.txt\nexample_input_file7271.txt\nexample_input_file7272.txt\nexample_input_file7273.txt\nexample_input_file7274.txt\nexample_input_file7275.txt\nexample_input_file7276.txt\nexample_input_file7277.txt\nexample_input_file7278.txt\nexample_input_file7279.txt\nexample_input_file7280.txt\nexample_input_file7281.txt\nexample_input_file7282.txt\nexample_input_file7283.txt\nexample_input_file7284.txt\nexample_input_file7285.txt\nexample_input_file7286.txt\nexample_input_file7287.txt\nexample_input_file7288.txt\nexample_input_file7289.txt\nexample_input_file7290.txt\nexample_input_file7291.txt\nexample_input_file7292.txt\nexample_input_file7293.txt\nexample_input_file7294.txt\nexample_input_file7295.txt\nexample_input_file7296.txt\nexample_input_file7297.txt\nexample_input_file7298.txt\nexample_input_file7299.txt\nexample_input_file7300.txt\nexample_input_file7301.txt\nexample_input_file7302.txt\nexample_input_file7303.txt\nexample_input_file7304.txt\nexample_input_file7305.txt\nexample_input_file7306.txt\nexample_input_file7307.txt\nexample_input_file7308.txt\nexample_input_file7309.txt\nexample_input_file7310.txt\nexample_input_file7311.txt\nexample_input_file7312.txt\nexample_input_file7313.txt\nexample_input_file7314.txt\nexample_input_file7315.txt\nexample_input_file7316.txt\nexample_input_file7317.txt\nexample_input_file7318.txt\nexample_input_file7319.txt\nexample_input_file7320.txt\nexample_input_file7321.txt\nexample_input_file7322.txt\nexample_input_file7323.txt\nexample_input_file7324.txt\nexample_input_file7325.txt\nexample_input_file7326.txt\nexample_input_file7327.txt\nexample_input_file7328.txt\nexample_input_file7329.txt\nexample_input_file7330.txt\nexample_input_file7331.txt\nexample_input_file7332.txt\nexample_input_file7333.txt\nexample_input_file7334.txt\nexample_input_file7335.txt\nexample_input_file7336.txt\nexample_input_file7337.txt\nexample_input_file7338.txt\nexample_input_file7339.txt\nexample_input_file7340.txt\nexample_input_file7341.txt\nexample_input_file7342.txt\nexample_input_file7343.txt\nexample_input_file7344.txt\nexample_input_file7345.txt\nexample_input_file7346.txt\nexample_input_file7347.txt\nexample_input_file7348.txt\nexample_input_file7349.txt\nexample_input_file7350.txt\nexample_input_file7351.txt\nexample_input_file7352.txt\nexample_input_file7353.txt\nexample_input_file7354.txt\nexample_input_file7355.txt\nexample_input_file7356.txt\nexample_input_file7357.txt\nexample_input_file7358.txt\nexample_input_file7359.txt\nexample_input_file7360.txt\nexample_input_file7361.txt\nexample_input_file7362.txt\nexample_input_file7363.txt\nexample_input_file7364.txt\nexample_input_file7365.txt\nexample_input_file7366.txt\nexample_input_file7367.txt\nexample_input_file7368.txt\nexample_input_file7369.txt\nexample_input_file7370.txt\nexample_input_file7371.txt\nexample_input_file7372.txt\nexample_input_file7373.txt\nexample_input_file7374.txt\nexample_input_file7375.txt\nexample_input_file7376.txt\nexample_input_file7377.txt\nexample_input_file7378.txt\nexample_input_file7379.txt\nexample_input_file7380.txt\nexample_input_file7381.txt\nexample_input_file7382.txt\nexample_input_file7383.txt\nexample_input_file7384.txt\nexample_input_file7385.txt\nexample_input_file7386.txt\nexample_input_file7387.txt\nexample_input_file7388.txt\nexample_input_file7389.txt\nexample_input_file7390.txt\nexample_input_file7391.txt\nexample_input_file7392.txt\nexample_input_file7393.txt\nexample_input_file7394.txt\nexample_input_file7395.txt\nexample_input_file7396.txt\nexample_input_file7397.txt\nexample_input_file7398.txt\nexample_input_file7399.txt\nexample_input_file7400.txt\nexample_input_file7401.txt\nexample_input_file7402.txt\nexample_input_file7403.txt\nexample_input_file7404.txt\nexample_input_file7405.txt\nexample_input_file7406.txt\nexample_input_file7407.txt\nexample_input_file7408.txt\nexample_input_file7409.txt\nexample_input_file7410.txt\nexample_input_file7411.txt\nexample_input_file7412.txt\nexample_input_file7413.txt\nexample_input_file7414.txt\nexample_input_file7415.txt\nexample_input_file7416.txt\nexample_input_file7417.txt\nexample_input_file7418.txt\nexample_input_file7419.txt\nexample_input_file7420.txt\nexample_input_file7421.txt\nexample_input_file7422.txt\nexample_input_file7423.txt\nexample_input_file7424.txt\nexample_input_file7425.txt\nexample_input_file7426.txt\nexample_input_file7427.txt\nexample_input_file7428.txt\nexample_input_file7429.txt\nexample_input_file7430.txt\nexample_input_file7431.txt\nexample_input_file7432.txt\nexample_input_file7433.txt\nexample_input_file7434.txt\nexample_input_file7435.txt\nexample_input_file7436.txt\nexample_input_file7437.txt\nexample_input_file7438.txt\nexample_input_file7439.txt\nexample_input_file7440.txt\nexample_input_file7441.txt\nexample_input_file7442.txt\nexample_input_file7443.txt\nexample_input_file7444.txt\nexample_input_file7445.txt\nexample_input_file7446.txt\nexample_input_file7447.txt\nexample_input_file7448.txt\nexample_input_file7449.txt\nexample_input_file7450.txt\nexample_input_file7451.txt\nexample_input_file7452.txt\nexample_input_file7453.txt\nexample_input_file7454.txt\nexample_input_file7455.txt\nexample_input_file7456.txt\nexample_input_file7457.txt\nexample_input_file7458.txt\nexample_input_file7459.txt\nexample_input_file7460.txt\nexample_input_file7461.txt\nexample_input_file7462.txt\nexample_input_file7463.txt\nexample_input_file7464.txt\nexample_input_file7465.txt\nexample_input_file7466.txt\nexample_input_file7467.txt\nexample_input_file7468.txt\nexample_input_file7469.txt\nexample_input_file7470.txt\nexample_input_file7471.txt\nexample_input_file7472.txt\nexample_input_file7473.txt\nexample_input_file7474.txt\nexample_input_file7475.txt\nexample_input_file7476.txt\nexample_input_file7477.txt\nexample_input_file7478.txt\nexample_input_file7479.txt\nexample_input_file7480.txt\nexample_input_file7481.txt\nexample_input_file7482.txt\nexample_input_file7483.txt\nexample_input_file7484.txt\nexample_input_file7485.txt\nexample_input_file7486.txt\nexample_input_file7487.txt\nexample_input_file7488.txt\nexample_input_file7489.txt\nexample_input_file7490.txt\nexample_input_file7491.txt\nexample_input_file7492.txt\nexample_input_file7493.txt\nexample_input_file7494.txt\nexample_input_file7495.txt\nexample_input_file7496.txt\nexample_input_file7497.txt\nexample_input_file7498.txt\nexample_input_file7499.txt\nexample_input_file7500.txt\nexample_input_file7501.txt\nexample_input_file7502.txt\nexample_input_file7503.txt\nexample_input_file7504.txt\nexample_input_file7505.txt\nexample_input_file7506.txt\nexample_input_file7507.txt\nexample_input_file7508.txt\nexample_input_file7509.txt\nexample_input_file7510.txt\nexample_input_file7511.txt\nexample_input_file7512.txt\nexample_input_file7513.txt\nexample_input_file7514.txt\nexample_input_file7515.txt\nexample_input_file7516.txt\nexample_input_file7517.txt\nexample_input_file7518.txt\nexample_input_file7519.txt\nexample_input_file7520.txt\nexample_input_file7521.txt\nexample_input_file7522.txt\nexample_input_file7523.txt\nexample_input_file7524.txt\nexample_input_file7525.txt\nexample_input_file7526.txt\nexample_input_file7527.txt\nexample_input_file7528.txt\nexample_input_file7529.txt\nexample_input_file7530.txt\nexample_input_file7531.txt\nexample_input_file7532.txt\nexample_input_file7533.txt\nexample_input_file7534.txt\nexample_input_file7535.txt\nexample_input_file7536.txt\nexample_input_file7537.txt\nexample_input_file7538.txt\nexample_input_file7539.txt\nexample_input_file7540.txt\nexample_input_file7541.txt\nexample_input_file7542.txt\nexample_input_file7543.txt\nexample_input_file7544.txt\nexample_input_file7545.txt\nexample_input_file7546.txt\nexample_input_file7547.txt\nexample_input_file7548.txt\nexample_input_file7549.txt\nexample_input_file7550.txt\nexample_input_file7551.txt\nexample_input_file7552.txt\nexample_input_file7553.txt\nexample_input_file7554.txt\nexample_input_file7555.txt\nexample_input_file7556.txt\nexample_input_file7557.txt\nexample_input_file7558.txt\nexample_input_file7559.txt\nexample_input_file7560.txt\nexample_input_file7561.txt\nexample_input_file7562.txt\nexample_input_file7563.txt\nexample_input_file7564.txt\nexample_input_file7565.txt\nexample_input_file7566.txt\nexample_input_file7567.txt\nexample_input_file7568.txt\nexample_input_file7569.txt\nexample_input_file7570.txt\nexample_input_file7571.txt\nexample_input_file7572.txt\nexample_input_file7573.txt\nexample_input_file7574.txt\nexample_input_file7575.txt\nexample_input_file7576.txt\nexample_input_file7577.txt\nexample_input_file7578.txt\nexample_input_file7579.txt\nexample_input_file7580.txt\nexample_input_file7581.txt\nexample_input_file7582.txt\nexample_input_file7583.txt\nexample_input_file7584.txt\nexample_input_file7585.txt\nexample_input_file7586.txt\nexample_input_file7587.txt\nexample_input_file7588.txt\nexample_input_file7589.txt\nexample_input_file7590.txt\nexample_input_file7591.txt\nexample_input_file7592.txt\nexample_input_file7593.txt\nexample_input_file7594.txt\nexample_input_file7595.txt\nexample_input_file7596.txt\nexample_input_file7597.txt\nexample_input_file7598.txt\nexample_input_file7599.txt\nexample_input_file7600.txt\nexample_input_file7601.txt\nexample_input_file7602.txt\nexample_input_file7603.txt\nexample_input_file7604.txt\nexample_input_file7605.txt\nexample_input_file7606.txt\nexample_input_file7607.txt\nexample_input_file7608.txt\nexample_input_file7609.txt\nexample_input_file7610.txt\nexample_input_file7611.txt\nexample_input_file7612.txt\nexample_input_file7613.txt\nexample_input_file7614.txt\nexample_input_file7615.txt\nexample_input_file7616.txt\nexample_input_file7617.txt\nexample_input_file7618.txt\nexample_input_file7619.txt\nexample_input_file7620.txt\nexample_input_file7621.txt\nexample_input_file7622.txt\nexample_input_file7623.txt\nexample_input_file7624.txt\nexample_input_file7625.txt\nexample_input_file7626.txt\nexample_input_file7627.txt\nexample_input_file7628.txt\nexample_input_file7629.txt\nexample_input_file7630.txt\nexample_input_file7631.txt\nexample_input_file7632.txt\nexample_input_file7633.txt\nexample_input_file7634.txt\nexample_input_file7635.txt\nexample_input_file7636.txt\nexample_input_file7637.txt\nexample_input_file7638.txt\nexample_input_file7639.txt\nexample_input_file7640.txt\nexample_input_file7641.txt\nexample_input_file7642.txt\nexample_input_file7643.txt\nexample_input_file7644.txt\nexample_input_file7645.txt\nexample_input_file7646.txt\nexample_input_file7647.txt\nexample_input_file7648.txt\nexample_input_file7649.txt\nexample_input_file7650.txt\nexample_input_file7651.txt\nexample_input_file7652.txt\nexample_input_file7653.txt\nexample_input_file7654.txt\nexample_input_file7655.txt\nexample_input_file7656.txt\nexample_input_file7657.txt\nexample_input_file7658.txt\nexample_input_file7659.txt\nexample_input_file7660.txt\nexample_input_file7661.txt\nexample_input_file7662.txt\nexample_input_file7663.txt\nexample_input_file7664.txt\nexample_input_file7665.txt\nexample_input_file7666.txt\nexample_input_file7667.txt\nexample_input_file7668.txt\nexample_input_file7669.txt\nexample_input_file7670.txt\nexample_input_file7671.txt\nexample_input_file7672.txt\nexample_input_file7673.txt\nexample_input_file7674.txt\nexample_input_file7675.txt\nexample_input_file7676.txt\nexample_input_file7677.txt\nexample_input_file7678.txt\nexample_input_file7679.txt\nexample_input_file7680.txt\nexample_input_file7681.txt\nexample_input_file7682.txt\nexample_input_file7683.txt\nexample_input_file7684.txt\nexample_input_file7685.txt\nexample_input_file7686.txt\nexample_input_file7687.txt\nexample_input_file7688.txt\nexample_input_file7689.txt\nexample_input_file7690.txt\nexample_input_file7691.txt\nexample_input_file7692.txt\nexample_input_file7693.txt\nexample_input_file7694.txt\nexample_input_file7695.txt\nexample_input_file7696.txt\nexample_input_file7697.txt\nexample_input_file7698.txt\nexample_input_file7699.txt\nexample_input_file7700.txt\nexample_input_file7701.txt\nexample_input_file7702.txt\nexample_input_file7703.txt\nexample_input_file7704.txt\nexample_input_file7705.txt\nexample_input_file7706.txt\nexample_input_file7707.txt\nexample_input_file7708.txt\nexample_input_file7709.txt\nexample_input_file7710.txt\nexample_input_file7711.txt\nexample_input_file7712.txt\nexample_input_file7713.txt\nexample_input_file7714.txt\nexample_input_file7715.txt\nexample_input_file7716.txt\nexample_input_file7717.txt\nexample_input_file7718.txt\nexample_input_file7719.txt\nexample_input_file7720.txt\nexample_input_file7721.txt\nexample_input_file7722.txt\nexample_input_file7723.txt\nexample_input_file7724.txt\nexample_input_file7725.txt\nexample_input_file7726.txt\nexample_input_file7727.txt\nexample_input_file7728.txt\nexample_input_file7729.txt\nexample_input_file7730.txt\nexample_input_file7731.txt\nexample_input_file7732.txt\nexample_input_file7733.txt\nexample_input_file7734.txt\nexample_input_file7735.txt\nexample_input_file7736.txt\nexample_input_file7737.txt\nexample_input_file7738.txt\nexample_input_file7739.txt\nexample_input_file7740.txt\nexample_input_file7741.txt\nexample_input_file7742.txt\nexample_input_file7743.txt\nexample_input_file7744.txt\nexample_input_file7745.txt\nexample_input_file7746.txt\nexample_input_file7747.txt\nexample_input_file7748.txt\nexample_input_file7749.txt\nexample_input_file7750.txt\nexample_input_file7751.txt\nexample_input_file7752.txt\nexample_input_file7753.txt\nexample_input_file7754.txt\nexample_input_file7755.txt\nexample_input_file7756.txt\nexample_input_file7757.txt\nexample_input_file7758.txt\nexample_input_file7759.txt\nexample_input_file7760.txt\nexample_input_file7761.txt\nexample_input_file7762.txt\nexample_input_file7763.txt\nexample_input_file7764.txt\nexample_input_file7765.txt\nexample_input_file7766.txt\nexample_input_file7767.txt\nexample_input_file7768.txt\nexample_input_file7769.txt\nexample_input_file7770.txt\nexample_input_file7771.txt\nexample_input_file7772.txt\nexample_input_file7773.txt\nexample_input_file7774.txt\nexample_input_file7775.txt\nexample_input_file7776.txt\nexample_input_file7777.txt\nexample_input_file7778.txt\nexample_input_file7779.txt\nexample_input_file7780.txt\nexample_input_file7781.txt\nexample_input_file7782.txt\nexample_input_file7783.txt\nexample_input_file7784.txt\nexample_input_file7785.txt\nexample_input_file7786.txt\nexample_input_file7787.txt\nexample_input_file7788.txt\nexample_input_file7789.txt\nexample_input_file7790.txt\nexample_input_file7791.txt\nexample_input_file7792.txt\nexample_input_file7793.txt\nexample_input_file7794.txt\nexample_input_file7795.txt\nexample_input_file7796.txt\nexample_input_file7797.txt\nexample_input_file7798.txt\nexample_input_file7799.txt\nexample_input_file7800.txt\nexample_input_file7801.txt\nexample_input_file7802.txt\nexample_input_file7803.txt\nexample_input_file7804.txt\nexample_input_file7805.txt\nexample_input_file7806.txt\nexample_input_file7807.txt\nexample_input_file7808.txt\nexample_input_file7809.txt\nexample_input_file7810.txt\nexample_input_file7811.txt\nexample_input_file7812.txt\nexample_input_file7813.txt\nexample_input_file7814.txt\nexample_input_file7815.txt\nexample_input_file7816.txt\nexample_input_file7817.txt\nexample_input_file7818.txt\nexample_input_file7819.txt\nexample_input_file7820.txt\nexample_input_file7821.txt\nexample_input_file7822.txt\nexample_input_file7823.txt\nexample_input_file7824.txt\nexample_input_file7825.txt\nexample_input_file7826.txt\nexample_input_file7827.txt\nexample_input_file7828.txt\nexample_input_file7829.txt\nexample_input_file7830.txt\nexample_input_file7831.txt\nexample_input_file7832.txt\nexample_input_file7833.txt\nexample_input_file7834.txt\nexample_input_file7835.txt\nexample_input_file7836.txt\nexample_input_file7837.txt\nexample_input_file7838.txt\nexample_input_file7839.txt\nexample_input_file7840.txt\nexample_input_file7841.txt\nexample_input_file7842.txt\nexample_input_file7843.txt\nexample_input_file7844.txt\nexample_input_file7845.txt\nexample_input_file7846.txt\nexample_input_file7847.txt\nexample_input_file7848.txt\nexample_input_file7849.txt\nexample_input_file7850.txt\nexample_input_file7851.txt\nexample_input_file7852.txt\nexample_input_file7853.txt\nexample_input_file7854.txt\nexample_input_file7855.txt\nexample_input_file7856.txt\nexample_input_file7857.txt\nexample_input_file7858.txt\nexample_input_file7859.txt\nexample_input_file7860.txt\nexample_input_file7861.txt\nexample_input_file7862.txt\nexample_input_file7863.txt\nexample_input_file7864.txt\nexample_input_file7865.txt\nexample_input_file7866.txt\nexample_input_file7867.txt\nexample_input_file7868.txt\nexample_input_file7869.txt\nexample_input_file7870.txt\nexample_input_file7871.txt\nexample_input_file7872.txt\nexample_input_file7873.txt\nexample_input_file7874.txt\nexample_input_file7875.txt\nexample_input_file7876.txt\nexample_input_file7877.txt\nexample_input_file7878.txt\nexample_input_file7879.txt\nexample_input_file7880.txt\nexample_input_file7881.txt\nexample_input_file7882.txt\nexample_input_file7883.txt\nexample_input_file7884.txt\nexample_input_file7885.txt\nexample_input_file7886.txt\nexample_input_file7887.txt\nexample_input_file7888.txt\nexample_input_file7889.txt\nexample_input_file7890.txt\nexample_input_file7891.txt\nexample_input_file7892.txt\nexample_input_file7893.txt\nexample_input_file7894.txt\nexample_input_file7895.txt\nexample_input_file7896.txt\nexample_input_file7897.txt\nexample_input_file7898.txt\nexample_input_file7899.txt\nexample_input_file7900.txt\nexample_input_file7901.txt\nexample_input_file7902.txt\nexample_input_file7903.txt\nexample_input_file7904.txt\nexample_input_file7905.txt\nexample_input_file7906.txt\nexample_input_file7907.txt\nexample_input_file7908.txt\nexample_input_file7909.txt\nexample_input_file7910.txt\nexample_input_file7911.txt\nexample_input_file7912.txt\nexample_input_file7913.txt\nexample_input_file7914.txt\nexample_input_file7915.txt\nexample_input_file7916.txt\nexample_input_file7917.txt\nexample_input_file7918.txt\nexample_input_file7919.txt\nexample_input_file7920.txt\nexample_input_file7921.txt\nexample_input_file7922.txt\nexample_input_file7923.txt\nexample_input_file7924.txt\nexample_input_file7925.txt\nexample_input_file7926.txt\nexample_input_file7927.txt\nexample_input_file7928.txt\nexample_input_file7929.txt\nexample_input_file7930.txt\nexample_input_file7931.txt\nexample_input_file7932.txt\nexample_input_file7933.txt\nexample_input_file7934.txt\nexample_input_file7935.txt\nexample_input_file7936.txt\nexample_input_file7937.txt\nexample_input_file7938.txt\nexample_input_file7939.txt\nexample_input_file7940.txt\nexample_input_file7941.txt\nexample_input_file7942.txt\nexample_input_file7943.txt\nexample_input_file7944.txt\nexample_input_file7945.txt\nexample_input_file7946.txt\nexample_input_file7947.txt\nexample_input_file7948.txt\nexample_input_file7949.txt\nexample_input_file7950.txt\nexample_input_file7951.txt\nexample_input_file7952.txt\nexample_input_file7953.txt\nexample_input_file7954.txt\nexample_input_file7955.txt\nexample_input_file7956.txt\nexample_input_file7957.txt\nexample_input_file7958.txt\nexample_input_file7959.txt\nexample_input_file7960.txt\nexample_input_file7961.txt\nexample_input_file7962.txt\nexample_input_file7963.txt\nexample_input_file7964.txt\nexample_input_file7965.txt\nexample_input_file7966.txt\nexample_input_file7967.txt\nexample_input_file7968.txt\nexample_input_file7969.txt\nexample_input_file7970.txt\nexample_input_file7971.txt\nexample_input_file7972.txt\nexample_input_file7973.txt\nexample_input_file7974.txt\nexample_input_file7975.txt\nexample_input_file7976.txt\nexample_input_file7977.txt\nexample_input_file7978.txt\nexample_input_file7979.txt\nexample_input_file7980.txt\nexample_input_file7981.txt\nexample_input_file7982.txt\nexample_input_file7983.txt\nexample_input_file7984.txt\nexample_input_file7985.txt\nexample_input_file7986.txt\nexample_input_file7987.txt\nexample_input_file7988.txt\nexample_input_file7989.txt\nexample_input_file7990.txt\nexample_input_file7991.txt\nexample_input_file7992.txt\nexample_input_file7993.txt\nexample_input_file7994.txt\nexample_input_file7995.txt\nexample_input_file7996.txt\nexample_input_file7997.txt\nexample_input_file7998.txt\nexample_input_file7999.txt\nexample_input_file8000.txt\nexample_input_file8001.txt\nexample_input_file8002.txt\nexample_input_file8003.txt\nexample_input_file8004.txt\nexample_input_file8005.txt\nexample_input_file8006.txt\nexample_input_file8007.txt\nexample_input_file8008.txt\nexample_input_file8009.txt\nexample_input_file8010.txt\nexample_input_file8011.txt\nexample_input_file8012.txt\nexample_input_file8013.txt\nexample_input_file8014.txt\nexample_input_file8015.txt\nexample_input_file8016.txt\nexample_input_file8017.txt\nexample_input_file8018.txt\nexample_input_file8019.txt\nexample_input_file8020.txt\nexample_input_file8021.txt\nexample_input_file8022.txt\nexample_input_file8023.txt\nexample_input_file8024.txt\nexample_input_file8025.txt\nexample_input_file8026.txt\nexample_input_file8027.txt\nexample_input_file8028.txt\nexample_input_file8029.txt\nexample_input_file8030.txt\nexample_input_file8031.txt\nexample_input_file8032.txt\nexample_input_file8033.txt\nexample_input_file8034.txt\nexample_input_file8035.txt\nexample_input_file8036.txt\nexample_input_file8037.txt\nexample_input_file8038.txt\nexample_input_file8039.txt\nexample_input_file8040.txt\nexample_input_file8041.txt\nexample_input_file8042.txt\nexample_input_file8043.txt\nexample_input_file8044.txt\nexample_input_file8045.txt\nexample_input_file8046.txt\nexample_input_file8047.txt\nexample_input_file8048.txt\nexample_input_file8049.txt\nexample_input_file8050.txt\nexample_input_file8051.txt\nexample_input_file8052.txt\nexample_input_file8053.txt\nexample_input_file8054.txt\nexample_input_file8055.txt\nexample_input_file8056.txt\nexample_input_file8057.txt\nexample_input_file8058.txt\nexample_input_file8059.txt\nexample_input_file8060.txt\nexample_input_file8061.txt\nexample_input_file8062.txt\nexample_input_file8063.txt\nexample_input_file8064.txt\nexample_input_file8065.txt\nexample_input_file8066.txt\nexample_input_file8067.txt\nexample_input_file8068.txt\nexample_input_file8069.txt\nexample_input_file8070.txt\nexample_input_file8071.txt\nexample_input_file8072.txt\nexample_input_file8073.txt\nexample_input_file8074.txt\nexample_input_file8075.txt\nexample_input_file8076.txt\nexample_input_file8077.txt\nexample_input_file8078.txt\nexample_input_file8079.txt\nexample_input_file8080.txt\nexample_input_file8081.txt\nexample_input_file8082.txt\nexample_input_file8083.txt\nexample_input_file8084.txt\nexample_input_file8085.txt\nexample_input_file8086.txt\nexample_input_file8087.txt\nexample_input_file8088.txt\nexample_input_file8089.txt\nexample_input_file8090.txt\nexample_input_file8091.txt\nexample_input_file8092.txt\nexample_input_file8093.txt\nexample_input_file8094.txt\nexample_input_file8095.txt\nexample_input_file8096.txt\nexample_input_file8097.txt\nexample_input_file8098.txt\nexample_input_file8099.txt\nexample_input_file8100.txt\nexample_input_file8101.txt\nexample_input_file8102.txt\nexample_input_file8103.txt\nexample_input_file8104.txt\nexample_input_file8105.txt\nexample_input_file8106.txt\nexample_input_file8107.txt\nexample_input_file8108.txt\nexample_input_file8109.txt\nexample_input_file8110.txt\nexample_input_file8111.txt\nexample_input_file8112.txt\nexample_input_file8113.txt\nexample_input_file8114.txt\nexample_input_file8115.txt\nexample_input_file8116.txt\nexample_input_file8117.txt\nexample_input_file8118.txt\nexample_input_file8119.txt\nexample_input_file8120.txt\nexample_input_file8121.txt\nexample_input_file8122.txt\nexample_input_file8123.txt\nexample_input_file8124.txt\nexample_input_file8125.txt\nexample_input_file8126.txt\nexample_input_file8127.txt\nexample_input_file8128.txt\nexample_input_file8129.txt\nexample_input_file8130.txt\nexample_input_file8131.txt\nexample_input_file8132.txt\nexample_input_file8133.txt\nexample_input_file8134.txt\nexample_input_file8135.txt\nexample_input_file8136.txt\nexample_input_file8137.txt\nexample_input_file8138.txt\nexample_input_file8139.txt\nexample_input_file8140.txt\nexample_input_file8141.txt\nexample_input_file8142.txt\nexample_input_file8143.txt\nexample_input_file8144.txt\nexample_input_file8145.txt\nexample_input_file8146.txt\nexample_input_file8147.txt\nexample_input_file8148.txt\nexample_input_file8149.txt\nexample_input_file8150.txt\nexample_input_file8151.txt\nexample_input_file8152.txt\nexample_input_file8153.txt\nexample_input_file8154.txt\nexample_input_file8155.txt\nexample_input_file8156.txt\nexample_input_file8157.txt\nexample_input_file8158.txt\nexample_input_file8159.txt\nexample_input_file8160.txt\nexample_input_file8161.txt\nexample_input_file8162.txt\nexample_input_file8163.txt\nexample_input_file8164.txt\nexample_input_file8165.txt\nexample_input_file8166.txt\nexample_input_file8167.txt\nexample_input_file8168.txt\nexample_input_file8169.txt\nexample_input_file8170.txt\nexample_input_file8171.txt\nexample_input_file8172.txt\nexample_input_file8173.txt\nexample_input_file8174.txt\nexample_input_file8175.txt\nexample_input_file8176.txt\nexample_input_file8177.txt\nexample_input_file8178.txt\nexample_input_file8179.txt\nexample_input_file8180.txt\nexample_input_file8181.txt\nexample_input_file8182.txt\nexample_input_file8183.txt\nexample_input_file8184.txt\nexample_input_file8185.txt\nexample_input_file8186.txt\nexample_input_file8187.txt\nexample_input_file8188.txt\nexample_input_file8189.txt\nexample_input_file8190.txt\nexample_input_file8191.txt\nexample_input_file8192.txt\nexample_input_file8193.txt\nexample_input_file8194.txt\nexample_input_file8195.txt\nexample_input_file8196.txt\nexample_input_file8197.txt\nexample_input_file8198.txt\nexample_input_file8199.txt\nexample_input_file8200.txt\nexample_input_file8201.txt\nexample_input_file8202.txt\nexample_input_file8203.txt\nexample_input_file8204.txt\nexample_input_file8205.txt\nexample_input_file8206.txt\nexample_input_file8207.txt\nexample_input_file8208.txt\nexample_input_file8209.txt\nexample_input_file8210.txt\nexample_input_file8211.txt\nexample_input_file8212.txt\nexample_input_file8213.txt\nexample_input_file8214.txt\nexample_input_file8215.txt\nexample_input_file8216.txt\nexample_input_file8217.txt\nexample_input_file8218.txt\nexample_input_file8219.txt\nexample_input_file8220.txt\nexample_input_file8221.txt\nexample_input_file8222.txt\nexample_input_file8223.txt\nexample_input_file8224.txt\nexample_input_file8225.txt\nexample_input_file8226.txt\nexample_input_file8227.txt\nexample_input_file8228.txt\nexample_input_file8229.txt\nexample_input_file8230.txt\nexample_input_file8231.txt\nexample_input_file8232.txt\nexample_input_file8233.txt\nexample_input_file8234.txt\nexample_input_file8235.txt\nexample_input_file8236.txt\nexample_input_file8237.txt\nexample_input_file8238.txt\nexample_input_file8239.txt\nexample_input_file8240.txt\nexample_input_file8241.txt\nexample_input_file8242.txt\nexample_input_file8243.txt\nexample_input_file8244.txt\nexample_input_file8245.txt\nexample_input_file8246.txt\nexample_input_file8247.txt\nexample_input_file8248.txt\nexample_input_file8249.txt\nexample_input_file8250.txt\nexample_input_file8251.txt\nexample_input_file8252.txt\nexample_input_file8253.txt\nexample_input_file8254.txt\nexample_input_file8255.txt\nexample_input_file8256.txt\nexample_input_file8257.txt\nexample_input_file8258.txt\nexample_input_file8259.txt\nexample_input_file8260.txt\nexample_input_file8261.txt\nexample_input_file8262.txt\nexample_input_file8263.txt\nexample_input_file8264.txt\nexample_input_file8265.txt\nexample_input_file8266.txt\nexample_input_file8267.txt\nexample_input_file8268.txt\nexample_input_file8269.txt\nexample_input_file8270.txt\nexample_input_file8271.txt\nexample_input_file8272.txt\nexample_input_file8273.txt\nexample_input_file8274.txt\nexample_input_file8275.txt\nexample_input_file8276.txt\nexample_input_file8277.txt\nexample_input_file8278.txt\nexample_input_file8279.txt\nexample_input_file8280.txt\nexample_input_file8281.txt\nexample_input_file8282.txt\nexample_input_file8283.txt\nexample_input_file8284.txt\nexample_input_file8285.txt\nexample_input_file8286.txt\nexample_input_file8287.txt\nexample_input_file8288.txt\nexample_input_file8289.txt\nexample_input_file8290.txt\nexample_input_file8291.txt\nexample_input_file8292.txt\nexample_input_file8293.txt\nexample_input_file8294.txt\nexample_input_file8295.txt\nexample_input_file8296.txt\nexample_input_file8297.txt\nexample_input_file8298.txt\nexample_input_file8299.txt\nexample_input_file8300.txt\nexample_input_file8301.txt\nexample_input_file8302.txt\nexample_input_file8303.txt\nexample_input_file8304.txt\nexample_input_file8305.txt\nexample_input_file8306.txt\nexample_input_file8307.txt\nexample_input_file8308.txt\nexample_input_file8309.txt\nexample_input_file8310.txt\nexample_input_file8311.txt\nexample_input_file8312.txt\nexample_input_file8313.txt\nexample_input_file8314.txt\nexample_input_file8315.txt\nexample_input_file8316.txt\nexample_input_file8317.txt\nexample_input_file8318.txt\nexample_input_file8319.txt\nexample_input_file8320.txt\nexample_input_file8321.txt\nexample_input_file8322.txt\nexample_input_file8323.txt\nexample_input_file8324.txt\nexample_input_file8325.txt\nexample_input_file8326.txt\nexample_input_file8327.txt\nexample_input_file8328.txt\nexample_input_file8329.txt\nexample_input_file8330.txt\nexample_input_file8331.txt\nexample_input_file8332.txt\nexample_input_file8333.txt\nexample_input_file8334.txt\nexample_input_file8335.txt\nexample_input_file8336.txt\nexample_input_file8337.txt\nexample_input_file8338.txt\nexample_input_file8339.txt\nexample_input_file8340.txt\nexample_input_file8341.txt\nexample_input_file8342.txt\nexample_input_file8343.txt\nexample_input_file8344.txt\nexample_input_file8345.txt\nexample_input_file8346.txt\nexample_input_file8347.txt\nexample_input_file8348.txt\nexample_input_file8349.txt\nexample_input_file8350.txt\nexample_input_file8351.txt\nexample_input_file8352.txt\nexample_input_file8353.txt\nexample_input_file8354.txt\nexample_input_file8355.txt\nexample_input_file8356.txt\nexample_input_file8357.txt\nexample_input_file8358.txt\nexample_input_file8359.txt\nexample_input_file8360.txt\nexample_input_file8361.txt\nexample_input_file8362.txt\nexample_input_file8363.txt\nexample_input_file8364.txt\nexample_input_file8365.txt\nexample_input_file8366.txt\nexample_input_file8367.txt\nexample_input_file8368.txt\nexample_input_file8369.txt\nexample_input_file8370.txt\nexample_input_file8371.txt\nexample_input_file8372.txt\nexample_input_file8373.txt\nexample_input_file8374.txt\nexample_input_file8375.txt\nexample_input_file8376.txt\nexample_input_file8377.txt\nexample_input_file8378.txt\nexample_input_file8379.txt\nexample_input_file8380.txt\nexample_input_file8381.txt\nexample_input_file8382.txt\nexample_input_file8383.txt\nexample_input_file8384.txt\nexample_input_file8385.txt\nexample_input_file8386.txt\nexample_input_file8387.txt\nexample_input_file8388.txt\nexample_input_file8389.txt\nexample_input_file8390.txt\nexample_input_file8391.txt\nexample_input_file8392.txt\nexample_input_file8393.txt\nexample_input_file8394.txt\nexample_input_file8395.txt\nexample_input_file8396.txt\nexample_input_file8397.txt\nexample_input_file8398.txt\nexample_input_file8399.txt\nexample_input_file8400.txt\nexample_input_file8401.txt\nexample_input_file8402.txt\nexample_input_file8403.txt\nexample_input_file8404.txt\nexample_input_file8405.txt\nexample_input_file8406.txt\nexample_input_file8407.txt\nexample_input_file8408.txt\nexample_input_file8409.txt\nexample_input_file8410.txt\nexample_input_file8411.txt\nexample_input_file8412.txt\nexample_input_file8413.txt\nexample_input_file8414.txt\nexample_input_file8415.txt\nexample_input_file8416.txt\nexample_input_file8417.txt\nexample_input_file8418.txt\nexample_input_file8419.txt\nexample_input_file8420.txt\nexample_input_file8421.txt\nexample_input_file8422.txt\nexample_input_file8423.txt\nexample_input_file8424.txt\nexample_input_file8425.txt\nexample_input_file8426.txt\nexample_input_file8427.txt\nexample_input_file8428.txt\nexample_input_file8429.txt\nexample_input_file8430.txt\nexample_input_file8431.txt\nexample_input_file8432.txt\nexample_input_file8433.txt\nexample_input_file8434.txt\nexample_input_file8435.txt\nexample_input_file8436.txt\nexample_input_file8437.txt\nexample_input_file8438.txt\nexample_input_file8439.txt\nexample_input_file8440.txt\nexample_input_file8441.txt\nexample_input_file8442.txt\nexample_input_file8443.txt\nexample_input_file8444.txt\nexample_input_file8445.txt\nexample_input_file8446.txt\nexample_input_file8447.txt\nexample_input_file8448.txt\nexample_input_file8449.txt\nexample_input_file8450.txt\nexample_input_file8451.txt\nexample_input_file8452.txt\nexample_input_file8453.txt\nexample_input_file8454.txt\nexample_input_file8455.txt\nexample_input_file8456.txt\nexample_input_file8457.txt\nexample_input_file8458.txt\nexample_input_file8459.txt\nexample_input_file8460.txt\nexample_input_file8461.txt\nexample_input_file8462.txt\nexample_input_file8463.txt\nexample_input_file8464.txt\nexample_input_file8465.txt\nexample_input_file8466.txt\nexample_input_file8467.txt\nexample_input_file8468.txt\nexample_input_file8469.txt\nexample_input_file8470.txt\nexample_input_file8471.txt\nexample_input_file8472.txt\nexample_input_file8473.txt\nexample_input_file8474.txt\nexample_input_file8475.txt\nexample_input_file8476.txt\nexample_input_file8477.txt\nexample_input_file8478.txt\nexample_input_file8479.txt\nexample_input_file8480.txt\nexample_input_file8481.txt\nexample_input_file8482.txt\nexample_input_file8483.txt\nexample_input_file8484.txt\nexample_input_file8485.txt\nexample_input_file8486.txt\nexample_input_file8487.txt\nexample_input_file8488.txt\nexample_input_file8489.txt\nexample_input_file8490.txt\nexample_input_file8491.txt\nexample_input_file8492.txt\nexample_input_file8493.txt\nexample_input_file8494.txt\nexample_input_file8495.txt\nexample_input_file8496.txt\nexample_input_file8497.txt\nexample_input_file8498.txt\nexample_input_file8499.txt\nexample_input_file8500.txt\nexample_input_file8501.txt\nexample_input_file8502.txt\nexample_input_file8503.txt\nexample_input_file8504.txt\nexample_input_file8505.txt\nexample_input_file8506.txt\nexample_input_file8507.txt\nexample_input_file8508.txt\nexample_input_file8509.txt\nexample_input_file8510.txt\nexample_input_file8511.txt\nexample_input_file8512.txt\nexample_input_file8513.txt\nexample_input_file8514.txt\nexample_input_file8515.txt\nexample_input_file8516.txt\nexample_input_file8517.txt\nexample_input_file8518.txt\nexample_input_file8519.txt\nexample_input_file8520.txt\nexample_input_file8521.txt\nexample_input_file8522.txt\nexample_input_file8523.txt\nexample_input_file8524.txt\nexample_input_file8525.txt\nexample_input_file8526.txt\nexample_input_file8527.txt\nexample_input_file8528.txt\nexample_input_file8529.txt\nexample_input_file8530.txt\nexample_input_file8531.txt\nexample_input_file8532.txt\nexample_input_file8533.txt\nexample_input_file8534.txt\nexample_input_file8535.txt\nexample_input_file8536.txt\nexample_input_file8537.txt\nexample_input_file8538.txt\nexample_input_file8539.txt\nexample_input_file8540.txt\nexample_input_file8541.txt\nexample_input_file8542.txt\nexample_input_file8543.txt\nexample_input_file8544.txt\nexample_input_file8545.txt\nexample_input_file8546.txt\nexample_input_file8547.txt\nexample_input_file8548.txt\nexample_input_file8549.txt\nexample_input_file8550.txt\nexample_input_file8551.txt\nexample_input_file8552.txt\nexample_input_file8553.txt\nexample_input_file8554.txt\nexample_input_file8555.txt\nexample_input_file8556.txt\nexample_input_file8557.txt\nexample_input_file8558.txt\nexample_input_file8559.txt\nexample_input_file8560.txt\nexample_input_file8561.txt\nexample_input_file8562.txt\nexample_input_file8563.txt\nexample_input_file8564.txt\nexample_input_file8565.txt\nexample_input_file8566.txt\nexample_input_file8567.txt\nexample_input_file8568.txt\nexample_input_file8569.txt\nexample_input_file8570.txt\nexample_input_file8571.txt\nexample_input_file8572.txt\nexample_input_file8573.txt\nexample_input_file8574.txt\nexample_input_file8575.txt\nexample_input_file8576.txt\nexample_input_file8577.txt\nexample_input_file8578.txt\nexample_input_file8579.txt\nexample_input_file8580.txt\nexample_input_file8581.txt\nexample_input_file8582.txt\nexample_input_file8583.txt\nexample_input_file8584.txt\nexample_input_file8585.txt\nexample_input_file8586.txt\nexample_input_file8587.txt\nexample_input_file8588.txt\nexample_input_file8589.txt\nexample_input_file8590.txt\nexample_input_file8591.txt\nexample_input_file8592.txt\nexample_input_file8593.txt\nexample_input_file8594.txt\nexample_input_file8595.txt\nexample_input_file8596.txt\nexample_input_file8597.txt\nexample_input_file8598.txt\nexample_input_file8599.txt\nexample_input_file8600.txt\nexample_input_file8601.txt\nexample_input_file8602.txt\nexample_input_file8603.txt\nexample_input_file8604.txt\nexample_input_file8605.txt\nexample_input_file8606.txt\nexample_input_file8607.txt\nexample_input_file8608.txt\nexample_input_file8609.txt\nexample_input_file8610.txt\nexample_input_file8611.txt\nexample_input_file8612.txt\nexample_input_file8613.txt\nexample_input_file8614.txt\nexample_input_file8615.txt\nexample_input_file8616.txt\nexample_input_file8617.txt\nexample_input_file8618.txt\nexample_input_file8619.txt\nexample_input_file8620.txt\nexample_input_file8621.txt\nexample_input_file8622.txt\nexample_input_file8623.txt\nexample_input_file8624.txt\nexample_input_file8625.txt\nexample_input_file8626.txt\nexample_input_file8627.txt\nexample_input_file8628.txt\nexample_input_file8629.txt\nexample_input_file8630.txt\nexample_input_file8631.txt\nexample_input_file8632.txt\nexample_input_file8633.txt\nexample_input_file8634.txt\nexample_input_file8635.txt\nexample_input_file8636.txt\nexample_input_file8637.txt\nexample_input_file8638.txt\nexample_input_file8639.txt\nexample_input_file8640.txt\nexample_input_file8641.txt\nexample_input_file8642.txt\nexample_input_file8643.txt\nexample_input_file8644.txt\nexample_input_file8645.txt\nexample_input_file8646.txt\nexample_input_file8647.txt\nexample_input_file8648.txt\nexample_input_file8649.txt\nexample_input_file8650.txt\nexample_input_file8651.txt\nexample_input_file8652.txt\nexample_input_file8653.txt\nexample_input_file8654.txt\nexample_input_file8655.txt\nexample_input_file8656.txt\nexample_input_file8657.txt\nexample_input_file8658.txt\nexample_input_file8659.txt\nexample_input_file8660.txt\nexample_input_file8661.txt\nexample_input_file8662.txt\nexample_input_file8663.txt\nexample_input_file8664.txt\nexample_input_file8665.txt\nexample_input_file8666.txt\nexample_input_file8667.txt\nexample_input_file8668.txt\nexample_input_file8669.txt\nexample_input_file8670.txt\nexample_input_file8671.txt\nexample_input_file8672.txt\nexample_input_file8673.txt\nexample_input_file8674.txt\nexample_input_file8675.txt\nexample_input_file8676.txt\nexample_input_file8677.txt\nexample_input_file8678.txt\nexample_input_file8679.txt\nexample_input_file8680.txt\nexample_input_file8681.txt\nexample_input_file8682.txt\nexample_input_file8683.txt\nexample_input_file8684.txt\nexample_input_file8685.txt\nexample_input_file8686.txt\nexample_input_file8687.txt\nexample_input_file8688.txt\nexample_input_file8689.txt\nexample_input_file8690.txt\nexample_input_file8691.txt\nexample_input_file8692.txt\nexample_input_file8693.txt\nexample_input_file8694.txt\nexample_input_file8695.txt\nexample_input_file8696.txt\nexample_input_file8697.txt\nexample_input_file8698.txt\nexample_input_file8699.txt\nexample_input_file8700.txt\nexample_input_file8701.txt\nexample_input_file8702.txt\nexample_input_file8703.txt\nexample_input_file8704.txt\nexample_input_file8705.txt\nexample_input_file8706.txt\nexample_input_file8707.txt\nexample_input_file8708.txt\nexample_input_file8709.txt\nexample_input_file8710.txt\nexample_input_file8711.txt\nexample_input_file8712.txt\nexample_input_file8713.txt\nexample_input_file8714.txt\nexample_input_file8715.txt\nexample_input_file8716.txt\nexample_input_file8717.txt\nexample_input_file8718.txt\nexample_input_file8719.txt\nexample_input_file8720.txt\nexample_input_file8721.txt\nexample_input_file8722.txt\nexample_input_file8723.txt\nexample_input_file8724.txt\nexample_input_file8725.txt\nexample_input_file8726.txt\nexample_input_file8727.txt\nexample_input_file8728.txt\nexample_input_file8729.txt\nexample_input_file8730.txt\nexample_input_file8731.txt\nexample_input_file8732.txt\nexample_input_file8733.txt\nexample_input_file8734.txt\nexample_input_file8735.txt\nexample_input_file8736.txt\nexample_input_file8737.txt\nexample_input_file8738.txt\nexample_input_file8739.txt\nexample_input_file8740.txt\nexample_input_file8741.txt\nexample_input_file8742.txt\nexample_input_file8743.txt\nexample_input_file8744.txt\nexample_input_file8745.txt\nexample_input_file8746.txt\nexample_input_file8747.txt\nexample_input_file8748.txt\nexample_input_file8749.txt\nexample_input_file8750.txt\nexample_input_file8751.txt\nexample_input_file8752.txt\nexample_input_file8753.txt\nexample_input_file8754.txt\nexample_input_file8755.txt\nexample_input_file8756.txt\nexample_input_file8757.txt\nexample_input_file8758.txt\nexample_input_file8759.txt\nexample_input_file8760.txt\nexample_input_file8761.txt\nexample_input_file8762.txt\nexample_input_file8763.txt\nexample_input_file8764.txt\nexample_input_file8765.txt\nexample_input_file8766.txt\nexample_input_file8767.txt\nexample_input_file8768.txt\nexample_input_file8769.txt\nexample_input_file8770.txt\nexample_input_file8771.txt\nexample_input_file8772.txt\nexample_input_file8773.txt\nexample_input_file8774.txt\nexample_input_file8775.txt\nexample_input_file8776.txt\nexample_input_file8777.txt\nexample_input_file8778.txt\nexample_input_file8779.txt\nexample_input_file8780.txt\nexample_input_file8781.txt\nexample_input_file8782.txt\nexample_input_file8783.txt\nexample_input_file8784.txt\nexample_input_file8785.txt\nexample_input_file8786.txt\nexample_input_file8787.txt\nexample_input_file8788.txt\nexample_input_file8789.txt\nexample_input_file8790.txt\nexample_input_file8791.txt\nexample_input_file8792.txt\nexample_input_file8793.txt\nexample_input_file8794.txt\nexample_input_file8795.txt\nexample_input_file8796.txt\nexample_input_file8797.txt\nexample_input_file8798.txt\nexample_input_file8799.txt\nexample_input_file8800.txt\nexample_input_file8801.txt\nexample_input_file8802.txt\nexample_input_file8803.txt\nexample_input_file8804.txt\nexample_input_file8805.txt\nexample_input_file8806.txt\nexample_input_file8807.txt\nexample_input_file8808.txt\nexample_input_file8809.txt\nexample_input_file8810.txt\nexample_input_file8811.txt\nexample_input_file8812.txt\nexample_input_file8813.txt\nexample_input_file8814.txt\nexample_input_file8815.txt\nexample_input_file8816.txt\nexample_input_file8817.txt\nexample_input_file8818.txt\nexample_input_file8819.txt\nexample_input_file8820.txt\nexample_input_file8821.txt\nexample_input_file8822.txt\nexample_input_file8823.txt\nexample_input_file8824.txt\nexample_input_file8825.txt\nexample_input_file8826.txt\nexample_input_file8827.txt\nexample_input_file8828.txt\nexample_input_file8829.txt\nexample_input_file8830.txt\nexample_input_file8831.txt\nexample_input_file8832.txt\nexample_input_file8833.txt\nexample_input_file8834.txt\nexample_input_file8835.txt\nexample_input_file8836.txt\nexample_input_file8837.txt\nexample_input_file8838.txt\nexample_input_file8839.txt\nexample_input_file8840.txt\nexample_input_file8841.txt\nexample_input_file8842.txt\nexample_input_file8843.txt\nexample_input_file8844.txt\nexample_input_file8845.txt\nexample_input_file8846.txt\nexample_input_file8847.txt\nexample_input_file8848.txt\nexample_input_file8849.txt\nexample_input_file8850.txt\nexample_input_file8851.txt\nexample_input_file8852.txt\nexample_input_file8853.txt\nexample_input_file8854.txt\nexample_input_file8855.txt\nexample_input_file8856.txt\nexample_input_file8857.txt\nexample_input_file8858.txt\nexample_input_file8859.txt\nexample_input_file8860.txt\nexample_input_file8861.txt\nexample_input_file8862.txt\nexample_input_file8863.txt\nexample_input_file8864.txt\nexample_input_file8865.txt\nexample_input_file8866.txt\nexample_input_file8867.txt\nexample_input_file8868.txt\nexample_input_file8869.txt\nexample_input_file8870.txt\nexample_input_file8871.txt\nexample_input_file8872.txt\nexample_input_file8873.txt\nexample_input_file8874.txt\nexample_input_file8875.txt\nexample_input_file8876.txt\nexample_input_file8877.txt\nexample_input_file8878.txt\nexample_input_file8879.txt\nexample_input_file8880.txt\nexample_input_file8881.txt\nexample_input_file8882.txt\nexample_input_file8883.txt\nexample_input_file8884.txt\nexample_input_file8885.txt\nexample_input_file8886.txt\nexample_input_file8887.txt\nexample_input_file8888.txt\nexample_input_file8889.txt\nexample_input_file8890.txt\nexample_input_file8891.txt\nexample_input_file8892.txt\nexample_input_file8893.txt\nexample_input_file8894.txt\nexample_input_file8895.txt\nexample_input_file8896.txt\nexample_input_file8897.txt\nexample_input_file8898.txt\nexample_input_file8899.txt\nexample_input_file8900.txt\nexample_input_file8901.txt\nexample_input_file8902.txt\nexample_input_file8903.txt\nexample_input_file8904.txt\nexample_input_file8905.txt\nexample_input_file8906.txt\nexample_input_file8907.txt\nexample_input_file8908.txt\nexample_input_file8909.txt\nexample_input_file8910.txt\nexample_input_file8911.txt\nexample_input_file8912.txt\nexample_input_file8913.txt\nexample_input_file8914.txt\nexample_input_file8915.txt\nexample_input_file8916.txt\nexample_input_file8917.txt\nexample_input_file8918.txt\nexample_input_file8919.txt\nexample_input_file8920.txt\nexample_input_file8921.txt\nexample_input_file8922.txt\nexample_input_file8923.txt\nexample_input_file8924.txt\nexample_input_file8925.txt\nexample_input_file8926.txt\nexample_input_file8927.txt\nexample_input_file8928.txt\nexample_input_file8929.txt\nexample_input_file8930.txt\nexample_input_file8931.txt\nexample_input_file8932.txt\nexample_input_file8933.txt\nexample_input_file8934.txt\nexample_input_file8935.txt\nexample_input_file8936.txt\nexample_input_file8937.txt\nexample_input_file8938.txt\nexample_input_file8939.txt\nexample_input_file8940.txt\nexample_input_file8941.txt\nexample_input_file8942.txt\nexample_input_file8943.txt\nexample_input_file8944.txt\nexample_input_file8945.txt\nexample_input_file8946.txt\nexample_input_file8947.txt\nexample_input_file8948.txt\nexample_input_file8949.txt\nexample_input_file8950.txt\nexample_input_file8951.txt\nexample_input_file8952.txt\nexample_input_file8953.txt\nexample_input_file8954.txt\nexample_input_file8955.txt\nexample_input_file8956.txt\nexample_input_file8957.txt\nexample_input_file8958.txt\nexample_input_file8959.txt\nexample_input_file8960.txt\nexample_input_file8961.txt\nexample_input_file8962.txt\nexample_input_file8963.txt\nexample_input_file8964.txt\nexample_input_file8965.txt\nexample_input_file8966.txt\nexample_input_file8967.txt\nexample_input_file8968.txt\nexample_input_file8969.txt\nexample_input_file8970.txt\nexample_input_file8971.txt\nexample_input_file8972.txt\nexample_input_file8973.txt\nexample_input_file8974.txt\nexample_input_file8975.txt\nexample_input_file8976.txt\nexample_input_file8977.txt\nexample_input_file8978.txt\nexample_input_file8979.txt\nexample_input_file8980.txt\nexample_input_file8981.txt\nexample_input_file8982.txt\nexample_input_file8983.txt\nexample_input_file8984.txt\nexample_input_file8985.txt\nexample_input_file8986.txt\nexample_input_file8987.txt\nexample_input_file8988.txt\nexample_input_file8989.txt\nexample_input_file8990.txt\nexample_input_file8991.txt\nexample_input_file8992.txt\nexample_input_file8993.txt\nexample_input_file8994.txt\nexample_input_file8995.txt\nexample_input_file8996.txt\nexample_input_file8997.txt\nexample_input_file8998.txt\nexample_input_file8999.txt\nexample_input_file9000.txt\nexample_input_file9001.txt\nexample_input_file9002.txt\nexample_input_file9003.txt\nexample_input_file9004.txt\nexample_input_file9005.txt\nexample_input_file9006.txt\nexample_input_file9007.txt\nexample_input_file9008.txt\nexample_input_file9009.txt\nexample_input_file9010.txt\nexample_input_file9011.txt\nexample_input_file9012.txt\nexample_input_file9013.txt\nexample_input_file9014.txt\nexample_input_file9015.txt\nexample_input_file9016.txt\nexample_input_file9017.txt\nexample_input_file9018.txt\nexample_input_file9019.txt\nexample_input_file9020.txt\nexample_input_file9021.txt\nexample_input_file9022.txt\nexample_input_file9023.txt\nexample_input_file9024.txt\nexample_input_file9025.txt\nexample_input_file9026.txt\nexample_input_file9027.txt\nexample_input_file9028.txt\nexample_input_file9029.txt\nexample_input_file9030.txt\nexample_input_file9031.txt\nexample_input_file9032.txt\nexample_input_file9033.txt\nexample_input_file9034.txt\nexample_input_file9035.txt\nexample_input_file9036.txt\nexample_input_file9037.txt\nexample_input_file9038.txt\nexample_input_file9039.txt\nexample_input_file9040.txt\nexample_input_file9041.txt\nexample_input_file9042.txt\nexample_input_file9043.txt\nexample_input_file9044.txt\nexample_input_file9045.txt\nexample_input_file9046.txt\nexample_input_file9047.txt\nexample_input_file9048.txt\nexample_input_file9049.txt\nexample_input_file9050.txt\nexample_input_file9051.txt\nexample_input_file9052.txt\nexample_input_file9053.txt\nexample_input_file9054.txt\nexample_input_file9055.txt\nexample_input_file9056.txt\nexample_input_file9057.txt\nexample_input_file9058.txt\nexample_input_file9059.txt\nexample_input_file9060.txt\nexample_input_file9061.txt\nexample_input_file9062.txt\nexample_input_file9063.txt\nexample_input_file9064.txt\nexample_input_file9065.txt\nexample_input_file9066.txt\nexample_input_file9067.txt\nexample_input_file9068.txt\nexample_input_file9069.txt\nexample_input_file9070.txt\nexample_input_file9071.txt\nexample_input_file9072.txt\nexample_input_file9073.txt\nexample_input_file9074.txt\nexample_input_file9075.txt\nexample_input_file9076.txt\nexample_input_file9077.txt\nexample_input_file9078.txt\nexample_input_file9079.txt\nexample_input_file9080.txt\nexample_input_file9081.txt\nexample_input_file9082.txt\nexample_input_file9083.txt\nexample_input_file9084.txt\nexample_input_file9085.txt\nexample_input_file9086.txt\nexample_input_file9087.txt\nexample_input_file9088.txt\nexample_input_file9089.txt\nexample_input_file9090.txt\nexample_input_file9091.txt\nexample_input_file9092.txt\nexample_input_file9093.txt\nexample_input_file9094.txt\nexample_input_file9095.txt\nexample_input_file9096.txt\nexample_input_file9097.txt\nexample_input_file9098.txt\nexample_input_file9099.txt\nexample_input_file9100.txt\nexample_input_file9101.txt\nexample_input_file9102.txt\nexample_input_file9103.txt\nexample_input_file9104.txt\nexample_input_file9105.txt\nexample_input_file9106.txt\nexample_input_file9107.txt\nexample_input_file9108.txt\nexample_input_file9109.txt\nexample_input_file9110.txt\nexample_input_file9111.txt\nexample_input_file9112.txt\nexample_input_file9113.txt\nexample_input_file9114.txt\nexample_input_file9115.txt\nexample_input_file9116.txt\nexample_input_file9117.txt\nexample_input_file9118.txt\nexample_input_file9119.txt\nexample_input_file9120.txt\nexample_input_file9121.txt\nexample_input_file9122.txt\nexample_input_file9123.txt\nexample_input_file9124.txt\nexample_input_file9125.txt\nexample_input_file9126.txt\nexample_input_file9127.txt\nexample_input_file9128.txt\nexample_input_file9129.txt\nexample_input_file9130.txt\nexample_input_file9131.txt\nexample_input_file9132.txt\nexample_input_file9133.txt\nexample_input_file9134.txt\nexample_input_file9135.txt\nexample_input_file9136.txt\nexample_input_file9137.txt\nexample_input_file9138.txt\nexample_input_file9139.txt\nexample_input_file9140.txt\nexample_input_file9141.txt\nexample_input_file9142.txt\nexample_input_file9143.txt\nexample_input_file9144.txt\nexample_input_file9145.txt\nexample_input_file9146.txt\nexample_input_file9147.txt\nexample_input_file9148.txt\nexample_input_file9149.txt\nexample_input_file9150.txt\nexample_input_file9151.txt\nexample_input_file9152.txt\nexample_input_file9153.txt\nexample_input_file9154.txt\nexample_input_file9155.txt\nexample_input_file9156.txt\nexample_input_file9157.txt\nexample_input_file9158.txt\nexample_input_file9159.txt\nexample_input_file9160.txt\nexample_input_file9161.txt\nexample_input_file9162.txt\nexample_input_file9163.txt\nexample_input_file9164.txt\nexample_input_file9165.txt\nexample_input_file9166.txt\nexample_input_file9167.txt\nexample_input_file9168.txt\nexample_input_file9169.txt\nexample_input_file9170.txt\nexample_input_file9171.txt\nexample_input_file9172.txt\nexample_input_file9173.txt\nexample_input_file9174.txt\nexample_input_file9175.txt\nexample_input_file9176.txt\nexample_input_file9177.txt\nexample_input_file9178.txt\nexample_input_file9179.txt\nexample_input_file9180.txt\nexample_input_file9181.txt\nexample_input_file9182.txt\nexample_input_file9183.txt\nexample_input_file9184.txt\nexample_input_file9185.txt\nexample_input_file9186.txt\nexample_input_file9187.txt\nexample_input_file9188.txt\nexample_input_file9189.txt\nexample_input_file9190.txt\nexample_input_file9191.txt\nexample_input_file9192.txt\nexample_input_file9193.txt\nexample_input_file9194.txt\nexample_input_file9195.txt\nexample_input_file9196.txt\nexample_input_file9197.txt\nexample_input_file9198.txt\nexample_input_file9199.txt\nexample_input_file9200.txt\nexample_input_file9201.txt\nexample_input_file9202.txt\nexample_input_file9203.txt\nexample_input_file9204.txt\nexample_input_file9205.txt\nexample_input_file9206.txt\nexample_input_file9207.txt\nexample_input_file9208.txt\nexample_input_file9209.txt\nexample_input_file9210.txt\nexample_input_file9211.txt\nexample_input_file9212.txt\nexample_input_file9213.txt\nexample_input_file9214.txt\nexample_input_file9215.txt\nexample_input_file9216.txt\nexample_input_file9217.txt\nexample_input_file9218.txt\nexample_input_file9219.txt\nexample_input_file9220.txt\nexample_input_file9221.txt\nexample_input_file9222.txt\nexample_input_file9223.txt\nexample_input_file9224.txt\nexample_input_file9225.txt\nexample_input_file9226.txt\nexample_input_file9227.txt\nexample_input_file9228.txt\nexample_input_file9229.txt\nexample_input_file9230.txt\nexample_input_file9231.txt\nexample_input_file9232.txt\nexample_input_file9233.txt\nexample_input_file9234.txt\nexample_input_file9235.txt\nexample_input_file9236.txt\nexample_input_file9237.txt\nexample_input_file9238.txt\nexample_input_file9239.txt\nexample_input_file9240.txt\nexample_input_file9241.txt\nexample_input_file9242.txt\nexample_input_file9243.txt\nexample_input_file9244.txt\nexample_input_file9245.txt\nexample_input_file9246.txt\nexample_input_file9247.txt\nexample_input_file9248.txt\nexample_input_file9249.txt\nexample_input_file9250.txt\nexample_input_file9251.txt\nexample_input_file9252.txt\nexample_input_file9253.txt\nexample_input_file9254.txt\nexample_input_file9255.txt\nexample_input_file9256.txt\nexample_input_file9257.txt\nexample_input_file9258.txt\nexample_input_file9259.txt\nexample_input_file9260.txt\nexample_input_file9261.txt\nexample_input_file9262.txt\nexample_input_file9263.txt\nexample_input_file9264.txt\nexample_input_file9265.txt\nexample_input_file9266.txt\nexample_input_file9267.txt\nexample_input_file9268.txt\nexample_input_file9269.txt\nexample_input_file9270.txt\nexample_input_file9271.txt\nexample_input_file9272.txt\nexample_input_file9273.txt\nexample_input_file9274.txt\nexample_input_file9275.txt\nexample_input_file9276.txt\nexample_input_file9277.txt\nexample_input_file9278.txt\nexample_input_file9279.txt\nexample_input_file9280.txt\nexample_input_file9281.txt\nexample_input_file9282.txt\nexample_input_file9283.txt\nexample_input_file9284.txt\nexample_input_file9285.txt\nexample_input_file9286.txt\nexample_input_file9287.txt\nexample_input_file9288.txt\nexample_input_file9289.txt\nexample_input_file9290.txt\nexample_input_file9291.txt\nexample_input_file9292.txt\nexample_input_file9293.txt\nexample_input_file9294.txt\nexample_input_file9295.txt\nexample_input_file9296.txt\nexample_input_file9297.txt\nexample_input_file9298.txt\nexample_input_file9299.txt\nexample_input_file9300.txt\nexample_input_file9301.txt\nexample_input_file9302.txt\nexample_input_file9303.txt\nexample_input_file9304.txt\nexample_input_file9305.txt\nexample_input_file9306.txt\nexample_input_file9307.txt\nexample_input_file9308.txt\nexample_input_file9309.txt\nexample_input_file9310.txt\nexample_input_file9311.txt\nexample_input_file9312.txt\nexample_input_file9313.txt\nexample_input_file9314.txt\nexample_input_file9315.txt\nexample_input_file9316.txt\nexample_input_file9317.txt\nexample_input_file9318.txt\nexample_input_file9319.txt\nexample_input_file9320.txt\nexample_input_file9321.txt\nexample_input_file9322.txt\nexample_input_file9323.txt\nexample_input_file9324.txt\nexample_input_file9325.txt\nexample_input_file9326.txt\nexample_input_file9327.txt\nexample_input_file9328.txt\nexample_input_file9329.txt\nexample_input_file9330.txt\nexample_input_file9331.txt\nexample_input_file9332.txt\nexample_input_file9333.txt\nexample_input_file9334.txt\nexample_input_file9335.txt\nexample_input_file9336.txt\nexample_input_file9337.txt\nexample_input_file9338.txt\nexample_input_file9339.txt\nexample_input_file9340.txt\nexample_input_file9341.txt\nexample_input_file9342.txt\nexample_input_file9343.txt\nexample_input_file9344.txt\nexample_input_file9345.txt\nexample_input_file9346.txt\nexample_input_file9347.txt\nexample_input_file9348.txt\nexample_input_file9349.txt\nexample_input_file9350.txt\nexample_input_file9351.txt\nexample_input_file9352.txt\nexample_input_file9353.txt\nexample_input_file9354.txt\nexample_input_file9355.txt\nexample_input_file9356.txt\nexample_input_file9357.txt\nexample_input_file9358.txt\nexample_input_file9359.txt\nexample_input_file9360.txt\nexample_input_file9361.txt\nexample_input_file9362.txt\nexample_input_file9363.txt\nexample_input_file9364.txt\nexample_input_file9365.txt\nexample_input_file9366.txt\nexample_input_file9367.txt\nexample_input_file9368.txt\nexample_input_file9369.txt\nexample_input_file9370.txt\nexample_input_file9371.txt\nexample_input_file9372.txt\nexample_input_file9373.txt\nexample_input_file9374.txt\nexample_input_file9375.txt\nexample_input_file9376.txt\nexample_input_file9377.txt\nexample_input_file9378.txt\nexample_input_file9379.txt\nexample_input_file9380.txt\nexample_input_file9381.txt\nexample_input_file9382.txt\nexample_input_file9383.txt\nexample_input_file9384.txt\nexample_input_file9385.txt\nexample_input_file9386.txt\nexample_input_file9387.txt\nexample_input_file9388.txt\nexample_input_file9389.txt\nexample_input_file9390.txt\nexample_input_file9391.txt\nexample_input_file9392.txt\nexample_input_file9393.txt\nexample_input_file9394.txt\nexample_input_file9395.txt\nexample_input_file9396.txt\nexample_input_file9397.txt\nexample_input_file9398.txt\nexample_input_file9399.txt\nexample_input_file9400.txt\nexample_input_file9401.txt\nexample_input_file9402.txt\nexample_input_file9403.txt\nexample_input_file9404.txt\nexample_input_file9405.txt\nexample_input_file9406.txt\nexample_input_file9407.txt\nexample_input_file9408.txt\nexample_input_file9409.txt\nexample_input_file9410.txt\nexample_input_file9411.txt\nexample_input_file9412.txt\nexample_input_file9413.txt\nexample_input_file9414.txt\nexample_input_file9415.txt\nexample_input_file9416.txt\nexample_input_file9417.txt\nexample_input_file9418.txt\nexample_input_file9419.txt\nexample_input_file9420.txt\nexample_input_file9421.txt\nexample_input_file9422.txt\nexample_input_file9423.txt\nexample_input_file9424.txt\nexample_input_file9425.txt\nexample_input_file9426.txt\nexample_input_file9427.txt\nexample_input_file9428.txt\nexample_input_file9429.txt\nexample_input_file9430.txt\nexample_input_file9431.txt\nexample_input_file9432.txt\nexample_input_file9433.txt\nexample_input_file9434.txt\nexample_input_file9435.txt\nexample_input_file9436.txt\nexample_input_file9437.txt\nexample_input_file9438.txt\nexample_input_file9439.txt\nexample_input_file9440.txt\nexample_input_file9441.txt\nexample_input_file9442.txt\nexample_input_file9443.txt\nexample_input_file9444.txt\nexample_input_file9445.txt\nexample_input_file9446.txt\nexample_input_file9447.txt\nexample_input_file9448.txt\nexample_input_file9449.txt\nexample_input_file9450.txt\nexample_input_file9451.txt\nexample_input_file9452.txt\nexample_input_file9453.txt\nexample_input_file9454.txt\nexample_input_file9455.txt\nexample_input_file9456.txt\nexample_input_file9457.txt\nexample_input_file9458.txt\nexample_input_file9459.txt\nexample_input_file9460.txt\nexample_input_file9461.txt\nexample_input_file9462.txt\nexample_input_file9463.txt\nexample_input_file9464.txt\nexample_input_file9465.txt\nexample_input_file9466.txt\nexample_input_file9467.txt\nexample_input_file9468.txt\nexample_input_file9469.txt\nexample_input_file9470.txt\nexample_input_file9471.txt\nexample_input_file9472.txt\nexample_input_file9473.txt\nexample_input_file9474.txt\nexample_input_file9475.txt\nexample_input_file9476.txt\nexample_input_file9477.txt\nexample_input_file9478.txt\nexample_input_file9479.txt\nexample_input_file9480.txt\nexample_input_file9481.txt\nexample_input_file9482.txt\nexample_input_file9483.txt\nexample_input_file9484.txt\nexample_input_file9485.txt\nexample_input_file9486.txt\nexample_input_file9487.txt\nexample_input_file9488.txt\nexample_input_file9489.txt\nexample_input_file9490.txt\nexample_input_file9491.txt\nexample_input_file9492.txt\nexample_input_file9493.txt\nexample_input_file9494.txt\nexample_input_file9495.txt\nexample_input_file9496.txt\nexample_input_file9497.txt\nexample_input_file9498.txt\nexample_input_file9499.txt\nexample_input_file9500.txt\nexample_input_file9501.txt\nexample_input_file9502.txt\nexample_input_file9503.txt\nexample_input_file9504.txt\nexample_input_file9505.txt\nexample_input_file9506.txt\nexample_input_file9507.txt\nexample_input_file9508.txt\nexample_input_file9509.txt\nexample_input_file9510.txt\nexample_input_file9511.txt\nexample_input_file9512.txt\nexample_input_file9513.txt\nexample_input_file9514.txt\nexample_input_file9515.txt\nexample_input_file9516.txt\nexample_input_file9517.txt\nexample_input_file9518.txt\nexample_input_file9519.txt\nexample_input_file9520.txt\nexample_input_file9521.txt\nexample_input_file9522.txt\nexample_input_file9523.txt\nexample_input_file9524.txt\nexample_input_file9525.txt\nexample_input_file9526.txt\nexample_input_file9527.txt\nexample_input_file9528.txt\nexample_input_file9529.txt\nexample_input_file9530.txt\nexample_input_file9531.txt\nexample_input_file9532.txt\nexample_input_file9533.txt\nexample_input_file9534.txt\nexample_input_file9535.txt\nexample_input_file9536.txt\nexample_input_file9537.txt\nexample_input_file9538.txt\nexample_input_file9539.txt\nexample_input_file9540.txt\nexample_input_file9541.txt\nexample_input_file9542.txt\nexample_input_file9543.txt\nexample_input_file9544.txt\nexample_input_file9545.txt\nexample_input_file9546.txt\nexample_input_file9547.txt\nexample_input_file9548.txt\nexample_input_file9549.txt\nexample_input_file9550.txt\nexample_input_file9551.txt\nexample_input_file9552.txt\nexample_input_file9553.txt\nexample_input_file9554.txt\nexample_input_file9555.txt\nexample_input_file9556.txt\nexample_input_file9557.txt\nexample_input_file9558.txt\nexample_input_file9559.txt\nexample_input_file9560.txt\nexample_input_file9561.txt\nexample_input_file9562.txt\nexample_input_file9563.txt\nexample_input_file9564.txt\nexample_input_file9565.txt\nexample_input_file9566.txt\nexample_input_file9567.txt\nexample_input_file9568.txt\nexample_input_file9569.txt\nexample_input_file9570.txt\nexample_input_file9571.txt\nexample_input_file9572.txt\nexample_input_file9573.txt\nexample_input_file9574.txt\nexample_input_file9575.txt\nexample_input_file9576.txt\nexample_input_file9577.txt\nexample_input_file9578.txt\nexample_input_file9579.txt\nexample_input_file9580.txt\nexample_input_file9581.txt\nexample_input_file9582.txt\nexample_input_file9583.txt\nexample_input_file9584.txt\nexample_input_file9585.txt\nexample_input_file9586.txt\nexample_input_file9587.txt\nexample_input_file9588.txt\nexample_input_file9589.txt\nexample_input_file9590.txt\nexample_input_file9591.txt\nexample_input_file9592.txt\nexample_input_file9593.txt\nexample_input_file9594.txt\nexample_input_file9595.txt\nexample_input_file9596.txt\nexample_input_file9597.txt\nexample_input_file9598.txt\nexample_input_file9599.txt\nexample_input_file9600.txt\nexample_input_file9601.txt\nexample_input_file9602.txt\nexample_input_file9603.txt\nexample_input_file9604.txt\nexample_input_file9605.txt\nexample_input_file9606.txt\nexample_input_file9607.txt\nexample_input_file9608.txt\nexample_input_file9609.txt\nexample_input_file9610.txt\nexample_input_file9611.txt\nexample_input_file9612.txt\nexample_input_file9613.txt\nexample_input_file9614.txt\nexample_input_file9615.txt\nexample_input_file9616.txt\nexample_input_file9617.txt\nexample_input_file9618.txt\nexample_input_file9619.txt\nexample_input_file9620.txt\nexample_input_file9621.txt\nexample_input_file9622.txt\nexample_input_file9623.txt\nexample_input_file9624.txt\nexample_input_file9625.txt\nexample_input_file9626.txt\nexample_input_file9627.txt\nexample_input_file9628.txt\nexample_input_file9629.txt\nexample_input_file9630.txt\nexample_input_file9631.txt\nexample_input_file9632.txt\nexample_input_file9633.txt\nexample_input_file9634.txt\nexample_input_file9635.txt\nexample_input_file9636.txt\nexample_input_file9637.txt\nexample_input_file9638.txt\nexample_input_file9639.txt\nexample_input_file9640.txt\nexample_input_file9641.txt\nexample_input_file9642.txt\nexample_input_file9643.txt\nexample_input_file9644.txt\nexample_input_file9645.txt\nexample_input_file9646.txt\nexample_input_file9647.txt\nexample_input_file9648.txt\nexample_input_file9649.txt\nexample_input_file9650.txt\nexample_input_file9651.txt\nexample_input_file9652.txt\nexample_input_file9653.txt\nexample_input_file9654.txt\nexample_input_file9655.txt\nexample_input_file9656.txt\nexample_input_file9657.txt\nexample_input_file9658.txt\nexample_input_file9659.txt\nexample_input_file9660.txt\nexample_input_file9661.txt\nexample_input_file9662.txt\nexample_input_file9663.txt\nexample_input_file9664.txt\nexample_input_file9665.txt\nexample_input_file9666.txt\nexample_input_file9667.txt\nexample_input_file9668.txt\nexample_input_file9669.txt\nexample_input_file9670.txt\nexample_input_file9671.txt\nexample_input_file9672.txt\nexample_input_file9673.txt\nexample_input_file9674.txt\nexample_input_file9675.txt\nexample_input_file9676.txt\nexample_input_file9677.txt\nexample_input_file9678.txt\nexample_input_file9679.txt\nexample_input_file9680.txt\nexample_input_file9681.txt\nexample_input_file9682.txt\nexample_input_file9683.txt\nexample_input_file9684.txt\nexample_input_file9685.txt\nexample_input_file9686.txt\nexample_input_file9687.txt\nexample_input_file9688.txt\nexample_input_file9689.txt\nexample_input_file9690.txt\nexample_input_file9691.txt\nexample_input_file9692.txt\nexample_input_file9693.txt\nexample_input_file9694.txt\nexample_input_file9695.txt\nexample_input_file9696.txt\nexample_input_file9697.txt\nexample_input_file9698.txt\nexample_input_file9699.txt\nexample_input_file9700.txt\nexample_input_file9701.txt\nexample_input_file9702.txt\nexample_input_file9703.txt\nexample_input_file9704.txt\nexample_input_file9705.txt\nexample_input_file9706.txt\nexample_input_file9707.txt\nexample_input_file9708.txt\nexample_input_file9709.txt\nexample_input_file9710.txt\nexample_input_file9711.txt\nexample_input_file9712.txt\nexample_input_file9713.txt\nexample_input_file9714.txt\nexample_input_file9715.txt\nexample_input_file9716.txt\nexample_input_file9717.txt\nexample_input_file9718.txt\nexample_input_file9719.txt\nexample_input_file9720.txt\nexample_input_file9721.txt\nexample_input_file9722.txt\nexample_input_file9723.txt\nexample_input_file9724.txt\nexample_input_file9725.txt\nexample_input_file9726.txt\nexample_input_file9727.txt\nexample_input_file9728.txt\nexample_input_file9729.txt\nexample_input_file9730.txt\nexample_input_file9731.txt\nexample_input_file9732.txt\nexample_input_file9733.txt\nexample_input_file9734.txt\nexample_input_file9735.txt\nexample_input_file9736.txt\nexample_input_file9737.txt\nexample_input_file9738.txt\nexample_input_file9739.txt\nexample_input_file9740.txt\nexample_input_file9741.txt\nexample_input_file9742.txt\nexample_input_file9743.txt\nexample_input_file9744.txt\nexample_input_file9745.txt\nexample_input_file9746.txt\nexample_input_file9747.txt\nexample_input_file9748.txt\nexample_input_file9749.txt\nexample_input_file9750.txt\nexample_input_file9751.txt\nexample_input_file9752.txt\nexample_input_file9753.txt\nexample_input_file9754.txt\nexample_input_file9755.txt\nexample_input_file9756.txt\nexample_input_file9757.txt\nexample_input_file9758.txt\nexample_input_file9759.txt\nexample_input_file9760.txt\nexample_input_file9761.txt\nexample_input_file9762.txt\nexample_input_file9763.txt\nexample_input_file9764.txt\nexample_input_file9765.txt\nexample_input_file9766.txt\nexample_input_file9767.txt\nexample_input_file9768.txt\nexample_input_file9769.txt\nexample_input_file9770.txt\nexample_input_file9771.txt\nexample_input_file9772.txt\nexample_input_file9773.txt\nexample_input_file9774.txt\nexample_input_file9775.txt\nexample_input_file9776.txt\nexample_input_file9777.txt\nexample_input_file9778.txt\nexample_input_file9779.txt\nexample_input_file9780.txt\nexample_input_file9781.txt\nexample_input_file9782.txt\nexample_input_file9783.txt\nexample_input_file9784.txt\nexample_input_file9785.txt\nexample_input_file9786.txt\nexample_input_file9787.txt\nexample_input_file9788.txt\nexample_input_file9789.txt\nexample_input_file9790.txt\nexample_input_file9791.txt\nexample_input_file9792.txt\nexample_input_file9793.txt\nexample_input_file9794.txt\nexample_input_file9795.txt\nexample_input_file9796.txt\nexample_input_file9797.txt\nexample_input_file9798.txt\nexample_input_file9799.txt\nexample_input_file9800.txt\nexample_input_file9801.txt\nexample_input_file9802.txt\nexample_input_file9803.txt\nexample_input_file9804.txt\nexample_input_file9805.txt\nexample_input_file9806.txt\nexample_input_file9807.txt\nexample_input_file9808.txt\nexample_input_file9809.txt\nexample_input_file9810.txt\nexample_input_file9811.txt\nexample_input_file9812.txt\nexample_input_file9813.txt\nexample_input_file9814.txt\nexample_input_file9815.txt\nexample_input_file9816.txt\nexample_input_file9817.txt\nexample_input_file9818.txt\nexample_input_file9819.txt\nexample_input_file9820.txt\nexample_input_file9821.txt\nexample_input_file9822.txt\nexample_input_file9823.txt\nexample_input_file9824.txt\nexample_input_file9825.txt\nexample_input_file9826.txt\nexample_input_file9827.txt\nexample_input_file9828.txt\nexample_input_file9829.txt\nexample_input_file9830.txt\nexample_input_file9831.txt\nexample_input_file9832.txt\nexample_input_file9833.txt\nexample_input_file9834.txt\nexample_input_file9835.txt\nexample_input_file9836.txt\nexample_input_file9837.txt\nexample_input_file9838.txt\nexample_input_file9839.txt\nexample_input_file9840.txt\nexample_input_file9841.txt\nexample_input_file9842.txt\nexample_input_file9843.txt\nexample_input_file9844.txt\nexample_input_file9845.txt\nexample_input_file9846.txt\nexample_input_file9847.txt\nexample_input_file9848.txt\nexample_input_file9849.txt\nexample_input_file9850.txt\nexample_input_file9851.txt\nexample_input_file9852.txt\nexample_input_file9853.txt\nexample_input_file9854.txt\nexample_input_file9855.txt\nexample_input_file9856.txt\nexample_input_file9857.txt\nexample_input_file9858.txt\nexample_input_file9859.txt\nexample_input_file9860.txt\nexample_input_file9861.txt\nexample_input_file9862.txt\nexample_input_file9863.txt\nexample_input_file9864.txt\nexample_input_file9865.txt\nexample_input_file9866.txt\nexample_input_file9867.txt\nexample_input_file9868.txt\nexample_input_file9869.txt\nexample_input_file9870.txt\nexample_input_file9871.txt\nexample_input_file9872.txt\nexample_input_file9873.txt\nexample_input_file9874.txt\nexample_input_file9875.txt\nexample_input_file9876.txt\nexample_input_file9877.txt\nexample_input_file9878.txt\nexample_input_file9879.txt\nexample_input_file9880.txt\nexample_input_file9881.txt\nexample_input_file9882.txt\nexample_input_file9883.txt\nexample_input_file9884.txt\nexample_input_file9885.txt\nexample_input_file9886.txt\nexample_input_file9887.txt\nexample_input_file9888.txt\nexample_input_file9889.txt\nexample_input_file9890.txt\nexample_input_file9891.txt\nexample_input_file9892.txt\nexample_input_file9893.txt\nexample_input_file9894.txt\nexample_input_file9895.txt\nexample_input_file9896.txt\nexample_input_file9897.txt\nexample_input_file9898.txt\nexample_input_file9899.txt\nexample_input_file9900.txt\nexample_input_file9901.txt\nexample_input_file9902.txt\nexample_input_file9903.txt\nexample_input_file9904.txt\nexample_input_file9905.txt\nexample_input_file9906.txt\nexample_input_file9907.txt\nexample_input_file9908.txt\nexample_input_file9909.txt\nexample_input_file9910.txt\nexample_input_file9911.txt\nexample_input_file9912.txt\nexample_input_file9913.txt\nexample_input_file9914.txt\nexample_input_file9915.txt\nexample_input_file9916.txt\nexample_input_file9917.txt\nexample_input_file9918.txt\nexample_input_file9919.txt\nexample_input_file9920.txt\nexample_input_file9921.txt\nexample_input_file9922.txt\nexample_input_file9923.txt\nexample_input_file9924.txt\nexample_input_file9925.txt\nexample_input_file9926.txt\nexample_input_file9927.txt\nexample_input_file9928.txt\nexample_input_file9929.txt\nexample_input_file9930.txt\nexample_input_file9931.txt\nexample_input_file9932.txt\nexample_input_file9933.txt\nexample_input_file9934.txt\nexample_input_file9935.txt\nexample_input_file9936.txt\nexample_input_file9937.txt\nexample_input_file9938.txt\nexample_input_file9939.txt\nexample_input_file9940.txt\nexample_input_file9941.txt\nexample_input_file9942.txt\nexample_input_file9943.txt\nexample_input_file9944.txt\nexample_input_file9945.txt\nexample_input_file9946.txt\nexample_input_file9947.txt\nexample_input_file9948.txt\nexample_input_file9949.txt\nexample_input_file9950.txt\nexample_input_file9951.txt\nexample_input_file9952.txt\nexample_input_file9953.txt\nexample_input_file9954.txt\nexample_input_file9955.txt\nexample_input_file9956.txt\nexample_input_file9957.txt\nexample_input_file9958.txt\nexample_input_file9959.txt\nexample_input_file9960.txt\nexample_input_file9961.txt\nexample_input_file9962.txt\nexample_input_file9963.txt\nexample_input_file9964.txt\nexample_input_file9965.txt\nexample_input_file9966.txt\nexample_input_file9967.txt\nexample_input_file9968.txt\nexample_input_file9969.txt\nexample_input_file9970.txt\nexample_input_file9971.txt\nexample_input_file9972.txt\nexample_input_file9973.txt\nexample_input_file9974.txt\nexample_input_file9975.txt\nexample_input_file9976.txt\nexample_input_file9977.txt\nexample_input_file9978.txt\nexample_input_file9979.txt\nexample_input_file9980.txt\nexample_input_file9981.txt\nexample_input_file9982.txt\nexample_input_file9983.txt\nexample_input_file9984.txt\nexample_input_file9985.txt\nexample_input_file9986.txt\nexample_input_file9987.txt\nexample_input_file9988.txt\nexample_input_file9989.txt\nexample_input_file9990.txt\nexample_input_file9991.txt\nexample_input_file9992.txt\nexample_input_file9993.txt\nexample_input_file9994.txt\nexample_input_file9995.txt\nexample_input_file9996.txt\nexample_input_file9997.txt\nexample_input_file9998.txt\nexample_input_file9999.txt&quot;
}</system-out>
			<system-err>[2022-05-12T15:32:31+0200] [MainThread] [I] [cwltool] Resolved 'tests/loadContents/cwloutput-nolimit.cwl' to 'file:///home/michael/cwl-v1.2/tests/loadContents/cwloutput-nolimit.cwl'
[2022-05-12T15:32:33+0200] [MainThread] [I] [toil.job] Saving graph of 1 jobs, 1 new
[2022-05-12T15:32:33+0200] [MainThread] [I] [toil.job] Processing job 'CWLJob' cwloutput-nolimit.cwl kind-CWLJob/instance-0hx3_i81 v0
[2022-05-12T15:32:33+0200] [MainThread] [I] [toil] Running Toil version 5.6.0-c34146a6437e4407a61e946e968bcce67a0ebbca on host mrc-tux.
[2022-05-12T15:32:33+0200] [MainThread] [I] [toil.leader] Issued job 'CWLJob' cwloutput-nolimit.cwl kind-CWLJob/instance-0hx3_i81 v1 with job batch system ID: 0 and cores: 1, disk: 3.0 Gi, and memory: 2.0 Gi
[2022-05-12T15:32:34+0200] [MainThread] [I] [toil.worker] Redirecting logging to /tmp/fa96dab02a6657dfbf0cfb11dd41650d/4a71/worker_log.txt
[2022-05-12T15:32:35+0200] [MainThread] [I] [toil.leader] 1 jobs are running, 0 jobs are issued and waiting to run
[2022-05-12T15:32:44+0200] [MainThread] [I] [toil.leader] Finished toil run successfully.
[2022-05-12T15:32:45+0200] [MainThread] [I] [toil.common] Successfully deleted the job store: FileJobStore(/tmp/tmpqek1tvey)
</system-err>
		</testcase>
		<testcase name="Test that loadContents on a file larger than 64k fails" time="3.210102" class="command_line_tool" file="loadcontents_limit" url="cwltest:conformance_tests#320">
			<system-err>[2022-05-12T15:32:31+0200] [MainThread] [I] [cwltool] Resolved 'tests/loadContents/loadContents-limit.cwl' to 'file:///home/michael/cwl-v1.2/tests/loadContents/loadContents-limit.cwl'
Traceback (most recent call last):
  File &quot;/home/michael/common-workflow-language/toil5.6.0/lib/python3.10/site-packages/cwltool/builder.py&quot;, line 417, in bind_input
    datum[&quot;contents&quot;] = content_limit_respected_read(f2)
  File &quot;/home/michael/common-workflow-language/toil5.6.0/lib/python3.10/site-packages/cwltool/builder.py&quot;, line 66, in content_limit_respected_read
    return content_limit_respected_read_bytes(f).decode(&quot;utf-8&quot;)
  File &quot;/home/michael/common-workflow-language/toil5.6.0/lib/python3.10/site-packages/cwltool/builder.py&quot;, line 59, in content_limit_respected_read_bytes
    raise WorkflowException(
cwltool.errors.WorkflowException: file is too large, loadContents limited to 65536 bytes

During handling of the above exception, another exception occurred:

Traceback (most recent call last):
  File &quot;/home/michael/common-workflow-language/toil5.6.0/lib/python3.10/site-packages/cwltool/builder.py&quot;, line 419, in bind_input
    raise Exception(
Exception: Reading file:///home/michael/cwl-v1.2/tests/loadContents/inp-filelist.txt
file is too large, loadContents limited to 65536 bytes

During handling of the above exception, another exception occurred:

Traceback (most recent call last):
  File &quot;/home/michael/common-workflow-language/toil5.6.0/bin/toil-cwl-runner&quot;, line 8, in &lt;module&gt;
    sys.exit(main())
  File &quot;/home/michael/common-workflow-language/toil5.6.0/lib/python3.10/site-packages/toil/cwl/cwltoil.py&quot;, line 3418, in main
    builder = tool._init_job(initialized_job_order, runtime_context)
  File &quot;/home/michael/common-workflow-language/toil5.6.0/lib/python3.10/site-packages/cwltool/process.py&quot;, line 920, in _init_job
    builder.bind_input(
  File &quot;/home/michael/common-workflow-language/toil5.6.0/lib/python3.10/site-packages/cwltool/builder.py&quot;, line 355, in bind_input
    self.bind_input(
  File &quot;/home/michael/common-workflow-language/toil5.6.0/lib/python3.10/site-packages/cwltool/builder.py&quot;, line 407, in bind_input
    with SourceLine(
  File &quot;schema_salad/sourceline.py&quot;, line 256, in __exit__
cwltool.errors.WorkflowException: tests/loadContents/loadContents-limit.cwl:7:5: Reading file:///home/michael/cwl-v1.2/tests/loadContents/inp-filelist.txt
tests/loadContents/loadContents-limit.cwl:7:5: file is too large, loadContents limited to 65536 bytes
</system-err>
		</testcase>
		<testcase name="Test that InitialWorkDir contents can be bigger than 64k" time="5.886386" class="initial_work_dir, command_line_tool" file="iwd-nolimit" url="cwltest:conformance_tests#321">
			<system-out>{
    &quot;filelist&quot;: {
        &quot;location&quot;: &quot;file:///tmp/tmp19aa8dp6/out-filelist.txt&quot;,
        &quot;basename&quot;: &quot;out-filelist.txt&quot;,
        &quot;nameroot&quot;: &quot;out-filelist&quot;,
        &quot;nameext&quot;: &quot;.txt&quot;,
        &quot;class&quot;: &quot;File&quot;,
        &quot;checksum&quot;: &quot;sha1$57f77b36009332d236b52b4beca77301b503b27c&quot;,
        &quot;size&quot;: 268866
    }
}</system-out>
			<system-err>[2022-05-12T15:32:34+0200] [MainThread] [I] [cwltool] Resolved 'tests/iwd/iwd-nolimit.cwl' to 'file:///home/michael/cwl-v1.2/tests/iwd/iwd-nolimit.cwl'
[2022-05-12T15:32:36+0200] [MainThread] [I] [toil.job] Saving graph of 1 jobs, 1 new
[2022-05-12T15:32:36+0200] [MainThread] [I] [toil.job] Processing job 'CWLJob' iwd-nolimit.cwl kind-CWLJob/instance-x4s3tzrw v0
[2022-05-12T15:32:36+0200] [MainThread] [I] [toil] Running Toil version 5.6.0-c34146a6437e4407a61e946e968bcce67a0ebbca on host mrc-tux.
[2022-05-12T15:32:36+0200] [MainThread] [I] [toil.leader] Issued job 'CWLJob' iwd-nolimit.cwl kind-CWLJob/instance-x4s3tzrw v1 with job batch system ID: 0 and cores: 1, disk: 3.0 Gi, and memory: 2.0 Gi
[2022-05-12T15:32:36+0200] [MainThread] [I] [toil.worker] Redirecting logging to /tmp/31cdb49689f955f6b9e62f61bf96641d/7cb1/worker_log.txt
[2022-05-12T15:32:37+0200] [MainThread] [I] [toil.leader] 0 jobs are running, 0 jobs are issued and waiting to run
[2022-05-12T15:32:39+0200] [MainThread] [I] [toil.leader] Finished toil run successfully.
[2022-05-12T15:32:39+0200] [MainThread] [I] [toil.common] Successfully deleted the job store: FileJobStore(/tmp/tmptd3o4g0e)
</system-err>
		</testcase>
		<testcase name="Test dump object to JSON in InitialWorkDir file contents, no trailing newline" time="5.011912" class="initial_work_dir, command_line_tool" file="iwd-jsondump1" url="cwltest:conformance_tests#322">
			<system-out>{
    &quot;filelist&quot;: {
        &quot;location&quot;: &quot;file:///tmp/tmp6i7286ss/out-filelist.json&quot;,
        &quot;basename&quot;: &quot;out-filelist.json&quot;,
        &quot;nameroot&quot;: &quot;out-filelist&quot;,
        &quot;nameext&quot;: &quot;.json&quot;,
        &quot;class&quot;: &quot;File&quot;,
        &quot;checksum&quot;: &quot;sha1$5bbeb2a75327927cb97d7e9716c8299682001b36&quot;,
        &quot;size&quot;: 298863
    }
}</system-out>
			<system-err>[2022-05-12T15:32:34+0200] [MainThread] [I] [cwltool] Resolved 'tests/iwd/iwd-jsondump1.cwl' to 'file:///home/michael/cwl-v1.2/tests/iwd/iwd-jsondump1.cwl'
[2022-05-12T15:32:36+0200] [MainThread] [I] [toil.job] Saving graph of 1 jobs, 1 new
[2022-05-12T15:32:36+0200] [MainThread] [I] [toil.job] Processing job 'CWLJob' iwd-jsondump1.cwl kind-CWLJob/instance-x60jfdvb v0
[2022-05-12T15:32:36+0200] [MainThread] [I] [toil] Running Toil version 5.6.0-c34146a6437e4407a61e946e968bcce67a0ebbca on host mrc-tux.
[2022-05-12T15:32:36+0200] [MainThread] [I] [toil.leader] Issued job 'CWLJob' iwd-jsondump1.cwl kind-CWLJob/instance-x60jfdvb v1 with job batch system ID: 0 and cores: 1, disk: 3.0 Gi, and memory: 2.0 Gi
[2022-05-12T15:32:37+0200] [MainThread] [I] [toil.worker] Redirecting logging to /tmp/a51797c1cf0851ec9692b8c49be0b155/06e2/worker_log.txt
[2022-05-12T15:32:37+0200] [MainThread] [I] [toil.leader] 0 jobs are running, 0 jobs are issued and waiting to run
[2022-05-12T15:32:38+0200] [MainThread] [I] [toil.leader] Finished toil run successfully.
[2022-05-12T15:32:38+0200] [MainThread] [I] [toil.common] Successfully deleted the job store: FileJobStore(/tmp/tmpkb5u82vz)
</system-err>
		</testcase>
		<testcase name="Test dump object to JSON in InitialWorkDir file contents, with trailing newline" time="5.812879" class="initial_work_dir, command_line_tool" file="iwd-jsondump1-nl" url="cwltest:conformance_tests#323">
			<system-out>{
    &quot;filelist&quot;: {
        &quot;location&quot;: &quot;file:///tmp/tmp1r_6q5ls/out-filelist.json&quot;,
        &quot;basename&quot;: &quot;out-filelist.json&quot;,
        &quot;nameroot&quot;: &quot;out-filelist&quot;,
        &quot;nameext&quot;: &quot;.json&quot;,
        &quot;class&quot;: &quot;File&quot;,
        &quot;checksum&quot;: &quot;sha1$7307f027449371b3642c1f7c32124218af0e41b5&quot;,
        &quot;size&quot;: 298864
    }
}</system-out>
			<system-err>[2022-05-12T15:32:36+0200] [MainThread] [I] [cwltool] Resolved 'tests/iwd/iwd-jsondump1-nl.cwl' to 'file:///home/michael/cwl-v1.2/tests/iwd/iwd-jsondump1-nl.cwl'
[2022-05-12T15:32:38+0200] [MainThread] [I] [toil.job] Saving graph of 1 jobs, 1 new
[2022-05-12T15:32:38+0200] [MainThread] [I] [toil.job] Processing job 'CWLJob' iwd-jsondump1-nl.cwl kind-CWLJob/instance-www3atc4 v0
[2022-05-12T15:32:38+0200] [MainThread] [I] [toil] Running Toil version 5.6.0-c34146a6437e4407a61e946e968bcce67a0ebbca on host mrc-tux.
[2022-05-12T15:32:38+0200] [MainThread] [I] [toil.leader] Issued job 'CWLJob' iwd-jsondump1-nl.cwl kind-CWLJob/instance-www3atc4 v1 with job batch system ID: 0 and cores: 1, disk: 3.0 Gi, and memory: 2.0 Gi
[2022-05-12T15:32:39+0200] [MainThread] [I] [toil.worker] Redirecting logging to /tmp/fb597a5a1f585d8b8b7e69d4bf6f083f/14c2/worker_log.txt
[2022-05-12T15:32:39+0200] [MainThread] [I] [toil.leader] 0 jobs are running, 0 jobs are issued and waiting to run
[2022-05-12T15:32:41+0200] [MainThread] [I] [toil.leader] Finished toil run successfully.
[2022-05-12T15:32:41+0200] [MainThread] [I] [toil.common] Successfully deleted the job store: FileJobStore(/tmp/tmpm26d6hde)
</system-err>
		</testcase>
		<testcase name="Test array to JSON in InitialWorkDir file contents, no trailing newline" time="6.163557" class="initial_work_dir, command_line_tool" file="iwd-jsondump2" url="cwltest:conformance_tests#324">
			<system-out>{
    &quot;filelist&quot;: {
        &quot;location&quot;: &quot;file:///tmp/tmpr600w2_v/out-filelist.json&quot;,
        &quot;basename&quot;: &quot;out-filelist.json&quot;,
        &quot;nameroot&quot;: &quot;out-filelist&quot;,
        &quot;nameext&quot;: &quot;.json&quot;,
        &quot;class&quot;: &quot;File&quot;,
        &quot;checksum&quot;: &quot;sha1$a0e2225d47c9ed2f07e7633d00dd19d1cbf65c9f&quot;,
        &quot;size&quot;: 298877
    }
}</system-out>
			<system-err>[2022-05-12T15:32:39+0200] [MainThread] [I] [cwltool] Resolved 'tests/iwd/iwd-jsondump2.cwl' to 'file:///home/michael/cwl-v1.2/tests/iwd/iwd-jsondump2.cwl'
[2022-05-12T15:32:41+0200] [MainThread] [I] [toil.job] Saving graph of 1 jobs, 1 new
[2022-05-12T15:32:41+0200] [MainThread] [I] [toil.job] Processing job 'CWLJob' iwd-jsondump2.cwl kind-CWLJob/instance-nlv1wyq_ v0
[2022-05-12T15:32:41+0200] [MainThread] [I] [toil] Running Toil version 5.6.0-c34146a6437e4407a61e946e968bcce67a0ebbca on host mrc-tux.
[2022-05-12T15:32:42+0200] [MainThread] [I] [toil.leader] Issued job 'CWLJob' iwd-jsondump2.cwl kind-CWLJob/instance-nlv1wyq_ v1 with job batch system ID: 0 and cores: 1, disk: 3.0 Gi, and memory: 2.0 Gi
[2022-05-12T15:32:42+0200] [MainThread] [I] [toil.worker] Redirecting logging to /tmp/0662dee55aaf5cc18e5ade657b859814/cd3d/worker_log.txt
[2022-05-12T15:32:43+0200] [MainThread] [I] [toil.leader] 0 jobs are running, 0 jobs are issued and waiting to run
[2022-05-12T15:32:45+0200] [MainThread] [I] [toil.leader] Finished toil run successfully.
[2022-05-12T15:32:45+0200] [MainThread] [I] [toil.common] Successfully deleted the job store: FileJobStore(/tmp/tmpaj8eof1f)
</system-err>
		</testcase>
		<testcase name="Test array to JSON in InitialWorkDir file contents, with trailing newline" time="6.178298" class="initial_work_dir, command_line_tool" file="iwd-jsondump2-nl" url="cwltest:conformance_tests#325">
			<system-out>{
    &quot;filelist&quot;: {
        &quot;location&quot;: &quot;file:///tmp/tmpyv4ob3d9/out-filelist.json&quot;,
        &quot;basename&quot;: &quot;out-filelist.json&quot;,
        &quot;nameroot&quot;: &quot;out-filelist&quot;,
        &quot;nameext&quot;: &quot;.json&quot;,
        &quot;class&quot;: &quot;File&quot;,
        &quot;checksum&quot;: &quot;sha1$750c95cb45561cd1d863506f82a1a75fffd53a54&quot;,
        &quot;size&quot;: 298878
    }
}</system-out>
			<system-err>[2022-05-12T15:32:40+0200] [MainThread] [I] [cwltool] Resolved 'tests/iwd/iwd-jsondump2-nl.cwl' to 'file:///home/michael/cwl-v1.2/tests/iwd/iwd-jsondump2-nl.cwl'
[2022-05-12T15:32:42+0200] [MainThread] [I] [toil.job] Saving graph of 1 jobs, 1 new
[2022-05-12T15:32:42+0200] [MainThread] [I] [toil.job] Processing job 'CWLJob' iwd-jsondump2-nl.cwl kind-CWLJob/instance-wuars95x v0
[2022-05-12T15:32:42+0200] [MainThread] [I] [toil] Running Toil version 5.6.0-c34146a6437e4407a61e946e968bcce67a0ebbca on host mrc-tux.
[2022-05-12T15:32:42+0200] [MainThread] [I] [toil.leader] Issued job 'CWLJob' iwd-jsondump2-nl.cwl kind-CWLJob/instance-wuars95x v1 with job batch system ID: 0 and cores: 1, disk: 3.0 Gi, and memory: 2.0 Gi
[2022-05-12T15:32:43+0200] [MainThread] [I] [toil.worker] Redirecting logging to /tmp/bbe4710fc4d35ab885c41dafdc8abae5/fa3e/worker_log.txt
[2022-05-12T15:32:43+0200] [MainThread] [I] [toil.leader] 0 jobs are running, 0 jobs are issued and waiting to run
[2022-05-12T15:32:45+0200] [MainThread] [I] [toil.leader] Finished toil run successfully.
[2022-05-12T15:32:45+0200] [MainThread] [I] [toil.common] Successfully deleted the job store: FileJobStore(/tmp/tmpacx3uzpx)
</system-err>
		</testcase>
		<testcase name="Test number to JSON in InitialWorkDir file contents, no trailing newline" time="4.878454" class="initial_work_dir, command_line_tool" file="iwd-jsondump3" url="cwltest:conformance_tests#326">
			<system-out>{
    &quot;filelist&quot;: {
        &quot;location&quot;: &quot;file:///tmp/tmpwqyp5avu/out-number.json&quot;,
        &quot;basename&quot;: &quot;out-number.json&quot;,
        &quot;nameroot&quot;: &quot;out-number&quot;,
        &quot;nameext&quot;: &quot;.json&quot;,
        &quot;class&quot;: &quot;File&quot;,
        &quot;checksum&quot;: &quot;sha1$356b190d3274c960b34c2c9538023dda438d67d4&quot;,
        &quot;size&quot;: 4
    }
}</system-out>
			<system-err>[2022-05-12T15:32:42+0200] [MainThread] [I] [cwltool] Resolved 'tests/iwd/iwd-jsondump3.cwl' to 'file:///home/michael/cwl-v1.2/tests/iwd/iwd-jsondump3.cwl'
[2022-05-12T15:32:44+0200] [MainThread] [I] [toil.job] Saving graph of 1 jobs, 1 new
[2022-05-12T15:32:44+0200] [MainThread] [I] [toil.job] Processing job 'CWLJob' iwd-jsondump3.cwl kind-CWLJob/instance-2wxjucw7 v0
[2022-05-12T15:32:44+0200] [MainThread] [I] [toil] Running Toil version 5.6.0-c34146a6437e4407a61e946e968bcce67a0ebbca on host mrc-tux.
[2022-05-12T15:32:44+0200] [MainThread] [I] [toil.leader] Issued job 'CWLJob' iwd-jsondump3.cwl kind-CWLJob/instance-2wxjucw7 v1 with job batch system ID: 0 and cores: 1, disk: 3.0 Gi, and memory: 2.0 Gi
[2022-05-12T15:32:44+0200] [MainThread] [I] [toil.worker] Redirecting logging to /tmp/c1bf3a2c2bf459f9b8712b46a6e7bd34/a7b2/worker_log.txt
[2022-05-12T15:32:45+0200] [MainThread] [I] [toil.leader] 0 jobs are running, 0 jobs are issued and waiting to run
[2022-05-12T15:32:46+0200] [MainThread] [I] [toil.leader] Finished toil run successfully.
[2022-05-12T15:32:46+0200] [MainThread] [I] [toil.common] Successfully deleted the job store: FileJobStore(/tmp/tmpqxejobju)
</system-err>
		</testcase>
		<testcase name="Test number to JSON in InitialWorkDir file contents, with trailing newline" time="4.571899" class="initial_work_dir, command_line_tool" file="iwd-jsondump3-nl" url="cwltest:conformance_tests#327">
			<system-out>{
    &quot;filelist&quot;: {
        &quot;location&quot;: &quot;file:///tmp/tmpy8bfe_8j/out-number.json&quot;,
        &quot;basename&quot;: &quot;out-number.json&quot;,
        &quot;nameroot&quot;: &quot;out-number&quot;,
        &quot;nameext&quot;: &quot;.json&quot;,
        &quot;class&quot;: &quot;File&quot;,
        &quot;checksum&quot;: &quot;sha1$0b02e6b07d199025bfdcfc6b9830d550a0a6bde9&quot;,
        &quot;size&quot;: 5
    }
}</system-out>
			<system-err>[2022-05-12T15:32:45+0200] [MainThread] [I] [cwltool] Resolved 'tests/iwd/iwd-jsondump3-nl.cwl' to 'file:///home/michael/cwl-v1.2/tests/iwd/iwd-jsondump3-nl.cwl'
[2022-05-12T15:32:47+0200] [MainThread] [I] [toil.job] Saving graph of 1 jobs, 1 new
[2022-05-12T15:32:47+0200] [MainThread] [I] [toil.job] Processing job 'CWLJob' iwd-jsondump3-nl.cwl kind-CWLJob/instance-r7dn1yv2 v0
[2022-05-12T15:32:47+0200] [MainThread] [I] [toil] Running Toil version 5.6.0-c34146a6437e4407a61e946e968bcce67a0ebbca on host mrc-tux.
[2022-05-12T15:32:47+0200] [MainThread] [I] [toil.leader] Issued job 'CWLJob' iwd-jsondump3-nl.cwl kind-CWLJob/instance-r7dn1yv2 v1 with job batch system ID: 0 and cores: 1, disk: 3.0 Gi, and memory: 2.0 Gi
[2022-05-12T15:32:47+0200] [MainThread] [I] [toil.worker] Redirecting logging to /tmp/f292d324b2aa528999f20fefc90502ec/e025/worker_log.txt
[2022-05-12T15:32:48+0200] [MainThread] [I] [toil.leader] 0 jobs are running, 0 jobs are issued and waiting to run
[2022-05-12T15:32:49+0200] [MainThread] [I] [toil.leader] Finished toil run successfully.
[2022-05-12T15:32:49+0200] [MainThread] [I] [toil.common] Successfully deleted the job store: FileJobStore(/tmp/tmp03l1rgr4)
</system-err>
		</testcase>
		<testcase name="Test InitialWorkDir file passthrough" time="4.577506" class="initial_work_dir, command_line_tool" file="iwd-passthrough1" url="cwltest:conformance_tests#328">
			<system-out>{
    &quot;filelist&quot;: {
        &quot;location&quot;: &quot;file:///tmp/tmpgjax0gbg/renamed-filelist.txt&quot;,
        &quot;basename&quot;: &quot;renamed-filelist.txt&quot;,
        &quot;nameroot&quot;: &quot;renamed-filelist&quot;,
        &quot;nameext&quot;: &quot;.txt&quot;,
        &quot;class&quot;: &quot;File&quot;,
        &quot;checksum&quot;: &quot;sha1$57f77b36009332d236b52b4beca77301b503b27c&quot;,
        &quot;size&quot;: 268866
    }
}</system-out>
			<system-err>[2022-05-12T15:32:45+0200] [MainThread] [I] [cwltool] Resolved 'tests/iwd/iwd-passthrough1.cwl' to 'file:///home/michael/cwl-v1.2/tests/iwd/iwd-passthrough1.cwl'
[2022-05-12T15:32:47+0200] [MainThread] [I] [toil.job] Saving graph of 1 jobs, 1 new
[2022-05-12T15:32:47+0200] [MainThread] [I] [toil.job] Processing job 'CWLJob' iwd-passthrough1.cwl kind-CWLJob/instance-dg_q5zy_ v0
[2022-05-12T15:32:47+0200] [MainThread] [I] [toil] Running Toil version 5.6.0-c34146a6437e4407a61e946e968bcce67a0ebbca on host mrc-tux.
[2022-05-12T15:32:47+0200] [MainThread] [I] [toil.leader] Issued job 'CWLJob' iwd-passthrough1.cwl kind-CWLJob/instance-dg_q5zy_ v1 with job batch system ID: 0 and cores: 1, disk: 3.0 Gi, and memory: 2.0 Gi
[2022-05-12T15:32:48+0200] [MainThread] [I] [toil.worker] Redirecting logging to /tmp/b6b9a10f65245cde93256e5a1661afa0/b023/worker_log.txt
[2022-05-12T15:32:48+0200] [MainThread] [I] [toil.leader] 0 jobs are running, 0 jobs are issued and waiting to run
[2022-05-12T15:32:49+0200] [MainThread] [I] [toil.leader] Finished toil run successfully.
[2022-05-12T15:32:49+0200] [MainThread] [I] [toil.common] Successfully deleted the job store: FileJobStore(/tmp/tmp1w002s2g)
</system-err>
		</testcase>
		<testcase name="Test InitialWorkDir file object is serialized to json" time="5.783629" class="initial_work_dir, command_line_tool" file="iwd-passthrough2" url="cwltest:conformance_tests#329">
			<system-out>{
    &quot;out&quot;: {
        &quot;location&quot;: &quot;file:///tmp/tmpnke9es9o/out.txt&quot;,
        &quot;basename&quot;: &quot;out.txt&quot;,
        &quot;nameroot&quot;: &quot;out&quot;,
        &quot;nameext&quot;: &quot;.txt&quot;,
        &quot;class&quot;: &quot;File&quot;,
        &quot;checksum&quot;: &quot;sha1$406e83b1cd694780f1b3ea4fe8fbb754511fe3f7&quot;,
        &quot;size&quot;: 49
    }
}</system-out>
			<system-err>[2022-05-12T15:32:46+0200] [MainThread] [I] [cwltool] Resolved 'tests/iwd/iwd-passthrough2.cwl' to 'file:///home/michael/cwl-v1.2/tests/iwd/iwd-passthrough2.cwl'
[2022-05-12T15:32:48+0200] [MainThread] [I] [toil.job] Saving graph of 1 jobs, 1 new
[2022-05-12T15:32:48+0200] [MainThread] [I] [toil.job] Processing job 'CWLJob' iwd-passthrough2.cwl kind-CWLJob/instance-ri79l4nr v0
[2022-05-12T15:32:48+0200] [MainThread] [I] [toil] Running Toil version 5.6.0-c34146a6437e4407a61e946e968bcce67a0ebbca on host mrc-tux.
[2022-05-12T15:32:48+0200] [MainThread] [I] [toil.leader] Issued job 'CWLJob' iwd-passthrough2.cwl kind-CWLJob/instance-ri79l4nr v1 with job batch system ID: 0 and cores: 1, disk: 3.0 Gi, and memory: 2.0 Gi
[2022-05-12T15:32:48+0200] [MainThread] [I] [toil.worker] Redirecting logging to /tmp/df4feb99f4d7505eba68e066d300f603/c59f/worker_log.txt
[2022-05-12T15:32:50+0200] [MainThread] [I] [toil.leader] 0 jobs are running, 0 jobs are issued and waiting to run
[2022-05-12T15:32:51+0200] [MainThread] [I] [toil.leader] Finished toil run successfully.
[2022-05-12T15:32:51+0200] [MainThread] [I] [toil.common] Successfully deleted the job store: FileJobStore(/tmp/tmp1ivjo4xa)
</system-err>
		</testcase>
		<testcase name="Test InitialWorkDir file object is passed through" time="5.337030" class="initial_work_dir, command_line_tool" file="iwd-passthrough3" url="cwltest:conformance_tests#330">
			<system-out>{
    &quot;filelist&quot;: {
        &quot;location&quot;: &quot;file:///tmp/tmp8w4oyf32/renamed-filelist.txt&quot;,
        &quot;basename&quot;: &quot;renamed-filelist.txt&quot;,
        &quot;nameroot&quot;: &quot;renamed-filelist&quot;,
        &quot;nameext&quot;: &quot;.txt&quot;,
        &quot;class&quot;: &quot;File&quot;,
        &quot;checksum&quot;: &quot;sha1$57f77b36009332d236b52b4beca77301b503b27c&quot;,
        &quot;size&quot;: 268866
    }
}</system-out>
			<system-err>[2022-05-12T15:32:47+0200] [MainThread] [I] [cwltool] Resolved 'tests/iwd/iwd-passthrough3.cwl' to 'file:///home/michael/cwl-v1.2/tests/iwd/iwd-passthrough3.cwl'
[2022-05-12T15:32:49+0200] [MainThread] [I] [toil.job] Saving graph of 1 jobs, 1 new
[2022-05-12T15:32:49+0200] [MainThread] [I] [toil.job] Processing job 'CWLJob' iwd-passthrough3.cwl kind-CWLJob/instance-ucopazon v0
[2022-05-12T15:32:49+0200] [MainThread] [I] [toil] Running Toil version 5.6.0-c34146a6437e4407a61e946e968bcce67a0ebbca on host mrc-tux.
[2022-05-12T15:32:49+0200] [MainThread] [I] [toil.leader] Issued job 'CWLJob' iwd-passthrough3.cwl kind-CWLJob/instance-ucopazon v1 with job batch system ID: 0 and cores: 1, disk: 3.0 Gi, and memory: 2.0 Gi
[2022-05-12T15:32:49+0200] [MainThread] [I] [toil.worker] Redirecting logging to /tmp/0c1e65ac25575ead8de775b2a35f0872/f73e/worker_log.txt
[2022-05-12T15:32:50+0200] [MainThread] [I] [toil.leader] 0 jobs are running, 0 jobs are issued and waiting to run
[2022-05-12T15:32:51+0200] [MainThread] [I] [toil.leader] Finished toil run successfully.
[2022-05-12T15:32:51+0200] [MainThread] [I] [toil.common] Successfully deleted the job store: FileJobStore(/tmp/tmpeifewpi_)
</system-err>
		</testcase>
		<testcase name="Test InitialWorkDir file object is passed through" time="4.729265" class="initial_work_dir, command_line_tool" file="iwd-passthrough4" url="cwltest:conformance_tests#331">
			<system-out>{
    &quot;filelist&quot;: {
        &quot;location&quot;: &quot;file:///tmp/tmpojxq_u4k/inp-filelist.txt&quot;,
        &quot;basename&quot;: &quot;inp-filelist.txt&quot;,
        &quot;nameroot&quot;: &quot;inp-filelist&quot;,
        &quot;nameext&quot;: &quot;.txt&quot;,
        &quot;class&quot;: &quot;File&quot;,
        &quot;checksum&quot;: &quot;sha1$57f77b36009332d236b52b4beca77301b503b27c&quot;,
        &quot;size&quot;: 268866
    }
}</system-out>
			<system-err>[2022-05-12T15:32:50+0200] [MainThread] [I] [cwltool] Resolved 'tests/iwd/iwd-passthrough4.cwl' to 'file:///home/michael/cwl-v1.2/tests/iwd/iwd-passthrough4.cwl'
[2022-05-12T15:32:52+0200] [MainThread] [I] [toil.job] Saving graph of 1 jobs, 1 new
[2022-05-12T15:32:52+0200] [MainThread] [I] [toil.job] Processing job 'CWLJob' iwd-passthrough4.cwl kind-CWLJob/instance-cdu16roq v0
[2022-05-12T15:32:52+0200] [MainThread] [I] [toil] Running Toil version 5.6.0-c34146a6437e4407a61e946e968bcce67a0ebbca on host mrc-tux.
[2022-05-12T15:32:52+0200] [MainThread] [I] [toil.leader] Issued job 'CWLJob' iwd-passthrough4.cwl kind-CWLJob/instance-cdu16roq v1 with job batch system ID: 0 and cores: 1, disk: 3.0 Gi, and memory: 2.0 Gi
[2022-05-12T15:32:52+0200] [MainThread] [I] [toil.worker] Redirecting logging to /tmp/3824d4f92718519a90c2c6dee11e00c8/fb8a/worker_log.txt
[2022-05-12T15:32:52+0200] [MainThread] [I] [toil.leader] 0 jobs are running, 0 jobs are issued and waiting to run
[2022-05-12T15:32:54+0200] [MainThread] [I] [toil.leader] Finished toil run successfully.
[2022-05-12T15:32:54+0200] [MainThread] [I] [toil.common] Successfully deleted the job store: FileJobStore(/tmp/tmppzbr6v1i)
</system-err>
		</testcase>
		<testcase name="Test File and Directory object in listing" time="4.624237" class="initial_work_dir, command_line_tool" file="iwd-fileobjs1" url="cwltest:conformance_tests#332">
			<system-out>{
    &quot;filelist&quot;: {
        &quot;location&quot;: &quot;file:///tmp/tmp9u0_bd1g/inp-filelist.txt&quot;,
        &quot;basename&quot;: &quot;inp-filelist.txt&quot;,
        &quot;nameroot&quot;: &quot;inp-filelist&quot;,
        &quot;nameext&quot;: &quot;.txt&quot;,
        &quot;class&quot;: &quot;File&quot;,
        &quot;checksum&quot;: &quot;sha1$57f77b36009332d236b52b4beca77301b503b27c&quot;,
        &quot;size&quot;: 268866
    },
    &quot;testdir&quot;: {
        &quot;location&quot;: &quot;file:///tmp/tmp9u0_bd1g/testdir&quot;,
        &quot;basename&quot;: &quot;testdir&quot;,
        &quot;nameroot&quot;: &quot;testdir&quot;,
        &quot;nameext&quot;: &quot;&quot;,
        &quot;class&quot;: &quot;Directory&quot;,
        &quot;listing&quot;: [
            {
                &quot;class&quot;: &quot;File&quot;,
                &quot;location&quot;: &quot;file:///tmp/tmp9u0_bd1g/testdir/a&quot;,
                &quot;basename&quot;: &quot;a&quot;,
                &quot;size&quot;: 0,
                &quot;nameroot&quot;: &quot;a&quot;,
                &quot;nameext&quot;: &quot;&quot;,
                &quot;checksum&quot;: &quot;sha1$da39a3ee5e6b4b0d3255bfef95601890afd80709&quot;
            },
            {
                &quot;class&quot;: &quot;Directory&quot;,
                &quot;location&quot;: &quot;file:///tmp/tmp9u0_bd1g/testdir/c&quot;,
                &quot;basename&quot;: &quot;c&quot;,
                &quot;listing&quot;: [
                    {
                        &quot;class&quot;: &quot;File&quot;,
                        &quot;location&quot;: &quot;file:///tmp/tmp9u0_bd1g/testdir/c/d&quot;,
                        &quot;basename&quot;: &quot;d&quot;,
                        &quot;size&quot;: 0,
                        &quot;nameroot&quot;: &quot;d&quot;,
                        &quot;nameext&quot;: &quot;&quot;,
                        &quot;checksum&quot;: &quot;sha1$da39a3ee5e6b4b0d3255bfef95601890afd80709&quot;
                    }
                ]
            },
            {
                &quot;class&quot;: &quot;File&quot;,
                &quot;location&quot;: &quot;file:///tmp/tmp9u0_bd1g/testdir/b&quot;,
                &quot;basename&quot;: &quot;b&quot;,
                &quot;size&quot;: 0,
                &quot;nameroot&quot;: &quot;b&quot;,
                &quot;nameext&quot;: &quot;&quot;,
                &quot;checksum&quot;: &quot;sha1$da39a3ee5e6b4b0d3255bfef95601890afd80709&quot;
            }
        ]
    }
}</system-out>
			<system-err>[2022-05-12T15:32:50+0200] [MainThread] [I] [cwltool] Resolved 'tests/iwd/iwd-fileobjs1.cwl' to 'file:///home/michael/cwl-v1.2/tests/iwd/iwd-fileobjs1.cwl'
[2022-05-12T15:32:52+0200] [MainThread] [I] [toil.job] Saving graph of 1 jobs, 1 new
[2022-05-12T15:32:52+0200] [MainThread] [I] [toil.job] Processing job 'CWLJob' iwd-fileobjs1.cwl kind-CWLJob/instance-84wyaggn v0
[2022-05-12T15:32:52+0200] [MainThread] [I] [toil] Running Toil version 5.6.0-c34146a6437e4407a61e946e968bcce67a0ebbca on host mrc-tux.
[2022-05-12T15:32:52+0200] [MainThread] [I] [toil.leader] Issued job 'CWLJob' iwd-fileobjs1.cwl kind-CWLJob/instance-84wyaggn v1 with job batch system ID: 0 and cores: 1, disk: 3.0 Gi, and memory: 2.0 Gi
[2022-05-12T15:32:52+0200] [MainThread] [I] [toil.worker] Redirecting logging to /tmp/cb6a77f4d3d8513c829d0138c5e51f49/1f4e/worker_log.txt
[2022-05-12T15:32:53+0200] [MainThread] [I] [toil.leader] 0 jobs are running, 0 jobs are issued and waiting to run
[2022-05-12T15:32:54+0200] [MainThread] [I] [toil.leader] Finished toil run successfully.
[2022-05-12T15:32:54+0200] [MainThread] [I] [toil.common] Successfully deleted the job store: FileJobStore(/tmp/tmplatjgr_x)
</system-err>
		</testcase>
		<testcase name="Test File and Directory object in listing" time="4.798370" class="initial_work_dir, command_line_tool" file="iwd-fileobjs2" url="cwltest:conformance_tests#333">
			<system-out>{
    &quot;filelist&quot;: {
        &quot;location&quot;: &quot;file:///tmp/tmpfyfnvek1/inp-filelist.txt&quot;,
        &quot;basename&quot;: &quot;inp-filelist.txt&quot;,
        &quot;nameroot&quot;: &quot;inp-filelist&quot;,
        &quot;nameext&quot;: &quot;.txt&quot;,
        &quot;class&quot;: &quot;File&quot;,
        &quot;checksum&quot;: &quot;sha1$57f77b36009332d236b52b4beca77301b503b27c&quot;,
        &quot;size&quot;: 268866
    },
    &quot;testdir&quot;: {
        &quot;location&quot;: &quot;file:///tmp/tmpfyfnvek1/testdir&quot;,
        &quot;basename&quot;: &quot;testdir&quot;,
        &quot;nameroot&quot;: &quot;testdir&quot;,
        &quot;nameext&quot;: &quot;&quot;,
        &quot;class&quot;: &quot;Directory&quot;,
        &quot;listing&quot;: [
            {
                &quot;class&quot;: &quot;File&quot;,
                &quot;location&quot;: &quot;file:///tmp/tmpfyfnvek1/testdir/a&quot;,
                &quot;basename&quot;: &quot;a&quot;,
                &quot;size&quot;: 0,
                &quot;nameroot&quot;: &quot;a&quot;,
                &quot;nameext&quot;: &quot;&quot;,
                &quot;checksum&quot;: &quot;sha1$da39a3ee5e6b4b0d3255bfef95601890afd80709&quot;
            },
            {
                &quot;class&quot;: &quot;Directory&quot;,
                &quot;location&quot;: &quot;file:///tmp/tmpfyfnvek1/testdir/c&quot;,
                &quot;basename&quot;: &quot;c&quot;,
                &quot;listing&quot;: [
                    {
                        &quot;class&quot;: &quot;File&quot;,
                        &quot;location&quot;: &quot;file:///tmp/tmpfyfnvek1/testdir/c/d&quot;,
                        &quot;basename&quot;: &quot;d&quot;,
                        &quot;size&quot;: 0,
                        &quot;nameroot&quot;: &quot;d&quot;,
                        &quot;nameext&quot;: &quot;&quot;,
                        &quot;checksum&quot;: &quot;sha1$da39a3ee5e6b4b0d3255bfef95601890afd80709&quot;
                    }
                ]
            },
            {
                &quot;class&quot;: &quot;File&quot;,
                &quot;location&quot;: &quot;file:///tmp/tmpfyfnvek1/testdir/b&quot;,
                &quot;basename&quot;: &quot;b&quot;,
                &quot;size&quot;: 0,
                &quot;nameroot&quot;: &quot;b&quot;,
                &quot;nameext&quot;: &quot;&quot;,
                &quot;checksum&quot;: &quot;sha1$da39a3ee5e6b4b0d3255bfef95601890afd80709&quot;
            }
        ]
    }
}</system-out>
			<system-err>[2022-05-12T15:32:52+0200] [MainThread] [I] [cwltool] Resolved 'tests/iwd/iwd-fileobjs2.cwl' to 'file:///home/michael/cwl-v1.2/tests/iwd/iwd-fileobjs2.cwl'
[2022-05-12T15:32:54+0200] [MainThread] [I] [toil.job] Saving graph of 1 jobs, 1 new
[2022-05-12T15:32:54+0200] [MainThread] [I] [toil.job] Processing job 'CWLJob' iwd-fileobjs2.cwl kind-CWLJob/instance-81yep3gi v0
[2022-05-12T15:32:54+0200] [MainThread] [I] [toil] Running Toil version 5.6.0-c34146a6437e4407a61e946e968bcce67a0ebbca on host mrc-tux.
[2022-05-12T15:32:54+0200] [MainThread] [I] [toil.leader] Issued job 'CWLJob' iwd-fileobjs2.cwl kind-CWLJob/instance-81yep3gi v1 with job batch system ID: 0 and cores: 1, disk: 3.0 Gi, and memory: 2.0 Gi
[2022-05-12T15:32:54+0200] [MainThread] [I] [toil.worker] Redirecting logging to /tmp/3c79be229886552c9d0b541808a2d67e/8b76/worker_log.txt
[2022-05-12T15:32:55+0200] [MainThread] [I] [toil.leader] 0 jobs are running, 0 jobs are issued and waiting to run
[2022-05-12T15:32:56+0200] [MainThread] [I] [toil.leader] Finished toil run successfully.
[2022-05-12T15:32:56+0200] [MainThread] [I] [toil.common] Successfully deleted the job store: FileJobStore(/tmp/tmpeo9p0f8q)
</system-err>
		</testcase>
		<testcase name="Test input mount locations when container required" time="12.778072" class="initial_work_dir, command_line_tool" file="iwd-container-entryname1" url="cwltest:conformance_tests#334">
			<system-out>{
    &quot;head&quot;: {
        &quot;location&quot;: &quot;file:///tmp/tmpgzz7yvx1/head.txt&quot;,
        &quot;basename&quot;: &quot;head.txt&quot;,
        &quot;nameroot&quot;: &quot;head&quot;,
        &quot;nameext&quot;: &quot;.txt&quot;,
        &quot;class&quot;: &quot;File&quot;,
        &quot;checksum&quot;: &quot;sha1$8b5071fa49953fcdb8729b16345b7c894b493f83&quot;,
        &quot;size&quot;: 241
    }
}</system-out>
			<system-err>[2022-05-12T15:32:52+0200] [MainThread] [I] [cwltool] Resolved 'tests/iwd/iwd-container-entryname1.cwl' to 'file:///home/michael/cwl-v1.2/tests/iwd/iwd-container-entryname1.cwl'
[2022-05-12T15:32:54+0200] [MainThread] [I] [toil.job] Saving graph of 1 jobs, 1 new
[2022-05-12T15:32:54+0200] [MainThread] [I] [toil.job] Processing job 'CWLJob' iwd-container-entryname1.cwl kind-CWLJob/instance-nbabpl4i v0
[2022-05-12T15:32:54+0200] [MainThread] [I] [toil] Running Toil version 5.6.0-c34146a6437e4407a61e946e968bcce67a0ebbca on host mrc-tux.
[2022-05-12T15:32:54+0200] [MainThread] [I] [toil.leader] Issued job 'CWLJob' iwd-container-entryname1.cwl kind-CWLJob/instance-nbabpl4i v1 with job batch system ID: 0 and cores: 1, disk: 3.0 Gi, and memory: 2.0 Gi
[2022-05-12T15:32:55+0200] [MainThread] [I] [toil.worker] Redirecting logging to /tmp/e249b17707ea559194c1fac4a4937c76/60e8/worker_log.txt
[2022-05-12T15:32:56+0200] [MainThread] [I] [toil.leader] 1 jobs are running, 0 jobs are issued and waiting to run
[2022-05-12T15:33:04+0200] [MainThread] [I] [toil.leader] Finished toil run successfully.
[2022-05-12T15:33:04+0200] [MainThread] [I] [toil.common] Successfully deleted the job store: FileJobStore(/tmp/tmpie37kplp)
</system-err>
		</testcase>
		<testcase name="Test input mount locations when no container (should fail)" time="7.622207" class="initial_work_dir, command_line_tool" file="iwd-container-entryname2" url="cwltest:conformance_tests#335">
			<system-err>[2022-05-12T15:32:54+0200] [MainThread] [I] [cwltool] Resolved 'tests/iwd/iwd-container-entryname2.cwl' to 'file:///home/michael/cwl-v1.2/tests/iwd/iwd-container-entryname2.cwl'
[2022-05-12T15:32:56+0200] [MainThread] [I] [toil.job] Saving graph of 1 jobs, 1 new
[2022-05-12T15:32:56+0200] [MainThread] [I] [toil.job] Processing job 'CWLJob' iwd-container-entryname2.cwl kind-CWLJob/instance-l16hiudh v0
[2022-05-12T15:32:56+0200] [MainThread] [I] [toil] Running Toil version 5.6.0-c34146a6437e4407a61e946e968bcce67a0ebbca on host mrc-tux.
[2022-05-12T15:32:56+0200] [MainThread] [I] [toil.leader] Issued job 'CWLJob' iwd-container-entryname2.cwl kind-CWLJob/instance-l16hiudh v1 with job batch system ID: 0 and cores: 1, disk: 3.0 Gi, and memory: 2.0 Gi
[2022-05-12T15:32:57+0200] [MainThread] [I] [toil.worker] Redirecting logging to /tmp/efa37f83d9ae5d2bb722b693a9c24fae/4c4f/worker_log.txt
[2022-05-12T15:32:57+0200] [Thread-1 (daddy)] [E] [toil.batchSystems.singleMachine] Got exit code 1 (indicating failure) from job _toil_worker CWLJob file:/tmp/tmp2ie4b3uo kind-CWLJob/instance-l16hiudh.
[2022-05-12T15:32:57+0200] [MainThread] [W] [toil.leader] Job failed with exit value 1: 'CWLJob' iwd-container-entryname2.cwl kind-CWLJob/instance-l16hiudh v1
Exit reason: None
[2022-05-12T15:32:57+0200] [MainThread] [W] [toil.leader] The job seems to have left a log file, indicating failure: 'CWLJob' iwd-container-entryname2.cwl kind-CWLJob/instance-l16hiudh v2
[2022-05-12T15:32:57+0200] [MainThread] [W] [toil.leader] Log from job &quot;kind-CWLJob/instance-l16hiudh&quot; follows:
=========&gt;
	[2022-05-12T15:32:57+0200] [MainThread] [I] [toil.worker] ---TOIL WORKER OUTPUT LOG---
	[2022-05-12T15:32:57+0200] [MainThread] [I] [toil] Running Toil version 5.6.0-c34146a6437e4407a61e946e968bcce67a0ebbca on host mrc-tux.
	[2022-05-12T15:32:57+0200] [MainThread] [I] [toil.worker] Working on job 'CWLJob' iwd-container-entryname2.cwl kind-CWLJob/instance-l16hiudh v1
	[2022-05-12T15:32:57+0200] [MainThread] [I] [toil.worker] Loaded body Job('CWLJob' iwd-container-entryname2.cwl kind-CWLJob/instance-l16hiudh v1) from description 'CWLJob' iwd-container-entryname2.cwl kind-CWLJob/instance-l16hiudh v1
	Traceback (most recent call last):
	  File &quot;/home/michael/common-workflow-language/toil5.6.0/lib/python3.10/site-packages/toil/worker.py&quot;, line 405, in workerScript
	    job._runner(jobGraph=None, jobStore=jobStore, fileStore=fileStore, defer=defer)
	  File &quot;/home/michael/common-workflow-language/toil5.6.0/lib/python3.10/site-packages/toil/job.py&quot;, line 2399, in _runner
	    returnValues = self._run(jobGraph=None, fileStore=fileStore)
	  File &quot;/home/michael/common-workflow-language/toil5.6.0/lib/python3.10/site-packages/toil/job.py&quot;, line 2317, in _run
	    return self.run(fileStore)
	  File &quot;/home/michael/common-workflow-language/toil5.6.0/lib/python3.10/site-packages/toil/cwl/cwltoil.py&quot;, line 2046, in run
	    output, status = ToilSingleJobExecutor().execute(
	  File &quot;/home/michael/common-workflow-language/toil5.6.0/lib/python3.10/site-packages/cwltool/executors.py&quot;, line 143, in execute
	    self.run_jobs(process, job_order_object, logger, runtime_context)
	  File &quot;/home/michael/common-workflow-language/toil5.6.0/lib/python3.10/site-packages/toil/cwl/cwltoil.py&quot;, line 922, in run_jobs
	    return super().run_jobs(process, job_order_object, logger, runtime_context)
	  File &quot;/home/michael/common-workflow-language/toil5.6.0/lib/python3.10/site-packages/cwltool/executors.py&quot;, line 227, in run_jobs
	    for job in jobiter:
	  File &quot;/home/michael/common-workflow-language/toil5.6.0/lib/python3.10/site-packages/cwltool/command_line_tool.py&quot;, line 995, in job
	    self._initialworkdir(j, builder)
	  File &quot;/home/michael/common-workflow-language/toil5.6.0/lib/python3.10/site-packages/cwltool/command_line_tool.py&quot;, line 747, in _initialworkdir
	    raise SourceLine(
	cwltool.errors.WorkflowException: tests/iwd/iwd-container-entryname2.cwl:15:5: Name '/tmp2j3y7rpb/input/stuff.txt' at index 0 of listing is invalid, name can only start with '/' when DockerRequirement is in 'requirements'.
	[2022-05-12T15:32:57+0200] [MainThread] [E] [toil.worker] Exiting the worker because of a failed job on host mrc-tux
&lt;=========
[2022-05-12T15:32:57+0200] [MainThread] [W] [toil.job] Due to failure we are reducing the remaining try count of job 'CWLJob' iwd-container-entryname2.cwl kind-CWLJob/instance-l16hiudh v2 with ID kind-CWLJob/instance-l16hiudh to 1
[2022-05-12T15:32:57+0200] [MainThread] [I] [toil.leader] 0 jobs are running, 0 jobs are issued and waiting to run
[2022-05-12T15:32:57+0200] [MainThread] [I] [toil.leader] Issued job 'CWLJob' iwd-container-entryname2.cwl kind-CWLJob/instance-l16hiudh v3 with job batch system ID: 1 and cores: 1, disk: 3.0 Gi, and memory: 2.0 Gi
[2022-05-12T15:32:58+0200] [MainThread] [I] [toil.worker] Redirecting logging to /tmp/efa37f83d9ae5d2bb722b693a9c24fae/84bb/worker_log.txt
[2022-05-12T15:32:58+0200] [Thread-1 (daddy)] [E] [toil.batchSystems.singleMachine] Got exit code 1 (indicating failure) from job _toil_worker CWLJob file:/tmp/tmp2ie4b3uo kind-CWLJob/instance-l16hiudh.
[2022-05-12T15:32:58+0200] [MainThread] [W] [toil.leader] Job failed with exit value 1: 'CWLJob' iwd-container-entryname2.cwl kind-CWLJob/instance-l16hiudh v3
Exit reason: None
[2022-05-12T15:32:58+0200] [MainThread] [W] [toil.leader] The job seems to have left a log file, indicating failure: 'CWLJob' iwd-container-entryname2.cwl kind-CWLJob/instance-l16hiudh v5
[2022-05-12T15:32:58+0200] [MainThread] [W] [toil.leader] Log from job &quot;kind-CWLJob/instance-l16hiudh&quot; follows:
=========&gt;
	[2022-05-12T15:32:58+0200] [MainThread] [I] [toil.worker] ---TOIL WORKER OUTPUT LOG---
	[2022-05-12T15:32:58+0200] [MainThread] [I] [toil] Running Toil version 5.6.0-c34146a6437e4407a61e946e968bcce67a0ebbca on host mrc-tux.
	[2022-05-12T15:32:58+0200] [MainThread] [I] [toil.worker] Working on job 'CWLJob' iwd-container-entryname2.cwl kind-CWLJob/instance-l16hiudh v4
	[2022-05-12T15:32:58+0200] [MainThread] [I] [toil.worker] Loaded body Job('CWLJob' iwd-container-entryname2.cwl kind-CWLJob/instance-l16hiudh v4) from description 'CWLJob' iwd-container-entryname2.cwl kind-CWLJob/instance-l16hiudh v4
	Traceback (most recent call last):
	  File &quot;/home/michael/common-workflow-language/toil5.6.0/lib/python3.10/site-packages/toil/worker.py&quot;, line 405, in workerScript
	    job._runner(jobGraph=None, jobStore=jobStore, fileStore=fileStore, defer=defer)
	  File &quot;/home/michael/common-workflow-language/toil5.6.0/lib/python3.10/site-packages/toil/job.py&quot;, line 2399, in _runner
	    returnValues = self._run(jobGraph=None, fileStore=fileStore)
	  File &quot;/home/michael/common-workflow-language/toil5.6.0/lib/python3.10/site-packages/toil/job.py&quot;, line 2317, in _run
	    return self.run(fileStore)
	  File &quot;/home/michael/common-workflow-language/toil5.6.0/lib/python3.10/site-packages/toil/cwl/cwltoil.py&quot;, line 2046, in run
	    output, status = ToilSingleJobExecutor().execute(
	  File &quot;/home/michael/common-workflow-language/toil5.6.0/lib/python3.10/site-packages/cwltool/executors.py&quot;, line 143, in execute
	    self.run_jobs(process, job_order_object, logger, runtime_context)
	  File &quot;/home/michael/common-workflow-language/toil5.6.0/lib/python3.10/site-packages/toil/cwl/cwltoil.py&quot;, line 922, in run_jobs
	    return super().run_jobs(process, job_order_object, logger, runtime_context)
	  File &quot;/home/michael/common-workflow-language/toil5.6.0/lib/python3.10/site-packages/cwltool/executors.py&quot;, line 227, in run_jobs
	    for job in jobiter:
	  File &quot;/home/michael/common-workflow-language/toil5.6.0/lib/python3.10/site-packages/cwltool/command_line_tool.py&quot;, line 995, in job
	    self._initialworkdir(j, builder)
	  File &quot;/home/michael/common-workflow-language/toil5.6.0/lib/python3.10/site-packages/cwltool/command_line_tool.py&quot;, line 747, in _initialworkdir
	    raise SourceLine(
	cwltool.errors.WorkflowException: tests/iwd/iwd-container-entryname2.cwl:15:5: Name '/tmp2j3y7rpb/input/stuff.txt' at index 0 of listing is invalid, name can only start with '/' when DockerRequirement is in 'requirements'.
	[2022-05-12T15:32:58+0200] [MainThread] [E] [toil.worker] Exiting the worker because of a failed job on host mrc-tux
&lt;=========
[2022-05-12T15:32:58+0200] [MainThread] [W] [toil.job] Due to failure we are reducing the remaining try count of job 'CWLJob' iwd-container-entryname2.cwl kind-CWLJob/instance-l16hiudh v5 with ID kind-CWLJob/instance-l16hiudh to 0
[2022-05-12T15:32:58+0200] [MainThread] [W] [toil.leader] Job 'CWLJob' iwd-container-entryname2.cwl kind-CWLJob/instance-l16hiudh v6 is completely failed
[2022-05-12T15:33:01+0200] [MainThread] [I] [toil.leader] Finished toil run with 1 failed jobs.
[2022-05-12T15:33:01+0200] [MainThread] [I] [toil.leader] Failed jobs at end of the run: 'CWLJob' iwd-container-entryname2.cwl kind-CWLJob/instance-l16hiudh v6
Traceback (most recent call last):
  File &quot;/home/michael/common-workflow-language/toil5.6.0/bin/toil-cwl-runner&quot;, line 8, in &lt;module&gt;
    sys.exit(main())
  File &quot;/home/michael/common-workflow-language/toil5.6.0/lib/python3.10/site-packages/toil/cwl/cwltoil.py&quot;, line 3486, in main
    outobj = toil.start(wf1)
  File &quot;/home/michael/common-workflow-language/toil5.6.0/lib/python3.10/site-packages/toil/common.py&quot;, line 951, in start
    return self._runMainLoop(rootJobDescription)
  File &quot;/home/michael/common-workflow-language/toil5.6.0/lib/python3.10/site-packages/toil/common.py&quot;, line 1278, in _runMainLoop
    jobCache=self._jobCache).run()
  File &quot;/home/michael/common-workflow-language/toil5.6.0/lib/python3.10/site-packages/toil/leader.py&quot;, line 289, in run
    raise FailedJobsException(self.jobStore, failed_jobs, exit_code=self.recommended_fail_exit_code)
toil.leader.FailedJobsException: The job store '/tmp/tmp2ie4b3uo' contains 1 failed jobs: 'CWLJob' iwd-container-entryname2.cwl kind-CWLJob/instance-l16hiudh v6
Log from job &quot;'CWLJob' iwd-container-entryname2.cwl kind-CWLJob/instance-l16hiudh v6&quot; follows:
=========&gt;
	[2022-05-12T15:32:58+0200] [MainThread] [I] [toil.worker] ---TOIL WORKER OUTPUT LOG---
	[2022-05-12T15:32:58+0200] [MainThread] [I] [toil] Running Toil version 5.6.0-c34146a6437e4407a61e946e968bcce67a0ebbca on host mrc-tux.
	[2022-05-12T15:32:58+0200] [MainThread] [I] [toil.worker] Working on job 'CWLJob' iwd-container-entryname2.cwl kind-CWLJob/instance-l16hiudh v4
	[2022-05-12T15:32:58+0200] [MainThread] [I] [toil.worker] Loaded body Job('CWLJob' iwd-container-entryname2.cwl kind-CWLJob/instance-l16hiudh v4) from description 'CWLJob' iwd-container-entryname2.cwl kind-CWLJob/instance-l16hiudh v4
	Traceback (most recent call last):
	  File &quot;/home/michael/common-workflow-language/toil5.6.0/lib/python3.10/site-packages/toil/worker.py&quot;, line 405, in workerScript
	    job._runner(jobGraph=None, jobStore=jobStore, fileStore=fileStore, defer=defer)
	  File &quot;/home/michael/common-workflow-language/toil5.6.0/lib/python3.10/site-packages/toil/job.py&quot;, line 2399, in _runner
	    returnValues = self._run(jobGraph=None, fileStore=fileStore)
	  File &quot;/home/michael/common-workflow-language/toil5.6.0/lib/python3.10/site-packages/toil/job.py&quot;, line 2317, in _run
	    return self.run(fileStore)
	  File &quot;/home/michael/common-workflow-language/toil5.6.0/lib/python3.10/site-packages/toil/cwl/cwltoil.py&quot;, line 2046, in run
	    output, status = ToilSingleJobExecutor().execute(
	  File &quot;/home/michael/common-workflow-language/toil5.6.0/lib/python3.10/site-packages/cwltool/executors.py&quot;, line 143, in execute
	    self.run_jobs(process, job_order_object, logger, runtime_context)
	  File &quot;/home/michael/common-workflow-language/toil5.6.0/lib/python3.10/site-packages/toil/cwl/cwltoil.py&quot;, line 922, in run_jobs
	    return super().run_jobs(process, job_order_object, logger, runtime_context)
	  File &quot;/home/michael/common-workflow-language/toil5.6.0/lib/python3.10/site-packages/cwltool/executors.py&quot;, line 227, in run_jobs
	    for job in jobiter:
	  File &quot;/home/michael/common-workflow-language/toil5.6.0/lib/python3.10/site-packages/cwltool/command_line_tool.py&quot;, line 995, in job
	    self._initialworkdir(j, builder)
	  File &quot;/home/michael/common-workflow-language/toil5.6.0/lib/python3.10/site-packages/cwltool/command_line_tool.py&quot;, line 747, in _initialworkdir
	    raise SourceLine(
	cwltool.errors.WorkflowException: tests/iwd/iwd-container-entryname2.cwl:15:5: Name '/tmp2j3y7rpb/input/stuff.txt' at index 0 of listing is invalid, name can only start with '/' when DockerRequirement is in 'requirements'.
	[2022-05-12T15:32:58+0200] [MainThread] [E] [toil.worker] Exiting the worker because of a failed job on host mrc-tux
&lt;=========
</system-err>
		</testcase>
		<testcase name="Test input mount locations when container is a hint (should fail)" time="7.738589" class="initial_work_dir, command_line_tool" file="iwd-container-entryname3" url="cwltest:conformance_tests#336">
			<system-err>[2022-05-12T15:32:55+0200] [MainThread] [I] [cwltool] Resolved 'tests/iwd/iwd-container-entryname3.cwl' to 'file:///home/michael/cwl-v1.2/tests/iwd/iwd-container-entryname3.cwl'
[2022-05-12T15:32:57+0200] [MainThread] [W] [cwltool] tests/iwd/iwd-container-entryname3.cwl:15:5: When 'dockerOutputDirectory' is declared, DockerRequirement should go in the 'requirements' section, not 'hints'.
[2022-05-12T15:32:57+0200] [MainThread] [I] [toil.job] Saving graph of 1 jobs, 1 new
[2022-05-12T15:32:57+0200] [MainThread] [I] [toil.job] Processing job 'CWLJob' iwd-container-entryname3.cwl kind-CWLJob/instance-s2hne7y9 v0
[2022-05-12T15:32:57+0200] [MainThread] [I] [toil] Running Toil version 5.6.0-c34146a6437e4407a61e946e968bcce67a0ebbca on host mrc-tux.
[2022-05-12T15:32:57+0200] [MainThread] [I] [toil.leader] Issued job 'CWLJob' iwd-container-entryname3.cwl kind-CWLJob/instance-s2hne7y9 v1 with job batch system ID: 0 and cores: 1, disk: 3.0 Gi, and memory: 2.0 Gi
[2022-05-12T15:32:57+0200] [MainThread] [I] [toil.worker] Redirecting logging to /tmp/43db58fb7b9f5c818b769dc71cffe50c/de7a/worker_log.txt
[2022-05-12T15:32:57+0200] [Thread-1 (daddy)] [E] [toil.batchSystems.singleMachine] Got exit code 1 (indicating failure) from job _toil_worker CWLJob file:/tmp/tmp833zy06k kind-CWLJob/instance-s2hne7y9.
[2022-05-12T15:32:57+0200] [MainThread] [W] [toil.leader] Job failed with exit value 1: 'CWLJob' iwd-container-entryname3.cwl kind-CWLJob/instance-s2hne7y9 v1
Exit reason: None
[2022-05-12T15:32:57+0200] [MainThread] [W] [toil.leader] The job seems to have left a log file, indicating failure: 'CWLJob' iwd-container-entryname3.cwl kind-CWLJob/instance-s2hne7y9 v2
[2022-05-12T15:32:57+0200] [MainThread] [W] [toil.leader] Log from job &quot;kind-CWLJob/instance-s2hne7y9&quot; follows:
=========&gt;
	[2022-05-12T15:32:57+0200] [MainThread] [I] [toil.worker] ---TOIL WORKER OUTPUT LOG---
	[2022-05-12T15:32:57+0200] [MainThread] [I] [toil] Running Toil version 5.6.0-c34146a6437e4407a61e946e968bcce67a0ebbca on host mrc-tux.
	[2022-05-12T15:32:57+0200] [MainThread] [I] [toil.worker] Working on job 'CWLJob' iwd-container-entryname3.cwl kind-CWLJob/instance-s2hne7y9 v1
	[2022-05-12T15:32:57+0200] [MainThread] [I] [toil.worker] Loaded body Job('CWLJob' iwd-container-entryname3.cwl kind-CWLJob/instance-s2hne7y9 v1) from description 'CWLJob' iwd-container-entryname3.cwl kind-CWLJob/instance-s2hne7y9 v1
	Traceback (most recent call last):
	  File &quot;/home/michael/common-workflow-language/toil5.6.0/lib/python3.10/site-packages/toil/worker.py&quot;, line 405, in workerScript
	    job._runner(jobGraph=None, jobStore=jobStore, fileStore=fileStore, defer=defer)
	  File &quot;/home/michael/common-workflow-language/toil5.6.0/lib/python3.10/site-packages/toil/job.py&quot;, line 2399, in _runner
	    returnValues = self._run(jobGraph=None, fileStore=fileStore)
	  File &quot;/home/michael/common-workflow-language/toil5.6.0/lib/python3.10/site-packages/toil/job.py&quot;, line 2317, in _run
	    return self.run(fileStore)
	  File &quot;/home/michael/common-workflow-language/toil5.6.0/lib/python3.10/site-packages/toil/cwl/cwltoil.py&quot;, line 2046, in run
	    output, status = ToilSingleJobExecutor().execute(
	  File &quot;/home/michael/common-workflow-language/toil5.6.0/lib/python3.10/site-packages/cwltool/executors.py&quot;, line 143, in execute
	    self.run_jobs(process, job_order_object, logger, runtime_context)
	  File &quot;/home/michael/common-workflow-language/toil5.6.0/lib/python3.10/site-packages/toil/cwl/cwltoil.py&quot;, line 922, in run_jobs
	    return super().run_jobs(process, job_order_object, logger, runtime_context)
	  File &quot;/home/michael/common-workflow-language/toil5.6.0/lib/python3.10/site-packages/cwltool/executors.py&quot;, line 227, in run_jobs
	    for job in jobiter:
	  File &quot;/home/michael/common-workflow-language/toil5.6.0/lib/python3.10/site-packages/cwltool/command_line_tool.py&quot;, line 995, in job
	    self._initialworkdir(j, builder)
	  File &quot;/home/michael/common-workflow-language/toil5.6.0/lib/python3.10/site-packages/cwltool/command_line_tool.py&quot;, line 747, in _initialworkdir
	    raise SourceLine(
	cwltool.errors.WorkflowException: tests/iwd/iwd-container-entryname3.cwl:19:5: Name '/tmp2j3y7rpb/input/stuff.txt' at index 0 of listing is invalid, name can only start with '/' when DockerRequirement is in 'requirements'.
	[2022-05-12T15:32:57+0200] [MainThread] [E] [toil.worker] Exiting the worker because of a failed job on host mrc-tux
&lt;=========
[2022-05-12T15:32:57+0200] [MainThread] [W] [toil.job] Due to failure we are reducing the remaining try count of job 'CWLJob' iwd-container-entryname3.cwl kind-CWLJob/instance-s2hne7y9 v2 with ID kind-CWLJob/instance-s2hne7y9 to 1
[2022-05-12T15:32:57+0200] [MainThread] [I] [toil.leader] 0 jobs are running, 0 jobs are issued and waiting to run
[2022-05-12T15:32:57+0200] [MainThread] [I] [toil.leader] Issued job 'CWLJob' iwd-container-entryname3.cwl kind-CWLJob/instance-s2hne7y9 v3 with job batch system ID: 1 and cores: 1, disk: 3.0 Gi, and memory: 2.0 Gi
[2022-05-12T15:32:58+0200] [MainThread] [I] [toil.worker] Redirecting logging to /tmp/43db58fb7b9f5c818b769dc71cffe50c/9e8e/worker_log.txt
[2022-05-12T15:32:58+0200] [Thread-1 (daddy)] [E] [toil.batchSystems.singleMachine] Got exit code 1 (indicating failure) from job _toil_worker CWLJob file:/tmp/tmp833zy06k kind-CWLJob/instance-s2hne7y9.
[2022-05-12T15:32:58+0200] [MainThread] [W] [toil.leader] Job failed with exit value 1: 'CWLJob' iwd-container-entryname3.cwl kind-CWLJob/instance-s2hne7y9 v3
Exit reason: None
[2022-05-12T15:32:58+0200] [MainThread] [W] [toil.leader] The job seems to have left a log file, indicating failure: 'CWLJob' iwd-container-entryname3.cwl kind-CWLJob/instance-s2hne7y9 v5
[2022-05-12T15:32:58+0200] [MainThread] [W] [toil.leader] Log from job &quot;kind-CWLJob/instance-s2hne7y9&quot; follows:
=========&gt;
	[2022-05-12T15:32:58+0200] [MainThread] [I] [toil.worker] ---TOIL WORKER OUTPUT LOG---
	[2022-05-12T15:32:58+0200] [MainThread] [I] [toil] Running Toil version 5.6.0-c34146a6437e4407a61e946e968bcce67a0ebbca on host mrc-tux.
	[2022-05-12T15:32:58+0200] [MainThread] [I] [toil.worker] Working on job 'CWLJob' iwd-container-entryname3.cwl kind-CWLJob/instance-s2hne7y9 v4
	[2022-05-12T15:32:58+0200] [MainThread] [I] [toil.worker] Loaded body Job('CWLJob' iwd-container-entryname3.cwl kind-CWLJob/instance-s2hne7y9 v4) from description 'CWLJob' iwd-container-entryname3.cwl kind-CWLJob/instance-s2hne7y9 v4
	Traceback (most recent call last):
	  File &quot;/home/michael/common-workflow-language/toil5.6.0/lib/python3.10/site-packages/toil/worker.py&quot;, line 405, in workerScript
	    job._runner(jobGraph=None, jobStore=jobStore, fileStore=fileStore, defer=defer)
	  File &quot;/home/michael/common-workflow-language/toil5.6.0/lib/python3.10/site-packages/toil/job.py&quot;, line 2399, in _runner
	    returnValues = self._run(jobGraph=None, fileStore=fileStore)
	  File &quot;/home/michael/common-workflow-language/toil5.6.0/lib/python3.10/site-packages/toil/job.py&quot;, line 2317, in _run
	    return self.run(fileStore)
	  File &quot;/home/michael/common-workflow-language/toil5.6.0/lib/python3.10/site-packages/toil/cwl/cwltoil.py&quot;, line 2046, in run
	    output, status = ToilSingleJobExecutor().execute(
	  File &quot;/home/michael/common-workflow-language/toil5.6.0/lib/python3.10/site-packages/cwltool/executors.py&quot;, line 143, in execute
	    self.run_jobs(process, job_order_object, logger, runtime_context)
	  File &quot;/home/michael/common-workflow-language/toil5.6.0/lib/python3.10/site-packages/toil/cwl/cwltoil.py&quot;, line 922, in run_jobs
	    return super().run_jobs(process, job_order_object, logger, runtime_context)
	  File &quot;/home/michael/common-workflow-language/toil5.6.0/lib/python3.10/site-packages/cwltool/executors.py&quot;, line 227, in run_jobs
	    for job in jobiter:
	  File &quot;/home/michael/common-workflow-language/toil5.6.0/lib/python3.10/site-packages/cwltool/command_line_tool.py&quot;, line 995, in job
	    self._initialworkdir(j, builder)
	  File &quot;/home/michael/common-workflow-language/toil5.6.0/lib/python3.10/site-packages/cwltool/command_line_tool.py&quot;, line 747, in _initialworkdir
	    raise SourceLine(
	cwltool.errors.WorkflowException: tests/iwd/iwd-container-entryname3.cwl:19:5: Name '/tmp2j3y7rpb/input/stuff.txt' at index 0 of listing is invalid, name can only start with '/' when DockerRequirement is in 'requirements'.
	[2022-05-12T15:32:58+0200] [MainThread] [E] [toil.worker] Exiting the worker because of a failed job on host mrc-tux
&lt;=========
[2022-05-12T15:32:58+0200] [MainThread] [W] [toil.job] Due to failure we are reducing the remaining try count of job 'CWLJob' iwd-container-entryname3.cwl kind-CWLJob/instance-s2hne7y9 v5 with ID kind-CWLJob/instance-s2hne7y9 to 0
[2022-05-12T15:32:58+0200] [MainThread] [W] [toil.leader] Job 'CWLJob' iwd-container-entryname3.cwl kind-CWLJob/instance-s2hne7y9 v6 is completely failed
[2022-05-12T15:33:02+0200] [MainThread] [I] [toil.leader] Finished toil run with 1 failed jobs.
[2022-05-12T15:33:02+0200] [MainThread] [I] [toil.leader] Failed jobs at end of the run: 'CWLJob' iwd-container-entryname3.cwl kind-CWLJob/instance-s2hne7y9 v6
Traceback (most recent call last):
  File &quot;/home/michael/common-workflow-language/toil5.6.0/bin/toil-cwl-runner&quot;, line 8, in &lt;module&gt;
    sys.exit(main())
  File &quot;/home/michael/common-workflow-language/toil5.6.0/lib/python3.10/site-packages/toil/cwl/cwltoil.py&quot;, line 3486, in main
    outobj = toil.start(wf1)
  File &quot;/home/michael/common-workflow-language/toil5.6.0/lib/python3.10/site-packages/toil/common.py&quot;, line 951, in start
    return self._runMainLoop(rootJobDescription)
  File &quot;/home/michael/common-workflow-language/toil5.6.0/lib/python3.10/site-packages/toil/common.py&quot;, line 1278, in _runMainLoop
    jobCache=self._jobCache).run()
  File &quot;/home/michael/common-workflow-language/toil5.6.0/lib/python3.10/site-packages/toil/leader.py&quot;, line 289, in run
    raise FailedJobsException(self.jobStore, failed_jobs, exit_code=self.recommended_fail_exit_code)
toil.leader.FailedJobsException: The job store '/tmp/tmp833zy06k' contains 1 failed jobs: 'CWLJob' iwd-container-entryname3.cwl kind-CWLJob/instance-s2hne7y9 v6
Log from job &quot;'CWLJob' iwd-container-entryname3.cwl kind-CWLJob/instance-s2hne7y9 v6&quot; follows:
=========&gt;
	[2022-05-12T15:32:58+0200] [MainThread] [I] [toil.worker] ---TOIL WORKER OUTPUT LOG---
	[2022-05-12T15:32:58+0200] [MainThread] [I] [toil] Running Toil version 5.6.0-c34146a6437e4407a61e946e968bcce67a0ebbca on host mrc-tux.
	[2022-05-12T15:32:58+0200] [MainThread] [I] [toil.worker] Working on job 'CWLJob' iwd-container-entryname3.cwl kind-CWLJob/instance-s2hne7y9 v4
	[2022-05-12T15:32:58+0200] [MainThread] [I] [toil.worker] Loaded body Job('CWLJob' iwd-container-entryname3.cwl kind-CWLJob/instance-s2hne7y9 v4) from description 'CWLJob' iwd-container-entryname3.cwl kind-CWLJob/instance-s2hne7y9 v4
	Traceback (most recent call last):
	  File &quot;/home/michael/common-workflow-language/toil5.6.0/lib/python3.10/site-packages/toil/worker.py&quot;, line 405, in workerScript
	    job._runner(jobGraph=None, jobStore=jobStore, fileStore=fileStore, defer=defer)
	  File &quot;/home/michael/common-workflow-language/toil5.6.0/lib/python3.10/site-packages/toil/job.py&quot;, line 2399, in _runner
	    returnValues = self._run(jobGraph=None, fileStore=fileStore)
	  File &quot;/home/michael/common-workflow-language/toil5.6.0/lib/python3.10/site-packages/toil/job.py&quot;, line 2317, in _run
	    return self.run(fileStore)
	  File &quot;/home/michael/common-workflow-language/toil5.6.0/lib/python3.10/site-packages/toil/cwl/cwltoil.py&quot;, line 2046, in run
	    output, status = ToilSingleJobExecutor().execute(
	  File &quot;/home/michael/common-workflow-language/toil5.6.0/lib/python3.10/site-packages/cwltool/executors.py&quot;, line 143, in execute
	    self.run_jobs(process, job_order_object, logger, runtime_context)
	  File &quot;/home/michael/common-workflow-language/toil5.6.0/lib/python3.10/site-packages/toil/cwl/cwltoil.py&quot;, line 922, in run_jobs
	    return super().run_jobs(process, job_order_object, logger, runtime_context)
	  File &quot;/home/michael/common-workflow-language/toil5.6.0/lib/python3.10/site-packages/cwltool/executors.py&quot;, line 227, in run_jobs
	    for job in jobiter:
	  File &quot;/home/michael/common-workflow-language/toil5.6.0/lib/python3.10/site-packages/cwltool/command_line_tool.py&quot;, line 995, in job
	    self._initialworkdir(j, builder)
	  File &quot;/home/michael/common-workflow-language/toil5.6.0/lib/python3.10/site-packages/cwltool/command_line_tool.py&quot;, line 747, in _initialworkdir
	    raise SourceLine(
	cwltool.errors.WorkflowException: tests/iwd/iwd-container-entryname3.cwl:19:5: Name '/tmp2j3y7rpb/input/stuff.txt' at index 0 of listing is invalid, name can only start with '/' when DockerRequirement is in 'requirements'.
	[2022-05-12T15:32:58+0200] [MainThread] [E] [toil.worker] Exiting the worker because of a failed job on host mrc-tux
&lt;=========
</system-err>
		</testcase>
		<testcase name="Must fail if entryname starts with ../" time="7.658464" class="initial_work_dir, command_line_tool" file="iwd-container-entryname4" url="cwltest:conformance_tests#337">
			<system-err>[2022-05-12T15:32:57+0200] [MainThread] [I] [cwltool] Resolved 'tests/iwd/iwd-container-entryname4.cwl' to 'file:///home/michael/cwl-v1.2/tests/iwd/iwd-container-entryname4.cwl'
[2022-05-12T15:32:58+0200] [MainThread] [I] [toil.job] Saving graph of 1 jobs, 1 new
[2022-05-12T15:32:58+0200] [MainThread] [I] [toil.job] Processing job 'CWLJob' iwd-container-entryname4.cwl kind-CWLJob/instance-yuaq3_6i v0
[2022-05-12T15:32:58+0200] [MainThread] [I] [toil] Running Toil version 5.6.0-c34146a6437e4407a61e946e968bcce67a0ebbca on host mrc-tux.
[2022-05-12T15:32:59+0200] [MainThread] [I] [toil.leader] Issued job 'CWLJob' iwd-container-entryname4.cwl kind-CWLJob/instance-yuaq3_6i v1 with job batch system ID: 0 and cores: 1, disk: 3.0 Gi, and memory: 2.0 Gi
[2022-05-12T15:32:59+0200] [MainThread] [I] [toil.worker] Redirecting logging to /tmp/c7d16c0f10f9591bb3cd859af5fb3b55/80d3/worker_log.txt
[2022-05-12T15:32:59+0200] [Thread-1 (daddy)] [E] [toil.batchSystems.singleMachine] Got exit code 1 (indicating failure) from job _toil_worker CWLJob file:/tmp/tmp3l470flm kind-CWLJob/instance-yuaq3_6i.
[2022-05-12T15:32:59+0200] [MainThread] [W] [toil.leader] Job failed with exit value 1: 'CWLJob' iwd-container-entryname4.cwl kind-CWLJob/instance-yuaq3_6i v1
Exit reason: None
[2022-05-12T15:32:59+0200] [MainThread] [W] [toil.leader] The job seems to have left a log file, indicating failure: 'CWLJob' iwd-container-entryname4.cwl kind-CWLJob/instance-yuaq3_6i v2
[2022-05-12T15:32:59+0200] [MainThread] [W] [toil.leader] Log from job &quot;kind-CWLJob/instance-yuaq3_6i&quot; follows:
=========&gt;
	[2022-05-12T15:32:59+0200] [MainThread] [I] [toil.worker] ---TOIL WORKER OUTPUT LOG---
	[2022-05-12T15:32:59+0200] [MainThread] [I] [toil] Running Toil version 5.6.0-c34146a6437e4407a61e946e968bcce67a0ebbca on host mrc-tux.
	[2022-05-12T15:32:59+0200] [MainThread] [I] [toil.worker] Working on job 'CWLJob' iwd-container-entryname4.cwl kind-CWLJob/instance-yuaq3_6i v1
	[2022-05-12T15:32:59+0200] [MainThread] [I] [toil.worker] Loaded body Job('CWLJob' iwd-container-entryname4.cwl kind-CWLJob/instance-yuaq3_6i v1) from description 'CWLJob' iwd-container-entryname4.cwl kind-CWLJob/instance-yuaq3_6i v1
	Traceback (most recent call last):
	  File &quot;/home/michael/common-workflow-language/toil5.6.0/lib/python3.10/site-packages/toil/worker.py&quot;, line 405, in workerScript
	    job._runner(jobGraph=None, jobStore=jobStore, fileStore=fileStore, defer=defer)
	  File &quot;/home/michael/common-workflow-language/toil5.6.0/lib/python3.10/site-packages/toil/job.py&quot;, line 2399, in _runner
	    returnValues = self._run(jobGraph=None, fileStore=fileStore)
	  File &quot;/home/michael/common-workflow-language/toil5.6.0/lib/python3.10/site-packages/toil/job.py&quot;, line 2317, in _run
	    return self.run(fileStore)
	  File &quot;/home/michael/common-workflow-language/toil5.6.0/lib/python3.10/site-packages/toil/cwl/cwltoil.py&quot;, line 2046, in run
	    output, status = ToilSingleJobExecutor().execute(
	  File &quot;/home/michael/common-workflow-language/toil5.6.0/lib/python3.10/site-packages/cwltool/executors.py&quot;, line 143, in execute
	    self.run_jobs(process, job_order_object, logger, runtime_context)
	  File &quot;/home/michael/common-workflow-language/toil5.6.0/lib/python3.10/site-packages/toil/cwl/cwltoil.py&quot;, line 922, in run_jobs
	    return super().run_jobs(process, job_order_object, logger, runtime_context)
	  File &quot;/home/michael/common-workflow-language/toil5.6.0/lib/python3.10/site-packages/cwltool/executors.py&quot;, line 227, in run_jobs
	    for job in jobiter:
	  File &quot;/home/michael/common-workflow-language/toil5.6.0/lib/python3.10/site-packages/cwltool/command_line_tool.py&quot;, line 995, in job
	    self._initialworkdir(j, builder)
	  File &quot;/home/michael/common-workflow-language/toil5.6.0/lib/python3.10/site-packages/cwltool/command_line_tool.py&quot;, line 724, in _initialworkdir
	    raise SourceLine(
	cwltool.errors.WorkflowException: tests/iwd/iwd-container-entryname4.cwl:14:5: Name '../input/stuff.txt' at index 0 of listing is invalid, cannot start with '../'
	[2022-05-12T15:32:59+0200] [MainThread] [E] [toil.worker] Exiting the worker because of a failed job on host mrc-tux
&lt;=========
[2022-05-12T15:32:59+0200] [MainThread] [W] [toil.job] Due to failure we are reducing the remaining try count of job 'CWLJob' iwd-container-entryname4.cwl kind-CWLJob/instance-yuaq3_6i v2 with ID kind-CWLJob/instance-yuaq3_6i to 1
[2022-05-12T15:32:59+0200] [MainThread] [I] [toil.leader] 0 jobs are running, 0 jobs are issued and waiting to run
[2022-05-12T15:32:59+0200] [MainThread] [I] [toil.leader] Issued job 'CWLJob' iwd-container-entryname4.cwl kind-CWLJob/instance-yuaq3_6i v3 with job batch system ID: 1 and cores: 1, disk: 3.0 Gi, and memory: 2.0 Gi
[2022-05-12T15:33:00+0200] [MainThread] [I] [toil.worker] Redirecting logging to /tmp/c7d16c0f10f9591bb3cd859af5fb3b55/cb13/worker_log.txt
[2022-05-12T15:33:00+0200] [Thread-1 (daddy)] [E] [toil.batchSystems.singleMachine] Got exit code 1 (indicating failure) from job _toil_worker CWLJob file:/tmp/tmp3l470flm kind-CWLJob/instance-yuaq3_6i.
[2022-05-12T15:33:00+0200] [MainThread] [W] [toil.leader] Job failed with exit value 1: 'CWLJob' iwd-container-entryname4.cwl kind-CWLJob/instance-yuaq3_6i v3
Exit reason: None
[2022-05-12T15:33:00+0200] [MainThread] [W] [toil.leader] The job seems to have left a log file, indicating failure: 'CWLJob' iwd-container-entryname4.cwl kind-CWLJob/instance-yuaq3_6i v5
[2022-05-12T15:33:00+0200] [MainThread] [W] [toil.leader] Log from job &quot;kind-CWLJob/instance-yuaq3_6i&quot; follows:
=========&gt;
	[2022-05-12T15:33:00+0200] [MainThread] [I] [toil.worker] ---TOIL WORKER OUTPUT LOG---
	[2022-05-12T15:33:00+0200] [MainThread] [I] [toil] Running Toil version 5.6.0-c34146a6437e4407a61e946e968bcce67a0ebbca on host mrc-tux.
	[2022-05-12T15:33:00+0200] [MainThread] [I] [toil.worker] Working on job 'CWLJob' iwd-container-entryname4.cwl kind-CWLJob/instance-yuaq3_6i v4
	[2022-05-12T15:33:00+0200] [MainThread] [I] [toil.worker] Loaded body Job('CWLJob' iwd-container-entryname4.cwl kind-CWLJob/instance-yuaq3_6i v4) from description 'CWLJob' iwd-container-entryname4.cwl kind-CWLJob/instance-yuaq3_6i v4
	Traceback (most recent call last):
	  File &quot;/home/michael/common-workflow-language/toil5.6.0/lib/python3.10/site-packages/toil/worker.py&quot;, line 405, in workerScript
	    job._runner(jobGraph=None, jobStore=jobStore, fileStore=fileStore, defer=defer)
	  File &quot;/home/michael/common-workflow-language/toil5.6.0/lib/python3.10/site-packages/toil/job.py&quot;, line 2399, in _runner
	    returnValues = self._run(jobGraph=None, fileStore=fileStore)
	  File &quot;/home/michael/common-workflow-language/toil5.6.0/lib/python3.10/site-packages/toil/job.py&quot;, line 2317, in _run
	    return self.run(fileStore)
	  File &quot;/home/michael/common-workflow-language/toil5.6.0/lib/python3.10/site-packages/toil/cwl/cwltoil.py&quot;, line 2046, in run
	    output, status = ToilSingleJobExecutor().execute(
	  File &quot;/home/michael/common-workflow-language/toil5.6.0/lib/python3.10/site-packages/cwltool/executors.py&quot;, line 143, in execute
	    self.run_jobs(process, job_order_object, logger, runtime_context)
	  File &quot;/home/michael/common-workflow-language/toil5.6.0/lib/python3.10/site-packages/toil/cwl/cwltoil.py&quot;, line 922, in run_jobs
	    return super().run_jobs(process, job_order_object, logger, runtime_context)
	  File &quot;/home/michael/common-workflow-language/toil5.6.0/lib/python3.10/site-packages/cwltool/executors.py&quot;, line 227, in run_jobs
	    for job in jobiter:
	  File &quot;/home/michael/common-workflow-language/toil5.6.0/lib/python3.10/site-packages/cwltool/command_line_tool.py&quot;, line 995, in job
	    self._initialworkdir(j, builder)
	  File &quot;/home/michael/common-workflow-language/toil5.6.0/lib/python3.10/site-packages/cwltool/command_line_tool.py&quot;, line 724, in _initialworkdir
	    raise SourceLine(
	cwltool.errors.WorkflowException: tests/iwd/iwd-container-entryname4.cwl:14:5: Name '../input/stuff.txt' at index 0 of listing is invalid, cannot start with '../'
	[2022-05-12T15:33:00+0200] [MainThread] [E] [toil.worker] Exiting the worker because of a failed job on host mrc-tux
&lt;=========
[2022-05-12T15:33:00+0200] [MainThread] [W] [toil.job] Due to failure we are reducing the remaining try count of job 'CWLJob' iwd-container-entryname4.cwl kind-CWLJob/instance-yuaq3_6i v5 with ID kind-CWLJob/instance-yuaq3_6i to 0
[2022-05-12T15:33:00+0200] [MainThread] [W] [toil.leader] Job 'CWLJob' iwd-container-entryname4.cwl kind-CWLJob/instance-yuaq3_6i v6 is completely failed
[2022-05-12T15:33:04+0200] [MainThread] [I] [toil.leader] Finished toil run with 1 failed jobs.
[2022-05-12T15:33:04+0200] [MainThread] [I] [toil.leader] Failed jobs at end of the run: 'CWLJob' iwd-container-entryname4.cwl kind-CWLJob/instance-yuaq3_6i v6
Traceback (most recent call last):
  File &quot;/home/michael/common-workflow-language/toil5.6.0/bin/toil-cwl-runner&quot;, line 8, in &lt;module&gt;
    sys.exit(main())
  File &quot;/home/michael/common-workflow-language/toil5.6.0/lib/python3.10/site-packages/toil/cwl/cwltoil.py&quot;, line 3486, in main
    outobj = toil.start(wf1)
  File &quot;/home/michael/common-workflow-language/toil5.6.0/lib/python3.10/site-packages/toil/common.py&quot;, line 951, in start
    return self._runMainLoop(rootJobDescription)
  File &quot;/home/michael/common-workflow-language/toil5.6.0/lib/python3.10/site-packages/toil/common.py&quot;, line 1278, in _runMainLoop
    jobCache=self._jobCache).run()
  File &quot;/home/michael/common-workflow-language/toil5.6.0/lib/python3.10/site-packages/toil/leader.py&quot;, line 289, in run
    raise FailedJobsException(self.jobStore, failed_jobs, exit_code=self.recommended_fail_exit_code)
toil.leader.FailedJobsException: The job store '/tmp/tmp3l470flm' contains 1 failed jobs: 'CWLJob' iwd-container-entryname4.cwl kind-CWLJob/instance-yuaq3_6i v6
Log from job &quot;'CWLJob' iwd-container-entryname4.cwl kind-CWLJob/instance-yuaq3_6i v6&quot; follows:
=========&gt;
	[2022-05-12T15:33:00+0200] [MainThread] [I] [toil.worker] ---TOIL WORKER OUTPUT LOG---
	[2022-05-12T15:33:00+0200] [MainThread] [I] [toil] Running Toil version 5.6.0-c34146a6437e4407a61e946e968bcce67a0ebbca on host mrc-tux.
	[2022-05-12T15:33:00+0200] [MainThread] [I] [toil.worker] Working on job 'CWLJob' iwd-container-entryname4.cwl kind-CWLJob/instance-yuaq3_6i v4
	[2022-05-12T15:33:00+0200] [MainThread] [I] [toil.worker] Loaded body Job('CWLJob' iwd-container-entryname4.cwl kind-CWLJob/instance-yuaq3_6i v4) from description 'CWLJob' iwd-container-entryname4.cwl kind-CWLJob/instance-yuaq3_6i v4
	Traceback (most recent call last):
	  File &quot;/home/michael/common-workflow-language/toil5.6.0/lib/python3.10/site-packages/toil/worker.py&quot;, line 405, in workerScript
	    job._runner(jobGraph=None, jobStore=jobStore, fileStore=fileStore, defer=defer)
	  File &quot;/home/michael/common-workflow-language/toil5.6.0/lib/python3.10/site-packages/toil/job.py&quot;, line 2399, in _runner
	    returnValues = self._run(jobGraph=None, fileStore=fileStore)
	  File &quot;/home/michael/common-workflow-language/toil5.6.0/lib/python3.10/site-packages/toil/job.py&quot;, line 2317, in _run
	    return self.run(fileStore)
	  File &quot;/home/michael/common-workflow-language/toil5.6.0/lib/python3.10/site-packages/toil/cwl/cwltoil.py&quot;, line 2046, in run
	    output, status = ToilSingleJobExecutor().execute(
	  File &quot;/home/michael/common-workflow-language/toil5.6.0/lib/python3.10/site-packages/cwltool/executors.py&quot;, line 143, in execute
	    self.run_jobs(process, job_order_object, logger, runtime_context)
	  File &quot;/home/michael/common-workflow-language/toil5.6.0/lib/python3.10/site-packages/toil/cwl/cwltoil.py&quot;, line 922, in run_jobs
	    return super().run_jobs(process, job_order_object, logger, runtime_context)
	  File &quot;/home/michael/common-workflow-language/toil5.6.0/lib/python3.10/site-packages/cwltool/executors.py&quot;, line 227, in run_jobs
	    for job in jobiter:
	  File &quot;/home/michael/common-workflow-language/toil5.6.0/lib/python3.10/site-packages/cwltool/command_line_tool.py&quot;, line 995, in job
	    self._initialworkdir(j, builder)
	  File &quot;/home/michael/common-workflow-language/toil5.6.0/lib/python3.10/site-packages/cwltool/command_line_tool.py&quot;, line 724, in _initialworkdir
	    raise SourceLine(
	cwltool.errors.WorkflowException: tests/iwd/iwd-container-entryname4.cwl:14:5: Name '../input/stuff.txt' at index 0 of listing is invalid, cannot start with '../'
	[2022-05-12T15:33:00+0200] [MainThread] [E] [toil.worker] Exiting the worker because of a failed job on host mrc-tux
&lt;=========
</system-err>
		</testcase>
		<testcase name="Test directory literal containing a real file" time="5.330237" class="initial_work_dir, command_line_tool" file="iwdr_dir_literal_real_file" url="cwltest:conformance_tests#338">
			<system-out>{
    &quot;same&quot;: {
        &quot;location&quot;: &quot;file:///tmp/tmplk0ani0n/inp-filelist.txt&quot;,
        &quot;basename&quot;: &quot;inp-filelist.txt&quot;,
        &quot;nameroot&quot;: &quot;inp-filelist&quot;,
        &quot;nameext&quot;: &quot;.txt&quot;,
        &quot;class&quot;: &quot;File&quot;,
        &quot;checksum&quot;: &quot;sha1$57f77b36009332d236b52b4beca77301b503b27c&quot;,
        &quot;size&quot;: 268866
    }
}</system-out>
			<system-err>[2022-05-12T15:33:02+0200] [MainThread] [I] [cwltool] Resolved 'tests/iwd/iwdr_dir_literal_real_file.cwl' to 'file:///home/michael/cwl-v1.2/tests/iwd/iwdr_dir_literal_real_file.cwl'
[2022-05-12T15:33:04+0200] [MainThread] [I] [toil.job] Saving graph of 1 jobs, 1 new
[2022-05-12T15:33:04+0200] [MainThread] [I] [toil.job] Processing job 'CWLJob' iwdr_dir_literal_real_file.cwl kind-CWLJob/instance-da9istcv v0
[2022-05-12T15:33:04+0200] [MainThread] [I] [toil] Running Toil version 5.6.0-c34146a6437e4407a61e946e968bcce67a0ebbca on host mrc-tux.
[2022-05-12T15:33:04+0200] [MainThread] [I] [toil.leader] Issued job 'CWLJob' iwdr_dir_literal_real_file.cwl kind-CWLJob/instance-da9istcv v1 with job batch system ID: 0 and cores: 1, disk: 3.0 Gi, and memory: 2.0 Gi
[2022-05-12T15:33:04+0200] [MainThread] [I] [toil.worker] Redirecting logging to /tmp/565d30c8c0f550299b2ac77a5684a486/4017/worker_log.txt
[2022-05-12T15:33:05+0200] [MainThread] [I] [toil.leader] 0 jobs are running, 0 jobs are issued and waiting to run
[2022-05-12T15:33:07+0200] [MainThread] [I] [toil.leader] Finished toil run successfully.
[2022-05-12T15:33:07+0200] [MainThread] [I] [toil.common] Successfully deleted the job store: FileJobStore(/tmp/tmpww3ul9tq)
</system-err>
		</testcase>
	</testsuite>
</testsuites>
