<?xml version="1.0" ?>
<testsuites disabled="0" errors="0" failures="0" tests="197" time="1360.700281381607">
	<testsuite disabled="0" errors="0" failures="0" name="conformance_test_v1.0" skipped="0" tests="197" time="1360.700281381607">
		<testcase name="General test of command line generation" time="4.667206" class="required, command_line_tool" file="cl_basic_generation" url="cwltest:conformance_test_v1.0#1">
			<system-out>{
    &quot;args&quot;: [
        &quot;bwa&quot;,
        &quot;mem&quot;,
        &quot;-t&quot;,
        &quot;2&quot;,
        &quot;-I&quot;,
        &quot;1,2,3,4&quot;,
        &quot;-m&quot;,
        &quot;3&quot;,
        &quot;chr20.fa&quot;,
        &quot;example_human_Illumina.pe_1.fastq&quot;,
        &quot;example_human_Illumina.pe_2.fastq&quot;
    ]
}</system-out>
			<system-err>[2022-05-12T14:51:20+0200] [MainThread] [I] [cwltool] Resolved 'v1.0/bwa-mem-tool.cwl' to 'file:///home/michael/common-workflow-language/v1.0/v1.0/bwa-mem-tool.cwl'
[2022-05-12T14:51:21+0200] [MainThread] [I] [toil.job] Saving graph of 1 jobs, 1 new
[2022-05-12T14:51:21+0200] [MainThread] [I] [toil.job] Processing job 'CWLJob' bwa-mem-tool.cwl kind-CWLJob/instance-l1n16rjw v0
[2022-05-12T14:51:21+0200] [MainThread] [I] [toil] Running Toil version 5.6.0-c34146a6437e4407a61e946e968bcce67a0ebbca on host mrc-tux.
[2022-05-12T14:51:21+0200] [MainThread] [I] [toil.leader] Issued job 'CWLJob' bwa-mem-tool.cwl kind-CWLJob/instance-l1n16rjw v1 with job batch system ID: 0 and cores: 2, disk: 2.0 Gi, and memory: 8.0 Mi
[2022-05-12T14:51:21+0200] [MainThread] [I] [toil.worker] Redirecting logging to /tmp/d649c9e0e3e45b6a85711249da235e5b/2a4e/worker_log.txt
[2022-05-12T14:51:22+0200] [MainThread] [I] [toil.leader] 0 jobs are running, 0 jobs are issued and waiting to run
[2022-05-12T14:51:24+0200] [MainThread] [I] [toil.leader] Finished toil run successfully.
[2022-05-12T14:51:24+0200] [MainThread] [I] [toil.common] Successfully deleted the job store: FileJobStore(/tmp/tmpzdqg1t9h)
</system-err>
		</testcase>
		<testcase name="Test nested prefixes with arrays" time="4.667848" class="required, command_line_tool" file="nested_prefixes_arrays" url="cwltest:conformance_test_v1.0#2">
			<system-out>{
    &quot;args&quot;: [
        &quot;bwa&quot;,
        &quot;mem&quot;,
        &quot;chr20.fa&quot;,
        &quot;-XXX&quot;,
        &quot;-YYY&quot;,
        &quot;example_human_Illumina.pe_1.fastq&quot;,
        &quot;-YYY&quot;,
        &quot;example_human_Illumina.pe_2.fastq&quot;
    ]
}</system-out>
			<system-err>[2022-05-12T14:51:20+0200] [MainThread] [I] [cwltool] Resolved 'v1.0/binding-test.cwl' to 'file:///home/michael/common-workflow-language/v1.0/v1.0/binding-test.cwl'
[2022-05-12T14:51:21+0200] [MainThread] [I] [toil.job] Saving graph of 1 jobs, 1 new
[2022-05-12T14:51:21+0200] [MainThread] [I] [toil.job] Processing job 'CWLJob' binding-test.cwl kind-CWLJob/instance-_dd_pgip v0
[2022-05-12T14:51:21+0200] [MainThread] [I] [toil] Running Toil version 5.6.0-c34146a6437e4407a61e946e968bcce67a0ebbca on host mrc-tux.
[2022-05-12T14:51:21+0200] [MainThread] [I] [toil.leader] Issued job 'CWLJob' binding-test.cwl kind-CWLJob/instance-_dd_pgip v1 with job batch system ID: 0 and cores: 1, disk: 2.0 Gi, and memory: 8.0 Mi
[2022-05-12T14:51:21+0200] [MainThread] [I] [toil.worker] Redirecting logging to /tmp/638df26a2e6b5d5eaaf403cd80bb00b3/279b/worker_log.txt
[2022-05-12T14:51:22+0200] [MainThread] [I] [toil.leader] 0 jobs are running, 0 jobs are issued and waiting to run
[2022-05-12T14:51:24+0200] [MainThread] [I] [toil.leader] Finished toil run successfully.
[2022-05-12T14:51:24+0200] [MainThread] [I] [toil.common] Successfully deleted the job store: FileJobStore(/tmp/tmpdvryx3ro)
</system-err>
		</testcase>
		<testcase name="Test nested command line bindings" time="4.855863" class="schema_def, command_line_tool" file="nested_cl_bindings" url="cwltest:conformance_test_v1.0#3">
			<system-out>{
    &quot;args&quot;: [
        &quot;tmap&quot;,
        &quot;mapall&quot;,
        &quot;stage1&quot;,
        &quot;map1&quot;,
        &quot;--min-seq-length&quot;,
        &quot;20&quot;,
        &quot;map2&quot;,
        &quot;--min-seq-length&quot;,
        &quot;20&quot;,
        &quot;stage2&quot;,
        &quot;map1&quot;,
        &quot;--max-seq-length&quot;,
        &quot;20&quot;,
        &quot;--min-seq-length&quot;,
        &quot;10&quot;,
        &quot;--seed-length&quot;,
        &quot;16&quot;,
        &quot;map2&quot;,
        &quot;--max-seed-hits&quot;,
        &quot;-1&quot;,
        &quot;--max-seq-length&quot;,
        &quot;20&quot;,
        &quot;--min-seq-length&quot;,
        &quot;10&quot;
    ]
}</system-out>
			<system-err>[2022-05-12T14:51:20+0200] [MainThread] [I] [cwltool] Resolved 'v1.0/tmap-tool.cwl' to 'file:///home/michael/common-workflow-language/v1.0/v1.0/tmap-tool.cwl'
[2022-05-12T14:51:21+0200] [MainThread] [I] [toil.job] Saving graph of 1 jobs, 1 new
[2022-05-12T14:51:21+0200] [MainThread] [I] [toil.job] Processing job 'CWLJob' tmap-tool.cwl kind-CWLJob/instance-wupx8ew8 v0
[2022-05-12T14:51:21+0200] [MainThread] [I] [toil] Running Toil version 5.6.0-c34146a6437e4407a61e946e968bcce67a0ebbca on host mrc-tux.
[2022-05-12T14:51:21+0200] [MainThread] [I] [toil.leader] Issued job 'CWLJob' tmap-tool.cwl kind-CWLJob/instance-wupx8ew8 v1 with job batch system ID: 0 and cores: 1, disk: 2.0 Gi, and memory: 128.0 Mi
[2022-05-12T14:51:21+0200] [MainThread] [I] [toil.worker] Redirecting logging to /tmp/3d629a286e1254709d278d12188b4052/9cdc/worker_log.txt
[2022-05-12T14:51:23+0200] [MainThread] [I] [toil.leader] 0 jobs are running, 0 jobs are issued and waiting to run
[2022-05-12T14:51:24+0200] [MainThread] [I] [toil.leader] Finished toil run successfully.
[2022-05-12T14:51:24+0200] [MainThread] [I] [toil.common] Successfully deleted the job store: FileJobStore(/tmp/tmpc29pg79i)
</system-err>
		</testcase>
		<testcase name="Test command line with optional input (missing)" time="5.166482" class="required, command_line_tool" file="cl_optional_inputs_missing" url="cwltest:conformance_test_v1.0#4">
			<system-out>{
    &quot;args&quot;: [
        &quot;cat&quot;,
        &quot;hello.txt&quot;
    ]
}</system-out>
			<system-err>[2022-05-12T14:51:20+0200] [MainThread] [I] [cwltool] Resolved 'v1.0/cat1-testcli.cwl' to 'file:///home/michael/common-workflow-language/v1.0/v1.0/cat1-testcli.cwl'
[2022-05-12T14:51:21+0200] [MainThread] [I] [toil.job] Saving graph of 1 jobs, 1 new
[2022-05-12T14:51:21+0200] [MainThread] [I] [toil.job] Processing job 'CWLJob' cat1-testcli.cwl kind-CWLJob/instance-cr4z56yd v0
[2022-05-12T14:51:21+0200] [MainThread] [I] [toil] Running Toil version 5.6.0-c34146a6437e4407a61e946e968bcce67a0ebbca on host mrc-tux.
[2022-05-12T14:51:21+0200] [MainThread] [I] [toil.leader] Issued job 'CWLJob' cat1-testcli.cwl kind-CWLJob/instance-cr4z56yd v1 with job batch system ID: 0 and cores: 1, disk: 2.0 Gi, and memory: 128.0 Mi
[2022-05-12T14:51:21+0200] [MainThread] [I] [toil.worker] Redirecting logging to /tmp/2bbdb427c24b5d2fac09ca6e24e168f8/9483/worker_log.txt
[2022-05-12T14:51:22+0200] [MainThread] [I] [toil.leader] 0 jobs are running, 0 jobs are issued and waiting to run
[2022-05-12T14:51:24+0200] [MainThread] [I] [toil.leader] Finished toil run successfully.
[2022-05-12T14:51:24+0200] [MainThread] [I] [toil.common] Successfully deleted the job store: FileJobStore(/tmp/tmp945d35zo)
</system-err>
		</testcase>
		<testcase name="Test command line with optional input (provided)" time="4.641853" class="required, command_line_tool" file="cl_optional_bindings_provided" url="cwltest:conformance_test_v1.0#5">
			<system-out>{
    &quot;args&quot;: [
        &quot;cat&quot;,
        &quot;-n&quot;,
        &quot;hello.txt&quot;
    ]
}</system-out>
			<system-err>[2022-05-12T14:51:24+0200] [MainThread] [I] [cwltool] Resolved 'v1.0/cat1-testcli.cwl' to 'file:///home/michael/common-workflow-language/v1.0/v1.0/cat1-testcli.cwl'
[2022-05-12T14:51:25+0200] [MainThread] [I] [toil.job] Saving graph of 1 jobs, 1 new
[2022-05-12T14:51:25+0200] [MainThread] [I] [toil.job] Processing job 'CWLJob' cat1-testcli.cwl kind-CWLJob/instance-40adwlq8 v0
[2022-05-12T14:51:25+0200] [MainThread] [I] [toil] Running Toil version 5.6.0-c34146a6437e4407a61e946e968bcce67a0ebbca on host mrc-tux.
[2022-05-12T14:51:25+0200] [MainThread] [I] [toil.leader] Issued job 'CWLJob' cat1-testcli.cwl kind-CWLJob/instance-40adwlq8 v1 with job batch system ID: 0 and cores: 1, disk: 2.0 Gi, and memory: 128.0 Mi
[2022-05-12T14:51:26+0200] [MainThread] [I] [toil.worker] Redirecting logging to /tmp/491b247607325172bcb9b99c4cc72847/9539/worker_log.txt
[2022-05-12T14:51:27+0200] [MainThread] [I] [toil.leader] 0 jobs are running, 0 jobs are issued and waiting to run
[2022-05-12T14:51:28+0200] [MainThread] [I] [toil.leader] Finished toil run successfully.
[2022-05-12T14:51:28+0200] [MainThread] [I] [toil.common] Successfully deleted the job store: FileJobStore(/tmp/tmprasa9haz)
</system-err>
		</testcase>
		<testcase name="Test InitialWorkDirRequirement ExpressionEngineRequirement.engineConfig feature" time="5.144896" class="initial_work_dir, inline_javascript, command_line_tool" file="initworkdir_expreng_requirements" url="cwltest:conformance_test_v1.0#6">
			<system-out>{
    &quot;foo&quot;: {
        &quot;location&quot;: &quot;file:///tmp/tmp_ihn9rhw/foo.txt&quot;,
        &quot;basename&quot;: &quot;foo.txt&quot;,
        &quot;nameroot&quot;: &quot;foo&quot;,
        &quot;nameext&quot;: &quot;.txt&quot;,
        &quot;class&quot;: &quot;File&quot;,
        &quot;checksum&quot;: &quot;sha1$63da67422622fbf9251a046d7a34b7ea0fd4fead&quot;,
        &quot;size&quot;: 22
    }
}</system-out>
			<system-err>[2022-05-12T14:51:24+0200] [MainThread] [I] [cwltool] Resolved 'v1.0/template-tool.cwl' to 'file:///home/michael/common-workflow-language/v1.0/v1.0/template-tool.cwl'
[2022-05-12T14:51:26+0200] [MainThread] [W] [cwltool] v1.0/template-tool.cwl:7:9: JSHINT:       exports = module.exports = _;
v1.0/template-tool.cwl:7:9: JSHINT:       ^
v1.0/template-tool.cwl:7:9: JSHINT: W117: 'exports' is not defined.
[2022-05-12T14:51:26+0200] [MainThread] [W] [cwltool] v1.0/template-tool.cwl:7:9: JSHINT:     exports._ = _;
v1.0/template-tool.cwl:7:9: JSHINT:     ^
v1.0/template-tool.cwl:7:9: JSHINT: W117: 'exports' is not defined.
[2022-05-12T14:51:26+0200] [MainThread] [W] [cwltool] v1.0/template-tool.cwl:7:9: JSHINT:     if (typeof module !== 'undefined' &amp;&amp; module.exports) {
v1.0/template-tool.cwl:7:9: JSHINT:                                          ^
v1.0/template-tool.cwl:7:9: JSHINT: W117: 'module' is not defined.
[2022-05-12T14:51:26+0200] [MainThread] [W] [cwltool] v1.0/template-tool.cwl:7:9: JSHINT:       exports = module.exports = _;
v1.0/template-tool.cwl:7:9: JSHINT:                 ^
v1.0/template-tool.cwl:7:9: JSHINT: W117: 'module' is not defined.
[2022-05-12T14:51:26+0200] [MainThread] [W] [cwltool] v1.0/template-tool.cwl:7:9: JSHINT:     return setTimeout(function(){
v1.0/template-tool.cwl:7:9: JSHINT:            ^
v1.0/template-tool.cwl:7:9: JSHINT: W117: 'setTimeout' is not defined.
[2022-05-12T14:51:26+0200] [MainThread] [W] [cwltool] v1.0/template-tool.cwl:7:9: JSHINT:         timeout = setTimeout(later, remaining);
v1.0/template-tool.cwl:7:9: JSHINT:                   ^
v1.0/template-tool.cwl:7:9: JSHINT: W117: 'setTimeout' is not defined.
[2022-05-12T14:51:26+0200] [MainThread] [W] [cwltool] v1.0/template-tool.cwl:7:9: JSHINT:         timeout = setTimeout(later, wait - last);
v1.0/template-tool.cwl:7:9: JSHINT:                   ^
v1.0/template-tool.cwl:7:9: JSHINT: W117: 'setTimeout' is not defined.
[2022-05-12T14:51:26+0200] [MainThread] [W] [cwltool] v1.0/template-tool.cwl:7:9: JSHINT:       if (!timeout) timeout = setTimeout(later, wait);
v1.0/template-tool.cwl:7:9: JSHINT:                               ^
v1.0/template-tool.cwl:7:9: JSHINT: W117: 'setTimeout' is not defined.
[2022-05-12T14:51:26+0200] [MainThread] [W] [cwltool] v1.0/template-tool.cwl:7:9: JSHINT:         clearTimeout(timeout);
v1.0/template-tool.cwl:7:9: JSHINT:         ^
v1.0/template-tool.cwl:7:9: JSHINT: W117: 'clearTimeout' is not defined.
[2022-05-12T14:51:26+0200] [MainThread] [W] [cwltool] v1.0/template-tool.cwl:7:9: JSHINT:     root._ = previousUnderscore;
v1.0/template-tool.cwl:7:9: JSHINT:              ^
v1.0/template-tool.cwl:7:9: JSHINT: W117: 'previousUnderscore' is not defined.
[2022-05-12T14:51:26+0200] [MainThread] [W] [cwltool] v1.0/template-tool.cwl:7:9: JSHINT:   if (typeof define === 'function' &amp;&amp; define.amd) {
v1.0/template-tool.cwl:7:9: JSHINT:                                       ^
v1.0/template-tool.cwl:7:9: JSHINT: W117: 'define' is not defined.
[2022-05-12T14:51:26+0200] [MainThread] [W] [cwltool] v1.0/template-tool.cwl:7:9: JSHINT:     define('underscore', [], function() {
v1.0/template-tool.cwl:7:9: JSHINT:     ^
v1.0/template-tool.cwl:7:9: JSHINT: W117: 'define' is not defined.
[2022-05-12T14:51:26+0200] [MainThread] [W] [cwltool] v1.0/template-tool.cwl:8:9: JSHINT: var t = function(s) { return _.template(s, {variable: 'data'})({'inputs': inputs}); };
v1.0/template-tool.cwl:8:9: JSHINT:                              ^
v1.0/template-tool.cwl:8:9: JSHINT: W117: '_' is not defined.
[2022-05-12T14:51:26+0200] [MainThread] [I] [toil.job] Saving graph of 1 jobs, 1 new
[2022-05-12T14:51:26+0200] [MainThread] [I] [toil.job] Processing job 'CWLJob' template-tool.cwl kind-CWLJob/instance-36mo53rc v0
[2022-05-12T14:51:26+0200] [MainThread] [I] [toil] Running Toil version 5.6.0-c34146a6437e4407a61e946e968bcce67a0ebbca on host mrc-tux.
[2022-05-12T14:51:26+0200] [MainThread] [I] [toil.leader] Issued job 'CWLJob' template-tool.cwl kind-CWLJob/instance-36mo53rc v1 with job batch system ID: 0 and cores: 1, disk: 2.0 Gi, and memory: 8.0 Mi
[2022-05-12T14:51:26+0200] [MainThread] [I] [toil.worker] Redirecting logging to /tmp/37793f04b1f853c89dc3a0d7ad33e92a/8361/worker_log.txt
[2022-05-12T14:51:28+0200] [MainThread] [I] [toil.leader] 0 jobs are running, 0 jobs are issued and waiting to run
[2022-05-12T14:51:29+0200] [MainThread] [I] [toil.leader] Finished toil run successfully.
[2022-05-12T14:51:29+0200] [MainThread] [I] [toil.common] Successfully deleted the job store: FileJobStore(/tmp/tmpyq7tblbt)
</system-err>
		</testcase>
		<testcase name="Test command execution in Docker with stdout redirection" time="4.721679" class="docker, command_line_tool" file="stdout_redirect_docker" url="cwltest:conformance_test_v1.0#7">
			<system-out>{
    &quot;output_file&quot;: {
        &quot;location&quot;: &quot;file:///tmp/tmpoy09bb8f/output.txt&quot;,
        &quot;basename&quot;: &quot;output.txt&quot;,
        &quot;nameroot&quot;: &quot;output&quot;,
        &quot;nameext&quot;: &quot;.txt&quot;,
        &quot;class&quot;: &quot;File&quot;,
        &quot;checksum&quot;: &quot;sha1$47a013e660d408619d894b20806b1d5086aab03b&quot;,
        &quot;size&quot;: 13
    }
}</system-out>
			<system-err>[2022-05-12T14:51:25+0200] [MainThread] [I] [cwltool] Resolved 'v1.0/cat3-tool-docker.cwl' to 'file:///home/michael/common-workflow-language/v1.0/v1.0/cat3-tool-docker.cwl'
[2022-05-12T14:51:26+0200] [MainThread] [I] [toil.job] Saving graph of 1 jobs, 1 new
[2022-05-12T14:51:26+0200] [MainThread] [I] [toil.job] Processing job 'CWLJob' cat3-tool-docker.cwl kind-CWLJob/instance-01b8fcly v0
[2022-05-12T14:51:26+0200] [MainThread] [I] [toil] Running Toil version 5.6.0-c34146a6437e4407a61e946e968bcce67a0ebbca on host mrc-tux.
[2022-05-12T14:51:26+0200] [MainThread] [I] [toil.leader] Issued job 'CWLJob' cat3-tool-docker.cwl kind-CWLJob/instance-01b8fcly v1 with job batch system ID: 0 and cores: 1, disk: 2.0 Gi, and memory: 8.0 Mi
[2022-05-12T14:51:26+0200] [MainThread] [I] [toil.worker] Redirecting logging to /tmp/650c474a344b5ab1be33fae79b14ef83/2861/worker_log.txt
[2022-05-12T14:51:27+0200] [MainThread] [I] [toil.leader] 0 jobs are running, 0 jobs are issued and waiting to run
[2022-05-12T14:51:29+0200] [MainThread] [I] [toil.leader] Finished toil run successfully.
[2022-05-12T14:51:29+0200] [MainThread] [I] [toil.common] Successfully deleted the job store: FileJobStore(/tmp/tmplx2w9er3)
</system-err>
		</testcase>
		<testcase name="Test command execution in Docker with shortcut stdout redirection" time="5.286409" class="docker, command_line_tool" file="stdout_redirect_shortcut_docker" url="cwltest:conformance_test_v1.0#8">
			<system-out>{
    &quot;output_file&quot;: {
        &quot;location&quot;: &quot;file:///tmp/tmpn29qu9tf/ad9237825974d60f8b97c6880106596859531009&quot;,
        &quot;basename&quot;: &quot;ad9237825974d60f8b97c6880106596859531009&quot;,
        &quot;nameroot&quot;: &quot;ad9237825974d60f8b97c6880106596859531009&quot;,
        &quot;nameext&quot;: &quot;&quot;,
        &quot;class&quot;: &quot;File&quot;,
        &quot;checksum&quot;: &quot;sha1$47a013e660d408619d894b20806b1d5086aab03b&quot;,
        &quot;size&quot;: 13
    }
}</system-out>
			<system-err>[2022-05-12T14:51:25+0200] [MainThread] [I] [cwltool] Resolved 'v1.0/cat3-tool-shortcut.cwl' to 'file:///home/michael/common-workflow-language/v1.0/v1.0/cat3-tool-shortcut.cwl'
[2022-05-12T14:51:26+0200] [MainThread] [I] [toil.job] Saving graph of 1 jobs, 1 new
[2022-05-12T14:51:26+0200] [MainThread] [I] [toil.job] Processing job 'CWLJob' cat3-tool-shortcut.cwl kind-CWLJob/instance-s5v5cc7f v0
[2022-05-12T14:51:26+0200] [MainThread] [I] [toil] Running Toil version 5.6.0-c34146a6437e4407a61e946e968bcce67a0ebbca on host mrc-tux.
[2022-05-12T14:51:26+0200] [MainThread] [I] [toil.leader] Issued job 'CWLJob' cat3-tool-shortcut.cwl kind-CWLJob/instance-s5v5cc7f v1 with job batch system ID: 0 and cores: 1, disk: 2.0 Gi, and memory: 8.0 Mi
[2022-05-12T14:51:26+0200] [MainThread] [I] [toil.worker] Redirecting logging to /tmp/2c5f07695a735b2e953fb0fa94a04f18/e716/worker_log.txt
[2022-05-12T14:51:28+0200] [MainThread] [I] [toil.leader] 0 jobs are running, 0 jobs are issued and waiting to run
[2022-05-12T14:51:30+0200] [MainThread] [I] [toil.leader] Finished toil run successfully.
[2022-05-12T14:51:30+0200] [MainThread] [I] [toil.common] Successfully deleted the job store: FileJobStore(/tmp/tmpr2wrllkt)
</system-err>
		</testcase>
		<testcase name="Test command execution in Docker with mediumcut stdout redirection" time="4.604969" class="docker, command_line_tool" file="stdout_redirect_mediumcut_docker" url="cwltest:conformance_test_v1.0#9">
			<system-out>{
    &quot;output_file&quot;: {
        &quot;location&quot;: &quot;file:///tmp/tmpbublutne/cat-out&quot;,
        &quot;basename&quot;: &quot;cat-out&quot;,
        &quot;nameroot&quot;: &quot;cat-out&quot;,
        &quot;nameext&quot;: &quot;&quot;,
        &quot;class&quot;: &quot;File&quot;,
        &quot;checksum&quot;: &quot;sha1$47a013e660d408619d894b20806b1d5086aab03b&quot;,
        &quot;size&quot;: 13
    }
}</system-out>
			<system-err>[2022-05-12T14:51:29+0200] [MainThread] [I] [cwltool] Resolved 'v1.0/cat3-tool-mediumcut.cwl' to 'file:///home/michael/common-workflow-language/v1.0/v1.0/cat3-tool-mediumcut.cwl'
[2022-05-12T14:51:30+0200] [MainThread] [I] [toil.job] Saving graph of 1 jobs, 1 new
[2022-05-12T14:51:30+0200] [MainThread] [I] [toil.job] Processing job 'CWLJob' cat3-tool-mediumcut.cwl kind-CWLJob/instance-e2fnddw5 v0
[2022-05-12T14:51:30+0200] [MainThread] [I] [toil] Running Toil version 5.6.0-c34146a6437e4407a61e946e968bcce67a0ebbca on host mrc-tux.
[2022-05-12T14:51:30+0200] [MainThread] [I] [toil.leader] Issued job 'CWLJob' cat3-tool-mediumcut.cwl kind-CWLJob/instance-e2fnddw5 v1 with job batch system ID: 0 and cores: 1, disk: 2.0 Gi, and memory: 8.0 Mi
[2022-05-12T14:51:30+0200] [MainThread] [I] [toil.worker] Redirecting logging to /tmp/a7d74c09cd8e5a7592a05c184627f368/a8e4/worker_log.txt
[2022-05-12T14:51:32+0200] [MainThread] [I] [toil.leader] 0 jobs are running, 0 jobs are issued and waiting to run
[2022-05-12T14:51:33+0200] [MainThread] [I] [toil.leader] Finished toil run successfully.
[2022-05-12T14:51:33+0200] [MainThread] [I] [toil.common] Successfully deleted the job store: FileJobStore(/tmp/tmplk53fdp7)
</system-err>
		</testcase>
		<testcase name="Test command line with stderr redirection" time="3.646799" class="shell_command, command_line_tool" file="stderr_redirect" url="cwltest:conformance_test_v1.0#10">
			<system-out>{
    &quot;output_file&quot;: {
        &quot;location&quot;: &quot;file:///tmp/tmpdp_oc0ni/error.txt&quot;,
        &quot;basename&quot;: &quot;error.txt&quot;,
        &quot;nameroot&quot;: &quot;error&quot;,
        &quot;nameext&quot;: &quot;.txt&quot;,
        &quot;class&quot;: &quot;File&quot;,
        &quot;checksum&quot;: &quot;sha1$f1d2d2f924e986ac86fdf7b36c94bcdf32beec15&quot;,
        &quot;size&quot;: 4
    }
}</system-out>
			<system-err>[2022-05-12T14:51:29+0200] [MainThread] [I] [cwltool] Resolved 'v1.0/stderr.cwl' to 'file:///home/michael/common-workflow-language/v1.0/v1.0/stderr.cwl'
[2022-05-12T14:51:30+0200] [MainThread] [I] [toil.job] Saving graph of 1 jobs, 1 new
[2022-05-12T14:51:30+0200] [MainThread] [I] [toil.job] Processing job 'CWLJob' stderr.cwl kind-CWLJob/instance-o5_zchoz v0
[2022-05-12T14:51:30+0200] [MainThread] [I] [toil] Running Toil version 5.6.0-c34146a6437e4407a61e946e968bcce67a0ebbca on host mrc-tux.
[2022-05-12T14:51:30+0200] [MainThread] [I] [toil.leader] Issued job 'CWLJob' stderr.cwl kind-CWLJob/instance-o5_zchoz v1 with job batch system ID: 0 and cores: 1, disk: 2.0 Gi, and memory: 8.0 Mi
[2022-05-12T14:51:31+0200] [MainThread] [I] [toil.worker] Redirecting logging to /tmp/3e22b488a22e5ab390f79c5a32017bc8/2a2e/worker_log.txt
[2022-05-12T14:51:31+0200] [MainThread] [I] [toil.leader] 0 jobs are running, 0 jobs are issued and waiting to run
[2022-05-12T14:51:32+0200] [MainThread] [I] [toil.leader] Finished toil run successfully.
[2022-05-12T14:51:32+0200] [MainThread] [I] [toil.common] Successfully deleted the job store: FileJobStore(/tmp/tmpf6x1a3f3)
</system-err>
		</testcase>
		<testcase name="Test command line with stderr redirection, brief syntax" time="3.705366" class="shell_command, command_line_tool" file="stderr_redirect_shortcut" url="cwltest:conformance_test_v1.0#11">
			<system-out>{
    &quot;output_file&quot;: {
        &quot;location&quot;: &quot;file:///tmp/tmph5ruj7ln/3f032eec121942e8514a9ab79a5bfbcba7e45d8e&quot;,
        &quot;basename&quot;: &quot;3f032eec121942e8514a9ab79a5bfbcba7e45d8e&quot;,
        &quot;nameroot&quot;: &quot;3f032eec121942e8514a9ab79a5bfbcba7e45d8e&quot;,
        &quot;nameext&quot;: &quot;&quot;,
        &quot;class&quot;: &quot;File&quot;,
        &quot;checksum&quot;: &quot;sha1$f1d2d2f924e986ac86fdf7b36c94bcdf32beec15&quot;,
        &quot;size&quot;: 4
    }
}</system-out>
			<system-err>[2022-05-12T14:51:29+0200] [MainThread] [I] [cwltool] Resolved 'v1.0/stderr-shortcut.cwl' to 'file:///home/michael/common-workflow-language/v1.0/v1.0/stderr-shortcut.cwl'
[2022-05-12T14:51:31+0200] [MainThread] [I] [toil.job] Saving graph of 1 jobs, 1 new
[2022-05-12T14:51:31+0200] [MainThread] [I] [toil.job] Processing job 'CWLJob' stderr-shortcut.cwl kind-CWLJob/instance-xlbr9ehx v0
[2022-05-12T14:51:31+0200] [MainThread] [I] [toil] Running Toil version 5.6.0-c34146a6437e4407a61e946e968bcce67a0ebbca on host mrc-tux.
[2022-05-12T14:51:31+0200] [MainThread] [I] [toil.leader] Issued job 'CWLJob' stderr-shortcut.cwl kind-CWLJob/instance-xlbr9ehx v1 with job batch system ID: 0 and cores: 1, disk: 2.0 Gi, and memory: 8.0 Mi
[2022-05-12T14:51:31+0200] [MainThread] [I] [toil.worker] Redirecting logging to /tmp/6669277ad68059fc814732a62497c0b3/56fd/worker_log.txt
[2022-05-12T14:51:31+0200] [MainThread] [I] [toil.leader] 0 jobs are running, 0 jobs are issued and waiting to run
[2022-05-12T14:51:33+0200] [MainThread] [I] [toil.leader] Finished toil run successfully.
[2022-05-12T14:51:33+0200] [MainThread] [I] [toil.common] Successfully deleted the job store: FileJobStore(/tmp/tmp0s7__4bi)
</system-err>
		</testcase>
		<testcase name="Test command line with stderr redirection, named brief syntax" time="3.791870" class="shell_command, command_line_tool" file="stderr_redirect_mediumcut" url="cwltest:conformance_test_v1.0#12">
			<system-out>{
    &quot;output_file&quot;: {
        &quot;location&quot;: &quot;file:///tmp/tmpasq2039u/std.err&quot;,
        &quot;basename&quot;: &quot;std.err&quot;,
        &quot;nameroot&quot;: &quot;std&quot;,
        &quot;nameext&quot;: &quot;.err&quot;,
        &quot;class&quot;: &quot;File&quot;,
        &quot;checksum&quot;: &quot;sha1$f1d2d2f924e986ac86fdf7b36c94bcdf32beec15&quot;,
        &quot;size&quot;: 4
    }
}</system-out>
			<system-err>[2022-05-12T14:51:30+0200] [MainThread] [I] [cwltool] Resolved 'v1.0/stderr-mediumcut.cwl' to 'file:///home/michael/common-workflow-language/v1.0/v1.0/stderr-mediumcut.cwl'
[2022-05-12T14:51:31+0200] [MainThread] [I] [toil.job] Saving graph of 1 jobs, 1 new
[2022-05-12T14:51:31+0200] [MainThread] [I] [toil.job] Processing job 'CWLJob' stderr-mediumcut.cwl kind-CWLJob/instance-bu88k9wy v0
[2022-05-12T14:51:31+0200] [MainThread] [I] [toil] Running Toil version 5.6.0-c34146a6437e4407a61e946e968bcce67a0ebbca on host mrc-tux.
[2022-05-12T14:51:31+0200] [MainThread] [I] [toil.leader] Issued job 'CWLJob' stderr-mediumcut.cwl kind-CWLJob/instance-bu88k9wy v1 with job batch system ID: 0 and cores: 1, disk: 2.0 Gi, and memory: 8.0 Mi
[2022-05-12T14:51:32+0200] [MainThread] [I] [toil.worker] Redirecting logging to /tmp/fd5d6a5956e85f7b995f6814b7e0368d/4267/worker_log.txt
[2022-05-12T14:51:32+0200] [MainThread] [I] [toil.leader] 0 jobs are running, 0 jobs are issued and waiting to run
[2022-05-12T14:51:33+0200] [MainThread] [I] [toil.leader] Finished toil run successfully.
[2022-05-12T14:51:33+0200] [MainThread] [I] [toil.common] Successfully deleted the job store: FileJobStore(/tmp/tmpy0hau1m1)
</system-err>
		</testcase>
		<testcase name="Test command execution in Docker with stdin and stdout redirection" time="4.578969" class="required, command_line_tool" file="stdinout_redirect_docker" url="cwltest:conformance_test_v1.0#13">
			<system-out>{
    &quot;output_txt&quot;: {
        &quot;location&quot;: &quot;file:///tmp/tmpb8hyk7g6/output.txt&quot;,
        &quot;basename&quot;: &quot;output.txt&quot;,
        &quot;nameroot&quot;: &quot;output&quot;,
        &quot;nameext&quot;: &quot;.txt&quot;,
        &quot;class&quot;: &quot;File&quot;,
        &quot;checksum&quot;: &quot;sha1$47a013e660d408619d894b20806b1d5086aab03b&quot;,
        &quot;size&quot;: 13
    }
}</system-out>
			<system-err>[2022-05-12T14:51:33+0200] [MainThread] [I] [cwltool] Resolved 'v1.0/cat4-tool.cwl' to 'file:///home/michael/common-workflow-language/v1.0/v1.0/cat4-tool.cwl'
[2022-05-12T14:51:34+0200] [MainThread] [I] [toil.job] Saving graph of 1 jobs, 1 new
[2022-05-12T14:51:34+0200] [MainThread] [I] [toil.job] Processing job 'CWLJob' cat4-tool.cwl kind-CWLJob/instance-qwd9lmq5 v0
[2022-05-12T14:51:34+0200] [MainThread] [I] [toil] Running Toil version 5.6.0-c34146a6437e4407a61e946e968bcce67a0ebbca on host mrc-tux.
[2022-05-12T14:51:34+0200] [MainThread] [I] [toil.leader] Issued job 'CWLJob' cat4-tool.cwl kind-CWLJob/instance-qwd9lmq5 v1 with job batch system ID: 0 and cores: 1, disk: 2.0 Gi, and memory: 8.0 Mi
[2022-05-12T14:51:34+0200] [MainThread] [I] [toil.worker] Redirecting logging to /tmp/de5bee7eb215541c94c080038f828b5f/d595/worker_log.txt
[2022-05-12T14:51:36+0200] [MainThread] [I] [toil.leader] 0 jobs are running, 0 jobs are issued and waiting to run
[2022-05-12T14:51:37+0200] [MainThread] [I] [toil.leader] Finished toil run successfully.
[2022-05-12T14:51:37+0200] [MainThread] [I] [toil.common] Successfully deleted the job store: FileJobStore(/tmp/tmphvhhrfdx)
</system-err>
		</testcase>
		<testcase name="Test default usage of Any in expressions." time="3.870360" class="inline_javascript, expression_tool" file="expression_any" url="cwltest:conformance_test_v1.0#14">
			<system-out>{
    &quot;output&quot;: 1
}</system-out>
			<system-err>[2022-05-12T14:51:33+0200] [MainThread] [I] [cwltool] Resolved 'v1.0/null-expression1-tool.cwl' to 'file:///home/michael/common-workflow-language/v1.0/v1.0/null-expression1-tool.cwl'
[2022-05-12T14:51:34+0200] [MainThread] [I] [toil.job] Saving graph of 1 jobs, 1 new
[2022-05-12T14:51:34+0200] [MainThread] [I] [toil.job] Processing job 'CWLJob' null-expression1-tool.cwl kind-CWLJob/instance-x2eo94w1 v0
[2022-05-12T14:51:34+0200] [MainThread] [I] [toil] Running Toil version 5.6.0-c34146a6437e4407a61e946e968bcce67a0ebbca on host mrc-tux.
[2022-05-12T14:51:34+0200] [MainThread] [I] [toil.leader] Issued job 'CWLJob' null-expression1-tool.cwl kind-CWLJob/instance-x2eo94w1 v1 with job batch system ID: 0 and cores: 1, disk: 3.0 Gi, and memory: 2.0 Gi
[2022-05-12T14:51:35+0200] [MainThread] [I] [toil.worker] Redirecting logging to /tmp/54d0ac338b5a587497da9caff67f3765/2716/worker_log.txt
[2022-05-12T14:51:35+0200] [MainThread] [I] [toil.leader] 0 jobs are running, 0 jobs are issued and waiting to run
[2022-05-12T14:51:36+0200] [MainThread] [I] [toil.leader] Finished toil run successfully.
[2022-05-12T14:51:36+0200] [MainThread] [I] [toil.common] Successfully deleted the job store: FileJobStore(/tmp/tmpddgylt42)
</system-err>
		</testcase>
		<testcase name="Test explicitly passing null to Any type inputs with default values." time="4.181734" class="inline_javascript, expression_tool" file="expression_any_null" url="cwltest:conformance_test_v1.0#15">
			<system-out>{
    &quot;output&quot;: 1
}</system-out>
			<system-err>[2022-05-12T14:51:34+0200] [MainThread] [I] [cwltool] Resolved 'v1.0/null-expression1-tool.cwl' to 'file:///home/michael/common-workflow-language/v1.0/v1.0/null-expression1-tool.cwl'
[2022-05-12T14:51:35+0200] [MainThread] [I] [toil.job] Saving graph of 1 jobs, 1 new
[2022-05-12T14:51:35+0200] [MainThread] [I] [toil.job] Processing job 'CWLJob' null-expression1-tool.cwl kind-CWLJob/instance-89_nm7qz v0
[2022-05-12T14:51:35+0200] [MainThread] [I] [toil] Running Toil version 5.6.0-c34146a6437e4407a61e946e968bcce67a0ebbca on host mrc-tux.
[2022-05-12T14:51:35+0200] [MainThread] [I] [toil.leader] Issued job 'CWLJob' null-expression1-tool.cwl kind-CWLJob/instance-89_nm7qz v1 with job batch system ID: 0 and cores: 1, disk: 3.0 Gi, and memory: 2.0 Gi
[2022-05-12T14:51:36+0200] [MainThread] [I] [toil.worker] Redirecting logging to /tmp/f53e9f2fe2f359be8bb4f64b1401fdd5/d19d/worker_log.txt
[2022-05-12T14:51:36+0200] [MainThread] [I] [toil.leader] 0 jobs are running, 0 jobs are issued and waiting to run
[2022-05-12T14:51:37+0200] [MainThread] [I] [toil.leader] Finished toil run successfully.
[2022-05-12T14:51:37+0200] [MainThread] [I] [toil.common] Successfully deleted the job store: FileJobStore(/tmp/tmpbljhr3f5)
</system-err>
		</testcase>
		<testcase name="Testing the string 'null' does not trip up an Any with a default value." time="4.198490" class="inline_javascript, expression_tool" file="expression_any_string" url="cwltest:conformance_test_v1.0#16">
			<system-out>{
    &quot;output&quot;: 2
}</system-out>
			<system-err>[2022-05-12T14:51:34+0200] [MainThread] [I] [cwltool] Resolved 'v1.0/null-expression1-tool.cwl' to 'file:///home/michael/common-workflow-language/v1.0/v1.0/null-expression1-tool.cwl'
[2022-05-12T14:51:35+0200] [MainThread] [I] [toil.job] Saving graph of 1 jobs, 1 new
[2022-05-12T14:51:35+0200] [MainThread] [I] [toil.job] Processing job 'CWLJob' null-expression1-tool.cwl kind-CWLJob/instance-c3kl61rs v0
[2022-05-12T14:51:35+0200] [MainThread] [I] [toil] Running Toil version 5.6.0-c34146a6437e4407a61e946e968bcce67a0ebbca on host mrc-tux.
[2022-05-12T14:51:35+0200] [MainThread] [I] [toil.leader] Issued job 'CWLJob' null-expression1-tool.cwl kind-CWLJob/instance-c3kl61rs v1 with job batch system ID: 0 and cores: 1, disk: 3.0 Gi, and memory: 2.0 Gi
[2022-05-12T14:51:36+0200] [MainThread] [I] [toil.worker] Redirecting logging to /tmp/217819be0a0658b2b28f408f4d6a9116/20f3/worker_log.txt
[2022-05-12T14:51:36+0200] [MainThread] [I] [toil.leader] 0 jobs are running, 0 jobs are issued and waiting to run
[2022-05-12T14:51:37+0200] [MainThread] [I] [toil.leader] Finished toil run successfully.
[2022-05-12T14:51:37+0200] [MainThread] [I] [toil.common] Successfully deleted the job store: FileJobStore(/tmp/tmpxda4l_u6)
</system-err>
		</testcase>
		<testcase name="Test Any without defaults cannot be unspecified." time="1.904716" class="inline_javascript, expression_tool" file="expression_any_nodefaultany" url="cwltest:conformance_test_v1.0#17">
			<system-err>[2022-05-12T14:51:37+0200] [MainThread] [I] [cwltool] Resolved 'v1.0/null-expression2-tool.cwl' to 'file:///home/michael/common-workflow-language/v1.0/v1.0/null-expression2-tool.cwl'
Traceback (most recent call last):
  File &quot;/home/michael/common-workflow-language/toil5.6.0/lib/python3.10/site-packages/cwltool/process.py&quot;, line 456, in fill_in_defaults
    raise WorkflowException(
cwltool.errors.WorkflowException: Missing required input parameter 'i1'

During handling of the above exception, another exception occurred:

Traceback (most recent call last):
  File &quot;/home/michael/common-workflow-language/toil5.6.0/bin/toil-cwl-runner&quot;, line 8, in &lt;module&gt;
    sys.exit(main())
  File &quot;/home/michael/common-workflow-language/toil5.6.0/lib/python3.10/site-packages/toil/cwl/cwltoil.py&quot;, line 3389, in main
    fill_in_defaults(tool.tool[&quot;inputs&quot;], initialized_job_order, fs_access)
  File &quot;/home/michael/common-workflow-language/toil5.6.0/lib/python3.10/site-packages/cwltool/process.py&quot;, line 447, in fill_in_defaults
    with SourceLine(inputs, e, WorkflowException, debug):
  File &quot;schema_salad/sourceline.py&quot;, line 256, in __exit__
cwltool.errors.WorkflowException: v1.0/null-expression2-tool.cwl:9:3: Missing required input parameter 'i1'
</system-err>
		</testcase>
		<testcase name="Test explicitly passing null to Any type without a default value." time="2.086080" class="inline_javascript, expression_tool" file="expression_any_null_nodefaultany" url="cwltest:conformance_test_v1.0#18">
			<system-err>[2022-05-12T14:51:37+0200] [MainThread] [I] [cwltool] Resolved 'v1.0/null-expression2-tool.cwl' to 'file:///home/michael/common-workflow-language/v1.0/v1.0/null-expression2-tool.cwl'
Traceback (most recent call last):
  File &quot;/home/michael/common-workflow-language/toil5.6.0/lib/python3.10/site-packages/cwltool/process.py&quot;, line 456, in fill_in_defaults
    raise WorkflowException(
cwltool.errors.WorkflowException: Missing required input parameter 'i1'

During handling of the above exception, another exception occurred:

Traceback (most recent call last):
  File &quot;/home/michael/common-workflow-language/toil5.6.0/bin/toil-cwl-runner&quot;, line 8, in &lt;module&gt;
    sys.exit(main())
  File &quot;/home/michael/common-workflow-language/toil5.6.0/lib/python3.10/site-packages/toil/cwl/cwltoil.py&quot;, line 3389, in main
    fill_in_defaults(tool.tool[&quot;inputs&quot;], initialized_job_order, fs_access)
  File &quot;/home/michael/common-workflow-language/toil5.6.0/lib/python3.10/site-packages/cwltool/process.py&quot;, line 447, in fill_in_defaults
    with SourceLine(inputs, e, WorkflowException, debug):
  File &quot;schema_salad/sourceline.py&quot;, line 256, in __exit__
cwltool.errors.WorkflowException: v1.0/null-expression2-tool.cwl:9:3: Missing required input parameter 'i1'
</system-err>
		</testcase>
		<testcase name="Testing the string 'null' does not trip up an Any without a default value." time="4.073437" class="inline_javascript, expression_tool" file="expression_any_nullstring_nodefaultany" url="cwltest:conformance_test_v1.0#19">
			<system-out>{
    &quot;output&quot;: 2
}</system-out>
			<system-err>[2022-05-12T14:51:38+0200] [MainThread] [I] [cwltool] Resolved 'v1.0/null-expression2-tool.cwl' to 'file:///home/michael/common-workflow-language/v1.0/v1.0/null-expression2-tool.cwl'
[2022-05-12T14:51:39+0200] [MainThread] [I] [toil.job] Saving graph of 1 jobs, 1 new
[2022-05-12T14:51:39+0200] [MainThread] [I] [toil.job] Processing job 'CWLJob' null-expression2-tool.cwl kind-CWLJob/instance-hmd5sy78 v0
[2022-05-12T14:51:39+0200] [MainThread] [I] [toil] Running Toil version 5.6.0-c34146a6437e4407a61e946e968bcce67a0ebbca on host mrc-tux.
[2022-05-12T14:51:39+0200] [MainThread] [I] [toil.leader] Issued job 'CWLJob' null-expression2-tool.cwl kind-CWLJob/instance-hmd5sy78 v1 with job batch system ID: 0 and cores: 1, disk: 3.0 Gi, and memory: 2.0 Gi
[2022-05-12T14:51:40+0200] [MainThread] [I] [toil.worker] Redirecting logging to /tmp/808e00a46c75527daceed4b964217125/039d/worker_log.txt
[2022-05-12T14:51:40+0200] [MainThread] [I] [toil.leader] 0 jobs are running, 0 jobs are issued and waiting to run
[2022-05-12T14:51:41+0200] [MainThread] [I] [toil.leader] Finished toil run successfully.
[2022-05-12T14:51:41+0200] [MainThread] [I] [toil.common] Successfully deleted the job store: FileJobStore(/tmp/tmpr3au1yo0)
</system-err>
		</testcase>
		<testcase name="Testing Any type compatibility in outputSource" time="3.910143" class="required, workflow" file="any_outputSource_compatibility" url="cwltest:conformance_test_v1.0#20">
			<system-out>{
    &quot;output1&quot;: [
        &quot;hello&quot;,
        &quot;world&quot;
    ],
    &quot;output2&quot;: [
        &quot;foo&quot;,
        &quot;bar&quot;
    ],
    &quot;output3&quot;: &quot;hello&quot;
}</system-out>
			<system-err>[2022-05-12T14:51:38+0200] [MainThread] [I] [cwltool] Resolved 'v1.0/any-type-compat.cwl' to 'file:///home/michael/common-workflow-language/v1.0/v1.0/any-type-compat.cwl'
[2022-05-12T14:51:39+0200] [MainThread] [I] [toil.job] Saving graph of 2 jobs, 2 new
[2022-05-12T14:51:39+0200] [MainThread] [I] [toil.job] Processing job 'ResolveIndirect' kind-ResolveIndirect/instance-9td74lh3 v0
[2022-05-12T14:51:39+0200] [MainThread] [I] [toil.job] Processing job 'CWLWorkflow' kind-CWLWorkflow/instance-6t_88rhg v0
[2022-05-12T14:51:39+0200] [MainThread] [I] [toil] Running Toil version 5.6.0-c34146a6437e4407a61e946e968bcce67a0ebbca on host mrc-tux.
[2022-05-12T14:51:40+0200] [MainThread] [I] [toil.worker] Redirecting logging to /tmp/799cd2f8f61651818670a48c207d5360/8ab1/worker_log.txt
[2022-05-12T14:51:40+0200] [MainThread] [I] [toil.leader] 0 jobs are running, 0 jobs are issued and waiting to run
[2022-05-12T14:51:41+0200] [MainThread] [I] [toil.leader] Finished toil run successfully.
[2022-05-12T14:51:41+0200] [MainThread] [I] [toil.common] Successfully deleted the job store: FileJobStore(/tmp/tmp31wyrtkz)
</system-err>
		</testcase>
		<testcase name="Test command execution in with stdin and stdout redirection" time="3.754998" class="required, command_line_tool" file="stdinout_redirect" url="cwltest:conformance_test_v1.0#21">
			<system-out>{
    &quot;output&quot;: {
        &quot;location&quot;: &quot;file:///tmp/tmp8yyhrrat/output&quot;,
        &quot;basename&quot;: &quot;output&quot;,
        &quot;nameroot&quot;: &quot;output&quot;,
        &quot;nameext&quot;: &quot;&quot;,
        &quot;class&quot;: &quot;File&quot;,
        &quot;checksum&quot;: &quot;sha1$47a013e660d408619d894b20806b1d5086aab03b&quot;,
        &quot;size&quot;: 13
    }
}</system-out>
			<system-err>[2022-05-12T14:51:39+0200] [MainThread] [I] [cwltool] Resolved 'v1.0/cat-tool.cwl' to 'file:///home/michael/common-workflow-language/v1.0/v1.0/cat-tool.cwl'
[2022-05-12T14:51:40+0200] [MainThread] [I] [toil.job] Saving graph of 1 jobs, 1 new
[2022-05-12T14:51:40+0200] [MainThread] [I] [toil.job] Processing job 'CWLJob' cat-tool.cwl kind-CWLJob/instance-c2t31z11 v0
[2022-05-12T14:51:40+0200] [MainThread] [I] [toil] Running Toil version 5.6.0-c34146a6437e4407a61e946e968bcce67a0ebbca on host mrc-tux.
[2022-05-12T14:51:40+0200] [MainThread] [I] [toil.leader] Issued job 'CWLJob' cat-tool.cwl kind-CWLJob/instance-c2t31z11 v1 with job batch system ID: 0 and cores: 1, disk: 2.0 Gi, and memory: 8.0 Mi
[2022-05-12T14:51:40+0200] [MainThread] [I] [toil.worker] Redirecting logging to /tmp/98539f47c7475279b53fd6a5347a3dbd/8ff5/worker_log.txt
[2022-05-12T14:51:41+0200] [MainThread] [I] [toil.leader] 0 jobs are running, 0 jobs are issued and waiting to run
[2022-05-12T14:51:42+0200] [MainThread] [I] [toil.leader] Finished toil run successfully.
[2022-05-12T14:51:42+0200] [MainThread] [I] [toil.common] Successfully deleted the job store: FileJobStore(/tmp/tmpee3nmugj)
</system-err>
		</testcase>
		<testcase name="Test ExpressionTool with Javascript engine" time="3.828958" class="inline_javascript, expression_tool" file="expression_parseint" url="cwltest:conformance_test_v1.0#22">
			<system-out>{
    &quot;output&quot;: 42
}</system-out>
			<system-err>[2022-05-12T14:51:40+0200] [MainThread] [I] [cwltool] Resolved 'v1.0/parseInt-tool.cwl' to 'file:///home/michael/common-workflow-language/v1.0/v1.0/parseInt-tool.cwl'
[2022-05-12T14:51:41+0200] [MainThread] [I] [toil.job] Saving graph of 1 jobs, 1 new
[2022-05-12T14:51:41+0200] [MainThread] [I] [toil.job] Processing job 'CWLJob' parseInt-tool.cwl kind-CWLJob/instance-zanb_c6_ v0
[2022-05-12T14:51:41+0200] [MainThread] [I] [toil] Running Toil version 5.6.0-c34146a6437e4407a61e946e968bcce67a0ebbca on host mrc-tux.
[2022-05-12T14:51:41+0200] [MainThread] [I] [toil.leader] Issued job 'CWLJob' parseInt-tool.cwl kind-CWLJob/instance-zanb_c6_ v1 with job batch system ID: 0 and cores: 1, disk: 3.0 Gi, and memory: 2.0 Gi
[2022-05-12T14:51:41+0200] [MainThread] [I] [toil.worker] Redirecting logging to /tmp/a884e6ee593253b7bac1c015de6516ac/2152/worker_log.txt
[2022-05-12T14:51:41+0200] [MainThread] [I] [toil.leader] 0 jobs are running, 0 jobs are issued and waiting to run
[2022-05-12T14:51:43+0200] [MainThread] [I] [toil.leader] Finished toil run successfully.
[2022-05-12T14:51:43+0200] [MainThread] [I] [toil.common] Successfully deleted the job store: FileJobStore(/tmp/tmpdst70ubf)
</system-err>
		</testcase>
		<testcase name="Test outputEval to transform output" time="3.865651" class="inline_javascript, command_line_tool" file="expression_outputEval" url="cwltest:conformance_test_v1.0#23">
			<system-out>{
    &quot;output&quot;: 16
}</system-out>
			<system-err>[2022-05-12T14:51:42+0200] [MainThread] [I] [cwltool] Resolved 'v1.0/wc2-tool.cwl' to 'file:///home/michael/common-workflow-language/v1.0/v1.0/wc2-tool.cwl'
[2022-05-12T14:51:43+0200] [MainThread] [I] [toil.job] Saving graph of 1 jobs, 1 new
[2022-05-12T14:51:43+0200] [MainThread] [I] [toil.job] Processing job 'CWLJob' wc2-tool.cwl kind-CWLJob/instance-nc2d8f1i v0
[2022-05-12T14:51:43+0200] [MainThread] [I] [toil] Running Toil version 5.6.0-c34146a6437e4407a61e946e968bcce67a0ebbca on host mrc-tux.
[2022-05-12T14:51:43+0200] [MainThread] [I] [toil.leader] Issued job 'CWLJob' wc2-tool.cwl kind-CWLJob/instance-nc2d8f1i v1 with job batch system ID: 0 and cores: 1, disk: 2.0 Gi, and memory: 8.0 Mi
[2022-05-12T14:51:43+0200] [MainThread] [I] [toil.worker] Redirecting logging to /tmp/148828a58c60554fb9fcc0764ffaa423/6b33/worker_log.txt
[2022-05-12T14:51:44+0200] [MainThread] [I] [toil.leader] 0 jobs are running, 0 jobs are issued and waiting to run
[2022-05-12T14:51:45+0200] [MainThread] [I] [toil.leader] Finished toil run successfully.
[2022-05-12T14:51:45+0200] [MainThread] [I] [toil.common] Successfully deleted the job store: FileJobStore(/tmp/tmpvcnef5fx)
</system-err>
		</testcase>
		<testcase name="Test two step workflow with imported tools" time="8.477900" class="inline_javascript, workflow" file="wf_wc_parseInt" url="cwltest:conformance_test_v1.0#24">
			<system-out>{
    &quot;count_output&quot;: 16
}</system-out>
			<system-err>[2022-05-12T14:51:42+0200] [MainThread] [I] [cwltool] Resolved 'v1.0/count-lines1-wf.cwl' to 'file:///home/michael/common-workflow-language/v1.0/v1.0/count-lines1-wf.cwl'
[2022-05-12T14:51:45+0200] [MainThread] [I] [toil.job] Saving graph of 2 jobs, 2 new
[2022-05-12T14:51:45+0200] [MainThread] [I] [toil.job] Processing job 'ResolveIndirect' kind-ResolveIndirect/instance-b75x5eom v0
[2022-05-12T14:51:45+0200] [MainThread] [I] [toil.job] Processing job 'CWLWorkflow' kind-CWLWorkflow/instance-medxxjfi v0
[2022-05-12T14:51:45+0200] [MainThread] [I] [toil] Running Toil version 5.6.0-c34146a6437e4407a61e946e968bcce67a0ebbca on host mrc-tux.
[2022-05-12T14:51:45+0200] [MainThread] [I] [toil.worker] Redirecting logging to /tmp/6535d45364b35b77afc83414f8ccfad9/64b8/worker_log.txt
[2022-05-12T14:51:45+0200] [MainThread] [I] [toil.leader] 0 jobs are running, 0 jobs are issued and waiting to run
[2022-05-12T14:51:45+0200] [MainThread] [I] [toil.leader] Issued job 'CWLJob' count-lines1-wf.cwl.step1.wc-tool.cwl kind-CWLJob/instance-jc1et73l v1 with job batch system ID: 1 and cores: 1, disk: 2.0 Gi, and memory: 8.0 Mi
[2022-05-12T14:51:46+0200] [MainThread] [I] [toil.worker] Redirecting logging to /tmp/6535d45364b35b77afc83414f8ccfad9/c815/worker_log.txt
[2022-05-12T14:51:46+0200] [MainThread] [I] [toil.leader] Issued job 'CWLJob' count-lines1-wf.cwl.step2.parseInt-tool.cwl kind-CWLJob/instance-2hfx399g v1 with job batch system ID: 2 and cores: 1, disk: 3.0 Gi, and memory: 2.0 Gi
[2022-05-12T14:51:46+0200] [MainThread] [I] [toil.worker] Redirecting logging to /tmp/6535d45364b35b77afc83414f8ccfad9/c823/worker_log.txt
[2022-05-12T14:51:47+0200] [MainThread] [I] [toil.leader] Issued job 'CWLJob' count-lines1-wf.cwl.step1.wc-tool.cwl kind-CWLJob/instance-jc1et73l v2 with job batch system ID: 3 and cores: 1, disk: 2.0 Gi, and memory: 8.0 Mi
[2022-05-12T14:51:47+0200] [MainThread] [I] [toil.worker] Redirecting logging to /tmp/6535d45364b35b77afc83414f8ccfad9/4824/worker_log.txt
[2022-05-12T14:51:48+0200] [MainThread] [I] [toil.worker] Redirecting logging to /tmp/6535d45364b35b77afc83414f8ccfad9/a0c7/worker_log.txt
[2022-05-12T14:51:49+0200] [MainThread] [I] [toil.worker] Redirecting logging to /tmp/6535d45364b35b77afc83414f8ccfad9/654a/worker_log.txt
[2022-05-12T14:51:50+0200] [MainThread] [I] [toil.leader] Finished toil run successfully.
[2022-05-12T14:51:50+0200] [MainThread] [I] [toil.common] Successfully deleted the job store: FileJobStore(/tmp/tmpwgr52tp_)
</system-err>
		</testcase>
		<testcase name="Test two step workflow with inline tools" time="7.445522" class="inline_javascript, workflow" file="wf_wc_expressiontool" url="cwltest:conformance_test_v1.0#25">
			<system-out>{
    &quot;count_output&quot;: 16
}</system-out>
			<system-err>[2022-05-12T14:51:43+0200] [MainThread] [I] [cwltool] Resolved 'v1.0/count-lines2-wf.cwl' to 'file:///home/michael/common-workflow-language/v1.0/v1.0/count-lines2-wf.cwl'
[2022-05-12T14:51:46+0200] [MainThread] [I] [toil.job] Saving graph of 2 jobs, 2 new
[2022-05-12T14:51:46+0200] [MainThread] [I] [toil.job] Processing job 'ResolveIndirect' kind-ResolveIndirect/instance-3upq7e3t v0
[2022-05-12T14:51:46+0200] [MainThread] [I] [toil.job] Processing job 'CWLWorkflow' kind-CWLWorkflow/instance-ehy726tk v0
[2022-05-12T14:51:46+0200] [MainThread] [I] [toil] Running Toil version 5.6.0-c34146a6437e4407a61e946e968bcce67a0ebbca on host mrc-tux.
[2022-05-12T14:51:46+0200] [MainThread] [I] [toil.worker] Redirecting logging to /tmp/7d036d3ad7905ca9b87152aeccafe8b5/cd29/worker_log.txt
[2022-05-12T14:51:46+0200] [MainThread] [I] [toil.leader] 0 jobs are running, 0 jobs are issued and waiting to run
[2022-05-12T14:51:46+0200] [MainThread] [I] [toil.leader] Issued job 'CWLJob' count-lines2-wf.cwl.step1.wc kind-CWLJob/instance-oj9wq8vd v1 with job batch system ID: 1 and cores: 1, disk: 3.0 Gi, and memory: 2.0 Gi
[2022-05-12T14:51:47+0200] [MainThread] [I] [toil.worker] Redirecting logging to /tmp/7d036d3ad7905ca9b87152aeccafe8b5/0b7a/worker_log.txt
[2022-05-12T14:51:47+0200] [MainThread] [I] [toil.worker] Redirecting logging to /tmp/7d036d3ad7905ca9b87152aeccafe8b5/08ec/worker_log.txt
[2022-05-12T14:51:48+0200] [MainThread] [I] [toil.worker] Redirecting logging to /tmp/7d036d3ad7905ca9b87152aeccafe8b5/946a/worker_log.txt
[2022-05-12T14:51:50+0200] [MainThread] [I] [toil.leader] Finished toil run successfully.
[2022-05-12T14:51:50+0200] [MainThread] [I] [toil.common] Successfully deleted the job store: FileJobStore(/tmp/tmpdr7xsz5h)
</system-err>
		</testcase>
		<testcase name="Test single step workflow with Scatter step" time="8.822814" class="scatter, inline_javascript, workflow" file="wf_wc_scatter" url="cwltest:conformance_test_v1.0#26">
			<system-out>{
    &quot;count_output&quot;: [
        16,
        1
    ]
}</system-out>
			<system-err>[2022-05-12T14:51:43+0200] [MainThread] [I] [cwltool] Resolved 'v1.0/count-lines3-wf.cwl' to 'file:///home/michael/common-workflow-language/v1.0/v1.0/count-lines3-wf.cwl'
[2022-05-12T14:51:46+0200] [MainThread] [I] [toil.job] Saving graph of 2 jobs, 2 new
[2022-05-12T14:51:46+0200] [MainThread] [I] [toil.job] Processing job 'ResolveIndirect' kind-ResolveIndirect/instance-7z3o16l7 v0
[2022-05-12T14:51:46+0200] [MainThread] [I] [toil.job] Processing job 'CWLWorkflow' kind-CWLWorkflow/instance-fysdofgb v0
[2022-05-12T14:51:46+0200] [MainThread] [I] [toil] Running Toil version 5.6.0-c34146a6437e4407a61e946e968bcce67a0ebbca on host mrc-tux.
[2022-05-12T14:51:46+0200] [MainThread] [I] [toil.worker] Redirecting logging to /tmp/e431cc658e3a53ef98254b22f46054be/8608/worker_log.txt
[2022-05-12T14:51:46+0200] [MainThread] [I] [toil.leader] 0 jobs are running, 0 jobs are issued and waiting to run
[2022-05-12T14:51:47+0200] [MainThread] [I] [toil.worker] Redirecting logging to /tmp/e431cc658e3a53ef98254b22f46054be/f3bf/worker_log.txt
[2022-05-12T14:51:47+0200] [MainThread] [I] [toil.leader] Issued job 'CWLJob' count-lines3-wf.cwl[0].wc2-tool.cwl kind-CWLJob/instance-1dkijazg v1 with job batch system ID: 2 and cores: 1, disk: 2.0 Gi, and memory: 8.0 Mi
[2022-05-12T14:51:47+0200] [MainThread] [I] [toil.leader] Issued job 'CWLJob' count-lines3-wf.cwl[1].wc2-tool.cwl kind-CWLJob/instance-hbswsfyh v1 with job batch system ID: 3 and cores: 1, disk: 2.0 Gi, and memory: 8.0 Mi
[2022-05-12T14:51:47+0200] [MainThread] [I] [toil.worker] Redirecting logging to /tmp/e431cc658e3a53ef98254b22f46054be/1e3b/worker_log.txt
[2022-05-12T14:51:47+0200] [MainThread] [I] [toil.worker] Redirecting logging to /tmp/e431cc658e3a53ef98254b22f46054be/b01a/worker_log.txt
[2022-05-12T14:51:48+0200] [MainThread] [I] [toil.worker] Redirecting logging to /tmp/e431cc658e3a53ef98254b22f46054be/634e/worker_log.txt
[2022-05-12T14:51:49+0200] [MainThread] [I] [toil.worker] Redirecting logging to /tmp/e431cc658e3a53ef98254b22f46054be/c914/worker_log.txt
[2022-05-12T14:51:50+0200] [MainThread] [I] [toil.worker] Redirecting logging to /tmp/e431cc658e3a53ef98254b22f46054be/d33b/worker_log.txt
[2022-05-12T14:51:50+0200] [MainThread] [I] [toil.worker] Redirecting logging to /tmp/e431cc658e3a53ef98254b22f46054be/b4a6/worker_log.txt
[2022-05-12T14:51:52+0200] [MainThread] [I] [toil.leader] Finished toil run successfully.
[2022-05-12T14:51:52+0200] [MainThread] [I] [toil.common] Successfully deleted the job store: FileJobStore(/tmp/tmpidc1avs6)
</system-err>
		</testcase>
		<testcase name="Test single step workflow with Scatter step and two data links connected to same input, default merge behavior" time="9.354608" class="scatter, multiple_input, inline_javascript, workflow" file="wf_wc_scatter_multiple_merge" url="cwltest:conformance_test_v1.0#27">
			<system-out>{
    &quot;count_output&quot;: [
        16,
        1
    ]
}</system-out>
			<system-err>[2022-05-12T14:51:46+0200] [MainThread] [I] [cwltool] Resolved 'v1.0/count-lines4-wf.cwl' to 'file:///home/michael/common-workflow-language/v1.0/v1.0/count-lines4-wf.cwl'
[2022-05-12T14:51:48+0200] [MainThread] [I] [toil.job] Saving graph of 2 jobs, 2 new
[2022-05-12T14:51:48+0200] [MainThread] [I] [toil.job] Processing job 'ResolveIndirect' kind-ResolveIndirect/instance-oe6amkst v0
[2022-05-12T14:51:48+0200] [MainThread] [I] [toil.job] Processing job 'CWLWorkflow' kind-CWLWorkflow/instance-z22fnuwo v0
[2022-05-12T14:51:48+0200] [MainThread] [I] [toil] Running Toil version 5.6.0-c34146a6437e4407a61e946e968bcce67a0ebbca on host mrc-tux.
[2022-05-12T14:51:49+0200] [MainThread] [I] [toil.worker] Redirecting logging to /tmp/5f0a9c6d110e5785884097c4b1201356/56b9/worker_log.txt
[2022-05-12T14:51:49+0200] [MainThread] [I] [toil.leader] 0 jobs are running, 0 jobs are issued and waiting to run
[2022-05-12T14:51:49+0200] [MainThread] [I] [toil.worker] Redirecting logging to /tmp/5f0a9c6d110e5785884097c4b1201356/be3d/worker_log.txt
[2022-05-12T14:51:49+0200] [MainThread] [I] [toil.leader] Issued job 'CWLJob' count-lines4-wf.cwl[0].wc2-tool.cwl kind-CWLJob/instance-991gpfp6 v1 with job batch system ID: 2 and cores: 1, disk: 2.0 Gi, and memory: 8.0 Mi
[2022-05-12T14:51:49+0200] [MainThread] [I] [toil.leader] Issued job 'CWLJob' count-lines4-wf.cwl[1].wc2-tool.cwl kind-CWLJob/instance-qtwsj8dr v1 with job batch system ID: 3 and cores: 1, disk: 2.0 Gi, and memory: 8.0 Mi
[2022-05-12T14:51:50+0200] [MainThread] [I] [toil.worker] Redirecting logging to /tmp/5f0a9c6d110e5785884097c4b1201356/3096/worker_log.txt
[2022-05-12T14:51:50+0200] [MainThread] [I] [toil.worker] Redirecting logging to /tmp/5f0a9c6d110e5785884097c4b1201356/b976/worker_log.txt
[2022-05-12T14:51:51+0200] [MainThread] [I] [toil.worker] Redirecting logging to /tmp/5f0a9c6d110e5785884097c4b1201356/1372/worker_log.txt
[2022-05-12T14:51:51+0200] [MainThread] [I] [toil.worker] Redirecting logging to /tmp/5f0a9c6d110e5785884097c4b1201356/20d9/worker_log.txt
[2022-05-12T14:51:52+0200] [MainThread] [I] [toil.worker] Redirecting logging to /tmp/5f0a9c6d110e5785884097c4b1201356/99aa/worker_log.txt
[2022-05-12T14:51:53+0200] [MainThread] [I] [toil.worker] Redirecting logging to /tmp/5f0a9c6d110e5785884097c4b1201356/8fef/worker_log.txt
[2022-05-12T14:51:54+0200] [MainThread] [I] [toil.leader] Finished toil run successfully.
[2022-05-12T14:51:54+0200] [MainThread] [I] [toil.common] Successfully deleted the job store: FileJobStore(/tmp/tmpuayfr0_w)
</system-err>
		</testcase>
		<testcase name="Test single step workflow with Scatter step and two data links connected to same input, nested merge behavior" time="9.286062" class="scatter, multiple_input, inline_javascript, workflow" file="wf_wc_scatter_multiple_nested" url="cwltest:conformance_test_v1.0#28">
			<system-out>{
    &quot;count_output&quot;: [
        32,
        2
    ]
}</system-out>
			<system-err>[2022-05-12T14:51:50+0200] [MainThread] [I] [cwltool] Resolved 'v1.0/count-lines6-wf.cwl' to 'file:///home/michael/common-workflow-language/v1.0/v1.0/count-lines6-wf.cwl'
[2022-05-12T14:51:53+0200] [MainThread] [I] [toil.job] Saving graph of 2 jobs, 2 new
[2022-05-12T14:51:53+0200] [MainThread] [I] [toil.job] Processing job 'ResolveIndirect' kind-ResolveIndirect/instance-l39rnvku v0
[2022-05-12T14:51:53+0200] [MainThread] [I] [toil.job] Processing job 'CWLWorkflow' kind-CWLWorkflow/instance-ays0xt24 v0
[2022-05-12T14:51:53+0200] [MainThread] [I] [toil] Running Toil version 5.6.0-c34146a6437e4407a61e946e968bcce67a0ebbca on host mrc-tux.
[2022-05-12T14:51:53+0200] [MainThread] [I] [toil.worker] Redirecting logging to /tmp/1f23f4e6259155219c00fc0b18c47b25/8c06/worker_log.txt
[2022-05-12T14:51:53+0200] [MainThread] [I] [toil.leader] 0 jobs are running, 0 jobs are issued and waiting to run
[2022-05-12T14:51:54+0200] [MainThread] [I] [toil.worker] Redirecting logging to /tmp/1f23f4e6259155219c00fc0b18c47b25/ec75/worker_log.txt
[2022-05-12T14:51:54+0200] [MainThread] [I] [toil.leader] Issued job 'CWLJob' count-lines6-wf.cwl[0].wc3-tool.cwl kind-CWLJob/instance-8bacbyyy v1 with job batch system ID: 2 and cores: 1, disk: 2.0 Gi, and memory: 8.0 Mi
[2022-05-12T14:51:54+0200] [MainThread] [I] [toil.leader] Issued job 'CWLJob' count-lines6-wf.cwl[1].wc3-tool.cwl kind-CWLJob/instance-apxd8jg4 v1 with job batch system ID: 3 and cores: 1, disk: 2.0 Gi, and memory: 8.0 Mi
[2022-05-12T14:51:54+0200] [MainThread] [I] [toil.worker] Redirecting logging to /tmp/1f23f4e6259155219c00fc0b18c47b25/3708/worker_log.txt
[2022-05-12T14:51:54+0200] [MainThread] [I] [toil.worker] Redirecting logging to /tmp/1f23f4e6259155219c00fc0b18c47b25/3152/worker_log.txt
[2022-05-12T14:51:55+0200] [MainThread] [I] [toil.worker] Redirecting logging to /tmp/1f23f4e6259155219c00fc0b18c47b25/1b9d/worker_log.txt
[2022-05-12T14:51:56+0200] [MainThread] [I] [toil.worker] Redirecting logging to /tmp/1f23f4e6259155219c00fc0b18c47b25/04af/worker_log.txt
[2022-05-12T14:51:57+0200] [MainThread] [I] [toil.worker] Redirecting logging to /tmp/1f23f4e6259155219c00fc0b18c47b25/3070/worker_log.txt
[2022-05-12T14:51:57+0200] [MainThread] [I] [toil.worker] Redirecting logging to /tmp/1f23f4e6259155219c00fc0b18c47b25/438f/worker_log.txt
[2022-05-12T14:51:59+0200] [MainThread] [I] [toil.leader] Finished toil run successfully.
[2022-05-12T14:51:59+0200] [MainThread] [I] [toil.common] Successfully deleted the job store: FileJobStore(/tmp/tmpkf7t49z9)
</system-err>
		</testcase>
		<testcase name="Test single step workflow with Scatter step and two data links connected to same input, flattened merge behavior" time="6.993905" class="multiple_input, inline_javascript, workflow" file="wf_wc_scatter_multiple_flattened" url="cwltest:conformance_test_v1.0#29">
			<system-out>{
    &quot;count_output&quot;: 34
}</system-out>
			<system-err>[2022-05-12T14:51:51+0200] [MainThread] [I] [cwltool] Resolved 'v1.0/count-lines7-wf.cwl' to 'file:///home/michael/common-workflow-language/v1.0/v1.0/count-lines7-wf.cwl'
[2022-05-12T14:51:53+0200] [MainThread] [I] [toil.job] Saving graph of 2 jobs, 2 new
[2022-05-12T14:51:53+0200] [MainThread] [I] [toil.job] Processing job 'ResolveIndirect' kind-ResolveIndirect/instance-3h5z29wb v0
[2022-05-12T14:51:53+0200] [MainThread] [I] [toil.job] Processing job 'CWLWorkflow' kind-CWLWorkflow/instance-jureasx4 v0
[2022-05-12T14:51:53+0200] [MainThread] [I] [toil] Running Toil version 5.6.0-c34146a6437e4407a61e946e968bcce67a0ebbca on host mrc-tux.
[2022-05-12T14:51:53+0200] [MainThread] [I] [toil.worker] Redirecting logging to /tmp/f02563580dc05310a02df9a8a7e49bd2/87a4/worker_log.txt
[2022-05-12T14:51:53+0200] [MainThread] [I] [toil.leader] 0 jobs are running, 0 jobs are issued and waiting to run
[2022-05-12T14:51:53+0200] [MainThread] [I] [toil.leader] Issued job 'CWLJob' count-lines7-wf.cwl.step1.wc3-tool.cwl kind-CWLJob/instance-bqulbypl v1 with job batch system ID: 1 and cores: 1, disk: 2.0 Gi, and memory: 8.0 Mi
[2022-05-12T14:51:54+0200] [MainThread] [I] [toil.worker] Redirecting logging to /tmp/f02563580dc05310a02df9a8a7e49bd2/7429/worker_log.txt
[2022-05-12T14:51:55+0200] [MainThread] [I] [toil.worker] Redirecting logging to /tmp/f02563580dc05310a02df9a8a7e49bd2/6994/worker_log.txt
[2022-05-12T14:51:55+0200] [MainThread] [I] [toil.worker] Redirecting logging to /tmp/f02563580dc05310a02df9a8a7e49bd2/024d/worker_log.txt
[2022-05-12T14:51:57+0200] [MainThread] [I] [toil.leader] Finished toil run successfully.
[2022-05-12T14:51:57+0200] [MainThread] [I] [toil.common] Successfully deleted the job store: FileJobStore(/tmp/tmp6l_mzh_m)
</system-err>
		</testcase>
		<testcase name="Test that no MultipleInputFeatureRequirement is necessary when workflow step source is a single-item list" time="6.791129" class="inline_javascript, workflow" file="wf_wc_nomultiple" url="cwltest:conformance_test_v1.0#30">
			<system-out>{
    &quot;count_output&quot;: 32
}</system-out>
			<system-err>[2022-05-12T14:51:52+0200] [MainThread] [I] [cwltool] Resolved 'v1.0/count-lines13-wf.cwl' to 'file:///home/michael/common-workflow-language/v1.0/v1.0/count-lines13-wf.cwl'
[2022-05-12T14:51:54+0200] [MainThread] [I] [toil.job] Saving graph of 2 jobs, 2 new
[2022-05-12T14:51:54+0200] [MainThread] [I] [toil.job] Processing job 'ResolveIndirect' kind-ResolveIndirect/instance-iwxgbbaw v0
[2022-05-12T14:51:54+0200] [MainThread] [I] [toil.job] Processing job 'CWLWorkflow' kind-CWLWorkflow/instance-9b4lqnq5 v0
[2022-05-12T14:51:54+0200] [MainThread] [I] [toil] Running Toil version 5.6.0-c34146a6437e4407a61e946e968bcce67a0ebbca on host mrc-tux.
[2022-05-12T14:51:55+0200] [MainThread] [I] [toil.worker] Redirecting logging to /tmp/3d4ac94ea3f658a4bb920e29541a830c/75dc/worker_log.txt
[2022-05-12T14:51:55+0200] [MainThread] [I] [toil.leader] 0 jobs are running, 0 jobs are issued and waiting to run
[2022-05-12T14:51:55+0200] [MainThread] [I] [toil.leader] Issued job 'CWLJob' count-lines13-wf.cwl.step1.wc3-tool.cwl kind-CWLJob/instance-ovay2abz v1 with job batch system ID: 1 and cores: 1, disk: 2.0 Gi, and memory: 8.0 Mi
[2022-05-12T14:51:56+0200] [MainThread] [I] [toil.worker] Redirecting logging to /tmp/3d4ac94ea3f658a4bb920e29541a830c/6798/worker_log.txt
[2022-05-12T14:51:56+0200] [MainThread] [I] [toil.worker] Redirecting logging to /tmp/3d4ac94ea3f658a4bb920e29541a830c/b443/worker_log.txt
[2022-05-12T14:51:57+0200] [MainThread] [I] [toil.worker] Redirecting logging to /tmp/3d4ac94ea3f658a4bb920e29541a830c/085e/worker_log.txt
[2022-05-12T14:51:58+0200] [MainThread] [I] [toil.leader] Finished toil run successfully.
[2022-05-12T14:51:58+0200] [MainThread] [I] [toil.common] Successfully deleted the job store: FileJobStore(/tmp/tmp1gmhdhvg)
</system-err>
		</testcase>
		<testcase name="Test workflow with default value for input parameter (missing)" time="6.971564" class="inline_javascript, workflow" file="wf_input_default_missing" url="cwltest:conformance_test_v1.0#31">
			<system-out>{
    &quot;count_output&quot;: 1
}</system-out>
			<system-err>[2022-05-12T14:51:55+0200] [MainThread] [I] [cwltool] Resolved 'v1.0/count-lines5-wf.cwl' to 'file:///home/michael/common-workflow-language/v1.0/v1.0/count-lines5-wf.cwl'
[2022-05-12T14:51:57+0200] [MainThread] [I] [toil.job] Saving graph of 2 jobs, 2 new
[2022-05-12T14:51:57+0200] [MainThread] [I] [toil.job] Processing job 'ResolveIndirect' kind-ResolveIndirect/instance-9fh59u3z v0
[2022-05-12T14:51:57+0200] [MainThread] [I] [toil.job] Processing job 'CWLWorkflow' kind-CWLWorkflow/instance-70of577j v0
[2022-05-12T14:51:57+0200] [MainThread] [I] [toil] Running Toil version 5.6.0-c34146a6437e4407a61e946e968bcce67a0ebbca on host mrc-tux.
[2022-05-12T14:51:58+0200] [MainThread] [I] [toil.worker] Redirecting logging to /tmp/7e9bc1238e5e512087e1a282bec743fa/ea70/worker_log.txt
[2022-05-12T14:51:58+0200] [MainThread] [I] [toil.leader] 0 jobs are running, 0 jobs are issued and waiting to run
[2022-05-12T14:51:58+0200] [MainThread] [I] [toil.leader] Issued job 'CWLJob' count-lines5-wf.cwl.step1.wc2-tool.cwl kind-CWLJob/instance-16u4zke6 v1 with job batch system ID: 1 and cores: 1, disk: 2.0 Gi, and memory: 8.0 Mi
[2022-05-12T14:51:58+0200] [MainThread] [I] [toil.worker] Redirecting logging to /tmp/7e9bc1238e5e512087e1a282bec743fa/b36d/worker_log.txt
[2022-05-12T14:51:59+0200] [MainThread] [I] [toil.worker] Redirecting logging to /tmp/7e9bc1238e5e512087e1a282bec743fa/9731/worker_log.txt
[2022-05-12T14:52:00+0200] [MainThread] [I] [toil.worker] Redirecting logging to /tmp/7e9bc1238e5e512087e1a282bec743fa/d74e/worker_log.txt
[2022-05-12T14:52:01+0200] [MainThread] [I] [toil.leader] Finished toil run successfully.
[2022-05-12T14:52:01+0200] [MainThread] [I] [toil.common] Successfully deleted the job store: FileJobStore(/tmp/tmp_8ln1jit)
</system-err>
		</testcase>
		<testcase name="Test workflow with default value for input parameter (provided)" time="6.624282" class="inline_javascript, workflow" file="wf_input_default_provided" url="cwltest:conformance_test_v1.0#32">
			<system-out>{
    &quot;count_output&quot;: 16
}</system-out>
			<system-err>[2022-05-12T14:51:57+0200] [MainThread] [I] [cwltool] Resolved 'v1.0/count-lines5-wf.cwl' to 'file:///home/michael/common-workflow-language/v1.0/v1.0/count-lines5-wf.cwl'
[2022-05-12T14:51:59+0200] [MainThread] [I] [toil.job] Saving graph of 2 jobs, 2 new
[2022-05-12T14:51:59+0200] [MainThread] [I] [toil.job] Processing job 'ResolveIndirect' kind-ResolveIndirect/instance-il1hbn3y v0
[2022-05-12T14:51:59+0200] [MainThread] [I] [toil.job] Processing job 'CWLWorkflow' kind-CWLWorkflow/instance-ozy70xx3 v0
[2022-05-12T14:51:59+0200] [MainThread] [I] [toil] Running Toil version 5.6.0-c34146a6437e4407a61e946e968bcce67a0ebbca on host mrc-tux.
[2022-05-12T14:52:00+0200] [MainThread] [I] [toil.worker] Redirecting logging to /tmp/55d486462a315e2d991329c6e2a1f5e7/d17a/worker_log.txt
[2022-05-12T14:52:00+0200] [MainThread] [I] [toil.leader] 0 jobs are running, 0 jobs are issued and waiting to run
[2022-05-12T14:52:00+0200] [MainThread] [I] [toil.leader] Issued job 'CWLJob' count-lines5-wf.cwl.step1.wc2-tool.cwl kind-CWLJob/instance-wrb_o_rs v1 with job batch system ID: 1 and cores: 1, disk: 2.0 Gi, and memory: 8.0 Mi
[2022-05-12T14:52:00+0200] [MainThread] [I] [toil.worker] Redirecting logging to /tmp/55d486462a315e2d991329c6e2a1f5e7/2f35/worker_log.txt
[2022-05-12T14:52:01+0200] [MainThread] [I] [toil.worker] Redirecting logging to /tmp/55d486462a315e2d991329c6e2a1f5e7/4553/worker_log.txt
[2022-05-12T14:52:02+0200] [MainThread] [I] [toil.worker] Redirecting logging to /tmp/55d486462a315e2d991329c6e2a1f5e7/9f5f/worker_log.txt
[2022-05-12T14:52:04+0200] [MainThread] [I] [toil.leader] Finished toil run successfully.
[2022-05-12T14:52:04+0200] [MainThread] [I] [toil.common] Successfully deleted the job store: FileJobStore(/tmp/tmpwh4sefda)
</system-err>
		</testcase>
		<testcase name="Test that workflow defaults override tool defaults" time="6.679157" class="required, workflow" file="wf_default_tool_default" url="cwltest:conformance_test_v1.0#33">
			<system-out>{
    &quot;default_output&quot;: &quot;workflow_default&quot;
}</system-out>
			<system-err>[2022-05-12T14:51:59+0200] [MainThread] [I] [cwltool] Resolved 'v1.0/echo-wf-default.cwl' to 'file:///home/michael/common-workflow-language/v1.0/v1.0/echo-wf-default.cwl'
[2022-05-12T14:52:01+0200] [MainThread] [I] [toil.job] Saving graph of 2 jobs, 2 new
[2022-05-12T14:52:01+0200] [MainThread] [I] [toil.job] Processing job 'ResolveIndirect' kind-ResolveIndirect/instance-iolj82ra v0
[2022-05-12T14:52:01+0200] [MainThread] [I] [toil.job] Processing job 'CWLWorkflow' kind-CWLWorkflow/instance-_32xam4b v0
[2022-05-12T14:52:01+0200] [MainThread] [I] [toil] Running Toil version 5.6.0-c34146a6437e4407a61e946e968bcce67a0ebbca on host mrc-tux.
[2022-05-12T14:52:01+0200] [MainThread] [I] [toil.worker] Redirecting logging to /tmp/1df17d3f8efc53f2bf4b3af4534aaee1/8dc5/worker_log.txt
[2022-05-12T14:52:02+0200] [MainThread] [I] [toil.leader] 0 jobs are running, 0 jobs are issued and waiting to run
[2022-05-12T14:52:02+0200] [MainThread] [I] [toil.leader] Issued job 'CWLJob' echo-wf-default.cwl.step1.echo-tool-default.cwl kind-CWLJob/instance-5k_hxb7j v1 with job batch system ID: 1 and cores: 1, disk: 2.0 Gi, and memory: 8.0 Mi
[2022-05-12T14:52:02+0200] [MainThread] [I] [toil.worker] Redirecting logging to /tmp/1df17d3f8efc53f2bf4b3af4534aaee1/75a7/worker_log.txt
[2022-05-12T14:52:02+0200] [MainThread] [I] [toil.worker] Redirecting logging to /tmp/1df17d3f8efc53f2bf4b3af4534aaee1/3e3c/worker_log.txt
[2022-05-12T14:52:03+0200] [MainThread] [I] [toil.worker] Redirecting logging to /tmp/1df17d3f8efc53f2bf4b3af4534aaee1/ea72/worker_log.txt
[2022-05-12T14:52:05+0200] [MainThread] [I] [toil.leader] Finished toil run successfully.
[2022-05-12T14:52:05+0200] [MainThread] [I] [toil.common] Successfully deleted the job store: FileJobStore(/tmp/tmp0msnbah9)
</system-err>
		</testcase>
		<testcase name="Test EnvVarRequirement" time="3.757314" class="env_var, command_line_tool" file="envvar_req" url="cwltest:conformance_test_v1.0#34">
			<system-out>{
    &quot;out&quot;: {
        &quot;location&quot;: &quot;file:///tmp/tmp9k0ylq_y/out&quot;,
        &quot;basename&quot;: &quot;out&quot;,
        &quot;nameroot&quot;: &quot;out&quot;,
        &quot;nameext&quot;: &quot;&quot;,
        &quot;class&quot;: &quot;File&quot;,
        &quot;checksum&quot;: &quot;sha1$b3ec4ed1749c207e52b3a6d08c59f31d83bff519&quot;,
        &quot;size&quot;: 15
    }
}</system-out>
			<system-err>[2022-05-12T14:52:00+0200] [MainThread] [I] [cwltool] Resolved 'v1.0/env-tool1.cwl' to 'file:///home/michael/common-workflow-language/v1.0/v1.0/env-tool1.cwl'
[2022-05-12T14:52:01+0200] [MainThread] [I] [toil.job] Saving graph of 1 jobs, 1 new
[2022-05-12T14:52:01+0200] [MainThread] [I] [toil.job] Processing job 'CWLJob' env-tool1.cwl kind-CWLJob/instance-4br0fmuf v0
[2022-05-12T14:52:01+0200] [MainThread] [I] [toil] Running Toil version 5.6.0-c34146a6437e4407a61e946e968bcce67a0ebbca on host mrc-tux.
[2022-05-12T14:52:01+0200] [MainThread] [I] [toil.leader] Issued job 'CWLJob' env-tool1.cwl kind-CWLJob/instance-4br0fmuf v1 with job batch system ID: 0 and cores: 1, disk: 2.0 Gi, and memory: 8.0 Mi
[2022-05-12T14:52:01+0200] [MainThread] [I] [toil.worker] Redirecting logging to /tmp/307ef97fe8515cec8bec27ed23bab863/1df5/worker_log.txt
[2022-05-12T14:52:01+0200] [MainThread] [I] [toil.leader] 0 jobs are running, 0 jobs are issued and waiting to run
[2022-05-12T14:52:03+0200] [MainThread] [I] [toil.leader] Finished toil run successfully.
[2022-05-12T14:52:03+0200] [MainThread] [I] [toil.common] Successfully deleted the job store: FileJobStore(/tmp/tmpj4cy6rj0)
</system-err>
		</testcase>
		<testcase name="Test workflow scatter with single scatter parameter" time="9.361380" class="scatter, workflow" file="wf_scatter_single_param" url="cwltest:conformance_test_v1.0#35">
			<system-out>{
    &quot;out&quot;: [
        &quot;foo one&quot;,
        &quot;foo two&quot;,
        &quot;foo three&quot;,
        &quot;foo four&quot;
    ]
}</system-out>
			<system-err>[2022-05-12T14:52:02+0200] [MainThread] [I] [cwltool] Resolved 'v1.0/scatter-wf1.cwl' to 'file:///home/michael/common-workflow-language/v1.0/v1.0/scatter-wf1.cwl'
[2022-05-12T14:52:04+0200] [MainThread] [I] [toil.job] Saving graph of 2 jobs, 2 new
[2022-05-12T14:52:04+0200] [MainThread] [I] [toil.job] Processing job 'ResolveIndirect' kind-ResolveIndirect/instance-bmruht72 v0
[2022-05-12T14:52:04+0200] [MainThread] [I] [toil.job] Processing job 'CWLWorkflow' kind-CWLWorkflow/instance-6yccudrp v0
[2022-05-12T14:52:04+0200] [MainThread] [I] [toil] Running Toil version 5.6.0-c34146a6437e4407a61e946e968bcce67a0ebbca on host mrc-tux.
[2022-05-12T14:52:04+0200] [MainThread] [I] [toil.worker] Redirecting logging to /tmp/f094ce7c6fc25bbc993b87e7652cefbe/c5fb/worker_log.txt
[2022-05-12T14:52:04+0200] [MainThread] [I] [toil.leader] 0 jobs are running, 0 jobs are issued and waiting to run
[2022-05-12T14:52:05+0200] [MainThread] [I] [toil.worker] Redirecting logging to /tmp/f094ce7c6fc25bbc993b87e7652cefbe/ff46/worker_log.txt
[2022-05-12T14:52:05+0200] [MainThread] [I] [toil.leader] Issued job 'CWLJob' scatter-wf1.cwl[3].2b9be57d-8f74-4044-ae8c-c7f53a1be4ba kind-CWLJob/instance-86l7j6x4 v1 with job batch system ID: 2 and cores: 1, disk: 3.0 Gi, and memory: 2.0 Gi
[2022-05-12T14:52:05+0200] [MainThread] [I] [toil.leader] Issued job 'CWLJob' scatter-wf1.cwl[1].2b9be57d-8f74-4044-ae8c-c7f53a1be4ba kind-CWLJob/instance-9orvhx_l v1 with job batch system ID: 3 and cores: 1, disk: 3.0 Gi, and memory: 2.0 Gi
[2022-05-12T14:52:05+0200] [MainThread] [I] [toil.leader] Issued job 'CWLJob' scatter-wf1.cwl[0].2b9be57d-8f74-4044-ae8c-c7f53a1be4ba kind-CWLJob/instance-yn2pa5_r v1 with job batch system ID: 4 and cores: 1, disk: 3.0 Gi, and memory: 2.0 Gi
[2022-05-12T14:52:05+0200] [MainThread] [I] [toil.leader] Issued job 'CWLJob' scatter-wf1.cwl[2].2b9be57d-8f74-4044-ae8c-c7f53a1be4ba kind-CWLJob/instance-oi9adptl v1 with job batch system ID: 5 and cores: 1, disk: 3.0 Gi, and memory: 2.0 Gi
[2022-05-12T14:52:05+0200] [MainThread] [I] [toil.worker] Redirecting logging to /tmp/f094ce7c6fc25bbc993b87e7652cefbe/2764/worker_log.txt
[2022-05-12T14:52:05+0200] [MainThread] [I] [toil.worker] Redirecting logging to /tmp/f094ce7c6fc25bbc993b87e7652cefbe/e108/worker_log.txt
[2022-05-12T14:52:06+0200] [MainThread] [I] [toil.worker] Redirecting logging to /tmp/f094ce7c6fc25bbc993b87e7652cefbe/5a96/worker_log.txt
[2022-05-12T14:52:06+0200] [MainThread] [I] [toil.worker] Redirecting logging to /tmp/f094ce7c6fc25bbc993b87e7652cefbe/f3c2/worker_log.txt
[2022-05-12T14:52:06+0200] [MainThread] [I] [toil.worker] Redirecting logging to /tmp/f094ce7c6fc25bbc993b87e7652cefbe/c09e/worker_log.txt
[2022-05-12T14:52:07+0200] [MainThread] [I] [toil.worker] Redirecting logging to /tmp/f094ce7c6fc25bbc993b87e7652cefbe/f084/worker_log.txt
[2022-05-12T14:52:08+0200] [MainThread] [I] [toil.worker] Redirecting logging to /tmp/f094ce7c6fc25bbc993b87e7652cefbe/e472/worker_log.txt
[2022-05-12T14:52:09+0200] [MainThread] [I] [toil.worker] Redirecting logging to /tmp/f094ce7c6fc25bbc993b87e7652cefbe/469a/worker_log.txt
[2022-05-12T14:52:11+0200] [MainThread] [I] [toil.leader] Finished toil run successfully.
[2022-05-12T14:52:11+0200] [MainThread] [I] [toil.common] Successfully deleted the job store: FileJobStore(/tmp/tmpgpme3ix6)
</system-err>
		</testcase>
		<testcase name="Test workflow scatter with two scatter parameters and nested_crossproduct join method" time="9.356551" class="scatter, workflow" file="wf_scatter_two_nested_crossproduct" url="cwltest:conformance_test_v1.0#36">
			<system-out>{
    &quot;out&quot;: [
        [
            &quot;foo one three&quot;,
            &quot;foo one four&quot;
        ],
        [
            &quot;foo two three&quot;,
            &quot;foo two four&quot;
        ]
    ]
}</system-out>
			<system-err>[2022-05-12T14:52:03+0200] [MainThread] [I] [cwltool] Resolved 'v1.0/scatter-wf2.cwl' to 'file:///home/michael/common-workflow-language/v1.0/v1.0/scatter-wf2.cwl'
[2022-05-12T14:52:05+0200] [MainThread] [I] [toil.job] Saving graph of 2 jobs, 2 new
[2022-05-12T14:52:05+0200] [MainThread] [I] [toil.job] Processing job 'ResolveIndirect' kind-ResolveIndirect/instance-r4igm061 v0
[2022-05-12T14:52:05+0200] [MainThread] [I] [toil.job] Processing job 'CWLWorkflow' kind-CWLWorkflow/instance-ieuqipbm v0
[2022-05-12T14:52:05+0200] [MainThread] [I] [toil] Running Toil version 5.6.0-c34146a6437e4407a61e946e968bcce67a0ebbca on host mrc-tux.
[2022-05-12T14:52:06+0200] [MainThread] [I] [toil.worker] Redirecting logging to /tmp/dd545cd38bc75afebee57b670c555bc4/b0c1/worker_log.txt
[2022-05-12T14:52:06+0200] [MainThread] [I] [toil.leader] 0 jobs are running, 0 jobs are issued and waiting to run
[2022-05-12T14:52:06+0200] [MainThread] [I] [toil.worker] Redirecting logging to /tmp/dd545cd38bc75afebee57b670c555bc4/d854/worker_log.txt
[2022-05-12T14:52:07+0200] [MainThread] [I] [toil.leader] Issued job 'CWLJob' scatter-wf2.cwl[1].step1command kind-CWLJob/instance-v4lgc2_l v1 with job batch system ID: 2 and cores: 1, disk: 3.0 Gi, and memory: 2.0 Gi
[2022-05-12T14:52:07+0200] [MainThread] [I] [toil.leader] Issued job 'CWLJob' scatter-wf2.cwl[0].step1command kind-CWLJob/instance-28r7cq9a v1 with job batch system ID: 3 and cores: 1, disk: 3.0 Gi, and memory: 2.0 Gi
[2022-05-12T14:52:07+0200] [MainThread] [I] [toil.leader] Issued job 'CWLJob' scatter-wf2.cwl[1].step1command kind-CWLJob/instance-bqggdrpk v1 with job batch system ID: 4 and cores: 1, disk: 3.0 Gi, and memory: 2.0 Gi
[2022-05-12T14:52:07+0200] [MainThread] [I] [toil.leader] Issued job 'CWLJob' scatter-wf2.cwl[0].step1command kind-CWLJob/instance-t8l5vca2 v1 with job batch system ID: 5 and cores: 1, disk: 3.0 Gi, and memory: 2.0 Gi
[2022-05-12T14:52:07+0200] [MainThread] [I] [toil.worker] Redirecting logging to /tmp/dd545cd38bc75afebee57b670c555bc4/f75a/worker_log.txt
[2022-05-12T14:52:07+0200] [MainThread] [I] [toil.worker] Redirecting logging to /tmp/dd545cd38bc75afebee57b670c555bc4/3ec4/worker_log.txt
[2022-05-12T14:52:07+0200] [MainThread] [I] [toil.worker] Redirecting logging to /tmp/dd545cd38bc75afebee57b670c555bc4/b925/worker_log.txt
[2022-05-12T14:52:07+0200] [MainThread] [I] [toil.worker] Redirecting logging to /tmp/dd545cd38bc75afebee57b670c555bc4/ae54/worker_log.txt
[2022-05-12T14:52:08+0200] [MainThread] [I] [toil.worker] Redirecting logging to /tmp/dd545cd38bc75afebee57b670c555bc4/7a65/worker_log.txt
[2022-05-12T14:52:09+0200] [MainThread] [I] [toil.worker] Redirecting logging to /tmp/dd545cd38bc75afebee57b670c555bc4/38f0/worker_log.txt
[2022-05-12T14:52:10+0200] [MainThread] [I] [toil.worker] Redirecting logging to /tmp/dd545cd38bc75afebee57b670c555bc4/6f3a/worker_log.txt
[2022-05-12T14:52:10+0200] [MainThread] [I] [toil.worker] Redirecting logging to /tmp/dd545cd38bc75afebee57b670c555bc4/eac4/worker_log.txt
[2022-05-12T14:52:12+0200] [MainThread] [I] [toil.leader] Finished toil run successfully.
[2022-05-12T14:52:12+0200] [MainThread] [I] [toil.common] Successfully deleted the job store: FileJobStore(/tmp/tmpu_pz4_nq)
</system-err>
		</testcase>
		<testcase name="Test workflow scatter with two scatter parameters and flat_crossproduct join method" time="8.848809" class="scatter, workflow" file="wf_scatter_two_flat_crossproduct" url="cwltest:conformance_test_v1.0#37">
			<system-out>{
    &quot;out&quot;: [
        &quot;foo one three&quot;,
        &quot;foo one four&quot;,
        &quot;foo two three&quot;,
        &quot;foo two four&quot;
    ]
}</system-out>
			<system-err>[2022-05-12T14:52:04+0200] [MainThread] [I] [cwltool] Resolved 'v1.0/scatter-wf3.cwl#main' to 'file:///home/michael/common-workflow-language/v1.0/v1.0/scatter-wf3.cwl#main'
[2022-05-12T14:52:06+0200] [MainThread] [I] [toil.job] Saving graph of 2 jobs, 2 new
[2022-05-12T14:52:06+0200] [MainThread] [I] [toil.job] Processing job 'ResolveIndirect' kind-ResolveIndirect/instance-0vgl0hlr v0
[2022-05-12T14:52:06+0200] [MainThread] [I] [toil.job] Processing job 'CWLWorkflow' kind-CWLWorkflow/instance-gkbctx2q v0
[2022-05-12T14:52:06+0200] [MainThread] [I] [toil] Running Toil version 5.6.0-c34146a6437e4407a61e946e968bcce67a0ebbca on host mrc-tux.
[2022-05-12T14:52:07+0200] [MainThread] [I] [toil.worker] Redirecting logging to /tmp/69f28b24c45a5fe69fde60430ab85975/93ab/worker_log.txt
[2022-05-12T14:52:07+0200] [MainThread] [I] [toil.leader] 0 jobs are running, 0 jobs are issued and waiting to run
[2022-05-12T14:52:07+0200] [MainThread] [I] [toil.worker] Redirecting logging to /tmp/69f28b24c45a5fe69fde60430ab85975/a194/worker_log.txt
[2022-05-12T14:52:08+0200] [MainThread] [I] [toil.leader] Issued job 'CWLJob' main[0].echo kind-CWLJob/instance-92vn35gv v1 with job batch system ID: 2 and cores: 1, disk: 2.0 Gi, and memory: 8.0 Mi
[2022-05-12T14:52:08+0200] [MainThread] [I] [toil.leader] Issued job 'CWLJob' main[0].echo kind-CWLJob/instance-yqp0gadi v1 with job batch system ID: 3 and cores: 1, disk: 2.0 Gi, and memory: 8.0 Mi
[2022-05-12T14:52:08+0200] [MainThread] [I] [toil.leader] Issued job 'CWLJob' main[1].echo kind-CWLJob/instance-hd5xzk93 v1 with job batch system ID: 4 and cores: 1, disk: 2.0 Gi, and memory: 8.0 Mi
[2022-05-12T14:52:08+0200] [MainThread] [I] [toil.leader] Issued job 'CWLJob' main[1].echo kind-CWLJob/instance-h1t2u4v_ v1 with job batch system ID: 5 and cores: 1, disk: 2.0 Gi, and memory: 8.0 Mi
[2022-05-12T14:52:08+0200] [MainThread] [I] [toil.worker] Redirecting logging to /tmp/69f28b24c45a5fe69fde60430ab85975/df7e/worker_log.txt
[2022-05-12T14:52:08+0200] [MainThread] [I] [toil.worker] Redirecting logging to /tmp/69f28b24c45a5fe69fde60430ab85975/9f6c/worker_log.txt
[2022-05-12T14:52:08+0200] [MainThread] [I] [toil.worker] Redirecting logging to /tmp/69f28b24c45a5fe69fde60430ab85975/802b/worker_log.txt
[2022-05-12T14:52:08+0200] [MainThread] [I] [toil.worker] Redirecting logging to /tmp/69f28b24c45a5fe69fde60430ab85975/130b/worker_log.txt
[2022-05-12T14:52:09+0200] [MainThread] [I] [toil.worker] Redirecting logging to /tmp/69f28b24c45a5fe69fde60430ab85975/a890/worker_log.txt
[2022-05-12T14:52:10+0200] [MainThread] [I] [toil.worker] Redirecting logging to /tmp/69f28b24c45a5fe69fde60430ab85975/b6df/worker_log.txt
[2022-05-12T14:52:10+0200] [MainThread] [I] [toil.worker] Redirecting logging to /tmp/69f28b24c45a5fe69fde60430ab85975/ffc2/worker_log.txt
[2022-05-12T14:52:11+0200] [MainThread] [I] [toil.worker] Redirecting logging to /tmp/69f28b24c45a5fe69fde60430ab85975/de8d/worker_log.txt
[2022-05-12T14:52:12+0200] [MainThread] [I] [toil.leader] Finished toil run successfully.
[2022-05-12T14:52:12+0200] [MainThread] [I] [toil.common] Successfully deleted the job store: FileJobStore(/tmp/tmpm0sjtwb0)
</system-err>
		</testcase>
		<testcase name="Test workflow scatter with two scatter parameters and dotproduct join method" time="9.733053" class="scatter, workflow" file="wf_scatter_two_dotproduct" url="cwltest:conformance_test_v1.0#38">
			<system-out>{
    &quot;out&quot;: [
        &quot;foo one three&quot;,
        &quot;foo two four&quot;
    ]
}</system-out>
			<system-err>[2022-05-12T14:52:06+0200] [MainThread] [I] [cwltool] Resolved 'v1.0/scatter-wf4.cwl#main' to 'file:///home/michael/common-workflow-language/v1.0/v1.0/scatter-wf4.cwl#main'
[2022-05-12T14:52:09+0200] [MainThread] [I] [toil.job] Saving graph of 2 jobs, 2 new
[2022-05-12T14:52:09+0200] [MainThread] [I] [toil.job] Processing job 'ResolveIndirect' kind-ResolveIndirect/instance-a2mrs5bu v0
[2022-05-12T14:52:09+0200] [MainThread] [I] [toil.job] Processing job 'CWLWorkflow' kind-CWLWorkflow/instance-kcfbc39z v0
[2022-05-12T14:52:09+0200] [MainThread] [I] [toil] Running Toil version 5.6.0-c34146a6437e4407a61e946e968bcce67a0ebbca on host mrc-tux.
[2022-05-12T14:52:09+0200] [MainThread] [I] [toil.worker] Redirecting logging to /tmp/7dccf2e63f3b523c9fbd756482abc889/f7e1/worker_log.txt
[2022-05-12T14:52:09+0200] [MainThread] [I] [toil.leader] 0 jobs are running, 0 jobs are issued and waiting to run
[2022-05-12T14:52:10+0200] [MainThread] [I] [toil.worker] Redirecting logging to /tmp/7dccf2e63f3b523c9fbd756482abc889/1083/worker_log.txt
[2022-05-12T14:52:10+0200] [MainThread] [I] [toil.leader] Issued job 'CWLJob' main[1].echo kind-CWLJob/instance-jziplrx9 v1 with job batch system ID: 2 and cores: 1, disk: 2.0 Gi, and memory: 8.0 Mi
[2022-05-12T14:52:10+0200] [MainThread] [I] [toil.leader] Issued job 'CWLJob' main[0].echo kind-CWLJob/instance-xyh3mmf7 v1 with job batch system ID: 3 and cores: 1, disk: 2.0 Gi, and memory: 8.0 Mi
[2022-05-12T14:52:10+0200] [MainThread] [I] [toil.worker] Redirecting logging to /tmp/7dccf2e63f3b523c9fbd756482abc889/ed73/worker_log.txt
[2022-05-12T14:52:10+0200] [MainThread] [I] [toil.worker] Redirecting logging to /tmp/7dccf2e63f3b523c9fbd756482abc889/a982/worker_log.txt
[2022-05-12T14:52:11+0200] [MainThread] [I] [toil.worker] Redirecting logging to /tmp/7dccf2e63f3b523c9fbd756482abc889/132f/worker_log.txt
[2022-05-12T14:52:11+0200] [MainThread] [I] [toil.worker] Redirecting logging to /tmp/7dccf2e63f3b523c9fbd756482abc889/1117/worker_log.txt
[2022-05-12T14:52:12+0200] [MainThread] [I] [toil.worker] Redirecting logging to /tmp/7dccf2e63f3b523c9fbd756482abc889/b33c/worker_log.txt
[2022-05-12T14:52:13+0200] [MainThread] [I] [toil.worker] Redirecting logging to /tmp/7dccf2e63f3b523c9fbd756482abc889/7976/worker_log.txt
[2022-05-12T14:52:15+0200] [MainThread] [I] [toil.leader] Finished toil run successfully.
[2022-05-12T14:52:15+0200] [MainThread] [I] [toil.common] Successfully deleted the job store: FileJobStore(/tmp/tmp5wadhu7k)
</system-err>
		</testcase>
		<testcase name="Test workflow scatter with single empty list parameter" time="6.348454" class="scatter, workflow" file="wf_scatter_emptylist" url="cwltest:conformance_test_v1.0#39">
			<system-out>{
    &quot;out&quot;: []
}</system-out>
			<system-err>[2022-05-12T14:52:11+0200] [MainThread] [I] [cwltool] Resolved 'v1.0/scatter-wf1.cwl' to 'file:///home/michael/common-workflow-language/v1.0/v1.0/scatter-wf1.cwl'
[2022-05-12T14:52:13+0200] [MainThread] [I] [toil.job] Saving graph of 2 jobs, 2 new
[2022-05-12T14:52:13+0200] [MainThread] [I] [toil.job] Processing job 'ResolveIndirect' kind-ResolveIndirect/instance-6iet5dsd v0
[2022-05-12T14:52:13+0200] [MainThread] [I] [toil.job] Processing job 'CWLWorkflow' kind-CWLWorkflow/instance-5xzqgei7 v0
[2022-05-12T14:52:13+0200] [MainThread] [I] [toil] Running Toil version 5.6.0-c34146a6437e4407a61e946e968bcce67a0ebbca on host mrc-tux.
[2022-05-12T14:52:13+0200] [MainThread] [I] [toil.worker] Redirecting logging to /tmp/b50e14f7f3005aa8ac362823a64dd163/a5fa/worker_log.txt
[2022-05-12T14:52:14+0200] [MainThread] [I] [toil.leader] 0 jobs are running, 0 jobs are issued and waiting to run
[2022-05-12T14:52:14+0200] [MainThread] [I] [toil.worker] Redirecting logging to /tmp/b50e14f7f3005aa8ac362823a64dd163/31f5/worker_log.txt
[2022-05-12T14:52:15+0200] [MainThread] [I] [toil.worker] Redirecting logging to /tmp/b50e14f7f3005aa8ac362823a64dd163/6501/worker_log.txt
[2022-05-12T14:52:15+0200] [MainThread] [I] [toil.worker] Redirecting logging to /tmp/b50e14f7f3005aa8ac362823a64dd163/db60/worker_log.txt
[2022-05-12T14:52:17+0200] [MainThread] [I] [toil.leader] Finished toil run successfully.
[2022-05-12T14:52:17+0200] [MainThread] [I] [toil.common] Successfully deleted the job store: FileJobStore(/tmp/tmpr553zj0z)
</system-err>
		</testcase>
		<testcase name="Test workflow scatter with two scatter parameters and nested_crossproduct join method with second list empty" time="6.418668" class="scatter, workflow" file="wf_scatter_nested_crossproduct_secondempty" url="cwltest:conformance_test_v1.0#40">
			<system-out>{
    &quot;out&quot;: [
        [],
        []
    ]
}</system-out>
			<system-err>[2022-05-12T14:52:13+0200] [MainThread] [I] [cwltool] Resolved 'v1.0/scatter-wf2.cwl' to 'file:///home/michael/common-workflow-language/v1.0/v1.0/scatter-wf2.cwl'
[2022-05-12T14:52:14+0200] [MainThread] [I] [toil.job] Saving graph of 2 jobs, 2 new
[2022-05-12T14:52:14+0200] [MainThread] [I] [toil.job] Processing job 'ResolveIndirect' kind-ResolveIndirect/instance-3pmg0i0o v0
[2022-05-12T14:52:14+0200] [MainThread] [I] [toil.job] Processing job 'CWLWorkflow' kind-CWLWorkflow/instance-fmwkmc23 v0
[2022-05-12T14:52:14+0200] [MainThread] [I] [toil] Running Toil version 5.6.0-c34146a6437e4407a61e946e968bcce67a0ebbca on host mrc-tux.
[2022-05-12T14:52:15+0200] [MainThread] [I] [toil.worker] Redirecting logging to /tmp/dde031a869035ed09c8931e53fd99cf4/a7fa/worker_log.txt
[2022-05-12T14:52:15+0200] [MainThread] [I] [toil.leader] 0 jobs are running, 0 jobs are issued and waiting to run
[2022-05-12T14:52:15+0200] [MainThread] [I] [toil.worker] Redirecting logging to /tmp/dde031a869035ed09c8931e53fd99cf4/dd5e/worker_log.txt
[2022-05-12T14:52:16+0200] [MainThread] [I] [toil.worker] Redirecting logging to /tmp/dde031a869035ed09c8931e53fd99cf4/32ba/worker_log.txt
[2022-05-12T14:52:17+0200] [MainThread] [I] [toil.worker] Redirecting logging to /tmp/dde031a869035ed09c8931e53fd99cf4/d24c/worker_log.txt
[2022-05-12T14:52:18+0200] [MainThread] [I] [toil.leader] Finished toil run successfully.
[2022-05-12T14:52:18+0200] [MainThread] [I] [toil.common] Successfully deleted the job store: FileJobStore(/tmp/tmpebj6q4r_)
</system-err>
		</testcase>
		<testcase name="Test workflow scatter with two scatter parameters and nested_crossproduct join method with first list empty" time="6.517606" class="scatter, workflow" file="wf_scatter_nested_crossproduct_firstempty" url="cwltest:conformance_test_v1.0#41">
			<system-out>{
    &quot;out&quot;: []
}</system-out>
			<system-err>[2022-05-12T14:52:13+0200] [MainThread] [I] [cwltool] Resolved 'v1.0/scatter-wf3.cwl#main' to 'file:///home/michael/common-workflow-language/v1.0/v1.0/scatter-wf3.cwl#main'
[2022-05-12T14:52:15+0200] [MainThread] [I] [toil.job] Saving graph of 2 jobs, 2 new
[2022-05-12T14:52:15+0200] [MainThread] [I] [toil.job] Processing job 'ResolveIndirect' kind-ResolveIndirect/instance-13ouu0af v0
[2022-05-12T14:52:15+0200] [MainThread] [I] [toil.job] Processing job 'CWLWorkflow' kind-CWLWorkflow/instance-22a3qo6y v0
[2022-05-12T14:52:15+0200] [MainThread] [I] [toil] Running Toil version 5.6.0-c34146a6437e4407a61e946e968bcce67a0ebbca on host mrc-tux.
[2022-05-12T14:52:15+0200] [MainThread] [I] [toil.worker] Redirecting logging to /tmp/1eea8a0d6b1e5ffda148812e429f74a4/4f65/worker_log.txt
[2022-05-12T14:52:16+0200] [MainThread] [I] [toil.leader] 0 jobs are running, 0 jobs are issued and waiting to run
[2022-05-12T14:52:16+0200] [MainThread] [I] [toil.worker] Redirecting logging to /tmp/1eea8a0d6b1e5ffda148812e429f74a4/561d/worker_log.txt
[2022-05-12T14:52:16+0200] [MainThread] [I] [toil.worker] Redirecting logging to /tmp/1eea8a0d6b1e5ffda148812e429f74a4/3098/worker_log.txt
[2022-05-12T14:52:17+0200] [MainThread] [I] [toil.worker] Redirecting logging to /tmp/1eea8a0d6b1e5ffda148812e429f74a4/4899/worker_log.txt
[2022-05-12T14:52:19+0200] [MainThread] [I] [toil.leader] Finished toil run successfully.
[2022-05-12T14:52:19+0200] [MainThread] [I] [toil.common] Successfully deleted the job store: FileJobStore(/tmp/tmpo693n_qg)
</system-err>
		</testcase>
		<testcase name="Test workflow scatter with two scatter parameters, one of which is empty and flat_crossproduct join method" time="6.492076" class="scatter, workflow" file="wf_scatter_flat_crossproduct_oneempty" url="cwltest:conformance_test_v1.0#42">
			<system-out>{
    &quot;out&quot;: []
}</system-out>
			<system-err>[2022-05-12T14:52:15+0200] [MainThread] [I] [cwltool] Resolved 'v1.0/scatter-wf3.cwl#main' to 'file:///home/michael/common-workflow-language/v1.0/v1.0/scatter-wf3.cwl#main'
[2022-05-12T14:52:17+0200] [MainThread] [I] [toil.job] Saving graph of 2 jobs, 2 new
[2022-05-12T14:52:17+0200] [MainThread] [I] [toil.job] Processing job 'ResolveIndirect' kind-ResolveIndirect/instance-h73kscqx v0
[2022-05-12T14:52:17+0200] [MainThread] [I] [toil.job] Processing job 'CWLWorkflow' kind-CWLWorkflow/instance-d42pzm0z v0
[2022-05-12T14:52:17+0200] [MainThread] [I] [toil] Running Toil version 5.6.0-c34146a6437e4407a61e946e968bcce67a0ebbca on host mrc-tux.
[2022-05-12T14:52:18+0200] [MainThread] [I] [toil.worker] Redirecting logging to /tmp/d215cf6e91fd5fa289699fa56f17538c/a7a0/worker_log.txt
[2022-05-12T14:52:18+0200] [MainThread] [I] [toil.leader] 0 jobs are running, 0 jobs are issued and waiting to run
[2022-05-12T14:52:18+0200] [MainThread] [I] [toil.worker] Redirecting logging to /tmp/d215cf6e91fd5fa289699fa56f17538c/5549/worker_log.txt
[2022-05-12T14:52:19+0200] [MainThread] [I] [toil.worker] Redirecting logging to /tmp/d215cf6e91fd5fa289699fa56f17538c/60e5/worker_log.txt
[2022-05-12T14:52:19+0200] [MainThread] [I] [toil.worker] Redirecting logging to /tmp/d215cf6e91fd5fa289699fa56f17538c/3337/worker_log.txt
[2022-05-12T14:52:21+0200] [MainThread] [I] [toil.leader] Finished toil run successfully.
[2022-05-12T14:52:21+0200] [MainThread] [I] [toil.common] Successfully deleted the job store: FileJobStore(/tmp/tmpz4u_zr26)
</system-err>
		</testcase>
		<testcase name="Test workflow scatter with two empty scatter parameters and dotproduct join method" time="6.363674" class="scatter, workflow" file="wf_scatter_dotproduct_twoempty" url="cwltest:conformance_test_v1.0#43">
			<system-out>{
    &quot;out&quot;: []
}</system-out>
			<system-err>[2022-05-12T14:52:18+0200] [MainThread] [I] [cwltool] Resolved 'v1.0/scatter-wf4.cwl#main' to 'file:///home/michael/common-workflow-language/v1.0/v1.0/scatter-wf4.cwl#main'
[2022-05-12T14:52:19+0200] [MainThread] [I] [toil.job] Saving graph of 2 jobs, 2 new
[2022-05-12T14:52:19+0200] [MainThread] [I] [toil.job] Processing job 'ResolveIndirect' kind-ResolveIndirect/instance-f9cy5rj5 v0
[2022-05-12T14:52:19+0200] [MainThread] [I] [toil.job] Processing job 'CWLWorkflow' kind-CWLWorkflow/instance-rvpll_rq v0
[2022-05-12T14:52:19+0200] [MainThread] [I] [toil] Running Toil version 5.6.0-c34146a6437e4407a61e946e968bcce67a0ebbca on host mrc-tux.
[2022-05-12T14:52:20+0200] [MainThread] [I] [toil.worker] Redirecting logging to /tmp/a78cac9309d850c78be7c503605b3ccf/ca3c/worker_log.txt
[2022-05-12T14:52:20+0200] [MainThread] [I] [toil.leader] 0 jobs are running, 0 jobs are issued and waiting to run
[2022-05-12T14:52:20+0200] [MainThread] [I] [toil.worker] Redirecting logging to /tmp/a78cac9309d850c78be7c503605b3ccf/e55d/worker_log.txt
[2022-05-12T14:52:21+0200] [MainThread] [I] [toil.worker] Redirecting logging to /tmp/a78cac9309d850c78be7c503605b3ccf/4677/worker_log.txt
[2022-05-12T14:52:22+0200] [MainThread] [I] [toil.worker] Redirecting logging to /tmp/a78cac9309d850c78be7c503605b3ccf/2574/worker_log.txt
[2022-05-12T14:52:23+0200] [MainThread] [I] [toil.leader] Finished toil run successfully.
[2022-05-12T14:52:23+0200] [MainThread] [I] [toil.common] Successfully deleted the job store: FileJobStore(/tmp/tmpo9hhj55c)
</system-err>
		</testcase>
		<testcase name="Test Any type input parameter" time="3.682894" class="required, command_line_tool" file="any_input_param" url="cwltest:conformance_test_v1.0#44">
			<system-out>{
    &quot;out&quot;: &quot;hello test env\n&quot;
}</system-out>
			<system-err>[2022-05-12T14:52:19+0200] [MainThread] [I] [cwltool] Resolved 'v1.0/echo-tool.cwl' to 'file:///home/michael/common-workflow-language/v1.0/v1.0/echo-tool.cwl'
[2022-05-12T14:52:20+0200] [MainThread] [I] [toil.job] Saving graph of 1 jobs, 1 new
[2022-05-12T14:52:20+0200] [MainThread] [I] [toil.job] Processing job 'CWLJob' echo-tool.cwl kind-CWLJob/instance-x7g95put v0
[2022-05-12T14:52:20+0200] [MainThread] [I] [toil] Running Toil version 5.6.0-c34146a6437e4407a61e946e968bcce67a0ebbca on host mrc-tux.
[2022-05-12T14:52:20+0200] [MainThread] [I] [toil.leader] Issued job 'CWLJob' echo-tool.cwl kind-CWLJob/instance-x7g95put v1 with job batch system ID: 0 and cores: 1, disk: 2.0 Gi, and memory: 8.0 Mi
[2022-05-12T14:52:20+0200] [MainThread] [I] [toil.worker] Redirecting logging to /tmp/87987a80cb1053e98837a02f60097d72/7be6/worker_log.txt
[2022-05-12T14:52:21+0200] [MainThread] [I] [toil.leader] 0 jobs are running, 0 jobs are issued and waiting to run
[2022-05-12T14:52:22+0200] [MainThread] [I] [toil.leader] Finished toil run successfully.
[2022-05-12T14:52:22+0200] [MainThread] [I] [toil.common] Successfully deleted the job store: FileJobStore(/tmp/tmpnho5lr4c)
</system-err>
		</testcase>
		<testcase name="Test nested workflow" time="11.136508" class="subworkflow, workflow, inline_javascript" file="nested_workflow" url="cwltest:conformance_test_v1.0#45">
			<system-out>{
    &quot;count_output&quot;: 16
}</system-out>
			<system-err>[2022-05-12T14:52:20+0200] [MainThread] [I] [cwltool] Resolved 'v1.0/count-lines8-wf.cwl' to 'file:///home/michael/common-workflow-language/v1.0/v1.0/count-lines8-wf.cwl'
[2022-05-12T14:52:23+0200] [MainThread] [I] [toil.job] Saving graph of 2 jobs, 2 new
[2022-05-12T14:52:23+0200] [MainThread] [I] [toil.job] Processing job 'ResolveIndirect' kind-ResolveIndirect/instance-utuu_gz3 v0
[2022-05-12T14:52:23+0200] [MainThread] [I] [toil.job] Processing job 'CWLWorkflow' kind-CWLWorkflow/instance-p3f4axxc v0
[2022-05-12T14:52:23+0200] [MainThread] [I] [toil] Running Toil version 5.6.0-c34146a6437e4407a61e946e968bcce67a0ebbca on host mrc-tux.
[2022-05-12T14:52:23+0200] [MainThread] [I] [toil.worker] Redirecting logging to /tmp/7ab97a7f5c315c32a232a63436659e6d/6b8f/worker_log.txt
[2022-05-12T14:52:24+0200] [MainThread] [I] [toil.leader] 0 jobs are running, 0 jobs are issued and waiting to run
[2022-05-12T14:52:24+0200] [MainThread] [I] [toil.worker] Redirecting logging to /tmp/7ab97a7f5c315c32a232a63436659e6d/3479/worker_log.txt
[2022-05-12T14:52:24+0200] [MainThread] [I] [toil.leader] Issued job 'CWLJob' count-lines1-wf.cwl.step1.wc-tool.cwl kind-CWLJob/instance-tmbkhpc4 v1 with job batch system ID: 2 and cores: 1, disk: 2.0 Gi, and memory: 8.0 Mi
[2022-05-12T14:52:25+0200] [MainThread] [I] [toil.worker] Redirecting logging to /tmp/7ab97a7f5c315c32a232a63436659e6d/35c1/worker_log.txt
[2022-05-12T14:52:25+0200] [MainThread] [I] [toil.leader] Issued job 'CWLJob' count-lines1-wf.cwl.step2.parseInt-tool.cwl kind-CWLJob/instance-id8du95e v1 with job batch system ID: 3 and cores: 1, disk: 3.0 Gi, and memory: 2.0 Gi
[2022-05-12T14:52:25+0200] [MainThread] [I] [toil.worker] Redirecting logging to /tmp/7ab97a7f5c315c32a232a63436659e6d/a299/worker_log.txt
[2022-05-12T14:52:26+0200] [MainThread] [I] [toil.leader] Issued job 'CWLJob' count-lines1-wf.cwl.step1.wc-tool.cwl kind-CWLJob/instance-tmbkhpc4 v2 with job batch system ID: 4 and cores: 1, disk: 2.0 Gi, and memory: 8.0 Mi
[2022-05-12T14:52:26+0200] [MainThread] [I] [toil.worker] Redirecting logging to /tmp/7ab97a7f5c315c32a232a63436659e6d/55df/worker_log.txt
[2022-05-12T14:52:27+0200] [MainThread] [I] [toil.worker] Redirecting logging to /tmp/7ab97a7f5c315c32a232a63436659e6d/9518/worker_log.txt
[2022-05-12T14:52:27+0200] [MainThread] [I] [toil.worker] Redirecting logging to /tmp/7ab97a7f5c315c32a232a63436659e6d/6031/worker_log.txt
[2022-05-12T14:52:28+0200] [MainThread] [I] [toil.worker] Redirecting logging to /tmp/7ab97a7f5c315c32a232a63436659e6d/102f/worker_log.txt
[2022-05-12T14:52:28+0200] [MainThread] [I] [toil.worker] Redirecting logging to /tmp/7ab97a7f5c315c32a232a63436659e6d/e7a6/worker_log.txt
[2022-05-12T14:52:30+0200] [MainThread] [I] [toil.leader] Finished toil run successfully.
[2022-05-12T14:52:30+0200] [MainThread] [I] [toil.common] Successfully deleted the job store: FileJobStore(/tmp/tmpi0rmuq0m)
</system-err>
		</testcase>
		<testcase name="Test requirement priority" time="6.386624" class="env_var, workflow" file="requirement_priority" url="cwltest:conformance_test_v1.0#46">
			<system-out>{
    &quot;out&quot;: {
        &quot;location&quot;: &quot;file:///tmp/tmpx1h1sqxv/out&quot;,
        &quot;basename&quot;: &quot;out&quot;,
        &quot;nameroot&quot;: &quot;out&quot;,
        &quot;nameext&quot;: &quot;&quot;,
        &quot;class&quot;: &quot;File&quot;,
        &quot;checksum&quot;: &quot;sha1$b3ec4ed1749c207e52b3a6d08c59f31d83bff519&quot;,
        &quot;size&quot;: 15
    }
}</system-out>
			<system-err>[2022-05-12T14:52:22+0200] [MainThread] [I] [cwltool] Resolved 'v1.0/env-wf1.cwl' to 'file:///home/michael/common-workflow-language/v1.0/v1.0/env-wf1.cwl'
[2022-05-12T14:52:24+0200] [MainThread] [I] [toil.job] Saving graph of 2 jobs, 2 new
[2022-05-12T14:52:24+0200] [MainThread] [I] [toil.job] Processing job 'ResolveIndirect' kind-ResolveIndirect/instance-bdffqw3b v0
[2022-05-12T14:52:24+0200] [MainThread] [I] [toil.job] Processing job 'CWLWorkflow' kind-CWLWorkflow/instance-6lnowgl2 v0
[2022-05-12T14:52:24+0200] [MainThread] [I] [toil] Running Toil version 5.6.0-c34146a6437e4407a61e946e968bcce67a0ebbca on host mrc-tux.
[2022-05-12T14:52:24+0200] [MainThread] [I] [toil.worker] Redirecting logging to /tmp/c55c66b8e53e5d2e8018ded77e04915e/2da0/worker_log.txt
[2022-05-12T14:52:24+0200] [MainThread] [I] [toil.leader] 0 jobs are running, 0 jobs are issued and waiting to run
[2022-05-12T14:52:24+0200] [MainThread] [I] [toil.leader] Issued job 'CWLJob' env-wf1.cwl.step1.env-tool1.cwl kind-CWLJob/instance-hc8c5sc7 v1 with job batch system ID: 1 and cores: 1, disk: 2.0 Gi, and memory: 8.0 Mi
[2022-05-12T14:52:25+0200] [MainThread] [I] [toil.worker] Redirecting logging to /tmp/c55c66b8e53e5d2e8018ded77e04915e/bed3/worker_log.txt
[2022-05-12T14:52:25+0200] [MainThread] [I] [toil.worker] Redirecting logging to /tmp/c55c66b8e53e5d2e8018ded77e04915e/4d4f/worker_log.txt
[2022-05-12T14:52:26+0200] [MainThread] [I] [toil.worker] Redirecting logging to /tmp/c55c66b8e53e5d2e8018ded77e04915e/ef7c/worker_log.txt
[2022-05-12T14:52:28+0200] [MainThread] [I] [toil.leader] Finished toil run successfully.
[2022-05-12T14:52:28+0200] [MainThread] [I] [toil.common] Successfully deleted the job store: FileJobStore(/tmp/tmpcr01u6g_)
</system-err>
		</testcase>
		<testcase name="Test requirements override hints" time="6.554103" class="env_var, workflow" file="requirement_override_hints" url="cwltest:conformance_test_v1.0#47">
			<system-out>{
    &quot;out&quot;: {
        &quot;location&quot;: &quot;file:///tmp/tmpv0cd2how/out&quot;,
        &quot;basename&quot;: &quot;out&quot;,
        &quot;nameroot&quot;: &quot;out&quot;,
        &quot;nameext&quot;: &quot;&quot;,
        &quot;class&quot;: &quot;File&quot;,
        &quot;checksum&quot;: &quot;sha1$cdc1e84968261d6a7575b5305945471f8be199b6&quot;,
        &quot;size&quot;: 9
    }
}</system-out>
			<system-err>[2022-05-12T14:52:23+0200] [MainThread] [I] [cwltool] Resolved 'v1.0/env-wf2.cwl' to 'file:///home/michael/common-workflow-language/v1.0/v1.0/env-wf2.cwl'
[2022-05-12T14:52:25+0200] [MainThread] [I] [toil.job] Saving graph of 2 jobs, 2 new
[2022-05-12T14:52:25+0200] [MainThread] [I] [toil.job] Processing job 'ResolveIndirect' kind-ResolveIndirect/instance-0ks_0bei v0
[2022-05-12T14:52:25+0200] [MainThread] [I] [toil.job] Processing job 'CWLWorkflow' kind-CWLWorkflow/instance-1ux7w6ny v0
[2022-05-12T14:52:25+0200] [MainThread] [I] [toil] Running Toil version 5.6.0-c34146a6437e4407a61e946e968bcce67a0ebbca on host mrc-tux.
[2022-05-12T14:52:25+0200] [MainThread] [I] [toil.worker] Redirecting logging to /tmp/d5de954dca9f5322bf0d3969c9138d73/f323/worker_log.txt
[2022-05-12T14:52:25+0200] [MainThread] [I] [toil.leader] 0 jobs are running, 0 jobs are issued and waiting to run
[2022-05-12T14:52:25+0200] [MainThread] [I] [toil.leader] Issued job 'CWLJob' env-wf2.cwl.step1.env-tool2.cwl kind-CWLJob/instance-jt15k28h v1 with job batch system ID: 1 and cores: 1, disk: 2.0 Gi, and memory: 8.0 Mi
[2022-05-12T14:52:26+0200] [MainThread] [I] [toil.worker] Redirecting logging to /tmp/d5de954dca9f5322bf0d3969c9138d73/8d4a/worker_log.txt
[2022-05-12T14:52:26+0200] [MainThread] [I] [toil.worker] Redirecting logging to /tmp/d5de954dca9f5322bf0d3969c9138d73/5c40/worker_log.txt
[2022-05-12T14:52:27+0200] [MainThread] [I] [toil.worker] Redirecting logging to /tmp/d5de954dca9f5322bf0d3969c9138d73/db33/worker_log.txt
[2022-05-12T14:52:29+0200] [MainThread] [I] [toil.leader] Finished toil run successfully.
[2022-05-12T14:52:29+0200] [MainThread] [I] [toil.common] Successfully deleted the job store: FileJobStore(/tmp/tmple8tul5h)
</system-err>
		</testcase>
		<testcase name="Test requirements on workflow steps" time="6.647933" class="env_var, workflow" file="requirement_workflow_steps" url="cwltest:conformance_test_v1.0#48">
			<system-out>{
    &quot;out&quot;: {
        &quot;location&quot;: &quot;file:///tmp/tmp56gtlhna/out&quot;,
        &quot;basename&quot;: &quot;out&quot;,
        &quot;nameroot&quot;: &quot;out&quot;,
        &quot;nameext&quot;: &quot;&quot;,
        &quot;class&quot;: &quot;File&quot;,
        &quot;checksum&quot;: &quot;sha1$cdc1e84968261d6a7575b5305945471f8be199b6&quot;,
        &quot;size&quot;: 9
    }
}</system-out>
			<system-err>[2022-05-12T14:52:24+0200] [MainThread] [I] [cwltool] Resolved 'v1.0/env-wf3.cwl' to 'file:///home/michael/common-workflow-language/v1.0/v1.0/env-wf3.cwl'
[2022-05-12T14:52:26+0200] [MainThread] [I] [toil.job] Saving graph of 2 jobs, 2 new
[2022-05-12T14:52:26+0200] [MainThread] [I] [toil.job] Processing job 'ResolveIndirect' kind-ResolveIndirect/instance-ep8orwim v0
[2022-05-12T14:52:26+0200] [MainThread] [I] [toil.job] Processing job 'CWLWorkflow' kind-CWLWorkflow/instance-etbrw6bx v0
[2022-05-12T14:52:26+0200] [MainThread] [I] [toil] Running Toil version 5.6.0-c34146a6437e4407a61e946e968bcce67a0ebbca on host mrc-tux.
[2022-05-12T14:52:26+0200] [MainThread] [I] [toil.worker] Redirecting logging to /tmp/58774e680fc759509df39a484c58451f/1d95/worker_log.txt
[2022-05-12T14:52:27+0200] [MainThread] [I] [toil.leader] 0 jobs are running, 0 jobs are issued and waiting to run
[2022-05-12T14:52:27+0200] [MainThread] [I] [toil.leader] Issued job 'CWLJob' env-wf3.cwl.step1.env-tool2.cwl kind-CWLJob/instance-vsmfyaxq v1 with job batch system ID: 1 and cores: 1, disk: 2.0 Gi, and memory: 8.0 Mi
[2022-05-12T14:52:27+0200] [MainThread] [I] [toil.worker] Redirecting logging to /tmp/58774e680fc759509df39a484c58451f/c0ee/worker_log.txt
[2022-05-12T14:52:28+0200] [MainThread] [I] [toil.worker] Redirecting logging to /tmp/58774e680fc759509df39a484c58451f/64fc/worker_log.txt
[2022-05-12T14:52:28+0200] [MainThread] [I] [toil.worker] Redirecting logging to /tmp/58774e680fc759509df39a484c58451f/99be/worker_log.txt
[2022-05-12T14:52:30+0200] [MainThread] [I] [toil.leader] Finished toil run successfully.
[2022-05-12T14:52:30+0200] [MainThread] [I] [toil.common] Successfully deleted the job store: FileJobStore(/tmp/tmpof7dt_34)
</system-err>
		</testcase>
		<testcase name="Test default value on step input parameter" time="9.470752" class="inline_javascript, workflow" file="step_input_default_value" url="cwltest:conformance_test_v1.0#49">
			<system-out>{
    &quot;count_output&quot;: 16
}</system-out>
			<system-err>[2022-05-12T14:52:28+0200] [MainThread] [I] [cwltool] Resolved 'v1.0/count-lines9-wf.cwl' to 'file:///home/michael/common-workflow-language/v1.0/v1.0/count-lines9-wf.cwl'
[2022-05-12T14:52:31+0200] [MainThread] [I] [toil.job] Saving graph of 2 jobs, 2 new
[2022-05-12T14:52:31+0200] [MainThread] [I] [toil.job] Processing job 'ResolveIndirect' kind-ResolveIndirect/instance-0fjpa0uy v0
[2022-05-12T14:52:31+0200] [MainThread] [I] [toil.job] Processing job 'CWLWorkflow' kind-CWLWorkflow/instance-f8g2pm6g v0
[2022-05-12T14:52:31+0200] [MainThread] [I] [toil] Running Toil version 5.6.0-c34146a6437e4407a61e946e968bcce67a0ebbca on host mrc-tux.
[2022-05-12T14:52:32+0200] [MainThread] [I] [toil.worker] Redirecting logging to /tmp/f768bb0cba60597c83b856478af607dd/49c9/worker_log.txt
[2022-05-12T14:52:32+0200] [MainThread] [I] [toil.leader] 0 jobs are running, 0 jobs are issued and waiting to run
[2022-05-12T14:52:32+0200] [MainThread] [I] [toil.leader] Issued job 'CWLJob' count-lines9-wf.cwl.step1.wc-tool.cwl kind-CWLJob/instance-hv0ee399 v1 with job batch system ID: 1 and cores: 1, disk: 2.0 Gi, and memory: 8.0 Mi
[2022-05-12T14:52:32+0200] [MainThread] [I] [toil.worker] Redirecting logging to /tmp/f768bb0cba60597c83b856478af607dd/a128/worker_log.txt
[2022-05-12T14:52:32+0200] [MainThread] [I] [toil.leader] Issued job 'CWLJob' count-lines9-wf.cwl.step2.parseInt-tool.cwl kind-CWLJob/instance-dju15fkk v1 with job batch system ID: 2 and cores: 1, disk: 3.0 Gi, and memory: 2.0 Gi
[2022-05-12T14:52:33+0200] [MainThread] [I] [toil.worker] Redirecting logging to /tmp/f768bb0cba60597c83b856478af607dd/a4a5/worker_log.txt
[2022-05-12T14:52:33+0200] [MainThread] [I] [toil.leader] Issued job 'CWLJob' count-lines9-wf.cwl.step1.wc-tool.cwl kind-CWLJob/instance-hv0ee399 v2 with job batch system ID: 3 and cores: 1, disk: 2.0 Gi, and memory: 8.0 Mi
[2022-05-12T14:52:34+0200] [MainThread] [I] [toil.worker] Redirecting logging to /tmp/f768bb0cba60597c83b856478af607dd/f8e8/worker_log.txt
[2022-05-12T14:52:34+0200] [MainThread] [I] [toil.worker] Redirecting logging to /tmp/f768bb0cba60597c83b856478af607dd/7d2b/worker_log.txt
[2022-05-12T14:52:35+0200] [MainThread] [I] [toil.worker] Redirecting logging to /tmp/f768bb0cba60597c83b856478af607dd/9366/worker_log.txt
[2022-05-12T14:52:37+0200] [MainThread] [I] [toil.leader] Finished toil run successfully.
[2022-05-12T14:52:37+0200] [MainThread] [I] [toil.common] Successfully deleted the job store: FileJobStore(/tmp/tmpzca1k9yr)
</system-err>
		</testcase>
		<testcase name="Test use default value on step input parameter with empty source" time="9.738688" class="inline_javascript, workflow" file="step_input_default_value_nosource" url="cwltest:conformance_test_v1.0#50">
			<system-out>{
    &quot;count_output&quot;: 16
}</system-out>
			<system-err>[2022-05-12T14:52:29+0200] [MainThread] [I] [cwltool] Resolved 'v1.0/count-lines11-wf.cwl' to 'file:///home/michael/common-workflow-language/v1.0/v1.0/count-lines11-wf.cwl'
[2022-05-12T14:52:32+0200] [MainThread] [W] [cwltool] Workflow checker warning:
v1.0/count-lines11-wf.cwl:6:3:  Source 'file1' of type [&quot;null&quot;, &quot;File&quot;] may be incompatible
v1.0/count-lines11-wf.cwl:17:7:   with sink 'file1' of type &quot;File&quot;
[2022-05-12T14:52:32+0200] [MainThread] [I] [toil.job] Saving graph of 2 jobs, 2 new
[2022-05-12T14:52:32+0200] [MainThread] [I] [toil.job] Processing job 'ResolveIndirect' kind-ResolveIndirect/instance-o173sc4o v0
[2022-05-12T14:52:32+0200] [MainThread] [I] [toil.job] Processing job 'CWLWorkflow' kind-CWLWorkflow/instance-fk_wzx3u v0
[2022-05-12T14:52:32+0200] [MainThread] [I] [toil] Running Toil version 5.6.0-c34146a6437e4407a61e946e968bcce67a0ebbca on host mrc-tux.
[2022-05-12T14:52:33+0200] [MainThread] [I] [toil.worker] Redirecting logging to /tmp/53d1cb0173a15b079d5305bcc93e6b0f/ad20/worker_log.txt
[2022-05-12T14:52:33+0200] [MainThread] [I] [toil.leader] 0 jobs are running, 0 jobs are issued and waiting to run
[2022-05-12T14:52:33+0200] [MainThread] [I] [toil.leader] Issued job 'CWLJob' count-lines11-wf.cwl.step1.wc-tool.cwl kind-CWLJob/instance-9sj6iw1i v1 with job batch system ID: 1 and cores: 1, disk: 2.0 Gi, and memory: 8.0 Mi
[2022-05-12T14:52:33+0200] [MainThread] [I] [toil.worker] Redirecting logging to /tmp/53d1cb0173a15b079d5305bcc93e6b0f/9fed/worker_log.txt
[2022-05-12T14:52:34+0200] [MainThread] [I] [toil.leader] Issued job 'CWLJob' count-lines11-wf.cwl.step2.parseInt-tool.cwl kind-CWLJob/instance-4a9mq1lx v1 with job batch system ID: 2 and cores: 1, disk: 3.0 Gi, and memory: 2.0 Gi
[2022-05-12T14:52:34+0200] [MainThread] [I] [toil.worker] Redirecting logging to /tmp/53d1cb0173a15b079d5305bcc93e6b0f/b348/worker_log.txt
[2022-05-12T14:52:35+0200] [MainThread] [I] [toil.leader] Issued job 'CWLJob' count-lines11-wf.cwl.step1.wc-tool.cwl kind-CWLJob/instance-9sj6iw1i v2 with job batch system ID: 3 and cores: 1, disk: 2.0 Gi, and memory: 8.0 Mi
[2022-05-12T14:52:35+0200] [MainThread] [I] [toil.worker] Redirecting logging to /tmp/53d1cb0173a15b079d5305bcc93e6b0f/e45a/worker_log.txt
[2022-05-12T14:52:36+0200] [MainThread] [I] [toil.worker] Redirecting logging to /tmp/53d1cb0173a15b079d5305bcc93e6b0f/43dc/worker_log.txt
[2022-05-12T14:52:36+0200] [MainThread] [I] [toil.worker] Redirecting logging to /tmp/53d1cb0173a15b079d5305bcc93e6b0f/de05/worker_log.txt
[2022-05-12T14:52:38+0200] [MainThread] [I] [toil.leader] Finished toil run successfully.
[2022-05-12T14:52:38+0200] [MainThread] [I] [toil.common] Successfully deleted the job store: FileJobStore(/tmp/tmpov13z6vu)
</system-err>
		</testcase>
		<testcase name="Test use default value on step input parameter with null source" time="8.889712" class="inline_javascript, workflow" file="step_input_default_value_nullsource" url="cwltest:conformance_test_v1.0#51">
			<system-out>{
    &quot;count_output&quot;: 16
}</system-out>
			<system-err>[2022-05-12T14:52:31+0200] [MainThread] [I] [cwltool] Resolved 'v1.0/count-lines11-wf.cwl' to 'file:///home/michael/common-workflow-language/v1.0/v1.0/count-lines11-wf.cwl'
[2022-05-12T14:52:34+0200] [MainThread] [W] [cwltool] Workflow checker warning:
v1.0/count-lines11-wf.cwl:6:3:  Source 'file1' of type [&quot;null&quot;, &quot;File&quot;] may be incompatible
v1.0/count-lines11-wf.cwl:17:7:   with sink 'file1' of type &quot;File&quot;
[2022-05-12T14:52:34+0200] [MainThread] [I] [toil.job] Saving graph of 2 jobs, 2 new
[2022-05-12T14:52:34+0200] [MainThread] [I] [toil.job] Processing job 'ResolveIndirect' kind-ResolveIndirect/instance-8lwpgsu4 v0
[2022-05-12T14:52:34+0200] [MainThread] [I] [toil.job] Processing job 'CWLWorkflow' kind-CWLWorkflow/instance-9u9rcei3 v0
[2022-05-12T14:52:34+0200] [MainThread] [I] [toil] Running Toil version 5.6.0-c34146a6437e4407a61e946e968bcce67a0ebbca on host mrc-tux.
[2022-05-12T14:52:34+0200] [MainThread] [I] [toil.worker] Redirecting logging to /tmp/e4aa194bdd525cd89b7b0036dc3bf054/77c0/worker_log.txt
[2022-05-12T14:52:35+0200] [MainThread] [I] [toil.leader] 0 jobs are running, 0 jobs are issued and waiting to run
[2022-05-12T14:52:35+0200] [MainThread] [I] [toil.leader] Issued job 'CWLJob' count-lines11-wf.cwl.step1.wc-tool.cwl kind-CWLJob/instance-l8h77z37 v1 with job batch system ID: 1 and cores: 1, disk: 2.0 Gi, and memory: 8.0 Mi
[2022-05-12T14:52:35+0200] [MainThread] [I] [toil.worker] Redirecting logging to /tmp/e4aa194bdd525cd89b7b0036dc3bf054/e7c0/worker_log.txt
[2022-05-12T14:52:35+0200] [MainThread] [I] [toil.leader] Issued job 'CWLJob' count-lines11-wf.cwl.step2.parseInt-tool.cwl kind-CWLJob/instance-r07du50_ v1 with job batch system ID: 2 and cores: 1, disk: 3.0 Gi, and memory: 2.0 Gi
[2022-05-12T14:52:36+0200] [MainThread] [I] [toil.worker] Redirecting logging to /tmp/e4aa194bdd525cd89b7b0036dc3bf054/32f1/worker_log.txt
[2022-05-12T14:52:36+0200] [MainThread] [I] [toil.leader] Issued job 'CWLJob' count-lines11-wf.cwl.step1.wc-tool.cwl kind-CWLJob/instance-l8h77z37 v2 with job batch system ID: 3 and cores: 1, disk: 2.0 Gi, and memory: 8.0 Mi
[2022-05-12T14:52:36+0200] [MainThread] [I] [toil.worker] Redirecting logging to /tmp/e4aa194bdd525cd89b7b0036dc3bf054/a580/worker_log.txt
[2022-05-12T14:52:37+0200] [MainThread] [I] [toil.worker] Redirecting logging to /tmp/e4aa194bdd525cd89b7b0036dc3bf054/a479/worker_log.txt
[2022-05-12T14:52:37+0200] [MainThread] [I] [toil.worker] Redirecting logging to /tmp/e4aa194bdd525cd89b7b0036dc3bf054/f8ca/worker_log.txt
[2022-05-12T14:52:39+0200] [MainThread] [I] [toil.leader] Finished toil run successfully.
[2022-05-12T14:52:39+0200] [MainThread] [I] [toil.common] Successfully deleted the job store: FileJobStore(/tmp/tmpeu5_l3si)
</system-err>
		</testcase>
		<testcase name="Test default value on step input parameter overridden by provided source" time="8.814201" class="inline_javascript, workflow" file="step_input_default_value_overriden" url="cwltest:conformance_test_v1.0#52">
			<system-out>{
    &quot;count_output&quot;: 1
}</system-out>
			<system-err>[2022-05-12T14:52:31+0200] [MainThread] [I] [cwltool] Resolved 'v1.0/count-lines11-wf.cwl' to 'file:///home/michael/common-workflow-language/v1.0/v1.0/count-lines11-wf.cwl'
[2022-05-12T14:52:34+0200] [MainThread] [W] [cwltool] Workflow checker warning:
v1.0/count-lines11-wf.cwl:6:3:  Source 'file1' of type [&quot;null&quot;, &quot;File&quot;] may be incompatible
v1.0/count-lines11-wf.cwl:17:7:   with sink 'file1' of type &quot;File&quot;
[2022-05-12T14:52:34+0200] [MainThread] [I] [toil.job] Saving graph of 2 jobs, 2 new
[2022-05-12T14:52:34+0200] [MainThread] [I] [toil.job] Processing job 'ResolveIndirect' kind-ResolveIndirect/instance-t47i95ua v0
[2022-05-12T14:52:34+0200] [MainThread] [I] [toil.job] Processing job 'CWLWorkflow' kind-CWLWorkflow/instance-rdkha0qn v0
[2022-05-12T14:52:34+0200] [MainThread] [I] [toil] Running Toil version 5.6.0-c34146a6437e4407a61e946e968bcce67a0ebbca on host mrc-tux.
[2022-05-12T14:52:34+0200] [MainThread] [I] [toil.worker] Redirecting logging to /tmp/05e6ae5474d65faa8207d1135c7b32db/0370/worker_log.txt
[2022-05-12T14:52:35+0200] [MainThread] [I] [toil.leader] 0 jobs are running, 0 jobs are issued and waiting to run
[2022-05-12T14:52:35+0200] [MainThread] [I] [toil.leader] Issued job 'CWLJob' count-lines11-wf.cwl.step1.wc-tool.cwl kind-CWLJob/instance-wltho1aq v1 with job batch system ID: 1 and cores: 1, disk: 2.0 Gi, and memory: 8.0 Mi
[2022-05-12T14:52:35+0200] [MainThread] [I] [toil.worker] Redirecting logging to /tmp/05e6ae5474d65faa8207d1135c7b32db/1290/worker_log.txt
[2022-05-12T14:52:35+0200] [MainThread] [I] [toil.leader] Issued job 'CWLJob' count-lines11-wf.cwl.step2.parseInt-tool.cwl kind-CWLJob/instance-ka5a66cp v1 with job batch system ID: 2 and cores: 1, disk: 3.0 Gi, and memory: 2.0 Gi
[2022-05-12T14:52:36+0200] [MainThread] [I] [toil.worker] Redirecting logging to /tmp/05e6ae5474d65faa8207d1135c7b32db/caf3/worker_log.txt
[2022-05-12T14:52:36+0200] [MainThread] [I] [toil.leader] Issued job 'CWLJob' count-lines11-wf.cwl.step1.wc-tool.cwl kind-CWLJob/instance-wltho1aq v2 with job batch system ID: 3 and cores: 1, disk: 2.0 Gi, and memory: 8.0 Mi
[2022-05-12T14:52:36+0200] [MainThread] [I] [toil.worker] Redirecting logging to /tmp/05e6ae5474d65faa8207d1135c7b32db/1255/worker_log.txt
[2022-05-12T14:52:37+0200] [MainThread] [I] [toil.worker] Redirecting logging to /tmp/05e6ae5474d65faa8207d1135c7b32db/431f/worker_log.txt
[2022-05-12T14:52:37+0200] [MainThread] [I] [toil.worker] Redirecting logging to /tmp/05e6ae5474d65faa8207d1135c7b32db/d2d8/worker_log.txt
[2022-05-12T14:52:39+0200] [MainThread] [I] [toil.leader] Finished toil run successfully.
[2022-05-12T14:52:39+0200] [MainThread] [I] [toil.common] Successfully deleted the job store: FileJobStore(/tmp/tmp8bv3y3cb)
</system-err>
		</testcase>
		<testcase name="Test simple workflow" time="10.232205" class="required, workflow" file="wf_simple" url="cwltest:conformance_test_v1.0#53">
			<system-out>{
    &quot;output&quot;: {
        &quot;location&quot;: &quot;file:///tmp/tmp7hpc4hgc/output.txt&quot;,
        &quot;basename&quot;: &quot;output.txt&quot;,
        &quot;nameroot&quot;: &quot;output&quot;,
        &quot;nameext&quot;: &quot;.txt&quot;,
        &quot;class&quot;: &quot;File&quot;,
        &quot;checksum&quot;: &quot;sha1$b9214658cc453331b62c2282b772a5c063dbd284&quot;,
        &quot;size&quot;: 1111
    }
}</system-out>
			<system-err>[2022-05-12T14:52:38+0200] [MainThread] [I] [cwltool] Resolved 'v1.0/revsort.cwl' to 'file:///home/michael/common-workflow-language/v1.0/v1.0/revsort.cwl'
[2022-05-12T14:52:40+0200] [MainThread] [I] [toil.job] Saving graph of 2 jobs, 2 new
[2022-05-12T14:52:40+0200] [MainThread] [I] [toil.job] Processing job 'ResolveIndirect' kind-ResolveIndirect/instance-e11q6329 v0
[2022-05-12T14:52:40+0200] [MainThread] [I] [toil.job] Processing job 'CWLWorkflow' kind-CWLWorkflow/instance-hw1w9w0i v0
[2022-05-12T14:52:40+0200] [MainThread] [I] [toil] Running Toil version 5.6.0-c34146a6437e4407a61e946e968bcce67a0ebbca on host mrc-tux.
[2022-05-12T14:52:41+0200] [MainThread] [I] [toil.worker] Redirecting logging to /tmp/c9ce9243c0b75975af76b4a67ceebd0a/9789/worker_log.txt
[2022-05-12T14:52:41+0200] [MainThread] [I] [toil.leader] 0 jobs are running, 0 jobs are issued and waiting to run
[2022-05-12T14:52:41+0200] [MainThread] [I] [toil.leader] Issued job 'CWLJob' revsort.cwl.rev.revtool.cwl kind-CWLJob/instance-cuir07zi v1 with job batch system ID: 1 and cores: 1, disk: 2.0 Gi, and memory: 8.0 Mi
[2022-05-12T14:52:41+0200] [MainThread] [I] [toil.worker] Redirecting logging to /tmp/c9ce9243c0b75975af76b4a67ceebd0a/e9a1/worker_log.txt
[2022-05-12T14:52:43+0200] [MainThread] [I] [toil.leader] Issued job 'CWLJob' revsort.cwl.sorted.sorttool.cwl kind-CWLJob/instance-eu_sypco v1 with job batch system ID: 2 and cores: 1, disk: 2.0 Gi, and memory: 8.0 Mi
[2022-05-12T14:52:43+0200] [MainThread] [I] [toil.worker] Redirecting logging to /tmp/c9ce9243c0b75975af76b4a67ceebd0a/4eda/worker_log.txt
[2022-05-12T14:52:44+0200] [MainThread] [I] [toil.leader] Issued job 'CWLJob' revsort.cwl.rev.revtool.cwl kind-CWLJob/instance-cuir07zi v2 with job batch system ID: 3 and cores: 1, disk: 2.0 Gi, and memory: 8.0 Mi
[2022-05-12T14:52:45+0200] [MainThread] [I] [toil.worker] Redirecting logging to /tmp/c9ce9243c0b75975af76b4a67ceebd0a/f526/worker_log.txt
[2022-05-12T14:52:45+0200] [MainThread] [I] [toil.worker] Redirecting logging to /tmp/c9ce9243c0b75975af76b4a67ceebd0a/a1f4/worker_log.txt
[2022-05-12T14:52:46+0200] [MainThread] [I] [toil.worker] Redirecting logging to /tmp/c9ce9243c0b75975af76b4a67ceebd0a/1329/worker_log.txt
[2022-05-12T14:52:47+0200] [MainThread] [I] [toil.leader] Finished toil run successfully.
[2022-05-12T14:52:47+0200] [MainThread] [I] [toil.common] Successfully deleted the job store: FileJobStore(/tmp/tmptcgbmz8x)
</system-err>
		</testcase>
		<testcase name="Test unknown hints are ignored." time="5.303790" class="required, command_line_tool" file="hints_unknown_ignored" url="cwltest:conformance_test_v1.0#54">
			<system-out>{
    &quot;output_file&quot;: {
        &quot;location&quot;: &quot;file:///tmp/tmph4j4fwum/output.txt&quot;,
        &quot;basename&quot;: &quot;output.txt&quot;,
        &quot;nameroot&quot;: &quot;output&quot;,
        &quot;nameext&quot;: &quot;.txt&quot;,
        &quot;class&quot;: &quot;File&quot;,
        &quot;checksum&quot;: &quot;sha1$47a013e660d408619d894b20806b1d5086aab03b&quot;,
        &quot;size&quot;: 13
    }
}</system-out>
			<system-err>[2022-05-12T14:52:39+0200] [MainThread] [I] [cwltool] Resolved 'v1.0/cat5-tool.cwl' to 'file:///home/michael/common-workflow-language/v1.0/v1.0/cat5-tool.cwl'
[2022-05-12T14:52:40+0200] [MainThread] [I] [cwltool] v1.0/cat5-tool.cwl:1:1: Unknown hint http://example.com/BlibberBlubberFakeRequirement
[2022-05-12T14:52:41+0200] [MainThread] [I] [toil.job] Saving graph of 1 jobs, 1 new
[2022-05-12T14:52:41+0200] [MainThread] [I] [toil.job] Processing job 'CWLJob' cat5-tool.cwl kind-CWLJob/instance-7cqi3npm v0
[2022-05-12T14:52:41+0200] [MainThread] [I] [toil] Running Toil version 5.6.0-c34146a6437e4407a61e946e968bcce67a0ebbca on host mrc-tux.
[2022-05-12T14:52:41+0200] [MainThread] [I] [toil.leader] Issued job 'CWLJob' cat5-tool.cwl kind-CWLJob/instance-7cqi3npm v1 with job batch system ID: 0 and cores: 1, disk: 2.0 Gi, and memory: 8.0 Mi
[2022-05-12T14:52:41+0200] [MainThread] [I] [toil.worker] Redirecting logging to /tmp/e542347fae4e559390c02827cb803046/429f/worker_log.txt
[2022-05-12T14:52:42+0200] [MainThread] [I] [toil.leader] 0 jobs are running, 0 jobs are issued and waiting to run
[2022-05-12T14:52:44+0200] [MainThread] [I] [toil.leader] Finished toil run successfully.
[2022-05-12T14:52:44+0200] [MainThread] [I] [toil.common] Successfully deleted the job store: FileJobStore(/tmp/tmpk4_pl6bs)
</system-err>
		</testcase>
		<testcase name="Test InitialWorkDirRequirement linking input files and capturing secondaryFiles on input and output. Also tests the use of a variety of parameter references and expressions in the secondaryFiles field." time="10.478791" class="initial_work_dir, inline_javascript, command_line_tool" file="initial_workdir_secondary_files_expr" url="cwltest:conformance_test_v1.0#55">
			<system-out>{
    &quot;indexedfile&quot;: {
        &quot;location&quot;: &quot;file:///tmp/tmpgx2ohrpq/input.txt&quot;,
        &quot;basename&quot;: &quot;input.txt&quot;,
        &quot;nameroot&quot;: &quot;input&quot;,
        &quot;nameext&quot;: &quot;.txt&quot;,
        &quot;class&quot;: &quot;File&quot;,
        &quot;checksum&quot;: &quot;sha1$327fc7aedf4f6b69a42a7c8b808dc5a7aff61376&quot;,
        &quot;size&quot;: 1111,
        &quot;secondaryFiles&quot;: [
            {
                &quot;basename&quot;: &quot;input.txt.idx1&quot;,
                &quot;location&quot;: &quot;file:///tmp/tmpgx2ohrpq/input.txt.idx1&quot;,
                &quot;class&quot;: &quot;File&quot;,
                &quot;nameroot&quot;: &quot;input.txt&quot;,
                &quot;nameext&quot;: &quot;.idx1&quot;,
                &quot;checksum&quot;: &quot;sha1$1f6fe811644355974cdd06d9eb695d6e859f3b44&quot;,
                &quot;size&quot;: 1500
            },
            {
                &quot;basename&quot;: &quot;input.idx2&quot;,
                &quot;location&quot;: &quot;file:///tmp/tmpgx2ohrpq/input.idx2&quot;,
                &quot;class&quot;: &quot;File&quot;,
                &quot;nameroot&quot;: &quot;input&quot;,
                &quot;nameext&quot;: &quot;.idx2&quot;,
                &quot;checksum&quot;: &quot;sha1$da39a3ee5e6b4b0d3255bfef95601890afd80709&quot;,
                &quot;size&quot;: 0
            },
            {
                &quot;basename&quot;: &quot;input.txt.idx3&quot;,
                &quot;location&quot;: &quot;file:///tmp/tmpgx2ohrpq/input.txt.idx3&quot;,
                &quot;class&quot;: &quot;File&quot;,
                &quot;nameroot&quot;: &quot;input.txt&quot;,
                &quot;nameext&quot;: &quot;.idx3&quot;,
                &quot;checksum&quot;: &quot;sha1$da39a3ee5e6b4b0d3255bfef95601890afd80709&quot;,
                &quot;size&quot;: 0
            },
            {
                &quot;basename&quot;: &quot;input.txt.idx4&quot;,
                &quot;location&quot;: &quot;file:///tmp/tmpgx2ohrpq/input.txt.idx4&quot;,
                &quot;class&quot;: &quot;File&quot;,
                &quot;nameroot&quot;: &quot;input.txt&quot;,
                &quot;nameext&quot;: &quot;.idx4&quot;,
                &quot;checksum&quot;: &quot;sha1$da39a3ee5e6b4b0d3255bfef95601890afd80709&quot;,
                &quot;size&quot;: 0
            },
            {
                &quot;class&quot;: &quot;File&quot;,
                &quot;basename&quot;: &quot;input.txt.idx5&quot;,
                &quot;location&quot;: &quot;file:///tmp/tmpgx2ohrpq/input.txt.idx5&quot;,
                &quot;nameroot&quot;: &quot;input.txt&quot;,
                &quot;nameext&quot;: &quot;.idx5&quot;,
                &quot;checksum&quot;: &quot;sha1$da39a3ee5e6b4b0d3255bfef95601890afd80709&quot;,
                &quot;size&quot;: 0
            },
            {
                &quot;basename&quot;: &quot;input.idx6.txt&quot;,
                &quot;location&quot;: &quot;file:///tmp/tmpgx2ohrpq/input.idx6.txt&quot;,
                &quot;class&quot;: &quot;File&quot;,
                &quot;nameroot&quot;: &quot;input.idx6&quot;,
                &quot;nameext&quot;: &quot;.txt&quot;,
                &quot;checksum&quot;: &quot;sha1$da39a3ee5e6b4b0d3255bfef95601890afd80709&quot;,
                &quot;size&quot;: 0
            },
            {
                &quot;basename&quot;: &quot;input.txt.idx7&quot;,
                &quot;location&quot;: &quot;file:///tmp/tmpgx2ohrpq/input.txt.idx7&quot;,
                &quot;class&quot;: &quot;File&quot;,
                &quot;nameroot&quot;: &quot;input.txt&quot;,
                &quot;nameext&quot;: &quot;.idx7&quot;,
                &quot;checksum&quot;: &quot;sha1$da39a3ee5e6b4b0d3255bfef95601890afd80709&quot;,
                &quot;size&quot;: 0
            },
            {
                &quot;class&quot;: &quot;File&quot;,
                &quot;location&quot;: &quot;file:///tmp/tmpgx2ohrpq/hello.txt&quot;,
                &quot;size&quot;: 13,
                &quot;basename&quot;: &quot;hello.txt&quot;,
                &quot;nameroot&quot;: &quot;hello&quot;,
                &quot;nameext&quot;: &quot;.txt&quot;,
                &quot;streamable&quot;: false,
                &quot;checksum&quot;: &quot;sha1$47a013e660d408619d894b20806b1d5086aab03b&quot;
            },
            {
                &quot;basename&quot;: &quot;input.txt_idx8&quot;,
                &quot;location&quot;: &quot;file:///tmp/tmpgx2ohrpq/input.txt_idx8&quot;,
                &quot;class&quot;: &quot;Directory&quot;,
                &quot;listing&quot;: [
                    {
                        &quot;class&quot;: &quot;File&quot;,
                        &quot;location&quot;: &quot;file:///tmp/tmpgx2ohrpq/input.txt_idx8/index&quot;,
                        &quot;basename&quot;: &quot;index&quot;,
                        &quot;checksum&quot;: &quot;sha1$da39a3ee5e6b4b0d3255bfef95601890afd80709&quot;,
                        &quot;size&quot;: 0,
                        &quot;nameroot&quot;: &quot;index&quot;,
                        &quot;nameext&quot;: &quot;&quot;
                    }
                ]
            }
        ]
    },
    &quot;outfile&quot;: {
        &quot;location&quot;: &quot;file:///tmp/tmpgx2ohrpq/result.txt&quot;,
        &quot;basename&quot;: &quot;result.txt&quot;,
        &quot;nameroot&quot;: &quot;result&quot;,
        &quot;nameext&quot;: &quot;.txt&quot;,
        &quot;class&quot;: &quot;File&quot;,
        &quot;checksum&quot;: &quot;sha1$e2dc9daaef945ac15f01c238ed2f1660f60909a0&quot;,
        &quot;size&quot;: 142
    }
}</system-out>
			<system-err>[2022-05-12T14:52:40+0200] [MainThread] [I] [cwltool] Resolved 'v1.0/search.cwl#main' to 'file:///home/michael/common-workflow-language/v1.0/v1.0/search.cwl#main'
[2022-05-12T14:52:42+0200] [MainThread] [W] [cwltool] Workflow checker warning:
v1.0/search.cwl:112:9:  Parameter 'file' requires secondaryFiles ['${ return
                        [self.basename+&quot;.idx7&quot;]; }'] but
v1.0/search.cwl:107:13:   source 'result' does not provide those secondaryFiles.
v1.0/search.cwl:36:7:     To resolve, add missing secondaryFiles patterns to definition of
                          'result' or
v1.0/search.cwl:61:7:     mark missing secondaryFiles in definition of 'file' as optional.
[2022-05-12T14:52:42+0200] [MainThread] [I] [toil.job] Saving graph of 2 jobs, 2 new
[2022-05-12T14:52:42+0200] [MainThread] [I] [toil.job] Processing job 'ResolveIndirect' kind-ResolveIndirect/instance-fl3qjytr v0
[2022-05-12T14:52:42+0200] [MainThread] [I] [toil.job] Processing job 'CWLWorkflow' kind-CWLWorkflow/instance-l10i87h1 v0
[2022-05-12T14:52:42+0200] [MainThread] [I] [toil] Running Toil version 5.6.0-c34146a6437e4407a61e946e968bcce67a0ebbca on host mrc-tux.
[2022-05-12T14:52:43+0200] [MainThread] [I] [toil.worker] Redirecting logging to /tmp/f30c7d99face569abe6cdf015f8696cc/1b76/worker_log.txt
[2022-05-12T14:52:43+0200] [MainThread] [I] [toil.leader] 0 jobs are running, 0 jobs are issued and waiting to run
[2022-05-12T14:52:43+0200] [MainThread] [I] [toil.leader] Issued job 'CWLJob' main.index.index kind-CWLJob/instance-jxy5ubzr v1 with job batch system ID: 1 and cores: 1, disk: 2.0 Gi, and memory: 8.0 Mi
[2022-05-12T14:52:43+0200] [MainThread] [I] [toil.worker] Redirecting logging to /tmp/f30c7d99face569abe6cdf015f8696cc/8fdb/worker_log.txt
[2022-05-12T14:52:45+0200] [MainThread] [I] [toil.leader] Issued job 'CWLJob' main.search.search kind-CWLJob/instance-9w2r2e3p v1 with job batch system ID: 2 and cores: 1, disk: 2.0 Gi, and memory: 8.0 Mi
[2022-05-12T14:52:45+0200] [MainThread] [I] [toil.worker] Redirecting logging to /tmp/f30c7d99face569abe6cdf015f8696cc/0aea/worker_log.txt
[2022-05-12T14:52:47+0200] [MainThread] [I] [toil.leader] Issued job 'CWLJob' main.index.index kind-CWLJob/instance-jxy5ubzr v2 with job batch system ID: 3 and cores: 1, disk: 2.0 Gi, and memory: 8.0 Mi
[2022-05-12T14:52:47+0200] [MainThread] [I] [toil.worker] Redirecting logging to /tmp/f30c7d99face569abe6cdf015f8696cc/c5e7/worker_log.txt
[2022-05-12T14:52:47+0200] [MainThread] [I] [toil.worker] Redirecting logging to /tmp/f30c7d99face569abe6cdf015f8696cc/66fd/worker_log.txt
[2022-05-12T14:52:48+0200] [MainThread] [I] [toil.worker] Redirecting logging to /tmp/f30c7d99face569abe6cdf015f8696cc/8be6/worker_log.txt
[2022-05-12T14:52:49+0200] [MainThread] [I] [toil.leader] Finished toil run successfully.
[2022-05-12T14:52:49+0200] [MainThread] [I] [toil.common] Successfully deleted the job store: FileJobStore(/tmp/tmpvqtcuzc5)
</system-err>
		</testcase>
		<testcase name="Test InitialWorkDirRequirement with expression in filename." time="3.698676" class="initial_work_dir, command_line_tool" file="rename" url="cwltest:conformance_test_v1.0#56">
			<system-out>{
    &quot;outfile&quot;: {
        &quot;location&quot;: &quot;file:///tmp/tmpr06qn0a9/fish.txt&quot;,
        &quot;basename&quot;: &quot;fish.txt&quot;,
        &quot;nameroot&quot;: &quot;fish&quot;,
        &quot;nameext&quot;: &quot;.txt&quot;,
        &quot;class&quot;: &quot;File&quot;,
        &quot;checksum&quot;: &quot;sha1$327fc7aedf4f6b69a42a7c8b808dc5a7aff61376&quot;,
        &quot;size&quot;: 1111
    }
}</system-out>
			<system-err>[2022-05-12T14:52:40+0200] [MainThread] [I] [cwltool] Resolved 'v1.0/rename.cwl' to 'file:///home/michael/common-workflow-language/v1.0/v1.0/rename.cwl'
[2022-05-12T14:52:41+0200] [MainThread] [I] [toil.job] Saving graph of 1 jobs, 1 new
[2022-05-12T14:52:41+0200] [MainThread] [I] [toil.job] Processing job 'CWLJob' rename.cwl kind-CWLJob/instance-3lfgok6h v0
[2022-05-12T14:52:41+0200] [MainThread] [I] [toil] Running Toil version 5.6.0-c34146a6437e4407a61e946e968bcce67a0ebbca on host mrc-tux.
[2022-05-12T14:52:41+0200] [MainThread] [I] [toil.leader] Issued job 'CWLJob' rename.cwl kind-CWLJob/instance-3lfgok6h v1 with job batch system ID: 0 and cores: 1, disk: 2.0 Gi, and memory: 8.0 Mi
[2022-05-12T14:52:41+0200] [MainThread] [I] [toil.worker] Redirecting logging to /tmp/e3a0aee623c85b928d380b050f212261/7f30/worker_log.txt
[2022-05-12T14:52:41+0200] [MainThread] [I] [toil.leader] 0 jobs are running, 0 jobs are issued and waiting to run
[2022-05-12T14:52:43+0200] [MainThread] [I] [toil.leader] Finished toil run successfully.
[2022-05-12T14:52:43+0200] [MainThread] [I] [toil.common] Successfully deleted the job store: FileJobStore(/tmp/tmpb39r6uig)
</system-err>
		</testcase>
		<testcase name="Test if trailing newline is present in file entry in InitialWorkDir" time="3.882859" class="initial_work_dir, command_line_tool" file="initial_workdir_trailingnl" url="cwltest:conformance_test_v1.0#57">
			<system-out>{
    &quot;out&quot;: {
        &quot;location&quot;: &quot;file:///tmp/tmpkfuivs1v/example.conf&quot;,
        &quot;basename&quot;: &quot;example.conf&quot;,
        &quot;nameroot&quot;: &quot;example&quot;,
        &quot;nameext&quot;: &quot;.conf&quot;,
        &quot;class&quot;: &quot;File&quot;,
        &quot;checksum&quot;: &quot;sha1$6a47aa22b2a9d13a66a24b3ee5eaed95ce4753cf&quot;,
        &quot;size&quot;: 16
    }
}</system-out>
			<system-err>[2022-05-12T14:52:43+0200] [MainThread] [I] [cwltool] Resolved 'v1.0/iwdr-entry.cwl' to 'file:///home/michael/common-workflow-language/v1.0/v1.0/iwdr-entry.cwl'
[2022-05-12T14:52:45+0200] [MainThread] [I] [toil.job] Saving graph of 1 jobs, 1 new
[2022-05-12T14:52:45+0200] [MainThread] [I] [toil.job] Processing job 'CWLJob' iwdr-entry.cwl kind-CWLJob/instance-jn9yl9yv v0
[2022-05-12T14:52:45+0200] [MainThread] [I] [toil] Running Toil version 5.6.0-c34146a6437e4407a61e946e968bcce67a0ebbca on host mrc-tux.
[2022-05-12T14:52:45+0200] [MainThread] [I] [toil.leader] Issued job 'CWLJob' iwdr-entry.cwl kind-CWLJob/instance-jn9yl9yv v1 with job batch system ID: 0 and cores: 1, disk: 2.0 Gi, and memory: 8.0 Mi
[2022-05-12T14:52:45+0200] [MainThread] [I] [toil.worker] Redirecting logging to /tmp/325e5020d8405be2b5ccade328dfeff4/73d0/worker_log.txt
[2022-05-12T14:52:45+0200] [MainThread] [I] [toil.leader] 0 jobs are running, 0 jobs are issued and waiting to run
[2022-05-12T14:52:47+0200] [MainThread] [I] [toil.leader] Finished toil run successfully.
[2022-05-12T14:52:47+0200] [MainThread] [I] [toil.common] Successfully deleted the job store: FileJobStore(/tmp/tmp4tdv1cdv)
</system-err>
		</testcase>
		<testcase name="Test inline expressions" time="4.201880" class="inline_javascript, command_line_tool" file="inline_expressions" url="cwltest:conformance_test_v1.0#58">
			<system-out>{
    &quot;output&quot;: 16
}</system-out>
			<system-err>[2022-05-12T14:52:44+0200] [MainThread] [I] [cwltool] Resolved 'v1.0/wc4-tool.cwl' to 'file:///home/michael/common-workflow-language/v1.0/v1.0/wc4-tool.cwl'
[2022-05-12T14:52:46+0200] [MainThread] [I] [toil.job] Saving graph of 1 jobs, 1 new
[2022-05-12T14:52:46+0200] [MainThread] [I] [toil.job] Processing job 'CWLJob' wc4-tool.cwl kind-CWLJob/instance-3q9riojk v0
[2022-05-12T14:52:46+0200] [MainThread] [I] [toil] Running Toil version 5.6.0-c34146a6437e4407a61e946e968bcce67a0ebbca on host mrc-tux.
[2022-05-12T14:52:46+0200] [MainThread] [I] [toil.leader] Issued job 'CWLJob' wc4-tool.cwl kind-CWLJob/instance-3q9riojk v1 with job batch system ID: 0 and cores: 1, disk: 2.0 Gi, and memory: 8.0 Mi
[2022-05-12T14:52:46+0200] [MainThread] [I] [toil.worker] Redirecting logging to /tmp/1fcd99b3607859df9b6ab98fc2cc9561/ff6a/worker_log.txt
[2022-05-12T14:52:47+0200] [MainThread] [I] [toil.leader] 0 jobs are running, 0 jobs are issued and waiting to run
[2022-05-12T14:52:48+0200] [MainThread] [I] [toil.leader] Finished toil run successfully.
[2022-05-12T14:52:48+0200] [MainThread] [I] [toil.common] Successfully deleted the job store: FileJobStore(/tmp/tmpw7l3rot4)
</system-err>
		</testcase>
		<testcase name="Test SchemaDefRequirement definition used in tool parameter" time="3.615408" class="schema_def, command_line_tool" file="schemadef_req_tool_param" url="cwltest:conformance_test_v1.0#59">
			<system-out>{
    &quot;output&quot;: {
        &quot;location&quot;: &quot;file:///tmp/tmpub37p5l2/output.txt&quot;,
        &quot;basename&quot;: &quot;output.txt&quot;,
        &quot;nameroot&quot;: &quot;output&quot;,
        &quot;nameext&quot;: &quot;.txt&quot;,
        &quot;class&quot;: &quot;File&quot;,
        &quot;checksum&quot;: &quot;sha1$f12e6cfe70f3253f70b0dbde17c692e7fb0f1e5e&quot;,
        &quot;size&quot;: 12
    }
}</system-out>
			<system-err>[2022-05-12T14:52:47+0200] [MainThread] [I] [cwltool] Resolved 'v1.0/schemadef-tool.cwl' to 'file:///home/michael/common-workflow-language/v1.0/v1.0/schemadef-tool.cwl'
[2022-05-12T14:52:48+0200] [MainThread] [I] [toil.job] Saving graph of 1 jobs, 1 new
[2022-05-12T14:52:48+0200] [MainThread] [I] [toil.job] Processing job 'CWLJob' schemadef-tool.cwl kind-CWLJob/instance-rnwja40_ v0
[2022-05-12T14:52:48+0200] [MainThread] [I] [toil] Running Toil version 5.6.0-c34146a6437e4407a61e946e968bcce67a0ebbca on host mrc-tux.
[2022-05-12T14:52:48+0200] [MainThread] [I] [toil.leader] Issued job 'CWLJob' schemadef-tool.cwl kind-CWLJob/instance-rnwja40_ v1 with job batch system ID: 0 and cores: 1, disk: 2.0 Gi, and memory: 8.0 Mi
[2022-05-12T14:52:48+0200] [MainThread] [I] [toil.worker] Redirecting logging to /tmp/4ee56860d11c583989c7170b1ef92320/7990/worker_log.txt
[2022-05-12T14:52:49+0200] [MainThread] [I] [toil.leader] 0 jobs are running, 0 jobs are issued and waiting to run
[2022-05-12T14:52:50+0200] [MainThread] [I] [toil.leader] Finished toil run successfully.
[2022-05-12T14:52:50+0200] [MainThread] [I] [toil.common] Successfully deleted the job store: FileJobStore(/tmp/tmp60z8xkcf)
</system-err>
		</testcase>
		<testcase name="Test SchemaDefRequirement definition used in workflow parameter" time="7.636254" class="schema_def, workflow" file="schemadef_req_wf_param" url="cwltest:conformance_test_v1.0#60">
			<system-out>{
    &quot;output&quot;: {
        &quot;location&quot;: &quot;file:///tmp/tmpcpv414y5/output.txt&quot;,
        &quot;basename&quot;: &quot;output.txt&quot;,
        &quot;nameroot&quot;: &quot;output&quot;,
        &quot;nameext&quot;: &quot;.txt&quot;,
        &quot;class&quot;: &quot;File&quot;,
        &quot;checksum&quot;: &quot;sha1$f12e6cfe70f3253f70b0dbde17c692e7fb0f1e5e&quot;,
        &quot;size&quot;: 12
    }
}</system-out>
			<system-err>[2022-05-12T14:52:48+0200] [MainThread] [I] [cwltool] Resolved 'v1.0/schemadef-wf.cwl' to 'file:///home/michael/common-workflow-language/v1.0/v1.0/schemadef-wf.cwl'
[2022-05-12T14:52:50+0200] [MainThread] [I] [toil.job] Saving graph of 2 jobs, 2 new
[2022-05-12T14:52:50+0200] [MainThread] [I] [toil.job] Processing job 'ResolveIndirect' kind-ResolveIndirect/instance-u7tcatjp v0
[2022-05-12T14:52:50+0200] [MainThread] [I] [toil.job] Processing job 'CWLWorkflow' kind-CWLWorkflow/instance-wimufv0c v0
[2022-05-12T14:52:50+0200] [MainThread] [I] [toil] Running Toil version 5.6.0-c34146a6437e4407a61e946e968bcce67a0ebbca on host mrc-tux.
[2022-05-12T14:52:50+0200] [MainThread] [I] [toil.worker] Redirecting logging to /tmp/69af9f99b8725d0090aea7ca359e7d39/594d/worker_log.txt
[2022-05-12T14:52:51+0200] [MainThread] [I] [toil.leader] 0 jobs are running, 0 jobs are issued and waiting to run
[2022-05-12T14:52:51+0200] [MainThread] [I] [toil.leader] Issued job 'CWLJob' schemadef-wf.cwl.step1.schemadef-tool.cwl kind-CWLJob/instance-vr6lq9zd v1 with job batch system ID: 1 and cores: 1, disk: 2.0 Gi, and memory: 8.0 Mi
[2022-05-12T14:52:51+0200] [MainThread] [I] [toil.worker] Redirecting logging to /tmp/69af9f99b8725d0090aea7ca359e7d39/20ef/worker_log.txt
[2022-05-12T14:52:52+0200] [MainThread] [I] [toil.worker] Redirecting logging to /tmp/69af9f99b8725d0090aea7ca359e7d39/ca4e/worker_log.txt
[2022-05-12T14:52:53+0200] [MainThread] [I] [toil.worker] Redirecting logging to /tmp/69af9f99b8725d0090aea7ca359e7d39/4ad1/worker_log.txt
[2022-05-12T14:52:55+0200] [MainThread] [I] [toil.leader] Finished toil run successfully.
[2022-05-12T14:52:55+0200] [MainThread] [I] [toil.common] Successfully deleted the job store: FileJobStore(/tmp/tmpl321v_s_)
</system-err>
		</testcase>
		<testcase name="Test parameter evaluation, no support for JS expressions" time="3.757337" class="required, command_line_tool" file="param_evaluation_noexpr" url="cwltest:conformance_test_v1.0#61">
			<system-out>{
    &quot;t1&quot;: {
        &quot;bar&quot;: {
            &quot;baz&quot;: &quot;zab1&quot;,
            &quot;b az&quot;: 2,
            &quot;b'az&quot;: true,
            &quot;b\&quot;az&quot;: null,
            &quot;buz&quot;: [
                &quot;a&quot;,
                &quot;b&quot;,
                &quot;c&quot;
            ]
        }
    },
    &quot;t2&quot;: {
        &quot;baz&quot;: &quot;zab1&quot;,
        &quot;b az&quot;: 2,
        &quot;b'az&quot;: true,
        &quot;b\&quot;az&quot;: null,
        &quot;buz&quot;: [
            &quot;a&quot;,
            &quot;b&quot;,
            &quot;c&quot;
        ]
    },
    &quot;t3&quot;: {
        &quot;baz&quot;: &quot;zab1&quot;,
        &quot;b az&quot;: 2,
        &quot;b'az&quot;: true,
        &quot;b\&quot;az&quot;: null,
        &quot;buz&quot;: [
            &quot;a&quot;,
            &quot;b&quot;,
            &quot;c&quot;
        ]
    },
    &quot;t4&quot;: {
        &quot;baz&quot;: &quot;zab1&quot;,
        &quot;b az&quot;: 2,
        &quot;b'az&quot;: true,
        &quot;b\&quot;az&quot;: null,
        &quot;buz&quot;: [
            &quot;a&quot;,
            &quot;b&quot;,
            &quot;c&quot;
        ]
    },
    &quot;t5&quot;: &quot;zab1&quot;,
    &quot;t6&quot;: &quot;zab1&quot;,
    &quot;t7&quot;: &quot;zab1&quot;,
    &quot;t8&quot;: &quot;zab1&quot;,
    &quot;t9&quot;: 2,
    &quot;t10&quot;: true,
    &quot;t11&quot;: true,
    &quot;t12&quot;: null,
    &quot;t13&quot;: &quot;-zab1&quot;,
    &quot;t14&quot;: &quot;-zab1&quot;,
    &quot;t15&quot;: &quot;-zab1&quot;,
    &quot;t16&quot;: &quot;-zab1&quot;,
    &quot;t17&quot;: &quot;zab1 zab1&quot;,
    &quot;t18&quot;: &quot;zab1 zab1&quot;,
    &quot;t19&quot;: &quot;zab1 zab1&quot;,
    &quot;t20&quot;: &quot;zab1 zab1&quot;,
    &quot;t21&quot;: &quot;2 2&quot;,
    &quot;t22&quot;: &quot;true true&quot;,
    &quot;t23&quot;: &quot;true true&quot;,
    &quot;t24&quot;: &quot;null null&quot;,
    &quot;t25&quot;: &quot;b&quot;,
    &quot;t26&quot;: &quot;b b&quot;,
    &quot;t27&quot;: null,
    &quot;t28&quot;: 3
}</system-out>
			<system-err>[2022-05-12T14:52:48+0200] [MainThread] [I] [cwltool] Resolved 'v1.0/params.cwl' to 'file:///home/michael/common-workflow-language/v1.0/v1.0/params.cwl'
[2022-05-12T14:52:50+0200] [MainThread] [I] [toil.job] Saving graph of 1 jobs, 1 new
[2022-05-12T14:52:50+0200] [MainThread] [I] [toil.job] Processing job 'CWLJob' params.cwl kind-CWLJob/instance-kr51k_7j v0
[2022-05-12T14:52:50+0200] [MainThread] [I] [toil] Running Toil version 5.6.0-c34146a6437e4407a61e946e968bcce67a0ebbca on host mrc-tux.
[2022-05-12T14:52:50+0200] [MainThread] [I] [toil.leader] Issued job 'CWLJob' params.cwl kind-CWLJob/instance-kr51k_7j v1 with job batch system ID: 0 and cores: 1, disk: 2.0 Gi, and memory: 8.0 Mi
[2022-05-12T14:52:50+0200] [MainThread] [I] [toil.worker] Redirecting logging to /tmp/a616233b1a5c516881821d2223b26440/41cb/worker_log.txt
[2022-05-12T14:52:50+0200] [MainThread] [I] [toil.leader] 0 jobs are running, 0 jobs are issued and waiting to run
[2022-05-12T14:52:52+0200] [MainThread] [I] [toil.leader] Finished toil run successfully.
[2022-05-12T14:52:52+0200] [MainThread] [I] [toil.common] Successfully deleted the job store: FileJobStore(/tmp/tmpumvvf1ks)
</system-err>
		</testcase>
		<testcase name="Test parameter evaluation, with support for JS expressions" time="4.698368" class="inline_javascript, command_line_tool" file="param_evaluation_expr" url="cwltest:conformance_test_v1.0#62">
			<system-out>{
    &quot;t1&quot;: {
        &quot;bar&quot;: {
            &quot;baz&quot;: &quot;zab1&quot;,
            &quot;b az&quot;: 2,
            &quot;b'az&quot;: true,
            &quot;b\&quot;az&quot;: null,
            &quot;buz&quot;: [
                &quot;a&quot;,
                &quot;b&quot;,
                &quot;c&quot;
            ]
        }
    },
    &quot;t2&quot;: {
        &quot;baz&quot;: &quot;zab1&quot;,
        &quot;b az&quot;: 2,
        &quot;b'az&quot;: true,
        &quot;b\&quot;az&quot;: null,
        &quot;buz&quot;: [
            &quot;a&quot;,
            &quot;b&quot;,
            &quot;c&quot;
        ]
    },
    &quot;t3&quot;: {
        &quot;baz&quot;: &quot;zab1&quot;,
        &quot;b az&quot;: 2,
        &quot;b'az&quot;: true,
        &quot;b\&quot;az&quot;: null,
        &quot;buz&quot;: [
            &quot;a&quot;,
            &quot;b&quot;,
            &quot;c&quot;
        ]
    },
    &quot;t4&quot;: {
        &quot;baz&quot;: &quot;zab1&quot;,
        &quot;b az&quot;: 2,
        &quot;b'az&quot;: true,
        &quot;b\&quot;az&quot;: null,
        &quot;buz&quot;: [
            &quot;a&quot;,
            &quot;b&quot;,
            &quot;c&quot;
        ]
    },
    &quot;t5&quot;: &quot;zab1&quot;,
    &quot;t6&quot;: &quot;zab1&quot;,
    &quot;t7&quot;: &quot;zab1&quot;,
    &quot;t8&quot;: &quot;zab1&quot;,
    &quot;t9&quot;: 2,
    &quot;t10&quot;: true,
    &quot;t11&quot;: true,
    &quot;t12&quot;: null,
    &quot;t13&quot;: &quot;-zab1&quot;,
    &quot;t14&quot;: &quot;-zab1&quot;,
    &quot;t15&quot;: &quot;-zab1&quot;,
    &quot;t16&quot;: &quot;-zab1&quot;,
    &quot;t17&quot;: &quot;zab1 zab1&quot;,
    &quot;t18&quot;: &quot;zab1 zab1&quot;,
    &quot;t19&quot;: &quot;zab1 zab1&quot;,
    &quot;t20&quot;: &quot;zab1 zab1&quot;,
    &quot;t21&quot;: &quot;2 2&quot;,
    &quot;t22&quot;: &quot;true true&quot;,
    &quot;t23&quot;: &quot;true true&quot;,
    &quot;t24&quot;: &quot;null null&quot;,
    &quot;t25&quot;: &quot;b&quot;,
    &quot;t26&quot;: &quot;b b&quot;,
    &quot;t27&quot;: null,
    &quot;t28&quot;: 3
}</system-out>
			<system-err>[2022-05-12T14:52:50+0200] [MainThread] [I] [cwltool] Resolved 'v1.0/params2.cwl' to 'file:///home/michael/common-workflow-language/v1.0/v1.0/params2.cwl'
[2022-05-12T14:52:52+0200] [MainThread] [I] [toil.job] Saving graph of 1 jobs, 1 new
[2022-05-12T14:52:52+0200] [MainThread] [I] [toil.job] Processing job 'CWLJob' params2.cwl kind-CWLJob/instance-ejz5bxat v0
[2022-05-12T14:52:52+0200] [MainThread] [I] [toil] Running Toil version 5.6.0-c34146a6437e4407a61e946e968bcce67a0ebbca on host mrc-tux.
[2022-05-12T14:52:52+0200] [MainThread] [I] [toil.leader] Issued job 'CWLJob' params2.cwl kind-CWLJob/instance-ejz5bxat v1 with job batch system ID: 0 and cores: 1, disk: 3.0 Gi, and memory: 2.0 Gi
[2022-05-12T14:52:53+0200] [MainThread] [I] [toil.worker] Redirecting logging to /tmp/f2009daa1e52590dbc19e1df3938121c/0479/worker_log.txt
[2022-05-12T14:52:53+0200] [MainThread] [I] [toil.leader] 0 jobs are running, 0 jobs are issued and waiting to run
[2022-05-12T14:52:54+0200] [MainThread] [I] [toil.leader] Finished toil run successfully.
[2022-05-12T14:52:54+0200] [MainThread] [I] [toil.common] Successfully deleted the job store: FileJobStore(/tmp/tmpl_b_xgy8)
</system-err>
		</testcase>
		<testcase name="Test metadata" time="5.352870" class="required, command_line_tool" file="metadata" url="cwltest:conformance_test_v1.0#63">
			<system-out>{}</system-out>
			<system-err>[2022-05-12T14:52:51+0200] [MainThread] [I] [cwltool] Resolved 'v1.0/metadata.cwl' to 'file:///home/michael/common-workflow-language/v1.0/v1.0/metadata.cwl'
[2022-05-12T14:52:52+0200] [MainThread] [I] [toil.job] Saving graph of 1 jobs, 1 new
[2022-05-12T14:52:52+0200] [MainThread] [I] [toil.job] Processing job 'CWLJob' metadata.cwl kind-CWLJob/instance-wsadb0fs v0
[2022-05-12T14:52:52+0200] [MainThread] [I] [toil] Running Toil version 5.6.0-c34146a6437e4407a61e946e968bcce67a0ebbca on host mrc-tux.
[2022-05-12T14:52:52+0200] [MainThread] [I] [toil.leader] Issued job 'CWLJob' metadata.cwl kind-CWLJob/instance-wsadb0fs v1 with job batch system ID: 0 and cores: 1, disk: 2.0 Gi, and memory: 8.0 Mi
[2022-05-12T14:52:53+0200] [MainThread] [I] [toil.worker] Redirecting logging to /tmp/225971cf15155ceeaf83363e6585ade4/1270/worker_log.txt
[2022-05-12T14:52:54+0200] [MainThread] [I] [toil.leader] 0 jobs are running, 0 jobs are issued and waiting to run
[2022-05-12T14:52:55+0200] [MainThread] [I] [toil.leader] Finished toil run successfully.
[2022-05-12T14:52:55+0200] [MainThread] [I] [toil.common] Successfully deleted the job store: FileJobStore(/tmp/tmp6by0qzvl)
</system-err>
		</testcase>
		<testcase name="Test simple format checking." time="4.427978" class="required, command_line_tool" file="format_checking" url="cwltest:conformance_test_v1.0#64">
			<system-out>{
    &quot;output&quot;: {
        &quot;location&quot;: &quot;file:///tmp/tmpi9hu4v31/output.txt&quot;,
        &quot;basename&quot;: &quot;output.txt&quot;,
        &quot;nameroot&quot;: &quot;output&quot;,
        &quot;nameext&quot;: &quot;.txt&quot;,
        &quot;class&quot;: &quot;File&quot;,
        &quot;checksum&quot;: &quot;sha1$97fe1b50b4582cebc7d853796ebd62e3e163aa3f&quot;,
        &quot;size&quot;: 1111,
        &quot;format&quot;: &quot;http://edamontology.org/format_2330&quot;
    }
}</system-out>
			<system-err>[2022-05-12T14:52:52+0200] [MainThread] [I] [cwltool] Resolved 'v1.0/formattest.cwl' to 'file:///home/michael/common-workflow-language/v1.0/v1.0/formattest.cwl'
[2022-05-12T14:52:54+0200] [MainThread] [I] [toil.job] Saving graph of 1 jobs, 1 new
[2022-05-12T14:52:54+0200] [MainThread] [I] [toil.job] Processing job 'CWLJob' formattest.cwl kind-CWLJob/instance-qypdlio2 v0
[2022-05-12T14:52:54+0200] [MainThread] [I] [toil] Running Toil version 5.6.0-c34146a6437e4407a61e946e968bcce67a0ebbca on host mrc-tux.
[2022-05-12T14:52:54+0200] [MainThread] [I] [toil.leader] Issued job 'CWLJob' formattest.cwl kind-CWLJob/instance-qypdlio2 v1 with job batch system ID: 0 and cores: 1, disk: 2.0 Gi, and memory: 8.0 Mi
[2022-05-12T14:52:54+0200] [MainThread] [I] [toil.worker] Redirecting logging to /tmp/542f4c6547f85c6289d59e77884ff466/c50b/worker_log.txt
[2022-05-12T14:52:55+0200] [MainThread] [I] [toil.leader] 0 jobs are running, 0 jobs are issued and waiting to run
[2022-05-12T14:52:56+0200] [MainThread] [I] [toil.leader] Finished toil run successfully.
[2022-05-12T14:52:56+0200] [MainThread] [I] [toil.common] Successfully deleted the job store: FileJobStore(/tmp/tmpm6iyecob)
</system-err>
		</testcase>
		<testcase name="Test format checking against ontology using subclassOf." time="12.045881" class="required, command_line_tool" file="format_checking_subclass" url="cwltest:conformance_test_v1.0#65">
			<system-out>{
    &quot;output&quot;: {
        &quot;location&quot;: &quot;file:///tmp/tmpc3nf5r1g/output.txt&quot;,
        &quot;basename&quot;: &quot;output.txt&quot;,
        &quot;nameroot&quot;: &quot;output&quot;,
        &quot;nameext&quot;: &quot;.txt&quot;,
        &quot;class&quot;: &quot;File&quot;,
        &quot;checksum&quot;: &quot;sha1$971d88faeda85a796752ecf752b7e2e34f1337ce&quot;,
        &quot;size&quot;: 12010,
        &quot;format&quot;: &quot;http://edamontology.org/format_1929&quot;
    }
}</system-out>
			<system-err>[2022-05-12T14:52:55+0200] [MainThread] [I] [cwltool] Resolved 'v1.0/formattest2.cwl' to 'file:///home/michael/common-workflow-language/v1.0/v1.0/formattest2.cwl'
[2022-05-12T14:53:01+0200] [MainThread] [I] [toil.job] Saving graph of 1 jobs, 1 new
[2022-05-12T14:53:01+0200] [MainThread] [I] [toil.job] Processing job 'CWLJob' formattest2.cwl kind-CWLJob/instance-zppco6wu v0
[2022-05-12T14:53:01+0200] [MainThread] [I] [toil] Running Toil version 5.6.0-c34146a6437e4407a61e946e968bcce67a0ebbca on host mrc-tux.
[2022-05-12T14:53:01+0200] [MainThread] [I] [toil.leader] Issued job 'CWLJob' formattest2.cwl kind-CWLJob/instance-zppco6wu v1 with job batch system ID: 0 and cores: 1, disk: 2.0 Gi, and memory: 8.0 Mi
[2022-05-12T14:53:02+0200] [MainThread] [I] [toil.worker] Redirecting logging to /tmp/26dd3667caed5f119bc0c62f5e3eac21/c627/worker_log.txt
[2022-05-12T14:53:03+0200] [MainThread] [I] [toil.leader] 1 jobs are running, 0 jobs are issued and waiting to run
[2022-05-12T14:53:05+0200] [MainThread] [I] [toil.leader] Finished toil run successfully.
[2022-05-12T14:53:05+0200] [MainThread] [I] [toil.common] Successfully deleted the job store: FileJobStore(/tmp/tmp2oib1m6n)
</system-err>
		</testcase>
		<testcase name="Test format checking against ontology using equivalentClass." time="12.042278" class="required, command_line_tool" file="format_checking_equivalentclass" url="cwltest:conformance_test_v1.0#66">
			<system-out>{
    &quot;output&quot;: {
        &quot;location&quot;: &quot;file:///tmp/tmpq_f7qz7_/output.txt&quot;,
        &quot;basename&quot;: &quot;output.txt&quot;,
        &quot;nameroot&quot;: &quot;output&quot;,
        &quot;nameext&quot;: &quot;.txt&quot;,
        &quot;class&quot;: &quot;File&quot;,
        &quot;checksum&quot;: &quot;sha1$971d88faeda85a796752ecf752b7e2e34f1337ce&quot;,
        &quot;size&quot;: 12010,
        &quot;format&quot;: &quot;http://edamontology.org/format_1929&quot;
    }
}</system-out>
			<system-err>[2022-05-12T14:52:56+0200] [MainThread] [I] [cwltool] Resolved 'v1.0/formattest3.cwl' to 'file:///home/michael/common-workflow-language/v1.0/v1.0/formattest3.cwl'
[2022-05-12T14:53:02+0200] [MainThread] [I] [toil.job] Saving graph of 1 jobs, 1 new
[2022-05-12T14:53:02+0200] [MainThread] [I] [toil.job] Processing job 'CWLJob' formattest3.cwl kind-CWLJob/instance-owtuxzzf v0
[2022-05-12T14:53:02+0200] [MainThread] [I] [toil] Running Toil version 5.6.0-c34146a6437e4407a61e946e968bcce67a0ebbca on host mrc-tux.
[2022-05-12T14:53:02+0200] [MainThread] [I] [toil.leader] Issued job 'CWLJob' formattest3.cwl kind-CWLJob/instance-owtuxzzf v1 with job batch system ID: 0 and cores: 1, disk: 2.0 Gi, and memory: 8.0 Mi
[2022-05-12T14:53:03+0200] [MainThread] [I] [toil.worker] Redirecting logging to /tmp/d03d6b891dc05fc38f8f29411b4eee51/a650/worker_log.txt
[2022-05-12T14:53:04+0200] [MainThread] [I] [toil.leader] 1 jobs are running, 0 jobs are issued and waiting to run
[2022-05-12T14:53:06+0200] [MainThread] [I] [toil.leader] Finished toil run successfully.
[2022-05-12T14:53:06+0200] [MainThread] [I] [toil.common] Successfully deleted the job store: FileJobStore(/tmp/tmpqu60oceq)
</system-err>
		</testcase>
		<testcase name="Test optional output file and optional secondaryFile on output." time="5.251384" class="docker, command_line_tool" file="output_secondaryfile_optional" url="cwltest:conformance_test_v1.0#67">
			<system-out>{
    &quot;optional_file&quot;: null,
    &quot;output_file&quot;: {
        &quot;location&quot;: &quot;file:///tmp/tmpebux6nl0/output.txt&quot;,
        &quot;basename&quot;: &quot;output.txt&quot;,
        &quot;nameroot&quot;: &quot;output&quot;,
        &quot;nameext&quot;: &quot;.txt&quot;,
        &quot;class&quot;: &quot;File&quot;,
        &quot;checksum&quot;: &quot;sha1$47a013e660d408619d894b20806b1d5086aab03b&quot;,
        &quot;size&quot;: 13,
        &quot;secondaryFiles&quot;: []
    }
}</system-out>
			<system-err>[2022-05-12T14:52:56+0200] [MainThread] [I] [cwltool] Resolved 'v1.0/optional-output.cwl' to 'file:///home/michael/common-workflow-language/v1.0/v1.0/optional-output.cwl'
[2022-05-12T14:52:58+0200] [MainThread] [I] [toil.job] Saving graph of 1 jobs, 1 new
[2022-05-12T14:52:58+0200] [MainThread] [I] [toil.job] Processing job 'CWLJob' optional-output.cwl kind-CWLJob/instance-t8q60ih6 v0
[2022-05-12T14:52:58+0200] [MainThread] [I] [toil] Running Toil version 5.6.0-c34146a6437e4407a61e946e968bcce67a0ebbca on host mrc-tux.
[2022-05-12T14:52:58+0200] [MainThread] [I] [toil.leader] Issued job 'CWLJob' optional-output.cwl kind-CWLJob/instance-t8q60ih6 v1 with job batch system ID: 0 and cores: 1, disk: 2.0 Gi, and memory: 8.0 Mi
[2022-05-12T14:52:58+0200] [MainThread] [I] [toil.worker] Redirecting logging to /tmp/895a0e06507754338a93334d77fd5d8b/ef10/worker_log.txt
[2022-05-12T14:53:00+0200] [MainThread] [I] [toil.leader] 0 jobs are running, 0 jobs are issued and waiting to run
[2022-05-12T14:53:01+0200] [MainThread] [I] [toil.leader] Finished toil run successfully.
[2022-05-12T14:53:01+0200] [MainThread] [I] [toil.common] Successfully deleted the job store: FileJobStore(/tmp/tmp7g5ybatk)
</system-err>
		</testcase>
		<testcase name="Test that valueFrom is ignored when the parameter is null" time="4.677410" class="inline_javascript, command_line_tool" file="valuefrom_ignored_null" url="cwltest:conformance_test_v1.0#68">
			<system-out>{
    &quot;out&quot;: &quot;\n&quot;
}</system-out>
			<system-err>[2022-05-12T14:52:57+0200] [MainThread] [I] [cwltool] Resolved 'v1.0/vf-concat.cwl' to 'file:///home/michael/common-workflow-language/v1.0/v1.0/vf-concat.cwl'
[2022-05-12T14:52:59+0200] [MainThread] [I] [toil.job] Saving graph of 1 jobs, 1 new
[2022-05-12T14:52:59+0200] [MainThread] [I] [toil.job] Processing job 'CWLJob' vf-concat.cwl kind-CWLJob/instance-1di_qe6n v0
[2022-05-12T14:52:59+0200] [MainThread] [I] [toil] Running Toil version 5.6.0-c34146a6437e4407a61e946e968bcce67a0ebbca on host mrc-tux.
[2022-05-12T14:52:59+0200] [MainThread] [I] [toil.leader] Issued job 'CWLJob' vf-concat.cwl kind-CWLJob/instance-1di_qe6n v1 with job batch system ID: 0 and cores: 1, disk: 2.0 Gi, and memory: 8.0 Mi
[2022-05-12T14:52:59+0200] [MainThread] [I] [toil.worker] Redirecting logging to /tmp/69ec052ba2b35f9193fa45c1e3a3056e/fe41/worker_log.txt
[2022-05-12T14:53:00+0200] [MainThread] [I] [toil.leader] 0 jobs are running, 0 jobs are issued and waiting to run
[2022-05-12T14:53:01+0200] [MainThread] [I] [toil.leader] Finished toil run successfully.
[2022-05-12T14:53:01+0200] [MainThread] [I] [toil.common] Successfully deleted the job store: FileJobStore(/tmp/tmpuicndmrq)
</system-err>
		</testcase>
		<testcase name="Test that second expression in concatenated valueFrom is not ignored" time="5.777549" class="inline_javascript, command_line_tool" file="valuefrom_secondexpr_ignored" url="cwltest:conformance_test_v1.0#69">
			<system-out>{
    &quot;out&quot;: &quot;a string\n&quot;
}</system-out>
			<system-err>[2022-05-12T14:53:02+0200] [MainThread] [I] [cwltool] Resolved 'v1.0/vf-concat.cwl' to 'file:///home/michael/common-workflow-language/v1.0/v1.0/vf-concat.cwl'
[2022-05-12T14:53:03+0200] [MainThread] [I] [toil.job] Saving graph of 1 jobs, 1 new
[2022-05-12T14:53:03+0200] [MainThread] [I] [toil.job] Processing job 'CWLJob' vf-concat.cwl kind-CWLJob/instance-gturv4be v0
[2022-05-12T14:53:03+0200] [MainThread] [I] [toil] Running Toil version 5.6.0-c34146a6437e4407a61e946e968bcce67a0ebbca on host mrc-tux.
[2022-05-12T14:53:03+0200] [MainThread] [I] [toil.leader] Issued job 'CWLJob' vf-concat.cwl kind-CWLJob/instance-gturv4be v1 with job batch system ID: 0 and cores: 1, disk: 2.0 Gi, and memory: 8.0 Mi
[2022-05-12T14:53:04+0200] [MainThread] [I] [toil.worker] Redirecting logging to /tmp/a4e66d4b285f528d9e95e26b4e89410e/c162/worker_log.txt
[2022-05-12T14:53:05+0200] [MainThread] [I] [toil.leader] 0 jobs are running, 0 jobs are issued and waiting to run
[2022-05-12T14:53:06+0200] [MainThread] [I] [toil.leader] Finished toil run successfully.
[2022-05-12T14:53:06+0200] [MainThread] [I] [toil.common] Successfully deleted the job store: FileJobStore(/tmp/tmp_14bontq)
</system-err>
		</testcase>
		<testcase name="Test valueFrom on workflow step." time="11.036126" class="step_input, inline_javascript, workflow" file="valuefrom_wf_step" url="cwltest:conformance_test_v1.0#70">
			<system-out>{
    &quot;count_output&quot;: 16
}</system-out>
			<system-err>[2022-05-12T14:53:02+0200] [MainThread] [I] [cwltool] Resolved 'v1.0/step-valuefrom-wf.cwl' to 'file:///home/michael/common-workflow-language/v1.0/v1.0/step-valuefrom-wf.cwl'
[2022-05-12T14:53:06+0200] [MainThread] [I] [toil.job] Saving graph of 2 jobs, 2 new
[2022-05-12T14:53:06+0200] [MainThread] [I] [toil.job] Processing job 'ResolveIndirect' kind-ResolveIndirect/instance-vn5oh53j v0
[2022-05-12T14:53:06+0200] [MainThread] [I] [toil.job] Processing job 'CWLWorkflow' kind-CWLWorkflow/instance-4yf4p222 v0
[2022-05-12T14:53:06+0200] [MainThread] [I] [toil] Running Toil version 5.6.0-c34146a6437e4407a61e946e968bcce67a0ebbca on host mrc-tux.
[2022-05-12T14:53:06+0200] [MainThread] [I] [toil.worker] Redirecting logging to /tmp/de767722d0135eb0a15de97fefb4c2d5/5894/worker_log.txt
[2022-05-12T14:53:06+0200] [MainThread] [I] [toil.leader] 0 jobs are running, 0 jobs are issued and waiting to run
[2022-05-12T14:53:06+0200] [MainThread] [I] [toil.leader] Issued job 'CWLJob' step-valuefrom-wf.cwl.step1.wc-tool.cwl kind-CWLJob/instance-7s2livqg v1 with job batch system ID: 1 and cores: 1, disk: 2.0 Gi, and memory: 8.0 Mi
[2022-05-12T14:53:07+0200] [MainThread] [I] [toil.worker] Redirecting logging to /tmp/de767722d0135eb0a15de97fefb4c2d5/0976/worker_log.txt
[2022-05-12T14:53:07+0200] [MainThread] [I] [toil.leader] Issued job 'CWLJob' step-valuefrom-wf.cwl.step2.parseInt-tool.cwl kind-CWLJob/instance-95eb_gdl v1 with job batch system ID: 2 and cores: 1, disk: 3.0 Gi, and memory: 2.0 Gi
[2022-05-12T14:53:08+0200] [MainThread] [I] [toil.worker] Redirecting logging to /tmp/de767722d0135eb0a15de97fefb4c2d5/4a42/worker_log.txt
[2022-05-12T14:53:08+0200] [MainThread] [I] [toil.leader] Issued job 'CWLJob' step-valuefrom-wf.cwl.step1.wc-tool.cwl kind-CWLJob/instance-7s2livqg v2 with job batch system ID: 3 and cores: 1, disk: 2.0 Gi, and memory: 8.0 Mi
[2022-05-12T14:53:09+0200] [MainThread] [I] [toil.worker] Redirecting logging to /tmp/de767722d0135eb0a15de97fefb4c2d5/f0c2/worker_log.txt
[2022-05-12T14:53:09+0200] [MainThread] [I] [toil.worker] Redirecting logging to /tmp/de767722d0135eb0a15de97fefb4c2d5/c7ee/worker_log.txt
[2022-05-12T14:53:10+0200] [MainThread] [I] [toil.worker] Redirecting logging to /tmp/de767722d0135eb0a15de97fefb4c2d5/0784/worker_log.txt
[2022-05-12T14:53:12+0200] [MainThread] [I] [toil.leader] Finished toil run successfully.
[2022-05-12T14:53:12+0200] [MainThread] [I] [toil.common] Successfully deleted the job store: FileJobStore(/tmp/tmpayp018fv)
</system-err>
		</testcase>
		<testcase name="Test valueFrom on workflow step with multiple sources" time="8.179298" class="step_input, inline_javascript, multiple_input, workflow" file="valuefrom_wf_step_multiple" url="cwltest:conformance_test_v1.0#71">
			<system-out>{
    &quot;val&quot;: &quot;3\n&quot;
}</system-out>
			<system-err>[2022-05-12T14:53:07+0200] [MainThread] [I] [cwltool] Resolved 'v1.0/step-valuefrom2-wf.cwl' to 'file:///home/michael/common-workflow-language/v1.0/v1.0/step-valuefrom2-wf.cwl'
[2022-05-12T14:53:09+0200] [MainThread] [I] [toil.job] Saving graph of 2 jobs, 2 new
[2022-05-12T14:53:09+0200] [MainThread] [I] [toil.job] Processing job 'ResolveIndirect' kind-ResolveIndirect/instance-aohq3icb v0
[2022-05-12T14:53:09+0200] [MainThread] [I] [toil.job] Processing job 'CWLWorkflow' kind-CWLWorkflow/instance-y9j8vtgr v0
[2022-05-12T14:53:09+0200] [MainThread] [I] [toil] Running Toil version 5.6.0-c34146a6437e4407a61e946e968bcce67a0ebbca on host mrc-tux.
[2022-05-12T14:53:10+0200] [MainThread] [I] [toil.worker] Redirecting logging to /tmp/24c1f9dc16d45035bad3d8b0f390cb87/6b8c/worker_log.txt
[2022-05-12T14:53:10+0200] [MainThread] [I] [toil.leader] 0 jobs are running, 0 jobs are issued and waiting to run
[2022-05-12T14:53:10+0200] [MainThread] [I] [toil.leader] Issued job 'CWLJob' step-valuefrom2-wf.cwl.step1.echo kind-CWLJob/instance-go_8xj22 v1 with job batch system ID: 1 and cores: 1, disk: 3.0 Gi, and memory: 2.0 Gi
[2022-05-12T14:53:11+0200] [MainThread] [I] [toil.worker] Redirecting logging to /tmp/24c1f9dc16d45035bad3d8b0f390cb87/5051/worker_log.txt
[2022-05-12T14:53:12+0200] [MainThread] [I] [toil.worker] Redirecting logging to /tmp/24c1f9dc16d45035bad3d8b0f390cb87/5412/worker_log.txt
[2022-05-12T14:53:12+0200] [MainThread] [I] [toil.worker] Redirecting logging to /tmp/24c1f9dc16d45035bad3d8b0f390cb87/308c/worker_log.txt
[2022-05-12T14:53:14+0200] [MainThread] [I] [toil.leader] Finished toil run successfully.
[2022-05-12T14:53:14+0200] [MainThread] [I] [toil.common] Successfully deleted the job store: FileJobStore(/tmp/tmpqxu7zedf)
</system-err>
		</testcase>
		<testcase name="Test valueFrom on workflow step referencing other inputs" time="8.023525" class="step_input, inline_javascript, workflow" file="valuefrom_wf_step_other" url="cwltest:conformance_test_v1.0#72">
			<system-out>{
    &quot;val&quot;: &quot;3\n&quot;
}</system-out>
			<system-err>[2022-05-12T14:53:07+0200] [MainThread] [I] [cwltool] Resolved 'v1.0/step-valuefrom3-wf.cwl' to 'file:///home/michael/common-workflow-language/v1.0/v1.0/step-valuefrom3-wf.cwl'
[2022-05-12T14:53:09+0200] [MainThread] [I] [toil.job] Saving graph of 2 jobs, 2 new
[2022-05-12T14:53:09+0200] [MainThread] [I] [toil.job] Processing job 'ResolveIndirect' kind-ResolveIndirect/instance-darl804a v0
[2022-05-12T14:53:09+0200] [MainThread] [I] [toil.job] Processing job 'CWLWorkflow' kind-CWLWorkflow/instance-q2qxwaxl v0
[2022-05-12T14:53:09+0200] [MainThread] [I] [toil] Running Toil version 5.6.0-c34146a6437e4407a61e946e968bcce67a0ebbca on host mrc-tux.
[2022-05-12T14:53:10+0200] [MainThread] [I] [toil.worker] Redirecting logging to /tmp/95689aecb1085ded9f102dc35e203978/3051/worker_log.txt
[2022-05-12T14:53:10+0200] [MainThread] [I] [toil.leader] 0 jobs are running, 0 jobs are issued and waiting to run
[2022-05-12T14:53:10+0200] [MainThread] [I] [toil.leader] Issued job 'CWLJob' step-valuefrom3-wf.cwl.step1.echo kind-CWLJob/instance-gh6nwxqg v1 with job batch system ID: 1 and cores: 1, disk: 3.0 Gi, and memory: 2.0 Gi
[2022-05-12T14:53:11+0200] [MainThread] [I] [toil.worker] Redirecting logging to /tmp/95689aecb1085ded9f102dc35e203978/146d/worker_log.txt
[2022-05-12T14:53:12+0200] [MainThread] [I] [toil.worker] Redirecting logging to /tmp/95689aecb1085ded9f102dc35e203978/446a/worker_log.txt
[2022-05-12T14:53:13+0200] [MainThread] [I] [toil.worker] Redirecting logging to /tmp/95689aecb1085ded9f102dc35e203978/8e4a/worker_log.txt
[2022-05-12T14:53:14+0200] [MainThread] [I] [toil.leader] Finished toil run successfully.
[2022-05-12T14:53:14+0200] [MainThread] [I] [toil.common] Successfully deleted the job store: FileJobStore(/tmp/tmpeg41t81i)
</system-err>
		</testcase>
		<testcase name="Test record type output binding." time="4.103628" class="shell_command, command_line_tool" file="record_output_binding" url="cwltest:conformance_test_v1.0#73">
			<system-out>{
    &quot;orec&quot;: {
        &quot;ofoo&quot;: {
            &quot;location&quot;: &quot;file:///tmp/tmpnkwd63_n/foo&quot;,
            &quot;basename&quot;: &quot;foo&quot;,
            &quot;nameroot&quot;: &quot;foo&quot;,
            &quot;nameext&quot;: &quot;&quot;,
            &quot;class&quot;: &quot;File&quot;,
            &quot;checksum&quot;: &quot;sha1$327fc7aedf4f6b69a42a7c8b808dc5a7aff61376&quot;,
            &quot;size&quot;: 1111
        },
        &quot;obar&quot;: {
            &quot;location&quot;: &quot;file:///tmp/tmpnkwd63_n/bar&quot;,
            &quot;basename&quot;: &quot;bar&quot;,
            &quot;nameroot&quot;: &quot;bar&quot;,
            &quot;nameext&quot;: &quot;&quot;,
            &quot;class&quot;: &quot;File&quot;,
            &quot;checksum&quot;: &quot;sha1$aeb3d11bdf536511649129f4077d5cda6a324118&quot;,
            &quot;size&quot;: 12010
        }
    }
}</system-out>
			<system-err>[2022-05-12T14:53:08+0200] [MainThread] [I] [cwltool] Resolved 'v1.0/record-output.cwl' to 'file:///home/michael/common-workflow-language/v1.0/v1.0/record-output.cwl'
[2022-05-12T14:53:09+0200] [MainThread] [I] [toil.job] Saving graph of 1 jobs, 1 new
[2022-05-12T14:53:09+0200] [MainThread] [I] [toil.job] Processing job 'CWLJob' record-output.cwl kind-CWLJob/instance-1ii5f8pt v0
[2022-05-12T14:53:09+0200] [MainThread] [I] [toil] Running Toil version 5.6.0-c34146a6437e4407a61e946e968bcce67a0ebbca on host mrc-tux.
[2022-05-12T14:53:09+0200] [MainThread] [I] [toil.leader] Issued job 'CWLJob' record-output.cwl kind-CWLJob/instance-1ii5f8pt v1 with job batch system ID: 0 and cores: 1, disk: 2.0 Gi, and memory: 8.0 Mi
[2022-05-12T14:53:10+0200] [MainThread] [I] [toil.worker] Redirecting logging to /tmp/b4f78605833e5291a4c351dd90abb475/6cb6/worker_log.txt
[2022-05-12T14:53:10+0200] [MainThread] [I] [toil.leader] 0 jobs are running, 0 jobs are issued and waiting to run
[2022-05-12T14:53:11+0200] [MainThread] [I] [toil.leader] Finished toil run successfully.
[2022-05-12T14:53:11+0200] [MainThread] [I] [toil.common] Successfully deleted the job store: FileJobStore(/tmp/tmp8ur_xok3)
</system-err>
		</testcase>
		<testcase name="Test support for reading cwl.output.json when running in a Docker container and just 'path' is provided." time="5.036946" class="shell_command, command_line_tool" file="docker_json_output_path" url="cwltest:conformance_test_v1.0#74">
			<system-out>{
    &quot;foo&quot;: {
        &quot;class&quot;: &quot;File&quot;,
        &quot;basename&quot;: &quot;foo&quot;,
        &quot;location&quot;: &quot;file:///tmp/tmpyfm2io6n/foo&quot;,
        &quot;nameroot&quot;: &quot;foo&quot;,
        &quot;nameext&quot;: &quot;&quot;,
        &quot;checksum&quot;: &quot;sha1$f1d2d2f924e986ac86fdf7b36c94bcdf32beec15&quot;,
        &quot;size&quot;: 4
    }
}</system-out>
			<system-err>[2022-05-12T14:53:12+0200] [MainThread] [I] [cwltool] Resolved 'v1.0/test-cwl-out.cwl' to 'file:///home/michael/common-workflow-language/v1.0/v1.0/test-cwl-out.cwl'
[2022-05-12T14:53:13+0200] [MainThread] [I] [toil.job] Saving graph of 1 jobs, 1 new
[2022-05-12T14:53:13+0200] [MainThread] [I] [toil.job] Processing job 'CWLJob' test-cwl-out.cwl kind-CWLJob/instance-2n6vuw5y v0
[2022-05-12T14:53:13+0200] [MainThread] [I] [toil] Running Toil version 5.6.0-c34146a6437e4407a61e946e968bcce67a0ebbca on host mrc-tux.
[2022-05-12T14:53:13+0200] [MainThread] [I] [toil.leader] Issued job 'CWLJob' test-cwl-out.cwl kind-CWLJob/instance-2n6vuw5y v1 with job batch system ID: 0 and cores: 1, disk: 2.0 Gi, and memory: 8.0 Mi
[2022-05-12T14:53:14+0200] [MainThread] [I] [toil.worker] Redirecting logging to /tmp/f75c58037fa55d6498f83e2a279f4169/ad0d/worker_log.txt
[2022-05-12T14:53:15+0200] [MainThread] [I] [toil.leader] 0 jobs are running, 0 jobs are issued and waiting to run
[2022-05-12T14:53:16+0200] [MainThread] [I] [toil.leader] Finished toil run successfully.
[2022-05-12T14:53:16+0200] [MainThread] [I] [toil.common] Successfully deleted the job store: FileJobStore(/tmp/tmpifyxvjwr)
</system-err>
		</testcase>
		<testcase name="Test support for reading cwl.output.json when running in a Docker container and just 'location' is provided." time="5.069074" class="shell_command, command_line_tool" file="docker_json_output_location" url="cwltest:conformance_test_v1.0#75">
			<system-out>{
    &quot;foo&quot;: {
        &quot;location&quot;: &quot;file:///tmp/tmp_8089vsv/foo&quot;,
        &quot;class&quot;: &quot;File&quot;,
        &quot;basename&quot;: &quot;foo&quot;,
        &quot;nameroot&quot;: &quot;foo&quot;,
        &quot;nameext&quot;: &quot;&quot;,
        &quot;checksum&quot;: &quot;sha1$f1d2d2f924e986ac86fdf7b36c94bcdf32beec15&quot;,
        &quot;size&quot;: 4
    }
}</system-out>
			<system-err>[2022-05-12T14:53:13+0200] [MainThread] [I] [cwltool] Resolved 'v1.0/test-cwl-out2.cwl' to 'file:///home/michael/common-workflow-language/v1.0/v1.0/test-cwl-out2.cwl'
[2022-05-12T14:53:14+0200] [MainThread] [I] [toil.job] Saving graph of 1 jobs, 1 new
[2022-05-12T14:53:14+0200] [MainThread] [I] [toil.job] Processing job 'CWLJob' test-cwl-out2.cwl kind-CWLJob/instance-4dm5r0fw v0
[2022-05-12T14:53:14+0200] [MainThread] [I] [toil] Running Toil version 5.6.0-c34146a6437e4407a61e946e968bcce67a0ebbca on host mrc-tux.
[2022-05-12T14:53:14+0200] [MainThread] [I] [toil.leader] Issued job 'CWLJob' test-cwl-out2.cwl kind-CWLJob/instance-4dm5r0fw v1 with job batch system ID: 0 and cores: 1, disk: 2.0 Gi, and memory: 8.0 Mi
[2022-05-12T14:53:14+0200] [MainThread] [I] [toil.worker] Redirecting logging to /tmp/ef4eae51396a5b3daf50aef642167f2b/1a6b/worker_log.txt
[2022-05-12T14:53:16+0200] [MainThread] [I] [toil.leader] 0 jobs are running, 0 jobs are issued and waiting to run
[2022-05-12T14:53:17+0200] [MainThread] [I] [toil.leader] Finished toil run successfully.
[2022-05-12T14:53:17+0200] [MainThread] [I] [toil.common] Successfully deleted the job store: FileJobStore(/tmp/tmprobj0d0o)
</system-err>
		</testcase>
		<testcase name="Test support for returning multiple glob patterns from expression" time="3.946160" class="required, command_line_tool" file="multiple_glob_expr_list" url="cwltest:conformance_test_v1.0#76">
			<system-out>{
    &quot;files&quot;: [
        {
            &quot;location&quot;: &quot;file:///tmp/tmpmwjisoh2/a&quot;,
            &quot;basename&quot;: &quot;a&quot;,
            &quot;nameroot&quot;: &quot;a&quot;,
            &quot;nameext&quot;: &quot;&quot;,
            &quot;class&quot;: &quot;File&quot;,
            &quot;checksum&quot;: &quot;sha1$da39a3ee5e6b4b0d3255bfef95601890afd80709&quot;,
            &quot;size&quot;: 0
        },
        {
            &quot;location&quot;: &quot;file:///tmp/tmpmwjisoh2/b&quot;,
            &quot;basename&quot;: &quot;b&quot;,
            &quot;nameroot&quot;: &quot;b&quot;,
            &quot;nameext&quot;: &quot;&quot;,
            &quot;class&quot;: &quot;File&quot;,
            &quot;checksum&quot;: &quot;sha1$da39a3ee5e6b4b0d3255bfef95601890afd80709&quot;,
            &quot;size&quot;: 0
        },
        {
            &quot;location&quot;: &quot;file:///tmp/tmpmwjisoh2/c&quot;,
            &quot;basename&quot;: &quot;c&quot;,
            &quot;nameroot&quot;: &quot;c&quot;,
            &quot;nameext&quot;: &quot;&quot;,
            &quot;class&quot;: &quot;File&quot;,
            &quot;checksum&quot;: &quot;sha1$da39a3ee5e6b4b0d3255bfef95601890afd80709&quot;,
            &quot;size&quot;: 0
        }
    ]
}</system-out>
			<system-err>[2022-05-12T14:53:15+0200] [MainThread] [I] [cwltool] Resolved 'v1.0/glob-expr-list.cwl' to 'file:///home/michael/common-workflow-language/v1.0/v1.0/glob-expr-list.cwl'
[2022-05-12T14:53:16+0200] [MainThread] [I] [toil.job] Saving graph of 1 jobs, 1 new
[2022-05-12T14:53:16+0200] [MainThread] [I] [toil.job] Processing job 'CWLJob' glob-expr-list.cwl kind-CWLJob/instance-siphgj49 v0
[2022-05-12T14:53:16+0200] [MainThread] [I] [toil] Running Toil version 5.6.0-c34146a6437e4407a61e946e968bcce67a0ebbca on host mrc-tux.
[2022-05-12T14:53:16+0200] [MainThread] [I] [toil.leader] Issued job 'CWLJob' glob-expr-list.cwl kind-CWLJob/instance-siphgj49 v1 with job batch system ID: 0 and cores: 1, disk: 2.0 Gi, and memory: 8.0 Mi
[2022-05-12T14:53:17+0200] [MainThread] [I] [toil.worker] Redirecting logging to /tmp/f177aa45aa9d5b9da7ad0a01fdd4c75a/cd20/worker_log.txt
[2022-05-12T14:53:17+0200] [MainThread] [I] [toil.leader] 0 jobs are running, 0 jobs are issued and waiting to run
[2022-05-12T14:53:18+0200] [MainThread] [I] [toil.leader] Finished toil run successfully.
[2022-05-12T14:53:18+0200] [MainThread] [I] [toil.common] Successfully deleted the job store: FileJobStore(/tmp/tmpzexnjt44)
</system-err>
		</testcase>
		<testcase name="Test workflow scatter with single scatter parameter and two valueFrom on step input (first and current el)" time="10.982898" class="scatter, step_input, workflow" file="wf_scatter_oneparam_valuefrom" url="cwltest:conformance_test_v1.0#77">
			<system-out>{
    &quot;out&quot;: [
        &quot;foo one one&quot;,
        &quot;foo one two&quot;,
        &quot;foo one three&quot;,
        &quot;foo one four&quot;
    ]
}</system-out>
			<system-err>[2022-05-12T14:53:15+0200] [MainThread] [I] [cwltool] Resolved 'v1.0/scatter-valuefrom-wf1.cwl' to 'file:///home/michael/common-workflow-language/v1.0/v1.0/scatter-valuefrom-wf1.cwl'
[2022-05-12T14:53:17+0200] [MainThread] [I] [toil.job] Saving graph of 2 jobs, 2 new
[2022-05-12T14:53:17+0200] [MainThread] [I] [toil.job] Processing job 'ResolveIndirect' kind-ResolveIndirect/instance-aceg7srs v0
[2022-05-12T14:53:17+0200] [MainThread] [I] [toil.job] Processing job 'CWLWorkflow' kind-CWLWorkflow/instance-yc4cb2ho v0
[2022-05-12T14:53:17+0200] [MainThread] [I] [toil] Running Toil version 5.6.0-c34146a6437e4407a61e946e968bcce67a0ebbca on host mrc-tux.
[2022-05-12T14:53:18+0200] [MainThread] [I] [toil.worker] Redirecting logging to /tmp/34884cfd3b7c588cb9179d566614975f/7f47/worker_log.txt
[2022-05-12T14:53:18+0200] [MainThread] [I] [toil.leader] 0 jobs are running, 0 jobs are issued and waiting to run
[2022-05-12T14:53:19+0200] [MainThread] [I] [toil.worker] Redirecting logging to /tmp/34884cfd3b7c588cb9179d566614975f/3917/worker_log.txt
[2022-05-12T14:53:19+0200] [MainThread] [I] [toil.leader] Issued job 'CWLJob' scatter-valuefrom-wf1.cwl[3].1363b9d6-20c6-4ac0-80da-8f7aa8226eaa kind-CWLJob/instance-jcr_vdob v1 with job batch system ID: 2 and cores: 1, disk: 2.0 Gi, and memory: 8.0 Mi
[2022-05-12T14:53:19+0200] [MainThread] [I] [toil.leader] Issued job 'CWLJob' scatter-valuefrom-wf1.cwl[0].1363b9d6-20c6-4ac0-80da-8f7aa8226eaa kind-CWLJob/instance-djmrbfuk v1 with job batch system ID: 3 and cores: 1, disk: 2.0 Gi, and memory: 8.0 Mi
[2022-05-12T14:53:19+0200] [MainThread] [I] [toil.leader] Issued job 'CWLJob' scatter-valuefrom-wf1.cwl[1].1363b9d6-20c6-4ac0-80da-8f7aa8226eaa kind-CWLJob/instance-_w20h7e5 v1 with job batch system ID: 4 and cores: 1, disk: 2.0 Gi, and memory: 8.0 Mi
[2022-05-12T14:53:19+0200] [MainThread] [I] [toil.leader] Issued job 'CWLJob' scatter-valuefrom-wf1.cwl[2].1363b9d6-20c6-4ac0-80da-8f7aa8226eaa kind-CWLJob/instance-1bg2kgta v1 with job batch system ID: 5 and cores: 1, disk: 2.0 Gi, and memory: 8.0 Mi
[2022-05-12T14:53:19+0200] [MainThread] [I] [toil.worker] Redirecting logging to /tmp/34884cfd3b7c588cb9179d566614975f/e33a/worker_log.txt
[2022-05-12T14:53:20+0200] [MainThread] [I] [toil.worker] Redirecting logging to /tmp/34884cfd3b7c588cb9179d566614975f/2901/worker_log.txt
[2022-05-12T14:53:20+0200] [MainThread] [I] [toil.worker] Redirecting logging to /tmp/34884cfd3b7c588cb9179d566614975f/0e3b/worker_log.txt
[2022-05-12T14:53:20+0200] [MainThread] [I] [toil.worker] Redirecting logging to /tmp/34884cfd3b7c588cb9179d566614975f/e2e6/worker_log.txt
[2022-05-12T14:53:21+0200] [MainThread] [I] [toil.worker] Redirecting logging to /tmp/34884cfd3b7c588cb9179d566614975f/bf48/worker_log.txt
[2022-05-12T14:53:22+0200] [MainThread] [I] [toil.worker] Redirecting logging to /tmp/34884cfd3b7c588cb9179d566614975f/1058/worker_log.txt
[2022-05-12T14:53:23+0200] [MainThread] [I] [toil.worker] Redirecting logging to /tmp/34884cfd3b7c588cb9179d566614975f/a212/worker_log.txt
[2022-05-12T14:53:24+0200] [MainThread] [I] [toil.worker] Redirecting logging to /tmp/34884cfd3b7c588cb9179d566614975f/02d3/worker_log.txt
[2022-05-12T14:53:25+0200] [MainThread] [I] [toil.leader] Finished toil run successfully.
[2022-05-12T14:53:25+0200] [MainThread] [I] [toil.common] Successfully deleted the job store: FileJobStore(/tmp/tmplb2j1syc)
</system-err>
		</testcase>
		<testcase name="Test workflow scatter with two scatter parameters and nested_crossproduct join method and valueFrom on step input" time="11.130036" class="scatter, step_input, workflow" file="wf_scatter_twoparam_nested_crossproduct_valuefrom" url="cwltest:conformance_test_v1.0#78">
			<system-out>{
    &quot;out&quot;: [
        [
            &quot;foo one one three&quot;,
            &quot;foo one one four&quot;
        ],
        [
            &quot;foo one two three&quot;,
            &quot;foo one two four&quot;
        ]
    ]
}</system-out>
			<system-err>[2022-05-12T14:53:17+0200] [MainThread] [I] [cwltool] Resolved 'v1.0/scatter-valuefrom-wf2.cwl' to 'file:///home/michael/common-workflow-language/v1.0/v1.0/scatter-valuefrom-wf2.cwl'
[2022-05-12T14:53:19+0200] [MainThread] [I] [toil.job] Saving graph of 2 jobs, 2 new
[2022-05-12T14:53:19+0200] [MainThread] [I] [toil.job] Processing job 'ResolveIndirect' kind-ResolveIndirect/instance-3a0gfwdh v0
[2022-05-12T14:53:19+0200] [MainThread] [I] [toil.job] Processing job 'CWLWorkflow' kind-CWLWorkflow/instance-vmc3hp40 v0
[2022-05-12T14:53:19+0200] [MainThread] [I] [toil] Running Toil version 5.6.0-c34146a6437e4407a61e946e968bcce67a0ebbca on host mrc-tux.
[2022-05-12T14:53:20+0200] [MainThread] [I] [toil.worker] Redirecting logging to /tmp/fd1d7fcfc8bb5e6d93d9c87afd553951/fbdc/worker_log.txt
[2022-05-12T14:53:20+0200] [MainThread] [I] [toil.leader] 0 jobs are running, 0 jobs are issued and waiting to run
[2022-05-12T14:53:21+0200] [MainThread] [I] [toil.worker] Redirecting logging to /tmp/fd1d7fcfc8bb5e6d93d9c87afd553951/94ab/worker_log.txt
[2022-05-12T14:53:21+0200] [MainThread] [I] [toil.leader] Issued job 'CWLJob' scatter-valuefrom-wf2.cwl[0].step1command kind-CWLJob/instance-g0dmwl7k v1 with job batch system ID: 2 and cores: 1, disk: 2.0 Gi, and memory: 8.0 Mi
[2022-05-12T14:53:21+0200] [MainThread] [I] [toil.leader] Issued job 'CWLJob' scatter-valuefrom-wf2.cwl[0].step1command kind-CWLJob/instance-opchoe78 v1 with job batch system ID: 3 and cores: 1, disk: 2.0 Gi, and memory: 8.0 Mi
[2022-05-12T14:53:21+0200] [MainThread] [I] [toil.leader] Issued job 'CWLJob' scatter-valuefrom-wf2.cwl[1].step1command kind-CWLJob/instance-u5sri6ct v1 with job batch system ID: 4 and cores: 1, disk: 2.0 Gi, and memory: 8.0 Mi
[2022-05-12T14:53:21+0200] [MainThread] [I] [toil.leader] Issued job 'CWLJob' scatter-valuefrom-wf2.cwl[1].step1command kind-CWLJob/instance-e8vr_o6r v1 with job batch system ID: 5 and cores: 1, disk: 2.0 Gi, and memory: 8.0 Mi
[2022-05-12T14:53:22+0200] [MainThread] [I] [toil.worker] Redirecting logging to /tmp/fd1d7fcfc8bb5e6d93d9c87afd553951/6796/worker_log.txt
[2022-05-12T14:53:22+0200] [MainThread] [I] [toil.worker] Redirecting logging to /tmp/fd1d7fcfc8bb5e6d93d9c87afd553951/1b84/worker_log.txt
[2022-05-12T14:53:22+0200] [MainThread] [I] [toil.worker] Redirecting logging to /tmp/fd1d7fcfc8bb5e6d93d9c87afd553951/8887/worker_log.txt
[2022-05-12T14:53:22+0200] [MainThread] [I] [toil.worker] Redirecting logging to /tmp/fd1d7fcfc8bb5e6d93d9c87afd553951/5929/worker_log.txt
[2022-05-12T14:53:23+0200] [MainThread] [I] [toil.worker] Redirecting logging to /tmp/fd1d7fcfc8bb5e6d93d9c87afd553951/ae5c/worker_log.txt
[2022-05-12T14:53:24+0200] [MainThread] [I] [toil.worker] Redirecting logging to /tmp/fd1d7fcfc8bb5e6d93d9c87afd553951/fbaa/worker_log.txt
[2022-05-12T14:53:25+0200] [MainThread] [I] [toil.worker] Redirecting logging to /tmp/fd1d7fcfc8bb5e6d93d9c87afd553951/b61b/worker_log.txt
[2022-05-12T14:53:26+0200] [MainThread] [I] [toil.worker] Redirecting logging to /tmp/fd1d7fcfc8bb5e6d93d9c87afd553951/c30d/worker_log.txt
[2022-05-12T14:53:27+0200] [MainThread] [I] [toil.leader] Finished toil run successfully.
[2022-05-12T14:53:27+0200] [MainThread] [I] [toil.common] Successfully deleted the job store: FileJobStore(/tmp/tmpx6unh50y)
</system-err>
		</testcase>
		<testcase name="Test workflow scatter with two scatter parameters and flat_crossproduct join method and valueFrom on step input" time="11.478722" class="scatter, step_input, workflow" file="wf_scatter_twoparam_flat_crossproduct_valuefrom" url="cwltest:conformance_test_v1.0#79">
			<system-out>{
    &quot;out&quot;: [
        &quot;foo one one three&quot;,
        &quot;foo one one four&quot;,
        &quot;foo one two three&quot;,
        &quot;foo one two four&quot;
    ]
}</system-out>
			<system-err>[2022-05-12T14:53:18+0200] [MainThread] [I] [cwltool] Resolved 'v1.0/scatter-valuefrom-wf3.cwl#main' to 'file:///home/michael/common-workflow-language/v1.0/v1.0/scatter-valuefrom-wf3.cwl#main'
[2022-05-12T14:53:20+0200] [MainThread] [I] [toil.job] Saving graph of 2 jobs, 2 new
[2022-05-12T14:53:20+0200] [MainThread] [I] [toil.job] Processing job 'ResolveIndirect' kind-ResolveIndirect/instance-vh9bqzbb v0
[2022-05-12T14:53:20+0200] [MainThread] [I] [toil.job] Processing job 'CWLWorkflow' kind-CWLWorkflow/instance-gvnpl19h v0
[2022-05-12T14:53:20+0200] [MainThread] [I] [toil] Running Toil version 5.6.0-c34146a6437e4407a61e946e968bcce67a0ebbca on host mrc-tux.
[2022-05-12T14:53:21+0200] [MainThread] [I] [toil.worker] Redirecting logging to /tmp/7cb0e3b4d1f05f3590d89402a8a0218f/87ab/worker_log.txt
[2022-05-12T14:53:21+0200] [MainThread] [I] [toil.leader] 0 jobs are running, 0 jobs are issued and waiting to run
[2022-05-12T14:53:22+0200] [MainThread] [I] [toil.worker] Redirecting logging to /tmp/7cb0e3b4d1f05f3590d89402a8a0218f/d321/worker_log.txt
[2022-05-12T14:53:22+0200] [MainThread] [I] [toil.leader] Issued job 'CWLJob' main[0].echo kind-CWLJob/instance-frx7enh1 v1 with job batch system ID: 2 and cores: 1, disk: 2.0 Gi, and memory: 8.0 Mi
[2022-05-12T14:53:22+0200] [MainThread] [I] [toil.leader] Issued job 'CWLJob' main[0].echo kind-CWLJob/instance-net440og v1 with job batch system ID: 3 and cores: 1, disk: 2.0 Gi, and memory: 8.0 Mi
[2022-05-12T14:53:22+0200] [MainThread] [I] [toil.leader] Issued job 'CWLJob' main[1].echo kind-CWLJob/instance-9vp5vfem v1 with job batch system ID: 4 and cores: 1, disk: 2.0 Gi, and memory: 8.0 Mi
[2022-05-12T14:53:22+0200] [MainThread] [I] [toil.leader] Issued job 'CWLJob' main[1].echo kind-CWLJob/instance-w9vb67ul v1 with job batch system ID: 5 and cores: 1, disk: 2.0 Gi, and memory: 8.0 Mi
[2022-05-12T14:53:23+0200] [MainThread] [I] [toil.worker] Redirecting logging to /tmp/7cb0e3b4d1f05f3590d89402a8a0218f/8733/worker_log.txt
[2022-05-12T14:53:23+0200] [MainThread] [I] [toil.worker] Redirecting logging to /tmp/7cb0e3b4d1f05f3590d89402a8a0218f/2dea/worker_log.txt
[2022-05-12T14:53:23+0200] [MainThread] [I] [toil.worker] Redirecting logging to /tmp/7cb0e3b4d1f05f3590d89402a8a0218f/c8ec/worker_log.txt
[2022-05-12T14:53:23+0200] [MainThread] [I] [toil.worker] Redirecting logging to /tmp/7cb0e3b4d1f05f3590d89402a8a0218f/cae4/worker_log.txt
[2022-05-12T14:53:24+0200] [MainThread] [I] [toil.worker] Redirecting logging to /tmp/7cb0e3b4d1f05f3590d89402a8a0218f/c233/worker_log.txt
[2022-05-12T14:53:25+0200] [MainThread] [I] [toil.worker] Redirecting logging to /tmp/7cb0e3b4d1f05f3590d89402a8a0218f/87c2/worker_log.txt
[2022-05-12T14:53:26+0200] [MainThread] [I] [toil.worker] Redirecting logging to /tmp/7cb0e3b4d1f05f3590d89402a8a0218f/5e0b/worker_log.txt
[2022-05-12T14:53:27+0200] [MainThread] [I] [toil.worker] Redirecting logging to /tmp/7cb0e3b4d1f05f3590d89402a8a0218f/2c1b/worker_log.txt
[2022-05-12T14:53:28+0200] [MainThread] [I] [toil.leader] Finished toil run successfully.
[2022-05-12T14:53:28+0200] [MainThread] [I] [toil.common] Successfully deleted the job store: FileJobStore(/tmp/tmpmwbr9ch6)
</system-err>
		</testcase>
		<testcase name="Test workflow scatter with two scatter parameters and dotproduct join method and valueFrom on step input" time="11.505049" class="scatter, step_input, workflow" file="wf_scatter_twoparam_dotproduct_valuefrom" url="cwltest:conformance_test_v1.0#80">
			<system-out>{
    &quot;out&quot;: [
        &quot;foo one one three&quot;,
        &quot;foo one two four&quot;
    ]
}</system-out>
			<system-err>[2022-05-12T14:53:19+0200] [MainThread] [I] [cwltool] Resolved 'v1.0/scatter-valuefrom-wf4.cwl#main' to 'file:///home/michael/common-workflow-language/v1.0/v1.0/scatter-valuefrom-wf4.cwl#main'
[2022-05-12T14:53:23+0200] [MainThread] [I] [toil.job] Saving graph of 2 jobs, 2 new
[2022-05-12T14:53:23+0200] [MainThread] [I] [toil.job] Processing job 'ResolveIndirect' kind-ResolveIndirect/instance-ymnllnsz v0
[2022-05-12T14:53:23+0200] [MainThread] [I] [toil.job] Processing job 'CWLWorkflow' kind-CWLWorkflow/instance-pcid3_ee v0
[2022-05-12T14:53:23+0200] [MainThread] [I] [toil] Running Toil version 5.6.0-c34146a6437e4407a61e946e968bcce67a0ebbca on host mrc-tux.
[2022-05-12T14:53:24+0200] [MainThread] [I] [toil.worker] Redirecting logging to /tmp/f711cda6291950bf9b7c30d6ccca9b2c/4928/worker_log.txt
[2022-05-12T14:53:24+0200] [MainThread] [I] [toil.leader] 0 jobs are running, 0 jobs are issued and waiting to run
[2022-05-12T14:53:24+0200] [MainThread] [I] [toil.worker] Redirecting logging to /tmp/f711cda6291950bf9b7c30d6ccca9b2c/2452/worker_log.txt
[2022-05-12T14:53:25+0200] [MainThread] [I] [toil.leader] Issued job 'CWLJob' main[0].echo kind-CWLJob/instance-5e9uao1u v1 with job batch system ID: 2 and cores: 1, disk: 2.0 Gi, and memory: 8.0 Mi
[2022-05-12T14:53:25+0200] [MainThread] [I] [toil.leader] Issued job 'CWLJob' main[1].echo kind-CWLJob/instance-xd_ia4zg v1 with job batch system ID: 3 and cores: 1, disk: 2.0 Gi, and memory: 8.0 Mi
[2022-05-12T14:53:25+0200] [MainThread] [I] [toil.worker] Redirecting logging to /tmp/f711cda6291950bf9b7c30d6ccca9b2c/e990/worker_log.txt
[2022-05-12T14:53:25+0200] [MainThread] [I] [toil.worker] Redirecting logging to /tmp/f711cda6291950bf9b7c30d6ccca9b2c/2146/worker_log.txt
[2022-05-12T14:53:26+0200] [MainThread] [I] [toil.worker] Redirecting logging to /tmp/f711cda6291950bf9b7c30d6ccca9b2c/58a4/worker_log.txt
[2022-05-12T14:53:27+0200] [MainThread] [I] [toil.worker] Redirecting logging to /tmp/f711cda6291950bf9b7c30d6ccca9b2c/44ff/worker_log.txt
[2022-05-12T14:53:28+0200] [MainThread] [I] [toil.worker] Redirecting logging to /tmp/f711cda6291950bf9b7c30d6ccca9b2c/0ed1/worker_log.txt
[2022-05-12T14:53:28+0200] [MainThread] [I] [toil.worker] Redirecting logging to /tmp/f711cda6291950bf9b7c30d6ccca9b2c/f270/worker_log.txt
[2022-05-12T14:53:30+0200] [MainThread] [I] [toil.leader] Finished toil run successfully.
[2022-05-12T14:53:30+0200] [MainThread] [I] [toil.common] Successfully deleted the job store: FileJobStore(/tmp/tmpyrw18_x7)
</system-err>
		</testcase>
		<testcase name="Test workflow scatter with single scatter parameter and two valueFrom on step input (current el twice)" time="11.105113" class="scatter, step_input, workflow" file="wf_scatter_oneparam_valuefrom_twice_current_el" url="cwltest:conformance_test_v1.0#81">
			<system-out>{
    &quot;out&quot;: [
        &quot;foo one one&quot;,
        &quot;foo two two&quot;,
        &quot;foo three three&quot;,
        &quot;foo four four&quot;
    ]
}</system-out>
			<system-err>[2022-05-12T14:53:26+0200] [MainThread] [I] [cwltool] Resolved 'v1.0/scatter-valuefrom-wf5.cwl' to 'file:///home/michael/common-workflow-language/v1.0/v1.0/scatter-valuefrom-wf5.cwl'
[2022-05-12T14:53:29+0200] [MainThread] [I] [toil.job] Saving graph of 2 jobs, 2 new
[2022-05-12T14:53:29+0200] [MainThread] [I] [toil.job] Processing job 'ResolveIndirect' kind-ResolveIndirect/instance-o08an8r6 v0
[2022-05-12T14:53:29+0200] [MainThread] [I] [toil.job] Processing job 'CWLWorkflow' kind-CWLWorkflow/instance-w63mj1wa v0
[2022-05-12T14:53:29+0200] [MainThread] [I] [toil] Running Toil version 5.6.0-c34146a6437e4407a61e946e968bcce67a0ebbca on host mrc-tux.
[2022-05-12T14:53:29+0200] [MainThread] [I] [toil.worker] Redirecting logging to /tmp/84c695f52e62568ba3c97708e78a31b4/a6fa/worker_log.txt
[2022-05-12T14:53:29+0200] [MainThread] [I] [toil.leader] 0 jobs are running, 0 jobs are issued and waiting to run
[2022-05-12T14:53:30+0200] [MainThread] [I] [toil.worker] Redirecting logging to /tmp/84c695f52e62568ba3c97708e78a31b4/7498/worker_log.txt
[2022-05-12T14:53:30+0200] [MainThread] [I] [toil.leader] Issued job 'CWLJob' scatter-valuefrom-wf5.cwl[3].d375dede-cb25-4d3d-bf16-69d7266760ad kind-CWLJob/instance-fu4beemy v1 with job batch system ID: 2 and cores: 1, disk: 2.0 Gi, and memory: 8.0 Mi
[2022-05-12T14:53:30+0200] [MainThread] [I] [toil.leader] Issued job 'CWLJob' scatter-valuefrom-wf5.cwl[1].d375dede-cb25-4d3d-bf16-69d7266760ad kind-CWLJob/instance-ioe5_67d v1 with job batch system ID: 3 and cores: 1, disk: 2.0 Gi, and memory: 8.0 Mi
[2022-05-12T14:53:30+0200] [MainThread] [I] [toil.leader] Issued job 'CWLJob' scatter-valuefrom-wf5.cwl[2].d375dede-cb25-4d3d-bf16-69d7266760ad kind-CWLJob/instance-dlv0auij v1 with job batch system ID: 4 and cores: 1, disk: 2.0 Gi, and memory: 8.0 Mi
[2022-05-12T14:53:30+0200] [MainThread] [I] [toil.leader] Issued job 'CWLJob' scatter-valuefrom-wf5.cwl[0].d375dede-cb25-4d3d-bf16-69d7266760ad kind-CWLJob/instance-_j7otie7 v1 with job batch system ID: 5 and cores: 1, disk: 2.0 Gi, and memory: 8.0 Mi
[2022-05-12T14:53:31+0200] [MainThread] [I] [toil.worker] Redirecting logging to /tmp/84c695f52e62568ba3c97708e78a31b4/bade/worker_log.txt
[2022-05-12T14:53:31+0200] [MainThread] [I] [toil.worker] Redirecting logging to /tmp/84c695f52e62568ba3c97708e78a31b4/e567/worker_log.txt
[2022-05-12T14:53:31+0200] [MainThread] [I] [toil.worker] Redirecting logging to /tmp/84c695f52e62568ba3c97708e78a31b4/adcc/worker_log.txt
[2022-05-12T14:53:31+0200] [MainThread] [I] [toil.worker] Redirecting logging to /tmp/84c695f52e62568ba3c97708e78a31b4/9a76/worker_log.txt
[2022-05-12T14:53:32+0200] [MainThread] [I] [toil.worker] Redirecting logging to /tmp/84c695f52e62568ba3c97708e78a31b4/8075/worker_log.txt
[2022-05-12T14:53:33+0200] [MainThread] [I] [toil.worker] Redirecting logging to /tmp/84c695f52e62568ba3c97708e78a31b4/00f8/worker_log.txt
[2022-05-12T14:53:34+0200] [MainThread] [I] [toil.worker] Redirecting logging to /tmp/84c695f52e62568ba3c97708e78a31b4/6271/worker_log.txt
[2022-05-12T14:53:34+0200] [MainThread] [I] [toil.worker] Redirecting logging to /tmp/84c695f52e62568ba3c97708e78a31b4/fee9/worker_log.txt
[2022-05-12T14:53:37+0200] [MainThread] [I] [toil.leader] Finished toil run successfully.
[2022-05-12T14:53:37+0200] [MainThread] [I] [toil.common] Successfully deleted the job store: FileJobStore(/tmp/tmpx2oned0l)
</system-err>
		</testcase>
		<testcase name="Test valueFrom eval on scattered input parameter" time="10.227780" class="scatter, step_input, workflow" file="wf_scatter_oneparam_valueFrom" url="cwltest:conformance_test_v1.0#82">
			<system-out>{
    &quot;out_message&quot;: [
        {
            &quot;location&quot;: &quot;file:///tmp/tmpbo_lvju2/5e937b012852bcdb6f01ebd400a4f2fb6ba357d5&quot;,
            &quot;basename&quot;: &quot;5e937b012852bcdb6f01ebd400a4f2fb6ba357d5&quot;,
            &quot;nameroot&quot;: &quot;5e937b012852bcdb6f01ebd400a4f2fb6ba357d5&quot;,
            &quot;nameext&quot;: &quot;&quot;,
            &quot;class&quot;: &quot;File&quot;,
            &quot;checksum&quot;: &quot;sha1$98030575f6fc40e5021be5a8803a6bef94aee11f&quot;,
            &quot;size&quot;: 16
        },
        {
            &quot;location&quot;: &quot;file:///tmp/tmpbo_lvju2/5e937b012852bcdb6f01ebd400a4f2fb6ba357d5_2&quot;,
            &quot;basename&quot;: &quot;5e937b012852bcdb6f01ebd400a4f2fb6ba357d5&quot;,
            &quot;nameroot&quot;: &quot;5e937b012852bcdb6f01ebd400a4f2fb6ba357d5&quot;,
            &quot;nameext&quot;: &quot;&quot;,
            &quot;class&quot;: &quot;File&quot;,
            &quot;checksum&quot;: &quot;sha1$edcacd50778d98ae113015406b3195c165059dd8&quot;,
            &quot;size&quot;: 16
        }
    ]
}</system-out>
			<system-err>[2022-05-12T14:53:28+0200] [MainThread] [I] [cwltool] Resolved 'v1.0/scatter-valuefrom-wf6.cwl' to 'file:///home/michael/common-workflow-language/v1.0/v1.0/scatter-valuefrom-wf6.cwl'
[2022-05-12T14:53:30+0200] [MainThread] [I] [toil.job] Saving graph of 2 jobs, 2 new
[2022-05-12T14:53:30+0200] [MainThread] [I] [toil.job] Processing job 'ResolveIndirect' kind-ResolveIndirect/instance-pddr7mpo v0
[2022-05-12T14:53:30+0200] [MainThread] [I] [toil.job] Processing job 'CWLWorkflow' kind-CWLWorkflow/instance-9fviusri v0
[2022-05-12T14:53:30+0200] [MainThread] [I] [toil] Running Toil version 5.6.0-c34146a6437e4407a61e946e968bcce67a0ebbca on host mrc-tux.
[2022-05-12T14:53:31+0200] [MainThread] [I] [toil.worker] Redirecting logging to /tmp/276eb88b7d815530b931f403879d18ed/b54e/worker_log.txt
[2022-05-12T14:53:32+0200] [MainThread] [I] [toil.leader] 0 jobs are running, 0 jobs are issued and waiting to run
[2022-05-12T14:53:32+0200] [MainThread] [I] [toil.worker] Redirecting logging to /tmp/276eb88b7d815530b931f403879d18ed/c80f/worker_log.txt
[2022-05-12T14:53:32+0200] [MainThread] [I] [toil.leader] Issued job 'CWLJob' scatter-valuefrom-wf6.cwl[0].scatter-valueFrom-tool.cwl kind-CWLJob/instance-2_8mz0ui v1 with job batch system ID: 2 and cores: 1, disk: 2.0 Gi, and memory: 8.0 Mi
[2022-05-12T14:53:32+0200] [MainThread] [I] [toil.leader] Issued job 'CWLJob' scatter-valuefrom-wf6.cwl[1].scatter-valueFrom-tool.cwl kind-CWLJob/instance-9pvoi59d v1 with job batch system ID: 3 and cores: 1, disk: 2.0 Gi, and memory: 8.0 Mi
[2022-05-12T14:53:33+0200] [MainThread] [I] [toil.worker] Redirecting logging to /tmp/276eb88b7d815530b931f403879d18ed/30b0/worker_log.txt
[2022-05-12T14:53:33+0200] [MainThread] [I] [toil.worker] Redirecting logging to /tmp/276eb88b7d815530b931f403879d18ed/5b82/worker_log.txt
[2022-05-12T14:53:34+0200] [MainThread] [I] [toil.worker] Redirecting logging to /tmp/276eb88b7d815530b931f403879d18ed/6b9d/worker_log.txt
[2022-05-12T14:53:35+0200] [MainThread] [I] [toil.worker] Redirecting logging to /tmp/276eb88b7d815530b931f403879d18ed/4764/worker_log.txt
[2022-05-12T14:53:35+0200] [MainThread] [I] [toil.worker] Redirecting logging to /tmp/276eb88b7d815530b931f403879d18ed/218a/worker_log.txt
[2022-05-12T14:53:36+0200] [MainThread] [I] [toil.worker] Redirecting logging to /tmp/276eb88b7d815530b931f403879d18ed/58a3/worker_log.txt
[2022-05-12T14:53:38+0200] [MainThread] [I] [toil.leader] Finished toil run successfully.
[2022-05-12T14:53:38+0200] [MainThread] [I] [toil.common] Successfully deleted the job store: FileJobStore(/tmp/tmpttrtc5tw)
</system-err>
		</testcase>
		<testcase name="Test workflow two input files with same name." time="11.958833" class="required, workflow" file="wf_two_inputfiles_namecollision" url="cwltest:conformance_test_v1.0#83">
			<system-out>{
    &quot;fileout&quot;: {
        &quot;location&quot;: &quot;file:///tmp/tmppq1gmzb3/out.txt&quot;,
        &quot;basename&quot;: &quot;out.txt&quot;,
        &quot;nameroot&quot;: &quot;out&quot;,
        &quot;nameext&quot;: &quot;.txt&quot;,
        &quot;class&quot;: &quot;File&quot;,
        &quot;checksum&quot;: &quot;sha1$a2d8d6e7b28295dc9977dc3bdb652ddd480995f0&quot;,
        &quot;size&quot;: 25
    }
}</system-out>
			<system-err>[2022-05-12T14:53:29+0200] [MainThread] [I] [cwltool] Resolved 'v1.0/conflict-wf.cwl#collision' to 'file:///home/michael/common-workflow-language/v1.0/v1.0/conflict-wf.cwl#collision'
[2022-05-12T14:53:34+0200] [MainThread] [I] [toil.job] Saving graph of 2 jobs, 2 new
[2022-05-12T14:53:34+0200] [MainThread] [I] [toil.job] Processing job 'ResolveIndirect' kind-ResolveIndirect/instance-o123ow1r v0
[2022-05-12T14:53:34+0200] [MainThread] [I] [toil.job] Processing job 'CWLWorkflow' kind-CWLWorkflow/instance-2n6_l2k3 v0
[2022-05-12T14:53:34+0200] [MainThread] [I] [toil] Running Toil version 5.6.0-c34146a6437e4407a61e946e968bcce67a0ebbca on host mrc-tux.
[2022-05-12T14:53:35+0200] [MainThread] [I] [toil.worker] Redirecting logging to /tmp/8b27ca672b58555a8e35287bf3be6209/4556/worker_log.txt
[2022-05-12T14:53:35+0200] [MainThread] [I] [toil.leader] 0 jobs are running, 0 jobs are issued and waiting to run
[2022-05-12T14:53:35+0200] [MainThread] [I] [toil.leader] Issued job 'CWLJob' collision.echo_1.echo kind-CWLJob/instance-daea7j47 v1 with job batch system ID: 1 and cores: 1, disk: 2.0 Gi, and memory: 8.0 Mi
[2022-05-12T14:53:35+0200] [MainThread] [I] [toil.leader] Issued job 'CWLJob' collision.echo_2.echo kind-CWLJob/instance-6eoa5au7 v1 with job batch system ID: 2 and cores: 1, disk: 2.0 Gi, and memory: 8.0 Mi
[2022-05-12T14:53:36+0200] [MainThread] [I] [toil.worker] Redirecting logging to /tmp/8b27ca672b58555a8e35287bf3be6209/4bf6/worker_log.txt
[2022-05-12T14:53:36+0200] [MainThread] [I] [toil.worker] Redirecting logging to /tmp/8b27ca672b58555a8e35287bf3be6209/c9f5/worker_log.txt
[2022-05-12T14:53:36+0200] [MainThread] [I] [toil.leader] Issued job 'CWLJob' collision.cat_step.cat kind-CWLJob/instance-wcn001m_ v1 with job batch system ID: 3 and cores: 1, disk: 2.0 Gi, and memory: 8.0 Mi
[2022-05-12T14:53:36+0200] [MainThread] [I] [toil.worker] Redirecting logging to /tmp/8b27ca672b58555a8e35287bf3be6209/4255/worker_log.txt
[2022-05-12T14:53:37+0200] [MainThread] [I] [toil.leader] Issued job 'CWLJob' collision.echo_1.echo kind-CWLJob/instance-daea7j47 v2 with job batch system ID: 4 and cores: 1, disk: 2.0 Gi, and memory: 8.0 Mi
[2022-05-12T14:53:37+0200] [MainThread] [I] [toil.leader] Issued job 'CWLJob' collision.echo_2.echo kind-CWLJob/instance-6eoa5au7 v2 with job batch system ID: 5 and cores: 1, disk: 2.0 Gi, and memory: 8.0 Mi
[2022-05-12T14:53:37+0200] [MainThread] [I] [toil.worker] Redirecting logging to /tmp/8b27ca672b58555a8e35287bf3be6209/9e3f/worker_log.txt
[2022-05-12T14:53:37+0200] [MainThread] [I] [toil.worker] Redirecting logging to /tmp/8b27ca672b58555a8e35287bf3be6209/53e5/worker_log.txt
[2022-05-12T14:53:38+0200] [MainThread] [I] [toil.worker] Redirecting logging to /tmp/8b27ca672b58555a8e35287bf3be6209/fff8/worker_log.txt
[2022-05-12T14:53:39+0200] [MainThread] [I] [toil.worker] Redirecting logging to /tmp/8b27ca672b58555a8e35287bf3be6209/da16/worker_log.txt
[2022-05-12T14:53:40+0200] [MainThread] [I] [toil.leader] Finished toil run successfully.
[2022-05-12T14:53:40+0200] [MainThread] [I] [toil.common] Successfully deleted the job store: FileJobStore(/tmp/tmpw2c0cfet)
</system-err>
		</testcase>
		<testcase name="Test directory input with parameter reference" time="4.665118" class="shell_command, command_line_tool" file="directory_input_param_ref" url="cwltest:conformance_test_v1.0#84">
			<system-out>{
    &quot;outlist&quot;: {
        &quot;location&quot;: &quot;file:///tmp/tmpbrevk1sl/output.txt&quot;,
        &quot;basename&quot;: &quot;output.txt&quot;,
        &quot;nameroot&quot;: &quot;output&quot;,
        &quot;nameext&quot;: &quot;.txt&quot;,
        &quot;class&quot;: &quot;File&quot;,
        &quot;checksum&quot;: &quot;sha1$13cda8661796ae241da3a18668fb552161a72592&quot;,
        &quot;size&quot;: 20
    }
}</system-out>
			<system-err>[2022-05-12T14:53:31+0200] [MainThread] [I] [cwltool] Resolved 'v1.0/dir.cwl' to 'file:///home/michael/common-workflow-language/v1.0/v1.0/dir.cwl'
[2022-05-12T14:53:32+0200] [MainThread] [I] [toil.job] Saving graph of 1 jobs, 1 new
[2022-05-12T14:53:32+0200] [MainThread] [I] [toil.job] Processing job 'CWLJob' dir.cwl kind-CWLJob/instance-et_mpfz6 v0
[2022-05-12T14:53:32+0200] [MainThread] [I] [toil] Running Toil version 5.6.0-c34146a6437e4407a61e946e968bcce67a0ebbca on host mrc-tux.
[2022-05-12T14:53:32+0200] [MainThread] [I] [toil.leader] Issued job 'CWLJob' dir.cwl kind-CWLJob/instance-et_mpfz6 v1 with job batch system ID: 0 and cores: 1, disk: 2.0 Gi, and memory: 8.0 Mi
[2022-05-12T14:53:33+0200] [MainThread] [I] [toil.worker] Redirecting logging to /tmp/6e97da956cbf5b0dba0cfe0c872280b8/2902/worker_log.txt
[2022-05-12T14:53:33+0200] [MainThread] [I] [toil.leader] 0 jobs are running, 0 jobs are issued and waiting to run
[2022-05-12T14:53:34+0200] [MainThread] [I] [toil.leader] Finished toil run successfully.
[2022-05-12T14:53:34+0200] [MainThread] [I] [toil.common] Successfully deleted the job store: FileJobStore(/tmp/tmpx7jpg3at)
</system-err>
		</testcase>
		<testcase name="Test directory input in Docker" time="5.163395" class="required, command_line_tool, shell_command" file="directory_input_docker" url="cwltest:conformance_test_v1.0#85">
			<system-out>{
    &quot;outlist&quot;: {
        &quot;location&quot;: &quot;file:///tmp/tmpd3drfsfc/output.txt&quot;,
        &quot;basename&quot;: &quot;output.txt&quot;,
        &quot;nameroot&quot;: &quot;output&quot;,
        &quot;nameext&quot;: &quot;.txt&quot;,
        &quot;class&quot;: &quot;File&quot;,
        &quot;checksum&quot;: &quot;sha1$13cda8661796ae241da3a18668fb552161a72592&quot;,
        &quot;size&quot;: 20
    }
}</system-out>
			<system-err>[2022-05-12T14:53:35+0200] [MainThread] [I] [cwltool] Resolved 'v1.0/dir2.cwl' to 'file:///home/michael/common-workflow-language/v1.0/v1.0/dir2.cwl'
[2022-05-12T14:53:37+0200] [MainThread] [I] [toil.job] Saving graph of 1 jobs, 1 new
[2022-05-12T14:53:37+0200] [MainThread] [I] [toil.job] Processing job 'CWLJob' dir2.cwl kind-CWLJob/instance-6mk4fshy v0
[2022-05-12T14:53:37+0200] [MainThread] [I] [toil] Running Toil version 5.6.0-c34146a6437e4407a61e946e968bcce67a0ebbca on host mrc-tux.
[2022-05-12T14:53:37+0200] [MainThread] [I] [toil.leader] Issued job 'CWLJob' dir2.cwl kind-CWLJob/instance-6mk4fshy v1 with job batch system ID: 0 and cores: 1, disk: 2.0 Gi, and memory: 8.0 Mi
[2022-05-12T14:53:37+0200] [MainThread] [I] [toil.worker] Redirecting logging to /tmp/5a29a017ae8e5cf5953017478a8826f5/cb73/worker_log.txt
[2022-05-12T14:53:38+0200] [MainThread] [I] [toil.leader] 0 jobs are running, 0 jobs are issued and waiting to run
[2022-05-12T14:53:40+0200] [MainThread] [I] [toil.leader] Finished toil run successfully.
[2022-05-12T14:53:40+0200] [MainThread] [I] [toil.common] Successfully deleted the job store: FileJobStore(/tmp/tmpl4ez_nlb)
</system-err>
		</testcase>
		<testcase name="Test directory output" time="4.199596" class="required, command_line_tool" file="directory_output" url="cwltest:conformance_test_v1.0#86">
			<system-out>{
    &quot;outdir&quot;: {
        &quot;location&quot;: &quot;file:///tmp/tmpb09vf_ct/tmp-outdlgj_ify&quot;,
        &quot;basename&quot;: &quot;tmp-outdlgj_ify&quot;,
        &quot;nameroot&quot;: &quot;tmp-outdlgj_ify&quot;,
        &quot;nameext&quot;: &quot;&quot;,
        &quot;class&quot;: &quot;Directory&quot;,
        &quot;listing&quot;: [
            {
                &quot;class&quot;: &quot;File&quot;,
                &quot;location&quot;: &quot;file:///tmp/tmpb09vf_ct/tmp-outdlgj_ify/goodbye.txt&quot;,
                &quot;basename&quot;: &quot;goodbye.txt&quot;,
                &quot;checksum&quot;: &quot;sha1$dd0a4c4c49ba43004d6611771972b6cf969c1c01&quot;,
                &quot;size&quot;: 24,
                &quot;nameroot&quot;: &quot;goodbye&quot;,
                &quot;nameext&quot;: &quot;.txt&quot;
            },
            {
                &quot;class&quot;: &quot;File&quot;,
                &quot;location&quot;: &quot;file:///tmp/tmpb09vf_ct/tmp-outdlgj_ify/hello.txt&quot;,
                &quot;basename&quot;: &quot;hello.txt&quot;,
                &quot;checksum&quot;: &quot;sha1$47a013e660d408619d894b20806b1d5086aab03b&quot;,
                &quot;size&quot;: 13,
                &quot;nameroot&quot;: &quot;hello&quot;,
                &quot;nameext&quot;: &quot;.txt&quot;
            }
        ]
    }
}</system-out>
			<system-err>[2022-05-12T14:53:37+0200] [MainThread] [I] [cwltool] Resolved 'v1.0/dir3.cwl' to 'file:///home/michael/common-workflow-language/v1.0/v1.0/dir3.cwl'
[2022-05-12T14:53:39+0200] [MainThread] [I] [toil.job] Saving graph of 1 jobs, 1 new
[2022-05-12T14:53:39+0200] [MainThread] [I] [toil.job] Processing job 'CWLJob' dir3.cwl kind-CWLJob/instance-k6apg84x v0
[2022-05-12T14:53:39+0200] [MainThread] [I] [toil] Running Toil version 5.6.0-c34146a6437e4407a61e946e968bcce67a0ebbca on host mrc-tux.
[2022-05-12T14:53:39+0200] [MainThread] [I] [toil.leader] Issued job 'CWLJob' dir3.cwl kind-CWLJob/instance-k6apg84x v1 with job batch system ID: 0 and cores: 1, disk: 2.0 Gi, and memory: 8.0 Mi
[2022-05-12T14:53:39+0200] [MainThread] [I] [toil.worker] Redirecting logging to /tmp/d251beb65786569b920729295821f0ba/5404/worker_log.txt
[2022-05-12T14:53:40+0200] [MainThread] [I] [toil.leader] 0 jobs are running, 0 jobs are issued and waiting to run
[2022-05-12T14:53:41+0200] [MainThread] [I] [toil.leader] Finished toil run successfully.
[2022-05-12T14:53:41+0200] [MainThread] [I] [toil.common] Successfully deleted the job store: FileJobStore(/tmp/tmph5zb0o4x)
</system-err>
		</testcase>
		<testcase name="Test directories in secondaryFiles" time="4.074313" class="shell_command, command_line_tool" file="directory_secondaryfiles" url="cwltest:conformance_test_v1.0#87">
			<system-out>{
    &quot;outlist&quot;: {
        &quot;location&quot;: &quot;file:///tmp/tmp4aa8gk5g/output.txt&quot;,
        &quot;basename&quot;: &quot;output.txt&quot;,
        &quot;nameroot&quot;: &quot;output&quot;,
        &quot;nameext&quot;: &quot;.txt&quot;,
        &quot;class&quot;: &quot;File&quot;,
        &quot;checksum&quot;: &quot;sha1$13cda8661796ae241da3a18668fb552161a72592&quot;,
        &quot;size&quot;: 20
    }
}</system-out>
			<system-err>[2022-05-12T14:53:38+0200] [MainThread] [I] [cwltool] Resolved 'v1.0/dir4.cwl' to 'file:///home/michael/common-workflow-language/v1.0/v1.0/dir4.cwl'
[2022-05-12T14:53:40+0200] [MainThread] [I] [toil.job] Saving graph of 1 jobs, 1 new
[2022-05-12T14:53:40+0200] [MainThread] [I] [toil.job] Processing job 'CWLJob' dir4.cwl kind-CWLJob/instance-f4mpsr_n v0
[2022-05-12T14:53:40+0200] [MainThread] [I] [toil] Running Toil version 5.6.0-c34146a6437e4407a61e946e968bcce67a0ebbca on host mrc-tux.
[2022-05-12T14:53:40+0200] [MainThread] [I] [toil.leader] Issued job 'CWLJob' dir4.cwl kind-CWLJob/instance-f4mpsr_n v1 with job batch system ID: 0 and cores: 1, disk: 2.0 Gi, and memory: 8.0 Mi
[2022-05-12T14:53:40+0200] [MainThread] [I] [toil.worker] Redirecting logging to /tmp/617ae8fce2ed5ffe8bd11a1a5d030f76/ac44/worker_log.txt
[2022-05-12T14:53:40+0200] [MainThread] [I] [toil.leader] 0 jobs are running, 0 jobs are issued and waiting to run
[2022-05-12T14:53:42+0200] [MainThread] [I] [toil.leader] Finished toil run successfully.
[2022-05-12T14:53:42+0200] [MainThread] [I] [toil.common] Successfully deleted the job store: FileJobStore(/tmp/tmp2g5yu6gc)
</system-err>
		</testcase>
		<testcase name="Test dynamic initial work dir" time="3.896638" class="shell_command, initial_work_dir, command_line_tool" file="dynamic_initial_workdir" url="cwltest:conformance_test_v1.0#88">
			<system-out>{
    &quot;outlist&quot;: {
        &quot;location&quot;: &quot;file:///tmp/tmphc9dh_q6/output.txt&quot;,
        &quot;basename&quot;: &quot;output.txt&quot;,
        &quot;nameroot&quot;: &quot;output&quot;,
        &quot;nameext&quot;: &quot;.txt&quot;,
        &quot;class&quot;: &quot;File&quot;,
        &quot;checksum&quot;: &quot;sha1$13cda8661796ae241da3a18668fb552161a72592&quot;,
        &quot;size&quot;: 20
    }
}</system-out>
			<system-err>[2022-05-12T14:53:40+0200] [MainThread] [I] [cwltool] Resolved 'v1.0/dir5.cwl' to 'file:///home/michael/common-workflow-language/v1.0/v1.0/dir5.cwl'
[2022-05-12T14:53:41+0200] [MainThread] [I] [toil.job] Saving graph of 1 jobs, 1 new
[2022-05-12T14:53:41+0200] [MainThread] [I] [toil.job] Processing job 'CWLJob' dir5.cwl kind-CWLJob/instance-kjszgstm v0
[2022-05-12T14:53:41+0200] [MainThread] [I] [toil] Running Toil version 5.6.0-c34146a6437e4407a61e946e968bcce67a0ebbca on host mrc-tux.
[2022-05-12T14:53:41+0200] [MainThread] [I] [toil.leader] Issued job 'CWLJob' dir5.cwl kind-CWLJob/instance-kjszgstm v1 with job batch system ID: 0 and cores: 1, disk: 2.0 Gi, and memory: 8.0 Mi
[2022-05-12T14:53:42+0200] [MainThread] [I] [toil.worker] Redirecting logging to /tmp/bdd3eda7e94254ec9de8c5b8d515f6e2/30e7/worker_log.txt
[2022-05-12T14:53:42+0200] [MainThread] [I] [toil.leader] 0 jobs are running, 0 jobs are issued and waiting to run
[2022-05-12T14:53:43+0200] [MainThread] [I] [toil.leader] Finished toil run successfully.
[2022-05-12T14:53:43+0200] [MainThread] [I] [toil.common] Successfully deleted the job store: FileJobStore(/tmp/tmpgg39bz6x)
</system-err>
		</testcase>
		<testcase name="Test writable staged files." time="4.901258" class="initial_work_dir, command_line_tool" file="writable_stagedfiles" url="cwltest:conformance_test_v1.0#89">
			<system-out>{
    &quot;outfile&quot;: {
        &quot;location&quot;: &quot;file:///tmp/tmpfaspak3j/bob.txt&quot;,
        &quot;basename&quot;: &quot;bob.txt&quot;,
        &quot;nameroot&quot;: &quot;bob&quot;,
        &quot;nameext&quot;: &quot;.txt&quot;,
        &quot;class&quot;: &quot;File&quot;,
        &quot;checksum&quot;: &quot;sha1$b769c7b2e316edd4b5eb2d24799b2c1f9d8c86e6&quot;,
        &quot;size&quot;: 1111
    }
}</system-out>
			<system-err>[2022-05-12T14:53:41+0200] [MainThread] [I] [cwltool] Resolved 'v1.0/stagefile.cwl' to 'file:///home/michael/common-workflow-language/v1.0/v1.0/stagefile.cwl'
[2022-05-12T14:53:42+0200] [MainThread] [I] [toil.job] Saving graph of 1 jobs, 1 new
[2022-05-12T14:53:42+0200] [MainThread] [I] [toil.job] Processing job 'CWLJob' stagefile.cwl kind-CWLJob/instance-7du139xd v0
[2022-05-12T14:53:42+0200] [MainThread] [I] [toil] Running Toil version 5.6.0-c34146a6437e4407a61e946e968bcce67a0ebbca on host mrc-tux.
[2022-05-12T14:53:42+0200] [MainThread] [I] [toil.leader] Issued job 'CWLJob' stagefile.cwl kind-CWLJob/instance-7du139xd v1 with job batch system ID: 0 and cores: 1, disk: 2.0 Gi, and memory: 8.0 Mi
[2022-05-12T14:53:43+0200] [MainThread] [I] [toil.worker] Redirecting logging to /tmp/7472928d95125e95acb85364a1e9af00/4781/worker_log.txt
[2022-05-12T14:53:44+0200] [MainThread] [I] [toil.leader] 0 jobs are running, 0 jobs are issued and waiting to run
[2022-05-12T14:53:45+0200] [MainThread] [I] [toil.leader] Finished toil run successfully.
[2022-05-12T14:53:45+0200] [MainThread] [I] [toil.common] Successfully deleted the job store: FileJobStore(/tmp/tmpy3tpiw59)
</system-err>
		</testcase>
		<testcase name="Test file literal as input" time="4.951438" class="required, command_line_tool" file="input_file_literal" url="cwltest:conformance_test_v1.0#90">
			<system-out>{
    &quot;output_file&quot;: {
        &quot;location&quot;: &quot;file:///tmp/tmpm3u3v4qv/output.txt&quot;,
        &quot;basename&quot;: &quot;output.txt&quot;,
        &quot;nameroot&quot;: &quot;output&quot;,
        &quot;nameext&quot;: &quot;.txt&quot;,
        &quot;class&quot;: &quot;File&quot;,
        &quot;checksum&quot;: &quot;sha1$d0e04ff6c413c7d57f9a0ca0a33cd3ab52e2dd9c&quot;,
        &quot;size&quot;: 18
    }
}</system-out>
			<system-err>[2022-05-12T14:53:41+0200] [MainThread] [I] [cwltool] Resolved 'v1.0/cat3-tool.cwl' to 'file:///home/michael/common-workflow-language/v1.0/v1.0/cat3-tool.cwl'
[2022-05-12T14:53:43+0200] [MainThread] [I] [toil.job] Saving graph of 1 jobs, 1 new
[2022-05-12T14:53:43+0200] [MainThread] [I] [toil.job] Processing job 'CWLJob' cat3-tool.cwl kind-CWLJob/instance-xx31nw7i v0
[2022-05-12T14:53:43+0200] [MainThread] [I] [toil] Running Toil version 5.6.0-c34146a6437e4407a61e946e968bcce67a0ebbca on host mrc-tux.
[2022-05-12T14:53:43+0200] [MainThread] [I] [toil.leader] Issued job 'CWLJob' cat3-tool.cwl kind-CWLJob/instance-xx31nw7i v1 with job batch system ID: 0 and cores: 1, disk: 2.0 Gi, and memory: 8.0 Mi
[2022-05-12T14:53:43+0200] [MainThread] [I] [toil.worker] Redirecting logging to /tmp/8d58bba0c6e95dd686318a17f22bdb64/3240/worker_log.txt
[2022-05-12T14:53:45+0200] [MainThread] [I] [toil.leader] 0 jobs are running, 0 jobs are issued and waiting to run
[2022-05-12T14:53:46+0200] [MainThread] [I] [toil.leader] Finished toil run successfully.
[2022-05-12T14:53:46+0200] [MainThread] [I] [toil.common] Successfully deleted the job store: FileJobStore(/tmp/tmpfekii3hy)
</system-err>
		</testcase>
		<testcase name="Test expression in InitialWorkDir listing" time="4.208333" class="initial_work_dir, command_line_tool" file="initial_workdir_expr" url="cwltest:conformance_test_v1.0#91">
			<system-out>{
    &quot;classfile&quot;: {
        &quot;location&quot;: &quot;file:///tmp/tmptwxivlzj/Hello.class&quot;,
        &quot;basename&quot;: &quot;Hello.class&quot;,
        &quot;nameroot&quot;: &quot;Hello&quot;,
        &quot;nameext&quot;: &quot;.class&quot;,
        &quot;class&quot;: &quot;File&quot;,
        &quot;checksum&quot;: &quot;sha1$da39a3ee5e6b4b0d3255bfef95601890afd80709&quot;,
        &quot;size&quot;: 0
    }
}</system-out>
			<system-err>[2022-05-12T14:53:42+0200] [MainThread] [I] [cwltool] Resolved 'v1.0/linkfile.cwl' to 'file:///home/michael/common-workflow-language/v1.0/v1.0/linkfile.cwl'
[2022-05-12T14:53:44+0200] [MainThread] [I] [toil.job] Saving graph of 1 jobs, 1 new
[2022-05-12T14:53:44+0200] [MainThread] [I] [toil.job] Processing job 'CWLJob' linkfile.cwl kind-CWLJob/instance-80zbvv5o v0
[2022-05-12T14:53:44+0200] [MainThread] [I] [toil] Running Toil version 5.6.0-c34146a6437e4407a61e946e968bcce67a0ebbca on host mrc-tux.
[2022-05-12T14:53:44+0200] [MainThread] [I] [toil.leader] Issued job 'CWLJob' linkfile.cwl kind-CWLJob/instance-80zbvv5o v1 with job batch system ID: 0 and cores: 1, disk: 2.0 Gi, and memory: 8.0 Mi
[2022-05-12T14:53:44+0200] [MainThread] [I] [toil.worker] Redirecting logging to /tmp/14cbcb1f832254f4b80e86ecc0d4c04b/ee0d/worker_log.txt
[2022-05-12T14:53:45+0200] [MainThread] [I] [toil.leader] 0 jobs are running, 0 jobs are issued and waiting to run
[2022-05-12T14:53:46+0200] [MainThread] [I] [toil.leader] Finished toil run successfully.
[2022-05-12T14:53:46+0200] [MainThread] [I] [toil.common] Successfully deleted the job store: FileJobStore(/tmp/tmpup6h_4hy)
</system-err>
		</testcase>
		<testcase name="Test nameroot/nameext expression in arguments, stdout" time="3.932409" class="required, command_line_tool" file="nameroot_nameext_stdout_expr" url="cwltest:conformance_test_v1.0#92">
			<system-out>{
    &quot;b&quot;: {
        &quot;location&quot;: &quot;file:///tmp/tmp37fn60v6/whale.xtx&quot;,
        &quot;basename&quot;: &quot;whale.xtx&quot;,
        &quot;nameroot&quot;: &quot;whale&quot;,
        &quot;nameext&quot;: &quot;.xtx&quot;,
        &quot;class&quot;: &quot;File&quot;,
        &quot;checksum&quot;: &quot;sha1$c4cfd130e7578714e3eef91c1d6d90e0e0b9db3e&quot;,
        &quot;size&quot;: 21
    }
}</system-out>
			<system-err>[2022-05-12T14:53:44+0200] [MainThread] [I] [cwltool] Resolved 'v1.0/nameroot.cwl' to 'file:///home/michael/common-workflow-language/v1.0/v1.0/nameroot.cwl'
[2022-05-12T14:53:45+0200] [MainThread] [I] [toil.job] Saving graph of 1 jobs, 1 new
[2022-05-12T14:53:45+0200] [MainThread] [I] [toil.job] Processing job 'CWLJob' nameroot.cwl kind-CWLJob/instance-2500nxao v0
[2022-05-12T14:53:45+0200] [MainThread] [I] [toil] Running Toil version 5.6.0-c34146a6437e4407a61e946e968bcce67a0ebbca on host mrc-tux.
[2022-05-12T14:53:45+0200] [MainThread] [I] [toil.leader] Issued job 'CWLJob' nameroot.cwl kind-CWLJob/instance-2500nxao v1 with job batch system ID: 0 and cores: 1, disk: 2.0 Gi, and memory: 8.0 Mi
[2022-05-12T14:53:46+0200] [MainThread] [I] [toil.worker] Redirecting logging to /tmp/e56edd16563d52fdb2d16f8598084e0a/672a/worker_log.txt
[2022-05-12T14:53:46+0200] [MainThread] [I] [toil.leader] 0 jobs are running, 0 jobs are issued and waiting to run
[2022-05-12T14:53:47+0200] [MainThread] [I] [toil.leader] Finished toil run successfully.
[2022-05-12T14:53:47+0200] [MainThread] [I] [toil.common] Successfully deleted the job store: FileJobStore(/tmp/tmph01_bw85)
</system-err>
		</testcase>
		<testcase name="Test directory input with inputBinding" time="3.957247" class="shell_command, command_line_tool" file="input_dir_inputbinding" url="cwltest:conformance_test_v1.0#93">
			<system-out>{
    &quot;outlist&quot;: {
        &quot;location&quot;: &quot;file:///tmp/tmp6c2li129/output.txt&quot;,
        &quot;basename&quot;: &quot;output.txt&quot;,
        &quot;nameroot&quot;: &quot;output&quot;,
        &quot;nameext&quot;: &quot;.txt&quot;,
        &quot;class&quot;: &quot;File&quot;,
        &quot;checksum&quot;: &quot;sha1$13cda8661796ae241da3a18668fb552161a72592&quot;,
        &quot;size&quot;: 20
    }
}</system-out>
			<system-err>[2022-05-12T14:53:46+0200] [MainThread] [I] [cwltool] Resolved 'v1.0/dir6.cwl' to 'file:///home/michael/common-workflow-language/v1.0/v1.0/dir6.cwl'
[2022-05-12T14:53:47+0200] [MainThread] [I] [toil.job] Saving graph of 1 jobs, 1 new
[2022-05-12T14:53:47+0200] [MainThread] [I] [toil.job] Processing job 'CWLJob' dir6.cwl kind-CWLJob/instance-lrqchvyw v0
[2022-05-12T14:53:47+0200] [MainThread] [I] [toil] Running Toil version 5.6.0-c34146a6437e4407a61e946e968bcce67a0ebbca on host mrc-tux.
[2022-05-12T14:53:47+0200] [MainThread] [I] [toil.leader] Issued job 'CWLJob' dir6.cwl kind-CWLJob/instance-lrqchvyw v1 with job batch system ID: 0 and cores: 1, disk: 2.0 Gi, and memory: 8.0 Mi
[2022-05-12T14:53:48+0200] [MainThread] [I] [toil.worker] Redirecting logging to /tmp/e75af7004f9a548da75b253bfeae609d/18c3/worker_log.txt
[2022-05-12T14:53:48+0200] [MainThread] [I] [toil.leader] 0 jobs are running, 0 jobs are issued and waiting to run
[2022-05-12T14:53:49+0200] [MainThread] [I] [toil.leader] Finished toil run successfully.
[2022-05-12T14:53:49+0200] [MainThread] [I] [toil.common] Successfully deleted the job store: FileJobStore(/tmp/tmp935zs3fg)
</system-err>
		</testcase>
		<testcase name="Test command line generation of array-of-arrays" time="3.972828" class="required, command_line_tool" file="cl_gen_arrayofarrays" url="cwltest:conformance_test_v1.0#94">
			<system-out>{
    &quot;echo&quot;: {
        &quot;location&quot;: &quot;file:///tmp/tmpuinwh90d/echo.txt&quot;,
        &quot;basename&quot;: &quot;echo.txt&quot;,
        &quot;nameroot&quot;: &quot;echo&quot;,
        &quot;nameext&quot;: &quot;.txt&quot;,
        &quot;class&quot;: &quot;File&quot;,
        &quot;checksum&quot;: &quot;sha1$3f786850e387550fdab836ed7e6dc881de23001b&quot;,
        &quot;size&quot;: 2
    }
}</system-out>
			<system-err>[2022-05-12T14:53:46+0200] [MainThread] [I] [cwltool] Resolved 'v1.0/nested-array.cwl' to 'file:///home/michael/common-workflow-language/v1.0/v1.0/nested-array.cwl'
[2022-05-12T14:53:48+0200] [MainThread] [I] [toil.job] Saving graph of 1 jobs, 1 new
[2022-05-12T14:53:48+0200] [MainThread] [I] [toil.job] Processing job 'CWLJob' nested-array.cwl kind-CWLJob/instance-mk8e5459 v0
[2022-05-12T14:53:48+0200] [MainThread] [I] [toil] Running Toil version 5.6.0-c34146a6437e4407a61e946e968bcce67a0ebbca on host mrc-tux.
[2022-05-12T14:53:48+0200] [MainThread] [I] [toil.leader] Issued job 'CWLJob' nested-array.cwl kind-CWLJob/instance-mk8e5459 v1 with job batch system ID: 0 and cores: 1, disk: 2.0 Gi, and memory: 8.0 Mi
[2022-05-12T14:53:48+0200] [MainThread] [I] [toil.worker] Redirecting logging to /tmp/e1bf29652b345d29876e49009d9c7dd9/6dba/worker_log.txt
[2022-05-12T14:53:48+0200] [MainThread] [I] [toil.leader] 0 jobs are running, 0 jobs are issued and waiting to run
[2022-05-12T14:53:50+0200] [MainThread] [I] [toil.leader] Finished toil run successfully.
[2022-05-12T14:53:50+0200] [MainThread] [I] [toil.common] Successfully deleted the job store: FileJobStore(/tmp/tmpppe7iguo)
</system-err>
		</testcase>
		<testcase name="Test $HOME and $TMPDIR are set correctly" time="4.063942" class="shell_command, command_line_tool" file="env_home_tmpdir" url="cwltest:conformance_test_v1.0#95">
			<system-out>{}</system-out>
			<system-err>[2022-05-12T14:53:47+0200] [MainThread] [I] [cwltool] Resolved 'v1.0/envvar.cwl' to 'file:///home/michael/common-workflow-language/v1.0/v1.0/envvar.cwl'
[2022-05-12T14:53:48+0200] [MainThread] [I] [toil.job] Saving graph of 1 jobs, 1 new
[2022-05-12T14:53:48+0200] [MainThread] [I] [toil.job] Processing job 'CWLJob' envvar.cwl kind-CWLJob/instance-y6ncjs0a v0
[2022-05-12T14:53:48+0200] [MainThread] [I] [toil] Running Toil version 5.6.0-c34146a6437e4407a61e946e968bcce67a0ebbca on host mrc-tux.
[2022-05-12T14:53:48+0200] [MainThread] [I] [toil.leader] Issued job 'CWLJob' envvar.cwl kind-CWLJob/instance-y6ncjs0a v1 with job batch system ID: 0 and cores: 1, disk: 2.0 Gi, and memory: 8.0 Mi
[2022-05-12T14:53:48+0200] [MainThread] [I] [toil.worker] Redirecting logging to /tmp/aea23f26bb245bb6b131b45f44c914db/2c85/worker_log.txt
[2022-05-12T14:53:49+0200] [MainThread] [I] [toil.leader] 0 jobs are running, 0 jobs are issued and waiting to run
[2022-05-12T14:53:50+0200] [MainThread] [I] [toil.leader] Finished toil run successfully.
[2022-05-12T14:53:50+0200] [MainThread] [I] [toil.common] Successfully deleted the job store: FileJobStore(/tmp/tmp4aqevtvg)
</system-err>
		</testcase>
		<testcase name="Test $HOME and $TMPDIR are set correctly in Docker" time="4.954679" class="shell_command, command_line_tool" file="env_home_tmpdir_docker" url="cwltest:conformance_test_v1.0#96">
			<system-out>{}</system-out>
			<system-err>[2022-05-12T14:53:48+0200] [MainThread] [I] [cwltool] Resolved 'v1.0/envvar2.cwl' to 'file:///home/michael/common-workflow-language/v1.0/v1.0/envvar2.cwl'
[2022-05-12T14:53:49+0200] [MainThread] [I] [toil.job] Saving graph of 1 jobs, 1 new
[2022-05-12T14:53:49+0200] [MainThread] [I] [toil.job] Processing job 'CWLJob' envvar2.cwl kind-CWLJob/instance-8t4jbf64 v0
[2022-05-12T14:53:49+0200] [MainThread] [I] [toil] Running Toil version 5.6.0-c34146a6437e4407a61e946e968bcce67a0ebbca on host mrc-tux.
[2022-05-12T14:53:49+0200] [MainThread] [I] [toil.leader] Issued job 'CWLJob' envvar2.cwl kind-CWLJob/instance-8t4jbf64 v1 with job batch system ID: 0 and cores: 1, disk: 2.0 Gi, and memory: 8.0 Mi
[2022-05-12T14:53:50+0200] [MainThread] [I] [toil.worker] Redirecting logging to /tmp/0433b7f4ef4e51aca209022c057dd9b3/5d31/worker_log.txt
[2022-05-12T14:53:51+0200] [MainThread] [I] [toil.leader] 0 jobs are running, 0 jobs are issued and waiting to run
[2022-05-12T14:53:52+0200] [MainThread] [I] [toil.leader] Finished toil run successfully.
[2022-05-12T14:53:52+0200] [MainThread] [I] [toil.common] Successfully deleted the job store: FileJobStore(/tmp/tmpu88um3id)
</system-err>
		</testcase>
		<testcase name="Test that expressionLib requirement of individual tool step overrides expressionLib of workflow." time="8.380729" class="inline_javascript, workflow" file="expressionlib_tool_wf_override" url="cwltest:conformance_test_v1.0#97">
			<system-out>{
    &quot;out&quot;: {
        &quot;location&quot;: &quot;file:///tmp/tmpvqb3u0zs/whatever.txt&quot;,
        &quot;basename&quot;: &quot;whatever.txt&quot;,
        &quot;nameroot&quot;: &quot;whatever&quot;,
        &quot;nameext&quot;: &quot;.txt&quot;,
        &quot;class&quot;: &quot;File&quot;,
        &quot;checksum&quot;: &quot;sha1$7448d8798a4380162d4b56f9b452e2f6f9e24e7a&quot;,
        &quot;size&quot;: 2
    }
}</system-out>
			<system-err>[2022-05-12T14:53:50+0200] [MainThread] [I] [cwltool] Resolved 'v1.0/js-expr-req-wf.cwl#wf' to 'file:///home/michael/common-workflow-language/v1.0/v1.0/js-expr-req-wf.cwl#wf'
[2022-05-12T14:53:52+0200] [MainThread] [I] [toil.job] Saving graph of 2 jobs, 2 new
[2022-05-12T14:53:52+0200] [MainThread] [I] [toil.job] Processing job 'ResolveIndirect' kind-ResolveIndirect/instance-_rf_pks1 v0
[2022-05-12T14:53:52+0200] [MainThread] [I] [toil.job] Processing job 'CWLWorkflow' kind-CWLWorkflow/instance-jtuhd66w v0
[2022-05-12T14:53:52+0200] [MainThread] [I] [toil] Running Toil version 5.6.0-c34146a6437e4407a61e946e968bcce67a0ebbca on host mrc-tux.
[2022-05-12T14:53:53+0200] [MainThread] [I] [toil.worker] Redirecting logging to /tmp/8d15d361d8365c209e32b8d14828eb44/a9ce/worker_log.txt
[2022-05-12T14:53:53+0200] [MainThread] [I] [toil.leader] 0 jobs are running, 0 jobs are issued and waiting to run
[2022-05-12T14:53:53+0200] [MainThread] [I] [toil.leader] Issued job 'CWLJob' wf.tool.tool kind-CWLJob/instance-wt0lxj8l v1 with job batch system ID: 1 and cores: 1, disk: 2.0 Gi, and memory: 8.0 Mi
[2022-05-12T14:53:54+0200] [MainThread] [I] [toil.worker] Redirecting logging to /tmp/8d15d361d8365c209e32b8d14828eb44/d616/worker_log.txt
[2022-05-12T14:53:55+0200] [MainThread] [I] [toil.worker] Redirecting logging to /tmp/8d15d361d8365c209e32b8d14828eb44/8f8a/worker_log.txt
[2022-05-12T14:53:56+0200] [MainThread] [I] [toil.worker] Redirecting logging to /tmp/8d15d361d8365c209e32b8d14828eb44/5fbf/worker_log.txt
[2022-05-12T14:53:58+0200] [MainThread] [I] [toil.leader] Finished toil run successfully.
[2022-05-12T14:53:58+0200] [MainThread] [I] [toil.common] Successfully deleted the job store: FileJobStore(/tmp/tmptdq3a48l)
</system-err>
		</testcase>
		<testcase name="Test output of InitialWorkDir" time="5.166767" class="docker, initial_work_dir, command_line_tool" file="initial_workdir_output" url="cwltest:conformance_test_v1.0#98">
			<system-out>{
    &quot;OUTPUT&quot;: {
        &quot;location&quot;: &quot;file:///tmp/tmpy77q8iah/ref.fasta&quot;,
        &quot;basename&quot;: &quot;ref.fasta&quot;,
        &quot;nameroot&quot;: &quot;ref&quot;,
        &quot;nameext&quot;: &quot;.fasta&quot;,
        &quot;class&quot;: &quot;File&quot;,
        &quot;checksum&quot;: &quot;sha1$aeb3d11bdf536511649129f4077d5cda6a324118&quot;,
        &quot;size&quot;: 12010,
        &quot;secondaryFiles&quot;: [
            {
                &quot;basename&quot;: &quot;ref.fasta.fai&quot;,
                &quot;location&quot;: &quot;file:///tmp/tmpy77q8iah/ref.fasta.fai&quot;,
                &quot;class&quot;: &quot;File&quot;,
                &quot;nameroot&quot;: &quot;ref.fasta&quot;,
                &quot;nameext&quot;: &quot;.fai&quot;,
                &quot;checksum&quot;: &quot;sha1$da39a3ee5e6b4b0d3255bfef95601890afd80709&quot;,
                &quot;size&quot;: 0
            }
        ]
    }
}</system-out>
			<system-err>[2022-05-12T14:53:51+0200] [MainThread] [I] [cwltool] Resolved 'v1.0/initialworkdirrequirement-docker-out.cwl' to 'file:///home/michael/common-workflow-language/v1.0/v1.0/initialworkdirrequirement-docker-out.cwl'
[2022-05-12T14:53:52+0200] [MainThread] [I] [toil.job] Saving graph of 1 jobs, 1 new
[2022-05-12T14:53:52+0200] [MainThread] [I] [toil.job] Processing job 'CWLJob' initialworkdirrequirement-docker-out.cwl kind-CWLJob/instance-026ysaq4 v0
[2022-05-12T14:53:52+0200] [MainThread] [I] [toil] Running Toil version 5.6.0-c34146a6437e4407a61e946e968bcce67a0ebbca on host mrc-tux.
[2022-05-12T14:53:52+0200] [MainThread] [I] [toil.leader] Issued job 'CWLJob' initialworkdirrequirement-docker-out.cwl kind-CWLJob/instance-026ysaq4 v1 with job batch system ID: 0 and cores: 1, disk: 2.0 Gi, and memory: 8.0 Mi
[2022-05-12T14:53:52+0200] [MainThread] [I] [toil.worker] Redirecting logging to /tmp/511a51594a2b547488634e6bfcdec9d4/87b5/worker_log.txt
[2022-05-12T14:53:54+0200] [MainThread] [I] [toil.leader] 0 jobs are running, 0 jobs are issued and waiting to run
[2022-05-12T14:53:55+0200] [MainThread] [I] [toil.leader] Finished toil run successfully.
[2022-05-12T14:53:55+0200] [MainThread] [I] [toil.common] Successfully deleted the job store: FileJobStore(/tmp/tmptiw6ow21)
</system-err>
		</testcase>
		<testcase name="Test embedded subworkflow" time="13.786774" class="subworkflow, workflow" file="embedded_subworkflow" url="cwltest:conformance_test_v1.0#99">
			<system-out>{
    &quot;count_output&quot;: 16
}</system-out>
			<system-err>[2022-05-12T14:53:51+0200] [MainThread] [I] [cwltool] Resolved 'v1.0/count-lines10-wf.cwl' to 'file:///home/michael/common-workflow-language/v1.0/v1.0/count-lines10-wf.cwl'
[2022-05-12T14:53:56+0200] [MainThread] [I] [toil.job] Saving graph of 2 jobs, 2 new
[2022-05-12T14:53:56+0200] [MainThread] [I] [toil.job] Processing job 'ResolveIndirect' kind-ResolveIndirect/instance-zf8zx4b4 v0
[2022-05-12T14:53:56+0200] [MainThread] [I] [toil.job] Processing job 'CWLWorkflow' kind-CWLWorkflow/instance-2y5qc5ve v0
[2022-05-12T14:53:56+0200] [MainThread] [I] [toil] Running Toil version 5.6.0-c34146a6437e4407a61e946e968bcce67a0ebbca on host mrc-tux.
[2022-05-12T14:53:56+0200] [MainThread] [I] [toil.worker] Redirecting logging to /tmp/ce7e948d31d4540aa5009a1fcc9efcfb/f5ee/worker_log.txt
[2022-05-12T14:53:57+0200] [MainThread] [I] [toil.leader] 0 jobs are running, 0 jobs are issued and waiting to run
[2022-05-12T14:53:57+0200] [MainThread] [I] [toil.worker] Redirecting logging to /tmp/ce7e948d31d4540aa5009a1fcc9efcfb/4bf1/worker_log.txt
[2022-05-12T14:53:57+0200] [MainThread] [I] [toil.leader] Issued job 'CWLJob' f7c4210f-4d37-47a3-942a-6b525e5d6f31.step1.wc-tool.cwl kind-CWLJob/instance-f5s3jdrn v1 with job batch system ID: 2 and cores: 1, disk: 2.0 Gi, and memory: 8.0 Mi
[2022-05-12T14:53:58+0200] [MainThread] [I] [toil.worker] Redirecting logging to /tmp/ce7e948d31d4540aa5009a1fcc9efcfb/40fe/worker_log.txt
[2022-05-12T14:53:58+0200] [MainThread] [I] [toil.leader] Issued job 'CWLJob' f7c4210f-4d37-47a3-942a-6b525e5d6f31.step2.parseInt-tool.cwl kind-CWLJob/instance-fdvsttu1 v1 with job batch system ID: 3 and cores: 1, disk: 3.0 Gi, and memory: 2.0 Gi
[2022-05-12T14:53:58+0200] [MainThread] [I] [toil.worker] Redirecting logging to /tmp/ce7e948d31d4540aa5009a1fcc9efcfb/e744/worker_log.txt
[2022-05-12T14:53:59+0200] [MainThread] [I] [toil.leader] Issued job 'CWLJob' f7c4210f-4d37-47a3-942a-6b525e5d6f31.step1.wc-tool.cwl kind-CWLJob/instance-f5s3jdrn v2 with job batch system ID: 4 and cores: 1, disk: 2.0 Gi, and memory: 8.0 Mi
[2022-05-12T14:53:59+0200] [MainThread] [I] [toil.worker] Redirecting logging to /tmp/ce7e948d31d4540aa5009a1fcc9efcfb/c113/worker_log.txt
[2022-05-12T14:54:00+0200] [MainThread] [I] [toil.worker] Redirecting logging to /tmp/ce7e948d31d4540aa5009a1fcc9efcfb/b264/worker_log.txt
[2022-05-12T14:54:01+0200] [MainThread] [I] [toil.worker] Redirecting logging to /tmp/ce7e948d31d4540aa5009a1fcc9efcfb/b2bd/worker_log.txt
[2022-05-12T14:54:02+0200] [MainThread] [I] [toil.worker] Redirecting logging to /tmp/ce7e948d31d4540aa5009a1fcc9efcfb/224c/worker_log.txt
[2022-05-12T14:54:02+0200] [MainThread] [I] [toil.worker] Redirecting logging to /tmp/ce7e948d31d4540aa5009a1fcc9efcfb/a628/worker_log.txt
[2022-05-12T14:54:04+0200] [MainThread] [I] [toil.leader] Finished toil run successfully.
[2022-05-12T14:54:04+0200] [MainThread] [I] [toil.common] Successfully deleted the job store: FileJobStore(/tmp/tmppi790lh3)
</system-err>
		</testcase>
		<testcase name="Test secondaryFiles on array of files." time="6.529469" class="docker, inline_javascript, shell_command, command_line_tool" file="filesarray_secondaryfiles" url="cwltest:conformance_test_v1.0#100">
			<system-out>{
    &quot;bai_list&quot;: {
        &quot;location&quot;: &quot;file:///tmp/tmpxljyx3i4/fai.list&quot;,
        &quot;basename&quot;: &quot;fai.list&quot;,
        &quot;nameroot&quot;: &quot;fai&quot;,
        &quot;nameext&quot;: &quot;.list&quot;,
        &quot;class&quot;: &quot;File&quot;,
        &quot;checksum&quot;: &quot;sha1$081fc0e57d6efa5f75eeb237aab1d04031132be6&quot;,
        &quot;size&quot;: 386
    }
}</system-out>
			<system-err>[2022-05-12T14:53:53+0200] [MainThread] [I] [cwltool] Resolved 'v1.0/docker-array-secondaryfiles.cwl' to 'file:///home/michael/common-workflow-language/v1.0/v1.0/docker-array-secondaryfiles.cwl'
[2022-05-12T14:53:55+0200] [MainThread] [I] [toil.job] Saving graph of 1 jobs, 1 new
[2022-05-12T14:53:55+0200] [MainThread] [I] [toil.job] Processing job 'CWLJob' docker-array-secondaryfiles.cwl kind-CWLJob/instance-6379lgqm v0
[2022-05-12T14:53:55+0200] [MainThread] [I] [toil] Running Toil version 5.6.0-c34146a6437e4407a61e946e968bcce67a0ebbca on host mrc-tux.
[2022-05-12T14:53:55+0200] [MainThread] [I] [toil.leader] Issued job 'CWLJob' docker-array-secondaryfiles.cwl kind-CWLJob/instance-6379lgqm v1 with job batch system ID: 0 and cores: 1, disk: 2.0 Gi, and memory: 8.0 Mi
[2022-05-12T14:53:55+0200] [MainThread] [I] [toil.worker] Redirecting logging to /tmp/ad5530ba56405698a0bdbfb4e829bc0d/d795/worker_log.txt
[2022-05-12T14:53:57+0200] [MainThread] [I] [toil.leader] 1 jobs are running, 0 jobs are issued and waiting to run
[2022-05-12T14:53:59+0200] [MainThread] [I] [toil.leader] Finished toil run successfully.
[2022-05-12T14:53:59+0200] [MainThread] [I] [toil.common] Successfully deleted the job store: FileJobStore(/tmp/tmpgwavertc)
</system-err>
		</testcase>
		<testcase name="Test directory literal output created by ExpressionTool" time="4.658345" class="inline_javascript, expression_tool" file="exprtool_directory_literal" url="cwltest:conformance_test_v1.0#101">
			<system-out>{
    &quot;dir&quot;: {
        &quot;class&quot;: &quot;Directory&quot;,
        &quot;basename&quot;: &quot;a_directory&quot;,
        &quot;listing&quot;: [
            {
                &quot;class&quot;: &quot;File&quot;,
                &quot;location&quot;: &quot;file:///tmp/tmp5cff555p/a_directory/hello.txt&quot;,
                &quot;size&quot;: 13,
                &quot;basename&quot;: &quot;hello.txt&quot;,
                &quot;nameroot&quot;: &quot;hello&quot;,
                &quot;nameext&quot;: &quot;.txt&quot;,
                &quot;checksum&quot;: &quot;sha1$47a013e660d408619d894b20806b1d5086aab03b&quot;
            },
            {
                &quot;class&quot;: &quot;File&quot;,
                &quot;location&quot;: &quot;file:///tmp/tmp5cff555p/a_directory/whale.txt&quot;,
                &quot;size&quot;: 1111,
                &quot;basename&quot;: &quot;whale.txt&quot;,
                &quot;nameroot&quot;: &quot;whale&quot;,
                &quot;nameext&quot;: &quot;.txt&quot;,
                &quot;checksum&quot;: &quot;sha1$327fc7aedf4f6b69a42a7c8b808dc5a7aff61376&quot;
            }
        ],
        &quot;location&quot;: &quot;file:///tmp/tmp5cff555p/a_directory&quot;
    }
}</system-out>
			<system-err>[2022-05-12T14:53:56+0200] [MainThread] [I] [cwltool] Resolved 'v1.0/dir7.cwl' to 'file:///home/michael/common-workflow-language/v1.0/v1.0/dir7.cwl'
[2022-05-12T14:53:57+0200] [MainThread] [I] [toil.job] Saving graph of 1 jobs, 1 new
[2022-05-12T14:53:57+0200] [MainThread] [I] [toil.job] Processing job 'CWLJob' dir7.cwl kind-CWLJob/instance-amkghad1 v0
[2022-05-12T14:53:57+0200] [MainThread] [I] [toil] Running Toil version 5.6.0-c34146a6437e4407a61e946e968bcce67a0ebbca on host mrc-tux.
[2022-05-12T14:53:57+0200] [MainThread] [I] [toil.leader] Issued job 'CWLJob' dir7.cwl kind-CWLJob/instance-amkghad1 v1 with job batch system ID: 0 and cores: 1, disk: 3.0 Gi, and memory: 2.0 Gi
[2022-05-12T14:53:58+0200] [MainThread] [I] [toil.worker] Redirecting logging to /tmp/78bc6e4e859e5a5389e03d4e5a564df1/1bbb/worker_log.txt
[2022-05-12T14:53:58+0200] [MainThread] [I] [toil.leader] 0 jobs are running, 0 jobs are issued and waiting to run
[2022-05-12T14:53:59+0200] [MainThread] [I] [toil.leader] Finished toil run successfully.
[2022-05-12T14:53:59+0200] [MainThread] [I] [toil.common] Successfully deleted the job store: FileJobStore(/tmp/tmpcn9hcsvi)
</system-err>
		</testcase>
		<testcase name="Test file literal output created by ExpressionTool" time="5.363035" class="inline_javascript, expression_tool" file="exprtool_file_literal" url="cwltest:conformance_test_v1.0#102">
			<system-out>{
    &quot;lit&quot;: {
        &quot;class&quot;: &quot;File&quot;,
        &quot;basename&quot;: &quot;a_file&quot;,
        &quot;location&quot;: &quot;file:///tmp/tmpdh0m_oku/a_file&quot;,
        &quot;nameroot&quot;: &quot;a_file&quot;,
        &quot;nameext&quot;: &quot;&quot;,
        &quot;checksum&quot;: &quot;sha1$fea23663b9c8ed71968f86415b5ec091bb111448&quot;,
        &quot;size&quot;: 19
    }
}</system-out>
			<system-err>[2022-05-12T14:53:58+0200] [MainThread] [I] [cwltool] Resolved 'v1.0/file-literal-ex.cwl' to 'file:///home/michael/common-workflow-language/v1.0/v1.0/file-literal-ex.cwl'
[2022-05-12T14:54:00+0200] [MainThread] [I] [toil.job] Saving graph of 1 jobs, 1 new
[2022-05-12T14:54:00+0200] [MainThread] [I] [toil.job] Processing job 'CWLJob' file-literal-ex.cwl kind-CWLJob/instance-fxbijetq v0
[2022-05-12T14:54:00+0200] [MainThread] [I] [toil] Running Toil version 5.6.0-c34146a6437e4407a61e946e968bcce67a0ebbca on host mrc-tux.
[2022-05-12T14:54:00+0200] [MainThread] [I] [toil.leader] Issued job 'CWLJob' file-literal-ex.cwl kind-CWLJob/instance-fxbijetq v1 with job batch system ID: 0 and cores: 1, disk: 3.0 Gi, and memory: 2.0 Gi
[2022-05-12T14:54:00+0200] [MainThread] [I] [toil.worker] Redirecting logging to /tmp/8a234498833453c391183dbfb3787d43/e00c/worker_log.txt
[2022-05-12T14:54:01+0200] [MainThread] [I] [toil.leader] 0 jobs are running, 0 jobs are issued and waiting to run
[2022-05-12T14:54:03+0200] [MainThread] [I] [toil.leader] Finished toil run successfully.
[2022-05-12T14:54:03+0200] [MainThread] [I] [toil.common] Successfully deleted the job store: FileJobStore(/tmp/tmptyagfo62)
</system-err>
		</testcase>
		<testcase name="Test dockerOutputDirectory" time="5.563911" class="docker, command_line_tool" file="dockeroutputdir" url="cwltest:conformance_test_v1.0#103">
			<system-out>{
    &quot;thing&quot;: {
        &quot;location&quot;: &quot;file:///tmp/tmp3jqbg57q/thing&quot;,
        &quot;basename&quot;: &quot;thing&quot;,
        &quot;nameroot&quot;: &quot;thing&quot;,
        &quot;nameext&quot;: &quot;&quot;,
        &quot;class&quot;: &quot;File&quot;,
        &quot;checksum&quot;: &quot;sha1$da39a3ee5e6b4b0d3255bfef95601890afd80709&quot;,
        &quot;size&quot;: 0
    }
}</system-out>
			<system-err>[2022-05-12T14:54:00+0200] [MainThread] [I] [cwltool] Resolved 'v1.0/docker-output-dir.cwl' to 'file:///home/michael/common-workflow-language/v1.0/v1.0/docker-output-dir.cwl'
[2022-05-12T14:54:01+0200] [MainThread] [I] [toil.job] Saving graph of 1 jobs, 1 new
[2022-05-12T14:54:01+0200] [MainThread] [I] [toil.job] Processing job 'CWLJob' docker-output-dir.cwl kind-CWLJob/instance-iovcq7ho v0
[2022-05-12T14:54:01+0200] [MainThread] [I] [toil] Running Toil version 5.6.0-c34146a6437e4407a61e946e968bcce67a0ebbca on host mrc-tux.
[2022-05-12T14:54:01+0200] [MainThread] [I] [toil.leader] Issued job 'CWLJob' docker-output-dir.cwl kind-CWLJob/instance-iovcq7ho v1 with job batch system ID: 0 and cores: 1, disk: 2.0 Gi, and memory: 8.0 Mi
[2022-05-12T14:54:01+0200] [MainThread] [I] [toil.worker] Redirecting logging to /tmp/0ec345844b1c5c198f9ab3825c902745/934f/worker_log.txt
[2022-05-12T14:54:03+0200] [MainThread] [I] [toil.leader] 0 jobs are running, 0 jobs are issued and waiting to run
[2022-05-12T14:54:04+0200] [MainThread] [I] [toil.leader] Finished toil run successfully.
[2022-05-12T14:54:04+0200] [MainThread] [I] [toil.common] Successfully deleted the job store: FileJobStore(/tmp/tmp9rr_hbfw)
</system-err>
		</testcase>
		<testcase name="Test hints with $import" time="4.110885" class="required, command_line_tool" file="hints_import" url="cwltest:conformance_test_v1.0#104">
			<system-out>{
    &quot;out&quot;: {
        &quot;location&quot;: &quot;file:///tmp/tmp2uyi6jp0/out&quot;,
        &quot;basename&quot;: &quot;out&quot;,
        &quot;nameroot&quot;: &quot;out&quot;,
        &quot;nameext&quot;: &quot;&quot;,
        &quot;class&quot;: &quot;File&quot;,
        &quot;checksum&quot;: &quot;sha1$b3ec4ed1749c207e52b3a6d08c59f31d83bff519&quot;,
        &quot;size&quot;: 15
    }
}</system-out>
			<system-err>[2022-05-12T14:54:00+0200] [MainThread] [I] [cwltool] Resolved 'v1.0/imported-hint.cwl' to 'file:///home/michael/common-workflow-language/v1.0/v1.0/imported-hint.cwl'
[2022-05-12T14:54:02+0200] [MainThread] [I] [toil.job] Saving graph of 1 jobs, 1 new
[2022-05-12T14:54:02+0200] [MainThread] [I] [toil.job] Processing job 'CWLJob' imported-hint.cwl kind-CWLJob/instance-6sdjacuy v0
[2022-05-12T14:54:02+0200] [MainThread] [I] [toil] Running Toil version 5.6.0-c34146a6437e4407a61e946e968bcce67a0ebbca on host mrc-tux.
[2022-05-12T14:54:02+0200] [MainThread] [I] [toil.leader] Issued job 'CWLJob' imported-hint.cwl kind-CWLJob/instance-6sdjacuy v1 with job batch system ID: 0 and cores: 1, disk: 3.0 Gi, and memory: 2.0 Gi
[2022-05-12T14:54:02+0200] [MainThread] [I] [toil.worker] Redirecting logging to /tmp/88eb80d36d3d55e4888b4ae7089782c5/1f2c/worker_log.txt
[2022-05-12T14:54:02+0200] [MainThread] [I] [toil.leader] 0 jobs are running, 0 jobs are issued and waiting to run
[2022-05-12T14:54:04+0200] [MainThread] [I] [toil.leader] Finished toil run successfully.
[2022-05-12T14:54:04+0200] [MainThread] [I] [toil.common] Successfully deleted the job store: FileJobStore(/tmp/tmp8epx7hif)
</system-err>
		</testcase>
		<testcase name="Test warning instead of error when default path is not found" time="3.805930" class="required, command_line_tool" file="default_path_notfound_warning" url="cwltest:conformance_test_v1.0#105">
			<system-out>{}</system-out>
			<system-err>[2022-05-12T14:54:04+0200] [MainThread] [I] [cwltool] Resolved 'v1.0/default_path.cwl' to 'file:///home/michael/common-workflow-language/v1.0/v1.0/default_path.cwl'
[2022-05-12T14:54:05+0200] [MainThread] [I] [toil.job] Saving graph of 1 jobs, 1 new
[2022-05-12T14:54:05+0200] [MainThread] [I] [toil.job] Processing job 'CWLJob' default_path.cwl kind-CWLJob/instance-zy9jguzv v0
[2022-05-12T14:54:05+0200] [MainThread] [I] [toil] Running Toil version 5.6.0-c34146a6437e4407a61e946e968bcce67a0ebbca on host mrc-tux.
[2022-05-12T14:54:05+0200] [MainThread] [I] [toil.leader] Issued job 'CWLJob' default_path.cwl kind-CWLJob/instance-zy9jguzv v1 with job batch system ID: 0 and cores: 1, disk: 2.0 Gi, and memory: 8.0 Mi
[2022-05-12T14:54:05+0200] [MainThread] [I] [toil.worker] Redirecting logging to /tmp/89b6b5703d1d50488ef7db71b0f5efae/3758/worker_log.txt
[2022-05-12T14:54:05+0200] [MainThread] [I] [toil.leader] 0 jobs are running, 0 jobs are issued and waiting to run
[2022-05-12T14:54:07+0200] [MainThread] [I] [toil.leader] Finished toil run successfully.
[2022-05-12T14:54:07+0200] [MainThread] [I] [toil.common] Successfully deleted the job store: FileJobStore(/tmp/tmpxodjzslk)
</system-err>
		</testcase>
		<testcase name="Test InlineJavascriptRequirement with multiple expressions in the same tool" time="6.255313" class="inline_javascript, command_line_tool" file="inlinejs_req_expressions" url="cwltest:conformance_test_v1.0#106">
			<system-out>{
    &quot;args&quot;: [
        &quot;-A&quot;,
        &quot;2&quot;,
        &quot;-B&quot;,
        &quot;baz&quot;,
        &quot;-C&quot;,
        &quot;10&quot;,
        &quot;9&quot;,
        &quot;8&quot;,
        &quot;7&quot;,
        &quot;6&quot;,
        &quot;5&quot;,
        &quot;4&quot;,
        &quot;3&quot;,
        &quot;2&quot;,
        &quot;1&quot;,
        &quot;-D&quot;
    ]
}</system-out>
			<system-err>[2022-05-12T14:54:04+0200] [MainThread] [I] [cwltool] Resolved 'v1.0/inline-js.cwl' to 'file:///home/michael/common-workflow-language/v1.0/v1.0/inline-js.cwl'
[2022-05-12T14:54:06+0200] [MainThread] [I] [toil.job] Saving graph of 1 jobs, 1 new
[2022-05-12T14:54:06+0200] [MainThread] [I] [toil.job] Processing job 'CWLJob' inline-js.cwl kind-CWLJob/instance-bo7zr21i v0
[2022-05-12T14:54:06+0200] [MainThread] [I] [toil] Running Toil version 5.6.0-c34146a6437e4407a61e946e968bcce67a0ebbca on host mrc-tux.
[2022-05-12T14:54:06+0200] [MainThread] [I] [toil.leader] Issued job 'CWLJob' inline-js.cwl kind-CWLJob/instance-bo7zr21i v1 with job batch system ID: 0 and cores: 1, disk: 2.0 Gi, and memory: 8.0 Mi
[2022-05-12T14:54:06+0200] [MainThread] [I] [toil.worker] Redirecting logging to /tmp/7f903f4098fe54beae063e494188239e/fbe3/worker_log.txt
[2022-05-12T14:54:08+0200] [MainThread] [I] [toil.leader] 1 jobs are running, 0 jobs are issued and waiting to run
[2022-05-12T14:54:10+0200] [MainThread] [I] [toil.leader] Finished toil run successfully.
[2022-05-12T14:54:10+0200] [MainThread] [I] [toil.common] Successfully deleted the job store: FileJobStore(/tmp/tmphq4mljr5)
</system-err>
		</testcase>
		<testcase name="Test if a writable input directory is recursively copied and writable" time="3.881647" class="initial_work_dir, shell_command, command_line_tool" file="input_dir_recurs_copy_writable" url="cwltest:conformance_test_v1.0#107">
			<system-out>{
    &quot;output_dir&quot;: {
        &quot;location&quot;: &quot;file:///tmp/tmpp00fcjry/work_dir&quot;,
        &quot;basename&quot;: &quot;work_dir&quot;,
        &quot;nameroot&quot;: &quot;work_dir&quot;,
        &quot;nameext&quot;: &quot;&quot;,
        &quot;class&quot;: &quot;Directory&quot;,
        &quot;listing&quot;: [
            {
                &quot;class&quot;: &quot;File&quot;,
                &quot;location&quot;: &quot;file:///tmp/tmpp00fcjry/work_dir/e&quot;,
                &quot;basename&quot;: &quot;e&quot;,
                &quot;checksum&quot;: &quot;sha1$da39a3ee5e6b4b0d3255bfef95601890afd80709&quot;,
                &quot;size&quot;: 0,
                &quot;nameroot&quot;: &quot;e&quot;,
                &quot;nameext&quot;: &quot;&quot;
            },
            {
                &quot;class&quot;: &quot;File&quot;,
                &quot;location&quot;: &quot;file:///tmp/tmpp00fcjry/work_dir/a&quot;,
                &quot;basename&quot;: &quot;a&quot;,
                &quot;checksum&quot;: &quot;sha1$da39a3ee5e6b4b0d3255bfef95601890afd80709&quot;,
                &quot;size&quot;: 0,
                &quot;nameroot&quot;: &quot;a&quot;,
                &quot;nameext&quot;: &quot;&quot;
            },
            {
                &quot;class&quot;: &quot;Directory&quot;,
                &quot;location&quot;: &quot;file:///tmp/tmpp00fcjry/work_dir/c&quot;,
                &quot;basename&quot;: &quot;c&quot;,
                &quot;listing&quot;: [
                    {
                        &quot;class&quot;: &quot;File&quot;,
                        &quot;location&quot;: &quot;file:///tmp/tmpp00fcjry/work_dir/c/d&quot;,
                        &quot;basename&quot;: &quot;d&quot;,
                        &quot;checksum&quot;: &quot;sha1$da39a3ee5e6b4b0d3255bfef95601890afd80709&quot;,
                        &quot;size&quot;: 0,
                        &quot;nameroot&quot;: &quot;d&quot;,
                        &quot;nameext&quot;: &quot;&quot;
                    }
                ]
            },
            {
                &quot;class&quot;: &quot;File&quot;,
                &quot;location&quot;: &quot;file:///tmp/tmpp00fcjry/work_dir/b&quot;,
                &quot;basename&quot;: &quot;b&quot;,
                &quot;checksum&quot;: &quot;sha1$da39a3ee5e6b4b0d3255bfef95601890afd80709&quot;,
                &quot;size&quot;: 0,
                &quot;nameroot&quot;: &quot;b&quot;,
                &quot;nameext&quot;: &quot;&quot;
            }
        ]
    },
    &quot;test_result&quot;: {
        &quot;location&quot;: &quot;file:///tmp/tmpp00fcjry/output.txt&quot;,
        &quot;basename&quot;: &quot;output.txt&quot;,
        &quot;nameroot&quot;: &quot;output&quot;,
        &quot;nameext&quot;: &quot;.txt&quot;,
        &quot;class&quot;: &quot;File&quot;,
        &quot;checksum&quot;: &quot;sha1$da39a3ee5e6b4b0d3255bfef95601890afd80709&quot;,
        &quot;size&quot;: 0
    }
}</system-out>
			<system-err>[2022-05-12T14:54:04+0200] [MainThread] [I] [cwltool] Resolved 'v1.0/recursive-input-directory.cwl' to 'file:///home/michael/common-workflow-language/v1.0/v1.0/recursive-input-directory.cwl'
[2022-05-12T14:54:06+0200] [MainThread] [I] [toil.job] Saving graph of 1 jobs, 1 new
[2022-05-12T14:54:06+0200] [MainThread] [I] [toil.job] Processing job 'CWLJob' recursive-input-directory.cwl kind-CWLJob/instance-g0ebigrf v0
[2022-05-12T14:54:06+0200] [MainThread] [I] [toil] Running Toil version 5.6.0-c34146a6437e4407a61e946e968bcce67a0ebbca on host mrc-tux.
[2022-05-12T14:54:06+0200] [MainThread] [I] [toil.leader] Issued job 'CWLJob' recursive-input-directory.cwl kind-CWLJob/instance-g0ebigrf v1 with job batch system ID: 0 and cores: 1, disk: 2.0 Gi, and memory: 8.0 Mi
[2022-05-12T14:54:06+0200] [MainThread] [I] [toil.worker] Redirecting logging to /tmp/fbdef17976f15b45849b00c1bb22285c/dbbd/worker_log.txt
[2022-05-12T14:54:06+0200] [MainThread] [I] [toil.leader] 0 jobs are running, 0 jobs are issued and waiting to run
[2022-05-12T14:54:08+0200] [MainThread] [I] [toil.leader] Finished toil run successfully.
[2022-05-12T14:54:08+0200] [MainThread] [I] [toil.common] Successfully deleted the job store: FileJobStore(/tmp/tmp4mhd3qan)
</system-err>
		</testcase>
		<testcase name="Test that missing parameters are null (not undefined) in expression" time="5.279107" class="inline_javascript, command_line_tool" file="null_missing_params" url="cwltest:conformance_test_v1.0#108">
			<system-out>{
    &quot;out&quot;: &quot;t\n&quot;
}</system-out>
			<system-err>[2022-05-12T14:54:05+0200] [MainThread] [I] [cwltool] Resolved 'v1.0/null-defined.cwl' to 'file:///home/michael/common-workflow-language/v1.0/v1.0/null-defined.cwl'
[2022-05-12T14:54:07+0200] [MainThread] [I] [toil.job] Saving graph of 1 jobs, 1 new
[2022-05-12T14:54:07+0200] [MainThread] [I] [toil.job] Processing job 'CWLJob' null-defined.cwl kind-CWLJob/instance-cpu49nwn v0
[2022-05-12T14:54:07+0200] [MainThread] [I] [toil] Running Toil version 5.6.0-c34146a6437e4407a61e946e968bcce67a0ebbca on host mrc-tux.
[2022-05-12T14:54:07+0200] [MainThread] [I] [toil.leader] Issued job 'CWLJob' null-defined.cwl kind-CWLJob/instance-cpu49nwn v1 with job batch system ID: 0 and cores: 1, disk: 2.0 Gi, and memory: 8.0 Mi
[2022-05-12T14:54:07+0200] [MainThread] [I] [toil.worker] Redirecting logging to /tmp/23d02b79bf00550699911c5225216627/e49a/worker_log.txt
[2022-05-12T14:54:08+0200] [MainThread] [I] [toil.leader] 0 jobs are running, 0 jobs are issued and waiting to run
[2022-05-12T14:54:10+0200] [MainThread] [I] [toil.leader] Finished toil run successfully.
[2022-05-12T14:54:10+0200] [MainThread] [I] [toil.common] Successfully deleted the job store: FileJobStore(/tmp/tmpsahouvoj)
</system-err>
		</testcase>
		<testcase name="Test that provided parameter is not null in expression" time="4.405280" class="inline_javascript, command_line_tool" file="param_notnull_expr" url="cwltest:conformance_test_v1.0#109">
			<system-out>{
    &quot;out&quot;: &quot;f\n&quot;
}</system-out>
			<system-err>[2022-05-12T14:54:08+0200] [MainThread] [I] [cwltool] Resolved 'v1.0/null-defined.cwl' to 'file:///home/michael/common-workflow-language/v1.0/v1.0/null-defined.cwl'
[2022-05-12T14:54:09+0200] [MainThread] [I] [toil.job] Saving graph of 1 jobs, 1 new
[2022-05-12T14:54:09+0200] [MainThread] [I] [toil.job] Processing job 'CWLJob' null-defined.cwl kind-CWLJob/instance-72nb79ha v0
[2022-05-12T14:54:09+0200] [MainThread] [I] [toil] Running Toil version 5.6.0-c34146a6437e4407a61e946e968bcce67a0ebbca on host mrc-tux.
[2022-05-12T14:54:09+0200] [MainThread] [I] [toil.leader] Issued job 'CWLJob' null-defined.cwl kind-CWLJob/instance-72nb79ha v1 with job batch system ID: 0 and cores: 1, disk: 2.0 Gi, and memory: 8.0 Mi
[2022-05-12T14:54:09+0200] [MainThread] [I] [toil.worker] Redirecting logging to /tmp/91905f76b7805744bec14ed2ed314ac5/b2c6/worker_log.txt
[2022-05-12T14:54:10+0200] [MainThread] [I] [toil.leader] 0 jobs are running, 0 jobs are issued and waiting to run
[2022-05-12T14:54:11+0200] [MainThread] [I] [toil.leader] Finished toil run successfully.
[2022-05-12T14:54:11+0200] [MainThread] [I] [toil.common] Successfully deleted the job store: FileJobStore(/tmp/tmpr9ifatae)
</system-err>
		</testcase>
		<testcase name="Test compound workflow document" time="12.869110" class="required, workflow" file="wf_compound_doc" url="cwltest:conformance_test_v1.0#110">
			<system-out>{
    &quot;output&quot;: {
        &quot;location&quot;: &quot;file:///tmp/tmpvxm73evi/output.txt&quot;,
        &quot;basename&quot;: &quot;output.txt&quot;,
        &quot;nameroot&quot;: &quot;output&quot;,
        &quot;nameext&quot;: &quot;.txt&quot;,
        &quot;class&quot;: &quot;File&quot;,
        &quot;checksum&quot;: &quot;sha1$b9214658cc453331b62c2282b772a5c063dbd284&quot;,
        &quot;size&quot;: 1111
    }
}</system-out>
			<system-err>[2022-05-12T14:54:08+0200] [MainThread] [I] [cwltool] Resolved 'v1.0/revsort-packed.cwl#main' to 'file:///home/michael/common-workflow-language/v1.0/v1.0/revsort-packed.cwl#main'
[2022-05-12T14:54:11+0200] [MainThread] [I] [toil.job] Saving graph of 2 jobs, 2 new
[2022-05-12T14:54:11+0200] [MainThread] [I] [toil.job] Processing job 'ResolveIndirect' kind-ResolveIndirect/instance-k_gh_a7b v0
[2022-05-12T14:54:11+0200] [MainThread] [I] [toil.job] Processing job 'CWLWorkflow' kind-CWLWorkflow/instance-xyg1fkkb v0
[2022-05-12T14:54:11+0200] [MainThread] [I] [toil] Running Toil version 5.6.0-c34146a6437e4407a61e946e968bcce67a0ebbca on host mrc-tux.
[2022-05-12T14:54:12+0200] [MainThread] [I] [toil.worker] Redirecting logging to /tmp/9493d0f408cd58039e0a1861f2a1f5bc/a40d/worker_log.txt
[2022-05-12T14:54:12+0200] [MainThread] [I] [toil.leader] 0 jobs are running, 0 jobs are issued and waiting to run
[2022-05-12T14:54:12+0200] [MainThread] [I] [toil.leader] Issued job 'CWLJob' main.rev.revtool.cwl kind-CWLJob/instance-vu2il4rq v1 with job batch system ID: 1 and cores: 1, disk: 2.0 Gi, and memory: 128.0 Mi
[2022-05-12T14:54:13+0200] [MainThread] [I] [toil.worker] Redirecting logging to /tmp/9493d0f408cd58039e0a1861f2a1f5bc/7ab9/worker_log.txt
[2022-05-12T14:54:14+0200] [MainThread] [I] [toil.leader] Issued job 'CWLJob' main.sorted.sorttool.cwl kind-CWLJob/instance-y1wcsvi7 v1 with job batch system ID: 2 and cores: 1, disk: 2.0 Gi, and memory: 128.0 Mi
[2022-05-12T14:54:14+0200] [MainThread] [I] [toil.worker] Redirecting logging to /tmp/9493d0f408cd58039e0a1861f2a1f5bc/b464/worker_log.txt
[2022-05-12T14:54:16+0200] [MainThread] [I] [toil.leader] Issued job 'CWLJob' main.rev.revtool.cwl kind-CWLJob/instance-vu2il4rq v2 with job batch system ID: 3 and cores: 1, disk: 2.0 Gi, and memory: 128.0 Mi
[2022-05-12T14:54:17+0200] [MainThread] [I] [toil.worker] Redirecting logging to /tmp/9493d0f408cd58039e0a1861f2a1f5bc/a687/worker_log.txt
[2022-05-12T14:54:17+0200] [MainThread] [I] [toil.worker] Redirecting logging to /tmp/9493d0f408cd58039e0a1861f2a1f5bc/51bc/worker_log.txt
[2022-05-12T14:54:18+0200] [MainThread] [I] [toil.worker] Redirecting logging to /tmp/9493d0f408cd58039e0a1861f2a1f5bc/b980/worker_log.txt
[2022-05-12T14:54:20+0200] [MainThread] [I] [toil.leader] Finished toil run successfully.
[2022-05-12T14:54:20+0200] [MainThread] [I] [toil.common] Successfully deleted the job store: FileJobStore(/tmp/tmp501lgcq4)
</system-err>
		</testcase>
		<testcase name="Test that nameroot and nameext are generated from basename at execution time by the runner" time="10.072596" class="step_input, workflow" file="nameroot_nameext_generated" url="cwltest:conformance_test_v1.0#111">
			<system-out>{
    &quot;extFile&quot;: {
        &quot;location&quot;: &quot;file:///tmp/tmpcch389yo/044938a21e1b3627a72212d137bcf62298651427&quot;,
        &quot;basename&quot;: &quot;044938a21e1b3627a72212d137bcf62298651427&quot;,
        &quot;nameroot&quot;: &quot;044938a21e1b3627a72212d137bcf62298651427&quot;,
        &quot;nameext&quot;: &quot;&quot;,
        &quot;class&quot;: &quot;File&quot;,
        &quot;checksum&quot;: &quot;sha1$301a72c82a835e1737caf30f94d0eec210c4d9f1&quot;,
        &quot;size&quot;: 5
    },
    &quot;rootFile&quot;: {
        &quot;location&quot;: &quot;file:///tmp/tmpcch389yo/044938a21e1b3627a72212d137bcf62298651427_2&quot;,
        &quot;basename&quot;: &quot;044938a21e1b3627a72212d137bcf62298651427&quot;,
        &quot;nameroot&quot;: &quot;044938a21e1b3627a72212d137bcf62298651427&quot;,
        &quot;nameext&quot;: &quot;&quot;,
        &quot;class&quot;: &quot;File&quot;,
        &quot;checksum&quot;: &quot;sha1$b4a583c391e234cf210e1d576f68f674c8ad7ecd&quot;,
        &quot;size&quot;: 10
    }
}</system-out>
			<system-err>[2022-05-12T14:54:10+0200] [MainThread] [I] [cwltool] Resolved 'v1.0/basename-fields-test.cwl' to 'file:///home/michael/common-workflow-language/v1.0/v1.0/basename-fields-test.cwl'
[2022-05-12T14:54:15+0200] [MainThread] [I] [toil.job] Saving graph of 2 jobs, 2 new
[2022-05-12T14:54:15+0200] [MainThread] [I] [toil.job] Processing job 'ResolveIndirect' kind-ResolveIndirect/instance-xp8h3l8z v0
[2022-05-12T14:54:15+0200] [MainThread] [I] [toil.job] Processing job 'CWLWorkflow' kind-CWLWorkflow/instance-ovbycm7r v0
[2022-05-12T14:54:15+0200] [MainThread] [I] [toil] Running Toil version 5.6.0-c34146a6437e4407a61e946e968bcce67a0ebbca on host mrc-tux.
[2022-05-12T14:54:15+0200] [MainThread] [I] [toil.worker] Redirecting logging to /tmp/76ddfaf33e7654e0af2694d351ebd9cf/df8c/worker_log.txt
[2022-05-12T14:54:16+0200] [MainThread] [I] [toil.leader] 0 jobs are running, 0 jobs are issued and waiting to run
[2022-05-12T14:54:16+0200] [MainThread] [I] [toil.leader] Issued job 'CWLJob' basename-fields-test.cwl.root.echo-file-tool.cwl kind-CWLJob/instance-o41arssk v1 with job batch system ID: 1 and cores: 1, disk: 2.0 Gi, and memory: 8.0 Mi
[2022-05-12T14:54:16+0200] [MainThread] [I] [toil.leader] Issued job 'CWLJob' basename-fields-test.cwl.ext.echo-file-tool.cwl kind-CWLJob/instance-y9nzd91k v1 with job batch system ID: 2 and cores: 1, disk: 2.0 Gi, and memory: 8.0 Mi
[2022-05-12T14:54:16+0200] [MainThread] [I] [toil.worker] Redirecting logging to /tmp/76ddfaf33e7654e0af2694d351ebd9cf/363f/worker_log.txt
[2022-05-12T14:54:16+0200] [MainThread] [I] [toil.worker] Redirecting logging to /tmp/76ddfaf33e7654e0af2694d351ebd9cf/de28/worker_log.txt
[2022-05-12T14:54:17+0200] [MainThread] [I] [toil.worker] Redirecting logging to /tmp/76ddfaf33e7654e0af2694d351ebd9cf/720c/worker_log.txt
[2022-05-12T14:54:18+0200] [MainThread] [I] [toil.worker] Redirecting logging to /tmp/76ddfaf33e7654e0af2694d351ebd9cf/8342/worker_log.txt
[2022-05-12T14:54:20+0200] [MainThread] [I] [toil.leader] Finished toil run successfully.
[2022-05-12T14:54:20+0200] [MainThread] [I] [toil.common] Successfully deleted the job store: FileJobStore(/tmp/tmpgdtc3b7b)
</system-err>
		</testcase>
		<testcase name="Test that file path in $(inputs) for initialworkdir is in $(outdir)." time="4.026173" class="initial_work_dir, command_line_tool" file="initialworkpath_output" url="cwltest:conformance_test_v1.0#112">
			<system-out>{}</system-out>
			<system-err>[2022-05-12T14:54:11+0200] [MainThread] [I] [cwltool] Resolved 'v1.0/initialwork-path.cwl' to 'file:///home/michael/common-workflow-language/v1.0/v1.0/initialwork-path.cwl'
[2022-05-12T14:54:12+0200] [MainThread] [I] [toil.job] Saving graph of 1 jobs, 1 new
[2022-05-12T14:54:12+0200] [MainThread] [I] [toil.job] Processing job 'CWLJob' initialwork-path.cwl kind-CWLJob/instance-au35wuuq v0
[2022-05-12T14:54:12+0200] [MainThread] [I] [toil] Running Toil version 5.6.0-c34146a6437e4407a61e946e968bcce67a0ebbca on host mrc-tux.
[2022-05-12T14:54:12+0200] [MainThread] [I] [toil.leader] Issued job 'CWLJob' initialwork-path.cwl kind-CWLJob/instance-au35wuuq v1 with job batch system ID: 0 and cores: 1, disk: 2.0 Gi, and memory: 8.0 Mi
[2022-05-12T14:54:12+0200] [MainThread] [I] [toil.worker] Redirecting logging to /tmp/60b04cb2532c5fc0b4d8cc0ba86b23e1/966f/worker_log.txt
[2022-05-12T14:54:13+0200] [MainThread] [I] [toil.leader] 0 jobs are running, 0 jobs are issued and waiting to run
[2022-05-12T14:54:14+0200] [MainThread] [I] [toil.leader] Finished toil run successfully.
[2022-05-12T14:54:14+0200] [MainThread] [I] [toil.common] Successfully deleted the job store: FileJobStore(/tmp/tmpowj4bo9w)
</system-err>
		</testcase>
		<testcase name="Test single step workflow with Scatter step and two data links connected to same input, flattened merge behavior. Workflow inputs are set as list" time="8.638256" class="multiple_input, inline_javascript, workflow" file="wf_scatter_twopar_oneinput_flattenedmerge" url="cwltest:conformance_test_v1.0#113">
			<system-out>{
    &quot;count_output&quot;: 34
}</system-out>
			<system-err>[2022-05-12T14:54:12+0200] [MainThread] [I] [cwltool] Resolved 'v1.0/count-lines12-wf.cwl' to 'file:///home/michael/common-workflow-language/v1.0/v1.0/count-lines12-wf.cwl'
[2022-05-12T14:54:15+0200] [MainThread] [I] [toil.job] Saving graph of 2 jobs, 2 new
[2022-05-12T14:54:15+0200] [MainThread] [I] [toil.job] Processing job 'ResolveIndirect' kind-ResolveIndirect/instance-h4k3q45a v0
[2022-05-12T14:54:15+0200] [MainThread] [I] [toil.job] Processing job 'CWLWorkflow' kind-CWLWorkflow/instance-cl3ipxy6 v0
[2022-05-12T14:54:15+0200] [MainThread] [I] [toil] Running Toil version 5.6.0-c34146a6437e4407a61e946e968bcce67a0ebbca on host mrc-tux.
[2022-05-12T14:54:15+0200] [MainThread] [I] [toil.worker] Redirecting logging to /tmp/eedc0d25aeed5bf7a157149374b4e2f0/ca1d/worker_log.txt
[2022-05-12T14:54:16+0200] [MainThread] [I] [toil.leader] 0 jobs are running, 0 jobs are issued and waiting to run
[2022-05-12T14:54:16+0200] [MainThread] [I] [toil.leader] Issued job 'CWLJob' count-lines12-wf.cwl.step1.wc3-tool.cwl kind-CWLJob/instance-glzzlpv3 v1 with job batch system ID: 1 and cores: 1, disk: 2.0 Gi, and memory: 8.0 Mi
[2022-05-12T14:54:16+0200] [MainThread] [I] [toil.worker] Redirecting logging to /tmp/eedc0d25aeed5bf7a157149374b4e2f0/c7de/worker_log.txt
[2022-05-12T14:54:17+0200] [MainThread] [I] [toil.worker] Redirecting logging to /tmp/eedc0d25aeed5bf7a157149374b4e2f0/88ed/worker_log.txt
[2022-05-12T14:54:18+0200] [MainThread] [I] [toil.worker] Redirecting logging to /tmp/eedc0d25aeed5bf7a157149374b4e2f0/3d44/worker_log.txt
[2022-05-12T14:54:20+0200] [MainThread] [I] [toil.leader] Finished toil run successfully.
[2022-05-12T14:54:20+0200] [MainThread] [I] [toil.common] Successfully deleted the job store: FileJobStore(/tmp/tmp_3gpezgu)
</system-err>
		</testcase>
		<testcase name="Test step input with multiple sources with multiple types" time="8.344770" class="step_input, inline_javascript, multiple_input, workflow" file="wf_multiplesources_multipletypes" url="cwltest:conformance_test_v1.0#114">
			<system-out>{
    &quot;result&quot;: 12
}</system-out>
			<system-err>[2022-05-12T14:54:15+0200] [MainThread] [I] [cwltool] Resolved 'v1.0/sum-wf.cwl' to 'file:///home/michael/common-workflow-language/v1.0/v1.0/sum-wf.cwl'
[2022-05-12T14:54:17+0200] [MainThread] [I] [toil.job] Saving graph of 2 jobs, 2 new
[2022-05-12T14:54:17+0200] [MainThread] [I] [toil.job] Processing job 'ResolveIndirect' kind-ResolveIndirect/instance-8aoy_6kt v0
[2022-05-12T14:54:17+0200] [MainThread] [I] [toil.job] Processing job 'CWLWorkflow' kind-CWLWorkflow/instance-ghcgvlzi v0
[2022-05-12T14:54:17+0200] [MainThread] [I] [toil] Running Toil version 5.6.0-c34146a6437e4407a61e946e968bcce67a0ebbca on host mrc-tux.
[2022-05-12T14:54:18+0200] [MainThread] [I] [toil.worker] Redirecting logging to /tmp/9cbedcf156a05c2bba8e447f6700055e/aedc/worker_log.txt
[2022-05-12T14:54:18+0200] [MainThread] [I] [toil.leader] 0 jobs are running, 0 jobs are issued and waiting to run
[2022-05-12T14:54:18+0200] [MainThread] [I] [toil.leader] Issued job 'CWLJob' sum-wf.cwl.sum.3479dd19-5f4c-4304-ab6e-563cfc92ae60 kind-CWLJob/instance-dmyaagaw v1 with job batch system ID: 1 and cores: 1, disk: 3.0 Gi, and memory: 2.0 Gi
[2022-05-12T14:54:19+0200] [MainThread] [I] [toil.worker] Redirecting logging to /tmp/9cbedcf156a05c2bba8e447f6700055e/e543/worker_log.txt
[2022-05-12T14:54:19+0200] [MainThread] [I] [toil.worker] Redirecting logging to /tmp/9cbedcf156a05c2bba8e447f6700055e/8b6e/worker_log.txt
[2022-05-12T14:54:20+0200] [MainThread] [I] [toil.worker] Redirecting logging to /tmp/9cbedcf156a05c2bba8e447f6700055e/a8ed/worker_log.txt
[2022-05-12T14:54:22+0200] [MainThread] [I] [toil.leader] Finished toil run successfully.
[2022-05-12T14:54:22+0200] [MainThread] [I] [toil.common] Successfully deleted the job store: FileJobStore(/tmp/tmp792tynwh)
</system-err>
		</testcase>
		<testcase name="Test that shell directives are not interpreted." time="4.320615" class="required, command_line_tool" file="shelldir_notinterpreted" url="cwltest:conformance_test_v1.0#115">
			<system-out>{
    &quot;stderr_file&quot;: {
        &quot;location&quot;: &quot;file:///tmp/tmp8g77ny14/99a5c9f08847c63429b18e7b193db04593badaa6&quot;,
        &quot;basename&quot;: &quot;99a5c9f08847c63429b18e7b193db04593badaa6&quot;,
        &quot;nameroot&quot;: &quot;99a5c9f08847c63429b18e7b193db04593badaa6&quot;,
        &quot;nameext&quot;: &quot;&quot;,
        &quot;class&quot;: &quot;File&quot;,
        &quot;checksum&quot;: &quot;sha1$da39a3ee5e6b4b0d3255bfef95601890afd80709&quot;,
        &quot;size&quot;: 0
    },
    &quot;stdout_file&quot;: {
        &quot;location&quot;: &quot;file:///tmp/tmp8g77ny14/2c46225fc586d8c83955b09d4ffcdad58abc426a&quot;,
        &quot;basename&quot;: &quot;2c46225fc586d8c83955b09d4ffcdad58abc426a&quot;,
        &quot;nameroot&quot;: &quot;2c46225fc586d8c83955b09d4ffcdad58abc426a&quot;,
        &quot;nameext&quot;: &quot;&quot;,
        &quot;class&quot;: &quot;File&quot;,
        &quot;checksum&quot;: &quot;sha1$1555252d52d4ec3262538a4426a83a99cfff4402&quot;,
        &quot;size&quot;: 9
    }
}</system-out>
			<system-err>[2022-05-12T14:54:20+0200] [MainThread] [I] [cwltool] Resolved 'v1.0/shellchar.cwl' to 'file:///home/michael/common-workflow-language/v1.0/v1.0/shellchar.cwl'
[2022-05-12T14:54:22+0200] [MainThread] [I] [toil.job] Saving graph of 1 jobs, 1 new
[2022-05-12T14:54:22+0200] [MainThread] [I] [toil.job] Processing job 'CWLJob' shellchar.cwl kind-CWLJob/instance-nkl6jbmc v0
[2022-05-12T14:54:22+0200] [MainThread] [I] [toil] Running Toil version 5.6.0-c34146a6437e4407a61e946e968bcce67a0ebbca on host mrc-tux.
[2022-05-12T14:54:22+0200] [MainThread] [I] [toil.leader] Issued job 'CWLJob' shellchar.cwl kind-CWLJob/instance-nkl6jbmc v1 with job batch system ID: 0 and cores: 1, disk: 2.0 Gi, and memory: 8.0 Mi
[2022-05-12T14:54:22+0200] [MainThread] [I] [toil.worker] Redirecting logging to /tmp/8763a71d5e3e55658f00ae74027f5e0d/5a16/worker_log.txt
[2022-05-12T14:54:22+0200] [MainThread] [I] [toil.leader] 0 jobs are running, 0 jobs are issued and waiting to run
[2022-05-12T14:54:24+0200] [MainThread] [I] [toil.leader] Finished toil run successfully.
[2022-05-12T14:54:24+0200] [MainThread] [I] [toil.common] Successfully deleted the job store: FileJobStore(/tmp/tmpw6c9g9e8)
</system-err>
		</testcase>
		<testcase name="Test that shell directives are quoted." time="3.790807" class="shell_command, command_line_tool" file="shelldir_quoted" url="cwltest:conformance_test_v1.0#116">
			<system-out>{
    &quot;stderr_file&quot;: {
        &quot;location&quot;: &quot;file:///tmp/tmpkdna6hua/a9b5688e69d07864ca96e6c3b49b6d190f227412&quot;,
        &quot;basename&quot;: &quot;a9b5688e69d07864ca96e6c3b49b6d190f227412&quot;,
        &quot;nameroot&quot;: &quot;a9b5688e69d07864ca96e6c3b49b6d190f227412&quot;,
        &quot;nameext&quot;: &quot;&quot;,
        &quot;class&quot;: &quot;File&quot;,
        &quot;checksum&quot;: &quot;sha1$da39a3ee5e6b4b0d3255bfef95601890afd80709&quot;,
        &quot;size&quot;: 0
    },
    &quot;stdout_file&quot;: {
        &quot;location&quot;: &quot;file:///tmp/tmpkdna6hua/be95261d9bb6b8d1e24a5323bf91fb8c5ae9814b&quot;,
        &quot;basename&quot;: &quot;be95261d9bb6b8d1e24a5323bf91fb8c5ae9814b&quot;,
        &quot;nameroot&quot;: &quot;be95261d9bb6b8d1e24a5323bf91fb8c5ae9814b&quot;,
        &quot;nameext&quot;: &quot;&quot;,
        &quot;class&quot;: &quot;File&quot;,
        &quot;checksum&quot;: &quot;sha1$1555252d52d4ec3262538a4426a83a99cfff4402&quot;,
        &quot;size&quot;: 9
    }
}</system-out>
			<system-err>[2022-05-12T14:54:20+0200] [MainThread] [I] [cwltool] Resolved 'v1.0/shellchar2.cwl' to 'file:///home/michael/common-workflow-language/v1.0/v1.0/shellchar2.cwl'
[2022-05-12T14:54:22+0200] [MainThread] [I] [toil.job] Saving graph of 1 jobs, 1 new
[2022-05-12T14:54:22+0200] [MainThread] [I] [toil.job] Processing job 'CWLJob' shellchar2.cwl kind-CWLJob/instance-jyn7gbwh v0
[2022-05-12T14:54:22+0200] [MainThread] [I] [toil] Running Toil version 5.6.0-c34146a6437e4407a61e946e968bcce67a0ebbca on host mrc-tux.
[2022-05-12T14:54:22+0200] [MainThread] [I] [toil.leader] Issued job 'CWLJob' shellchar2.cwl kind-CWLJob/instance-jyn7gbwh v1 with job batch system ID: 0 and cores: 1, disk: 2.0 Gi, and memory: 8.0 Mi
[2022-05-12T14:54:22+0200] [MainThread] [I] [toil.worker] Redirecting logging to /tmp/b9a4d05d97ac5e5da8719b104ce9d677/640d/worker_log.txt
[2022-05-12T14:54:22+0200] [MainThread] [I] [toil.leader] 0 jobs are running, 0 jobs are issued and waiting to run
[2022-05-12T14:54:24+0200] [MainThread] [I] [toil.leader] Finished toil run successfully.
[2022-05-12T14:54:24+0200] [MainThread] [I] [toil.common] Successfully deleted the job store: FileJobStore(/tmp/tmpp44cvkjo)
</system-err>
		</testcase>
		<testcase name="Test empty writable dir with InitialWorkDirRequirement" time="3.927934" class="inline_javascript, initial_work_dir, command_line_tool" file="initial_workdir_empty_writable" url="cwltest:conformance_test_v1.0#117">
			<system-out>{
    &quot;out&quot;: {
        &quot;location&quot;: &quot;file:///tmp/tmpdng1z7hg/emptyWritableDir&quot;,
        &quot;basename&quot;: &quot;emptyWritableDir&quot;,
        &quot;nameroot&quot;: &quot;emptyWritableDir&quot;,
        &quot;nameext&quot;: &quot;&quot;,
        &quot;class&quot;: &quot;Directory&quot;,
        &quot;listing&quot;: [
            {
                &quot;class&quot;: &quot;File&quot;,
                &quot;location&quot;: &quot;file:///tmp/tmpdng1z7hg/emptyWritableDir/blurg&quot;,
                &quot;basename&quot;: &quot;blurg&quot;,
                &quot;checksum&quot;: &quot;sha1$da39a3ee5e6b4b0d3255bfef95601890afd80709&quot;,
                &quot;size&quot;: 0,
                &quot;nameroot&quot;: &quot;blurg&quot;,
                &quot;nameext&quot;: &quot;&quot;
            }
        ]
    }
}</system-out>
			<system-err>[2022-05-12T14:54:21+0200] [MainThread] [I] [cwltool] Resolved 'v1.0/writable-dir.cwl' to 'file:///home/michael/common-workflow-language/v1.0/v1.0/writable-dir.cwl'
[2022-05-12T14:54:22+0200] [MainThread] [I] [toil.job] Saving graph of 1 jobs, 1 new
[2022-05-12T14:54:22+0200] [MainThread] [I] [toil.job] Processing job 'CWLJob' writable-dir.cwl kind-CWLJob/instance-8vjdo8jt v0
[2022-05-12T14:54:22+0200] [MainThread] [I] [toil] Running Toil version 5.6.0-c34146a6437e4407a61e946e968bcce67a0ebbca on host mrc-tux.
[2022-05-12T14:54:22+0200] [MainThread] [I] [toil.leader] Issued job 'CWLJob' writable-dir.cwl kind-CWLJob/instance-8vjdo8jt v1 with job batch system ID: 0 and cores: 1, disk: 2.0 Gi, and memory: 8.0 Mi
[2022-05-12T14:54:23+0200] [MainThread] [I] [toil.worker] Redirecting logging to /tmp/081590cac84153b69d9ebb20f1497c3c/be6a/worker_log.txt
[2022-05-12T14:54:23+0200] [MainThread] [I] [toil.leader] 0 jobs are running, 0 jobs are issued and waiting to run
[2022-05-12T14:54:24+0200] [MainThread] [I] [toil.leader] Finished toil run successfully.
[2022-05-12T14:54:24+0200] [MainThread] [I] [toil.common] Successfully deleted the job store: FileJobStore(/tmp/tmp4b7moi3i)
</system-err>
		</testcase>
		<testcase name="Test empty writable dir with InitialWorkDirRequirement inside Docker" time="4.816885" class="inline_javascript, initial_work_dir, command_line_tool" file="initial_workdir_empty_writable_docker" url="cwltest:conformance_test_v1.0#118">
			<system-out>{
    &quot;out&quot;: {
        &quot;location&quot;: &quot;file:///tmp/tmpm6v5q0_z/emptyWritableDir&quot;,
        &quot;basename&quot;: &quot;emptyWritableDir&quot;,
        &quot;nameroot&quot;: &quot;emptyWritableDir&quot;,
        &quot;nameext&quot;: &quot;&quot;,
        &quot;class&quot;: &quot;Directory&quot;,
        &quot;listing&quot;: [
            {
                &quot;class&quot;: &quot;File&quot;,
                &quot;location&quot;: &quot;file:///tmp/tmpm6v5q0_z/emptyWritableDir/blurg&quot;,
                &quot;basename&quot;: &quot;blurg&quot;,
                &quot;checksum&quot;: &quot;sha1$da39a3ee5e6b4b0d3255bfef95601890afd80709&quot;,
                &quot;size&quot;: 0,
                &quot;nameroot&quot;: &quot;blurg&quot;,
                &quot;nameext&quot;: &quot;&quot;
            }
        ]
    }
}</system-out>
			<system-err>[2022-05-12T14:54:23+0200] [MainThread] [I] [cwltool] Resolved 'v1.0/writable-dir-docker.cwl' to 'file:///home/michael/common-workflow-language/v1.0/v1.0/writable-dir-docker.cwl'
[2022-05-12T14:54:24+0200] [MainThread] [I] [toil.job] Saving graph of 1 jobs, 1 new
[2022-05-12T14:54:24+0200] [MainThread] [I] [toil.job] Processing job 'CWLJob' writable-dir-docker.cwl kind-CWLJob/instance-n9zjs0aw v0
[2022-05-12T14:54:24+0200] [MainThread] [I] [toil] Running Toil version 5.6.0-c34146a6437e4407a61e946e968bcce67a0ebbca on host mrc-tux.
[2022-05-12T14:54:24+0200] [MainThread] [I] [toil.leader] Issued job 'CWLJob' writable-dir-docker.cwl kind-CWLJob/instance-n9zjs0aw v1 with job batch system ID: 0 and cores: 1, disk: 2.0 Gi, and memory: 8.0 Mi
[2022-05-12T14:54:24+0200] [MainThread] [I] [toil.worker] Redirecting logging to /tmp/12b3c7b41bdf564187cd6b86dc402116/52d2/worker_log.txt
[2022-05-12T14:54:26+0200] [MainThread] [I] [toil.leader] 0 jobs are running, 0 jobs are issued and waiting to run
[2022-05-12T14:54:27+0200] [MainThread] [I] [toil.leader] Finished toil run successfully.
[2022-05-12T14:54:27+0200] [MainThread] [I] [toil.common] Successfully deleted the job store: FileJobStore(/tmp/tmp6xajmuj3)
</system-err>
		</testcase>
		<testcase name="Test dynamic resource reqs referencing inputs" time="5.971187" class="resource, command_line_tool" file="dynamic_resreq_inputs" url="cwltest:conformance_test_v1.0#119">
			<system-out>{
    &quot;output&quot;: {
        &quot;location&quot;: &quot;file:///tmp/tmpn64k08wp/cores.txt&quot;,
        &quot;basename&quot;: &quot;cores.txt&quot;,
        &quot;nameroot&quot;: &quot;cores&quot;,
        &quot;nameext&quot;: &quot;.txt&quot;,
        &quot;class&quot;: &quot;File&quot;,
        &quot;checksum&quot;: &quot;sha1$7448d8798a4380162d4b56f9b452e2f6f9e24e7a&quot;,
        &quot;size&quot;: 2
    }
}</system-out>
			<system-err>[2022-05-12T14:54:24+0200] [MainThread] [I] [cwltool] Resolved 'v1.0/dynresreq.cwl' to 'file:///home/michael/common-workflow-language/v1.0/v1.0/dynresreq.cwl'
[2022-05-12T14:54:26+0200] [MainThread] [I] [toil.job] Saving graph of 1 jobs, 1 new
[2022-05-12T14:54:26+0200] [MainThread] [I] [toil.job] Processing job 'CWLJobWrapper' kind-CWLJobWrapper/instance-8f6j67b9 v0
[2022-05-12T14:54:26+0200] [MainThread] [I] [toil] Running Toil version 5.6.0-c34146a6437e4407a61e946e968bcce67a0ebbca on host mrc-tux.
[2022-05-12T14:54:26+0200] [MainThread] [I] [toil.worker] Redirecting logging to /tmp/9091ee8ef8745e56b22fc78504331335/f1eb/worker_log.txt
[2022-05-12T14:54:26+0200] [MainThread] [I] [toil.leader] 0 jobs are running, 0 jobs are issued and waiting to run
[2022-05-12T14:54:26+0200] [MainThread] [I] [toil.leader] Issued job 'CWLJob' dynresreq.cwl kind-CWLJob/instance-3976s2ee v1 with job batch system ID: 1 and cores: 2, disk: 2.0 Gi, and memory: 8.0 Mi
[2022-05-12T14:54:27+0200] [MainThread] [I] [toil.worker] Redirecting logging to /tmp/9091ee8ef8745e56b22fc78504331335/040e/worker_log.txt
[2022-05-12T14:54:27+0200] [MainThread] [I] [toil.worker] Redirecting logging to /tmp/9091ee8ef8745e56b22fc78504331335/9ee6/worker_log.txt
[2022-05-12T14:54:30+0200] [MainThread] [I] [toil.leader] Finished toil run successfully.
[2022-05-12T14:54:30+0200] [MainThread] [I] [toil.common] Successfully deleted the job store: FileJobStore(/tmp/tmpp9qqiilv)
</system-err>
		</testcase>
		<testcase name="Test file literal as input without Docker" time="4.118149" class="required, command_line_tool" file="fileliteral_input_docker" url="cwltest:conformance_test_v1.0#120">
			<system-out>{
    &quot;output_file&quot;: {
        &quot;location&quot;: &quot;file:///tmp/tmp_ugy53vl/output.txt&quot;,
        &quot;basename&quot;: &quot;output.txt&quot;,
        &quot;nameroot&quot;: &quot;output&quot;,
        &quot;nameext&quot;: &quot;.txt&quot;,
        &quot;class&quot;: &quot;File&quot;,
        &quot;checksum&quot;: &quot;sha1$d0e04ff6c413c7d57f9a0ca0a33cd3ab52e2dd9c&quot;,
        &quot;size&quot;: 18
    }
}</system-out>
			<system-err>[2022-05-12T14:54:25+0200] [MainThread] [I] [cwltool] Resolved 'v1.0/cat3-nodocker.cwl' to 'file:///home/michael/common-workflow-language/v1.0/v1.0/cat3-nodocker.cwl'
[2022-05-12T14:54:26+0200] [MainThread] [I] [toil.job] Saving graph of 1 jobs, 1 new
[2022-05-12T14:54:26+0200] [MainThread] [I] [toil.job] Processing job 'CWLJob' cat3-nodocker.cwl kind-CWLJob/instance-q_syouj2 v0
[2022-05-12T14:54:26+0200] [MainThread] [I] [toil] Running Toil version 5.6.0-c34146a6437e4407a61e946e968bcce67a0ebbca on host mrc-tux.
[2022-05-12T14:54:26+0200] [MainThread] [I] [toil.leader] Issued job 'CWLJob' cat3-nodocker.cwl kind-CWLJob/instance-q_syouj2 v1 with job batch system ID: 0 and cores: 1, disk: 2.0 Gi, and memory: 8.0 Mi
[2022-05-12T14:54:27+0200] [MainThread] [I] [toil.worker] Redirecting logging to /tmp/f508c951d22d50c8a28f512d46000785/30d5/worker_log.txt
[2022-05-12T14:54:27+0200] [MainThread] [I] [toil.leader] 0 jobs are running, 0 jobs are issued and waiting to run
[2022-05-12T14:54:28+0200] [MainThread] [I] [toil.leader] Finished toil run successfully.
[2022-05-12T14:54:28+0200] [MainThread] [I] [toil.common] Successfully deleted the job store: FileJobStore(/tmp/tmpm5ynredb)
</system-err>
		</testcase>
		<testcase name="Test that OutputBinding.glob is sorted as specified by POSIX" time="4.016644" class="required, command_line_tool" file="outputbinding_glob_sorted" url="cwltest:conformance_test_v1.0#121">
			<system-out>{
    &quot;letters&quot;: [
        {
            &quot;location&quot;: &quot;file:///tmp/tmpmy1f0o4o/a&quot;,
            &quot;basename&quot;: &quot;a&quot;,
            &quot;nameroot&quot;: &quot;a&quot;,
            &quot;nameext&quot;: &quot;&quot;,
            &quot;class&quot;: &quot;File&quot;,
            &quot;checksum&quot;: &quot;sha1$da39a3ee5e6b4b0d3255bfef95601890afd80709&quot;,
            &quot;size&quot;: 0
        },
        {
            &quot;location&quot;: &quot;file:///tmp/tmpmy1f0o4o/b&quot;,
            &quot;basename&quot;: &quot;b&quot;,
            &quot;nameroot&quot;: &quot;b&quot;,
            &quot;nameext&quot;: &quot;&quot;,
            &quot;class&quot;: &quot;File&quot;,
            &quot;checksum&quot;: &quot;sha1$da39a3ee5e6b4b0d3255bfef95601890afd80709&quot;,
            &quot;size&quot;: 0
        },
        {
            &quot;location&quot;: &quot;file:///tmp/tmpmy1f0o4o/c&quot;,
            &quot;basename&quot;: &quot;c&quot;,
            &quot;nameroot&quot;: &quot;c&quot;,
            &quot;nameext&quot;: &quot;&quot;,
            &quot;class&quot;: &quot;File&quot;,
            &quot;checksum&quot;: &quot;sha1$da39a3ee5e6b4b0d3255bfef95601890afd80709&quot;,
            &quot;size&quot;: 0
        },
        {
            &quot;location&quot;: &quot;file:///tmp/tmpmy1f0o4o/w&quot;,
            &quot;basename&quot;: &quot;w&quot;,
            &quot;nameroot&quot;: &quot;w&quot;,
            &quot;nameext&quot;: &quot;&quot;,
            &quot;class&quot;: &quot;File&quot;,
            &quot;checksum&quot;: &quot;sha1$da39a3ee5e6b4b0d3255bfef95601890afd80709&quot;,
            &quot;size&quot;: 0
        },
        {
            &quot;location&quot;: &quot;file:///tmp/tmpmy1f0o4o/x&quot;,
            &quot;basename&quot;: &quot;x&quot;,
            &quot;nameroot&quot;: &quot;x&quot;,
            &quot;nameext&quot;: &quot;&quot;,
            &quot;class&quot;: &quot;File&quot;,
            &quot;checksum&quot;: &quot;sha1$da39a3ee5e6b4b0d3255bfef95601890afd80709&quot;,
            &quot;size&quot;: 0
        },
        {
            &quot;location&quot;: &quot;file:///tmp/tmpmy1f0o4o/y&quot;,
            &quot;basename&quot;: &quot;y&quot;,
            &quot;nameroot&quot;: &quot;y&quot;,
            &quot;nameext&quot;: &quot;&quot;,
            &quot;class&quot;: &quot;File&quot;,
            &quot;checksum&quot;: &quot;sha1$da39a3ee5e6b4b0d3255bfef95601890afd80709&quot;,
            &quot;size&quot;: 0
        },
        {
            &quot;location&quot;: &quot;file:///tmp/tmpmy1f0o4o/z&quot;,
            &quot;basename&quot;: &quot;z&quot;,
            &quot;nameroot&quot;: &quot;z&quot;,
            &quot;nameext&quot;: &quot;&quot;,
            &quot;class&quot;: &quot;File&quot;,
            &quot;checksum&quot;: &quot;sha1$da39a3ee5e6b4b0d3255bfef95601890afd80709&quot;,
            &quot;size&quot;: 0
        }
    ]
}</system-out>
			<system-err>[2022-05-12T14:54:25+0200] [MainThread] [I] [cwltool] Resolved 'v1.0/glob_test.cwl' to 'file:///home/michael/common-workflow-language/v1.0/v1.0/glob_test.cwl'
[2022-05-12T14:54:26+0200] [MainThread] [I] [toil.job] Saving graph of 1 jobs, 1 new
[2022-05-12T14:54:26+0200] [MainThread] [I] [toil.job] Processing job 'CWLJob' glob_test.cwl kind-CWLJob/instance-_v8b508y v0
[2022-05-12T14:54:26+0200] [MainThread] [I] [toil] Running Toil version 5.6.0-c34146a6437e4407a61e946e968bcce67a0ebbca on host mrc-tux.
[2022-05-12T14:54:26+0200] [MainThread] [I] [toil.leader] Issued job 'CWLJob' glob_test.cwl kind-CWLJob/instance-_v8b508y v1 with job batch system ID: 0 and cores: 1, disk: 2.0 Gi, and memory: 8.0 Mi
[2022-05-12T14:54:27+0200] [MainThread] [I] [toil.worker] Redirecting logging to /tmp/4ae642d6b4735235ac14ec77677c2211/899a/worker_log.txt
[2022-05-12T14:54:27+0200] [MainThread] [I] [toil.leader] 0 jobs are running, 0 jobs are issued and waiting to run
[2022-05-12T14:54:28+0200] [MainThread] [I] [toil.leader] Finished toil run successfully.
[2022-05-12T14:54:28+0200] [MainThread] [I] [toil.common] Successfully deleted the job store: FileJobStore(/tmp/tmp9sej3_qo)
</system-err>
		</testcase>
		<testcase name="Test InitialWorkDirRequirement with a nested directory structure from another step" time="7.864158" class="initial_work_dir, workflow" file="initialworkdir_nesteddir" url="cwltest:conformance_test_v1.0#122">
			<system-out>{
    &quot;ya_empty&quot;: {
        &quot;location&quot;: &quot;file:///tmp/tmpph8_j2dv/ya&quot;,
        &quot;basename&quot;: &quot;ya&quot;,
        &quot;nameroot&quot;: &quot;ya&quot;,
        &quot;nameext&quot;: &quot;&quot;,
        &quot;class&quot;: &quot;File&quot;,
        &quot;checksum&quot;: &quot;sha1$da39a3ee5e6b4b0d3255bfef95601890afd80709&quot;,
        &quot;size&quot;: 0
    }
}</system-out>
			<system-err>[2022-05-12T14:54:28+0200] [MainThread] [I] [cwltool] Resolved 'v1.0/iwdr_with_nested_dirs.cwl' to 'file:///home/michael/common-workflow-language/v1.0/v1.0/iwdr_with_nested_dirs.cwl'
[2022-05-12T14:54:31+0200] [MainThread] [I] [toil.job] Saving graph of 2 jobs, 2 new
[2022-05-12T14:54:31+0200] [MainThread] [I] [toil.job] Processing job 'ResolveIndirect' kind-ResolveIndirect/instance-gmdza588 v0
[2022-05-12T14:54:31+0200] [MainThread] [I] [toil.job] Processing job 'CWLWorkflow' kind-CWLWorkflow/instance-sgqz1g22 v0
[2022-05-12T14:54:31+0200] [MainThread] [I] [toil] Running Toil version 5.6.0-c34146a6437e4407a61e946e968bcce67a0ebbca on host mrc-tux.
[2022-05-12T14:54:31+0200] [MainThread] [I] [toil.worker] Redirecting logging to /tmp/edfbdbbd758d53d9b4be55b3d07eee00/640c/worker_log.txt
[2022-05-12T14:54:32+0200] [MainThread] [I] [toil.leader] 0 jobs are running, 0 jobs are issued and waiting to run
[2022-05-12T14:54:32+0200] [MainThread] [I] [toil.leader] Issued job 'CWLJob' iwdr_with_nested_dirs.cwl.first.dbf769f2-b66d-4311-aeb3-1671a9649e28 kind-CWLJob/instance-fgsufl30 v1 with job batch system ID: 1 and cores: 1, disk: 3.0 Gi, and memory: 2.0 Gi
[2022-05-12T14:54:32+0200] [MainThread] [I] [toil.worker] Redirecting logging to /tmp/edfbdbbd758d53d9b4be55b3d07eee00/d4ae/worker_log.txt
[2022-05-12T14:54:33+0200] [MainThread] [I] [toil.worker] Redirecting logging to /tmp/edfbdbbd758d53d9b4be55b3d07eee00/1239/worker_log.txt
[2022-05-12T14:54:34+0200] [MainThread] [I] [toil.worker] Redirecting logging to /tmp/edfbdbbd758d53d9b4be55b3d07eee00/63c4/worker_log.txt
[2022-05-12T14:54:35+0200] [MainThread] [I] [toil.leader] Finished toil run successfully.
[2022-05-12T14:54:35+0200] [MainThread] [I] [toil.common] Successfully deleted the job store: FileJobStore(/tmp/tmp61_ko4_f)
</system-err>
		</testcase>
		<testcase name="Test that boolean flags do not appear on command line if inputBinding is empty and not null" time="4.889041" class="required, command_line_tool" file="booleanflags_cl_noinputbinding" url="cwltest:conformance_test_v1.0#123">
			<system-out>{
    &quot;args&quot;: []
}</system-out>
			<system-err>[2022-05-12T14:54:29+0200] [MainThread] [I] [cwltool] Resolved 'v1.0/bool-empty-inputbinding.cwl' to 'file:///home/michael/common-workflow-language/v1.0/v1.0/bool-empty-inputbinding.cwl'
[2022-05-12T14:54:30+0200] [MainThread] [I] [toil.job] Saving graph of 1 jobs, 1 new
[2022-05-12T14:54:30+0200] [MainThread] [I] [toil.job] Processing job 'CWLJob' bool-empty-inputbinding.cwl kind-CWLJob/instance-97kxcrc0 v0
[2022-05-12T14:54:30+0200] [MainThread] [I] [toil] Running Toil version 5.6.0-c34146a6437e4407a61e946e968bcce67a0ebbca on host mrc-tux.
[2022-05-12T14:54:30+0200] [MainThread] [I] [toil.leader] Issued job 'CWLJob' bool-empty-inputbinding.cwl kind-CWLJob/instance-97kxcrc0 v1 with job batch system ID: 0 and cores: 1, disk: 2.0 Gi, and memory: 8.0 Mi
[2022-05-12T14:54:30+0200] [MainThread] [I] [toil.worker] Redirecting logging to /tmp/57e4bab0aa3051b4ab7bd3c7d1336360/521a/worker_log.txt
[2022-05-12T14:54:32+0200] [MainThread] [I] [toil.leader] 0 jobs are running, 0 jobs are issued and waiting to run
[2022-05-12T14:54:33+0200] [MainThread] [I] [toil.leader] Finished toil run successfully.
[2022-05-12T14:54:33+0200] [MainThread] [I] [toil.common] Successfully deleted the job store: FileJobStore(/tmp/tmpmzvyotsg)
</system-err>
		</testcase>
		<testcase name="Test that expression engine does not fail to evaluate reference to self with unprovided input" time="4.871748" class="required, command_line_tool" file="expr_reference_self_noinput" url="cwltest:conformance_test_v1.0#124">
			<system-out>{
    &quot;args&quot;: []
}</system-out>
			<system-err>[2022-05-12T14:54:29+0200] [MainThread] [I] [cwltool] Resolved 'v1.0/stage-unprovided-file.cwl' to 'file:///home/michael/common-workflow-language/v1.0/v1.0/stage-unprovided-file.cwl'
[2022-05-12T14:54:30+0200] [MainThread] [I] [toil.job] Saving graph of 1 jobs, 1 new
[2022-05-12T14:54:30+0200] [MainThread] [I] [toil.job] Processing job 'CWLJob' stage-unprovided-file.cwl kind-CWLJob/instance-4xrz9tdq v0
[2022-05-12T14:54:30+0200] [MainThread] [I] [toil] Running Toil version 5.6.0-c34146a6437e4407a61e946e968bcce67a0ebbca on host mrc-tux.
[2022-05-12T14:54:30+0200] [MainThread] [I] [toil.leader] Issued job 'CWLJob' stage-unprovided-file.cwl kind-CWLJob/instance-4xrz9tdq v1 with job batch system ID: 0 and cores: 1, disk: 2.0 Gi, and memory: 8.0 Mi
[2022-05-12T14:54:31+0200] [MainThread] [I] [toil.worker] Redirecting logging to /tmp/8fe63c1af43f5e28a4e84862d0b0331f/22cb/worker_log.txt
[2022-05-12T14:54:32+0200] [MainThread] [I] [toil.leader] 0 jobs are running, 0 jobs are issued and waiting to run
[2022-05-12T14:54:33+0200] [MainThread] [I] [toil.leader] Finished toil run successfully.
[2022-05-12T14:54:33+0200] [MainThread] [I] [toil.common] Successfully deleted the job store: FileJobStore(/tmp/tmpzx2ywc8z)
</system-err>
		</testcase>
		<testcase name="Test successCodes" time="4.218585" class="required, command_line_tool" file="success_codes" url="cwltest:conformance_test_v1.0#125">
			<system-out>{}</system-out>
			<system-err>[2022-05-12T14:54:30+0200] [MainThread] [I] [cwltool] Resolved 'v1.0/exit-success.cwl' to 'file:///home/michael/common-workflow-language/v1.0/v1.0/exit-success.cwl'
[2022-05-12T14:54:32+0200] [MainThread] [I] [toil.job] Saving graph of 1 jobs, 1 new
[2022-05-12T14:54:32+0200] [MainThread] [I] [toil.job] Processing job 'CWLJob' exit-success.cwl kind-CWLJob/instance-7d7cxwjl v0
[2022-05-12T14:54:32+0200] [MainThread] [I] [toil] Running Toil version 5.6.0-c34146a6437e4407a61e946e968bcce67a0ebbca on host mrc-tux.
[2022-05-12T14:54:32+0200] [MainThread] [I] [toil.leader] Issued job 'CWLJob' exit-success.cwl kind-CWLJob/instance-7d7cxwjl v1 with job batch system ID: 0 and cores: 1, disk: 2.0 Gi, and memory: 8.0 Mi
[2022-05-12T14:54:32+0200] [MainThread] [I] [toil.worker] Redirecting logging to /tmp/1ddd67ab39d9529e998ef554be9a09fa/b6f5/worker_log.txt
[2022-05-12T14:54:33+0200] [MainThread] [I] [toil.leader] 0 jobs are running, 0 jobs are issued and waiting to run
[2022-05-12T14:54:34+0200] [MainThread] [I] [toil.leader] Finished toil run successfully.
[2022-05-12T14:54:34+0200] [MainThread] [I] [toil.common] Successfully deleted the job store: FileJobStore(/tmp/tmpjceq7g8r)
</system-err>
		</testcase>
		<testcase name="Test simple workflow with a dynamic resource requirement" time="11.086702" class="resource, workflow" file="dynamic_resreq_wf" url="cwltest:conformance_test_v1.0#126">
			<system-out>{
    &quot;cores&quot;: {
        &quot;location&quot;: &quot;file:///tmp/tmpdlyiiata/output&quot;,
        &quot;basename&quot;: &quot;output&quot;,
        &quot;nameroot&quot;: &quot;output&quot;,
        &quot;nameext&quot;: &quot;&quot;,
        &quot;class&quot;: &quot;File&quot;,
        &quot;checksum&quot;: &quot;sha1$7448d8798a4380162d4b56f9b452e2f6f9e24e7a&quot;,
        &quot;size&quot;: 2
    }
}</system-out>
			<system-err>[2022-05-12T14:54:34+0200] [MainThread] [I] [cwltool] Resolved 'v1.0/dynresreq-workflow.cwl' to 'file:///home/michael/common-workflow-language/v1.0/v1.0/dynresreq-workflow.cwl'
[2022-05-12T14:54:37+0200] [MainThread] [I] [toil.job] Saving graph of 2 jobs, 2 new
[2022-05-12T14:54:37+0200] [MainThread] [I] [toil.job] Processing job 'ResolveIndirect' kind-ResolveIndirect/instance-e6p932rc v0
[2022-05-12T14:54:37+0200] [MainThread] [I] [toil.job] Processing job 'CWLWorkflow' kind-CWLWorkflow/instance-vo18etfq v0
[2022-05-12T14:54:37+0200] [MainThread] [I] [toil] Running Toil version 5.6.0-c34146a6437e4407a61e946e968bcce67a0ebbca on host mrc-tux.
[2022-05-12T14:54:38+0200] [MainThread] [I] [toil.worker] Redirecting logging to /tmp/45bf8293053d5a14988abcc34ba6f01a/0767/worker_log.txt
[2022-05-12T14:54:38+0200] [MainThread] [I] [toil.leader] 0 jobs are running, 0 jobs are issued and waiting to run
[2022-05-12T14:54:38+0200] [MainThread] [I] [toil.worker] Redirecting logging to /tmp/45bf8293053d5a14988abcc34ba6f01a/d8bf/worker_log.txt
[2022-05-12T14:54:39+0200] [MainThread] [I] [toil.leader] Issued job 'CWLJob' dynresreq-workflow.cwl.count.dynresreq.cwl kind-CWLJob/instance-ufpkuizx v1 with job batch system ID: 2 and cores: 2, disk: 2.0 Gi, and memory: 8.0 Mi
[2022-05-12T14:54:39+0200] [MainThread] [I] [toil.worker] Redirecting logging to /tmp/45bf8293053d5a14988abcc34ba6f01a/0df9/worker_log.txt
[2022-05-12T14:54:40+0200] [MainThread] [I] [toil.leader] Issued job 'CWLJob' dynresreq-workflow.cwl.report.cat-tool.cwl kind-CWLJob/instance-jgccufto v1 with job batch system ID: 3 and cores: 1, disk: 2.0 Gi, and memory: 8.0 Mi
[2022-05-12T14:54:40+0200] [MainThread] [I] [toil.worker] Redirecting logging to /tmp/45bf8293053d5a14988abcc34ba6f01a/706b/worker_log.txt
[2022-05-12T14:54:41+0200] [MainThread] [I] [toil.worker] Redirecting logging to /tmp/45bf8293053d5a14988abcc34ba6f01a/9387/worker_log.txt
[2022-05-12T14:54:42+0200] [MainThread] [I] [toil.worker] Redirecting logging to /tmp/45bf8293053d5a14988abcc34ba6f01a/fc2a/worker_log.txt
[2022-05-12T14:54:42+0200] [MainThread] [I] [toil.worker] Redirecting logging to /tmp/45bf8293053d5a14988abcc34ba6f01a/0304/worker_log.txt
[2022-05-12T14:54:44+0200] [MainThread] [I] [toil.leader] Finished toil run successfully.
[2022-05-12T14:54:44+0200] [MainThread] [I] [toil.common] Successfully deleted the job store: FileJobStore(/tmp/tmpn3wigjo7)
</system-err>
		</testcase>
		<testcase name="Test that empty array input does not add anything to command line" time="4.968661" class="required, command_line_tool" file="cl_empty_array_input" url="cwltest:conformance_test_v1.0#127">
			<system-out>{
    &quot;args&quot;: []
}</system-out>
			<system-err>[2022-05-12T14:54:34+0200] [MainThread] [I] [cwltool] Resolved 'v1.0/empty-array-input.cwl' to 'file:///home/michael/common-workflow-language/v1.0/v1.0/empty-array-input.cwl'
[2022-05-12T14:54:35+0200] [MainThread] [I] [toil.job] Saving graph of 1 jobs, 1 new
[2022-05-12T14:54:35+0200] [MainThread] [I] [toil.job] Processing job 'CWLJob' empty-array-input.cwl kind-CWLJob/instance-pc74w2mc v0
[2022-05-12T14:54:35+0200] [MainThread] [I] [toil] Running Toil version 5.6.0-c34146a6437e4407a61e946e968bcce67a0ebbca on host mrc-tux.
[2022-05-12T14:54:35+0200] [MainThread] [I] [toil.leader] Issued job 'CWLJob' empty-array-input.cwl kind-CWLJob/instance-pc74w2mc v1 with job batch system ID: 0 and cores: 1, disk: 2.0 Gi, and memory: 8.0 Mi
[2022-05-12T14:54:36+0200] [MainThread] [I] [toil.worker] Redirecting logging to /tmp/02e6c9beac005a4b9729d58225d949ea/a50d/worker_log.txt
[2022-05-12T14:54:37+0200] [MainThread] [I] [toil.leader] 0 jobs are running, 0 jobs are issued and waiting to run
[2022-05-12T14:54:38+0200] [MainThread] [I] [toil.leader] Finished toil run successfully.
[2022-05-12T14:54:38+0200] [MainThread] [I] [toil.common] Successfully deleted the job store: FileJobStore(/tmp/tmpfkubv60v)
</system-err>
		</testcase>
		<testcase name="Test that ResourceRequirement on a step level redefines requirement on the workflow level" time="8.140615" class="resource, workflow" file="resreq_step_overrides_wf" url="cwltest:conformance_test_v1.0#128">
			<system-out>{
    &quot;out&quot;: {
        &quot;location&quot;: &quot;file:///tmp/tmpr1gnnie2/cores.txt&quot;,
        &quot;basename&quot;: &quot;cores.txt&quot;,
        &quot;nameroot&quot;: &quot;cores&quot;,
        &quot;nameext&quot;: &quot;.txt&quot;,
        &quot;class&quot;: &quot;File&quot;,
        &quot;checksum&quot;: &quot;sha1$e5fa44f2b31c1fb553b6021e7360d07d5d91ff5e&quot;,
        &quot;size&quot;: 2
    }
}</system-out>
			<system-err>[2022-05-12T14:54:34+0200] [MainThread] [I] [cwltool] Resolved 'v1.0/steplevel-resreq.cwl' to 'file:///home/michael/common-workflow-language/v1.0/v1.0/steplevel-resreq.cwl'
[2022-05-12T14:54:37+0200] [MainThread] [I] [toil.job] Saving graph of 2 jobs, 2 new
[2022-05-12T14:54:37+0200] [MainThread] [I] [toil.job] Processing job 'ResolveIndirect' kind-ResolveIndirect/instance-_7mjsuey v0
[2022-05-12T14:54:37+0200] [MainThread] [I] [toil.job] Processing job 'CWLWorkflow' kind-CWLWorkflow/instance-wkm_smc0 v0
[2022-05-12T14:54:37+0200] [MainThread] [I] [toil] Running Toil version 5.6.0-c34146a6437e4407a61e946e968bcce67a0ebbca on host mrc-tux.
[2022-05-12T14:54:37+0200] [MainThread] [I] [toil.worker] Redirecting logging to /tmp/1aa83e0f91bb565384ea0316aca7f06a/d831/worker_log.txt
[2022-05-12T14:54:38+0200] [MainThread] [I] [toil.leader] 0 jobs are running, 0 jobs are issued and waiting to run
[2022-05-12T14:54:38+0200] [MainThread] [I] [toil.leader] Issued job 'CWLJob' steplevel-resreq.cwl.step1.c2f3cf5a-2df7-4485-899f-96a2cb9789da kind-CWLJob/instance-t2axep8h v1 with job batch system ID: 1 and cores: 1, disk: 2.0 Gi, and memory: 1.0 Gi
[2022-05-12T14:54:38+0200] [MainThread] [I] [toil.worker] Redirecting logging to /tmp/1aa83e0f91bb565384ea0316aca7f06a/8ab6/worker_log.txt
[2022-05-12T14:54:39+0200] [MainThread] [I] [toil.worker] Redirecting logging to /tmp/1aa83e0f91bb565384ea0316aca7f06a/92c7/worker_log.txt
[2022-05-12T14:54:40+0200] [MainThread] [I] [toil.worker] Redirecting logging to /tmp/1aa83e0f91bb565384ea0316aca7f06a/0a04/worker_log.txt
[2022-05-12T14:54:42+0200] [MainThread] [I] [toil.leader] Finished toil run successfully.
[2022-05-12T14:54:42+0200] [MainThread] [I] [toil.common] Successfully deleted the job store: FileJobStore(/tmp/tmp3511h0ew)
</system-err>
		</testcase>
		<testcase name="Test valueFrom with constant value overriding provided array inputs" time="5.194898" class="required, command_line_tool" file="valuefrom_constant_overrides_inputs" url="cwltest:conformance_test_v1.0#129">
			<system-out>{
    &quot;args&quot;: [
        &quot;replacementValue&quot;
    ]
}</system-out>
			<system-err>[2022-05-12T14:54:36+0200] [MainThread] [I] [cwltool] Resolved 'v1.0/valueFrom-constant.cwl' to 'file:///home/michael/common-workflow-language/v1.0/v1.0/valueFrom-constant.cwl'
[2022-05-12T14:54:37+0200] [MainThread] [I] [toil.job] Saving graph of 1 jobs, 1 new
[2022-05-12T14:54:37+0200] [MainThread] [I] [toil.job] Processing job 'CWLJob' valueFrom-constant.cwl kind-CWLJob/instance-pii6lknd v0
[2022-05-12T14:54:37+0200] [MainThread] [I] [toil] Running Toil version 5.6.0-c34146a6437e4407a61e946e968bcce67a0ebbca on host mrc-tux.
[2022-05-12T14:54:37+0200] [MainThread] [I] [toil.leader] Issued job 'CWLJob' valueFrom-constant.cwl kind-CWLJob/instance-pii6lknd v1 with job batch system ID: 0 and cores: 1, disk: 2.0 Gi, and memory: 8.0 Mi
[2022-05-12T14:54:38+0200] [MainThread] [I] [toil.worker] Redirecting logging to /tmp/7b06bd8394f65f619a98b6c1b2e9f22d/70b6/worker_log.txt
[2022-05-12T14:54:39+0200] [MainThread] [I] [toil.leader] 0 jobs are running, 0 jobs are issued and waiting to run
[2022-05-12T14:54:40+0200] [MainThread] [I] [toil.leader] Finished toil run successfully.
[2022-05-12T14:54:40+0200] [MainThread] [I] [toil.common] Successfully deleted the job store: FileJobStore(/tmp/tmppnndyqa8)
</system-err>
		</testcase>
		<testcase name="Test dynamic resource reqs referencing the size of Files inside a Directory" time="6.435733" class="resource, command_line_tool" file="dynamic_resreq_filesizes" url="cwltest:conformance_test_v1.0#130">
			<system-out>{
    &quot;output&quot;: {
        &quot;location&quot;: &quot;file:///tmp/tmpyaqv1kqx/cores.txt&quot;,
        &quot;basename&quot;: &quot;cores.txt&quot;,
        &quot;nameroot&quot;: &quot;cores&quot;,
        &quot;nameext&quot;: &quot;.txt&quot;,
        &quot;class&quot;: &quot;File&quot;,
        &quot;checksum&quot;: &quot;sha1$7448d8798a4380162d4b56f9b452e2f6f9e24e7a&quot;,
        &quot;size&quot;: 2
    }
}</system-out>
			<system-err>[2022-05-12T14:54:39+0200] [MainThread] [I] [cwltool] Resolved 'v1.0/dynresreq-dir.cwl' to 'file:///home/michael/common-workflow-language/v1.0/v1.0/dynresreq-dir.cwl'
[2022-05-12T14:54:41+0200] [MainThread] [I] [toil.job] Saving graph of 1 jobs, 1 new
[2022-05-12T14:54:41+0200] [MainThread] [I] [toil.job] Processing job 'CWLJobWrapper' kind-CWLJobWrapper/instance-de8f_bqp v0
[2022-05-12T14:54:41+0200] [MainThread] [I] [toil] Running Toil version 5.6.0-c34146a6437e4407a61e946e968bcce67a0ebbca on host mrc-tux.
[2022-05-12T14:54:41+0200] [MainThread] [I] [toil.worker] Redirecting logging to /tmp/b21b3a5c93265ea99a89e4726e83bbef/5d85/worker_log.txt
[2022-05-12T14:54:41+0200] [MainThread] [I] [toil.leader] 0 jobs are running, 0 jobs are issued and waiting to run
[2022-05-12T14:54:41+0200] [MainThread] [I] [toil.leader] Issued job 'CWLJob' dynresreq-dir.cwl kind-CWLJob/instance-m55pf8mr v1 with job batch system ID: 1 and cores: 2, disk: 2.0 Gi, and memory: 8.0 Mi
[2022-05-12T14:54:42+0200] [MainThread] [I] [toil.worker] Redirecting logging to /tmp/b21b3a5c93265ea99a89e4726e83bbef/5229/worker_log.txt
[2022-05-12T14:54:43+0200] [MainThread] [I] [toil.worker] Redirecting logging to /tmp/b21b3a5c93265ea99a89e4726e83bbef/0a5a/worker_log.txt
[2022-05-12T14:54:45+0200] [MainThread] [I] [toil.leader] Finished toil run successfully.
[2022-05-12T14:54:45+0200] [MainThread] [I] [toil.common] Successfully deleted the job store: FileJobStore(/tmp/tmpkfsj95mo)
</system-err>
		</testcase>
		<testcase name="Test that it is not an error to connect a parameter to a workflow step, even if the parameter doesn't appear in the `run` process inputs." time="7.344960" class="required, workflow" file="wf_step_connect_undeclared_param" url="cwltest:conformance_test_v1.0#131">
			<system-out>{
    &quot;out&quot;: &quot;hello inp1\n&quot;
}</system-out>
			<system-err>[2022-05-12T14:54:41+0200] [MainThread] [I] [cwltool] Resolved 'v1.0/pass-unconnected.cwl' to 'file:///home/michael/common-workflow-language/v1.0/v1.0/pass-unconnected.cwl'
[2022-05-12T14:54:43+0200] [MainThread] [W] [cwltool] Workflow checker warning:
v1.0/pass-unconnected.cwl:18:7: 'in2' is not an input parameter of
                                file:///home/michael/common-workflow-language/v1.0/v1.0/echo-tool.cwl,
                                expected in
[2022-05-12T14:54:43+0200] [MainThread] [I] [toil.job] Saving graph of 2 jobs, 2 new
[2022-05-12T14:54:43+0200] [MainThread] [I] [toil.job] Processing job 'ResolveIndirect' kind-ResolveIndirect/instance-w81csy7i v0
[2022-05-12T14:54:43+0200] [MainThread] [I] [toil.job] Processing job 'CWLWorkflow' kind-CWLWorkflow/instance-dvw_0kht v0
[2022-05-12T14:54:43+0200] [MainThread] [I] [toil] Running Toil version 5.6.0-c34146a6437e4407a61e946e968bcce67a0ebbca on host mrc-tux.
[2022-05-12T14:54:44+0200] [MainThread] [I] [toil.worker] Redirecting logging to /tmp/3daa1fdac83d58e496ad2ce0f5d7b86f/2401/worker_log.txt
[2022-05-12T14:54:44+0200] [MainThread] [I] [toil.leader] 0 jobs are running, 0 jobs are issued and waiting to run
[2022-05-12T14:54:44+0200] [MainThread] [I] [toil.leader] Issued job 'CWLJob' pass-unconnected.cwl.step1.echo-tool.cwl kind-CWLJob/instance-srvdgzyt v1 with job batch system ID: 1 and cores: 1, disk: 2.0 Gi, and memory: 8.0 Mi
[2022-05-12T14:54:45+0200] [MainThread] [I] [toil.worker] Redirecting logging to /tmp/3daa1fdac83d58e496ad2ce0f5d7b86f/89dc/worker_log.txt
[2022-05-12T14:54:45+0200] [MainThread] [I] [toil.worker] Redirecting logging to /tmp/3daa1fdac83d58e496ad2ce0f5d7b86f/d5b9/worker_log.txt
[2022-05-12T14:54:46+0200] [MainThread] [I] [toil.worker] Redirecting logging to /tmp/3daa1fdac83d58e496ad2ce0f5d7b86f/a541/worker_log.txt
[2022-05-12T14:54:47+0200] [MainThread] [I] [toil.leader] Finished toil run successfully.
[2022-05-12T14:54:47+0200] [MainThread] [I] [toil.common] Successfully deleted the job store: FileJobStore(/tmp/tmp6on8r1we)
</system-err>
		</testcase>
		<testcase name="Test that parameters that don't appear in the `run` process inputs are not present in the input object used to run the tool." time="11.002191" class="required, workflow" file="wf_step_access_undeclared_param" url="cwltest:conformance_test_v1.0#132">
			<system-err>[2022-05-12T14:54:43+0200] [MainThread] [I] [cwltool] Resolved 'v1.0/fail-unconnected.cwl' to 'file:///home/michael/common-workflow-language/v1.0/v1.0/fail-unconnected.cwl'
[2022-05-12T14:54:45+0200] [MainThread] [W] [cwltool] Workflow checker warning:
v1.0/fail-unconnected.cwl:18:7: 'in2' is not an input parameter of
                                file:///home/michael/common-workflow-language/v1.0/v1.0/fail-unspecified-input.cwl,
                                expected in
[2022-05-12T14:54:45+0200] [MainThread] [I] [toil.job] Saving graph of 2 jobs, 2 new
[2022-05-12T14:54:45+0200] [MainThread] [I] [toil.job] Processing job 'ResolveIndirect' kind-ResolveIndirect/instance-6hmpd1cg v0
[2022-05-12T14:54:45+0200] [MainThread] [I] [toil.job] Processing job 'CWLWorkflow' kind-CWLWorkflow/instance-z5xmw2jc v0
[2022-05-12T14:54:45+0200] [MainThread] [I] [toil] Running Toil version 5.6.0-c34146a6437e4407a61e946e968bcce67a0ebbca on host mrc-tux.
[2022-05-12T14:54:45+0200] [MainThread] [I] [toil.worker] Redirecting logging to /tmp/594695b5fef354aeb17ad78bcd10d9ec/3d34/worker_log.txt
[2022-05-12T14:54:46+0200] [MainThread] [I] [toil.leader] 0 jobs are running, 0 jobs are issued and waiting to run
[2022-05-12T14:54:46+0200] [MainThread] [I] [toil.leader] Issued job 'CWLJob' fail-unconnected.cwl.step1.fail-unspecified-input.cwl kind-CWLJob/instance-dpzb3mjr v1 with job batch system ID: 1 and cores: 1, disk: 2.0 Gi, and memory: 8.0 Mi
[2022-05-12T14:54:46+0200] [MainThread] [I] [toil.worker] Redirecting logging to /tmp/594695b5fef354aeb17ad78bcd10d9ec/3e63/worker_log.txt
[2022-05-12T14:54:46+0200] [Thread-1 (daddy)] [E] [toil.batchSystems.singleMachine] Got exit code 1 (indicating failure) from job _toil_worker CWLJob file:/tmp/tmppnogvc4m kind-CWLJob/instance-dpzb3mjr.
[2022-05-12T14:54:46+0200] [MainThread] [W] [toil.leader] Job failed with exit value 1: 'CWLJob' fail-unconnected.cwl.step1.fail-unspecified-input.cwl kind-CWLJob/instance-dpzb3mjr v1
Exit reason: None
[2022-05-12T14:54:46+0200] [MainThread] [W] [toil.leader] The job seems to have left a log file, indicating failure: 'CWLJob' fail-unconnected.cwl.step1.fail-unspecified-input.cwl kind-CWLJob/instance-dpzb3mjr v2
[2022-05-12T14:54:46+0200] [MainThread] [W] [toil.leader] Log from job &quot;kind-CWLJob/instance-dpzb3mjr&quot; follows:
=========&gt;
	[2022-05-12T14:54:46+0200] [MainThread] [I] [toil.worker] ---TOIL WORKER OUTPUT LOG---
	[2022-05-12T14:54:46+0200] [MainThread] [I] [toil] Running Toil version 5.6.0-c34146a6437e4407a61e946e968bcce67a0ebbca on host mrc-tux.
	[2022-05-12T14:54:46+0200] [MainThread] [I] [toil.worker] Working on job 'CWLJob' fail-unconnected.cwl.step1.fail-unspecified-input.cwl kind-CWLJob/instance-dpzb3mjr v1
	[2022-05-12T14:54:46+0200] [MainThread] [I] [toil.worker] Loaded body Job('CWLJob' fail-unconnected.cwl.step1.fail-unspecified-input.cwl kind-CWLJob/instance-dpzb3mjr v1) from description 'CWLJob' fail-unconnected.cwl.step1.fail-unspecified-input.cwl kind-CWLJob/instance-dpzb3mjr v1
	[2022-05-12T14:54:46+0200] [MainThread] [E] [cwltool] Syntax error in parameter reference 'inputs.in2': inputs does not contain key 'in2'. This could be due to using Javascript code without specifying InlineJavascriptRequirement.
	Traceback (most recent call last):
	  File &quot;/home/michael/common-workflow-language/toil5.6.0/lib/python3.10/site-packages/cwltool/expression.py&quot;, line 393, in do_eval
	    return interpolate(
	  File &quot;/home/michael/common-workflow-language/toil5.6.0/lib/python3.10/site-packages/cwltool/expression.py&quot;, line 297, in interpolate
	    e = evaluator(
	  File &quot;/home/michael/common-workflow-language/toil5.6.0/lib/python3.10/site-packages/cwltool/expression.py&quot;, line 243, in evaluator
	    raise JavascriptException(
	cwltool.sandboxjs.JavascriptException: Syntax error in parameter reference 'inputs.in2': inputs does not contain key 'in2'. This could be due to using Javascript code without specifying InlineJavascriptRequirement.
	Traceback (most recent call last):
	  File &quot;/home/michael/common-workflow-language/toil5.6.0/lib/python3.10/site-packages/cwltool/expression.py&quot;, line 393, in do_eval
	    return interpolate(
	  File &quot;/home/michael/common-workflow-language/toil5.6.0/lib/python3.10/site-packages/cwltool/expression.py&quot;, line 297, in interpolate
	    e = evaluator(
	  File &quot;/home/michael/common-workflow-language/toil5.6.0/lib/python3.10/site-packages/cwltool/expression.py&quot;, line 243, in evaluator
	    raise JavascriptException(
	cwltool.sandboxjs.JavascriptException: Syntax error in parameter reference 'inputs.in2': inputs does not contain key 'in2'. This could be due to using Javascript code without specifying InlineJavascriptRequirement.
	
	The above exception was the direct cause of the following exception:
	
	Traceback (most recent call last):
	  File &quot;/home/michael/common-workflow-language/toil5.6.0/lib/python3.10/site-packages/cwltool/builder.py&quot;, line 647, in generate_arg
	    value = self.do_eval(cast(str, binding[&quot;valueFrom&quot;]), context=value)
	  File &quot;/home/michael/common-workflow-language/toil5.6.0/lib/python3.10/site-packages/cwltool/builder.py&quot;, line 718, in do_eval
	    return expression.do_eval(
	  File &quot;/home/michael/common-workflow-language/toil5.6.0/lib/python3.10/site-packages/cwltool/expression.py&quot;, line 419, in do_eval
	    raise WorkflowException(&quot;Expression evaluation error:\n%s&quot; % str(e)) from e
	cwltool.errors.WorkflowException: Expression evaluation error:
	Syntax error in parameter reference 'inputs.in2': inputs does not contain key 'in2'. This could be due to using Javascript code without specifying InlineJavascriptRequirement.
	
	During handling of the above exception, another exception occurred:
	
	Traceback (most recent call last):
	  File &quot;/home/michael/common-workflow-language/toil5.6.0/lib/python3.10/site-packages/toil/worker.py&quot;, line 405, in workerScript
	    job._runner(jobGraph=None, jobStore=jobStore, fileStore=fileStore, defer=defer)
	  File &quot;/home/michael/common-workflow-language/toil5.6.0/lib/python3.10/site-packages/toil/job.py&quot;, line 2399, in _runner
	    returnValues = self._run(jobGraph=None, fileStore=fileStore)
	  File &quot;/home/michael/common-workflow-language/toil5.6.0/lib/python3.10/site-packages/toil/job.py&quot;, line 2317, in _run
	    return self.run(fileStore)
	  File &quot;/home/michael/common-workflow-language/toil5.6.0/lib/python3.10/site-packages/toil/cwl/cwltoil.py&quot;, line 2046, in run
	    output, status = ToilSingleJobExecutor().execute(
	  File &quot;/home/michael/common-workflow-language/toil5.6.0/lib/python3.10/site-packages/cwltool/executors.py&quot;, line 143, in execute
	    self.run_jobs(process, job_order_object, logger, runtime_context)
	  File &quot;/home/michael/common-workflow-language/toil5.6.0/lib/python3.10/site-packages/toil/cwl/cwltoil.py&quot;, line 922, in run_jobs
	    return super().run_jobs(process, job_order_object, logger, runtime_context)
	  File &quot;/home/michael/common-workflow-language/toil5.6.0/lib/python3.10/site-packages/cwltool/executors.py&quot;, line 227, in run_jobs
	    for job in jobiter:
	  File &quot;/home/michael/common-workflow-language/toil5.6.0/lib/python3.10/site-packages/cwltool/command_line_tool.py&quot;, line 1172, in job
	    j.command_line = flatten(list(map(builder.generate_arg, builder.bindings)))
	  File &quot;/home/michael/common-workflow-language/toil5.6.0/lib/python3.10/site-packages/cwltool/builder.py&quot;, line 641, in generate_arg
	    with SourceLine(
	  File &quot;schema_salad/sourceline.py&quot;, line 256, in __exit__
	cwltool.errors.WorkflowException: v1.0/fail-unspecified-input.cwl:16:33: Expression evaluation error:
	v1.0/fail-unspecified-input.cwl:16:33: Syntax error in parameter reference 'inputs.in2': inputs does not contain key 'in2'. This could be due to using Javascript code without specifying InlineJavascriptRequirement.
	[2022-05-12T14:54:46+0200] [MainThread] [E] [toil.worker] Exiting the worker because of a failed job on host mrc-tux
&lt;=========
[2022-05-12T14:54:46+0200] [MainThread] [W] [toil.job] Due to failure we are reducing the remaining try count of job 'CWLJob' fail-unconnected.cwl.step1.fail-unspecified-input.cwl kind-CWLJob/instance-dpzb3mjr v2 with ID kind-CWLJob/instance-dpzb3mjr to 1
[2022-05-12T14:54:46+0200] [MainThread] [W] [toil.job] We have increased the default memory of the failed job 'CWLJob' fail-unconnected.cwl.step1.fail-unspecified-input.cwl kind-CWLJob/instance-dpzb3mjr v2 to 2147483648 bytes
[2022-05-12T14:54:46+0200] [MainThread] [I] [toil.leader] Issued job 'CWLJob' fail-unconnected.cwl.step1.fail-unspecified-input.cwl kind-CWLJob/instance-dpzb3mjr v3 with job batch system ID: 2 and cores: 1, disk: 2.0 Gi, and memory: 2.0 Gi
[2022-05-12T14:54:47+0200] [MainThread] [I] [toil.worker] Redirecting logging to /tmp/594695b5fef354aeb17ad78bcd10d9ec/143d/worker_log.txt
[2022-05-12T14:54:47+0200] [Thread-1 (daddy)] [E] [toil.batchSystems.singleMachine] Got exit code 1 (indicating failure) from job _toil_worker CWLJob file:/tmp/tmppnogvc4m kind-CWLJob/instance-dpzb3mjr.
[2022-05-12T14:54:47+0200] [MainThread] [W] [toil.leader] Job failed with exit value 1: 'CWLJob' fail-unconnected.cwl.step1.fail-unspecified-input.cwl kind-CWLJob/instance-dpzb3mjr v3
Exit reason: None
[2022-05-12T14:54:47+0200] [MainThread] [W] [toil.leader] The job seems to have left a log file, indicating failure: 'CWLJob' fail-unconnected.cwl.step1.fail-unspecified-input.cwl kind-CWLJob/instance-dpzb3mjr v5
[2022-05-12T14:54:47+0200] [MainThread] [W] [toil.leader] Log from job &quot;kind-CWLJob/instance-dpzb3mjr&quot; follows:
=========&gt;
	[2022-05-12T14:54:47+0200] [MainThread] [I] [toil.worker] ---TOIL WORKER OUTPUT LOG---
	[2022-05-12T14:54:47+0200] [MainThread] [I] [toil] Running Toil version 5.6.0-c34146a6437e4407a61e946e968bcce67a0ebbca on host mrc-tux.
	[2022-05-12T14:54:47+0200] [MainThread] [I] [toil.worker] Working on job 'CWLJob' fail-unconnected.cwl.step1.fail-unspecified-input.cwl kind-CWLJob/instance-dpzb3mjr v4
	[2022-05-12T14:54:47+0200] [MainThread] [I] [toil.worker] Loaded body Job('CWLJob' fail-unconnected.cwl.step1.fail-unspecified-input.cwl kind-CWLJob/instance-dpzb3mjr v4) from description 'CWLJob' fail-unconnected.cwl.step1.fail-unspecified-input.cwl kind-CWLJob/instance-dpzb3mjr v4
	[2022-05-12T14:54:47+0200] [MainThread] [E] [cwltool] Syntax error in parameter reference 'inputs.in2': inputs does not contain key 'in2'. This could be due to using Javascript code without specifying InlineJavascriptRequirement.
	Traceback (most recent call last):
	  File &quot;/home/michael/common-workflow-language/toil5.6.0/lib/python3.10/site-packages/cwltool/expression.py&quot;, line 393, in do_eval
	    return interpolate(
	  File &quot;/home/michael/common-workflow-language/toil5.6.0/lib/python3.10/site-packages/cwltool/expression.py&quot;, line 297, in interpolate
	    e = evaluator(
	  File &quot;/home/michael/common-workflow-language/toil5.6.0/lib/python3.10/site-packages/cwltool/expression.py&quot;, line 243, in evaluator
	    raise JavascriptException(
	cwltool.sandboxjs.JavascriptException: Syntax error in parameter reference 'inputs.in2': inputs does not contain key 'in2'. This could be due to using Javascript code without specifying InlineJavascriptRequirement.
	Traceback (most recent call last):
	  File &quot;/home/michael/common-workflow-language/toil5.6.0/lib/python3.10/site-packages/cwltool/expression.py&quot;, line 393, in do_eval
	    return interpolate(
	  File &quot;/home/michael/common-workflow-language/toil5.6.0/lib/python3.10/site-packages/cwltool/expression.py&quot;, line 297, in interpolate
	    e = evaluator(
	  File &quot;/home/michael/common-workflow-language/toil5.6.0/lib/python3.10/site-packages/cwltool/expression.py&quot;, line 243, in evaluator
	    raise JavascriptException(
	cwltool.sandboxjs.JavascriptException: Syntax error in parameter reference 'inputs.in2': inputs does not contain key 'in2'. This could be due to using Javascript code without specifying InlineJavascriptRequirement.
	
	The above exception was the direct cause of the following exception:
	
	Traceback (most recent call last):
	  File &quot;/home/michael/common-workflow-language/toil5.6.0/lib/python3.10/site-packages/cwltool/builder.py&quot;, line 647, in generate_arg
	    value = self.do_eval(cast(str, binding[&quot;valueFrom&quot;]), context=value)
	  File &quot;/home/michael/common-workflow-language/toil5.6.0/lib/python3.10/site-packages/cwltool/builder.py&quot;, line 718, in do_eval
	    return expression.do_eval(
	  File &quot;/home/michael/common-workflow-language/toil5.6.0/lib/python3.10/site-packages/cwltool/expression.py&quot;, line 419, in do_eval
	    raise WorkflowException(&quot;Expression evaluation error:\n%s&quot; % str(e)) from e
	cwltool.errors.WorkflowException: Expression evaluation error:
	Syntax error in parameter reference 'inputs.in2': inputs does not contain key 'in2'. This could be due to using Javascript code without specifying InlineJavascriptRequirement.
	
	During handling of the above exception, another exception occurred:
	
	Traceback (most recent call last):
	  File &quot;/home/michael/common-workflow-language/toil5.6.0/lib/python3.10/site-packages/toil/worker.py&quot;, line 405, in workerScript
	    job._runner(jobGraph=None, jobStore=jobStore, fileStore=fileStore, defer=defer)
	  File &quot;/home/michael/common-workflow-language/toil5.6.0/lib/python3.10/site-packages/toil/job.py&quot;, line 2399, in _runner
	    returnValues = self._run(jobGraph=None, fileStore=fileStore)
	  File &quot;/home/michael/common-workflow-language/toil5.6.0/lib/python3.10/site-packages/toil/job.py&quot;, line 2317, in _run
	    return self.run(fileStore)
	  File &quot;/home/michael/common-workflow-language/toil5.6.0/lib/python3.10/site-packages/toil/cwl/cwltoil.py&quot;, line 2046, in run
	    output, status = ToilSingleJobExecutor().execute(
	  File &quot;/home/michael/common-workflow-language/toil5.6.0/lib/python3.10/site-packages/cwltool/executors.py&quot;, line 143, in execute
	    self.run_jobs(process, job_order_object, logger, runtime_context)
	  File &quot;/home/michael/common-workflow-language/toil5.6.0/lib/python3.10/site-packages/toil/cwl/cwltoil.py&quot;, line 922, in run_jobs
	    return super().run_jobs(process, job_order_object, logger, runtime_context)
	  File &quot;/home/michael/common-workflow-language/toil5.6.0/lib/python3.10/site-packages/cwltool/executors.py&quot;, line 227, in run_jobs
	    for job in jobiter:
	  File &quot;/home/michael/common-workflow-language/toil5.6.0/lib/python3.10/site-packages/cwltool/command_line_tool.py&quot;, line 1172, in job
	    j.command_line = flatten(list(map(builder.generate_arg, builder.bindings)))
	  File &quot;/home/michael/common-workflow-language/toil5.6.0/lib/python3.10/site-packages/cwltool/builder.py&quot;, line 641, in generate_arg
	    with SourceLine(
	  File &quot;schema_salad/sourceline.py&quot;, line 256, in __exit__
	cwltool.errors.WorkflowException: v1.0/fail-unspecified-input.cwl:16:33: Expression evaluation error:
	v1.0/fail-unspecified-input.cwl:16:33: Syntax error in parameter reference 'inputs.in2': inputs does not contain key 'in2'. This could be due to using Javascript code without specifying InlineJavascriptRequirement.
	[2022-05-12T14:54:47+0200] [MainThread] [E] [toil.worker] Exiting the worker because of a failed job on host mrc-tux
&lt;=========
[2022-05-12T14:54:47+0200] [MainThread] [W] [toil.job] Due to failure we are reducing the remaining try count of job 'CWLJob' fail-unconnected.cwl.step1.fail-unspecified-input.cwl kind-CWLJob/instance-dpzb3mjr v5 with ID kind-CWLJob/instance-dpzb3mjr to 0
[2022-05-12T14:54:47+0200] [MainThread] [W] [toil.leader] Job 'CWLJob' fail-unconnected.cwl.step1.fail-unspecified-input.cwl kind-CWLJob/instance-dpzb3mjr v6 is completely failed
[2022-05-12T14:54:53+0200] [MainThread] [I] [toil.leader] Finished toil run with 2 failed jobs.
[2022-05-12T14:54:53+0200] [MainThread] [I] [toil.leader] Failed jobs at end of the run: 'CWLWorkflow' kind-CWLWorkflow/instance-z5xmw2jc v2 'CWLJob' fail-unconnected.cwl.step1.fail-unspecified-input.cwl kind-CWLJob/instance-dpzb3mjr v6
Traceback (most recent call last):
  File &quot;/home/michael/common-workflow-language/toil5.6.0/bin/toil-cwl-runner&quot;, line 8, in &lt;module&gt;
    sys.exit(main())
  File &quot;/home/michael/common-workflow-language/toil5.6.0/lib/python3.10/site-packages/toil/cwl/cwltoil.py&quot;, line 3486, in main
    outobj = toil.start(wf1)
  File &quot;/home/michael/common-workflow-language/toil5.6.0/lib/python3.10/site-packages/toil/common.py&quot;, line 951, in start
    return self._runMainLoop(rootJobDescription)
  File &quot;/home/michael/common-workflow-language/toil5.6.0/lib/python3.10/site-packages/toil/common.py&quot;, line 1278, in _runMainLoop
    jobCache=self._jobCache).run()
  File &quot;/home/michael/common-workflow-language/toil5.6.0/lib/python3.10/site-packages/toil/leader.py&quot;, line 289, in run
    raise FailedJobsException(self.jobStore, failed_jobs, exit_code=self.recommended_fail_exit_code)
toil.leader.FailedJobsException: The job store '/tmp/tmppnogvc4m' contains 2 failed jobs: 'CWLWorkflow' kind-CWLWorkflow/instance-z5xmw2jc v2, 'CWLJob' fail-unconnected.cwl.step1.fail-unspecified-input.cwl kind-CWLJob/instance-dpzb3mjr v6
Log from job &quot;'CWLJob' fail-unconnected.cwl.step1.fail-unspecified-input.cwl kind-CWLJob/instance-dpzb3mjr v6&quot; follows:
=========&gt;
	[2022-05-12T14:54:47+0200] [MainThread] [I] [toil.worker] ---TOIL WORKER OUTPUT LOG---
	[2022-05-12T14:54:47+0200] [MainThread] [I] [toil] Running Toil version 5.6.0-c34146a6437e4407a61e946e968bcce67a0ebbca on host mrc-tux.
	[2022-05-12T14:54:47+0200] [MainThread] [I] [toil.worker] Working on job 'CWLJob' fail-unconnected.cwl.step1.fail-unspecified-input.cwl kind-CWLJob/instance-dpzb3mjr v4
	[2022-05-12T14:54:47+0200] [MainThread] [I] [toil.worker] Loaded body Job('CWLJob' fail-unconnected.cwl.step1.fail-unspecified-input.cwl kind-CWLJob/instance-dpzb3mjr v4) from description 'CWLJob' fail-unconnected.cwl.step1.fail-unspecified-input.cwl kind-CWLJob/instance-dpzb3mjr v4
	[2022-05-12T14:54:47+0200] [MainThread] [E] [cwltool] Syntax error in parameter reference 'inputs.in2': inputs does not contain key 'in2'. This could be due to using Javascript code without specifying InlineJavascriptRequirement.
	Traceback (most recent call last):
	  File &quot;/home/michael/common-workflow-language/toil5.6.0/lib/python3.10/site-packages/cwltool/expression.py&quot;, line 393, in do_eval
	    return interpolate(
	  File &quot;/home/michael/common-workflow-language/toil5.6.0/lib/python3.10/site-packages/cwltool/expression.py&quot;, line 297, in interpolate
	    e = evaluator(
	  File &quot;/home/michael/common-workflow-language/toil5.6.0/lib/python3.10/site-packages/cwltool/expression.py&quot;, line 243, in evaluator
	    raise JavascriptException(
	cwltool.sandboxjs.JavascriptException: Syntax error in parameter reference 'inputs.in2': inputs does not contain key 'in2'. This could be due to using Javascript code without specifying InlineJavascriptRequirement.
	Traceback (most recent call last):
	  File &quot;/home/michael/common-workflow-language/toil5.6.0/lib/python3.10/site-packages/cwltool/expression.py&quot;, line 393, in do_eval
	    return interpolate(
	  File &quot;/home/michael/common-workflow-language/toil5.6.0/lib/python3.10/site-packages/cwltool/expression.py&quot;, line 297, in interpolate
	    e = evaluator(
	  File &quot;/home/michael/common-workflow-language/toil5.6.0/lib/python3.10/site-packages/cwltool/expression.py&quot;, line 243, in evaluator
	    raise JavascriptException(
	cwltool.sandboxjs.JavascriptException: Syntax error in parameter reference 'inputs.in2': inputs does not contain key 'in2'. This could be due to using Javascript code without specifying InlineJavascriptRequirement.
	
	The above exception was the direct cause of the following exception:
	
	Traceback (most recent call last):
	  File &quot;/home/michael/common-workflow-language/toil5.6.0/lib/python3.10/site-packages/cwltool/builder.py&quot;, line 647, in generate_arg
	    value = self.do_eval(cast(str, binding[&quot;valueFrom&quot;]), context=value)
	  File &quot;/home/michael/common-workflow-language/toil5.6.0/lib/python3.10/site-packages/cwltool/builder.py&quot;, line 718, in do_eval
	    return expression.do_eval(
	  File &quot;/home/michael/common-workflow-language/toil5.6.0/lib/python3.10/site-packages/cwltool/expression.py&quot;, line 419, in do_eval
	    raise WorkflowException(&quot;Expression evaluation error:\n%s&quot; % str(e)) from e
	cwltool.errors.WorkflowException: Expression evaluation error:
	Syntax error in parameter reference 'inputs.in2': inputs does not contain key 'in2'. This could be due to using Javascript code without specifying InlineJavascriptRequirement.
	
	During handling of the above exception, another exception occurred:
	
	Traceback (most recent call last):
	  File &quot;/home/michael/common-workflow-language/toil5.6.0/lib/python3.10/site-packages/toil/worker.py&quot;, line 405, in workerScript
	    job._runner(jobGraph=None, jobStore=jobStore, fileStore=fileStore, defer=defer)
	  File &quot;/home/michael/common-workflow-language/toil5.6.0/lib/python3.10/site-packages/toil/job.py&quot;, line 2399, in _runner
	    returnValues = self._run(jobGraph=None, fileStore=fileStore)
	  File &quot;/home/michael/common-workflow-language/toil5.6.0/lib/python3.10/site-packages/toil/job.py&quot;, line 2317, in _run
	    return self.run(fileStore)
	  File &quot;/home/michael/common-workflow-language/toil5.6.0/lib/python3.10/site-packages/toil/cwl/cwltoil.py&quot;, line 2046, in run
	    output, status = ToilSingleJobExecutor().execute(
	  File &quot;/home/michael/common-workflow-language/toil5.6.0/lib/python3.10/site-packages/cwltool/executors.py&quot;, line 143, in execute
	    self.run_jobs(process, job_order_object, logger, runtime_context)
	  File &quot;/home/michael/common-workflow-language/toil5.6.0/lib/python3.10/site-packages/toil/cwl/cwltoil.py&quot;, line 922, in run_jobs
	    return super().run_jobs(process, job_order_object, logger, runtime_context)
	  File &quot;/home/michael/common-workflow-language/toil5.6.0/lib/python3.10/site-packages/cwltool/executors.py&quot;, line 227, in run_jobs
	    for job in jobiter:
	  File &quot;/home/michael/common-workflow-language/toil5.6.0/lib/python3.10/site-packages/cwltool/command_line_tool.py&quot;, line 1172, in job
	    j.command_line = flatten(list(map(builder.generate_arg, builder.bindings)))
	  File &quot;/home/michael/common-workflow-language/toil5.6.0/lib/python3.10/site-packages/cwltool/builder.py&quot;, line 641, in generate_arg
	    with SourceLine(
	  File &quot;schema_salad/sourceline.py&quot;, line 256, in __exit__
	cwltool.errors.WorkflowException: v1.0/fail-unspecified-input.cwl:16:33: Expression evaluation error:
	v1.0/fail-unspecified-input.cwl:16:33: Syntax error in parameter reference 'inputs.in2': inputs does not contain key 'in2'. This could be due to using Javascript code without specifying InlineJavascriptRequirement.
	[2022-05-12T14:54:47+0200] [MainThread] [E] [toil.worker] Exiting the worker because of a failed job on host mrc-tux
&lt;=========
</system-err>
		</testcase>
		<testcase name="Test $HOME and $TMPDIR are set correctly in Docker without using return code" time="5.088932" class="shell_command, command_line_tool" file="env_home_tmpdir_docker_complex" url="cwltest:conformance_test_v1.0#133">
			<system-out>{
    &quot;results&quot;: {
        &quot;location&quot;: &quot;file:///tmp/tmp80e_fb9e/results&quot;,
        &quot;basename&quot;: &quot;results&quot;,
        &quot;nameroot&quot;: &quot;results&quot;,
        &quot;nameext&quot;: &quot;&quot;,
        &quot;class&quot;: &quot;File&quot;,
        &quot;checksum&quot;: &quot;sha1$7d5ca8c0c03e883c56c4eb1ef6f6bb9bccad4d86&quot;,
        &quot;size&quot;: 8
    }
}</system-out>
			<system-err>[2022-05-12T14:54:45+0200] [MainThread] [I] [cwltool] Resolved 'v1.0/envvar3.cwl' to 'file:///home/michael/common-workflow-language/v1.0/v1.0/envvar3.cwl'
[2022-05-12T14:54:46+0200] [MainThread] [I] [toil.job] Saving graph of 1 jobs, 1 new
[2022-05-12T14:54:46+0200] [MainThread] [I] [toil.job] Processing job 'CWLJob' envvar3.cwl kind-CWLJob/instance-xkdhaymw v0
[2022-05-12T14:54:46+0200] [MainThread] [I] [toil] Running Toil version 5.6.0-c34146a6437e4407a61e946e968bcce67a0ebbca on host mrc-tux.
[2022-05-12T14:54:46+0200] [MainThread] [I] [toil.leader] Issued job 'CWLJob' envvar3.cwl kind-CWLJob/instance-xkdhaymw v1 with job batch system ID: 0 and cores: 1, disk: 2.0 Gi, and memory: 8.0 Mi
[2022-05-12T14:54:47+0200] [MainThread] [I] [toil.worker] Redirecting logging to /tmp/571e98f5ba51595fa7e8d9117015680b/2bd2/worker_log.txt
[2022-05-12T14:54:48+0200] [MainThread] [I] [toil.leader] 0 jobs are running, 0 jobs are issued and waiting to run
[2022-05-12T14:54:49+0200] [MainThread] [I] [toil.leader] Finished toil run successfully.
[2022-05-12T14:54:49+0200] [MainThread] [I] [toil.common] Successfully deleted the job store: FileJobStore(/tmp/tmpenox5_x5)
</system-err>
		</testcase>
		<testcase name="Test workflow scatter with single scatter parameter and two valueFrom using $inputs (first and current el)" time="10.289142" class="scatter, step_input, workflow" file="wf_scatter_oneparam_valuefrom_inputs" url="cwltest:conformance_test_v1.0#134">
			<system-out>{
    &quot;out&quot;: [
        &quot;foo one one&quot;,
        &quot;foo one two&quot;,
        &quot;foo one three&quot;,
        &quot;foo one four&quot;
    ]
}</system-out>
			<system-err>[2022-05-12T14:54:45+0200] [MainThread] [I] [cwltool] Resolved 'v1.0/scatter-valuefrom-inputs-wf1.cwl' to 'file:///home/michael/common-workflow-language/v1.0/v1.0/scatter-valuefrom-inputs-wf1.cwl'
[2022-05-12T14:54:48+0200] [MainThread] [I] [toil.job] Saving graph of 2 jobs, 2 new
[2022-05-12T14:54:48+0200] [MainThread] [I] [toil.job] Processing job 'ResolveIndirect' kind-ResolveIndirect/instance-cimg6gga v0
[2022-05-12T14:54:48+0200] [MainThread] [I] [toil.job] Processing job 'CWLWorkflow' kind-CWLWorkflow/instance-0okq2fon v0
[2022-05-12T14:54:48+0200] [MainThread] [I] [toil] Running Toil version 5.6.0-c34146a6437e4407a61e946e968bcce67a0ebbca on host mrc-tux.
[2022-05-12T14:54:48+0200] [MainThread] [I] [toil.worker] Redirecting logging to /tmp/4caec42bc77e5e7ea563bf78647e18b6/264c/worker_log.txt
[2022-05-12T14:54:49+0200] [MainThread] [I] [toil.leader] 0 jobs are running, 0 jobs are issued and waiting to run
[2022-05-12T14:54:49+0200] [MainThread] [I] [toil.worker] Redirecting logging to /tmp/4caec42bc77e5e7ea563bf78647e18b6/575a/worker_log.txt
[2022-05-12T14:54:49+0200] [MainThread] [I] [toil.leader] Issued job 'CWLJob' scatter-valuefrom-inputs-wf1.cwl[0].35c7c6f2-0a9b-44be-a049-8c34fe4cbba7 kind-CWLJob/instance-dom3bir8 v1 with job batch system ID: 2 and cores: 1, disk: 2.0 Gi, and memory: 8.0 Mi
[2022-05-12T14:54:49+0200] [MainThread] [I] [toil.leader] Issued job 'CWLJob' scatter-valuefrom-inputs-wf1.cwl[1].35c7c6f2-0a9b-44be-a049-8c34fe4cbba7 kind-CWLJob/instance-tv04aaoj v1 with job batch system ID: 3 and cores: 1, disk: 2.0 Gi, and memory: 8.0 Mi
[2022-05-12T14:54:49+0200] [MainThread] [I] [toil.leader] Issued job 'CWLJob' scatter-valuefrom-inputs-wf1.cwl[2].35c7c6f2-0a9b-44be-a049-8c34fe4cbba7 kind-CWLJob/instance-dtwf8ajf v1 with job batch system ID: 4 and cores: 1, disk: 2.0 Gi, and memory: 8.0 Mi
[2022-05-12T14:54:49+0200] [MainThread] [I] [toil.leader] Issued job 'CWLJob' scatter-valuefrom-inputs-wf1.cwl[3].35c7c6f2-0a9b-44be-a049-8c34fe4cbba7 kind-CWLJob/instance-1yx7u09d v1 with job batch system ID: 5 and cores: 1, disk: 2.0 Gi, and memory: 8.0 Mi
[2022-05-12T14:54:50+0200] [MainThread] [I] [toil.worker] Redirecting logging to /tmp/4caec42bc77e5e7ea563bf78647e18b6/305d/worker_log.txt
[2022-05-12T14:54:50+0200] [MainThread] [I] [toil.worker] Redirecting logging to /tmp/4caec42bc77e5e7ea563bf78647e18b6/c57b/worker_log.txt
[2022-05-12T14:54:50+0200] [MainThread] [I] [toil.worker] Redirecting logging to /tmp/4caec42bc77e5e7ea563bf78647e18b6/50e9/worker_log.txt
[2022-05-12T14:54:50+0200] [MainThread] [I] [toil.worker] Redirecting logging to /tmp/4caec42bc77e5e7ea563bf78647e18b6/b222/worker_log.txt
[2022-05-12T14:54:51+0200] [MainThread] [I] [toil.worker] Redirecting logging to /tmp/4caec42bc77e5e7ea563bf78647e18b6/9e02/worker_log.txt
[2022-05-12T14:54:52+0200] [MainThread] [I] [toil.worker] Redirecting logging to /tmp/4caec42bc77e5e7ea563bf78647e18b6/5cb4/worker_log.txt
[2022-05-12T14:54:52+0200] [MainThread] [I] [toil.worker] Redirecting logging to /tmp/4caec42bc77e5e7ea563bf78647e18b6/a90c/worker_log.txt
[2022-05-12T14:54:53+0200] [MainThread] [I] [toil.worker] Redirecting logging to /tmp/4caec42bc77e5e7ea563bf78647e18b6/2404/worker_log.txt
[2022-05-12T14:54:55+0200] [MainThread] [I] [toil.leader] Finished toil run successfully.
[2022-05-12T14:54:55+0200] [MainThread] [I] [toil.common] Successfully deleted the job store: FileJobStore(/tmp/tmpagvpreh3)
</system-err>
		</testcase>
		<testcase name="SchemaDefRequirement with $import, and packed" time="8.265751" class="schema_def, workflow" file="packed_import_schema" url="cwltest:conformance_test_v1.0#135">
			<system-out>{
    &quot;output_bam&quot;: {
        &quot;location&quot;: &quot;file:///tmp/tmponrwwoh8/a.bam&quot;,
        &quot;basename&quot;: &quot;a.bam&quot;,
        &quot;nameroot&quot;: &quot;a&quot;,
        &quot;nameext&quot;: &quot;.bam&quot;,
        &quot;class&quot;: &quot;File&quot;,
        &quot;checksum&quot;: &quot;sha1$da39a3ee5e6b4b0d3255bfef95601890afd80709&quot;,
        &quot;size&quot;: 0
    }
}</system-out>
			<system-err>[2022-05-12T14:54:48+0200] [MainThread] [I] [cwltool] Resolved 'v1.0/import_schema-def_packed.cwl#main' to 'file:///home/michael/common-workflow-language/v1.0/v1.0/import_schema-def_packed.cwl#main'
[2022-05-12T14:54:51+0200] [MainThread] [I] [toil.job] Saving graph of 2 jobs, 2 new
[2022-05-12T14:54:51+0200] [MainThread] [I] [toil.job] Processing job 'ResolveIndirect' kind-ResolveIndirect/instance-e_nt2zhl v0
[2022-05-12T14:54:51+0200] [MainThread] [I] [toil.job] Processing job 'CWLWorkflow' kind-CWLWorkflow/instance-v862uhk7 v0
[2022-05-12T14:54:51+0200] [MainThread] [I] [toil] Running Toil version 5.6.0-c34146a6437e4407a61e946e968bcce67a0ebbca on host mrc-tux.
[2022-05-12T14:54:51+0200] [MainThread] [I] [toil.worker] Redirecting logging to /tmp/37f2b68f23175a1e9d287c9c1dd34195/8ac4/worker_log.txt
[2022-05-12T14:54:52+0200] [MainThread] [I] [toil.leader] 0 jobs are running, 0 jobs are issued and waiting to run
[2022-05-12T14:54:52+0200] [MainThread] [I] [toil.leader] Issued job 'CWLJob' main.touch_bam.touch.cwl kind-CWLJob/instance-us63rxre v1 with job batch system ID: 1 and cores: 1, disk: 2.0 Gi, and memory: 128.0 Mi
[2022-05-12T14:54:52+0200] [MainThread] [I] [toil.worker] Redirecting logging to /tmp/37f2b68f23175a1e9d287c9c1dd34195/60cf/worker_log.txt
[2022-05-12T14:54:54+0200] [MainThread] [I] [toil.worker] Redirecting logging to /tmp/37f2b68f23175a1e9d287c9c1dd34195/26ea/worker_log.txt
[2022-05-12T14:54:54+0200] [MainThread] [I] [toil.worker] Redirecting logging to /tmp/37f2b68f23175a1e9d287c9c1dd34195/d25c/worker_log.txt
[2022-05-12T14:54:56+0200] [MainThread] [I] [toil.leader] Finished toil run successfully.
[2022-05-12T14:54:56+0200] [MainThread] [I] [toil.common] Successfully deleted the job store: FileJobStore(/tmp/tmpjjmask29)
</system-err>
		</testcase>
		<testcase name="Test specifying secondaryFiles in subdirectories of the job input document." time="4.144668" class="shell_command, command_line_tool" file="job_input_secondary_subdirs" url="cwltest:conformance_test_v1.0#136">
			<system-out>{
    &quot;outlist&quot;: {
        &quot;location&quot;: &quot;file:///tmp/tmp961ghxlv/output.txt&quot;,
        &quot;basename&quot;: &quot;output.txt&quot;,
        &quot;nameroot&quot;: &quot;output&quot;,
        &quot;nameext&quot;: &quot;.txt&quot;,
        &quot;class&quot;: &quot;File&quot;,
        &quot;checksum&quot;: &quot;sha1$9d9bc8f5252d39274b5dfbac64216c6e888f5dfc&quot;,
        &quot;size&quot;: 14
    }
}</system-out>
			<system-err>[2022-05-12T14:54:50+0200] [MainThread] [I] [cwltool] Resolved 'v1.0/dir4.cwl' to 'file:///home/michael/common-workflow-language/v1.0/v1.0/dir4.cwl'
[2022-05-12T14:54:51+0200] [MainThread] [I] [toil.job] Saving graph of 1 jobs, 1 new
[2022-05-12T14:54:51+0200] [MainThread] [I] [toil.job] Processing job 'CWLJob' dir4.cwl kind-CWLJob/instance-rlx2niqb v0
[2022-05-12T14:54:51+0200] [MainThread] [I] [toil] Running Toil version 5.6.0-c34146a6437e4407a61e946e968bcce67a0ebbca on host mrc-tux.
[2022-05-12T14:54:51+0200] [MainThread] [I] [toil.leader] Issued job 'CWLJob' dir4.cwl kind-CWLJob/instance-rlx2niqb v1 with job batch system ID: 0 and cores: 1, disk: 2.0 Gi, and memory: 8.0 Mi
[2022-05-12T14:54:52+0200] [MainThread] [I] [toil.worker] Redirecting logging to /tmp/aafe835be211554bb805e687ea9d4563/4444/worker_log.txt
[2022-05-12T14:54:52+0200] [MainThread] [I] [toil.leader] 0 jobs are running, 0 jobs are issued and waiting to run
[2022-05-12T14:54:53+0200] [MainThread] [I] [toil.leader] Finished toil run successfully.
[2022-05-12T14:54:53+0200] [MainThread] [I] [toil.common] Successfully deleted the job store: FileJobStore(/tmp/tmp2kejh3xp)
</system-err>
		</testcase>
		<testcase name="Test specifying secondaryFiles in same subdirectory of the job input as the primary input file." time="3.882453" class="shell_command, command_line_tool" file="job_input_subdir_primary_and_secondary_subdirs" url="cwltest:conformance_test_v1.0#137">
			<system-out>{
    &quot;outlist&quot;: {
        &quot;location&quot;: &quot;file:///tmp/tmp18nra46i/output.txt&quot;,
        &quot;basename&quot;: &quot;output.txt&quot;,
        &quot;nameroot&quot;: &quot;output&quot;,
        &quot;nameext&quot;: &quot;.txt&quot;,
        &quot;class&quot;: &quot;File&quot;,
        &quot;checksum&quot;: &quot;sha1$9d9bc8f5252d39274b5dfbac64216c6e888f5dfc&quot;,
        &quot;size&quot;: 14
    }
}</system-out>
			<system-err>[2022-05-12T14:54:54+0200] [MainThread] [I] [cwltool] Resolved 'v1.0/dir4.cwl' to 'file:///home/michael/common-workflow-language/v1.0/v1.0/dir4.cwl'
[2022-05-12T14:54:55+0200] [MainThread] [I] [toil.job] Saving graph of 1 jobs, 1 new
[2022-05-12T14:54:55+0200] [MainThread] [I] [toil.job] Processing job 'CWLJob' dir4.cwl kind-CWLJob/instance-u3mbp467 v0
[2022-05-12T14:54:55+0200] [MainThread] [I] [toil] Running Toil version 5.6.0-c34146a6437e4407a61e946e968bcce67a0ebbca on host mrc-tux.
[2022-05-12T14:54:55+0200] [MainThread] [I] [toil.leader] Issued job 'CWLJob' dir4.cwl kind-CWLJob/instance-u3mbp467 v1 with job batch system ID: 0 and cores: 1, disk: 2.0 Gi, and memory: 8.0 Mi
[2022-05-12T14:54:55+0200] [MainThread] [I] [toil.worker] Redirecting logging to /tmp/ae2b556d7984568db5a8801ba7765693/c700/worker_log.txt
[2022-05-12T14:54:56+0200] [MainThread] [I] [toil.leader] 0 jobs are running, 0 jobs are issued and waiting to run
[2022-05-12T14:54:57+0200] [MainThread] [I] [toil.leader] Finished toil run successfully.
[2022-05-12T14:54:57+0200] [MainThread] [I] [toil.common] Successfully deleted the job store: FileJobStore(/tmp/tmpr6pkcuuj)
</system-err>
		</testcase>
		<testcase name="Test simple scatter over an embedded subworkflow" time="19.251513" class="workflow, inline_javascript" file="scatter_embedded_subworkflow" url="cwltest:conformance_test_v1.0#138">
			<system-out>{
    &quot;count_output&quot;: [
        16,
        1
    ]
}</system-out>
			<system-err>[2022-05-12T14:54:54+0200] [MainThread] [I] [cwltool] Resolved 'v1.0/count-lines18-wf.cwl' to 'file:///home/michael/common-workflow-language/v1.0/v1.0/count-lines18-wf.cwl'
[2022-05-12T14:54:59+0200] [MainThread] [I] [toil.job] Saving graph of 2 jobs, 2 new
[2022-05-12T14:54:59+0200] [MainThread] [I] [toil.job] Processing job 'ResolveIndirect' kind-ResolveIndirect/instance-5hjxfs5_ v0
[2022-05-12T14:54:59+0200] [MainThread] [I] [toil.job] Processing job 'CWLWorkflow' kind-CWLWorkflow/instance-rwzghje7 v0
[2022-05-12T14:54:59+0200] [MainThread] [I] [toil] Running Toil version 5.6.0-c34146a6437e4407a61e946e968bcce67a0ebbca on host mrc-tux.
[2022-05-12T14:54:59+0200] [MainThread] [I] [toil.worker] Redirecting logging to /tmp/1097b9ebf19b5f9ebe4c136e1c8f788e/321b/worker_log.txt
[2022-05-12T14:54:59+0200] [MainThread] [I] [toil.leader] 0 jobs are running, 0 jobs are issued and waiting to run
[2022-05-12T14:55:00+0200] [MainThread] [I] [toil.worker] Redirecting logging to /tmp/1097b9ebf19b5f9ebe4c136e1c8f788e/c89a/worker_log.txt
[2022-05-12T14:55:01+0200] [MainThread] [I] [toil.worker] Redirecting logging to /tmp/1097b9ebf19b5f9ebe4c136e1c8f788e/1cc3/worker_log.txt
[2022-05-12T14:55:01+0200] [MainThread] [I] [toil.worker] Redirecting logging to /tmp/1097b9ebf19b5f9ebe4c136e1c8f788e/7069/worker_log.txt
[2022-05-12T14:55:01+0200] [MainThread] [I] [toil.leader] Issued job 'CWLJob' 88408281-5ac4-42ce-a4aa-f292128c84dd.step1.wc-tool.cwl kind-CWLJob/instance-iq4oolqg v1 with job batch system ID: 4 and cores: 1, disk: 2.0 Gi, and memory: 8.0 Mi
[2022-05-12T14:55:01+0200] [MainThread] [I] [toil.leader] Issued job 'CWLJob' 88408281-5ac4-42ce-a4aa-f292128c84dd.step1.wc-tool.cwl kind-CWLJob/instance-7tc8h3rm v1 with job batch system ID: 5 and cores: 1, disk: 2.0 Gi, and memory: 8.0 Mi
[2022-05-12T14:55:02+0200] [MainThread] [I] [toil.worker] Redirecting logging to /tmp/1097b9ebf19b5f9ebe4c136e1c8f788e/e84e/worker_log.txt
[2022-05-12T14:55:02+0200] [MainThread] [I] [toil.worker] Redirecting logging to /tmp/1097b9ebf19b5f9ebe4c136e1c8f788e/b621/worker_log.txt
[2022-05-12T14:55:02+0200] [MainThread] [I] [toil.leader] Issued job 'CWLJob' 88408281-5ac4-42ce-a4aa-f292128c84dd.step2.parseInt-tool.cwl kind-CWLJob/instance-g8ccd102 v1 with job batch system ID: 6 and cores: 1, disk: 3.0 Gi, and memory: 2.0 Gi
[2022-05-12T14:55:02+0200] [MainThread] [I] [toil.leader] Issued job 'CWLJob' 88408281-5ac4-42ce-a4aa-f292128c84dd.step2.parseInt-tool.cwl kind-CWLJob/instance-15hjmpwy v1 with job batch system ID: 7 and cores: 1, disk: 3.0 Gi, and memory: 2.0 Gi
[2022-05-12T14:55:03+0200] [MainThread] [I] [toil.worker] Redirecting logging to /tmp/1097b9ebf19b5f9ebe4c136e1c8f788e/b158/worker_log.txt
[2022-05-12T14:55:03+0200] [MainThread] [I] [toil.worker] Redirecting logging to /tmp/1097b9ebf19b5f9ebe4c136e1c8f788e/6c7b/worker_log.txt
[2022-05-12T14:55:03+0200] [MainThread] [I] [toil.leader] Issued job 'CWLJob' 88408281-5ac4-42ce-a4aa-f292128c84dd.step1.wc-tool.cwl kind-CWLJob/instance-iq4oolqg v2 with job batch system ID: 8 and cores: 1, disk: 2.0 Gi, and memory: 8.0 Mi
[2022-05-12T14:55:04+0200] [MainThread] [I] [toil.leader] Issued job 'CWLJob' 88408281-5ac4-42ce-a4aa-f292128c84dd.step1.wc-tool.cwl kind-CWLJob/instance-7tc8h3rm v2 with job batch system ID: 9 and cores: 1, disk: 2.0 Gi, and memory: 8.0 Mi
[2022-05-12T14:55:04+0200] [MainThread] [I] [toil.worker] Redirecting logging to /tmp/1097b9ebf19b5f9ebe4c136e1c8f788e/d023/worker_log.txt
[2022-05-12T14:55:04+0200] [MainThread] [I] [toil.worker] Redirecting logging to /tmp/1097b9ebf19b5f9ebe4c136e1c8f788e/9d16/worker_log.txt
[2022-05-12T14:55:05+0200] [MainThread] [I] [toil.worker] Redirecting logging to /tmp/1097b9ebf19b5f9ebe4c136e1c8f788e/5f0f/worker_log.txt
[2022-05-12T14:55:05+0200] [MainThread] [I] [toil.worker] Redirecting logging to /tmp/1097b9ebf19b5f9ebe4c136e1c8f788e/685d/worker_log.txt
[2022-05-12T14:55:06+0200] [MainThread] [I] [toil.worker] Redirecting logging to /tmp/1097b9ebf19b5f9ebe4c136e1c8f788e/7268/worker_log.txt
[2022-05-12T14:55:07+0200] [MainThread] [I] [toil.worker] Redirecting logging to /tmp/1097b9ebf19b5f9ebe4c136e1c8f788e/4aca/worker_log.txt
[2022-05-12T14:55:08+0200] [MainThread] [I] [toil.worker] Redirecting logging to /tmp/1097b9ebf19b5f9ebe4c136e1c8f788e/3cb6/worker_log.txt
[2022-05-12T14:55:08+0200] [MainThread] [I] [toil.worker] Redirecting logging to /tmp/1097b9ebf19b5f9ebe4c136e1c8f788e/7991/worker_log.txt
[2022-05-12T14:55:09+0200] [MainThread] [I] [toil.worker] Redirecting logging to /tmp/1097b9ebf19b5f9ebe4c136e1c8f788e/290e/worker_log.txt
[2022-05-12T14:55:10+0200] [MainThread] [I] [toil.worker] Redirecting logging to /tmp/1097b9ebf19b5f9ebe4c136e1c8f788e/aae2/worker_log.txt
[2022-05-12T14:55:13+0200] [MainThread] [I] [toil.leader] Finished toil run successfully.
[2022-05-12T14:55:13+0200] [MainThread] [I] [toil.common] Successfully deleted the job store: FileJobStore(/tmp/tmp0ux55u0x)
</system-err>
		</testcase>
		<testcase name="Test simple multiple input scatter over an embedded subworkflow" time="19.675976" class="workflow, scatter, subworkflow, multiple_input, inline_javascript" file="scatter_multi_input_embedded_subworkflow" url="cwltest:conformance_test_v1.0#139">
			<system-out>{
    &quot;count_output&quot;: [
        16,
        1
    ]
}</system-out>
			<system-err>[2022-05-12T14:54:56+0200] [MainThread] [I] [cwltool] Resolved 'v1.0/count-lines14-wf.cwl' to 'file:///home/michael/common-workflow-language/v1.0/v1.0/count-lines14-wf.cwl'
[2022-05-12T14:55:01+0200] [MainThread] [I] [toil.job] Saving graph of 2 jobs, 2 new
[2022-05-12T14:55:01+0200] [MainThread] [I] [toil.job] Processing job 'ResolveIndirect' kind-ResolveIndirect/instance-p5q27d6f v0
[2022-05-12T14:55:01+0200] [MainThread] [I] [toil.job] Processing job 'CWLWorkflow' kind-CWLWorkflow/instance-2iigzvfj v0
[2022-05-12T14:55:01+0200] [MainThread] [I] [toil] Running Toil version 5.6.0-c34146a6437e4407a61e946e968bcce67a0ebbca on host mrc-tux.
[2022-05-12T14:55:01+0200] [MainThread] [I] [toil.worker] Redirecting logging to /tmp/61e4c1e22fc65d2ba83ec022497e830c/c6e6/worker_log.txt
[2022-05-12T14:55:01+0200] [MainThread] [I] [toil.leader] 0 jobs are running, 0 jobs are issued and waiting to run
[2022-05-12T14:55:02+0200] [MainThread] [I] [toil.worker] Redirecting logging to /tmp/61e4c1e22fc65d2ba83ec022497e830c/aee3/worker_log.txt
[2022-05-12T14:55:03+0200] [MainThread] [I] [toil.worker] Redirecting logging to /tmp/61e4c1e22fc65d2ba83ec022497e830c/16cc/worker_log.txt
[2022-05-12T14:55:04+0200] [MainThread] [I] [toil.worker] Redirecting logging to /tmp/61e4c1e22fc65d2ba83ec022497e830c/842c/worker_log.txt
[2022-05-12T14:55:04+0200] [MainThread] [I] [toil.leader] Issued job 'CWLJob' 8e2a8934-0d23-4af3-9942-c57397067d9d.step1.wc-tool.cwl kind-CWLJob/instance-g9d0zvwz v1 with job batch system ID: 4 and cores: 1, disk: 2.0 Gi, and memory: 8.0 Mi
[2022-05-12T14:55:04+0200] [MainThread] [I] [toil.leader] Issued job 'CWLJob' 8e2a8934-0d23-4af3-9942-c57397067d9d.step1.wc-tool.cwl kind-CWLJob/instance-q67x5cll v1 with job batch system ID: 5 and cores: 1, disk: 2.0 Gi, and memory: 8.0 Mi
[2022-05-12T14:55:05+0200] [MainThread] [I] [toil.worker] Redirecting logging to /tmp/61e4c1e22fc65d2ba83ec022497e830c/ddfd/worker_log.txt
[2022-05-12T14:55:05+0200] [MainThread] [I] [toil.worker] Redirecting logging to /tmp/61e4c1e22fc65d2ba83ec022497e830c/494b/worker_log.txt
[2022-05-12T14:55:05+0200] [MainThread] [I] [toil.leader] Issued job 'CWLJob' 8e2a8934-0d23-4af3-9942-c57397067d9d.step2.parseInt-tool.cwl kind-CWLJob/instance-v3f3e91n v1 with job batch system ID: 6 and cores: 1, disk: 3.0 Gi, and memory: 2.0 Gi
[2022-05-12T14:55:05+0200] [MainThread] [I] [toil.leader] Issued job 'CWLJob' 8e2a8934-0d23-4af3-9942-c57397067d9d.step2.parseInt-tool.cwl kind-CWLJob/instance-04c1b13t v1 with job batch system ID: 7 and cores: 1, disk: 3.0 Gi, and memory: 2.0 Gi
[2022-05-12T14:55:06+0200] [MainThread] [I] [toil.worker] Redirecting logging to /tmp/61e4c1e22fc65d2ba83ec022497e830c/2687/worker_log.txt
[2022-05-12T14:55:06+0200] [MainThread] [I] [toil.worker] Redirecting logging to /tmp/61e4c1e22fc65d2ba83ec022497e830c/f97e/worker_log.txt
[2022-05-12T14:55:06+0200] [MainThread] [I] [toil.leader] Issued job 'CWLJob' 8e2a8934-0d23-4af3-9942-c57397067d9d.step1.wc-tool.cwl kind-CWLJob/instance-g9d0zvwz v2 with job batch system ID: 8 and cores: 1, disk: 2.0 Gi, and memory: 8.0 Mi
[2022-05-12T14:55:07+0200] [MainThread] [I] [toil.leader] Issued job 'CWLJob' 8e2a8934-0d23-4af3-9942-c57397067d9d.step1.wc-tool.cwl kind-CWLJob/instance-q67x5cll v2 with job batch system ID: 9 and cores: 1, disk: 2.0 Gi, and memory: 8.0 Mi
[2022-05-12T14:55:07+0200] [MainThread] [I] [toil.worker] Redirecting logging to /tmp/61e4c1e22fc65d2ba83ec022497e830c/7d77/worker_log.txt
[2022-05-12T14:55:07+0200] [MainThread] [I] [toil.worker] Redirecting logging to /tmp/61e4c1e22fc65d2ba83ec022497e830c/0955/worker_log.txt
[2022-05-12T14:55:08+0200] [MainThread] [I] [toil.worker] Redirecting logging to /tmp/61e4c1e22fc65d2ba83ec022497e830c/f2ee/worker_log.txt
[2022-05-12T14:55:09+0200] [MainThread] [I] [toil.worker] Redirecting logging to /tmp/61e4c1e22fc65d2ba83ec022497e830c/ce12/worker_log.txt
[2022-05-12T14:55:09+0200] [MainThread] [I] [toil.worker] Redirecting logging to /tmp/61e4c1e22fc65d2ba83ec022497e830c/6708/worker_log.txt
[2022-05-12T14:55:10+0200] [MainThread] [I] [toil.worker] Redirecting logging to /tmp/61e4c1e22fc65d2ba83ec022497e830c/676e/worker_log.txt
[2022-05-12T14:55:11+0200] [MainThread] [I] [toil.worker] Redirecting logging to /tmp/61e4c1e22fc65d2ba83ec022497e830c/2729/worker_log.txt
[2022-05-12T14:55:11+0200] [MainThread] [I] [toil.worker] Redirecting logging to /tmp/61e4c1e22fc65d2ba83ec022497e830c/3e98/worker_log.txt
[2022-05-12T14:55:12+0200] [MainThread] [I] [toil.worker] Redirecting logging to /tmp/61e4c1e22fc65d2ba83ec022497e830c/4c45/worker_log.txt
[2022-05-12T14:55:13+0200] [MainThread] [I] [toil.worker] Redirecting logging to /tmp/61e4c1e22fc65d2ba83ec022497e830c/71e3/worker_log.txt
[2022-05-12T14:55:15+0200] [MainThread] [I] [toil.leader] Finished toil run successfully.
[2022-05-12T14:55:15+0200] [MainThread] [I] [toil.common] Successfully deleted the job store: FileJobStore(/tmp/tmpi0lmfnnd)
</system-err>
		</testcase>
		<testcase name="Test twice nested subworkflow" time="21.293583" class="workflow, subworkflow, inline_javascript" file="workflow_embedded_subworkflow_embedded_subsubworkflow" url="cwltest:conformance_test_v1.0#140">
			<system-out>{
    &quot;count_output&quot;: 16
}</system-out>
			<system-err>[2022-05-12T14:54:56+0200] [MainThread] [I] [cwltool] Resolved 'v1.0/count-lines15-wf.cwl' to 'file:///home/michael/common-workflow-language/v1.0/v1.0/count-lines15-wf.cwl'
[2022-05-12T14:55:04+0200] [MainThread] [I] [toil.job] Saving graph of 2 jobs, 2 new
[2022-05-12T14:55:04+0200] [MainThread] [I] [toil.job] Processing job 'ResolveIndirect' kind-ResolveIndirect/instance-4rzh40ap v0
[2022-05-12T14:55:04+0200] [MainThread] [I] [toil.job] Processing job 'CWLWorkflow' kind-CWLWorkflow/instance-f8kycz_6 v0
[2022-05-12T14:55:04+0200] [MainThread] [I] [toil] Running Toil version 5.6.0-c34146a6437e4407a61e946e968bcce67a0ebbca on host mrc-tux.
[2022-05-12T14:55:05+0200] [MainThread] [I] [toil.worker] Redirecting logging to /tmp/38f8673001ff5248a4effdb28b4372e5/bac2/worker_log.txt
[2022-05-12T14:55:05+0200] [MainThread] [I] [toil.leader] 0 jobs are running, 0 jobs are issued and waiting to run
[2022-05-12T14:55:06+0200] [MainThread] [I] [toil.worker] Redirecting logging to /tmp/38f8673001ff5248a4effdb28b4372e5/0acd/worker_log.txt
[2022-05-12T14:55:07+0200] [MainThread] [I] [toil.worker] Redirecting logging to /tmp/38f8673001ff5248a4effdb28b4372e5/2468/worker_log.txt
[2022-05-12T14:55:08+0200] [MainThread] [I] [toil.leader] Issued job 'CWLJob' 7518a67d-99a7-45da-b208-1716a5c483ad.step1.wc-tool.cwl kind-CWLJob/instance-x66vkdrc v1 with job batch system ID: 3 and cores: 1, disk: 2.0 Gi, and memory: 8.0 Mi
[2022-05-12T14:55:08+0200] [MainThread] [I] [toil.worker] Redirecting logging to /tmp/38f8673001ff5248a4effdb28b4372e5/3d85/worker_log.txt
[2022-05-12T14:55:09+0200] [MainThread] [I] [toil.leader] Issued job 'CWLJob' 7518a67d-99a7-45da-b208-1716a5c483ad.step2.parseInt-tool.cwl kind-CWLJob/instance-jywa9ej9 v1 with job batch system ID: 4 and cores: 1, disk: 3.0 Gi, and memory: 2.0 Gi
[2022-05-12T14:55:09+0200] [MainThread] [I] [toil.worker] Redirecting logging to /tmp/38f8673001ff5248a4effdb28b4372e5/55bf/worker_log.txt
[2022-05-12T14:55:10+0200] [MainThread] [I] [toil.leader] Issued job 'CWLJob' 7518a67d-99a7-45da-b208-1716a5c483ad.step1.wc-tool.cwl kind-CWLJob/instance-x66vkdrc v2 with job batch system ID: 5 and cores: 1, disk: 2.0 Gi, and memory: 8.0 Mi
[2022-05-12T14:55:10+0200] [MainThread] [I] [toil.worker] Redirecting logging to /tmp/38f8673001ff5248a4effdb28b4372e5/7753/worker_log.txt
[2022-05-12T14:55:11+0200] [MainThread] [I] [toil.worker] Redirecting logging to /tmp/38f8673001ff5248a4effdb28b4372e5/89f5/worker_log.txt
[2022-05-12T14:55:12+0200] [MainThread] [I] [toil.worker] Redirecting logging to /tmp/38f8673001ff5248a4effdb28b4372e5/b8ac/worker_log.txt
[2022-05-12T14:55:13+0200] [MainThread] [I] [toil.worker] Redirecting logging to /tmp/38f8673001ff5248a4effdb28b4372e5/3e99/worker_log.txt
[2022-05-12T14:55:13+0200] [MainThread] [I] [toil.worker] Redirecting logging to /tmp/38f8673001ff5248a4effdb28b4372e5/2f5f/worker_log.txt
[2022-05-12T14:55:14+0200] [MainThread] [I] [toil.worker] Redirecting logging to /tmp/38f8673001ff5248a4effdb28b4372e5/c4b5/worker_log.txt
[2022-05-12T14:55:15+0200] [MainThread] [I] [toil.worker] Redirecting logging to /tmp/38f8673001ff5248a4effdb28b4372e5/e069/worker_log.txt
[2022-05-12T14:55:17+0200] [MainThread] [I] [toil.leader] Finished toil run successfully.
[2022-05-12T14:55:17+0200] [MainThread] [I] [toil.common] Successfully deleted the job store: FileJobStore(/tmp/tmpmhaxjwb8)
</system-err>
		</testcase>
		<testcase name="Test subworkflow of mixed depth with tool first" time="19.902606" class="workflow, subworkflow, inline_javascript" file="workflow_embedded_subworkflow_with_tool_and_subsubworkflow" url="cwltest:conformance_test_v1.0#141">
			<system-out>{
    &quot;count_output&quot;: 16
}</system-out>
			<system-err>[2022-05-12T14:54:58+0200] [MainThread] [I] [cwltool] Resolved 'v1.0/count-lines16-wf.cwl' to 'file:///home/michael/common-workflow-language/v1.0/v1.0/count-lines16-wf.cwl'
[2022-05-12T14:55:05+0200] [MainThread] [I] [toil.job] Saving graph of 2 jobs, 2 new
[2022-05-12T14:55:05+0200] [MainThread] [I] [toil.job] Processing job 'ResolveIndirect' kind-ResolveIndirect/instance-3hns93of v0
[2022-05-12T14:55:05+0200] [MainThread] [I] [toil.job] Processing job 'CWLWorkflow' kind-CWLWorkflow/instance-b1txsp0m v0
[2022-05-12T14:55:05+0200] [MainThread] [I] [toil] Running Toil version 5.6.0-c34146a6437e4407a61e946e968bcce67a0ebbca on host mrc-tux.
[2022-05-12T14:55:05+0200] [MainThread] [I] [toil.worker] Redirecting logging to /tmp/5670ab33b806529fa9ed583fbea81cf5/83f1/worker_log.txt
[2022-05-12T14:55:06+0200] [MainThread] [I] [toil.leader] 0 jobs are running, 0 jobs are issued and waiting to run
[2022-05-12T14:55:07+0200] [MainThread] [I] [toil.worker] Redirecting logging to /tmp/5670ab33b806529fa9ed583fbea81cf5/968c/worker_log.txt
[2022-05-12T14:55:07+0200] [MainThread] [I] [toil.leader] Issued job 'CWLJob' 9a4a2891-f17f-4f30-8cdd-adb8666a990b.step1.wc-tool.cwl kind-CWLJob/instance-nz1jhi8s v1 with job batch system ID: 2 and cores: 1, disk: 2.0 Gi, and memory: 8.0 Mi
[2022-05-12T14:55:08+0200] [MainThread] [I] [toil.worker] Redirecting logging to /tmp/5670ab33b806529fa9ed583fbea81cf5/98b8/worker_log.txt
[2022-05-12T14:55:09+0200] [MainThread] [I] [toil.worker] Redirecting logging to /tmp/5670ab33b806529fa9ed583fbea81cf5/a4d8/worker_log.txt
[2022-05-12T14:55:09+0200] [MainThread] [I] [toil.leader] Issued job 'CWLJob' 9412ebe9-5c1f-42eb-8bbe-447aa50d82e9.step1.parseInt-tool.cwl kind-CWLJob/instance-d02szisp v1 with job batch system ID: 4 and cores: 1, disk: 3.0 Gi, and memory: 2.0 Gi
[2022-05-12T14:55:09+0200] [MainThread] [I] [toil.worker] Redirecting logging to /tmp/5670ab33b806529fa9ed583fbea81cf5/2498/worker_log.txt
[2022-05-12T14:55:11+0200] [MainThread] [I] [toil.worker] Redirecting logging to /tmp/5670ab33b806529fa9ed583fbea81cf5/a688/worker_log.txt
[2022-05-12T14:55:11+0200] [MainThread] [I] [toil.worker] Redirecting logging to /tmp/5670ab33b806529fa9ed583fbea81cf5/2891/worker_log.txt
[2022-05-12T14:55:12+0200] [MainThread] [I] [toil.leader] Issued job 'CWLJob' 9a4a2891-f17f-4f30-8cdd-adb8666a990b.step1.wc-tool.cwl kind-CWLJob/instance-nz1jhi8s v2 with job batch system ID: 7 and cores: 1, disk: 2.0 Gi, and memory: 8.0 Mi
[2022-05-12T14:55:12+0200] [MainThread] [I] [toil.worker] Redirecting logging to /tmp/5670ab33b806529fa9ed583fbea81cf5/4061/worker_log.txt
[2022-05-12T14:55:13+0200] [MainThread] [I] [toil.worker] Redirecting logging to /tmp/5670ab33b806529fa9ed583fbea81cf5/9022/worker_log.txt
[2022-05-12T14:55:14+0200] [MainThread] [I] [toil.worker] Redirecting logging to /tmp/5670ab33b806529fa9ed583fbea81cf5/494a/worker_log.txt
[2022-05-12T14:55:14+0200] [MainThread] [I] [toil.worker] Redirecting logging to /tmp/5670ab33b806529fa9ed583fbea81cf5/1279/worker_log.txt
[2022-05-12T14:55:15+0200] [MainThread] [I] [toil.worker] Redirecting logging to /tmp/5670ab33b806529fa9ed583fbea81cf5/a4a7/worker_log.txt
[2022-05-12T14:55:17+0200] [MainThread] [I] [toil.leader] Finished toil run successfully.
[2022-05-12T14:55:17+0200] [MainThread] [I] [toil.common] Successfully deleted the job store: FileJobStore(/tmp/tmptpdwzjph)
</system-err>
		</testcase>
		<testcase name="Test subworkflow of mixed depth with tool after" time="17.650046" class="workflow, subworkflow, inline_javascript" file="workflow_embedded_subworkflow_with_subsubworkflow_and_tool" url="cwltest:conformance_test_v1.0#142">
			<system-out>{
    &quot;count_output&quot;: 16
}</system-out>
			<system-err>[2022-05-12T14:55:13+0200] [MainThread] [I] [cwltool] Resolved 'v1.0/count-lines17-wf.cwl' to 'file:///home/michael/common-workflow-language/v1.0/v1.0/count-lines17-wf.cwl'
[2022-05-12T14:55:19+0200] [MainThread] [I] [toil.job] Saving graph of 2 jobs, 2 new
[2022-05-12T14:55:19+0200] [MainThread] [I] [toil.job] Processing job 'ResolveIndirect' kind-ResolveIndirect/instance-4ym2a5rc v0
[2022-05-12T14:55:19+0200] [MainThread] [I] [toil.job] Processing job 'CWLWorkflow' kind-CWLWorkflow/instance-i20y7gao v0
[2022-05-12T14:55:19+0200] [MainThread] [I] [toil] Running Toil version 5.6.0-c34146a6437e4407a61e946e968bcce67a0ebbca on host mrc-tux.
[2022-05-12T14:55:20+0200] [MainThread] [I] [toil.worker] Redirecting logging to /tmp/14f19942eb23525eae695d46cd008383/0725/worker_log.txt
[2022-05-12T14:55:20+0200] [MainThread] [I] [toil.leader] 0 jobs are running, 0 jobs are issued and waiting to run
[2022-05-12T14:55:21+0200] [MainThread] [I] [toil.worker] Redirecting logging to /tmp/14f19942eb23525eae695d46cd008383/77c6/worker_log.txt
[2022-05-12T14:55:21+0200] [MainThread] [I] [toil.worker] Redirecting logging to /tmp/14f19942eb23525eae695d46cd008383/0154/worker_log.txt
[2022-05-12T14:55:22+0200] [MainThread] [I] [toil.leader] Issued job 'CWLJob' 4d2a59c3-8f2a-4fb8-87d9-288ce413e7f3.step1.wc-tool.cwl kind-CWLJob/instance-t0eiockj v1 with job batch system ID: 3 and cores: 1, disk: 2.0 Gi, and memory: 8.0 Mi
[2022-05-12T14:55:22+0200] [MainThread] [I] [toil.worker] Redirecting logging to /tmp/14f19942eb23525eae695d46cd008383/a982/worker_log.txt
[2022-05-12T14:55:23+0200] [MainThread] [I] [toil.worker] Redirecting logging to /tmp/14f19942eb23525eae695d46cd008383/ae5f/worker_log.txt
[2022-05-12T14:55:23+0200] [MainThread] [I] [toil.leader] Issued job 'CWLJob' a85b343c-09ba-4dcb-88c8-3bf6104a940f.step2.parseInt-tool.cwl kind-CWLJob/instance-a6t8nr5f v1 with job batch system ID: 5 and cores: 1, disk: 3.0 Gi, and memory: 2.0 Gi
[2022-05-12T14:55:24+0200] [MainThread] [I] [toil.worker] Redirecting logging to /tmp/14f19942eb23525eae695d46cd008383/cd7c/worker_log.txt
[2022-05-12T14:55:25+0200] [MainThread] [I] [toil.worker] Redirecting logging to /tmp/14f19942eb23525eae695d46cd008383/7179/worker_log.txt
[2022-05-12T14:55:25+0200] [MainThread] [I] [toil.worker] Redirecting logging to /tmp/14f19942eb23525eae695d46cd008383/62dc/worker_log.txt
[2022-05-12T14:55:26+0200] [MainThread] [I] [toil.worker] Redirecting logging to /tmp/14f19942eb23525eae695d46cd008383/16ca/worker_log.txt
[2022-05-12T14:55:27+0200] [MainThread] [I] [toil.worker] Redirecting logging to /tmp/14f19942eb23525eae695d46cd008383/9670/worker_log.txt
[2022-05-12T14:55:28+0200] [MainThread] [I] [toil.worker] Redirecting logging to /tmp/14f19942eb23525eae695d46cd008383/52ba/worker_log.txt
[2022-05-12T14:55:28+0200] [MainThread] [I] [toil.worker] Redirecting logging to /tmp/14f19942eb23525eae695d46cd008383/ef84/worker_log.txt
[2022-05-12T14:55:30+0200] [MainThread] [I] [toil.leader] Finished toil run successfully.
[2022-05-12T14:55:30+0200] [MainThread] [I] [toil.common] Successfully deleted the job store: FileJobStore(/tmp/tmpaqpgq9b5)
</system-err>
		</testcase>
		<testcase name="Test record type inputs to and outputs from workflows." time="8.109768" class="workflow, shell_command" file="workflow_records_inputs_and_outputs" url="cwltest:conformance_test_v1.0#143">
			<system-out>{
    &quot;orec&quot;: {
        &quot;ofoo&quot;: {
            &quot;location&quot;: &quot;file:///tmp/tmpu9u_p0hv/foo&quot;,
            &quot;basename&quot;: &quot;foo&quot;,
            &quot;nameroot&quot;: &quot;foo&quot;,
            &quot;nameext&quot;: &quot;&quot;,
            &quot;class&quot;: &quot;File&quot;,
            &quot;checksum&quot;: &quot;sha1$327fc7aedf4f6b69a42a7c8b808dc5a7aff61376&quot;,
            &quot;size&quot;: 1111
        },
        &quot;obar&quot;: {
            &quot;location&quot;: &quot;file:///tmp/tmpu9u_p0hv/bar&quot;,
            &quot;basename&quot;: &quot;bar&quot;,
            &quot;nameroot&quot;: &quot;bar&quot;,
            &quot;nameext&quot;: &quot;&quot;,
            &quot;class&quot;: &quot;File&quot;,
            &quot;checksum&quot;: &quot;sha1$aeb3d11bdf536511649129f4077d5cda6a324118&quot;,
            &quot;size&quot;: 12010
        }
    }
}</system-out>
			<system-err>[2022-05-12T14:55:15+0200] [MainThread] [I] [cwltool] Resolved 'v1.0/record-output-wf.cwl' to 'file:///home/michael/common-workflow-language/v1.0/v1.0/record-output-wf.cwl'
[2022-05-12T14:55:18+0200] [MainThread] [I] [toil.job] Saving graph of 2 jobs, 2 new
[2022-05-12T14:55:18+0200] [MainThread] [I] [toil.job] Processing job 'ResolveIndirect' kind-ResolveIndirect/instance-e4wfd_l3 v0
[2022-05-12T14:55:18+0200] [MainThread] [I] [toil.job] Processing job 'CWLWorkflow' kind-CWLWorkflow/instance-pg2sfrg3 v0
[2022-05-12T14:55:18+0200] [MainThread] [I] [toil] Running Toil version 5.6.0-c34146a6437e4407a61e946e968bcce67a0ebbca on host mrc-tux.
[2022-05-12T14:55:18+0200] [MainThread] [I] [toil.worker] Redirecting logging to /tmp/beea08adb92756ccaf9fa527345982f4/1f38/worker_log.txt
[2022-05-12T14:55:19+0200] [MainThread] [I] [toil.leader] 0 jobs are running, 0 jobs are issued and waiting to run
[2022-05-12T14:55:19+0200] [MainThread] [I] [toil.leader] Issued job 'CWLJob' record-output-wf.cwl.step1.record-output.cwl kind-CWLJob/instance-yyrlu9lx v1 with job batch system ID: 1 and cores: 1, disk: 2.0 Gi, and memory: 8.0 Mi
[2022-05-12T14:55:19+0200] [MainThread] [I] [toil.worker] Redirecting logging to /tmp/beea08adb92756ccaf9fa527345982f4/8fad/worker_log.txt
[2022-05-12T14:55:20+0200] [MainThread] [I] [toil.worker] Redirecting logging to /tmp/beea08adb92756ccaf9fa527345982f4/37dd/worker_log.txt
[2022-05-12T14:55:21+0200] [MainThread] [I] [toil.worker] Redirecting logging to /tmp/beea08adb92756ccaf9fa527345982f4/6c67/worker_log.txt
[2022-05-12T14:55:23+0200] [MainThread] [I] [toil.leader] Finished toil run successfully.
[2022-05-12T14:55:23+0200] [MainThread] [I] [toil.common] Successfully deleted the job store: FileJobStore(/tmp/tmp8j73zqbw)
</system-err>
		</testcase>
		<testcase name="Test integer workflow input and outputs" time="8.232414" class="workflow, inline_javascript, expression_tool" file="workflow_integer_input" url="cwltest:conformance_test_v1.0#144">
			<system-out>{
    &quot;o&quot;: 10
}</system-out>
			<system-err>[2022-05-12T14:55:18+0200] [MainThread] [I] [cwltool] Resolved 'v1.0/io-int-wf.cwl' to 'file:///home/michael/common-workflow-language/v1.0/v1.0/io-int-wf.cwl'
[2022-05-12T14:55:20+0200] [MainThread] [I] [toil.job] Saving graph of 2 jobs, 2 new
[2022-05-12T14:55:20+0200] [MainThread] [I] [toil.job] Processing job 'ResolveIndirect' kind-ResolveIndirect/instance-roo_aabg v0
[2022-05-12T14:55:20+0200] [MainThread] [I] [toil.job] Processing job 'CWLWorkflow' kind-CWLWorkflow/instance-q7eu20wy v0
[2022-05-12T14:55:20+0200] [MainThread] [I] [toil] Running Toil version 5.6.0-c34146a6437e4407a61e946e968bcce67a0ebbca on host mrc-tux.
[2022-05-12T14:55:20+0200] [MainThread] [I] [toil.worker] Redirecting logging to /tmp/949bebb72adb500eb85cab11ec21250a/19f3/worker_log.txt
[2022-05-12T14:55:21+0200] [MainThread] [I] [toil.leader] 0 jobs are running, 0 jobs are issued and waiting to run
[2022-05-12T14:55:21+0200] [MainThread] [I] [toil.leader] Issued job 'CWLJob' io-int-wf.cwl.step1.50900903-7833-4c99-895b-3ac5887156fe kind-CWLJob/instance-pgk0g0cu v1 with job batch system ID: 1 and cores: 1, disk: 3.0 Gi, and memory: 2.0 Gi
[2022-05-12T14:55:21+0200] [MainThread] [I] [toil.worker] Redirecting logging to /tmp/949bebb72adb500eb85cab11ec21250a/57ce/worker_log.txt
[2022-05-12T14:55:22+0200] [MainThread] [I] [toil.worker] Redirecting logging to /tmp/949bebb72adb500eb85cab11ec21250a/a12d/worker_log.txt
[2022-05-12T14:55:23+0200] [MainThread] [I] [toil.worker] Redirecting logging to /tmp/949bebb72adb500eb85cab11ec21250a/4077/worker_log.txt
[2022-05-12T14:55:25+0200] [MainThread] [I] [toil.leader] Finished toil run successfully.
[2022-05-12T14:55:25+0200] [MainThread] [I] [toil.common] Successfully deleted the job store: FileJobStore(/tmp/tmpnyisui7q)
</system-err>
		</testcase>
		<testcase name="Test optional integer workflow inputs (specified)" time="8.507432" class="workflow, inline_javascript, expression_tool" file="workflow_integer_input_optional_specified" url="cwltest:conformance_test_v1.0#145">
			<system-out>{
    &quot;o&quot;: 10
}</system-out>
			<system-err>[2022-05-12T14:55:18+0200] [MainThread] [I] [cwltool] Resolved 'v1.0/io-int-optional-wf.cwl' to 'file:///home/michael/common-workflow-language/v1.0/v1.0/io-int-optional-wf.cwl'
[2022-05-12T14:55:20+0200] [MainThread] [I] [toil.job] Saving graph of 2 jobs, 2 new
[2022-05-12T14:55:20+0200] [MainThread] [I] [toil.job] Processing job 'ResolveIndirect' kind-ResolveIndirect/instance-zp3lycd6 v0
[2022-05-12T14:55:21+0200] [MainThread] [I] [toil.job] Processing job 'CWLWorkflow' kind-CWLWorkflow/instance-kmcyid19 v0
[2022-05-12T14:55:21+0200] [MainThread] [I] [toil] Running Toil version 5.6.0-c34146a6437e4407a61e946e968bcce67a0ebbca on host mrc-tux.
[2022-05-12T14:55:21+0200] [MainThread] [I] [toil.worker] Redirecting logging to /tmp/bc867f364bde5d4cb9109268b75d6bdc/bfa3/worker_log.txt
[2022-05-12T14:55:21+0200] [MainThread] [I] [toil.leader] 0 jobs are running, 0 jobs are issued and waiting to run
[2022-05-12T14:55:21+0200] [MainThread] [I] [toil.leader] Issued job 'CWLJob' io-int-optional-wf.cwl.step1.be688374-3c80-4344-ada8-4d5f3cd59b9d kind-CWLJob/instance-xf26hb8c v1 with job batch system ID: 1 and cores: 1, disk: 3.0 Gi, and memory: 2.0 Gi
[2022-05-12T14:55:22+0200] [MainThread] [I] [toil.worker] Redirecting logging to /tmp/bc867f364bde5d4cb9109268b75d6bdc/310a/worker_log.txt
[2022-05-12T14:55:23+0200] [MainThread] [I] [toil.worker] Redirecting logging to /tmp/bc867f364bde5d4cb9109268b75d6bdc/f3f2/worker_log.txt
[2022-05-12T14:55:24+0200] [MainThread] [I] [toil.worker] Redirecting logging to /tmp/bc867f364bde5d4cb9109268b75d6bdc/444c/worker_log.txt
[2022-05-12T14:55:26+0200] [MainThread] [I] [toil.leader] Finished toil run successfully.
[2022-05-12T14:55:26+0200] [MainThread] [I] [toil.common] Successfully deleted the job store: FileJobStore(/tmp/tmphr8lbedz)
</system-err>
		</testcase>
		<testcase name="Test optional integer workflow inputs (unspecified)" time="7.921580" class="workflow, inline_javascript, expression_tool" file="workflow_integer_input_optional_unspecified" url="cwltest:conformance_test_v1.0#146">
			<system-out>{
    &quot;o&quot;: 4
}</system-out>
			<system-err>[2022-05-12T14:55:24+0200] [MainThread] [I] [cwltool] Resolved 'v1.0/io-int-optional-wf.cwl' to 'file:///home/michael/common-workflow-language/v1.0/v1.0/io-int-optional-wf.cwl'
[2022-05-12T14:55:26+0200] [MainThread] [I] [toil.job] Saving graph of 2 jobs, 2 new
[2022-05-12T14:55:26+0200] [MainThread] [I] [toil.job] Processing job 'ResolveIndirect' kind-ResolveIndirect/instance-lb8bk46_ v0
[2022-05-12T14:55:26+0200] [MainThread] [I] [toil.job] Processing job 'CWLWorkflow' kind-CWLWorkflow/instance-9heznyq0 v0
[2022-05-12T14:55:26+0200] [MainThread] [I] [toil] Running Toil version 5.6.0-c34146a6437e4407a61e946e968bcce67a0ebbca on host mrc-tux.
[2022-05-12T14:55:26+0200] [MainThread] [I] [toil.worker] Redirecting logging to /tmp/000ecda5792f5a0a8021901e7f8c7dba/29b2/worker_log.txt
[2022-05-12T14:55:26+0200] [MainThread] [I] [toil.leader] 0 jobs are running, 0 jobs are issued and waiting to run
[2022-05-12T14:55:26+0200] [MainThread] [I] [toil.leader] Issued job 'CWLJob' io-int-optional-wf.cwl.step1.1efd654e-6dd0-4a8f-af5d-b8fc6e94af61 kind-CWLJob/instance-9tbsknsw v1 with job batch system ID: 1 and cores: 1, disk: 3.0 Gi, and memory: 2.0 Gi
[2022-05-12T14:55:27+0200] [MainThread] [I] [toil.worker] Redirecting logging to /tmp/000ecda5792f5a0a8021901e7f8c7dba/94d8/worker_log.txt
[2022-05-12T14:55:28+0200] [MainThread] [I] [toil.worker] Redirecting logging to /tmp/000ecda5792f5a0a8021901e7f8c7dba/9d0b/worker_log.txt
[2022-05-12T14:55:29+0200] [MainThread] [I] [toil.worker] Redirecting logging to /tmp/000ecda5792f5a0a8021901e7f8c7dba/4036/worker_log.txt
[2022-05-12T14:55:31+0200] [MainThread] [I] [toil.leader] Finished toil run successfully.
[2022-05-12T14:55:31+0200] [MainThread] [I] [toil.common] Successfully deleted the job store: FileJobStore(/tmp/tmp7y9xrsxi)
</system-err>
		</testcase>
		<testcase name="Test default integer workflow inputs (specified)" time="8.153059" class="workflow, inline_javascript, expression_tool" file="workflow_integer_input_default_specified" url="cwltest:conformance_test_v1.0#147">
			<system-out>{
    &quot;o&quot;: 10
}</system-out>
			<system-err>[2022-05-12T14:55:26+0200] [MainThread] [I] [cwltool] Resolved 'v1.0/io-int-default-wf.cwl' to 'file:///home/michael/common-workflow-language/v1.0/v1.0/io-int-default-wf.cwl'
[2022-05-12T14:55:28+0200] [MainThread] [I] [toil.job] Saving graph of 2 jobs, 2 new
[2022-05-12T14:55:28+0200] [MainThread] [I] [toil.job] Processing job 'ResolveIndirect' kind-ResolveIndirect/instance-reg4nfs5 v0
[2022-05-12T14:55:28+0200] [MainThread] [I] [toil.job] Processing job 'CWLWorkflow' kind-CWLWorkflow/instance-fsks_21u v0
[2022-05-12T14:55:28+0200] [MainThread] [I] [toil] Running Toil version 5.6.0-c34146a6437e4407a61e946e968bcce67a0ebbca on host mrc-tux.
[2022-05-12T14:55:29+0200] [MainThread] [I] [toil.worker] Redirecting logging to /tmp/c22040def09e53828ca3575eddb99ff3/572b/worker_log.txt
[2022-05-12T14:55:29+0200] [MainThread] [I] [toil.leader] 0 jobs are running, 0 jobs are issued and waiting to run
[2022-05-12T14:55:29+0200] [MainThread] [I] [toil.leader] Issued job 'CWLJob' io-int-default-wf.cwl.step1.86e5b772-1833-4440-bca7-2e4069611196 kind-CWLJob/instance-_pp89v3a v1 with job batch system ID: 1 and cores: 1, disk: 3.0 Gi, and memory: 2.0 Gi
[2022-05-12T14:55:29+0200] [MainThread] [I] [toil.worker] Redirecting logging to /tmp/c22040def09e53828ca3575eddb99ff3/6fe8/worker_log.txt
[2022-05-12T14:55:30+0200] [MainThread] [I] [toil.worker] Redirecting logging to /tmp/c22040def09e53828ca3575eddb99ff3/2f85/worker_log.txt
[2022-05-12T14:55:31+0200] [MainThread] [I] [toil.worker] Redirecting logging to /tmp/c22040def09e53828ca3575eddb99ff3/411d/worker_log.txt
[2022-05-12T14:55:33+0200] [MainThread] [I] [toil.leader] Finished toil run successfully.
[2022-05-12T14:55:33+0200] [MainThread] [I] [toil.common] Successfully deleted the job store: FileJobStore(/tmp/tmp9yz30v7q)
</system-err>
		</testcase>
		<testcase name="Test default integer workflow inputs (unspecified)" time="8.191020" class="workflow, inline_javascript, expression_tool" file="workflow_integer_input_default_unspecified" url="cwltest:conformance_test_v1.0#148">
			<system-out>{
    &quot;o&quot;: 8
}</system-out>
			<system-err>[2022-05-12T14:55:26+0200] [MainThread] [I] [cwltool] Resolved 'v1.0/io-int-default-wf.cwl' to 'file:///home/michael/common-workflow-language/v1.0/v1.0/io-int-default-wf.cwl'
[2022-05-12T14:55:29+0200] [MainThread] [I] [toil.job] Saving graph of 2 jobs, 2 new
[2022-05-12T14:55:29+0200] [MainThread] [I] [toil.job] Processing job 'ResolveIndirect' kind-ResolveIndirect/instance-7zchl31y v0
[2022-05-12T14:55:29+0200] [MainThread] [I] [toil.job] Processing job 'CWLWorkflow' kind-CWLWorkflow/instance-3ucki1m1 v0
[2022-05-12T14:55:29+0200] [MainThread] [I] [toil] Running Toil version 5.6.0-c34146a6437e4407a61e946e968bcce67a0ebbca on host mrc-tux.
[2022-05-12T14:55:29+0200] [MainThread] [I] [toil.worker] Redirecting logging to /tmp/f6672ebf4dd85732b9cffe32d4e54224/0345/worker_log.txt
[2022-05-12T14:55:29+0200] [MainThread] [I] [toil.leader] 0 jobs are running, 0 jobs are issued and waiting to run
[2022-05-12T14:55:29+0200] [MainThread] [I] [toil.leader] Issued job 'CWLJob' io-int-default-wf.cwl.step1.a46eae1b-af91-4998-9e0b-4a0b539fb616 kind-CWLJob/instance-knrd8ibm v1 with job batch system ID: 1 and cores: 1, disk: 3.0 Gi, and memory: 2.0 Gi
[2022-05-12T14:55:30+0200] [MainThread] [I] [toil.worker] Redirecting logging to /tmp/f6672ebf4dd85732b9cffe32d4e54224/78fd/worker_log.txt
[2022-05-12T14:55:31+0200] [MainThread] [I] [toil.worker] Redirecting logging to /tmp/f6672ebf4dd85732b9cffe32d4e54224/85d4/worker_log.txt
[2022-05-12T14:55:32+0200] [MainThread] [I] [toil.worker] Redirecting logging to /tmp/f6672ebf4dd85732b9cffe32d4e54224/e32d/worker_log.txt
[2022-05-12T14:55:34+0200] [MainThread] [I] [toil.leader] Finished toil run successfully.
[2022-05-12T14:55:34+0200] [MainThread] [I] [toil.common] Successfully deleted the job store: FileJobStore(/tmp/tmp6m7lrxia)
</system-err>
		</testcase>
		<testcase name="Test default integer tool and workflow inputs (unspecified)" time="8.728384" class="workflow, inline_javascript, expression_tool" file="workflow_integer_input_default_and_tool_integer_input_default" url="cwltest:conformance_test_v1.0#149">
			<system-out>{
    &quot;o&quot;: 13
}</system-out>
			<system-err>[2022-05-12T14:55:31+0200] [MainThread] [I] [cwltool] Resolved 'v1.0/io-int-default-tool-and-wf.cwl' to 'file:///home/michael/common-workflow-language/v1.0/v1.0/io-int-default-tool-and-wf.cwl'
[2022-05-12T14:55:34+0200] [MainThread] [I] [toil.job] Saving graph of 2 jobs, 2 new
[2022-05-12T14:55:34+0200] [MainThread] [I] [toil.job] Processing job 'ResolveIndirect' kind-ResolveIndirect/instance-il67xz1k v0
[2022-05-12T14:55:34+0200] [MainThread] [I] [toil.job] Processing job 'CWLWorkflow' kind-CWLWorkflow/instance-m67q1_z8 v0
[2022-05-12T14:55:34+0200] [MainThread] [I] [toil] Running Toil version 5.6.0-c34146a6437e4407a61e946e968bcce67a0ebbca on host mrc-tux.
[2022-05-12T14:55:34+0200] [MainThread] [I] [toil.worker] Redirecting logging to /tmp/2c04dc93be555bf2948b2b786beb17d7/2a25/worker_log.txt
[2022-05-12T14:55:35+0200] [MainThread] [I] [toil.leader] 0 jobs are running, 0 jobs are issued and waiting to run
[2022-05-12T14:55:35+0200] [MainThread] [I] [toil.leader] Issued job 'CWLJob' io-int-default-tool-and-wf.cwl.step1.c5bbf9fa-e874-48e1-b3fa-40b845939773 kind-CWLJob/instance-nrb089kb v1 with job batch system ID: 1 and cores: 1, disk: 3.0 Gi, and memory: 2.0 Gi
[2022-05-12T14:55:35+0200] [MainThread] [I] [toil.worker] Redirecting logging to /tmp/2c04dc93be555bf2948b2b786beb17d7/6855/worker_log.txt
[2022-05-12T14:55:36+0200] [MainThread] [I] [toil.worker] Redirecting logging to /tmp/2c04dc93be555bf2948b2b786beb17d7/1412/worker_log.txt
[2022-05-12T14:55:37+0200] [MainThread] [I] [toil.worker] Redirecting logging to /tmp/2c04dc93be555bf2948b2b786beb17d7/ea40/worker_log.txt
[2022-05-12T14:55:39+0200] [MainThread] [I] [toil.leader] Finished toil run successfully.
[2022-05-12T14:55:39+0200] [MainThread] [I] [toil.common] Successfully deleted the job store: FileJobStore(/tmp/tmpxv1ubevp)
</system-err>
		</testcase>
		<testcase name="Test File input with default unspecified to workflow" time="6.897335" class="workflow" file="workflow_file_input_default_unspecified" url="cwltest:conformance_test_v1.0#150">
			<system-out>{
    &quot;o&quot;: {
        &quot;location&quot;: &quot;file:///tmp/tmpj0snpc4f/output&quot;,
        &quot;basename&quot;: &quot;output&quot;,
        &quot;nameroot&quot;: &quot;output&quot;,
        &quot;nameext&quot;: &quot;&quot;,
        &quot;class&quot;: &quot;File&quot;,
        &quot;checksum&quot;: &quot;sha1$327fc7aedf4f6b69a42a7c8b808dc5a7aff61376&quot;,
        &quot;size&quot;: 1111
    }
}</system-out>
			<system-err>[2022-05-12T14:55:31+0200] [MainThread] [I] [cwltool] Resolved 'v1.0/io-file-default-wf.cwl' to 'file:///home/michael/common-workflow-language/v1.0/v1.0/io-file-default-wf.cwl'
[2022-05-12T14:55:34+0200] [MainThread] [I] [toil.job] Saving graph of 2 jobs, 2 new
[2022-05-12T14:55:34+0200] [MainThread] [I] [toil.job] Processing job 'ResolveIndirect' kind-ResolveIndirect/instance-mbnps4t2 v0
[2022-05-12T14:55:34+0200] [MainThread] [I] [toil.job] Processing job 'CWLWorkflow' kind-CWLWorkflow/instance-mj0x9rwd v0
[2022-05-12T14:55:34+0200] [MainThread] [I] [toil] Running Toil version 5.6.0-c34146a6437e4407a61e946e968bcce67a0ebbca on host mrc-tux.
[2022-05-12T14:55:34+0200] [MainThread] [I] [toil.worker] Redirecting logging to /tmp/f832e42da08d53cc950310a98c5e893b/a701/worker_log.txt
[2022-05-12T14:55:34+0200] [MainThread] [I] [toil.leader] 0 jobs are running, 0 jobs are issued and waiting to run
[2022-05-12T14:55:34+0200] [MainThread] [I] [toil.leader] Issued job 'CWLJob' io-file-default-wf.cwl.step1.3f2b4794-6d5c-4d6b-9eb5-604bbf89fd95 kind-CWLJob/instance-_0v0ykbe v1 with job batch system ID: 1 and cores: 1, disk: 3.0 Gi, and memory: 2.0 Gi
[2022-05-12T14:55:35+0200] [MainThread] [I] [toil.worker] Redirecting logging to /tmp/f832e42da08d53cc950310a98c5e893b/1aa9/worker_log.txt
[2022-05-12T14:55:35+0200] [MainThread] [I] [toil.worker] Redirecting logging to /tmp/f832e42da08d53cc950310a98c5e893b/1dc1/worker_log.txt
[2022-05-12T14:55:36+0200] [MainThread] [I] [toil.worker] Redirecting logging to /tmp/f832e42da08d53cc950310a98c5e893b/b01b/worker_log.txt
[2022-05-12T14:55:38+0200] [MainThread] [I] [toil.leader] Finished toil run successfully.
[2022-05-12T14:55:38+0200] [MainThread] [I] [toil.common] Successfully deleted the job store: FileJobStore(/tmp/tmp84790663)
</system-err>
		</testcase>
		<testcase name="Test File input with default specified to workflow" time="7.066524" class="workflow" file="workflow_file_input_default_specified" url="cwltest:conformance_test_v1.0#151">
			<system-out>{
    &quot;o&quot;: {
        &quot;location&quot;: &quot;file:///tmp/tmpv_0yrbgs/output&quot;,
        &quot;basename&quot;: &quot;output&quot;,
        &quot;nameroot&quot;: &quot;output&quot;,
        &quot;nameext&quot;: &quot;&quot;,
        &quot;class&quot;: &quot;File&quot;,
        &quot;checksum&quot;: &quot;sha1$47a013e660d408619d894b20806b1d5086aab03b&quot;,
        &quot;size&quot;: 13
    }
}</system-out>
			<system-err>[2022-05-12T14:55:34+0200] [MainThread] [I] [cwltool] Resolved 'v1.0/io-file-default-wf.cwl' to 'file:///home/michael/common-workflow-language/v1.0/v1.0/io-file-default-wf.cwl'
[2022-05-12T14:55:36+0200] [MainThread] [I] [toil.job] Saving graph of 2 jobs, 2 new
[2022-05-12T14:55:36+0200] [MainThread] [I] [toil.job] Processing job 'ResolveIndirect' kind-ResolveIndirect/instance-_fl42xzs v0
[2022-05-12T14:55:36+0200] [MainThread] [I] [toil.job] Processing job 'CWLWorkflow' kind-CWLWorkflow/instance-rl_nv8h9 v0
[2022-05-12T14:55:36+0200] [MainThread] [I] [toil] Running Toil version 5.6.0-c34146a6437e4407a61e946e968bcce67a0ebbca on host mrc-tux.
[2022-05-12T14:55:37+0200] [MainThread] [I] [toil.worker] Redirecting logging to /tmp/8363fa21b1c355d9a7b0d087252617fd/faa5/worker_log.txt
[2022-05-12T14:55:37+0200] [MainThread] [I] [toil.leader] 0 jobs are running, 0 jobs are issued and waiting to run
[2022-05-12T14:55:37+0200] [MainThread] [I] [toil.leader] Issued job 'CWLJob' io-file-default-wf.cwl.step1.06d73426-3435-4df1-b85d-dea21df1997d kind-CWLJob/instance-83dbw8m7 v1 with job batch system ID: 1 and cores: 1, disk: 3.0 Gi, and memory: 2.0 Gi
[2022-05-12T14:55:37+0200] [MainThread] [I] [toil.worker] Redirecting logging to /tmp/8363fa21b1c355d9a7b0d087252617fd/f0b2/worker_log.txt
[2022-05-12T14:55:38+0200] [MainThread] [I] [toil.worker] Redirecting logging to /tmp/8363fa21b1c355d9a7b0d087252617fd/762b/worker_log.txt
[2022-05-12T14:55:39+0200] [MainThread] [I] [toil.worker] Redirecting logging to /tmp/8363fa21b1c355d9a7b0d087252617fd/cb8e/worker_log.txt
[2022-05-12T14:55:40+0200] [MainThread] [I] [toil.leader] Finished toil run successfully.
[2022-05-12T14:55:40+0200] [MainThread] [I] [toil.common] Successfully deleted the job store: FileJobStore(/tmp/tmp8bicqjap)
</system-err>
		</testcase>
		<testcase name="Test input union type or File or File array to a tool with one file in array specified." time="6.086363" class="command_line_tool, inline_javascript" file="clt_optional_union_input_file_or_files_with_array_of_one_file_provided" url="cwltest:conformance_test_v1.0#152">
			<system-out>{
    &quot;output_file&quot;: {
        &quot;location&quot;: &quot;file:///tmp/tmprfwkm843/output.txt&quot;,
        &quot;basename&quot;: &quot;output.txt&quot;,
        &quot;nameroot&quot;: &quot;output&quot;,
        &quot;nameext&quot;: &quot;.txt&quot;,
        &quot;class&quot;: &quot;File&quot;,
        &quot;checksum&quot;: &quot;sha1$da39a3ee5e6b4b0d3255bfef95601890afd80709&quot;,
        &quot;size&quot;: 0
    }
}</system-out>
			<system-err>[2022-05-12T14:55:35+0200] [MainThread] [I] [cwltool] Resolved 'v1.0/io-file-or-files.cwl' to 'file:///home/michael/common-workflow-language/v1.0/v1.0/io-file-or-files.cwl'
[2022-05-12T14:55:36+0200] [MainThread] [I] [toil.job] Saving graph of 1 jobs, 1 new
[2022-05-12T14:55:36+0200] [MainThread] [I] [toil.job] Processing job 'CWLJob' io-file-or-files.cwl kind-CWLJob/instance-22yk90_8 v0
[2022-05-12T14:55:36+0200] [MainThread] [I] [toil] Running Toil version 5.6.0-c34146a6437e4407a61e946e968bcce67a0ebbca on host mrc-tux.
[2022-05-12T14:55:36+0200] [MainThread] [I] [toil.leader] Issued job 'CWLJob' io-file-or-files.cwl kind-CWLJob/instance-22yk90_8 v1 with job batch system ID: 0 and cores: 1, disk: 2.0 Gi, and memory: 8.0 Mi
[2022-05-12T14:55:37+0200] [MainThread] [I] [toil.worker] Redirecting logging to /tmp/b22cc8294b5258de9bbcc2b61c74fc5f/2a65/worker_log.txt
[2022-05-12T14:55:37+0200] [MainThread] [I] [toil.leader] 0 jobs are running, 0 jobs are issued and waiting to run
[2022-05-12T14:55:40+0200] [MainThread] [I] [toil.leader] Finished toil run successfully.
[2022-05-12T14:55:40+0200] [MainThread] [I] [toil.common] Successfully deleted the job store: FileJobStore(/tmp/tmpm_wdkizg)
</system-err>
		</testcase>
		<testcase name="Test input union type or File or File array to a tool with a few files in array specified." time="4.303175" class="command_line_tool, inline_javascript" file="clt_optional_union_input_file_or_files_with_many_files_provided" url="cwltest:conformance_test_v1.0#153">
			<system-out>{
    &quot;output_file&quot;: {
        &quot;location&quot;: &quot;file:///tmp/tmpz4ob0h4g/output.txt&quot;,
        &quot;basename&quot;: &quot;output.txt&quot;,
        &quot;nameroot&quot;: &quot;output&quot;,
        &quot;nameext&quot;: &quot;.txt&quot;,
        &quot;class&quot;: &quot;File&quot;,
        &quot;checksum&quot;: &quot;sha1$6d1723861ad5a1260f1c3c07c93076c5a215f646&quot;,
        &quot;size&quot;: 1114
    }
}</system-out>
			<system-err>[2022-05-12T14:55:38+0200] [MainThread] [I] [cwltool] Resolved 'v1.0/io-file-or-files.cwl' to 'file:///home/michael/common-workflow-language/v1.0/v1.0/io-file-or-files.cwl'
[2022-05-12T14:55:40+0200] [MainThread] [I] [toil.job] Saving graph of 1 jobs, 1 new
[2022-05-12T14:55:40+0200] [MainThread] [I] [toil.job] Processing job 'CWLJob' io-file-or-files.cwl kind-CWLJob/instance-rlaelhfx v0
[2022-05-12T14:55:40+0200] [MainThread] [I] [toil] Running Toil version 5.6.0-c34146a6437e4407a61e946e968bcce67a0ebbca on host mrc-tux.
[2022-05-12T14:55:40+0200] [MainThread] [I] [toil.leader] Issued job 'CWLJob' io-file-or-files.cwl kind-CWLJob/instance-rlaelhfx v1 with job batch system ID: 0 and cores: 1, disk: 2.0 Gi, and memory: 8.0 Mi
[2022-05-12T14:55:40+0200] [MainThread] [I] [toil.worker] Redirecting logging to /tmp/a4d8758c372859f7809ccc9c7a1d6a11/28c1/worker_log.txt
[2022-05-12T14:55:41+0200] [MainThread] [I] [toil.leader] 0 jobs are running, 0 jobs are issued and waiting to run
[2022-05-12T14:55:42+0200] [MainThread] [I] [toil.leader] Finished toil run successfully.
[2022-05-12T14:55:42+0200] [MainThread] [I] [toil.common] Successfully deleted the job store: FileJobStore(/tmp/tmpm6lb9zb9)
</system-err>
		</testcase>
		<testcase name="Test input union type or File or File array to a tool with one file specified." time="4.191354" class="command_line_tool, inline_javascript" file="clt_optional_union_input_file_or_files_with_single_file_provided" url="cwltest:conformance_test_v1.0#154">
			<system-out>{
    &quot;output_file&quot;: {
        &quot;location&quot;: &quot;file:///tmp/tmp_mrng6n2/output.txt&quot;,
        &quot;basename&quot;: &quot;output.txt&quot;,
        &quot;nameroot&quot;: &quot;output&quot;,
        &quot;nameext&quot;: &quot;.txt&quot;,
        &quot;class&quot;: &quot;File&quot;,
        &quot;checksum&quot;: &quot;sha1$327fc7aedf4f6b69a42a7c8b808dc5a7aff61376&quot;,
        &quot;size&quot;: 1111
    }
}</system-out>
			<system-err>[2022-05-12T14:55:40+0200] [MainThread] [I] [cwltool] Resolved 'v1.0/io-file-or-files.cwl' to 'file:///home/michael/common-workflow-language/v1.0/v1.0/io-file-or-files.cwl'
[2022-05-12T14:55:41+0200] [MainThread] [I] [toil.job] Saving graph of 1 jobs, 1 new
[2022-05-12T14:55:41+0200] [MainThread] [I] [toil.job] Processing job 'CWLJob' io-file-or-files.cwl kind-CWLJob/instance-98_pcrrp v0
[2022-05-12T14:55:41+0200] [MainThread] [I] [toil] Running Toil version 5.6.0-c34146a6437e4407a61e946e968bcce67a0ebbca on host mrc-tux.
[2022-05-12T14:55:41+0200] [MainThread] [I] [toil.leader] Issued job 'CWLJob' io-file-or-files.cwl kind-CWLJob/instance-98_pcrrp v1 with job batch system ID: 0 and cores: 1, disk: 2.0 Gi, and memory: 8.0 Mi
[2022-05-12T14:55:42+0200] [MainThread] [I] [toil.worker] Redirecting logging to /tmp/9c2380c8e6085a56a00859ec8a59fdc0/103c/worker_log.txt
[2022-05-12T14:55:42+0200] [MainThread] [I] [toil.leader] 0 jobs are running, 0 jobs are issued and waiting to run
[2022-05-12T14:55:43+0200] [MainThread] [I] [toil.leader] Finished toil run successfully.
[2022-05-12T14:55:43+0200] [MainThread] [I] [toil.common] Successfully deleted the job store: FileJobStore(/tmp/tmprthjwvh9)
</system-err>
		</testcase>
		<testcase name="Test input union type or File or File array to a tool with null specified." time="5.429889" class="command_line_tool, inline_javascript" file="clt_optional_union_input_file_or_files_with_nothing_provided" url="cwltest:conformance_test_v1.0#155">
			<system-out>{
    &quot;output_file&quot;: {
        &quot;location&quot;: &quot;file:///tmp/tmpvenjamei/output.txt&quot;,
        &quot;basename&quot;: &quot;output.txt&quot;,
        &quot;nameroot&quot;: &quot;output&quot;,
        &quot;nameext&quot;: &quot;.txt&quot;,
        &quot;class&quot;: &quot;File&quot;,
        &quot;checksum&quot;: &quot;sha1$503458abf7614be3fb26d85ff5d8f3e17aa0a552&quot;,
        &quot;size&quot;: 10
    }
}</system-out>
			<system-err>[2022-05-12T14:55:41+0200] [MainThread] [I] [cwltool] Resolved 'v1.0/io-file-or-files.cwl' to 'file:///home/michael/common-workflow-language/v1.0/v1.0/io-file-or-files.cwl'
[2022-05-12T14:55:42+0200] [MainThread] [I] [toil.job] Saving graph of 1 jobs, 1 new
[2022-05-12T14:55:42+0200] [MainThread] [I] [toil.job] Processing job 'CWLJob' io-file-or-files.cwl kind-CWLJob/instance-adhwi47k v0
[2022-05-12T14:55:42+0200] [MainThread] [I] [toil] Running Toil version 5.6.0-c34146a6437e4407a61e946e968bcce67a0ebbca on host mrc-tux.
[2022-05-12T14:55:42+0200] [MainThread] [I] [toil.leader] Issued job 'CWLJob' io-file-or-files.cwl kind-CWLJob/instance-adhwi47k v1 with job batch system ID: 0 and cores: 1, disk: 2.0 Gi, and memory: 8.0 Mi
[2022-05-12T14:55:43+0200] [MainThread] [I] [toil.worker] Redirecting logging to /tmp/58f3743c1f80555c84a97575f18630dd/4a0d/worker_log.txt
[2022-05-12T14:55:43+0200] [MainThread] [I] [toil.leader] 0 jobs are running, 0 jobs are issued and waiting to run
[2022-05-12T14:55:45+0200] [MainThread] [I] [toil.leader] Finished toil run successfully.
[2022-05-12T14:55:45+0200] [MainThread] [I] [toil.common] Successfully deleted the job store: FileJobStore(/tmp/tmp2p_czu9i)
</system-err>
		</testcase>
		<testcase name="Test Any parameter with integer input to a tool" time="5.402419" class="command_line_tool, inline_javascript" file="clt_any_input_with_integer_provided" url="cwltest:conformance_test_v1.0#156">
			<system-out>{
    &quot;t1&quot;: 7
}</system-out>
			<system-err>[2022-05-12T14:55:41+0200] [MainThread] [I] [cwltool] Resolved 'v1.0/io-any-1.cwl' to 'file:///home/michael/common-workflow-language/v1.0/v1.0/io-any-1.cwl'
[2022-05-12T14:55:43+0200] [MainThread] [I] [toil.job] Saving graph of 1 jobs, 1 new
[2022-05-12T14:55:43+0200] [MainThread] [I] [toil.job] Processing job 'CWLJob' io-any-1.cwl kind-CWLJob/instance-3sz9ho92 v0
[2022-05-12T14:55:43+0200] [MainThread] [I] [toil] Running Toil version 5.6.0-c34146a6437e4407a61e946e968bcce67a0ebbca on host mrc-tux.
[2022-05-12T14:55:43+0200] [MainThread] [I] [toil.leader] Issued job 'CWLJob' io-any-1.cwl kind-CWLJob/instance-3sz9ho92 v1 with job batch system ID: 0 and cores: 1, disk: 2.0 Gi, and memory: 8.0 Mi
[2022-05-12T14:55:43+0200] [MainThread] [I] [toil.worker] Redirecting logging to /tmp/70fe9fed48005687b67c12a6dbee87b0/a164/worker_log.txt
[2022-05-12T14:55:44+0200] [MainThread] [I] [toil.leader] 0 jobs are running, 0 jobs are issued and waiting to run
[2022-05-12T14:55:46+0200] [MainThread] [I] [toil.leader] Finished toil run successfully.
[2022-05-12T14:55:46+0200] [MainThread] [I] [toil.common] Successfully deleted the job store: FileJobStore(/tmp/tmpocr1srr6)
</system-err>
		</testcase>
		<testcase name="Test Any parameter with string input to a tool" time="4.452797" class="command_line_tool, inline_javascript" file="clt_any_input_with_string_provided" url="cwltest:conformance_test_v1.0#157">
			<system-out>{
    &quot;t1&quot;: &quot;7&quot;
}</system-out>
			<system-err>[2022-05-12T14:55:43+0200] [MainThread] [I] [cwltool] Resolved 'v1.0/io-any-1.cwl' to 'file:///home/michael/common-workflow-language/v1.0/v1.0/io-any-1.cwl'
[2022-05-12T14:55:44+0200] [MainThread] [I] [toil.job] Saving graph of 1 jobs, 1 new
[2022-05-12T14:55:44+0200] [MainThread] [I] [toil.job] Processing job 'CWLJob' io-any-1.cwl kind-CWLJob/instance-vqg9jh0g v0
[2022-05-12T14:55:44+0200] [MainThread] [I] [toil] Running Toil version 5.6.0-c34146a6437e4407a61e946e968bcce67a0ebbca on host mrc-tux.
[2022-05-12T14:55:44+0200] [MainThread] [I] [toil.leader] Issued job 'CWLJob' io-any-1.cwl kind-CWLJob/instance-vqg9jh0g v1 with job batch system ID: 0 and cores: 1, disk: 2.0 Gi, and memory: 8.0 Mi
[2022-05-12T14:55:45+0200] [MainThread] [I] [toil.worker] Redirecting logging to /tmp/f89f64534e715f969f1229835ae13ecc/ca61/worker_log.txt
[2022-05-12T14:55:45+0200] [MainThread] [I] [toil.leader] 0 jobs are running, 0 jobs are issued and waiting to run
[2022-05-12T14:55:46+0200] [MainThread] [I] [toil.leader] Finished toil run successfully.
[2022-05-12T14:55:46+0200] [MainThread] [I] [toil.common] Successfully deleted the job store: FileJobStore(/tmp/tmpflx3m8h_)
</system-err>
		</testcase>
		<testcase name="Test Any parameter with file input to a tool" time="4.269261" class="command_line_tool, inline_javascript" file="clt_any_input_with_file_provided" url="cwltest:conformance_test_v1.0#158">
			<system-out>{
    &quot;t1&quot;: &quot;File&quot;
}</system-out>
			<system-err>[2022-05-12T14:55:44+0200] [MainThread] [I] [cwltool] Resolved 'v1.0/io-any-1.cwl' to 'file:///home/michael/common-workflow-language/v1.0/v1.0/io-any-1.cwl'
[2022-05-12T14:55:45+0200] [MainThread] [I] [toil.job] Saving graph of 1 jobs, 1 new
[2022-05-12T14:55:45+0200] [MainThread] [I] [toil.job] Processing job 'CWLJob' io-any-1.cwl kind-CWLJob/instance-l29qdraz v0
[2022-05-12T14:55:45+0200] [MainThread] [I] [toil] Running Toil version 5.6.0-c34146a6437e4407a61e946e968bcce67a0ebbca on host mrc-tux.
[2022-05-12T14:55:45+0200] [MainThread] [I] [toil.leader] Issued job 'CWLJob' io-any-1.cwl kind-CWLJob/instance-l29qdraz v1 with job batch system ID: 0 and cores: 1, disk: 2.0 Gi, and memory: 8.0 Mi
[2022-05-12T14:55:46+0200] [MainThread] [I] [toil.worker] Redirecting logging to /tmp/a420cb0ee6045fbd93a1118a0fc7e02f/7e70/worker_log.txt
[2022-05-12T14:55:46+0200] [MainThread] [I] [toil.leader] 0 jobs are running, 0 jobs are issued and waiting to run
[2022-05-12T14:55:47+0200] [MainThread] [I] [toil.leader] Finished toil run successfully.
[2022-05-12T14:55:47+0200] [MainThread] [I] [toil.common] Successfully deleted the job store: FileJobStore(/tmp/tmp4wts5i7e)
</system-err>
		</testcase>
		<testcase name="Test Any parameter with array input to a tool" time="5.278201" class="command_line_tool, inline_javascript" file="clt_any_input_with_mixed_array_provided" url="cwltest:conformance_test_v1.0#159">
			<system-out>{
    &quot;t1&quot;: [
        1,
        &quot;moocow&quot;
    ]
}</system-out>
			<system-err>[2022-05-12T14:55:46+0200] [MainThread] [I] [cwltool] Resolved 'v1.0/io-any-1.cwl' to 'file:///home/michael/common-workflow-language/v1.0/v1.0/io-any-1.cwl'
[2022-05-12T14:55:47+0200] [MainThread] [I] [toil.job] Saving graph of 1 jobs, 1 new
[2022-05-12T14:55:47+0200] [MainThread] [I] [toil.job] Processing job 'CWLJob' io-any-1.cwl kind-CWLJob/instance-w53j544y v0
[2022-05-12T14:55:47+0200] [MainThread] [I] [toil] Running Toil version 5.6.0-c34146a6437e4407a61e946e968bcce67a0ebbca on host mrc-tux.
[2022-05-12T14:55:48+0200] [MainThread] [I] [toil.leader] Issued job 'CWLJob' io-any-1.cwl kind-CWLJob/instance-w53j544y v1 with job batch system ID: 0 and cores: 1, disk: 2.0 Gi, and memory: 8.0 Mi
[2022-05-12T14:55:48+0200] [MainThread] [I] [toil.worker] Redirecting logging to /tmp/204620dbf0ff5ee697b235c04c1c9945/ad21/worker_log.txt
[2022-05-12T14:55:49+0200] [MainThread] [I] [toil.leader] 0 jobs are running, 0 jobs are issued and waiting to run
[2022-05-12T14:55:51+0200] [MainThread] [I] [toil.leader] Finished toil run successfully.
[2022-05-12T14:55:51+0200] [MainThread] [I] [toil.common] Successfully deleted the job store: FileJobStore(/tmp/tmpd5gcdwf7)
</system-err>
		</testcase>
		<testcase name="Test Any parameter with record input to a tool" time="5.315500" class="command_line_tool, inline_javascript" file="clt_any_input_with_record_provided" url="cwltest:conformance_test_v1.0#160">
			<system-out>{
    &quot;t1&quot;: {
        &quot;moo&quot;: 1,
        &quot;cow&quot;: 5
    }
}</system-out>
			<system-err>[2022-05-12T14:55:46+0200] [MainThread] [I] [cwltool] Resolved 'v1.0/io-any-1.cwl' to 'file:///home/michael/common-workflow-language/v1.0/v1.0/io-any-1.cwl'
[2022-05-12T14:55:48+0200] [MainThread] [I] [toil.job] Saving graph of 1 jobs, 1 new
[2022-05-12T14:55:48+0200] [MainThread] [I] [toil.job] Processing job 'CWLJob' io-any-1.cwl kind-CWLJob/instance-lmss3un1 v0
[2022-05-12T14:55:48+0200] [MainThread] [I] [toil] Running Toil version 5.6.0-c34146a6437e4407a61e946e968bcce67a0ebbca on host mrc-tux.
[2022-05-12T14:55:48+0200] [MainThread] [I] [toil.leader] Issued job 'CWLJob' io-any-1.cwl kind-CWLJob/instance-lmss3un1 v1 with job batch system ID: 0 and cores: 1, disk: 2.0 Gi, and memory: 8.0 Mi
[2022-05-12T14:55:48+0200] [MainThread] [I] [toil.worker] Redirecting logging to /tmp/5a86f5ef944756d5bdf548d3435879ae/3d15/worker_log.txt
[2022-05-12T14:55:49+0200] [MainThread] [I] [toil.leader] 0 jobs are running, 0 jobs are issued and waiting to run
[2022-05-12T14:55:51+0200] [MainThread] [I] [toil.leader] Finished toil run successfully.
[2022-05-12T14:55:51+0200] [MainThread] [I] [toil.common] Successfully deleted the job store: FileJobStore(/tmp/tmp7m3b8rnk)
</system-err>
		</testcase>
		<testcase name="Test Any parameter with integer input to a workflow" time="8.514690" class="workflow, inline_javascript" file="workflow_any_input_with_integer_provided" url="cwltest:conformance_test_v1.0#161">
			<system-out>{
    &quot;t1&quot;: 7
}</system-out>
			<system-err>[2022-05-12T14:55:47+0200] [MainThread] [I] [cwltool] Resolved 'v1.0/io-any-wf-1.cwl' to 'file:///home/michael/common-workflow-language/v1.0/v1.0/io-any-wf-1.cwl'
[2022-05-12T14:55:50+0200] [MainThread] [I] [toil.job] Saving graph of 2 jobs, 2 new
[2022-05-12T14:55:50+0200] [MainThread] [I] [toil.job] Processing job 'ResolveIndirect' kind-ResolveIndirect/instance-rya3d6q_ v0
[2022-05-12T14:55:50+0200] [MainThread] [I] [toil.job] Processing job 'CWLWorkflow' kind-CWLWorkflow/instance-yeblkofz v0
[2022-05-12T14:55:50+0200] [MainThread] [I] [toil] Running Toil version 5.6.0-c34146a6437e4407a61e946e968bcce67a0ebbca on host mrc-tux.
[2022-05-12T14:55:50+0200] [MainThread] [I] [toil.worker] Redirecting logging to /tmp/8687ee3925ca58f69fa4fcb2fdf8603b/cead/worker_log.txt
[2022-05-12T14:55:50+0200] [MainThread] [I] [toil.leader] 0 jobs are running, 0 jobs are issued and waiting to run
[2022-05-12T14:55:50+0200] [MainThread] [I] [toil.leader] Issued job 'CWLJob' io-any-wf-1.cwl.step1.io-any-1.cwl kind-CWLJob/instance-pvqtbzz1 v1 with job batch system ID: 1 and cores: 1, disk: 2.0 Gi, and memory: 8.0 Mi
[2022-05-12T14:55:51+0200] [MainThread] [I] [toil.worker] Redirecting logging to /tmp/8687ee3925ca58f69fa4fcb2fdf8603b/b49f/worker_log.txt
[2022-05-12T14:55:52+0200] [MainThread] [I] [toil.worker] Redirecting logging to /tmp/8687ee3925ca58f69fa4fcb2fdf8603b/029b/worker_log.txt
[2022-05-12T14:55:53+0200] [MainThread] [I] [toil.worker] Redirecting logging to /tmp/8687ee3925ca58f69fa4fcb2fdf8603b/520d/worker_log.txt
[2022-05-12T14:55:55+0200] [MainThread] [I] [toil.leader] Finished toil run successfully.
[2022-05-12T14:55:55+0200] [MainThread] [I] [toil.common] Successfully deleted the job store: FileJobStore(/tmp/tmp6gpni5ry)
</system-err>
		</testcase>
		<testcase name="Test Any parameter with string input to a workflow" time="8.544125" class="workflow, inline_javascript" file="workflow_any_input_with_string_provided" url="cwltest:conformance_test_v1.0#162">
			<system-out>{
    &quot;t1&quot;: &quot;7&quot;
}</system-out>
			<system-err>[2022-05-12T14:55:48+0200] [MainThread] [I] [cwltool] Resolved 'v1.0/io-any-wf-1.cwl' to 'file:///home/michael/common-workflow-language/v1.0/v1.0/io-any-wf-1.cwl'
[2022-05-12T14:55:51+0200] [MainThread] [I] [toil.job] Saving graph of 2 jobs, 2 new
[2022-05-12T14:55:51+0200] [MainThread] [I] [toil.job] Processing job 'ResolveIndirect' kind-ResolveIndirect/instance-7pfq_h36 v0
[2022-05-12T14:55:51+0200] [MainThread] [I] [toil.job] Processing job 'CWLWorkflow' kind-CWLWorkflow/instance-mb8o9ma_ v0
[2022-05-12T14:55:51+0200] [MainThread] [I] [toil] Running Toil version 5.6.0-c34146a6437e4407a61e946e968bcce67a0ebbca on host mrc-tux.
[2022-05-12T14:55:51+0200] [MainThread] [I] [toil.worker] Redirecting logging to /tmp/c4df4e19d7ec53bca5e8a1e42161090d/c231/worker_log.txt
[2022-05-12T14:55:52+0200] [MainThread] [I] [toil.leader] 0 jobs are running, 0 jobs are issued and waiting to run
[2022-05-12T14:55:52+0200] [MainThread] [I] [toil.leader] Issued job 'CWLJob' io-any-wf-1.cwl.step1.io-any-1.cwl kind-CWLJob/instance-ungxtqef v1 with job batch system ID: 1 and cores: 1, disk: 2.0 Gi, and memory: 8.0 Mi
[2022-05-12T14:55:52+0200] [MainThread] [I] [toil.worker] Redirecting logging to /tmp/c4df4e19d7ec53bca5e8a1e42161090d/6715/worker_log.txt
[2022-05-12T14:55:53+0200] [MainThread] [I] [toil.worker] Redirecting logging to /tmp/c4df4e19d7ec53bca5e8a1e42161090d/361e/worker_log.txt
[2022-05-12T14:55:54+0200] [MainThread] [I] [toil.worker] Redirecting logging to /tmp/c4df4e19d7ec53bca5e8a1e42161090d/502e/worker_log.txt
[2022-05-12T14:55:56+0200] [MainThread] [I] [toil.leader] Finished toil run successfully.
[2022-05-12T14:55:56+0200] [MainThread] [I] [toil.common] Successfully deleted the job store: FileJobStore(/tmp/tmp7o9t49fc)
</system-err>
		</testcase>
		<testcase name="Test Any parameter with file input to a workflow" time="8.565674" class="workflow, inline_javascript" file="workflow_any_input_with_file_provided" url="cwltest:conformance_test_v1.0#163">
			<system-out>{
    &quot;t1&quot;: &quot;File&quot;
}</system-out>
			<system-err>[2022-05-12T14:55:51+0200] [MainThread] [I] [cwltool] Resolved 'v1.0/io-any-wf-1.cwl' to 'file:///home/michael/common-workflow-language/v1.0/v1.0/io-any-wf-1.cwl'
[2022-05-12T14:55:54+0200] [MainThread] [I] [toil.job] Saving graph of 2 jobs, 2 new
[2022-05-12T14:55:54+0200] [MainThread] [I] [toil.job] Processing job 'ResolveIndirect' kind-ResolveIndirect/instance-zeg2og7d v0
[2022-05-12T14:55:54+0200] [MainThread] [I] [toil.job] Processing job 'CWLWorkflow' kind-CWLWorkflow/instance-bcck22no v0
[2022-05-12T14:55:54+0200] [MainThread] [I] [toil] Running Toil version 5.6.0-c34146a6437e4407a61e946e968bcce67a0ebbca on host mrc-tux.
[2022-05-12T14:55:55+0200] [MainThread] [I] [toil.worker] Redirecting logging to /tmp/51c4883056b6514186d2d14912f3cf6c/88d3/worker_log.txt
[2022-05-12T14:55:55+0200] [MainThread] [I] [toil.leader] 0 jobs are running, 0 jobs are issued and waiting to run
[2022-05-12T14:55:55+0200] [MainThread] [I] [toil.leader] Issued job 'CWLJob' io-any-wf-1.cwl.step1.io-any-1.cwl kind-CWLJob/instance-tieztcsw v1 with job batch system ID: 1 and cores: 1, disk: 2.0 Gi, and memory: 8.0 Mi
[2022-05-12T14:55:55+0200] [MainThread] [I] [toil.worker] Redirecting logging to /tmp/51c4883056b6514186d2d14912f3cf6c/db4d/worker_log.txt
[2022-05-12T14:55:56+0200] [MainThread] [I] [toil.worker] Redirecting logging to /tmp/51c4883056b6514186d2d14912f3cf6c/5e99/worker_log.txt
[2022-05-12T14:55:57+0200] [MainThread] [I] [toil.worker] Redirecting logging to /tmp/51c4883056b6514186d2d14912f3cf6c/f141/worker_log.txt
[2022-05-12T14:55:59+0200] [MainThread] [I] [toil.leader] Finished toil run successfully.
[2022-05-12T14:55:59+0200] [MainThread] [I] [toil.common] Successfully deleted the job store: FileJobStore(/tmp/tmp8ka9kxdd)
</system-err>
		</testcase>
		<testcase name="Test Any parameter with array input to a workflow" time="8.489785" class="workflow, inline_javascript" file="workflow_any_input_with_mixed_array_provided" url="cwltest:conformance_test_v1.0#164">
			<system-out>{
    &quot;t1&quot;: [
        1,
        &quot;moocow&quot;
    ]
}</system-out>
			<system-err>[2022-05-12T14:55:52+0200] [MainThread] [I] [cwltool] Resolved 'v1.0/io-any-wf-1.cwl' to 'file:///home/michael/common-workflow-language/v1.0/v1.0/io-any-wf-1.cwl'
[2022-05-12T14:55:54+0200] [MainThread] [I] [toil.job] Saving graph of 2 jobs, 2 new
[2022-05-12T14:55:54+0200] [MainThread] [I] [toil.job] Processing job 'ResolveIndirect' kind-ResolveIndirect/instance-5_s0s2_l v0
[2022-05-12T14:55:54+0200] [MainThread] [I] [toil.job] Processing job 'CWLWorkflow' kind-CWLWorkflow/instance-g_0nchhv v0
[2022-05-12T14:55:54+0200] [MainThread] [I] [toil] Running Toil version 5.6.0-c34146a6437e4407a61e946e968bcce67a0ebbca on host mrc-tux.
[2022-05-12T14:55:55+0200] [MainThread] [I] [toil.worker] Redirecting logging to /tmp/bed423ec55c45362967a01bc950e3815/9544/worker_log.txt
[2022-05-12T14:55:55+0200] [MainThread] [I] [toil.leader] 0 jobs are running, 0 jobs are issued and waiting to run
[2022-05-12T14:55:55+0200] [MainThread] [I] [toil.leader] Issued job 'CWLJob' io-any-wf-1.cwl.step1.io-any-1.cwl kind-CWLJob/instance-ddti67ne v1 with job batch system ID: 1 and cores: 1, disk: 2.0 Gi, and memory: 8.0 Mi
[2022-05-12T14:55:56+0200] [MainThread] [I] [toil.worker] Redirecting logging to /tmp/bed423ec55c45362967a01bc950e3815/c30f/worker_log.txt
[2022-05-12T14:55:57+0200] [MainThread] [I] [toil.worker] Redirecting logging to /tmp/bed423ec55c45362967a01bc950e3815/5fc8/worker_log.txt
[2022-05-12T14:55:57+0200] [MainThread] [I] [toil.worker] Redirecting logging to /tmp/bed423ec55c45362967a01bc950e3815/16a7/worker_log.txt
[2022-05-12T14:55:59+0200] [MainThread] [I] [toil.leader] Finished toil run successfully.
[2022-05-12T14:55:59+0200] [MainThread] [I] [toil.common] Successfully deleted the job store: FileJobStore(/tmp/tmpgd4w4kob)
</system-err>
		</testcase>
		<testcase name="Test Any parameter with record input to a tool in a workflow" time="8.441177" class="workflow, inline_javascript" file="workflow_any_input_with_record_provided" url="cwltest:conformance_test_v1.0#165">
			<system-out>{
    &quot;t1&quot;: {
        &quot;moo&quot;: 1,
        &quot;cow&quot;: 5
    }
}</system-out>
			<system-err>[2022-05-12T14:55:56+0200] [MainThread] [I] [cwltool] Resolved 'v1.0/io-any-wf-1.cwl' to 'file:///home/michael/common-workflow-language/v1.0/v1.0/io-any-wf-1.cwl'
[2022-05-12T14:55:58+0200] [MainThread] [I] [toil.job] Saving graph of 2 jobs, 2 new
[2022-05-12T14:55:58+0200] [MainThread] [I] [toil.job] Processing job 'ResolveIndirect' kind-ResolveIndirect/instance-2txry4ou v0
[2022-05-12T14:55:58+0200] [MainThread] [I] [toil.job] Processing job 'CWLWorkflow' kind-CWLWorkflow/instance-b25da6ix v0
[2022-05-12T14:55:58+0200] [MainThread] [I] [toil] Running Toil version 5.6.0-c34146a6437e4407a61e946e968bcce67a0ebbca on host mrc-tux.
[2022-05-12T14:55:59+0200] [MainThread] [I] [toil.worker] Redirecting logging to /tmp/c6b9fc94d4dc5a4a81457921c419daa8/b9e8/worker_log.txt
[2022-05-12T14:55:59+0200] [MainThread] [I] [toil.leader] 0 jobs are running, 0 jobs are issued and waiting to run
[2022-05-12T14:55:59+0200] [MainThread] [I] [toil.leader] Issued job 'CWLJob' io-any-wf-1.cwl.step1.io-any-1.cwl kind-CWLJob/instance-4eifol8d v1 with job batch system ID: 1 and cores: 1, disk: 2.0 Gi, and memory: 8.0 Mi
[2022-05-12T14:55:59+0200] [MainThread] [I] [toil.worker] Redirecting logging to /tmp/c6b9fc94d4dc5a4a81457921c419daa8/90d0/worker_log.txt
[2022-05-12T14:56:00+0200] [MainThread] [I] [toil.worker] Redirecting logging to /tmp/c6b9fc94d4dc5a4a81457921c419daa8/e1d8/worker_log.txt
[2022-05-12T14:56:01+0200] [MainThread] [I] [toil.worker] Redirecting logging to /tmp/c6b9fc94d4dc5a4a81457921c419daa8/f3ba/worker_log.txt
[2022-05-12T14:56:03+0200] [MainThread] [I] [toil.leader] Finished toil run successfully.
[2022-05-12T14:56:03+0200] [MainThread] [I] [toil.common] Successfully deleted the job store: FileJobStore(/tmp/tmppd0vyqa4)
</system-err>
		</testcase>
		<testcase name="Test union type input to workflow with default unspecified" time="8.119777" class="workflow, inline_javascript, expression_tool" file="workflow_union_default_input_unspecified" url="cwltest:conformance_test_v1.0#166">
			<system-out>{
    &quot;o&quot;: &quot;the default value&quot;
}</system-out>
			<system-err>[2022-05-12T14:55:57+0200] [MainThread] [I] [cwltool] Resolved 'v1.0/io-union-input-default-wf.cwl' to 'file:///home/michael/common-workflow-language/v1.0/v1.0/io-union-input-default-wf.cwl'
[2022-05-12T14:55:59+0200] [MainThread] [I] [toil.job] Saving graph of 2 jobs, 2 new
[2022-05-12T14:55:59+0200] [MainThread] [I] [toil.job] Processing job 'ResolveIndirect' kind-ResolveIndirect/instance-v59qj7tl v0
[2022-05-12T14:55:59+0200] [MainThread] [I] [toil.job] Processing job 'CWLWorkflow' kind-CWLWorkflow/instance-kv723rpy v0
[2022-05-12T14:55:59+0200] [MainThread] [I] [toil] Running Toil version 5.6.0-c34146a6437e4407a61e946e968bcce67a0ebbca on host mrc-tux.
[2022-05-12T14:56:00+0200] [MainThread] [I] [toil.worker] Redirecting logging to /tmp/64671570c761587c93e33aedcb493e64/76cd/worker_log.txt
[2022-05-12T14:56:00+0200] [MainThread] [I] [toil.leader] 0 jobs are running, 0 jobs are issued and waiting to run
[2022-05-12T14:56:00+0200] [MainThread] [I] [toil.leader] Issued job 'CWLJob' io-union-input-default-wf.cwl.step1.ddba95f7-ba44-4d9d-8cfd-ba7e4a7d911d kind-CWLJob/instance-u6evvyi2 v1 with job batch system ID: 1 and cores: 1, disk: 3.0 Gi, and memory: 2.0 Gi
[2022-05-12T14:56:00+0200] [MainThread] [I] [toil.worker] Redirecting logging to /tmp/64671570c761587c93e33aedcb493e64/412b/worker_log.txt
[2022-05-12T14:56:01+0200] [MainThread] [I] [toil.worker] Redirecting logging to /tmp/64671570c761587c93e33aedcb493e64/7753/worker_log.txt
[2022-05-12T14:56:02+0200] [MainThread] [I] [toil.worker] Redirecting logging to /tmp/64671570c761587c93e33aedcb493e64/7b4a/worker_log.txt
[2022-05-12T14:56:04+0200] [MainThread] [I] [toil.leader] Finished toil run successfully.
[2022-05-12T14:56:04+0200] [MainThread] [I] [toil.common] Successfully deleted the job store: FileJobStore(/tmp/tmp_knngg6p)
</system-err>
		</testcase>
		<testcase name="Test union type input to workflow with default specified as file" time="8.240132" class="workflow, inline_javascript, expression_tool" file="workflow_union_default_input_with_file_provided" url="cwltest:conformance_test_v1.0#167">
			<system-out>{
    &quot;o&quot;: &quot;File&quot;
}</system-out>
			<system-err>[2022-05-12T14:56:00+0200] [MainThread] [I] [cwltool] Resolved 'v1.0/io-union-input-default-wf.cwl' to 'file:///home/michael/common-workflow-language/v1.0/v1.0/io-union-input-default-wf.cwl'
[2022-05-12T14:56:02+0200] [MainThread] [I] [toil.job] Saving graph of 2 jobs, 2 new
[2022-05-12T14:56:02+0200] [MainThread] [I] [toil.job] Processing job 'ResolveIndirect' kind-ResolveIndirect/instance-0oqgsggw v0
[2022-05-12T14:56:02+0200] [MainThread] [I] [toil.job] Processing job 'CWLWorkflow' kind-CWLWorkflow/instance-nzv8zm2n v0
[2022-05-12T14:56:02+0200] [MainThread] [I] [toil] Running Toil version 5.6.0-c34146a6437e4407a61e946e968bcce67a0ebbca on host mrc-tux.
[2022-05-12T14:56:03+0200] [MainThread] [I] [toil.worker] Redirecting logging to /tmp/0d65a765be0857a2a23d92eb6b1e933f/0325/worker_log.txt
[2022-05-12T14:56:03+0200] [MainThread] [I] [toil.leader] 0 jobs are running, 0 jobs are issued and waiting to run
[2022-05-12T14:56:03+0200] [MainThread] [I] [toil.leader] Issued job 'CWLJob' io-union-input-default-wf.cwl.step1.0f0c1d31-ebfc-4fe3-9fbc-2d719c858127 kind-CWLJob/instance-omzw_sil v1 with job batch system ID: 1 and cores: 1, disk: 3.0 Gi, and memory: 2.0 Gi
[2022-05-12T14:56:03+0200] [MainThread] [I] [toil.worker] Redirecting logging to /tmp/0d65a765be0857a2a23d92eb6b1e933f/9c35/worker_log.txt
[2022-05-12T14:56:04+0200] [MainThread] [I] [toil.worker] Redirecting logging to /tmp/0d65a765be0857a2a23d92eb6b1e933f/122e/worker_log.txt
[2022-05-12T14:56:05+0200] [MainThread] [I] [toil.worker] Redirecting logging to /tmp/0d65a765be0857a2a23d92eb6b1e933f/20fc/worker_log.txt
[2022-05-12T14:56:07+0200] [MainThread] [I] [toil.leader] Finished toil run successfully.
[2022-05-12T14:56:07+0200] [MainThread] [I] [toil.common] Successfully deleted the job store: FileJobStore(/tmp/tmpc36ao_5j)
</system-err>
		</testcase>
		<testcase name="Test valueFrom on workflow step from literal (string)." time="7.201927" class="workflow, step_input" file="workflowstep_valuefrom_string" url="cwltest:conformance_test_v1.0#168">
			<system-out>{
    &quot;val&quot;: &quot;moocow\n&quot;
}</system-out>
			<system-err>[2022-05-12T14:56:00+0200] [MainThread] [I] [cwltool] Resolved 'v1.0/step-valuefrom4-wf.cwl' to 'file:///home/michael/common-workflow-language/v1.0/v1.0/step-valuefrom4-wf.cwl'
[2022-05-12T14:56:03+0200] [MainThread] [I] [toil.job] Saving graph of 2 jobs, 2 new
[2022-05-12T14:56:03+0200] [MainThread] [I] [toil.job] Processing job 'ResolveIndirect' kind-ResolveIndirect/instance-lujc79bj v0
[2022-05-12T14:56:03+0200] [MainThread] [I] [toil.job] Processing job 'CWLWorkflow' kind-CWLWorkflow/instance-nxdaidp7 v0
[2022-05-12T14:56:03+0200] [MainThread] [I] [toil] Running Toil version 5.6.0-c34146a6437e4407a61e946e968bcce67a0ebbca on host mrc-tux.
[2022-05-12T14:56:03+0200] [MainThread] [I] [toil.worker] Redirecting logging to /tmp/22baad70402d55ddb5f41fee50e5a1ae/1d23/worker_log.txt
[2022-05-12T14:56:03+0200] [MainThread] [I] [toil.leader] 0 jobs are running, 0 jobs are issued and waiting to run
[2022-05-12T14:56:03+0200] [MainThread] [I] [toil.leader] Issued job 'CWLJob' step-valuefrom4-wf.cwl.step1.echo kind-CWLJob/instance-i9uc6ynp v1 with job batch system ID: 1 and cores: 1, disk: 3.0 Gi, and memory: 2.0 Gi
[2022-05-12T14:56:04+0200] [MainThread] [I] [toil.worker] Redirecting logging to /tmp/22baad70402d55ddb5f41fee50e5a1ae/a934/worker_log.txt
[2022-05-12T14:56:04+0200] [MainThread] [I] [toil.worker] Redirecting logging to /tmp/22baad70402d55ddb5f41fee50e5a1ae/7f44/worker_log.txt
[2022-05-12T14:56:05+0200] [MainThread] [I] [toil.worker] Redirecting logging to /tmp/22baad70402d55ddb5f41fee50e5a1ae/eb2a/worker_log.txt
[2022-05-12T14:56:07+0200] [MainThread] [I] [toil.leader] Finished toil run successfully.
[2022-05-12T14:56:07+0200] [MainThread] [I] [toil.common] Successfully deleted the job store: FileJobStore(/tmp/tmpi1frxeyz)
</system-err>
		</testcase>
		<testcase name="Test valueFrom on workflow step using basename." time="7.888402" class="workflow, step_input" file="workflowstep_valuefrom_file_basename" url="cwltest:conformance_test_v1.0#169">
			<system-out>{
    &quot;val1&quot;: &quot;whale.txt\n&quot;,
    &quot;val2&quot;: &quot;step1_out\n&quot;
}</system-out>
			<system-err>[2022-05-12T14:56:04+0200] [MainThread] [I] [cwltool] Resolved 'v1.0/step-valuefrom5-wf.cwl' to 'file:///home/michael/common-workflow-language/v1.0/v1.0/step-valuefrom5-wf.cwl'
[2022-05-12T14:56:07+0200] [MainThread] [I] [toil.job] Saving graph of 2 jobs, 2 new
[2022-05-12T14:56:07+0200] [MainThread] [I] [toil.job] Processing job 'ResolveIndirect' kind-ResolveIndirect/instance-3mdnbeg3 v0
[2022-05-12T14:56:07+0200] [MainThread] [I] [toil.job] Processing job 'CWLWorkflow' kind-CWLWorkflow/instance-pfokx1hh v0
[2022-05-12T14:56:07+0200] [MainThread] [I] [toil] Running Toil version 5.6.0-c34146a6437e4407a61e946e968bcce67a0ebbca on host mrc-tux.
[2022-05-12T14:56:08+0200] [MainThread] [I] [toil.worker] Redirecting logging to /tmp/719eca170ade54e6af05ae9ac0bd851c/99c1/worker_log.txt
[2022-05-12T14:56:08+0200] [MainThread] [I] [toil.leader] 0 jobs are running, 0 jobs are issued and waiting to run
[2022-05-12T14:56:08+0200] [MainThread] [I] [toil.leader] Issued job 'CWLJob' step-valuefrom5-wf.cwl.step1.27e06aa9-c0bd-4c9a-a68c-f351746b9c45 kind-CWLJob/instance-6s58gqb1 v1 with job batch system ID: 1 and cores: 1, disk: 3.0 Gi, and memory: 2.0 Gi
[2022-05-12T14:56:08+0200] [MainThread] [I] [toil.worker] Redirecting logging to /tmp/719eca170ade54e6af05ae9ac0bd851c/4edc/worker_log.txt
[2022-05-12T14:56:09+0200] [MainThread] [I] [toil.worker] Redirecting logging to /tmp/719eca170ade54e6af05ae9ac0bd851c/cb37/worker_log.txt
[2022-05-12T14:56:10+0200] [MainThread] [I] [toil.worker] Redirecting logging to /tmp/719eca170ade54e6af05ae9ac0bd851c/599c/worker_log.txt
[2022-05-12T14:56:11+0200] [MainThread] [I] [toil.leader] Finished toil run successfully.
[2022-05-12T14:56:11+0200] [MainThread] [I] [toil.common] Successfully deleted the job store: FileJobStore(/tmp/tmp9l5e4k1f)
</system-err>
		</testcase>
		<testcase name="Test output arrays in a tool (with ints)." time="5.361426" class="expression_tool, inline_javascript" file="expression_tool_int_array_output" url="cwltest:conformance_test_v1.0#170">
			<system-out>{
    &quot;o&quot;: [
        0,
        1,
        2
    ]
}</system-out>
			<system-err>[2022-05-12T14:56:05+0200] [MainThread] [I] [cwltool] Resolved 'v1.0/output-arrays-int.cwl' to 'file:///home/michael/common-workflow-language/v1.0/v1.0/output-arrays-int.cwl'
[2022-05-12T14:56:06+0200] [MainThread] [I] [toil.job] Saving graph of 1 jobs, 1 new
[2022-05-12T14:56:06+0200] [MainThread] [I] [toil.job] Processing job 'CWLJob' output-arrays-int.cwl kind-CWLJob/instance-b4qxmh8u v0
[2022-05-12T14:56:06+0200] [MainThread] [I] [toil] Running Toil version 5.6.0-c34146a6437e4407a61e946e968bcce67a0ebbca on host mrc-tux.
[2022-05-12T14:56:06+0200] [MainThread] [I] [toil.leader] Issued job 'CWLJob' output-arrays-int.cwl kind-CWLJob/instance-b4qxmh8u v1 with job batch system ID: 0 and cores: 1, disk: 3.0 Gi, and memory: 2.0 Gi
[2022-05-12T14:56:07+0200] [MainThread] [I] [toil.worker] Redirecting logging to /tmp/6df8a8554cb75804aa3cccc67b86a5cf/89d4/worker_log.txt
[2022-05-12T14:56:07+0200] [MainThread] [I] [toil.leader] 0 jobs are running, 0 jobs are issued and waiting to run
[2022-05-12T14:56:09+0200] [MainThread] [I] [toil.leader] Finished toil run successfully.
[2022-05-12T14:56:09+0200] [MainThread] [I] [toil.common] Successfully deleted the job store: FileJobStore(/tmp/tmp0gbb0g4x)
</system-err>
		</testcase>
		<testcase name="Test output arrays in a workflow (with ints)." time="10.141911" class="workflow, expression_tool, inline_javascript" file="workflowstep_int_array_input_output" url="cwltest:conformance_test_v1.0#171">
			<system-out>{
    &quot;o&quot;: 12
}</system-out>
			<system-err>[2022-05-12T14:56:07+0200] [MainThread] [I] [cwltool] Resolved 'v1.0/output-arrays-int-wf.cwl' to 'file:///home/michael/common-workflow-language/v1.0/v1.0/output-arrays-int-wf.cwl'
[2022-05-12T14:56:12+0200] [MainThread] [I] [toil.job] Saving graph of 2 jobs, 2 new
[2022-05-12T14:56:12+0200] [MainThread] [I] [toil.job] Processing job 'ResolveIndirect' kind-ResolveIndirect/instance-xarshubr v0
[2022-05-12T14:56:12+0200] [MainThread] [I] [toil.job] Processing job 'CWLWorkflow' kind-CWLWorkflow/instance-yzdpl7fg v0
[2022-05-12T14:56:12+0200] [MainThread] [I] [toil] Running Toil version 5.6.0-c34146a6437e4407a61e946e968bcce67a0ebbca on host mrc-tux.
[2022-05-12T14:56:12+0200] [MainThread] [I] [toil.worker] Redirecting logging to /tmp/979d060dc52359b5ae898c8cd831ebfe/8777/worker_log.txt
[2022-05-12T14:56:13+0200] [MainThread] [I] [toil.leader] 0 jobs are running, 0 jobs are issued and waiting to run
[2022-05-12T14:56:13+0200] [MainThread] [I] [toil.leader] Issued job 'CWLJob' output-arrays-int-wf.cwl.step1.f8218ffe-c8f2-40ce-9f64-39984f639265 kind-CWLJob/instance-kw6a9a88 v1 with job batch system ID: 1 and cores: 1, disk: 3.0 Gi, and memory: 2.0 Gi
[2022-05-12T14:56:13+0200] [MainThread] [I] [toil.worker] Redirecting logging to /tmp/979d060dc52359b5ae898c8cd831ebfe/f9a6/worker_log.txt
[2022-05-12T14:56:14+0200] [MainThread] [I] [toil.worker] Redirecting logging to /tmp/979d060dc52359b5ae898c8cd831ebfe/45e3/worker_log.txt
[2022-05-12T14:56:15+0200] [MainThread] [I] [toil.worker] Redirecting logging to /tmp/979d060dc52359b5ae898c8cd831ebfe/d8d4/worker_log.txt
[2022-05-12T14:56:17+0200] [MainThread] [I] [toil.leader] Finished toil run successfully.
[2022-05-12T14:56:17+0200] [MainThread] [I] [toil.common] Successfully deleted the job store: FileJobStore(/tmp/tmpnoqta8bm)
</system-err>
		</testcase>
		<testcase name="Test output arrays in a workflow (with Files)." time="9.027716" class="workflow, expression_tool, inline_javascript" file="workflow_file_array_output" url="cwltest:conformance_test_v1.0#172">
			<system-out>{
    &quot;o&quot;: [
        {
            &quot;location&quot;: &quot;file:///tmp/tmp4htush__/moo&quot;,
            &quot;basename&quot;: &quot;moo&quot;,
            &quot;nameroot&quot;: &quot;moo&quot;,
            &quot;nameext&quot;: &quot;&quot;,
            &quot;class&quot;: &quot;File&quot;,
            &quot;checksum&quot;: &quot;sha1$da39a3ee5e6b4b0d3255bfef95601890afd80709&quot;,
            &quot;size&quot;: 0
        },
        {
            &quot;location&quot;: &quot;file:///tmp/tmp4htush__/cow&quot;,
            &quot;basename&quot;: &quot;cow&quot;,
            &quot;nameroot&quot;: &quot;cow&quot;,
            &quot;nameext&quot;: &quot;&quot;,
            &quot;class&quot;: &quot;File&quot;,
            &quot;checksum&quot;: &quot;sha1$da39a3ee5e6b4b0d3255bfef95601890afd80709&quot;,
            &quot;size&quot;: 0
        }
    ]
}</system-out>
			<system-err>[2022-05-12T14:56:08+0200] [MainThread] [I] [cwltool] Resolved 'v1.0/output-arrays-file-wf.cwl' to 'file:///home/michael/common-workflow-language/v1.0/v1.0/output-arrays-file-wf.cwl'
[2022-05-12T14:56:11+0200] [MainThread] [I] [toil.job] Saving graph of 2 jobs, 2 new
[2022-05-12T14:56:11+0200] [MainThread] [I] [toil.job] Processing job 'ResolveIndirect' kind-ResolveIndirect/instance-t2gn88dd v0
[2022-05-12T14:56:11+0200] [MainThread] [I] [toil.job] Processing job 'CWLWorkflow' kind-CWLWorkflow/instance-ly_sn_39 v0
[2022-05-12T14:56:11+0200] [MainThread] [I] [toil] Running Toil version 5.6.0-c34146a6437e4407a61e946e968bcce67a0ebbca on host mrc-tux.
[2022-05-12T14:56:12+0200] [MainThread] [I] [toil.worker] Redirecting logging to /tmp/35875a5ed23d519d9620fbb4d4e224ac/c39a/worker_log.txt
[2022-05-12T14:56:12+0200] [MainThread] [I] [toil.leader] 0 jobs are running, 0 jobs are issued and waiting to run
[2022-05-12T14:56:12+0200] [MainThread] [I] [toil.leader] Issued job 'CWLJob' output-arrays-file-wf.cwl.step1.8eebfca0-2e47-47e4-b1d1-c9c96765296f kind-CWLJob/instance-po5a3hb6 v1 with job batch system ID: 1 and cores: 1, disk: 3.0 Gi, and memory: 2.0 Gi
[2022-05-12T14:56:13+0200] [MainThread] [I] [toil.worker] Redirecting logging to /tmp/35875a5ed23d519d9620fbb4d4e224ac/b08c/worker_log.txt
[2022-05-12T14:56:14+0200] [MainThread] [I] [toil.worker] Redirecting logging to /tmp/35875a5ed23d519d9620fbb4d4e224ac/db1b/worker_log.txt
[2022-05-12T14:56:14+0200] [MainThread] [I] [toil.worker] Redirecting logging to /tmp/35875a5ed23d519d9620fbb4d4e224ac/563e/worker_log.txt
[2022-05-12T14:56:16+0200] [MainThread] [I] [toil.leader] Finished toil run successfully.
[2022-05-12T14:56:16+0200] [MainThread] [I] [toil.common] Successfully deleted the job store: FileJobStore(/tmp/tmpo62twpuf)
</system-err>
		</testcase>
		<testcase name="Test Docker ENTRYPOINT usage" time="10.063826" class="command_line_tool, docker" file="docker_entrypoint" url="cwltest:conformance_test_v1.0#173">
			<system-out>{
    &quot;cow&quot;: {
        &quot;location&quot;: &quot;file:///tmp/tmpa7q00v38/cow&quot;,
        &quot;basename&quot;: &quot;cow&quot;,
        &quot;nameroot&quot;: &quot;cow&quot;,
        &quot;nameext&quot;: &quot;&quot;,
        &quot;class&quot;: &quot;File&quot;,
        &quot;checksum&quot;: &quot;sha1$7a788f56fa49ae0ba5ebde780efe4d6a89b5db47&quot;,
        &quot;size&quot;: 4
    }
}</system-out>
			<system-err>[2022-05-12T14:56:10+0200] [MainThread] [I] [cwltool] Resolved 'v1.0/docker-run-cmd.cwl' to 'file:///home/michael/common-workflow-language/v1.0/v1.0/docker-run-cmd.cwl'
[2022-05-12T14:56:12+0200] [MainThread] [I] [toil.job] Saving graph of 1 jobs, 1 new
[2022-05-12T14:56:12+0200] [MainThread] [I] [toil.job] Processing job 'CWLJob' docker-run-cmd.cwl kind-CWLJob/instance-b8lekkel v0
[2022-05-12T14:56:12+0200] [MainThread] [I] [toil] Running Toil version 5.6.0-c34146a6437e4407a61e946e968bcce67a0ebbca on host mrc-tux.
[2022-05-12T14:56:12+0200] [MainThread] [I] [toil.leader] Issued job 'CWLJob' docker-run-cmd.cwl kind-CWLJob/instance-b8lekkel v1 with job batch system ID: 0 and cores: 1, disk: 2.0 Gi, and memory: 8.0 Mi
[2022-05-12T14:56:12+0200] [MainThread] [I] [toil.worker] Redirecting logging to /tmp/2fc5483fb46c55649d8aed21bc2f9747/069e/worker_log.txt
[2022-05-12T14:56:14+0200] [MainThread] [I] [toil.leader] 1 jobs are running, 0 jobs are issued and waiting to run
[2022-05-12T14:56:20+0200] [MainThread] [I] [toil.leader] Finished toil run successfully.
[2022-05-12T14:56:20+0200] [MainThread] [I] [toil.common] Successfully deleted the job store: FileJobStore(/tmp/tmpo740gu0o)
</system-err>
		</testcase>
		<testcase name="Test use of size in expressions for an empty file" time="4.565331" class="command_line_tool, inline_javascript" file="clt_file_size_property_with_empty_file" url="cwltest:conformance_test_v1.0#174">
			<system-out>{
    &quot;output_file&quot;: {
        &quot;location&quot;: &quot;file:///tmp/tmp_txvbyid/output.txt&quot;,
        &quot;basename&quot;: &quot;output.txt&quot;,
        &quot;nameroot&quot;: &quot;output&quot;,
        &quot;nameext&quot;: &quot;.txt&quot;,
        &quot;class&quot;: &quot;File&quot;,
        &quot;checksum&quot;: &quot;sha1$dad5a8472b87f6c5ef87d8fc6ef1458defc57250&quot;,
        &quot;size&quot;: 11
    }
}</system-out>
			<system-err>[2022-05-12T14:56:12+0200] [MainThread] [I] [cwltool] Resolved 'v1.0/size-expression-tool.cwl' to 'file:///home/michael/common-workflow-language/v1.0/v1.0/size-expression-tool.cwl'
[2022-05-12T14:56:14+0200] [MainThread] [I] [toil.job] Saving graph of 1 jobs, 1 new
[2022-05-12T14:56:14+0200] [MainThread] [I] [toil.job] Processing job 'CWLJob' size-expression-tool.cwl kind-CWLJob/instance-8jv8z3pt v0
[2022-05-12T14:56:14+0200] [MainThread] [I] [toil] Running Toil version 5.6.0-c34146a6437e4407a61e946e968bcce67a0ebbca on host mrc-tux.
[2022-05-12T14:56:14+0200] [MainThread] [I] [toil.leader] Issued job 'CWLJob' size-expression-tool.cwl kind-CWLJob/instance-8jv8z3pt v1 with job batch system ID: 0 and cores: 1, disk: 2.0 Gi, and memory: 8.0 Mi
[2022-05-12T14:56:14+0200] [MainThread] [I] [toil.worker] Redirecting logging to /tmp/7882ddbf4aa1573c9a3019ed5773ceeb/61e9/worker_log.txt
[2022-05-12T14:56:15+0200] [MainThread] [I] [toil.leader] 0 jobs are running, 0 jobs are issued and waiting to run
[2022-05-12T14:56:16+0200] [MainThread] [I] [toil.leader] Finished toil run successfully.
[2022-05-12T14:56:16+0200] [MainThread] [I] [toil.common] Successfully deleted the job store: FileJobStore(/tmp/tmpqel08ox9)
</system-err>
		</testcase>
		<testcase name="Test use of size in expressions for a few files" time="5.404885" class="command_line_tool, inline_javascript" file="clt_file_size_property_with_multi_file" url="cwltest:conformance_test_v1.0#175">
			<system-out>{
    &quot;output_file&quot;: {
        &quot;location&quot;: &quot;file:///tmp/tmp_4msesr2/output.txt&quot;,
        &quot;basename&quot;: &quot;output.txt&quot;,
        &quot;nameroot&quot;: &quot;output&quot;,
        &quot;nameext&quot;: &quot;.txt&quot;,
        &quot;class&quot;: &quot;File&quot;,
        &quot;checksum&quot;: &quot;sha1$9def39730e8012bd09bf8387648982728501737d&quot;,
        &quot;size&quot;: 31
    }
}</system-out>
			<system-err>[2022-05-12T14:56:16+0200] [MainThread] [I] [cwltool] Resolved 'v1.0/size-expression-tool.cwl' to 'file:///home/michael/common-workflow-language/v1.0/v1.0/size-expression-tool.cwl'
[2022-05-12T14:56:18+0200] [MainThread] [I] [toil.job] Saving graph of 1 jobs, 1 new
[2022-05-12T14:56:18+0200] [MainThread] [I] [toil.job] Processing job 'CWLJob' size-expression-tool.cwl kind-CWLJob/instance-vvm1wuwf v0
[2022-05-12T14:56:18+0200] [MainThread] [I] [toil] Running Toil version 5.6.0-c34146a6437e4407a61e946e968bcce67a0ebbca on host mrc-tux.
[2022-05-12T14:56:18+0200] [MainThread] [I] [toil.leader] Issued job 'CWLJob' size-expression-tool.cwl kind-CWLJob/instance-vvm1wuwf v1 with job batch system ID: 0 and cores: 1, disk: 2.0 Gi, and memory: 8.0 Mi
[2022-05-12T14:56:19+0200] [MainThread] [I] [toil.worker] Redirecting logging to /tmp/958ab681b19955c096a6c3e17d83f58a/9001/worker_log.txt
[2022-05-12T14:56:19+0200] [MainThread] [I] [toil.leader] 0 jobs are running, 0 jobs are issued and waiting to run
[2022-05-12T14:56:21+0200] [MainThread] [I] [toil.leader] Finished toil run successfully.
[2022-05-12T14:56:21+0200] [MainThread] [I] [toil.common] Successfully deleted the job store: FileJobStore(/tmp/tmp_smsww1b)
</system-err>
		</testcase>
		<testcase name="Test Any without defaults, unspecified, should fail." time="1.996475" class="command_line_tool, required" file="any_without_defaults_unspecified_fails" url="cwltest:conformance_test_v1.0#176">
			<system-err>[2022-05-12T14:56:17+0200] [MainThread] [I] [cwltool] Resolved 'v1.0/echo-tool.cwl' to 'file:///home/michael/common-workflow-language/v1.0/v1.0/echo-tool.cwl'
Traceback (most recent call last):
  File &quot;/home/michael/common-workflow-language/toil5.6.0/lib/python3.10/site-packages/cwltool/process.py&quot;, line 456, in fill_in_defaults
    raise WorkflowException(
cwltool.errors.WorkflowException: Missing required input parameter 'in'

During handling of the above exception, another exception occurred:

Traceback (most recent call last):
  File &quot;/home/michael/common-workflow-language/toil5.6.0/bin/toil-cwl-runner&quot;, line 8, in &lt;module&gt;
    sys.exit(main())
  File &quot;/home/michael/common-workflow-language/toil5.6.0/lib/python3.10/site-packages/toil/cwl/cwltoil.py&quot;, line 3389, in main
    fill_in_defaults(tool.tool[&quot;inputs&quot;], initialized_job_order, fs_access)
  File &quot;/home/michael/common-workflow-language/toil5.6.0/lib/python3.10/site-packages/cwltool/process.py&quot;, line 447, in fill_in_defaults
    with SourceLine(inputs, e, WorkflowException, debug):
  File &quot;schema_salad/sourceline.py&quot;, line 256, in __exit__
cwltool.errors.WorkflowException: v1.0/echo-tool.cwl:9:3: Missing required input parameter 'in'
</system-err>
		</testcase>
		<testcase name="Test Any without defaults, specified, should fail." time="2.084942" class="command_line_tool, required" file="any_without_defaults_specified_fails" url="cwltest:conformance_test_v1.0#177">
			<system-err>[2022-05-12T14:56:17+0200] [MainThread] [I] [cwltool] Resolved 'v1.0/echo-tool.cwl' to 'file:///home/michael/common-workflow-language/v1.0/v1.0/echo-tool.cwl'
Traceback (most recent call last):
  File &quot;/home/michael/common-workflow-language/toil5.6.0/lib/python3.10/site-packages/cwltool/process.py&quot;, line 456, in fill_in_defaults
    raise WorkflowException(
cwltool.errors.WorkflowException: Missing required input parameter 'in'

During handling of the above exception, another exception occurred:

Traceback (most recent call last):
  File &quot;/home/michael/common-workflow-language/toil5.6.0/bin/toil-cwl-runner&quot;, line 8, in &lt;module&gt;
    sys.exit(main())
  File &quot;/home/michael/common-workflow-language/toil5.6.0/lib/python3.10/site-packages/toil/cwl/cwltoil.py&quot;, line 3389, in main
    fill_in_defaults(tool.tool[&quot;inputs&quot;], initialized_job_order, fs_access)
  File &quot;/home/michael/common-workflow-language/toil5.6.0/lib/python3.10/site-packages/cwltool/process.py&quot;, line 447, in fill_in_defaults
    with SourceLine(inputs, e, WorkflowException, debug):
  File &quot;schema_salad/sourceline.py&quot;, line 256, in __exit__
cwltool.errors.WorkflowException: v1.0/echo-tool.cwl:9:3: Missing required input parameter 'in'
</system-err>
		</testcase>
		<testcase name="Test default value on step input parameter, no ExpressionTool" time="8.058751" class="workflow, required" file="step_input_default_value_noexp" url="cwltest:conformance_test_v1.0#178">
			<system-out>{
    &quot;wc_output&quot;: {
        &quot;location&quot;: &quot;file:///tmp/tmp3p6tygpq/output&quot;,
        &quot;basename&quot;: &quot;output&quot;,
        &quot;nameroot&quot;: &quot;output&quot;,
        &quot;nameext&quot;: &quot;&quot;,
        &quot;class&quot;: &quot;File&quot;,
        &quot;checksum&quot;: &quot;sha1$3596ea087bfdaf52380eae441077572ed289d657&quot;,
        &quot;size&quot;: 3
    }
}</system-out>
			<system-err>[2022-05-12T14:56:19+0200] [MainThread] [I] [cwltool] Resolved 'v1.0/count-lines9-wf-noET.cwl' to 'file:///home/michael/common-workflow-language/v1.0/v1.0/count-lines9-wf-noET.cwl'
[2022-05-12T14:56:21+0200] [MainThread] [I] [toil.job] Saving graph of 2 jobs, 2 new
[2022-05-12T14:56:21+0200] [MainThread] [I] [toil.job] Processing job 'ResolveIndirect' kind-ResolveIndirect/instance-25urkvn3 v0
[2022-05-12T14:56:21+0200] [MainThread] [I] [toil.job] Processing job 'CWLWorkflow' kind-CWLWorkflow/instance-azkkn0fx v0
[2022-05-12T14:56:21+0200] [MainThread] [I] [toil] Running Toil version 5.6.0-c34146a6437e4407a61e946e968bcce67a0ebbca on host mrc-tux.
[2022-05-12T14:56:22+0200] [MainThread] [I] [toil.worker] Redirecting logging to /tmp/38004c2f6cd65844a3427059afafb6c0/ef85/worker_log.txt
[2022-05-12T14:56:22+0200] [MainThread] [I] [toil.leader] 0 jobs are running, 0 jobs are issued and waiting to run
[2022-05-12T14:56:22+0200] [MainThread] [I] [toil.leader] Issued job 'CWLJob' count-lines9-wf-noET.cwl.step1.wc-tool.cwl kind-CWLJob/instance-ofa6v73i v1 with job batch system ID: 1 and cores: 1, disk: 2.0 Gi, and memory: 8.0 Mi
[2022-05-12T14:56:23+0200] [MainThread] [I] [toil.worker] Redirecting logging to /tmp/38004c2f6cd65844a3427059afafb6c0/58d2/worker_log.txt
[2022-05-12T14:56:23+0200] [MainThread] [I] [toil.worker] Redirecting logging to /tmp/38004c2f6cd65844a3427059afafb6c0/d4bb/worker_log.txt
[2022-05-12T14:56:24+0200] [MainThread] [I] [toil.worker] Redirecting logging to /tmp/38004c2f6cd65844a3427059afafb6c0/0901/worker_log.txt
[2022-05-12T14:56:26+0200] [MainThread] [I] [toil.leader] Finished toil run successfully.
[2022-05-12T14:56:26+0200] [MainThread] [I] [toil.common] Successfully deleted the job store: FileJobStore(/tmp/tmpx0un5wzp)
</system-err>
		</testcase>
		<testcase name="Test default value on step input parameter overridden by provided source, no ExpressionTool" time="8.057089" class="workflow, required" file="step_input_default_value_overriden_noexp" url="cwltest:conformance_test_v1.0#179">
			<system-out>{
    &quot;wc_output&quot;: {
        &quot;location&quot;: &quot;file:///tmp/tmpyotkwkik/output&quot;,
        &quot;basename&quot;: &quot;output&quot;,
        &quot;nameroot&quot;: &quot;output&quot;,
        &quot;nameext&quot;: &quot;&quot;,
        &quot;class&quot;: &quot;File&quot;,
        &quot;checksum&quot;: &quot;sha1$e5fa44f2b31c1fb553b6021e7360d07d5d91ff5e&quot;,
        &quot;size&quot;: 2
    }
}</system-out>
			<system-err>[2022-05-12T14:56:20+0200] [MainThread] [I] [cwltool] Resolved 'v1.0/count-lines11-wf-noET.cwl' to 'file:///home/michael/common-workflow-language/v1.0/v1.0/count-lines11-wf-noET.cwl'
[2022-05-12T14:56:22+0200] [MainThread] [W] [cwltool] Workflow checker warning:
v1.0/count-lines11-wf-noET.cwl:6:3:  Source 'file1' of type [&quot;null&quot;, &quot;File&quot;] may be incompatible
v1.0/count-lines11-wf-noET.cwl:17:7:   with sink 'file1' of type &quot;File&quot;
[2022-05-12T14:56:22+0200] [MainThread] [I] [toil.job] Saving graph of 2 jobs, 2 new
[2022-05-12T14:56:22+0200] [MainThread] [I] [toil.job] Processing job 'ResolveIndirect' kind-ResolveIndirect/instance-lcwsep_d v0
[2022-05-12T14:56:22+0200] [MainThread] [I] [toil.job] Processing job 'CWLWorkflow' kind-CWLWorkflow/instance-qoetc1uf v0
[2022-05-12T14:56:22+0200] [MainThread] [I] [toil] Running Toil version 5.6.0-c34146a6437e4407a61e946e968bcce67a0ebbca on host mrc-tux.
[2022-05-12T14:56:22+0200] [MainThread] [I] [toil.worker] Redirecting logging to /tmp/4548621fae3c528d90ed2e213eb1651d/e073/worker_log.txt
[2022-05-12T14:56:23+0200] [MainThread] [I] [toil.leader] 0 jobs are running, 0 jobs are issued and waiting to run
[2022-05-12T14:56:23+0200] [MainThread] [I] [toil.leader] Issued job 'CWLJob' count-lines11-wf-noET.cwl.step1.wc-tool.cwl kind-CWLJob/instance-1epfty2l v1 with job batch system ID: 1 and cores: 1, disk: 2.0 Gi, and memory: 8.0 Mi
[2022-05-12T14:56:23+0200] [MainThread] [I] [toil.worker] Redirecting logging to /tmp/4548621fae3c528d90ed2e213eb1651d/681f/worker_log.txt
[2022-05-12T14:56:24+0200] [MainThread] [I] [toil.worker] Redirecting logging to /tmp/4548621fae3c528d90ed2e213eb1651d/669c/worker_log.txt
[2022-05-12T14:56:25+0200] [MainThread] [I] [toil.worker] Redirecting logging to /tmp/4548621fae3c528d90ed2e213eb1651d/66b2/worker_log.txt
[2022-05-12T14:56:27+0200] [MainThread] [I] [toil.leader] Finished toil run successfully.
[2022-05-12T14:56:27+0200] [MainThread] [I] [toil.common] Successfully deleted the job store: FileJobStore(/tmp/tmpqu3jifd5)
</system-err>
		</testcase>
		<testcase name="Test nested workflow, without ExpressionTool" time="11.133725" class="workflow, subworkflow" file="nested_workflow_noexp" url="cwltest:conformance_test_v1.0#180">
			<system-out>{
    &quot;wc_output&quot;: {
        &quot;location&quot;: &quot;file:///tmp/tmpjes_bx9l/output&quot;,
        &quot;basename&quot;: &quot;output&quot;,
        &quot;nameroot&quot;: &quot;output&quot;,
        &quot;nameext&quot;: &quot;&quot;,
        &quot;class&quot;: &quot;File&quot;,
        &quot;checksum&quot;: &quot;sha1$3596ea087bfdaf52380eae441077572ed289d657&quot;,
        &quot;size&quot;: 3
    }
}</system-out>
			<system-err>[2022-05-12T14:56:20+0200] [MainThread] [I] [cwltool] Resolved 'v1.0/count-lines8-wf-noET.cwl' to 'file:///home/michael/common-workflow-language/v1.0/v1.0/count-lines8-wf-noET.cwl'
[2022-05-12T14:56:24+0200] [MainThread] [I] [toil.job] Saving graph of 2 jobs, 2 new
[2022-05-12T14:56:24+0200] [MainThread] [I] [toil.job] Processing job 'ResolveIndirect' kind-ResolveIndirect/instance-vxfkvgc7 v0
[2022-05-12T14:56:24+0200] [MainThread] [I] [toil.job] Processing job 'CWLWorkflow' kind-CWLWorkflow/instance-azhlvvih v0
[2022-05-12T14:56:24+0200] [MainThread] [I] [toil] Running Toil version 5.6.0-c34146a6437e4407a61e946e968bcce67a0ebbca on host mrc-tux.
[2022-05-12T14:56:24+0200] [MainThread] [I] [toil.worker] Redirecting logging to /tmp/680e94f37c695513a5d973907fa7d14d/74d5/worker_log.txt
[2022-05-12T14:56:25+0200] [MainThread] [I] [toil.leader] 0 jobs are running, 0 jobs are issued and waiting to run
[2022-05-12T14:56:25+0200] [MainThread] [I] [toil.worker] Redirecting logging to /tmp/680e94f37c695513a5d973907fa7d14d/618a/worker_log.txt
[2022-05-12T14:56:25+0200] [MainThread] [I] [toil.leader] Issued job 'CWLJob' count-lines1-wf-noET.cwl.step1.wc-tool.cwl kind-CWLJob/instance-7p3yk7ll v1 with job batch system ID: 2 and cores: 1, disk: 2.0 Gi, and memory: 8.0 Mi
[2022-05-12T14:56:26+0200] [MainThread] [I] [toil.worker] Redirecting logging to /tmp/680e94f37c695513a5d973907fa7d14d/e1d3/worker_log.txt
[2022-05-12T14:56:26+0200] [MainThread] [I] [toil.worker] Redirecting logging to /tmp/680e94f37c695513a5d973907fa7d14d/ebad/worker_log.txt
[2022-05-12T14:56:27+0200] [MainThread] [I] [toil.worker] Redirecting logging to /tmp/680e94f37c695513a5d973907fa7d14d/f44b/worker_log.txt
[2022-05-12T14:56:28+0200] [MainThread] [I] [toil.worker] Redirecting logging to /tmp/680e94f37c695513a5d973907fa7d14d/b41b/worker_log.txt
[2022-05-12T14:56:29+0200] [MainThread] [I] [toil.worker] Redirecting logging to /tmp/680e94f37c695513a5d973907fa7d14d/58f0/worker_log.txt
[2022-05-12T14:56:31+0200] [MainThread] [I] [toil.leader] Finished toil run successfully.
[2022-05-12T14:56:31+0200] [MainThread] [I] [toil.common] Successfully deleted the job store: FileJobStore(/tmp/tmp_bsvd63o)
</system-err>
		</testcase>
		<testcase name="Test step input with multiple sources with multiple types, without ExpressionTool" time="8.471817" class="workflow, step_input, inline_javascript, multiple_input" file="wf_multiplesources_multipletypes_noexp" url="cwltest:conformance_test_v1.0#181">
			<system-out>{
    &quot;result&quot;: {
        &quot;location&quot;: &quot;file:///tmp/tmpee0ajuxs/result.txt&quot;,
        &quot;basename&quot;: &quot;result.txt&quot;,
        &quot;nameroot&quot;: &quot;result&quot;,
        &quot;nameext&quot;: &quot;.txt&quot;,
        &quot;class&quot;: &quot;File&quot;,
        &quot;checksum&quot;: &quot;sha1$ad552e6dc057d1d825bf49df79d6b98eba846ebe&quot;,
        &quot;size&quot;: 3
    }
}</system-out>
			<system-err>[2022-05-12T14:56:22+0200] [MainThread] [I] [cwltool] Resolved 'v1.0/sum-wf-noET.cwl' to 'file:///home/michael/common-workflow-language/v1.0/v1.0/sum-wf-noET.cwl'
[2022-05-12T14:56:25+0200] [MainThread] [I] [toil.job] Saving graph of 2 jobs, 2 new
[2022-05-12T14:56:25+0200] [MainThread] [I] [toil.job] Processing job 'ResolveIndirect' kind-ResolveIndirect/instance-v0dcf8s_ v0
[2022-05-12T14:56:25+0200] [MainThread] [I] [toil.job] Processing job 'CWLWorkflow' kind-CWLWorkflow/instance-jn_ujb4m v0
[2022-05-12T14:56:25+0200] [MainThread] [I] [toil] Running Toil version 5.6.0-c34146a6437e4407a61e946e968bcce67a0ebbca on host mrc-tux.
[2022-05-12T14:56:25+0200] [MainThread] [I] [toil.worker] Redirecting logging to /tmp/7d96ed923f24500fb1a2b53d463aa863/62e9/worker_log.txt
[2022-05-12T14:56:25+0200] [MainThread] [I] [toil.leader] 0 jobs are running, 0 jobs are issued and waiting to run
[2022-05-12T14:56:25+0200] [MainThread] [I] [toil.leader] Issued job 'CWLJob' sum-wf-noET.cwl.sum.1461b831-c1fe-4a54-ab8c-9307e12d80df kind-CWLJob/instance-3k07j_df v1 with job batch system ID: 1 and cores: 1, disk: 3.0 Gi, and memory: 2.0 Gi
[2022-05-12T14:56:26+0200] [MainThread] [I] [toil.worker] Redirecting logging to /tmp/7d96ed923f24500fb1a2b53d463aa863/747b/worker_log.txt
[2022-05-12T14:56:27+0200] [MainThread] [I] [toil.worker] Redirecting logging to /tmp/7d96ed923f24500fb1a2b53d463aa863/37f7/worker_log.txt
[2022-05-12T14:56:27+0200] [MainThread] [I] [toil.worker] Redirecting logging to /tmp/7d96ed923f24500fb1a2b53d463aa863/bb56/worker_log.txt
[2022-05-12T14:56:30+0200] [MainThread] [I] [toil.leader] Finished toil run successfully.
[2022-05-12T14:56:30+0200] [MainThread] [I] [toil.common] Successfully deleted the job store: FileJobStore(/tmp/tmp32gt4_xf)
</system-err>
		</testcase>
		<testcase name="Within a workflow, test accessing the size attribute of an optional input File as part of a CommandLineTool's ResourceRequirement calculation. The CommandLineTool input has a default value (a local file) and the workflow nor the workflow step does not provide any value for this input." time="10.879811" class="workflow, resource" file="dynamic_resreq_wf_optional_file_default" url="cwltest:conformance_test_v1.0#182">
			<system-out>{
    &quot;cores&quot;: {
        &quot;location&quot;: &quot;file:///tmp/tmpvqoedotb/output&quot;,
        &quot;basename&quot;: &quot;output&quot;,
        &quot;nameroot&quot;: &quot;output&quot;,
        &quot;nameext&quot;: &quot;&quot;,
        &quot;class&quot;: &quot;File&quot;,
        &quot;checksum&quot;: &quot;sha1$7448d8798a4380162d4b56f9b452e2f6f9e24e7a&quot;,
        &quot;size&quot;: 2
    }
}</system-out>
			<system-err>[2022-05-12T14:56:27+0200] [MainThread] [I] [cwltool] Resolved 'v1.0/dynresreq-workflow-tooldefault.cwl' to 'file:///home/michael/common-workflow-language/v1.0/v1.0/dynresreq-workflow-tooldefault.cwl'
[2022-05-12T14:56:30+0200] [MainThread] [W] [cwltool] Workflow checker warning:
v1.0/dynresreq-workflow-tooldefault.cwl:6:3:  Source 'special_file' of type [&quot;null&quot;, &quot;File&quot;] may be
                                              incompatible
v1.0/dynresreq-workflow-tooldefault.cwl:15:7:   with sink 'special_file' of type &quot;File&quot;
[2022-05-12T14:56:30+0200] [MainThread] [I] [toil.job] Saving graph of 2 jobs, 2 new
[2022-05-12T14:56:30+0200] [MainThread] [I] [toil.job] Processing job 'ResolveIndirect' kind-ResolveIndirect/instance-8es7t48o v0
[2022-05-12T14:56:30+0200] [MainThread] [I] [toil.job] Processing job 'CWLWorkflow' kind-CWLWorkflow/instance-stbd66g2 v0
[2022-05-12T14:56:30+0200] [MainThread] [I] [toil] Running Toil version 5.6.0-c34146a6437e4407a61e946e968bcce67a0ebbca on host mrc-tux.
[2022-05-12T14:56:31+0200] [MainThread] [I] [toil.worker] Redirecting logging to /tmp/e956b028cad15ff0b841c55f3a5eb9ba/1a88/worker_log.txt
[2022-05-12T14:56:31+0200] [MainThread] [I] [toil.leader] 0 jobs are running, 0 jobs are issued and waiting to run
[2022-05-12T14:56:31+0200] [MainThread] [I] [toil.worker] Redirecting logging to /tmp/e956b028cad15ff0b841c55f3a5eb9ba/1582/worker_log.txt
[2022-05-12T14:56:32+0200] [MainThread] [I] [toil.leader] Issued job 'CWLJob' dynresreq-workflow-tooldefault.cwl.count.dynresreq-default.cwl kind-CWLJob/instance-75rmzakh v1 with job batch system ID: 2 and cores: 2, disk: 2.0 Gi, and memory: 8.0 Mi
[2022-05-12T14:56:32+0200] [MainThread] [I] [toil.worker] Redirecting logging to /tmp/e956b028cad15ff0b841c55f3a5eb9ba/47ac/worker_log.txt
[2022-05-12T14:56:33+0200] [MainThread] [I] [toil.leader] Issued job 'CWLJob' dynresreq-workflow-tooldefault.cwl.report.cat-tool.cwl kind-CWLJob/instance-pkr4l1om v1 with job batch system ID: 3 and cores: 1, disk: 2.0 Gi, and memory: 8.0 Mi
[2022-05-12T14:56:33+0200] [MainThread] [I] [toil.worker] Redirecting logging to /tmp/e956b028cad15ff0b841c55f3a5eb9ba/014a/worker_log.txt
[2022-05-12T14:56:34+0200] [MainThread] [I] [toil.worker] Redirecting logging to /tmp/e956b028cad15ff0b841c55f3a5eb9ba/0171/worker_log.txt
[2022-05-12T14:56:35+0200] [MainThread] [I] [toil.worker] Redirecting logging to /tmp/e956b028cad15ff0b841c55f3a5eb9ba/2855/worker_log.txt
[2022-05-12T14:56:35+0200] [MainThread] [I] [toil.worker] Redirecting logging to /tmp/e956b028cad15ff0b841c55f3a5eb9ba/9c74/worker_log.txt
[2022-05-12T14:56:37+0200] [MainThread] [I] [toil.leader] Finished toil run successfully.
[2022-05-12T14:56:37+0200] [MainThread] [I] [toil.common] Successfully deleted the job store: FileJobStore(/tmp/tmp3h4pamru)
</system-err>
		</testcase>
		<testcase name="Within a workflow, test accessing the size attribute of an optional input File as part of a CommandLineTool's ResourceRequirement calculation. The workflow step provides a default value (a local file) for this input and the workflow itself does not provide any value for this input." time="10.883454" class="workflow, resource" file="dynamic_resreq_wf_optional_file_step_default" url="cwltest:conformance_test_v1.0#183">
			<system-out>{
    &quot;cores&quot;: {
        &quot;location&quot;: &quot;file:///tmp/tmpt52g2_5t/output&quot;,
        &quot;basename&quot;: &quot;output&quot;,
        &quot;nameroot&quot;: &quot;output&quot;,
        &quot;nameext&quot;: &quot;&quot;,
        &quot;class&quot;: &quot;File&quot;,
        &quot;checksum&quot;: &quot;sha1$7448d8798a4380162d4b56f9b452e2f6f9e24e7a&quot;,
        &quot;size&quot;: 2
    }
}</system-out>
			<system-err>[2022-05-12T14:56:28+0200] [MainThread] [I] [cwltool] Resolved 'v1.0/dynresreq-workflow-stepdefault.cwl' to 'file:///home/michael/common-workflow-language/v1.0/v1.0/dynresreq-workflow-stepdefault.cwl'
[2022-05-12T14:56:31+0200] [MainThread] [W] [cwltool] Workflow checker warning:
v1.0/dynresreq-workflow-stepdefault.cwl:6:3:  Source 'special_file' of type [&quot;null&quot;, &quot;File&quot;] may be
                                              incompatible
v1.0/dynresreq-workflow-stepdefault.cwl:15:7:   with sink 'special_file' of type &quot;File&quot;
[2022-05-12T14:56:31+0200] [MainThread] [I] [toil.job] Saving graph of 2 jobs, 2 new
[2022-05-12T14:56:31+0200] [MainThread] [I] [toil.job] Processing job 'ResolveIndirect' kind-ResolveIndirect/instance-vw3pm1r0 v0
[2022-05-12T14:56:31+0200] [MainThread] [I] [toil.job] Processing job 'CWLWorkflow' kind-CWLWorkflow/instance-fy9kj7ca v0
[2022-05-12T14:56:31+0200] [MainThread] [I] [toil] Running Toil version 5.6.0-c34146a6437e4407a61e946e968bcce67a0ebbca on host mrc-tux.
[2022-05-12T14:56:31+0200] [MainThread] [I] [toil.worker] Redirecting logging to /tmp/0f30087a18df58fabed6a4877dee08f2/8dd8/worker_log.txt
[2022-05-12T14:56:31+0200] [MainThread] [I] [toil.leader] 0 jobs are running, 0 jobs are issued and waiting to run
[2022-05-12T14:56:32+0200] [MainThread] [I] [toil.worker] Redirecting logging to /tmp/0f30087a18df58fabed6a4877dee08f2/c769/worker_log.txt
[2022-05-12T14:56:32+0200] [MainThread] [I] [toil.leader] Issued job 'CWLJob' dynresreq-workflow-stepdefault.cwl.count.dynresreq.cwl kind-CWLJob/instance-zqal18u8 v1 with job batch system ID: 2 and cores: 2, disk: 2.0 Gi, and memory: 8.0 Mi
[2022-05-12T14:56:33+0200] [MainThread] [I] [toil.worker] Redirecting logging to /tmp/0f30087a18df58fabed6a4877dee08f2/5004/worker_log.txt
[2022-05-12T14:56:33+0200] [MainThread] [I] [toil.leader] Issued job 'CWLJob' dynresreq-workflow-stepdefault.cwl.report.cat-tool.cwl kind-CWLJob/instance-817ginjr v1 with job batch system ID: 3 and cores: 1, disk: 2.0 Gi, and memory: 8.0 Mi
[2022-05-12T14:56:33+0200] [MainThread] [I] [toil.worker] Redirecting logging to /tmp/0f30087a18df58fabed6a4877dee08f2/dab8/worker_log.txt
[2022-05-12T14:56:34+0200] [MainThread] [I] [toil.worker] Redirecting logging to /tmp/0f30087a18df58fabed6a4877dee08f2/e6b1/worker_log.txt
[2022-05-12T14:56:35+0200] [MainThread] [I] [toil.worker] Redirecting logging to /tmp/0f30087a18df58fabed6a4877dee08f2/fe9b/worker_log.txt
[2022-05-12T14:56:36+0200] [MainThread] [I] [toil.worker] Redirecting logging to /tmp/0f30087a18df58fabed6a4877dee08f2/0132/worker_log.txt
[2022-05-12T14:56:38+0200] [MainThread] [I] [toil.leader] Finished toil run successfully.
[2022-05-12T14:56:38+0200] [MainThread] [I] [toil.common] Successfully deleted the job store: FileJobStore(/tmp/tmpqkr8c3ev)
</system-err>
		</testcase>
		<testcase name="Within a workflow, test accessing the size attribute of an optional input File as part of a CommandLineTool's ResourceRequirement calculation. The workflow itelf provides a default value (a local file) for this input." time="11.177345" class="workflow, resource" file="dynamic_resreq_wf_optional_file_wf_default" url="cwltest:conformance_test_v1.0#184">
			<system-out>{
    &quot;cores&quot;: {
        &quot;location&quot;: &quot;file:///tmp/tmp_6jgx5ut/output&quot;,
        &quot;basename&quot;: &quot;output&quot;,
        &quot;nameroot&quot;: &quot;output&quot;,
        &quot;nameext&quot;: &quot;&quot;,
        &quot;class&quot;: &quot;File&quot;,
        &quot;checksum&quot;: &quot;sha1$7448d8798a4380162d4b56f9b452e2f6f9e24e7a&quot;,
        &quot;size&quot;: 2
    }
}</system-out>
			<system-err>[2022-05-12T14:56:30+0200] [MainThread] [I] [cwltool] Resolved 'v1.0/dynresreq-workflow-inputdefault.cwl' to 'file:///home/michael/common-workflow-language/v1.0/v1.0/dynresreq-workflow-inputdefault.cwl'
[2022-05-12T14:56:34+0200] [MainThread] [I] [toil.job] Saving graph of 2 jobs, 2 new
[2022-05-12T14:56:34+0200] [MainThread] [I] [toil.job] Processing job 'ResolveIndirect' kind-ResolveIndirect/instance-s8zbkof2 v0
[2022-05-12T14:56:34+0200] [MainThread] [I] [toil.job] Processing job 'CWLWorkflow' kind-CWLWorkflow/instance-z8yd8i1p v0
[2022-05-12T14:56:34+0200] [MainThread] [I] [toil] Running Toil version 5.6.0-c34146a6437e4407a61e946e968bcce67a0ebbca on host mrc-tux.
[2022-05-12T14:56:34+0200] [MainThread] [I] [toil.worker] Redirecting logging to /tmp/023e8c8a89475339812bbb9e3e2f70ca/be66/worker_log.txt
[2022-05-12T14:56:35+0200] [MainThread] [I] [toil.leader] 0 jobs are running, 0 jobs are issued and waiting to run
[2022-05-12T14:56:35+0200] [MainThread] [I] [toil.worker] Redirecting logging to /tmp/023e8c8a89475339812bbb9e3e2f70ca/b073/worker_log.txt
[2022-05-12T14:56:35+0200] [MainThread] [I] [toil.leader] Issued job 'CWLJob' dynresreq-workflow-inputdefault.cwl.count.dynresreq.cwl kind-CWLJob/instance-cka5yz4m v1 with job batch system ID: 2 and cores: 2, disk: 2.0 Gi, and memory: 8.0 Mi
[2022-05-12T14:56:36+0200] [MainThread] [I] [toil.worker] Redirecting logging to /tmp/023e8c8a89475339812bbb9e3e2f70ca/6696/worker_log.txt
[2022-05-12T14:56:36+0200] [MainThread] [I] [toil.leader] Issued job 'CWLJob' dynresreq-workflow-inputdefault.cwl.report.cat-tool.cwl kind-CWLJob/instance-zun_jeze v1 with job batch system ID: 3 and cores: 1, disk: 2.0 Gi, and memory: 8.0 Mi
[2022-05-12T14:56:37+0200] [MainThread] [I] [toil.worker] Redirecting logging to /tmp/023e8c8a89475339812bbb9e3e2f70ca/0ea6/worker_log.txt
[2022-05-12T14:56:37+0200] [MainThread] [I] [toil.worker] Redirecting logging to /tmp/023e8c8a89475339812bbb9e3e2f70ca/4d2b/worker_log.txt
[2022-05-12T14:56:38+0200] [MainThread] [I] [toil.worker] Redirecting logging to /tmp/023e8c8a89475339812bbb9e3e2f70ca/b8f4/worker_log.txt
[2022-05-12T14:56:39+0200] [MainThread] [I] [toil.worker] Redirecting logging to /tmp/023e8c8a89475339812bbb9e3e2f70ca/5b14/worker_log.txt
[2022-05-12T14:56:41+0200] [MainThread] [I] [toil.leader] Finished toil run successfully.
[2022-05-12T14:56:41+0200] [MainThread] [I] [toil.common] Successfully deleted the job store: FileJobStore(/tmp/tmpv1k2jdw0)
</system-err>
		</testcase>
		<testcase name="Test default value on step input parameter overridden by provided source. With passthrough first step" time="11.721600" class="workflow, inline_javascript" file="step_input_default_value_overriden_2nd_step" url="cwltest:conformance_test_v1.0#185">
			<system-out>{
    &quot;count_output&quot;: 1
}</system-out>
			<system-err>[2022-05-12T14:56:31+0200] [MainThread] [I] [cwltool] Resolved 'v1.0/count-lines11-extra-step-wf.cwl' to 'file:///home/michael/common-workflow-language/v1.0/v1.0/count-lines11-extra-step-wf.cwl'
[2022-05-12T14:56:36+0200] [MainThread] [W] [cwltool] Workflow checker warning:
v1.0/count-lines11-extra-step-wf.cwl:6:3:  Source 'file1' of type [&quot;null&quot;, &quot;File&quot;] may be
                                           incompatible
v1.0/count-lines11-extra-step-wf.cwl:17:7:   with sink 'file1' of type &quot;File&quot;
[2022-05-12T14:56:36+0200] [MainThread] [I] [toil.job] Saving graph of 2 jobs, 2 new
[2022-05-12T14:56:36+0200] [MainThread] [I] [toil.job] Processing job 'ResolveIndirect' kind-ResolveIndirect/instance-sju2lno_ v0
[2022-05-12T14:56:36+0200] [MainThread] [I] [toil.job] Processing job 'CWLWorkflow' kind-CWLWorkflow/instance-t3780kco v0
[2022-05-12T14:56:36+0200] [MainThread] [I] [toil] Running Toil version 5.6.0-c34146a6437e4407a61e946e968bcce67a0ebbca on host mrc-tux.
[2022-05-12T14:56:37+0200] [MainThread] [I] [toil.worker] Redirecting logging to /tmp/02e9379c36be56e7bb886ca5cd73343b/933b/worker_log.txt
[2022-05-12T14:56:37+0200] [MainThread] [I] [toil.leader] 0 jobs are running, 0 jobs are issued and waiting to run
[2022-05-12T14:56:37+0200] [MainThread] [I] [toil.leader] Issued job 'CWLJob' count-lines11-extra-step-wf.cwl.step0.cat-tool.cwl kind-CWLJob/instance-hch8cauj v1 with job batch system ID: 1 and cores: 1, disk: 2.0 Gi, and memory: 8.0 Mi
[2022-05-12T14:56:38+0200] [MainThread] [I] [toil.worker] Redirecting logging to /tmp/02e9379c36be56e7bb886ca5cd73343b/5fe7/worker_log.txt
[2022-05-12T14:56:38+0200] [MainThread] [I] [toil.leader] Issued job 'CWLJob' count-lines11-extra-step-wf.cwl.step2.parseInt-tool.cwl kind-CWLJob/instance-4927fjjz v1 with job batch system ID: 2 and cores: 1, disk: 3.0 Gi, and memory: 2.0 Gi
[2022-05-12T14:56:38+0200] [MainThread] [I] [toil.worker] Redirecting logging to /tmp/02e9379c36be56e7bb886ca5cd73343b/12ca/worker_log.txt
[2022-05-12T14:56:39+0200] [MainThread] [I] [toil.leader] Issued job 'CWLJob' count-lines11-extra-step-wf.cwl.step1.wc-tool.cwl kind-CWLJob/instance-hch8cauj v3 with job batch system ID: 3 and cores: 1, disk: 2.0 Gi, and memory: 8.0 Mi
[2022-05-12T14:56:39+0200] [MainThread] [I] [toil.worker] Redirecting logging to /tmp/02e9379c36be56e7bb886ca5cd73343b/3995/worker_log.txt
[2022-05-12T14:56:40+0200] [MainThread] [I] [toil.worker] Redirecting logging to /tmp/02e9379c36be56e7bb886ca5cd73343b/43d7/worker_log.txt
[2022-05-12T14:56:41+0200] [MainThread] [I] [toil.worker] Redirecting logging to /tmp/02e9379c36be56e7bb886ca5cd73343b/a354/worker_log.txt
[2022-05-12T14:56:42+0200] [MainThread] [I] [toil.leader] Finished toil run successfully.
[2022-05-12T14:56:42+0200] [MainThread] [I] [toil.common] Successfully deleted the job store: FileJobStore(/tmp/tmpbzyt613u)
</system-err>
		</testcase>
		<testcase name="Test default value on step input parameter overridden by provided source. With passthrough first step and no ExpressionTool" time="9.104895" class="workflow, required" file="step_input_default_value_overriden_2nd_step_noexp" url="cwltest:conformance_test_v1.0#186">
			<system-out>{
    &quot;wc_output&quot;: {
        &quot;location&quot;: &quot;file:///tmp/tmps1s7u1no/output&quot;,
        &quot;basename&quot;: &quot;output&quot;,
        &quot;nameroot&quot;: &quot;output&quot;,
        &quot;nameext&quot;: &quot;&quot;,
        &quot;class&quot;: &quot;File&quot;,
        &quot;checksum&quot;: &quot;sha1$e5fa44f2b31c1fb553b6021e7360d07d5d91ff5e&quot;,
        &quot;size&quot;: 2
    }
}</system-out>
			<system-err>[2022-05-12T14:56:38+0200] [MainThread] [I] [cwltool] Resolved 'v1.0/count-lines11-extra-step-wf-noET.cwl' to 'file:///home/michael/common-workflow-language/v1.0/v1.0/count-lines11-extra-step-wf-noET.cwl'
[2022-05-12T14:56:41+0200] [MainThread] [W] [cwltool] Workflow checker warning:
v1.0/count-lines11-extra-step-wf-noET.cwl:6:3:  Source 'file1' of type [&quot;null&quot;, &quot;File&quot;] may be
                                                incompatible
v1.0/count-lines11-extra-step-wf-noET.cwl:17:7:   with sink 'file1' of type &quot;File&quot;
[2022-05-12T14:56:41+0200] [MainThread] [I] [toil.job] Saving graph of 2 jobs, 2 new
[2022-05-12T14:56:41+0200] [MainThread] [I] [toil.job] Processing job 'ResolveIndirect' kind-ResolveIndirect/instance-pkc7mp7y v0
[2022-05-12T14:56:41+0200] [MainThread] [I] [toil.job] Processing job 'CWLWorkflow' kind-CWLWorkflow/instance-ucy90eqs v0
[2022-05-12T14:56:41+0200] [MainThread] [I] [toil] Running Toil version 5.6.0-c34146a6437e4407a61e946e968bcce67a0ebbca on host mrc-tux.
[2022-05-12T14:56:42+0200] [MainThread] [I] [toil.worker] Redirecting logging to /tmp/674262ef09cd506585c99418cc30a112/000c/worker_log.txt
[2022-05-12T14:56:42+0200] [MainThread] [I] [toil.leader] 0 jobs are running, 0 jobs are issued and waiting to run
[2022-05-12T14:56:42+0200] [MainThread] [I] [toil.leader] Issued job 'CWLJob' count-lines11-extra-step-wf-noET.cwl.step0.cat-tool.cwl kind-CWLJob/instance-0qor23h4 v1 with job batch system ID: 1 and cores: 1, disk: 2.0 Gi, and memory: 8.0 Mi
[2022-05-12T14:56:43+0200] [MainThread] [I] [toil.worker] Redirecting logging to /tmp/674262ef09cd506585c99418cc30a112/1683/worker_log.txt
[2022-05-12T14:56:43+0200] [MainThread] [I] [toil.worker] Redirecting logging to /tmp/674262ef09cd506585c99418cc30a112/2932/worker_log.txt
[2022-05-12T14:56:44+0200] [MainThread] [I] [toil.worker] Redirecting logging to /tmp/674262ef09cd506585c99418cc30a112/6f85/worker_log.txt
[2022-05-12T14:56:46+0200] [MainThread] [I] [toil.leader] Finished toil run successfully.
[2022-05-12T14:56:46+0200] [MainThread] [I] [toil.common] Successfully deleted the job store: FileJobStore(/tmp/tmp5329h092)
</system-err>
		</testcase>
		<testcase name="Test default value on step input parameter overridden by provided source. With null producing first step" time="11.424557" class="workflow, inline_javascript" file="step_input_default_value_overriden_2nd_step_null" url="cwltest:conformance_test_v1.0#187">
			<system-out>{
    &quot;count_output&quot;: 16
}</system-out>
			<system-err>[2022-05-12T14:56:38+0200] [MainThread] [I] [cwltool] Resolved 'v1.0/count-lines11-null-step-wf.cwl' to 'file:///home/michael/common-workflow-language/v1.0/v1.0/count-lines11-null-step-wf.cwl'
[2022-05-12T14:56:43+0200] [MainThread] [I] [toil.job] Saving graph of 2 jobs, 2 new
[2022-05-12T14:56:43+0200] [MainThread] [I] [toil.job] Processing job 'ResolveIndirect' kind-ResolveIndirect/instance-ad9fbf_2 v0
[2022-05-12T14:56:43+0200] [MainThread] [I] [toil.job] Processing job 'CWLWorkflow' kind-CWLWorkflow/instance-t2_lsa9z v0
[2022-05-12T14:56:43+0200] [MainThread] [I] [toil] Running Toil version 5.6.0-c34146a6437e4407a61e946e968bcce67a0ebbca on host mrc-tux.
[2022-05-12T14:56:44+0200] [MainThread] [I] [toil.worker] Redirecting logging to /tmp/a2e207cadf875f14b5c263b093754046/9ec5/worker_log.txt
[2022-05-12T14:56:44+0200] [MainThread] [I] [toil.leader] 0 jobs are running, 0 jobs are issued and waiting to run
[2022-05-12T14:56:44+0200] [MainThread] [I] [toil.leader] Issued job 'CWLJob' count-lines11-null-step-wf.cwl.step0.null-expression3-tool.cwl kind-CWLJob/instance-8htzn6mb v1 with job batch system ID: 1 and cores: 1, disk: 3.0 Gi, and memory: 2.0 Gi
[2022-05-12T14:56:44+0200] [MainThread] [I] [toil.worker] Redirecting logging to /tmp/a2e207cadf875f14b5c263b093754046/9589/worker_log.txt
[2022-05-12T14:56:45+0200] [MainThread] [I] [toil.leader] Issued job 'CWLJob' count-lines11-null-step-wf.cwl.step2.parseInt-tool.cwl kind-CWLJob/instance-1galsk09 v1 with job batch system ID: 2 and cores: 1, disk: 3.0 Gi, and memory: 2.0 Gi
[2022-05-12T14:56:45+0200] [MainThread] [I] [toil.worker] Redirecting logging to /tmp/a2e207cadf875f14b5c263b093754046/fccd/worker_log.txt
[2022-05-12T14:56:46+0200] [MainThread] [I] [toil.leader] Issued job 'CWLJob' count-lines11-null-step-wf.cwl.step1.wc-tool.cwl kind-CWLJob/instance-8htzn6mb v3 with job batch system ID: 3 and cores: 1, disk: 2.0 Gi, and memory: 8.0 Mi
[2022-05-12T14:56:46+0200] [MainThread] [I] [toil.worker] Redirecting logging to /tmp/a2e207cadf875f14b5c263b093754046/8206/worker_log.txt
[2022-05-12T14:56:47+0200] [MainThread] [I] [toil.worker] Redirecting logging to /tmp/a2e207cadf875f14b5c263b093754046/a177/worker_log.txt
[2022-05-12T14:56:48+0200] [MainThread] [I] [toil.worker] Redirecting logging to /tmp/a2e207cadf875f14b5c263b093754046/2f29/worker_log.txt
[2022-05-12T14:56:49+0200] [MainThread] [I] [toil.leader] Finished toil run successfully.
[2022-05-12T14:56:49+0200] [MainThread] [I] [toil.common] Successfully deleted the job store: FileJobStore(/tmp/tmpc0upmphu)
</system-err>
		</testcase>
		<testcase name="Test default value on step input parameter overridden by provided source. With null producing first step and no ExpressionTool" time="9.584680" class="workflow, required" file="step_input_default_value_overriden_2nd_step_null_noexp" url="cwltest:conformance_test_v1.0#188">
			<system-out>{
    &quot;wc_output&quot;: {
        &quot;location&quot;: &quot;file:///tmp/tmp15cpjqmn/output&quot;,
        &quot;basename&quot;: &quot;output&quot;,
        &quot;nameroot&quot;: &quot;output&quot;,
        &quot;nameext&quot;: &quot;&quot;,
        &quot;class&quot;: &quot;File&quot;,
        &quot;checksum&quot;: &quot;sha1$3596ea087bfdaf52380eae441077572ed289d657&quot;,
        &quot;size&quot;: 3
    }
}</system-out>
			<system-err>[2022-05-12T14:56:42+0200] [MainThread] [I] [cwltool] Resolved 'v1.0/count-lines11-null-step-wf-noET.cwl' to 'file:///home/michael/common-workflow-language/v1.0/v1.0/count-lines11-null-step-wf-noET.cwl'
[2022-05-12T14:56:45+0200] [MainThread] [I] [toil.job] Saving graph of 2 jobs, 2 new
[2022-05-12T14:56:45+0200] [MainThread] [I] [toil.job] Processing job 'ResolveIndirect' kind-ResolveIndirect/instance-ukqjzwsq v0
[2022-05-12T14:56:45+0200] [MainThread] [I] [toil.job] Processing job 'CWLWorkflow' kind-CWLWorkflow/instance-nwvd79mm v0
[2022-05-12T14:56:45+0200] [MainThread] [I] [toil] Running Toil version 5.6.0-c34146a6437e4407a61e946e968bcce67a0ebbca on host mrc-tux.
[2022-05-12T14:56:46+0200] [MainThread] [I] [toil.worker] Redirecting logging to /tmp/9bc13a30ed365051b2c303c3c2f246d3/41b1/worker_log.txt
[2022-05-12T14:56:46+0200] [MainThread] [I] [toil.leader] 0 jobs are running, 0 jobs are issued and waiting to run
[2022-05-12T14:56:46+0200] [MainThread] [I] [toil.leader] Issued job 'CWLJob' count-lines11-null-step-wf-noET.cwl.step0.null-expression3-tool.cwl kind-CWLJob/instance-warojpkm v1 with job batch system ID: 1 and cores: 1, disk: 3.0 Gi, and memory: 2.0 Gi
[2022-05-12T14:56:47+0200] [MainThread] [I] [toil.worker] Redirecting logging to /tmp/9bc13a30ed365051b2c303c3c2f246d3/6510/worker_log.txt
[2022-05-12T14:56:48+0200] [MainThread] [I] [toil.worker] Redirecting logging to /tmp/9bc13a30ed365051b2c303c3c2f246d3/10d3/worker_log.txt
[2022-05-12T14:56:48+0200] [MainThread] [I] [toil.worker] Redirecting logging to /tmp/9bc13a30ed365051b2c303c3c2f246d3/bcca/worker_log.txt
[2022-05-12T14:56:50+0200] [MainThread] [I] [toil.leader] Finished toil run successfully.
[2022-05-12T14:56:50+0200] [MainThread] [I] [toil.common] Successfully deleted the job store: FileJobStore(/tmp/tmpl2w26afv)
</system-err>
		</testcase>
		<testcase name="Pipe to stdin from user provided local File via a Directory literal" time="4.262600" class="command_line_tool, required" file="stdin_from_directory_literal_with_local_file" url="cwltest:conformance_test_v1.0#189">
			<system-out>{
    &quot;output&quot;: {
        &quot;location&quot;: &quot;file:///tmp/tmpsop8h1f5/367a9e57c49ec6b20427bdaa01975ce518210e8e&quot;,
        &quot;basename&quot;: &quot;367a9e57c49ec6b20427bdaa01975ce518210e8e&quot;,
        &quot;nameroot&quot;: &quot;367a9e57c49ec6b20427bdaa01975ce518210e8e&quot;,
        &quot;nameext&quot;: &quot;&quot;,
        &quot;class&quot;: &quot;File&quot;,
        &quot;checksum&quot;: &quot;sha1$47a013e660d408619d894b20806b1d5086aab03b&quot;,
        &quot;size&quot;: 13
    }
}</system-out>
			<system-err>[2022-05-12T14:56:43+0200] [MainThread] [I] [cwltool] Resolved 'v1.0/cat-from-dir.cwl' to 'file:///home/michael/common-workflow-language/v1.0/v1.0/cat-from-dir.cwl'
[2022-05-12T14:56:45+0200] [MainThread] [I] [toil.job] Saving graph of 1 jobs, 1 new
[2022-05-12T14:56:45+0200] [MainThread] [I] [toil.job] Processing job 'CWLJob' cat-from-dir.cwl kind-CWLJob/instance-_kcvf7kp v0
[2022-05-12T14:56:45+0200] [MainThread] [I] [toil] Running Toil version 5.6.0-c34146a6437e4407a61e946e968bcce67a0ebbca on host mrc-tux.
[2022-05-12T14:56:45+0200] [MainThread] [I] [toil.leader] Issued job 'CWLJob' cat-from-dir.cwl kind-CWLJob/instance-_kcvf7kp v1 with job batch system ID: 0 and cores: 1, disk: 2.0 Gi, and memory: 8.0 Mi
[2022-05-12T14:56:45+0200] [MainThread] [I] [toil.worker] Redirecting logging to /tmp/fd4bb66d947c59398fd07addf6e86600/91a7/worker_log.txt
[2022-05-12T14:56:45+0200] [MainThread] [I] [toil.leader] 0 jobs are running, 0 jobs are issued and waiting to run
[2022-05-12T14:56:47+0200] [MainThread] [I] [toil.leader] Finished toil run successfully.
[2022-05-12T14:56:47+0200] [MainThread] [I] [toil.common] Successfully deleted the job store: FileJobStore(/tmp/tmp5v7dao2c)
</system-err>
		</testcase>
		<testcase name="Pipe to stdin from literal File via a Directory literal" time="4.097157" class="command_line_tool, required" file="stdin_from_directory_literal_with_literal_file" url="cwltest:conformance_test_v1.0#190">
			<system-out>{
    &quot;output&quot;: {
        &quot;location&quot;: &quot;file:///tmp/tmp2hfrnqft/367a9e57c49ec6b20427bdaa01975ce518210e8e&quot;,
        &quot;basename&quot;: &quot;367a9e57c49ec6b20427bdaa01975ce518210e8e&quot;,
        &quot;nameroot&quot;: &quot;367a9e57c49ec6b20427bdaa01975ce518210e8e&quot;,
        &quot;nameext&quot;: &quot;&quot;,
        &quot;class&quot;: &quot;File&quot;,
        &quot;checksum&quot;: &quot;sha1$ef88e689559565999700d6fea7cf7ba306d04360&quot;,
        &quot;size&quot;: 26
    }
}</system-out>
			<system-err>[2022-05-12T14:56:47+0200] [MainThread] [I] [cwltool] Resolved 'v1.0/cat-from-dir.cwl' to 'file:///home/michael/common-workflow-language/v1.0/v1.0/cat-from-dir.cwl'
[2022-05-12T14:56:48+0200] [MainThread] [I] [toil.job] Saving graph of 1 jobs, 1 new
[2022-05-12T14:56:48+0200] [MainThread] [I] [toil.job] Processing job 'CWLJob' cat-from-dir.cwl kind-CWLJob/instance-_lybba65 v0
[2022-05-12T14:56:48+0200] [MainThread] [I] [toil] Running Toil version 5.6.0-c34146a6437e4407a61e946e968bcce67a0ebbca on host mrc-tux.
[2022-05-12T14:56:49+0200] [MainThread] [I] [toil.leader] Issued job 'CWLJob' cat-from-dir.cwl kind-CWLJob/instance-_lybba65 v1 with job batch system ID: 0 and cores: 1, disk: 2.0 Gi, and memory: 8.0 Mi
[2022-05-12T14:56:49+0200] [MainThread] [I] [toil.worker] Redirecting logging to /tmp/ab7f286afcec5de99efbace31598aca8/acda/worker_log.txt
[2022-05-12T14:56:49+0200] [MainThread] [I] [toil.leader] 0 jobs are running, 0 jobs are issued and waiting to run
[2022-05-12T14:56:51+0200] [MainThread] [I] [toil.leader] Finished toil run successfully.
[2022-05-12T14:56:51+0200] [MainThread] [I] [toil.common] Successfully deleted the job store: FileJobStore(/tmp/tmp0pj_w3yz)
</system-err>
		</testcase>
		<testcase name="Test non-stdin reference to literal File via a Directory literal" time="4.077749" class="command_line_tool, required" file="directory_literal_with_literal_file_nostdin" url="cwltest:conformance_test_v1.0#191">
			<system-out>{
    &quot;output_file&quot;: {
        &quot;location&quot;: &quot;file:///tmp/tmplh6ae_yg/output.txt&quot;,
        &quot;basename&quot;: &quot;output.txt&quot;,
        &quot;nameroot&quot;: &quot;output&quot;,
        &quot;nameext&quot;: &quot;.txt&quot;,
        &quot;class&quot;: &quot;File&quot;,
        &quot;checksum&quot;: &quot;sha1$ef88e689559565999700d6fea7cf7ba306d04360&quot;,
        &quot;size&quot;: 26
    }
}</system-out>
			<system-err>[2022-05-12T14:56:47+0200] [MainThread] [I] [cwltool] Resolved 'v1.0/cat3-from-dir.cwl' to 'file:///home/michael/common-workflow-language/v1.0/v1.0/cat3-from-dir.cwl'
[2022-05-12T14:56:49+0200] [MainThread] [I] [toil.job] Saving graph of 1 jobs, 1 new
[2022-05-12T14:56:49+0200] [MainThread] [I] [toil.job] Processing job 'CWLJob' cat3-from-dir.cwl kind-CWLJob/instance-sxgy2sl2 v0
[2022-05-12T14:56:49+0200] [MainThread] [I] [toil] Running Toil version 5.6.0-c34146a6437e4407a61e946e968bcce67a0ebbca on host mrc-tux.
[2022-05-12T14:56:49+0200] [MainThread] [I] [toil.leader] Issued job 'CWLJob' cat3-from-dir.cwl kind-CWLJob/instance-sxgy2sl2 v1 with job batch system ID: 0 and cores: 1, disk: 2.0 Gi, and memory: 8.0 Mi
[2022-05-12T14:56:49+0200] [MainThread] [I] [toil.worker] Redirecting logging to /tmp/6a4a1026467e59dba7a52a29aced657c/90c8/worker_log.txt
[2022-05-12T14:56:50+0200] [MainThread] [I] [toil.leader] 0 jobs are running, 0 jobs are issued and waiting to run
[2022-05-12T14:56:51+0200] [MainThread] [I] [toil.leader] Finished toil run successfully.
[2022-05-12T14:56:51+0200] [MainThread] [I] [toil.common] Successfully deleted the job store: FileJobStore(/tmp/tmp5rax0fx_)
</system-err>
		</testcase>
		<testcase name="Test CommandLineTool without inputs" time="4.812135" class="command_line_tool, required" file="no_inputs_commandlinetool" url="cwltest:conformance_test_v1.0#192">
			<system-out>{
    &quot;output&quot;: {
        &quot;location&quot;: &quot;file:///tmp/tmphjc3q5fl/output&quot;,
        &quot;basename&quot;: &quot;output&quot;,
        &quot;nameroot&quot;: &quot;output&quot;,
        &quot;nameext&quot;: &quot;&quot;,
        &quot;class&quot;: &quot;File&quot;,
        &quot;checksum&quot;: &quot;sha1$1334e67fe9eb70db8ae14ccfa6cfb59e2cc24eae&quot;,
        &quot;size&quot;: 4
    }
}</system-out>
			<system-err>[2022-05-12T14:56:50+0200] [MainThread] [I] [cwltool] Resolved 'v1.0/no-inputs-tool.cwl' to 'file:///home/michael/common-workflow-language/v1.0/v1.0/no-inputs-tool.cwl'
[2022-05-12T14:56:51+0200] [MainThread] [I] [toil.job] Saving graph of 1 jobs, 1 new
[2022-05-12T14:56:51+0200] [MainThread] [I] [toil.job] Processing job 'CWLJob' no-inputs-tool.cwl kind-CWLJob/instance-09ksgs85 v0
[2022-05-12T14:56:51+0200] [MainThread] [I] [toil] Running Toil version 5.6.0-c34146a6437e4407a61e946e968bcce67a0ebbca on host mrc-tux.
[2022-05-12T14:56:51+0200] [MainThread] [I] [toil.leader] Issued job 'CWLJob' no-inputs-tool.cwl kind-CWLJob/instance-09ksgs85 v1 with job batch system ID: 0 and cores: 1, disk: 2.0 Gi, and memory: 8.0 Mi
[2022-05-12T14:56:51+0200] [MainThread] [I] [toil.worker] Redirecting logging to /tmp/2585229aa8335bc496c58c7daeac4390/c495/worker_log.txt
[2022-05-12T14:56:53+0200] [MainThread] [I] [toil.leader] 0 jobs are running, 0 jobs are issued and waiting to run
[2022-05-12T14:56:54+0200] [MainThread] [I] [toil.leader] Finished toil run successfully.
[2022-05-12T14:56:54+0200] [MainThread] [I] [toil.common] Successfully deleted the job store: FileJobStore(/tmp/tmpivspduid)
</system-err>
		</testcase>
		<testcase name="Test CommandLineTool without outputs" time="5.021798" class="command_line_tool, required" file="no_outputs_commandlinetool" url="cwltest:conformance_test_v1.0#193">
			<system-out>{}</system-out>
			<system-err>[2022-05-12T14:56:51+0200] [MainThread] [I] [cwltool] Resolved 'v1.0/no-outputs-tool.cwl' to 'file:///home/michael/common-workflow-language/v1.0/v1.0/no-outputs-tool.cwl'
[2022-05-12T14:56:52+0200] [MainThread] [I] [toil.job] Saving graph of 1 jobs, 1 new
[2022-05-12T14:56:52+0200] [MainThread] [I] [toil.job] Processing job 'CWLJob' no-outputs-tool.cwl kind-CWLJob/instance-n84fmbfp v0
[2022-05-12T14:56:52+0200] [MainThread] [I] [toil] Running Toil version 5.6.0-c34146a6437e4407a61e946e968bcce67a0ebbca on host mrc-tux.
[2022-05-12T14:56:52+0200] [MainThread] [I] [toil.leader] Issued job 'CWLJob' no-outputs-tool.cwl kind-CWLJob/instance-n84fmbfp v1 with job batch system ID: 0 and cores: 1, disk: 2.0 Gi, and memory: 8.0 Mi
[2022-05-12T14:56:53+0200] [MainThread] [I] [toil.worker] Redirecting logging to /tmp/ec5ae5a5b1ad5c38831a6482cd67fc09/38e4/worker_log.txt
[2022-05-12T14:56:54+0200] [MainThread] [I] [toil.leader] 0 jobs are running, 0 jobs are issued and waiting to run
[2022-05-12T14:56:55+0200] [MainThread] [I] [toil.leader] Finished toil run successfully.
[2022-05-12T14:56:55+0200] [MainThread] [I] [toil.common] Successfully deleted the job store: FileJobStore(/tmp/tmpwpfdww90)
</system-err>
		</testcase>
		<testcase name="Test Workflow without inputs" time="8.267913" class="workflow, required" file="no_inputs_workflow" url="cwltest:conformance_test_v1.0#194">
			<system-out>{
    &quot;output&quot;: {
        &quot;location&quot;: &quot;file:///tmp/tmpzyyxjpcy/output&quot;,
        &quot;basename&quot;: &quot;output&quot;,
        &quot;nameroot&quot;: &quot;output&quot;,
        &quot;nameext&quot;: &quot;&quot;,
        &quot;class&quot;: &quot;File&quot;,
        &quot;checksum&quot;: &quot;sha1$1334e67fe9eb70db8ae14ccfa6cfb59e2cc24eae&quot;,
        &quot;size&quot;: 4
    }
}</system-out>
			<system-err>[2022-05-12T14:56:51+0200] [MainThread] [I] [cwltool] Resolved 'v1.0/no-inputs-wf.cwl' to 'file:///home/michael/common-workflow-language/v1.0/v1.0/no-inputs-wf.cwl'
[2022-05-12T14:56:54+0200] [MainThread] [I] [toil.job] Saving graph of 2 jobs, 2 new
[2022-05-12T14:56:54+0200] [MainThread] [I] [toil.job] Processing job 'ResolveIndirect' kind-ResolveIndirect/instance-l1yr5z9r v0
[2022-05-12T14:56:54+0200] [MainThread] [I] [toil.job] Processing job 'CWLWorkflow' kind-CWLWorkflow/instance-v7md17jw v0
[2022-05-12T14:56:54+0200] [MainThread] [I] [toil] Running Toil version 5.6.0-c34146a6437e4407a61e946e968bcce67a0ebbca on host mrc-tux.
[2022-05-12T14:56:54+0200] [MainThread] [I] [toil.worker] Redirecting logging to /tmp/5b54e6411e4c5d17a5493e35c97f201a/149f/worker_log.txt
[2022-05-12T14:56:55+0200] [MainThread] [I] [toil.leader] 0 jobs are running, 0 jobs are issued and waiting to run
[2022-05-12T14:56:55+0200] [MainThread] [I] [toil.leader] Issued job 'CWLJob' no-inputs-wf.cwl.step0.4fd9bd0f-c9b0-4f09-991a-ecb61af5f8da kind-CWLJob/instance-t2nfc9a5 v1 with job batch system ID: 1 and cores: 1, disk: 3.0 Gi, and memory: 2.0 Gi
[2022-05-12T14:56:55+0200] [MainThread] [I] [toil.worker] Redirecting logging to /tmp/5b54e6411e4c5d17a5493e35c97f201a/d69b/worker_log.txt
[2022-05-12T14:56:57+0200] [MainThread] [I] [toil.worker] Redirecting logging to /tmp/5b54e6411e4c5d17a5493e35c97f201a/3dd7/worker_log.txt
[2022-05-12T14:56:57+0200] [MainThread] [I] [toil.worker] Redirecting logging to /tmp/5b54e6411e4c5d17a5493e35c97f201a/1467/worker_log.txt
[2022-05-12T14:56:59+0200] [MainThread] [I] [toil.leader] Finished toil run successfully.
[2022-05-12T14:56:59+0200] [MainThread] [I] [toil.common] Successfully deleted the job store: FileJobStore(/tmp/tmpmm9cnt_i)
</system-err>
		</testcase>
		<testcase name="Test Workflow without outputs" time="9.097961" class="workflow, required" file="no_outputs_workflow" url="cwltest:conformance_test_v1.0#195">
			<system-out>{}</system-out>
			<system-err>[2022-05-12T14:56:51+0200] [MainThread] [I] [cwltool] Resolved 'v1.0/no-outputs-wf.cwl' to 'file:///home/michael/common-workflow-language/v1.0/v1.0/no-outputs-wf.cwl'
[2022-05-12T14:56:54+0200] [MainThread] [I] [toil.job] Saving graph of 2 jobs, 2 new
[2022-05-12T14:56:54+0200] [MainThread] [I] [toil.job] Processing job 'ResolveIndirect' kind-ResolveIndirect/instance-cy8i0_ur v0
[2022-05-12T14:56:54+0200] [MainThread] [I] [toil.job] Processing job 'CWLWorkflow' kind-CWLWorkflow/instance-5jqcffpt v0
[2022-05-12T14:56:54+0200] [MainThread] [I] [toil] Running Toil version 5.6.0-c34146a6437e4407a61e946e968bcce67a0ebbca on host mrc-tux.
[2022-05-12T14:56:54+0200] [MainThread] [I] [toil.worker] Redirecting logging to /tmp/79a8f4ff70905a2badfe0ca59e95c4f1/75f8/worker_log.txt
[2022-05-12T14:56:55+0200] [MainThread] [I] [toil.leader] 0 jobs are running, 0 jobs are issued and waiting to run
[2022-05-12T14:56:55+0200] [MainThread] [I] [toil.leader] Issued job 'CWLJob' no-outputs-wf.cwl.step0.c31fe288-95d9-455c-a0f3-429b8d2ed676 kind-CWLJob/instance-b0may343 v1 with job batch system ID: 1 and cores: 1, disk: 3.0 Gi, and memory: 2.0 Gi
[2022-05-12T14:56:55+0200] [MainThread] [I] [toil.worker] Redirecting logging to /tmp/79a8f4ff70905a2badfe0ca59e95c4f1/316f/worker_log.txt
[2022-05-12T14:56:57+0200] [MainThread] [I] [toil.worker] Redirecting logging to /tmp/79a8f4ff70905a2badfe0ca59e95c4f1/08ac/worker_log.txt
[2022-05-12T14:56:58+0200] [MainThread] [I] [toil.worker] Redirecting logging to /tmp/79a8f4ff70905a2badfe0ca59e95c4f1/66b6/worker_log.txt
[2022-05-12T14:57:00+0200] [MainThread] [I] [toil.leader] Finished toil run successfully.
[2022-05-12T14:57:00+0200] [MainThread] [I] [toil.common] Successfully deleted the job store: FileJobStore(/tmp/tmp5pq8q4b3)
</system-err>
		</testcase>
		<testcase name="Test an anonymous enum inside an array inside a record" time="4.211058" class="command_line_tool, required" file="anonymous_enum_in_array" url="cwltest:conformance_test_v1.0#196">
			<system-out>{
    &quot;result&quot;: {
        &quot;location&quot;: &quot;file:///tmp/tmp55uw1uv9/081a410f418a0048c4c5c05994936af63dbcc85a&quot;,
        &quot;basename&quot;: &quot;081a410f418a0048c4c5c05994936af63dbcc85a&quot;,
        &quot;nameroot&quot;: &quot;081a410f418a0048c4c5c05994936af63dbcc85a&quot;,
        &quot;nameext&quot;: &quot;&quot;,
        &quot;class&quot;: &quot;File&quot;,
        &quot;checksum&quot;: &quot;sha1$2132943d72c39423e0b9425cbc40dfd5bf3e9cb2&quot;,
        &quot;size&quot;: 39
    }
}</system-out>
			<system-err>[2022-05-12T14:56:55+0200] [MainThread] [I] [cwltool] Resolved 'v1.0/anon_enum_inside_array.cwl' to 'file:///home/michael/common-workflow-language/v1.0/v1.0/anon_enum_inside_array.cwl'
[2022-05-12T14:56:56+0200] [MainThread] [I] [toil.job] Saving graph of 1 jobs, 1 new
[2022-05-12T14:56:56+0200] [MainThread] [I] [toil.job] Processing job 'CWLJob' anon_enum_inside_array.cwl kind-CWLJob/instance-j7oneh1m v0
[2022-05-12T14:56:56+0200] [MainThread] [I] [toil] Running Toil version 5.6.0-c34146a6437e4407a61e946e968bcce67a0ebbca on host mrc-tux.
[2022-05-12T14:56:56+0200] [MainThread] [I] [toil.leader] Issued job 'CWLJob' anon_enum_inside_array.cwl kind-CWLJob/instance-j7oneh1m v1 with job batch system ID: 0 and cores: 1, disk: 2.0 Gi, and memory: 8.0 Mi
[2022-05-12T14:56:57+0200] [MainThread] [I] [toil.worker] Redirecting logging to /tmp/c43dd3225fe95c5389563d5da6bc0a69/8a35/worker_log.txt
[2022-05-12T14:56:57+0200] [MainThread] [I] [toil.leader] 0 jobs are running, 0 jobs are issued and waiting to run
[2022-05-12T14:56:58+0200] [MainThread] [I] [toil.leader] Finished toil run successfully.
[2022-05-12T14:56:58+0200] [MainThread] [I] [toil.common] Successfully deleted the job store: FileJobStore(/tmp/tmpejxlkxpc)
</system-err>
		</testcase>
		<testcase name="Test an anonymous enum inside an array inside a record, SchemaDefRequirement" time="4.677207" class="command_line_tool, schema_def" file="schema-def_anonymous_enum_in_array" url="cwltest:conformance_test_v1.0#197">
			<system-out>{
    &quot;result&quot;: {
        &quot;location&quot;: &quot;file:///tmp/tmp7vrmar11/0d4bf946896d22a6f7640359c319d738e24057f7&quot;,
        &quot;basename&quot;: &quot;0d4bf946896d22a6f7640359c319d738e24057f7&quot;,
        &quot;nameroot&quot;: &quot;0d4bf946896d22a6f7640359c319d738e24057f7&quot;,
        &quot;nameext&quot;: &quot;&quot;,
        &quot;class&quot;: &quot;File&quot;,
        &quot;checksum&quot;: &quot;sha1$f17c7d81f66e1520fca25b96b90eeeae5bbf08b0&quot;,
        &quot;size&quot;: 39
    }
}</system-out>
			<system-err>[2022-05-12T14:56:56+0200] [MainThread] [I] [cwltool] Resolved 'v1.0/anon_enum_inside_array_inside_schemadef.cwl' to 'file:///home/michael/common-workflow-language/v1.0/v1.0/anon_enum_inside_array_inside_schemadef.cwl'
[2022-05-12T14:56:58+0200] [MainThread] [I] [toil.job] Saving graph of 1 jobs, 1 new
[2022-05-12T14:56:58+0200] [MainThread] [I] [toil.job] Processing job 'CWLJob' anon_enum_inside_array_inside_schemadef.cwl kind-CWLJob/instance-p5i5svml v0
[2022-05-12T14:56:58+0200] [MainThread] [I] [toil] Running Toil version 5.6.0-c34146a6437e4407a61e946e968bcce67a0ebbca on host mrc-tux.
[2022-05-12T14:56:58+0200] [MainThread] [I] [toil.leader] Issued job 'CWLJob' anon_enum_inside_array_inside_schemadef.cwl kind-CWLJob/instance-p5i5svml v1 with job batch system ID: 0 and cores: 1, disk: 2.0 Gi, and memory: 8.0 Mi
[2022-05-12T14:56:58+0200] [MainThread] [I] [toil.worker] Redirecting logging to /tmp/89c0bcc85d04591ba395f9e98c260472/402f/worker_log.txt
[2022-05-12T14:56:58+0200] [MainThread] [I] [toil.leader] 0 jobs are running, 0 jobs are issued and waiting to run
[2022-05-12T14:57:00+0200] [MainThread] [I] [toil.leader] Finished toil run successfully.
[2022-05-12T14:57:00+0200] [MainThread] [I] [toil.common] Successfully deleted the job store: FileJobStore(/tmp/tmpjvhd4_kh)
</system-err>
		</testcase>
	</testsuite>
</testsuites>
