<?xml version="1.0" ?>
<testsuites disabled="0" errors="0" failures="0" tests="253" time="1901.6488802433014">
	<testsuite disabled="0" errors="0" failures="0" name="conformance_tests" skipped="0" tests="253" time="1901.6488802433014">
		<testcase name="General test of command line generation" time="5.409450" class="required, command_line_tool" file="cl_basic_generation" url="cwltest:conformance_tests#1">
			<system-out>{
    &quot;args&quot;: [
        &quot;bwa&quot;,
        &quot;mem&quot;,
        &quot;-t&quot;,
        &quot;2&quot;,
        &quot;-I&quot;,
        &quot;1,2,3,4&quot;,
        &quot;-m&quot;,
        &quot;3&quot;,
        &quot;chr20.fa&quot;,
        &quot;example_human_Illumina.pe_1.fastq&quot;,
        &quot;example_human_Illumina.pe_2.fastq&quot;
    ]
}</system-out>
			<system-err>[2022-05-12T15:10:10+0200] [MainThread] [I] [cwltool] Resolved 'tests/bwa-mem-tool.cwl' to 'file:///home/michael/cwl-v1.1/tests/bwa-mem-tool.cwl'
[2022-05-12T15:10:12+0200] [MainThread] [I] [toil.job] Saving graph of 1 jobs, 1 new
[2022-05-12T15:10:12+0200] [MainThread] [I] [toil.job] Processing job 'CWLJob' bwa-mem-tool.cwl kind-CWLJob/instance-a15ao4i5 v0
[2022-05-12T15:10:12+0200] [MainThread] [I] [toil] Running Toil version 5.6.0-c34146a6437e4407a61e946e968bcce67a0ebbca on host mrc-tux.
[2022-05-12T15:10:12+0200] [MainThread] [I] [toil.leader] Issued job 'CWLJob' bwa-mem-tool.cwl kind-CWLJob/instance-a15ao4i5 v1 with job batch system ID: 0 and cores: 2, disk: 2.0 Gi, and memory: 256.0 Mi
[2022-05-12T15:10:12+0200] [MainThread] [I] [toil.worker] Redirecting logging to /tmp/b9e1371f67875152b8b692d636b2c8ae/e257/worker_log.txt
[2022-05-12T15:10:14+0200] [MainThread] [I] [toil.leader] 0 jobs are running, 0 jobs are issued and waiting to run
[2022-05-12T15:10:15+0200] [MainThread] [I] [toil.leader] Finished toil run successfully.
[2022-05-12T15:10:15+0200] [MainThread] [I] [toil.common] Successfully deleted the job store: FileJobStore(/tmp/tmp8bqd81fv)
</system-err>
		</testcase>
		<testcase name="Test nested prefixes with arrays" time="5.397095" class="required, command_line_tool" file="nested_prefixes_arrays" url="cwltest:conformance_tests#2">
			<system-out>{
    &quot;args&quot;: [
        &quot;bwa&quot;,
        &quot;mem&quot;,
        &quot;chr20.fa&quot;,
        &quot;-XXX&quot;,
        &quot;-YYY&quot;,
        &quot;example_human_Illumina.pe_1.fastq&quot;,
        &quot;-YYY&quot;,
        &quot;example_human_Illumina.pe_2.fastq&quot;
    ]
}</system-out>
			<system-err>[2022-05-12T15:10:10+0200] [MainThread] [I] [cwltool] Resolved 'tests/binding-test.cwl' to 'file:///home/michael/cwl-v1.1/tests/binding-test.cwl'
[2022-05-12T15:10:12+0200] [MainThread] [I] [toil.job] Saving graph of 1 jobs, 1 new
[2022-05-12T15:10:12+0200] [MainThread] [I] [toil.job] Processing job 'CWLJob' binding-test.cwl kind-CWLJob/instance-u2uxrh2c v0
[2022-05-12T15:10:12+0200] [MainThread] [I] [toil] Running Toil version 5.6.0-c34146a6437e4407a61e946e968bcce67a0ebbca on host mrc-tux.
[2022-05-12T15:10:12+0200] [MainThread] [I] [toil.leader] Issued job 'CWLJob' binding-test.cwl kind-CWLJob/instance-u2uxrh2c v1 with job batch system ID: 0 and cores: 1, disk: 3.0 Gi, and memory: 2.0 Gi
[2022-05-12T15:10:12+0200] [MainThread] [I] [toil.worker] Redirecting logging to /tmp/a58e9500d6b7582fb231b46fe9625ff9/c19b/worker_log.txt
[2022-05-12T15:10:13+0200] [MainThread] [I] [toil.leader] 0 jobs are running, 0 jobs are issued and waiting to run
[2022-05-12T15:10:15+0200] [MainThread] [I] [toil.leader] Finished toil run successfully.
[2022-05-12T15:10:15+0200] [MainThread] [I] [toil.common] Successfully deleted the job store: FileJobStore(/tmp/tmpxzels1ly)
</system-err>
		</testcase>
		<testcase name="Test nested command line bindings" time="5.410818" class="schema_def, command_line_tool" file="nested_cl_bindings" url="cwltest:conformance_tests#3">
			<system-out>{
    &quot;args&quot;: [
        &quot;tmap&quot;,
        &quot;mapall&quot;,
        &quot;stage1&quot;,
        &quot;map1&quot;,
        &quot;--min-seq-length&quot;,
        &quot;20&quot;,
        &quot;map2&quot;,
        &quot;--min-seq-length&quot;,
        &quot;20&quot;,
        &quot;stage2&quot;,
        &quot;map1&quot;,
        &quot;--max-seq-length&quot;,
        &quot;20&quot;,
        &quot;--min-seq-length&quot;,
        &quot;10&quot;,
        &quot;--seed-length&quot;,
        &quot;16&quot;,
        &quot;map2&quot;,
        &quot;--max-seed-hits&quot;,
        &quot;-1&quot;,
        &quot;--max-seq-length&quot;,
        &quot;20&quot;,
        &quot;--min-seq-length&quot;,
        &quot;10&quot;
    ]
}</system-out>
			<system-err>[2022-05-12T15:10:10+0200] [MainThread] [I] [cwltool] Resolved 'tests/tmap-tool.cwl' to 'file:///home/michael/cwl-v1.1/tests/tmap-tool.cwl'
[2022-05-12T15:10:12+0200] [MainThread] [I] [toil.job] Saving graph of 1 jobs, 1 new
[2022-05-12T15:10:12+0200] [MainThread] [I] [toil.job] Processing job 'CWLJob' tmap-tool.cwl kind-CWLJob/instance-o2rs2zii v0
[2022-05-12T15:10:12+0200] [MainThread] [I] [toil] Running Toil version 5.6.0-c34146a6437e4407a61e946e968bcce67a0ebbca on host mrc-tux.
[2022-05-12T15:10:12+0200] [MainThread] [I] [toil.leader] Issued job 'CWLJob' tmap-tool.cwl kind-CWLJob/instance-o2rs2zii v1 with job batch system ID: 0 and cores: 1, disk: 3.0 Gi, and memory: 2.0 Gi
[2022-05-12T15:10:12+0200] [MainThread] [I] [toil.worker] Redirecting logging to /tmp/6790fd7f1b28541d9e931c5ad6bf97b5/79c6/worker_log.txt
[2022-05-12T15:10:14+0200] [MainThread] [I] [toil.leader] 0 jobs are running, 0 jobs are issued and waiting to run
[2022-05-12T15:10:15+0200] [MainThread] [I] [toil.leader] Finished toil run successfully.
[2022-05-12T15:10:15+0200] [MainThread] [I] [toil.common] Successfully deleted the job store: FileJobStore(/tmp/tmp8cjw_api)
</system-err>
		</testcase>
		<testcase name="Test command line with optional input (missing)" time="5.355104" class="required, command_line_tool" file="cl_optional_inputs_missing" url="cwltest:conformance_tests#4">
			<system-out>{
    &quot;args&quot;: [
        &quot;cat&quot;,
        &quot;hello.txt&quot;
    ]
}</system-out>
			<system-err>[2022-05-12T15:10:10+0200] [MainThread] [I] [cwltool] Resolved 'tests/cat1-testcli.cwl' to 'file:///home/michael/cwl-v1.1/tests/cat1-testcli.cwl'
[2022-05-12T15:10:12+0200] [MainThread] [I] [toil.job] Saving graph of 1 jobs, 1 new
[2022-05-12T15:10:12+0200] [MainThread] [I] [toil.job] Processing job 'CWLJob' cat1-testcli.cwl kind-CWLJob/instance-xwpf3wo0 v0
[2022-05-12T15:10:12+0200] [MainThread] [I] [toil] Running Toil version 5.6.0-c34146a6437e4407a61e946e968bcce67a0ebbca on host mrc-tux.
[2022-05-12T15:10:12+0200] [MainThread] [I] [toil.leader] Issued job 'CWLJob' cat1-testcli.cwl kind-CWLJob/instance-xwpf3wo0 v1 with job batch system ID: 0 and cores: 1, disk: 3.0 Gi, and memory: 2.0 Gi
[2022-05-12T15:10:12+0200] [MainThread] [I] [toil.worker] Redirecting logging to /tmp/6b004cf0527656e39c06c4dd447213a2/1af9/worker_log.txt
[2022-05-12T15:10:13+0200] [MainThread] [I] [toil.leader] 0 jobs are running, 0 jobs are issued and waiting to run
[2022-05-12T15:10:15+0200] [MainThread] [I] [toil.leader] Finished toil run successfully.
[2022-05-12T15:10:15+0200] [MainThread] [I] [toil.common] Successfully deleted the job store: FileJobStore(/tmp/tmpgzrl59fa)
</system-err>
		</testcase>
		<testcase name="Test command line with optional input (provided)" time="5.337071" class="required, command_line_tool" file="cl_optional_bindings_provided" url="cwltest:conformance_tests#5">
			<system-out>{
    &quot;args&quot;: [
        &quot;cat&quot;,
        &quot;-n&quot;,
        &quot;hello.txt&quot;
    ]
}</system-out>
			<system-err>[2022-05-12T15:10:15+0200] [MainThread] [I] [cwltool] Resolved 'tests/cat1-testcli.cwl' to 'file:///home/michael/cwl-v1.1/tests/cat1-testcli.cwl'
[2022-05-12T15:10:17+0200] [MainThread] [I] [toil.job] Saving graph of 1 jobs, 1 new
[2022-05-12T15:10:17+0200] [MainThread] [I] [toil.job] Processing job 'CWLJob' cat1-testcli.cwl kind-CWLJob/instance-oxta1fdh v0
[2022-05-12T15:10:17+0200] [MainThread] [I] [toil] Running Toil version 5.6.0-c34146a6437e4407a61e946e968bcce67a0ebbca on host mrc-tux.
[2022-05-12T15:10:17+0200] [MainThread] [I] [toil.leader] Issued job 'CWLJob' cat1-testcli.cwl kind-CWLJob/instance-oxta1fdh v1 with job batch system ID: 0 and cores: 1, disk: 3.0 Gi, and memory: 2.0 Gi
[2022-05-12T15:10:18+0200] [MainThread] [I] [toil.worker] Redirecting logging to /tmp/b9ee7d31d1a55b58929861dc3c5f9fe0/7848/worker_log.txt
[2022-05-12T15:10:19+0200] [MainThread] [I] [toil.leader] 0 jobs are running, 0 jobs are issued and waiting to run
[2022-05-12T15:10:20+0200] [MainThread] [I] [toil.leader] Finished toil run successfully.
[2022-05-12T15:10:20+0200] [MainThread] [I] [toil.common] Successfully deleted the job store: FileJobStore(/tmp/tmpnfkc33ai)
</system-err>
		</testcase>
		<testcase name="Test InitialWorkDirRequirement ExpressionEngineRequirement.engineConfig feature" time="6.035470" class="initial_work_dir, inline_javascript, command_line_tool" file="initworkdir_expreng_requirements" url="cwltest:conformance_tests#6">
			<system-out>{
    &quot;foo&quot;: {
        &quot;location&quot;: &quot;file:///tmp/tmpvu2icaju/foo.txt&quot;,
        &quot;basename&quot;: &quot;foo.txt&quot;,
        &quot;nameroot&quot;: &quot;foo&quot;,
        &quot;nameext&quot;: &quot;.txt&quot;,
        &quot;class&quot;: &quot;File&quot;,
        &quot;checksum&quot;: &quot;sha1$63da67422622fbf9251a046d7a34b7ea0fd4fead&quot;,
        &quot;size&quot;: 22
    }
}</system-out>
			<system-err>[2022-05-12T15:10:16+0200] [MainThread] [I] [cwltool] Resolved 'tests/template-tool.cwl' to 'file:///home/michael/cwl-v1.1/tests/template-tool.cwl'
[2022-05-12T15:10:18+0200] [MainThread] [W] [cwltool] tests/template-tool.cwl:7:9: JSHINT:       exports = module.exports = _;
tests/template-tool.cwl:7:9: JSHINT:       ^
tests/template-tool.cwl:7:9: JSHINT: W117: 'exports' is not defined.
[2022-05-12T15:10:18+0200] [MainThread] [W] [cwltool] tests/template-tool.cwl:7:9: JSHINT:     exports._ = _;
tests/template-tool.cwl:7:9: JSHINT:     ^
tests/template-tool.cwl:7:9: JSHINT: W117: 'exports' is not defined.
[2022-05-12T15:10:18+0200] [MainThread] [W] [cwltool] tests/template-tool.cwl:7:9: JSHINT:     if (typeof module !== 'undefined' &amp;&amp; module.exports) {
tests/template-tool.cwl:7:9: JSHINT:                                          ^
tests/template-tool.cwl:7:9: JSHINT: W117: 'module' is not defined.
[2022-05-12T15:10:18+0200] [MainThread] [W] [cwltool] tests/template-tool.cwl:7:9: JSHINT:       exports = module.exports = _;
tests/template-tool.cwl:7:9: JSHINT:                 ^
tests/template-tool.cwl:7:9: JSHINT: W117: 'module' is not defined.
[2022-05-12T15:10:18+0200] [MainThread] [W] [cwltool] tests/template-tool.cwl:7:9: JSHINT:     return setTimeout(function(){
tests/template-tool.cwl:7:9: JSHINT:            ^
tests/template-tool.cwl:7:9: JSHINT: W117: 'setTimeout' is not defined.
[2022-05-12T15:10:18+0200] [MainThread] [W] [cwltool] tests/template-tool.cwl:7:9: JSHINT:         timeout = setTimeout(later, remaining);
tests/template-tool.cwl:7:9: JSHINT:                   ^
tests/template-tool.cwl:7:9: JSHINT: W117: 'setTimeout' is not defined.
[2022-05-12T15:10:18+0200] [MainThread] [W] [cwltool] tests/template-tool.cwl:7:9: JSHINT:         timeout = setTimeout(later, wait - last);
tests/template-tool.cwl:7:9: JSHINT:                   ^
tests/template-tool.cwl:7:9: JSHINT: W117: 'setTimeout' is not defined.
[2022-05-12T15:10:18+0200] [MainThread] [W] [cwltool] tests/template-tool.cwl:7:9: JSHINT:       if (!timeout) timeout = setTimeout(later, wait);
tests/template-tool.cwl:7:9: JSHINT:                               ^
tests/template-tool.cwl:7:9: JSHINT: W117: 'setTimeout' is not defined.
[2022-05-12T15:10:18+0200] [MainThread] [W] [cwltool] tests/template-tool.cwl:7:9: JSHINT:         clearTimeout(timeout);
tests/template-tool.cwl:7:9: JSHINT:         ^
tests/template-tool.cwl:7:9: JSHINT: W117: 'clearTimeout' is not defined.
[2022-05-12T15:10:18+0200] [MainThread] [W] [cwltool] tests/template-tool.cwl:7:9: JSHINT:     root._ = previousUnderscore;
tests/template-tool.cwl:7:9: JSHINT:              ^
tests/template-tool.cwl:7:9: JSHINT: W117: 'previousUnderscore' is not defined.
[2022-05-12T15:10:18+0200] [MainThread] [W] [cwltool] tests/template-tool.cwl:7:9: JSHINT:   if (typeof define === 'function' &amp;&amp; define.amd) {
tests/template-tool.cwl:7:9: JSHINT:                                       ^
tests/template-tool.cwl:7:9: JSHINT: W117: 'define' is not defined.
[2022-05-12T15:10:18+0200] [MainThread] [W] [cwltool] tests/template-tool.cwl:7:9: JSHINT:     define('underscore', [], function() {
tests/template-tool.cwl:7:9: JSHINT:     ^
tests/template-tool.cwl:7:9: JSHINT: W117: 'define' is not defined.
[2022-05-12T15:10:18+0200] [MainThread] [W] [cwltool] tests/template-tool.cwl:8:9: JSHINT: var t = function(s) { return _.template(s, {variable: 'data'})({'inputs': inputs}); };
tests/template-tool.cwl:8:9: JSHINT:                              ^
tests/template-tool.cwl:8:9: JSHINT: W117: '_' is not defined.
[2022-05-12T15:10:18+0200] [MainThread] [I] [toil.job] Saving graph of 1 jobs, 1 new
[2022-05-12T15:10:18+0200] [MainThread] [I] [toil.job] Processing job 'CWLJob' template-tool.cwl kind-CWLJob/instance-bhtyvopy v0
[2022-05-12T15:10:18+0200] [MainThread] [I] [toil] Running Toil version 5.6.0-c34146a6437e4407a61e946e968bcce67a0ebbca on host mrc-tux.
[2022-05-12T15:10:18+0200] [MainThread] [I] [toil.leader] Issued job 'CWLJob' template-tool.cwl kind-CWLJob/instance-bhtyvopy v1 with job batch system ID: 0 and cores: 1, disk: 3.0 Gi, and memory: 2.0 Gi
[2022-05-12T15:10:18+0200] [MainThread] [I] [toil.worker] Redirecting logging to /tmp/35a0d9d3a80a51a499b5b4e969a8c790/951a/worker_log.txt
[2022-05-12T15:10:20+0200] [MainThread] [I] [toil.leader] 0 jobs are running, 0 jobs are issued and waiting to run
[2022-05-12T15:10:21+0200] [MainThread] [I] [toil.leader] Finished toil run successfully.
[2022-05-12T15:10:21+0200] [MainThread] [I] [toil.common] Successfully deleted the job store: FileJobStore(/tmp/tmp6s6cqv8b)
</system-err>
		</testcase>
		<testcase name="Test command execution in Docker with stdout redirection" time="5.477183" class="docker, command_line_tool" file="stdout_redirect_docker" url="cwltest:conformance_tests#7">
			<system-out>{
    &quot;output_file&quot;: {
        &quot;location&quot;: &quot;file:///tmp/tmpzu4k05n8/output.txt&quot;,
        &quot;basename&quot;: &quot;output.txt&quot;,
        &quot;nameroot&quot;: &quot;output&quot;,
        &quot;nameext&quot;: &quot;.txt&quot;,
        &quot;class&quot;: &quot;File&quot;,
        &quot;checksum&quot;: &quot;sha1$47a013e660d408619d894b20806b1d5086aab03b&quot;,
        &quot;size&quot;: 13
    }
}</system-out>
			<system-err>[2022-05-12T15:10:16+0200] [MainThread] [I] [cwltool] Resolved 'tests/cat3-tool.cwl' to 'file:///home/michael/cwl-v1.1/tests/cat3-tool.cwl'
[2022-05-12T15:10:17+0200] [MainThread] [I] [toil.job] Saving graph of 1 jobs, 1 new
[2022-05-12T15:10:17+0200] [MainThread] [I] [toil.job] Processing job 'CWLJob' cat3-tool.cwl kind-CWLJob/instance-jv1u5j2t v0
[2022-05-12T15:10:17+0200] [MainThread] [I] [toil] Running Toil version 5.6.0-c34146a6437e4407a61e946e968bcce67a0ebbca on host mrc-tux.
[2022-05-12T15:10:17+0200] [MainThread] [I] [toil.leader] Issued job 'CWLJob' cat3-tool.cwl kind-CWLJob/instance-jv1u5j2t v1 with job batch system ID: 0 and cores: 1, disk: 3.0 Gi, and memory: 2.0 Gi
[2022-05-12T15:10:18+0200] [MainThread] [I] [toil.worker] Redirecting logging to /tmp/fd3d79dd1f1851259f9d498220639cb4/3103/worker_log.txt
[2022-05-12T15:10:19+0200] [MainThread] [I] [toil.leader] 0 jobs are running, 0 jobs are issued and waiting to run
[2022-05-12T15:10:20+0200] [MainThread] [I] [toil.leader] Finished toil run successfully.
[2022-05-12T15:10:20+0200] [MainThread] [I] [toil.common] Successfully deleted the job store: FileJobStore(/tmp/tmp95oy1ma3)
</system-err>
		</testcase>
		<testcase name="Test command execution in Docker with shortcut stdout redirection" time="5.350470" class="docker, command_line_tool" file="stdout_redirect_shortcut_docker" url="cwltest:conformance_tests#8">
			<system-out>{
    &quot;output_file&quot;: {
        &quot;location&quot;: &quot;file:///tmp/tmpshv3vl38/b051dce931074af9703b84c912d29b931a822796&quot;,
        &quot;basename&quot;: &quot;b051dce931074af9703b84c912d29b931a822796&quot;,
        &quot;nameroot&quot;: &quot;b051dce931074af9703b84c912d29b931a822796&quot;,
        &quot;nameext&quot;: &quot;&quot;,
        &quot;class&quot;: &quot;File&quot;,
        &quot;checksum&quot;: &quot;sha1$47a013e660d408619d894b20806b1d5086aab03b&quot;,
        &quot;size&quot;: 13
    }
}</system-out>
			<system-err>[2022-05-12T15:10:16+0200] [MainThread] [I] [cwltool] Resolved 'tests/cat3-tool-shortcut.cwl' to 'file:///home/michael/cwl-v1.1/tests/cat3-tool-shortcut.cwl'
[2022-05-12T15:10:17+0200] [MainThread] [I] [toil.job] Saving graph of 1 jobs, 1 new
[2022-05-12T15:10:17+0200] [MainThread] [I] [toil.job] Processing job 'CWLJob' cat3-tool-shortcut.cwl kind-CWLJob/instance-7717nhod v0
[2022-05-12T15:10:17+0200] [MainThread] [I] [toil] Running Toil version 5.6.0-c34146a6437e4407a61e946e968bcce67a0ebbca on host mrc-tux.
[2022-05-12T15:10:17+0200] [MainThread] [I] [toil.leader] Issued job 'CWLJob' cat3-tool-shortcut.cwl kind-CWLJob/instance-7717nhod v1 with job batch system ID: 0 and cores: 1, disk: 3.0 Gi, and memory: 2.0 Gi
[2022-05-12T15:10:18+0200] [MainThread] [I] [toil.worker] Redirecting logging to /tmp/67aff050f4165c9898a4b1707dd56bb0/0f2f/worker_log.txt
[2022-05-12T15:10:19+0200] [MainThread] [I] [toil.leader] 0 jobs are running, 0 jobs are issued and waiting to run
[2022-05-12T15:10:20+0200] [MainThread] [I] [toil.leader] Finished toil run successfully.
[2022-05-12T15:10:20+0200] [MainThread] [I] [toil.common] Successfully deleted the job store: FileJobStore(/tmp/tmpvubp_obc)
</system-err>
		</testcase>
		<testcase name="Test command execution in Docker with mediumcut stdout redirection" time="5.390644" class="docker, command_line_tool" file="stdout_redirect_mediumcut_docker" url="cwltest:conformance_tests#9">
			<system-out>{
    &quot;output_file&quot;: {
        &quot;location&quot;: &quot;file:///tmp/tmpt0goksd6/cat-out&quot;,
        &quot;basename&quot;: &quot;cat-out&quot;,
        &quot;nameroot&quot;: &quot;cat-out&quot;,
        &quot;nameext&quot;: &quot;&quot;,
        &quot;class&quot;: &quot;File&quot;,
        &quot;checksum&quot;: &quot;sha1$47a013e660d408619d894b20806b1d5086aab03b&quot;,
        &quot;size&quot;: 13
    }
}</system-out>
			<system-err>[2022-05-12T15:10:21+0200] [MainThread] [I] [cwltool] Resolved 'tests/cat3-tool-mediumcut.cwl' to 'file:///home/michael/cwl-v1.1/tests/cat3-tool-mediumcut.cwl'
[2022-05-12T15:10:23+0200] [MainThread] [I] [toil.job] Saving graph of 1 jobs, 1 new
[2022-05-12T15:10:23+0200] [MainThread] [I] [toil.job] Processing job 'CWLJob' cat3-tool-mediumcut.cwl kind-CWLJob/instance-wtmj9o8o v0
[2022-05-12T15:10:23+0200] [MainThread] [I] [toil] Running Toil version 5.6.0-c34146a6437e4407a61e946e968bcce67a0ebbca on host mrc-tux.
[2022-05-12T15:10:23+0200] [MainThread] [I] [toil.leader] Issued job 'CWLJob' cat3-tool-mediumcut.cwl kind-CWLJob/instance-wtmj9o8o v1 with job batch system ID: 0 and cores: 1, disk: 3.0 Gi, and memory: 2.0 Gi
[2022-05-12T15:10:23+0200] [MainThread] [I] [toil.worker] Redirecting logging to /tmp/b3e3bf0989675db4863be4ae603330ea/1d9e/worker_log.txt
[2022-05-12T15:10:24+0200] [MainThread] [I] [toil.leader] 0 jobs are running, 0 jobs are issued and waiting to run
[2022-05-12T15:10:26+0200] [MainThread] [I] [toil.leader] Finished toil run successfully.
[2022-05-12T15:10:26+0200] [MainThread] [I] [toil.common] Successfully deleted the job store: FileJobStore(/tmp/tmpooqi8l9z)
</system-err>
		</testcase>
		<testcase name="Test command line with stderr redirection" time="4.341954" class="shell_command, command_line_tool" file="stderr_redirect" url="cwltest:conformance_tests#10">
			<system-out>{
    &quot;output_file&quot;: {
        &quot;location&quot;: &quot;file:///tmp/tmppkkrse33/error.txt&quot;,
        &quot;basename&quot;: &quot;error.txt&quot;,
        &quot;nameroot&quot;: &quot;error&quot;,
        &quot;nameext&quot;: &quot;.txt&quot;,
        &quot;class&quot;: &quot;File&quot;,
        &quot;checksum&quot;: &quot;sha1$f1d2d2f924e986ac86fdf7b36c94bcdf32beec15&quot;,
        &quot;size&quot;: 4
    }
}</system-out>
			<system-err>[2022-05-12T15:10:21+0200] [MainThread] [I] [cwltool] Resolved 'tests/stderr.cwl' to 'file:///home/michael/cwl-v1.1/tests/stderr.cwl'
[2022-05-12T15:10:23+0200] [MainThread] [I] [toil.job] Saving graph of 1 jobs, 1 new
[2022-05-12T15:10:23+0200] [MainThread] [I] [toil.job] Processing job 'CWLJob' stderr.cwl kind-CWLJob/instance-dannbh1c v0
[2022-05-12T15:10:23+0200] [MainThread] [I] [toil] Running Toil version 5.6.0-c34146a6437e4407a61e946e968bcce67a0ebbca on host mrc-tux.
[2022-05-12T15:10:23+0200] [MainThread] [I] [toil.leader] Issued job 'CWLJob' stderr.cwl kind-CWLJob/instance-dannbh1c v1 with job batch system ID: 0 and cores: 1, disk: 3.0 Gi, and memory: 2.0 Gi
[2022-05-12T15:10:23+0200] [MainThread] [I] [toil.worker] Redirecting logging to /tmp/905754ef179f55759eb77b3ebf097489/9321/worker_log.txt
[2022-05-12T15:10:23+0200] [MainThread] [I] [toil.leader] 0 jobs are running, 0 jobs are issued and waiting to run
[2022-05-12T15:10:25+0200] [MainThread] [I] [toil.leader] Finished toil run successfully.
[2022-05-12T15:10:25+0200] [MainThread] [I] [toil.common] Successfully deleted the job store: FileJobStore(/tmp/tmpq6di5kh6)
</system-err>
		</testcase>
		<testcase name="Test command line with stderr redirection, brief syntax" time="4.394373" class="shell_command, command_line_tool" file="stderr_redirect_shortcut" url="cwltest:conformance_tests#11">
			<system-out>{
    &quot;output_file&quot;: {
        &quot;location&quot;: &quot;file:///tmp/tmp1k78d8jd/760115dd103490aaf1f7c5ff8826f4b7e3d9af88&quot;,
        &quot;basename&quot;: &quot;760115dd103490aaf1f7c5ff8826f4b7e3d9af88&quot;,
        &quot;nameroot&quot;: &quot;760115dd103490aaf1f7c5ff8826f4b7e3d9af88&quot;,
        &quot;nameext&quot;: &quot;&quot;,
        &quot;class&quot;: &quot;File&quot;,
        &quot;checksum&quot;: &quot;sha1$f1d2d2f924e986ac86fdf7b36c94bcdf32beec15&quot;,
        &quot;size&quot;: 4
    }
}</system-out>
			<system-err>[2022-05-12T15:10:21+0200] [MainThread] [I] [cwltool] Resolved 'tests/stderr-shortcut.cwl' to 'file:///home/michael/cwl-v1.1/tests/stderr-shortcut.cwl'
[2022-05-12T15:10:23+0200] [MainThread] [I] [toil.job] Saving graph of 1 jobs, 1 new
[2022-05-12T15:10:23+0200] [MainThread] [I] [toil.job] Processing job 'CWLJob' stderr-shortcut.cwl kind-CWLJob/instance-5ruaha8w v0
[2022-05-12T15:10:23+0200] [MainThread] [I] [toil] Running Toil version 5.6.0-c34146a6437e4407a61e946e968bcce67a0ebbca on host mrc-tux.
[2022-05-12T15:10:23+0200] [MainThread] [I] [toil.leader] Issued job 'CWLJob' stderr-shortcut.cwl kind-CWLJob/instance-5ruaha8w v1 with job batch system ID: 0 and cores: 1, disk: 3.0 Gi, and memory: 2.0 Gi
[2022-05-12T15:10:23+0200] [MainThread] [I] [toil.worker] Redirecting logging to /tmp/9c9b6ca9ce3e59e4936e8a698dbfeb9d/7db1/worker_log.txt
[2022-05-12T15:10:23+0200] [MainThread] [I] [toil.leader] 0 jobs are running, 0 jobs are issued and waiting to run
[2022-05-12T15:10:25+0200] [MainThread] [I] [toil.leader] Finished toil run successfully.
[2022-05-12T15:10:25+0200] [MainThread] [I] [toil.common] Successfully deleted the job store: FileJobStore(/tmp/tmp0o6y1h8q)
</system-err>
		</testcase>
		<testcase name="Test command line with stderr redirection, named brief syntax" time="4.972894" class="shell_command, command_line_tool" file="stderr_redirect_mediumcut" url="cwltest:conformance_tests#12">
			<system-out>{
    &quot;output_file&quot;: {
        &quot;location&quot;: &quot;file:///tmp/tmp9s22_trm/std.err&quot;,
        &quot;basename&quot;: &quot;std.err&quot;,
        &quot;nameroot&quot;: &quot;std&quot;,
        &quot;nameext&quot;: &quot;.err&quot;,
        &quot;class&quot;: &quot;File&quot;,
        &quot;checksum&quot;: &quot;sha1$f1d2d2f924e986ac86fdf7b36c94bcdf32beec15&quot;,
        &quot;size&quot;: 4
    }
}</system-out>
			<system-err>[2022-05-12T15:10:22+0200] [MainThread] [I] [cwltool] Resolved 'tests/stderr-mediumcut.cwl' to 'file:///home/michael/cwl-v1.1/tests/stderr-mediumcut.cwl'
[2022-05-12T15:10:23+0200] [MainThread] [I] [toil.job] Saving graph of 1 jobs, 1 new
[2022-05-12T15:10:23+0200] [MainThread] [I] [toil.job] Processing job 'CWLJob' stderr-mediumcut.cwl kind-CWLJob/instance-5xsib6yp v0
[2022-05-12T15:10:23+0200] [MainThread] [I] [toil] Running Toil version 5.6.0-c34146a6437e4407a61e946e968bcce67a0ebbca on host mrc-tux.
[2022-05-12T15:10:23+0200] [MainThread] [I] [toil.leader] Issued job 'CWLJob' stderr-mediumcut.cwl kind-CWLJob/instance-5xsib6yp v1 with job batch system ID: 0 and cores: 1, disk: 3.0 Gi, and memory: 2.0 Gi
[2022-05-12T15:10:24+0200] [MainThread] [I] [toil.worker] Redirecting logging to /tmp/a921b6e1af275fd082e3900ee9c32370/0e1f/worker_log.txt
[2022-05-12T15:10:24+0200] [MainThread] [I] [toil.leader] 0 jobs are running, 0 jobs are issued and waiting to run
[2022-05-12T15:10:26+0200] [MainThread] [I] [toil.leader] Finished toil run successfully.
[2022-05-12T15:10:26+0200] [MainThread] [I] [toil.common] Successfully deleted the job store: FileJobStore(/tmp/tmpnmkaqgjl)
</system-err>
		</testcase>
		<testcase name="Test command execution in Docker with stdin and stdout redirection" time="5.131751" class="required, command_line_tool" file="stdinout_redirect_docker" url="cwltest:conformance_tests#13">
			<system-out>{
    &quot;output_txt&quot;: {
        &quot;location&quot;: &quot;file:///tmp/tmp5g5pq7b0/output.txt&quot;,
        &quot;basename&quot;: &quot;output.txt&quot;,
        &quot;nameroot&quot;: &quot;output&quot;,
        &quot;nameext&quot;: &quot;.txt&quot;,
        &quot;class&quot;: &quot;File&quot;,
        &quot;checksum&quot;: &quot;sha1$47a013e660d408619d894b20806b1d5086aab03b&quot;,
        &quot;size&quot;: 13
    }
}</system-out>
			<system-err>[2022-05-12T15:10:25+0200] [MainThread] [I] [cwltool] Resolved 'tests/cat4-tool.cwl' to 'file:///home/michael/cwl-v1.1/tests/cat4-tool.cwl'
[2022-05-12T15:10:27+0200] [MainThread] [I] [toil.job] Saving graph of 1 jobs, 1 new
[2022-05-12T15:10:27+0200] [MainThread] [I] [toil.job] Processing job 'CWLJob' cat4-tool.cwl kind-CWLJob/instance-ehojz2jv v0
[2022-05-12T15:10:27+0200] [MainThread] [I] [toil] Running Toil version 5.6.0-c34146a6437e4407a61e946e968bcce67a0ebbca on host mrc-tux.
[2022-05-12T15:10:27+0200] [MainThread] [I] [toil.leader] Issued job 'CWLJob' cat4-tool.cwl kind-CWLJob/instance-ehojz2jv v1 with job batch system ID: 0 and cores: 1, disk: 3.0 Gi, and memory: 2.0 Gi
[2022-05-12T15:10:27+0200] [MainThread] [I] [toil.worker] Redirecting logging to /tmp/2b99f1b5057154c59c450c6f3ecbcebb/6885/worker_log.txt
[2022-05-12T15:10:28+0200] [MainThread] [I] [toil.leader] 0 jobs are running, 0 jobs are issued and waiting to run
[2022-05-12T15:10:30+0200] [MainThread] [I] [toil.leader] Finished toil run successfully.
[2022-05-12T15:10:30+0200] [MainThread] [I] [toil.common] Successfully deleted the job store: FileJobStore(/tmp/tmpani_gbnq)
</system-err>
		</testcase>
		<testcase name="Test default usage of Any in expressions." time="4.435344" class="inline_javascript, expression_tool" file="expression_any" url="cwltest:conformance_tests#14">
			<system-out>{
    &quot;output&quot;: 1
}</system-out>
			<system-err>[2022-05-12T15:10:25+0200] [MainThread] [I] [cwltool] Resolved 'tests/null-expression1-tool.cwl' to 'file:///home/michael/cwl-v1.1/tests/null-expression1-tool.cwl'
[2022-05-12T15:10:27+0200] [MainThread] [I] [toil.job] Saving graph of 1 jobs, 1 new
[2022-05-12T15:10:27+0200] [MainThread] [I] [toil.job] Processing job 'CWLJob' null-expression1-tool.cwl kind-CWLJob/instance-v8mlcgk4 v0
[2022-05-12T15:10:27+0200] [MainThread] [I] [toil] Running Toil version 5.6.0-c34146a6437e4407a61e946e968bcce67a0ebbca on host mrc-tux.
[2022-05-12T15:10:27+0200] [MainThread] [I] [toil.leader] Issued job 'CWLJob' null-expression1-tool.cwl kind-CWLJob/instance-v8mlcgk4 v1 with job batch system ID: 0 and cores: 1, disk: 3.0 Gi, and memory: 2.0 Gi
[2022-05-12T15:10:28+0200] [MainThread] [I] [toil.worker] Redirecting logging to /tmp/f2877452d09d5ed0baaec3010d51de8c/71ce/worker_log.txt
[2022-05-12T15:10:28+0200] [MainThread] [I] [toil.leader] 0 jobs are running, 0 jobs are issued and waiting to run
[2022-05-12T15:10:29+0200] [MainThread] [I] [toil.leader] Finished toil run successfully.
[2022-05-12T15:10:29+0200] [MainThread] [I] [toil.common] Successfully deleted the job store: FileJobStore(/tmp/tmpowmpbz5d)
</system-err>
		</testcase>
		<testcase name="Test explicitly passing null to Any type inputs with default values." time="4.715350" class="inline_javascript, expression_tool" file="expression_any_null" url="cwltest:conformance_tests#15">
			<system-out>{
    &quot;output&quot;: 1
}</system-out>
			<system-err>[2022-05-12T15:10:26+0200] [MainThread] [I] [cwltool] Resolved 'tests/null-expression1-tool.cwl' to 'file:///home/michael/cwl-v1.1/tests/null-expression1-tool.cwl'
[2022-05-12T15:10:28+0200] [MainThread] [I] [toil.job] Saving graph of 1 jobs, 1 new
[2022-05-12T15:10:28+0200] [MainThread] [I] [toil.job] Processing job 'CWLJob' null-expression1-tool.cwl kind-CWLJob/instance-whpsp687 v0
[2022-05-12T15:10:28+0200] [MainThread] [I] [toil] Running Toil version 5.6.0-c34146a6437e4407a61e946e968bcce67a0ebbca on host mrc-tux.
[2022-05-12T15:10:28+0200] [MainThread] [I] [toil.leader] Issued job 'CWLJob' null-expression1-tool.cwl kind-CWLJob/instance-whpsp687 v1 with job batch system ID: 0 and cores: 1, disk: 3.0 Gi, and memory: 2.0 Gi
[2022-05-12T15:10:29+0200] [MainThread] [I] [toil.worker] Redirecting logging to /tmp/7945f4447e9c5b7ebf076915ace279be/1056/worker_log.txt
[2022-05-12T15:10:29+0200] [MainThread] [I] [toil.leader] 0 jobs are running, 0 jobs are issued and waiting to run
[2022-05-12T15:10:30+0200] [MainThread] [I] [toil.leader] Finished toil run successfully.
[2022-05-12T15:10:30+0200] [MainThread] [I] [toil.common] Successfully deleted the job store: FileJobStore(/tmp/tmpmlakv4p6)
</system-err>
		</testcase>
		<testcase name="Testing the string 'null' does not trip up an Any with a default value." time="4.752364" class="inline_javascript, expression_tool" file="expression_any_string" url="cwltest:conformance_tests#16">
			<system-out>{
    &quot;output&quot;: 2
}</system-out>
			<system-err>[2022-05-12T15:10:27+0200] [MainThread] [I] [cwltool] Resolved 'tests/null-expression1-tool.cwl' to 'file:///home/michael/cwl-v1.1/tests/null-expression1-tool.cwl'
[2022-05-12T15:10:29+0200] [MainThread] [I] [toil.job] Saving graph of 1 jobs, 1 new
[2022-05-12T15:10:29+0200] [MainThread] [I] [toil.job] Processing job 'CWLJob' null-expression1-tool.cwl kind-CWLJob/instance-_8f8e4nq v0
[2022-05-12T15:10:29+0200] [MainThread] [I] [toil] Running Toil version 5.6.0-c34146a6437e4407a61e946e968bcce67a0ebbca on host mrc-tux.
[2022-05-12T15:10:29+0200] [MainThread] [I] [toil.leader] Issued job 'CWLJob' null-expression1-tool.cwl kind-CWLJob/instance-_8f8e4nq v1 with job batch system ID: 0 and cores: 1, disk: 3.0 Gi, and memory: 2.0 Gi
[2022-05-12T15:10:29+0200] [MainThread] [I] [toil.worker] Redirecting logging to /tmp/387d2b48a71057ec92947a1b11f18804/e6c6/worker_log.txt
[2022-05-12T15:10:29+0200] [MainThread] [I] [toil.leader] 0 jobs are running, 0 jobs are issued and waiting to run
[2022-05-12T15:10:31+0200] [MainThread] [I] [toil.leader] Finished toil run successfully.
[2022-05-12T15:10:31+0200] [MainThread] [I] [toil.common] Successfully deleted the job store: FileJobStore(/tmp/tmppy18w79q)
</system-err>
		</testcase>
		<testcase name="Test Any without defaults cannot be unspecified." time="2.474324" class="inline_javascript, expression_tool" file="expression_any_nodefaultany" url="cwltest:conformance_tests#17">
			<system-err>[2022-05-12T15:10:30+0200] [MainThread] [I] [cwltool] Resolved 'tests/null-expression2-tool.cwl' to 'file:///home/michael/cwl-v1.1/tests/null-expression2-tool.cwl'
Traceback (most recent call last):
  File &quot;/home/michael/common-workflow-language/toil5.6.0/lib/python3.10/site-packages/cwltool/process.py&quot;, line 456, in fill_in_defaults
    raise WorkflowException(
cwltool.errors.WorkflowException: Missing required input parameter 'i1'

During handling of the above exception, another exception occurred:

Traceback (most recent call last):
  File &quot;/home/michael/common-workflow-language/toil5.6.0/bin/toil-cwl-runner&quot;, line 8, in &lt;module&gt;
    sys.exit(main())
  File &quot;/home/michael/common-workflow-language/toil5.6.0/lib/python3.10/site-packages/toil/cwl/cwltoil.py&quot;, line 3389, in main
    fill_in_defaults(tool.tool[&quot;inputs&quot;], initialized_job_order, fs_access)
  File &quot;/home/michael/common-workflow-language/toil5.6.0/lib/python3.10/site-packages/cwltool/process.py&quot;, line 447, in fill_in_defaults
    with SourceLine(inputs, e, WorkflowException, debug):
  File &quot;schema_salad/sourceline.py&quot;, line 256, in __exit__
cwltool.errors.WorkflowException: tests/null-expression2-tool.cwl:9:3: Missing required input parameter 'i1'
</system-err>
		</testcase>
		<testcase name="Test explicitly passing null to Any type without a default value." time="2.513541" class="inline_javascript, expression_tool" file="expression_any_null_nodefaultany" url="cwltest:conformance_tests#18">
			<system-err>[2022-05-12T15:10:30+0200] [MainThread] [I] [cwltool] Resolved 'tests/null-expression2-tool.cwl' to 'file:///home/michael/cwl-v1.1/tests/null-expression2-tool.cwl'
Traceback (most recent call last):
  File &quot;/home/michael/common-workflow-language/toil5.6.0/lib/python3.10/site-packages/cwltool/process.py&quot;, line 456, in fill_in_defaults
    raise WorkflowException(
cwltool.errors.WorkflowException: Missing required input parameter 'i1'

During handling of the above exception, another exception occurred:

Traceback (most recent call last):
  File &quot;/home/michael/common-workflow-language/toil5.6.0/bin/toil-cwl-runner&quot;, line 8, in &lt;module&gt;
    sys.exit(main())
  File &quot;/home/michael/common-workflow-language/toil5.6.0/lib/python3.10/site-packages/toil/cwl/cwltoil.py&quot;, line 3389, in main
    fill_in_defaults(tool.tool[&quot;inputs&quot;], initialized_job_order, fs_access)
  File &quot;/home/michael/common-workflow-language/toil5.6.0/lib/python3.10/site-packages/cwltool/process.py&quot;, line 447, in fill_in_defaults
    with SourceLine(inputs, e, WorkflowException, debug):
  File &quot;schema_salad/sourceline.py&quot;, line 256, in __exit__
cwltool.errors.WorkflowException: tests/null-expression2-tool.cwl:9:3: Missing required input parameter 'i1'
</system-err>
		</testcase>
		<testcase name="Testing the string 'null' does not trip up an Any without a default value." time="4.911927" class="inline_javascript, expression_tool" file="expression_any_nullstring_nodefaultany" url="cwltest:conformance_tests#19">
			<system-out>{
    &quot;output&quot;: 2
}</system-out>
			<system-err>[2022-05-12T15:10:31+0200] [MainThread] [I] [cwltool] Resolved 'tests/null-expression2-tool.cwl' to 'file:///home/michael/cwl-v1.1/tests/null-expression2-tool.cwl'
[2022-05-12T15:10:33+0200] [MainThread] [I] [toil.job] Saving graph of 1 jobs, 1 new
[2022-05-12T15:10:33+0200] [MainThread] [I] [toil.job] Processing job 'CWLJob' null-expression2-tool.cwl kind-CWLJob/instance-a80qrcrz v0
[2022-05-12T15:10:33+0200] [MainThread] [I] [toil] Running Toil version 5.6.0-c34146a6437e4407a61e946e968bcce67a0ebbca on host mrc-tux.
[2022-05-12T15:10:33+0200] [MainThread] [I] [toil.leader] Issued job 'CWLJob' null-expression2-tool.cwl kind-CWLJob/instance-a80qrcrz v1 with job batch system ID: 0 and cores: 1, disk: 3.0 Gi, and memory: 2.0 Gi
[2022-05-12T15:10:34+0200] [MainThread] [I] [toil.worker] Redirecting logging to /tmp/cfa10768f36956669f66ad57bda21a37/37e0/worker_log.txt
[2022-05-12T15:10:34+0200] [MainThread] [I] [toil.leader] 0 jobs are running, 0 jobs are issued and waiting to run
[2022-05-12T15:10:35+0200] [MainThread] [I] [toil.leader] Finished toil run successfully.
[2022-05-12T15:10:35+0200] [MainThread] [I] [toil.common] Successfully deleted the job store: FileJobStore(/tmp/tmpd5v67xyl)
</system-err>
		</testcase>
		<testcase name="Testing Any type compatibility in outputSource" time="4.715546" class="required, workflow" file="any_outputSource_compatibility" url="cwltest:conformance_tests#20">
			<system-out>{
    &quot;output1&quot;: [
        &quot;hello&quot;,
        &quot;world&quot;
    ],
    &quot;output2&quot;: [
        &quot;foo&quot;,
        &quot;bar&quot;
    ],
    &quot;output3&quot;: &quot;hello&quot;
}</system-out>
			<system-err>[2022-05-12T15:10:31+0200] [MainThread] [I] [cwltool] Resolved 'tests/any-type-compat.cwl' to 'file:///home/michael/cwl-v1.1/tests/any-type-compat.cwl'
[2022-05-12T15:10:33+0200] [MainThread] [I] [toil.job] Saving graph of 2 jobs, 2 new
[2022-05-12T15:10:33+0200] [MainThread] [I] [toil.job] Processing job 'ResolveIndirect' kind-ResolveIndirect/instance-8_7snuru v0
[2022-05-12T15:10:33+0200] [MainThread] [I] [toil.job] Processing job 'CWLWorkflow' kind-CWLWorkflow/instance-y9yybrvo v0
[2022-05-12T15:10:33+0200] [MainThread] [I] [toil] Running Toil version 5.6.0-c34146a6437e4407a61e946e968bcce67a0ebbca on host mrc-tux.
[2022-05-12T15:10:34+0200] [MainThread] [I] [toil.worker] Redirecting logging to /tmp/766dee98c1765d1398481c552ef072ef/dac6/worker_log.txt
[2022-05-12T15:10:34+0200] [MainThread] [I] [toil.leader] 0 jobs are running, 0 jobs are issued and waiting to run
[2022-05-12T15:10:35+0200] [MainThread] [I] [toil.leader] Finished toil run successfully.
[2022-05-12T15:10:35+0200] [MainThread] [I] [toil.common] Successfully deleted the job store: FileJobStore(/tmp/tmp_hn2k3w4)
</system-err>
		</testcase>
		<testcase name="Test command execution in with stdin and stdout redirection" time="4.484178" class="required, command_line_tool" file="stdinout_redirect" url="cwltest:conformance_tests#21">
			<system-out>{
    &quot;output&quot;: {
        &quot;location&quot;: &quot;file:///tmp/tmpdxvimilg/output&quot;,
        &quot;basename&quot;: &quot;output&quot;,
        &quot;nameroot&quot;: &quot;output&quot;,
        &quot;nameext&quot;: &quot;&quot;,
        &quot;class&quot;: &quot;File&quot;,
        &quot;checksum&quot;: &quot;sha1$47a013e660d408619d894b20806b1d5086aab03b&quot;,
        &quot;size&quot;: 13
    }
}</system-out>
			<system-err>[2022-05-12T15:10:32+0200] [MainThread] [I] [cwltool] Resolved 'tests/cat-tool.cwl' to 'file:///home/michael/cwl-v1.1/tests/cat-tool.cwl'
[2022-05-12T15:10:34+0200] [MainThread] [I] [toil.job] Saving graph of 1 jobs, 1 new
[2022-05-12T15:10:34+0200] [MainThread] [I] [toil.job] Processing job 'CWLJob' cat-tool.cwl kind-CWLJob/instance-ic54y67a v0
[2022-05-12T15:10:34+0200] [MainThread] [I] [toil] Running Toil version 5.6.0-c34146a6437e4407a61e946e968bcce67a0ebbca on host mrc-tux.
[2022-05-12T15:10:34+0200] [MainThread] [I] [toil.leader] Issued job 'CWLJob' cat-tool.cwl kind-CWLJob/instance-ic54y67a v1 with job batch system ID: 0 and cores: 1, disk: 3.0 Gi, and memory: 2.0 Gi
[2022-05-12T15:10:34+0200] [MainThread] [I] [toil.worker] Redirecting logging to /tmp/a7a2e740b5675b2b84c994c8e1b4c416/6ba4/worker_log.txt
[2022-05-12T15:10:35+0200] [MainThread] [I] [toil.leader] 0 jobs are running, 0 jobs are issued and waiting to run
[2022-05-12T15:10:36+0200] [MainThread] [I] [toil.leader] Finished toil run successfully.
[2022-05-12T15:10:36+0200] [MainThread] [I] [toil.common] Successfully deleted the job store: FileJobStore(/tmp/tmpe1hmf1l6)
</system-err>
		</testcase>
		<testcase name="Test ExpressionTool with Javascript engine" time="4.661274" class="inline_javascript, expression_tool" file="expression_parseint" url="cwltest:conformance_tests#22">
			<system-out>{
    &quot;output&quot;: 42
}</system-out>
			<system-err>[2022-05-12T15:10:33+0200] [MainThread] [I] [cwltool] Resolved 'tests/parseInt-tool.cwl' to 'file:///home/michael/cwl-v1.1/tests/parseInt-tool.cwl'
[2022-05-12T15:10:35+0200] [MainThread] [I] [toil.job] Saving graph of 1 jobs, 1 new
[2022-05-12T15:10:35+0200] [MainThread] [I] [toil.job] Processing job 'CWLJob' parseInt-tool.cwl kind-CWLJob/instance-1sygq0j1 v0
[2022-05-12T15:10:35+0200] [MainThread] [I] [toil] Running Toil version 5.6.0-c34146a6437e4407a61e946e968bcce67a0ebbca on host mrc-tux.
[2022-05-12T15:10:35+0200] [MainThread] [I] [toil.leader] Issued job 'CWLJob' parseInt-tool.cwl kind-CWLJob/instance-1sygq0j1 v1 with job batch system ID: 0 and cores: 1, disk: 3.0 Gi, and memory: 2.0 Gi
[2022-05-12T15:10:35+0200] [MainThread] [I] [toil.worker] Redirecting logging to /tmp/9ba90db0c0e25b87b5effa8daea69d30/6a87/worker_log.txt
[2022-05-12T15:10:36+0200] [MainThread] [I] [toil.leader] 0 jobs are running, 0 jobs are issued and waiting to run
[2022-05-12T15:10:37+0200] [MainThread] [I] [toil.leader] Finished toil run successfully.
[2022-05-12T15:10:37+0200] [MainThread] [I] [toil.common] Successfully deleted the job store: FileJobStore(/tmp/tmpnatd962k)
</system-err>
		</testcase>
		<testcase name="Test outputEval to transform output" time="4.604894" class="inline_javascript, command_line_tool" file="expression_outputEval" url="cwltest:conformance_tests#23">
			<system-out>{
    &quot;output&quot;: 16
}</system-out>
			<system-err>[2022-05-12T15:10:36+0200] [MainThread] [I] [cwltool] Resolved 'tests/wc2-tool.cwl' to 'file:///home/michael/cwl-v1.1/tests/wc2-tool.cwl'
[2022-05-12T15:10:38+0200] [MainThread] [I] [toil.job] Saving graph of 1 jobs, 1 new
[2022-05-12T15:10:38+0200] [MainThread] [I] [toil.job] Processing job 'CWLJob' wc2-tool.cwl kind-CWLJob/instance-kgy9467v v0
[2022-05-12T15:10:38+0200] [MainThread] [I] [toil] Running Toil version 5.6.0-c34146a6437e4407a61e946e968bcce67a0ebbca on host mrc-tux.
[2022-05-12T15:10:38+0200] [MainThread] [I] [toil.leader] Issued job 'CWLJob' wc2-tool.cwl kind-CWLJob/instance-kgy9467v v1 with job batch system ID: 0 and cores: 1, disk: 3.0 Gi, and memory: 2.0 Gi
[2022-05-12T15:10:38+0200] [MainThread] [I] [toil.worker] Redirecting logging to /tmp/00c4411ee2e055d8aea340600a4b2cc9/664f/worker_log.txt
[2022-05-12T15:10:39+0200] [MainThread] [I] [toil.leader] 0 jobs are running, 0 jobs are issued and waiting to run
[2022-05-12T15:10:40+0200] [MainThread] [I] [toil.leader] Finished toil run successfully.
[2022-05-12T15:10:40+0200] [MainThread] [I] [toil.common] Successfully deleted the job store: FileJobStore(/tmp/tmp6z2a00hv)
</system-err>
		</testcase>
		<testcase name="Test two step workflow with imported tools" time="8.141678" class="inline_javascript, workflow" file="wf_wc_parseInt" url="cwltest:conformance_tests#24">
			<system-out>{
    &quot;count_output&quot;: 16
}</system-out>
			<system-err>[2022-05-12T15:10:36+0200] [MainThread] [I] [cwltool] Resolved 'tests/count-lines1-wf.cwl' to 'file:///home/michael/cwl-v1.1/tests/count-lines1-wf.cwl'
[2022-05-12T15:10:39+0200] [MainThread] [I] [toil.job] Saving graph of 2 jobs, 2 new
[2022-05-12T15:10:39+0200] [MainThread] [I] [toil.job] Processing job 'ResolveIndirect' kind-ResolveIndirect/instance-xvrfpriy v0
[2022-05-12T15:10:39+0200] [MainThread] [I] [toil.job] Processing job 'CWLWorkflow' kind-CWLWorkflow/instance-588m9ixl v0
[2022-05-12T15:10:39+0200] [MainThread] [I] [toil] Running Toil version 5.6.0-c34146a6437e4407a61e946e968bcce67a0ebbca on host mrc-tux.
[2022-05-12T15:10:40+0200] [MainThread] [I] [toil.worker] Redirecting logging to /tmp/39480bdd7f1a5816b1e158156ad70835/ea3c/worker_log.txt
[2022-05-12T15:10:40+0200] [MainThread] [I] [toil.leader] 0 jobs are running, 0 jobs are issued and waiting to run
[2022-05-12T15:10:40+0200] [MainThread] [I] [toil.leader] Issued job 'CWLJob' count-lines1-wf.cwl.step1.wc-tool.cwl kind-CWLJob/instance-x4fjhnuv v1 with job batch system ID: 1 and cores: 1, disk: 3.0 Gi, and memory: 2.0 Gi
[2022-05-12T15:10:40+0200] [MainThread] [I] [toil.worker] Redirecting logging to /tmp/39480bdd7f1a5816b1e158156ad70835/e6b5/worker_log.txt
[2022-05-12T15:10:41+0200] [MainThread] [I] [toil.worker] Redirecting logging to /tmp/39480bdd7f1a5816b1e158156ad70835/fc15/worker_log.txt
[2022-05-12T15:10:42+0200] [MainThread] [I] [toil.worker] Redirecting logging to /tmp/39480bdd7f1a5816b1e158156ad70835/0543/worker_log.txt
[2022-05-12T15:10:44+0200] [MainThread] [I] [toil.leader] Finished toil run successfully.
[2022-05-12T15:10:44+0200] [MainThread] [I] [toil.common] Successfully deleted the job store: FileJobStore(/tmp/tmp1ed3yjla)
</system-err>
		</testcase>
		<testcase name="Test two step workflow with inline tools" time="7.879054" class="inline_javascript, workflow" file="wf_wc_expressiontool" url="cwltest:conformance_tests#25">
			<system-out>{
    &quot;count_output&quot;: 16
}</system-out>
			<system-err>[2022-05-12T15:10:37+0200] [MainThread] [I] [cwltool] Resolved 'tests/count-lines2-wf.cwl' to 'file:///home/michael/cwl-v1.1/tests/count-lines2-wf.cwl'
[2022-05-12T15:10:40+0200] [MainThread] [I] [toil.job] Saving graph of 2 jobs, 2 new
[2022-05-12T15:10:40+0200] [MainThread] [I] [toil.job] Processing job 'ResolveIndirect' kind-ResolveIndirect/instance-iwv4csai v0
[2022-05-12T15:10:40+0200] [MainThread] [I] [toil.job] Processing job 'CWLWorkflow' kind-CWLWorkflow/instance-tcbm9nfz v0
[2022-05-12T15:10:40+0200] [MainThread] [I] [toil] Running Toil version 5.6.0-c34146a6437e4407a61e946e968bcce67a0ebbca on host mrc-tux.
[2022-05-12T15:10:40+0200] [MainThread] [I] [toil.worker] Redirecting logging to /tmp/ed34f3f5bfd55e488e8e40eeba0c7f2b/0c03/worker_log.txt
[2022-05-12T15:10:41+0200] [MainThread] [I] [toil.leader] 0 jobs are running, 0 jobs are issued and waiting to run
[2022-05-12T15:10:41+0200] [MainThread] [I] [toil.leader] Issued job 'CWLJob' count-lines2-wf.cwl.step1.wc kind-CWLJob/instance-aj9iysy_ v1 with job batch system ID: 1 and cores: 1, disk: 3.0 Gi, and memory: 2.0 Gi
[2022-05-12T15:10:41+0200] [MainThread] [I] [toil.worker] Redirecting logging to /tmp/ed34f3f5bfd55e488e8e40eeba0c7f2b/13d8/worker_log.txt
[2022-05-12T15:10:42+0200] [MainThread] [I] [toil.worker] Redirecting logging to /tmp/ed34f3f5bfd55e488e8e40eeba0c7f2b/18c5/worker_log.txt
[2022-05-12T15:10:43+0200] [MainThread] [I] [toil.worker] Redirecting logging to /tmp/ed34f3f5bfd55e488e8e40eeba0c7f2b/9969/worker_log.txt
[2022-05-12T15:10:44+0200] [MainThread] [I] [toil.leader] Finished toil run successfully.
[2022-05-12T15:10:44+0200] [MainThread] [I] [toil.common] Successfully deleted the job store: FileJobStore(/tmp/tmpb1mtq34l)
</system-err>
		</testcase>
		<testcase name="Test single step workflow with Scatter step" time="9.425676" class="scatter, inline_javascript, workflow" file="wf_wc_scatter" url="cwltest:conformance_tests#26">
			<system-out>{
    &quot;count_output&quot;: [
        16,
        1
    ]
}</system-out>
			<system-err>[2022-05-12T15:10:38+0200] [MainThread] [I] [cwltool] Resolved 'tests/count-lines3-wf.cwl' to 'file:///home/michael/cwl-v1.1/tests/count-lines3-wf.cwl'
[2022-05-12T15:10:40+0200] [MainThread] [I] [toil.job] Saving graph of 2 jobs, 2 new
[2022-05-12T15:10:40+0200] [MainThread] [I] [toil.job] Processing job 'ResolveIndirect' kind-ResolveIndirect/instance-abirxds8 v0
[2022-05-12T15:10:40+0200] [MainThread] [I] [toil.job] Processing job 'CWLWorkflow' kind-CWLWorkflow/instance-ve8_0z5m v0
[2022-05-12T15:10:40+0200] [MainThread] [I] [toil] Running Toil version 5.6.0-c34146a6437e4407a61e946e968bcce67a0ebbca on host mrc-tux.
[2022-05-12T15:10:41+0200] [MainThread] [I] [toil.worker] Redirecting logging to /tmp/7eb46fb80c645952b0af64e08b912bb8/36a3/worker_log.txt
[2022-05-12T15:10:41+0200] [MainThread] [I] [toil.leader] 0 jobs are running, 0 jobs are issued and waiting to run
[2022-05-12T15:10:41+0200] [MainThread] [I] [toil.worker] Redirecting logging to /tmp/7eb46fb80c645952b0af64e08b912bb8/4cd4/worker_log.txt
[2022-05-12T15:10:42+0200] [MainThread] [I] [toil.leader] Issued job 'CWLJob' count-lines3-wf.cwl[1].wc2-tool.cwl kind-CWLJob/instance-j8tef05t v1 with job batch system ID: 2 and cores: 1, disk: 3.0 Gi, and memory: 2.0 Gi
[2022-05-12T15:10:42+0200] [MainThread] [I] [toil.leader] Issued job 'CWLJob' count-lines3-wf.cwl[0].wc2-tool.cwl kind-CWLJob/instance-t6fs7yh9 v1 with job batch system ID: 3 and cores: 1, disk: 3.0 Gi, and memory: 2.0 Gi
[2022-05-12T15:10:42+0200] [MainThread] [I] [toil.worker] Redirecting logging to /tmp/7eb46fb80c645952b0af64e08b912bb8/fd10/worker_log.txt
[2022-05-12T15:10:42+0200] [MainThread] [I] [toil.worker] Redirecting logging to /tmp/7eb46fb80c645952b0af64e08b912bb8/fc15/worker_log.txt
[2022-05-12T15:10:43+0200] [MainThread] [I] [toil.worker] Redirecting logging to /tmp/7eb46fb80c645952b0af64e08b912bb8/fee5/worker_log.txt
[2022-05-12T15:10:44+0200] [MainThread] [I] [toil.worker] Redirecting logging to /tmp/7eb46fb80c645952b0af64e08b912bb8/b819/worker_log.txt
[2022-05-12T15:10:44+0200] [MainThread] [I] [toil.worker] Redirecting logging to /tmp/7eb46fb80c645952b0af64e08b912bb8/c70a/worker_log.txt
[2022-05-12T15:10:45+0200] [MainThread] [I] [toil.worker] Redirecting logging to /tmp/7eb46fb80c645952b0af64e08b912bb8/52fa/worker_log.txt
[2022-05-12T15:10:46+0200] [MainThread] [I] [toil.leader] Finished toil run successfully.
[2022-05-12T15:10:46+0200] [MainThread] [I] [toil.common] Successfully deleted the job store: FileJobStore(/tmp/tmp3k1zhxe_)
</system-err>
		</testcase>
		<testcase name="Test single step workflow with Scatter step and two data links connected to same input, default merge behavior" time="9.762475" class="scatter, multiple_input, inline_javascript, workflow" file="wf_wc_scatter_multiple_merge" url="cwltest:conformance_tests#27">
			<system-out>{
    &quot;count_output&quot;: [
        16,
        1
    ]
}</system-out>
			<system-err>[2022-05-12T15:10:40+0200] [MainThread] [I] [cwltool] Resolved 'tests/count-lines4-wf.cwl' to 'file:///home/michael/cwl-v1.1/tests/count-lines4-wf.cwl'
[2022-05-12T15:10:43+0200] [MainThread] [I] [toil.job] Saving graph of 2 jobs, 2 new
[2022-05-12T15:10:43+0200] [MainThread] [I] [toil.job] Processing job 'ResolveIndirect' kind-ResolveIndirect/instance-w18e9oje v0
[2022-05-12T15:10:43+0200] [MainThread] [I] [toil.job] Processing job 'CWLWorkflow' kind-CWLWorkflow/instance-ak2k_3mc v0
[2022-05-12T15:10:44+0200] [MainThread] [I] [toil] Running Toil version 5.6.0-c34146a6437e4407a61e946e968bcce67a0ebbca on host mrc-tux.
[2022-05-12T15:10:44+0200] [MainThread] [I] [toil.worker] Redirecting logging to /tmp/f21366999f8c5239b55dbd642865d0f9/7796/worker_log.txt
[2022-05-12T15:10:44+0200] [MainThread] [I] [toil.leader] 0 jobs are running, 0 jobs are issued and waiting to run
[2022-05-12T15:10:44+0200] [MainThread] [I] [toil.worker] Redirecting logging to /tmp/f21366999f8c5239b55dbd642865d0f9/3f34/worker_log.txt
[2022-05-12T15:10:45+0200] [MainThread] [I] [toil.leader] Issued job 'CWLJob' count-lines4-wf.cwl[1].wc2-tool.cwl kind-CWLJob/instance-9n4zks47 v1 with job batch system ID: 2 and cores: 1, disk: 3.0 Gi, and memory: 2.0 Gi
[2022-05-12T15:10:45+0200] [MainThread] [I] [toil.leader] Issued job 'CWLJob' count-lines4-wf.cwl[0].wc2-tool.cwl kind-CWLJob/instance-lx15o2ng v1 with job batch system ID: 3 and cores: 1, disk: 3.0 Gi, and memory: 2.0 Gi
[2022-05-12T15:10:45+0200] [MainThread] [I] [toil.worker] Redirecting logging to /tmp/f21366999f8c5239b55dbd642865d0f9/b375/worker_log.txt
[2022-05-12T15:10:45+0200] [MainThread] [I] [toil.worker] Redirecting logging to /tmp/f21366999f8c5239b55dbd642865d0f9/db81/worker_log.txt
[2022-05-12T15:10:46+0200] [MainThread] [I] [toil.worker] Redirecting logging to /tmp/f21366999f8c5239b55dbd642865d0f9/54f5/worker_log.txt
[2022-05-12T15:10:47+0200] [MainThread] [I] [toil.worker] Redirecting logging to /tmp/f21366999f8c5239b55dbd642865d0f9/c79d/worker_log.txt
[2022-05-12T15:10:48+0200] [MainThread] [I] [toil.worker] Redirecting logging to /tmp/f21366999f8c5239b55dbd642865d0f9/d8ff/worker_log.txt
[2022-05-12T15:10:48+0200] [MainThread] [I] [toil.worker] Redirecting logging to /tmp/f21366999f8c5239b55dbd642865d0f9/7d1d/worker_log.txt
[2022-05-12T15:10:50+0200] [MainThread] [I] [toil.leader] Finished toil run successfully.
[2022-05-12T15:10:50+0200] [MainThread] [I] [toil.common] Successfully deleted the job store: FileJobStore(/tmp/tmp1h58g09_)
</system-err>
		</testcase>
		<testcase name="Test single step workflow with Scatter step and two data links connected to same input, nested merge behavior" time="9.823060" class="scatter, multiple_input, inline_javascript, workflow" file="wf_wc_scatter_multiple_nested" url="cwltest:conformance_tests#28">
			<system-out>{
    &quot;count_output&quot;: [
        32,
        2
    ]
}</system-out>
			<system-err>[2022-05-12T15:10:44+0200] [MainThread] [I] [cwltool] Resolved 'tests/count-lines6-wf.cwl' to 'file:///home/michael/cwl-v1.1/tests/count-lines6-wf.cwl'
[2022-05-12T15:10:47+0200] [MainThread] [I] [toil.job] Saving graph of 2 jobs, 2 new
[2022-05-12T15:10:47+0200] [MainThread] [I] [toil.job] Processing job 'ResolveIndirect' kind-ResolveIndirect/instance-nnt3o4f0 v0
[2022-05-12T15:10:47+0200] [MainThread] [I] [toil.job] Processing job 'CWLWorkflow' kind-CWLWorkflow/instance-lpwl33m7 v0
[2022-05-12T15:10:47+0200] [MainThread] [I] [toil] Running Toil version 5.6.0-c34146a6437e4407a61e946e968bcce67a0ebbca on host mrc-tux.
[2022-05-12T15:10:48+0200] [MainThread] [I] [toil.worker] Redirecting logging to /tmp/7654eb31499859f7b8452d5111aef75f/4166/worker_log.txt
[2022-05-12T15:10:48+0200] [MainThread] [I] [toil.leader] 0 jobs are running, 0 jobs are issued and waiting to run
[2022-05-12T15:10:48+0200] [MainThread] [I] [toil.worker] Redirecting logging to /tmp/7654eb31499859f7b8452d5111aef75f/1abb/worker_log.txt
[2022-05-12T15:10:49+0200] [MainThread] [I] [toil.leader] Issued job 'CWLJob' count-lines6-wf.cwl[1].wc3-tool.cwl kind-CWLJob/instance-e7jb254k v1 with job batch system ID: 2 and cores: 1, disk: 3.0 Gi, and memory: 2.0 Gi
[2022-05-12T15:10:49+0200] [MainThread] [I] [toil.leader] Issued job 'CWLJob' count-lines6-wf.cwl[0].wc3-tool.cwl kind-CWLJob/instance-lczbw3aw v1 with job batch system ID: 3 and cores: 1, disk: 3.0 Gi, and memory: 2.0 Gi
[2022-05-12T15:10:49+0200] [MainThread] [I] [toil.worker] Redirecting logging to /tmp/7654eb31499859f7b8452d5111aef75f/bd2a/worker_log.txt
[2022-05-12T15:10:49+0200] [MainThread] [I] [toil.worker] Redirecting logging to /tmp/7654eb31499859f7b8452d5111aef75f/c6de/worker_log.txt
[2022-05-12T15:10:50+0200] [MainThread] [I] [toil.worker] Redirecting logging to /tmp/7654eb31499859f7b8452d5111aef75f/6165/worker_log.txt
[2022-05-12T15:10:51+0200] [MainThread] [I] [toil.worker] Redirecting logging to /tmp/7654eb31499859f7b8452d5111aef75f/6004/worker_log.txt
[2022-05-12T15:10:51+0200] [MainThread] [I] [toil.worker] Redirecting logging to /tmp/7654eb31499859f7b8452d5111aef75f/3c0c/worker_log.txt
[2022-05-12T15:10:52+0200] [MainThread] [I] [toil.worker] Redirecting logging to /tmp/7654eb31499859f7b8452d5111aef75f/fe17/worker_log.txt
[2022-05-12T15:10:53+0200] [MainThread] [I] [toil.leader] Finished toil run successfully.
[2022-05-12T15:10:53+0200] [MainThread] [I] [toil.common] Successfully deleted the job store: FileJobStore(/tmp/tmphqe7r3ei)
</system-err>
		</testcase>
		<testcase name="Test single step workflow with Scatter step and two data links connected to same input, flattened merge behavior" time="7.620610" class="multiple_input, inline_javascript, workflow" file="wf_wc_scatter_multiple_flattened" url="cwltest:conformance_tests#29">
			<system-out>{
    &quot;count_output&quot;: 34
}</system-out>
			<system-err>[2022-05-12T15:10:45+0200] [MainThread] [I] [cwltool] Resolved 'tests/count-lines7-wf.cwl' to 'file:///home/michael/cwl-v1.1/tests/count-lines7-wf.cwl'
[2022-05-12T15:10:48+0200] [MainThread] [I] [toil.job] Saving graph of 2 jobs, 2 new
[2022-05-12T15:10:48+0200] [MainThread] [I] [toil.job] Processing job 'ResolveIndirect' kind-ResolveIndirect/instance-qmyk1g7l v0
[2022-05-12T15:10:48+0200] [MainThread] [I] [toil.job] Processing job 'CWLWorkflow' kind-CWLWorkflow/instance-mtocun1h v0
[2022-05-12T15:10:48+0200] [MainThread] [I] [toil] Running Toil version 5.6.0-c34146a6437e4407a61e946e968bcce67a0ebbca on host mrc-tux.
[2022-05-12T15:10:48+0200] [MainThread] [I] [toil.worker] Redirecting logging to /tmp/bd9a0afbdc5658618636592fddf61258/e54d/worker_log.txt
[2022-05-12T15:10:48+0200] [MainThread] [I] [toil.leader] 0 jobs are running, 0 jobs are issued and waiting to run
[2022-05-12T15:10:48+0200] [MainThread] [I] [toil.leader] Issued job 'CWLJob' count-lines7-wf.cwl.step1.wc3-tool.cwl kind-CWLJob/instance-zv2eobcq v1 with job batch system ID: 1 and cores: 1, disk: 3.0 Gi, and memory: 2.0 Gi
[2022-05-12T15:10:49+0200] [MainThread] [I] [toil.worker] Redirecting logging to /tmp/bd9a0afbdc5658618636592fddf61258/dff5/worker_log.txt
[2022-05-12T15:10:50+0200] [MainThread] [I] [toil.worker] Redirecting logging to /tmp/bd9a0afbdc5658618636592fddf61258/b2e6/worker_log.txt
[2022-05-12T15:10:50+0200] [MainThread] [I] [toil.worker] Redirecting logging to /tmp/bd9a0afbdc5658618636592fddf61258/6b74/worker_log.txt
[2022-05-12T15:10:52+0200] [MainThread] [I] [toil.leader] Finished toil run successfully.
[2022-05-12T15:10:52+0200] [MainThread] [I] [toil.common] Successfully deleted the job store: FileJobStore(/tmp/tmp1vf7yxcl)
</system-err>
		</testcase>
		<testcase name="Test that no MultipleInputFeatureRequirement is necessary when workflow step source is a single-item list" time="7.777801" class="inline_javascript, workflow" file="wf_wc_nomultiple" url="cwltest:conformance_tests#30">
			<system-out>{
    &quot;count_output&quot;: 32
}</system-out>
			<system-err>[2022-05-12T15:10:47+0200] [MainThread] [I] [cwltool] Resolved 'tests/count-lines13-wf.cwl' to 'file:///home/michael/cwl-v1.1/tests/count-lines13-wf.cwl'
[2022-05-12T15:10:50+0200] [MainThread] [I] [toil.job] Saving graph of 2 jobs, 2 new
[2022-05-12T15:10:50+0200] [MainThread] [I] [toil.job] Processing job 'ResolveIndirect' kind-ResolveIndirect/instance-aylj43zp v0
[2022-05-12T15:10:50+0200] [MainThread] [I] [toil.job] Processing job 'CWLWorkflow' kind-CWLWorkflow/instance-sxa7vyqi v0
[2022-05-12T15:10:50+0200] [MainThread] [I] [toil] Running Toil version 5.6.0-c34146a6437e4407a61e946e968bcce67a0ebbca on host mrc-tux.
[2022-05-12T15:10:50+0200] [MainThread] [I] [toil.worker] Redirecting logging to /tmp/e396e355fcc4567da96b5b961e0f8eeb/7958/worker_log.txt
[2022-05-12T15:10:51+0200] [MainThread] [I] [toil.leader] 0 jobs are running, 0 jobs are issued and waiting to run
[2022-05-12T15:10:51+0200] [MainThread] [I] [toil.leader] Issued job 'CWLJob' count-lines13-wf.cwl.step1.wc3-tool.cwl kind-CWLJob/instance-dk06mrv0 v1 with job batch system ID: 1 and cores: 1, disk: 3.0 Gi, and memory: 2.0 Gi
[2022-05-12T15:10:51+0200] [MainThread] [I] [toil.worker] Redirecting logging to /tmp/e396e355fcc4567da96b5b961e0f8eeb/368c/worker_log.txt
[2022-05-12T15:10:52+0200] [MainThread] [I] [toil.worker] Redirecting logging to /tmp/e396e355fcc4567da96b5b961e0f8eeb/ce7d/worker_log.txt
[2022-05-12T15:10:52+0200] [MainThread] [I] [toil.worker] Redirecting logging to /tmp/e396e355fcc4567da96b5b961e0f8eeb/bb6d/worker_log.txt
[2022-05-12T15:10:54+0200] [MainThread] [I] [toil.leader] Finished toil run successfully.
[2022-05-12T15:10:54+0200] [MainThread] [I] [toil.common] Successfully deleted the job store: FileJobStore(/tmp/tmpu8w199g7)
</system-err>
		</testcase>
		<testcase name="Test workflow with default value for input parameter (missing)" time="7.311428" class="inline_javascript, workflow" file="wf_input_default_missing" url="cwltest:conformance_tests#31">
			<system-out>{
    &quot;count_output&quot;: 1
}</system-out>
			<system-err>[2022-05-12T15:10:50+0200] [MainThread] [I] [cwltool] Resolved 'tests/count-lines5-wf.cwl' to 'file:///home/michael/cwl-v1.1/tests/count-lines5-wf.cwl'
[2022-05-12T15:10:53+0200] [MainThread] [I] [toil.job] Saving graph of 2 jobs, 2 new
[2022-05-12T15:10:53+0200] [MainThread] [I] [toil.job] Processing job 'ResolveIndirect' kind-ResolveIndirect/instance-th9xhqrc v0
[2022-05-12T15:10:53+0200] [MainThread] [I] [toil.job] Processing job 'CWLWorkflow' kind-CWLWorkflow/instance-eluccxh3 v0
[2022-05-12T15:10:53+0200] [MainThread] [I] [toil] Running Toil version 5.6.0-c34146a6437e4407a61e946e968bcce67a0ebbca on host mrc-tux.
[2022-05-12T15:10:53+0200] [MainThread] [I] [toil.worker] Redirecting logging to /tmp/250b29152d805e7d8293dac9aaf5698b/8a58/worker_log.txt
[2022-05-12T15:10:53+0200] [MainThread] [I] [toil.leader] 0 jobs are running, 0 jobs are issued and waiting to run
[2022-05-12T15:10:53+0200] [MainThread] [I] [toil.leader] Issued job 'CWLJob' count-lines5-wf.cwl.step1.wc2-tool.cwl kind-CWLJob/instance-ks6ylruw v1 with job batch system ID: 1 and cores: 1, disk: 3.0 Gi, and memory: 2.0 Gi
[2022-05-12T15:10:54+0200] [MainThread] [I] [toil.worker] Redirecting logging to /tmp/250b29152d805e7d8293dac9aaf5698b/27b0/worker_log.txt
[2022-05-12T15:10:55+0200] [MainThread] [I] [toil.worker] Redirecting logging to /tmp/250b29152d805e7d8293dac9aaf5698b/2714/worker_log.txt
[2022-05-12T15:10:55+0200] [MainThread] [I] [toil.worker] Redirecting logging to /tmp/250b29152d805e7d8293dac9aaf5698b/7f61/worker_log.txt
[2022-05-12T15:10:57+0200] [MainThread] [I] [toil.leader] Finished toil run successfully.
[2022-05-12T15:10:57+0200] [MainThread] [I] [toil.common] Successfully deleted the job store: FileJobStore(/tmp/tmpoahr7th0)
</system-err>
		</testcase>
		<testcase name="Test workflow with default value for input parameter (provided)" time="7.601420" class="inline_javascript, workflow" file="wf_input_default_provided" url="cwltest:conformance_tests#32">
			<system-out>{
    &quot;count_output&quot;: 16
}</system-out>
			<system-err>[2022-05-12T15:10:52+0200] [MainThread] [I] [cwltool] Resolved 'tests/count-lines5-wf.cwl' to 'file:///home/michael/cwl-v1.1/tests/count-lines5-wf.cwl'
[2022-05-12T15:10:55+0200] [MainThread] [I] [toil.job] Saving graph of 2 jobs, 2 new
[2022-05-12T15:10:55+0200] [MainThread] [I] [toil.job] Processing job 'ResolveIndirect' kind-ResolveIndirect/instance-t1ugxswp v0
[2022-05-12T15:10:55+0200] [MainThread] [I] [toil.job] Processing job 'CWLWorkflow' kind-CWLWorkflow/instance-vxos5y08 v0
[2022-05-12T15:10:55+0200] [MainThread] [I] [toil] Running Toil version 5.6.0-c34146a6437e4407a61e946e968bcce67a0ebbca on host mrc-tux.
[2022-05-12T15:10:56+0200] [MainThread] [I] [toil.worker] Redirecting logging to /tmp/c5adbd28c49d50e8ba93f67bcf4ca4a8/7ae8/worker_log.txt
[2022-05-12T15:10:56+0200] [MainThread] [I] [toil.leader] 0 jobs are running, 0 jobs are issued and waiting to run
[2022-05-12T15:10:56+0200] [MainThread] [I] [toil.leader] Issued job 'CWLJob' count-lines5-wf.cwl.step1.wc2-tool.cwl kind-CWLJob/instance-o4lyutqk v1 with job batch system ID: 1 and cores: 1, disk: 3.0 Gi, and memory: 2.0 Gi
[2022-05-12T15:10:56+0200] [MainThread] [I] [toil.worker] Redirecting logging to /tmp/c5adbd28c49d50e8ba93f67bcf4ca4a8/9851/worker_log.txt
[2022-05-12T15:10:57+0200] [MainThread] [I] [toil.worker] Redirecting logging to /tmp/c5adbd28c49d50e8ba93f67bcf4ca4a8/3ebe/worker_log.txt
[2022-05-12T15:10:58+0200] [MainThread] [I] [toil.worker] Redirecting logging to /tmp/c5adbd28c49d50e8ba93f67bcf4ca4a8/81f8/worker_log.txt
[2022-05-12T15:10:59+0200] [MainThread] [I] [toil.leader] Finished toil run successfully.
[2022-05-12T15:10:59+0200] [MainThread] [I] [toil.common] Successfully deleted the job store: FileJobStore(/tmp/tmpmzlrd_sj)
</system-err>
		</testcase>
		<testcase name="Test that workflow defaults override tool defaults" time="7.498123" class="required, workflow" file="wf_default_tool_default" url="cwltest:conformance_tests#33">
			<system-out>{
    &quot;default_output&quot;: &quot;workflow_default&quot;
}</system-out>
			<system-err>[2022-05-12T15:10:54+0200] [MainThread] [I] [cwltool] Resolved 'tests/echo-wf-default.cwl' to 'file:///home/michael/cwl-v1.1/tests/echo-wf-default.cwl'
[2022-05-12T15:10:57+0200] [MainThread] [I] [toil.job] Saving graph of 2 jobs, 2 new
[2022-05-12T15:10:57+0200] [MainThread] [I] [toil.job] Processing job 'ResolveIndirect' kind-ResolveIndirect/instance-1cz59jk8 v0
[2022-05-12T15:10:57+0200] [MainThread] [I] [toil.job] Processing job 'CWLWorkflow' kind-CWLWorkflow/instance-3v2egpcf v0
[2022-05-12T15:10:57+0200] [MainThread] [I] [toil] Running Toil version 5.6.0-c34146a6437e4407a61e946e968bcce67a0ebbca on host mrc-tux.
[2022-05-12T15:10:57+0200] [MainThread] [I] [toil.worker] Redirecting logging to /tmp/f38aa24f9c6d58cbb5b6044a327d8dfc/48e1/worker_log.txt
[2022-05-12T15:10:57+0200] [MainThread] [I] [toil.leader] 0 jobs are running, 0 jobs are issued and waiting to run
[2022-05-12T15:10:57+0200] [MainThread] [I] [toil.leader] Issued job 'CWLJob' echo-wf-default.cwl.step1.echo-tool-default.cwl kind-CWLJob/instance-549s7u85 v1 with job batch system ID: 1 and cores: 1, disk: 3.0 Gi, and memory: 2.0 Gi
[2022-05-12T15:10:58+0200] [MainThread] [I] [toil.worker] Redirecting logging to /tmp/f38aa24f9c6d58cbb5b6044a327d8dfc/b555/worker_log.txt
[2022-05-12T15:10:58+0200] [MainThread] [I] [toil.worker] Redirecting logging to /tmp/f38aa24f9c6d58cbb5b6044a327d8dfc/b7d6/worker_log.txt
[2022-05-12T15:10:59+0200] [MainThread] [I] [toil.worker] Redirecting logging to /tmp/f38aa24f9c6d58cbb5b6044a327d8dfc/c92e/worker_log.txt
[2022-05-12T15:11:01+0200] [MainThread] [I] [toil.leader] Finished toil run successfully.
[2022-05-12T15:11:01+0200] [MainThread] [I] [toil.common] Successfully deleted the job store: FileJobStore(/tmp/tmp2dg4dn4y)
</system-err>
		</testcase>
		<testcase name="Test EnvVarRequirement" time="4.579196" class="env_var, command_line_tool" file="envvar_req" url="cwltest:conformance_tests#34">
			<system-out>{
    &quot;out&quot;: {
        &quot;location&quot;: &quot;file:///tmp/tmpt86njw78/out&quot;,
        &quot;basename&quot;: &quot;out&quot;,
        &quot;nameroot&quot;: &quot;out&quot;,
        &quot;nameext&quot;: &quot;&quot;,
        &quot;class&quot;: &quot;File&quot;,
        &quot;checksum&quot;: &quot;sha1$b3ec4ed1749c207e52b3a6d08c59f31d83bff519&quot;,
        &quot;size&quot;: 15
    }
}</system-out>
			<system-err>[2022-05-12T15:10:55+0200] [MainThread] [I] [cwltool] Resolved 'tests/env-tool1.cwl' to 'file:///home/michael/cwl-v1.1/tests/env-tool1.cwl'
[2022-05-12T15:10:57+0200] [MainThread] [I] [toil.job] Saving graph of 1 jobs, 1 new
[2022-05-12T15:10:57+0200] [MainThread] [I] [toil.job] Processing job 'CWLJob' env-tool1.cwl kind-CWLJob/instance-baj6q5xd v0
[2022-05-12T15:10:57+0200] [MainThread] [I] [toil] Running Toil version 5.6.0-c34146a6437e4407a61e946e968bcce67a0ebbca on host mrc-tux.
[2022-05-12T15:10:57+0200] [MainThread] [I] [toil.leader] Issued job 'CWLJob' env-tool1.cwl kind-CWLJob/instance-baj6q5xd v1 with job batch system ID: 0 and cores: 1, disk: 3.0 Gi, and memory: 2.0 Gi
[2022-05-12T15:10:57+0200] [MainThread] [I] [toil.worker] Redirecting logging to /tmp/95e0c0ff50655e52a1b2cddc7d99d0b6/2f85/worker_log.txt
[2022-05-12T15:10:57+0200] [MainThread] [I] [toil.leader] 0 jobs are running, 0 jobs are issued and waiting to run
[2022-05-12T15:10:59+0200] [MainThread] [I] [toil.leader] Finished toil run successfully.
[2022-05-12T15:10:59+0200] [MainThread] [I] [toil.common] Successfully deleted the job store: FileJobStore(/tmp/tmpb83si1pn)
</system-err>
		</testcase>
		<testcase name="Test workflow scatter with single scatter parameter" time="9.965475" class="scatter, workflow" file="wf_scatter_single_param" url="cwltest:conformance_tests#35">
			<system-out>{
    &quot;out&quot;: [
        &quot;foo one&quot;,
        &quot;foo two&quot;,
        &quot;foo three&quot;,
        &quot;foo four&quot;
    ]
}</system-out>
			<system-err>[2022-05-12T15:10:58+0200] [MainThread] [I] [cwltool] Resolved 'tests/scatter-wf1.cwl' to 'file:///home/michael/cwl-v1.1/tests/scatter-wf1.cwl'
[2022-05-12T15:11:00+0200] [MainThread] [I] [toil.job] Saving graph of 2 jobs, 2 new
[2022-05-12T15:11:00+0200] [MainThread] [I] [toil.job] Processing job 'ResolveIndirect' kind-ResolveIndirect/instance-nnbxpgco v0
[2022-05-12T15:11:00+0200] [MainThread] [I] [toil.job] Processing job 'CWLWorkflow' kind-CWLWorkflow/instance-5yd68zx5 v0
[2022-05-12T15:11:00+0200] [MainThread] [I] [toil] Running Toil version 5.6.0-c34146a6437e4407a61e946e968bcce67a0ebbca on host mrc-tux.
[2022-05-12T15:11:00+0200] [MainThread] [I] [toil.worker] Redirecting logging to /tmp/b577e1232f3c5ed8803a44ac893ab7fd/e523/worker_log.txt
[2022-05-12T15:11:00+0200] [MainThread] [I] [toil.leader] 0 jobs are running, 0 jobs are issued and waiting to run
[2022-05-12T15:11:01+0200] [MainThread] [I] [toil.worker] Redirecting logging to /tmp/b577e1232f3c5ed8803a44ac893ab7fd/2bbd/worker_log.txt
[2022-05-12T15:11:01+0200] [MainThread] [I] [toil.leader] Issued job 'CWLJob' scatter-wf1.cwl[0]._:c3006a26-76c5-4697-8d0b-41b03ea6d398 kind-CWLJob/instance-0kj1g__3 v1 with job batch system ID: 2 and cores: 1, disk: 3.0 Gi, and memory: 2.0 Gi
[2022-05-12T15:11:01+0200] [MainThread] [I] [toil.leader] Issued job 'CWLJob' scatter-wf1.cwl[3]._:c3006a26-76c5-4697-8d0b-41b03ea6d398 kind-CWLJob/instance-ffnfvreo v1 with job batch system ID: 3 and cores: 1, disk: 3.0 Gi, and memory: 2.0 Gi
[2022-05-12T15:11:01+0200] [MainThread] [I] [toil.leader] Issued job 'CWLJob' scatter-wf1.cwl[2]._:c3006a26-76c5-4697-8d0b-41b03ea6d398 kind-CWLJob/instance-hjjhjit6 v1 with job batch system ID: 4 and cores: 1, disk: 3.0 Gi, and memory: 2.0 Gi
[2022-05-12T15:11:01+0200] [MainThread] [I] [toil.leader] Issued job 'CWLJob' scatter-wf1.cwl[1]._:c3006a26-76c5-4697-8d0b-41b03ea6d398 kind-CWLJob/instance-w7b558q6 v1 with job batch system ID: 5 and cores: 1, disk: 3.0 Gi, and memory: 2.0 Gi
[2022-05-12T15:11:02+0200] [MainThread] [I] [toil.worker] Redirecting logging to /tmp/b577e1232f3c5ed8803a44ac893ab7fd/e2dc/worker_log.txt
[2022-05-12T15:11:02+0200] [MainThread] [I] [toil.worker] Redirecting logging to /tmp/b577e1232f3c5ed8803a44ac893ab7fd/d769/worker_log.txt
[2022-05-12T15:11:02+0200] [MainThread] [I] [toil.worker] Redirecting logging to /tmp/b577e1232f3c5ed8803a44ac893ab7fd/5e46/worker_log.txt
[2022-05-12T15:11:02+0200] [MainThread] [I] [toil.worker] Redirecting logging to /tmp/b577e1232f3c5ed8803a44ac893ab7fd/6b38/worker_log.txt
[2022-05-12T15:11:02+0200] [MainThread] [I] [toil.worker] Redirecting logging to /tmp/b577e1232f3c5ed8803a44ac893ab7fd/1d9c/worker_log.txt
[2022-05-12T15:11:03+0200] [MainThread] [I] [toil.worker] Redirecting logging to /tmp/b577e1232f3c5ed8803a44ac893ab7fd/6c44/worker_log.txt
[2022-05-12T15:11:04+0200] [MainThread] [I] [toil.worker] Redirecting logging to /tmp/b577e1232f3c5ed8803a44ac893ab7fd/5560/worker_log.txt
[2022-05-12T15:11:05+0200] [MainThread] [I] [toil.worker] Redirecting logging to /tmp/b577e1232f3c5ed8803a44ac893ab7fd/e771/worker_log.txt
[2022-05-12T15:11:07+0200] [MainThread] [I] [toil.leader] Finished toil run successfully.
[2022-05-12T15:11:07+0200] [MainThread] [I] [toil.common] Successfully deleted the job store: FileJobStore(/tmp/tmpd_u480la)
</system-err>
		</testcase>
		<testcase name="Test workflow scatter with two scatter parameters and nested_crossproduct join method" time="10.241877" class="scatter, workflow" file="wf_scatter_two_nested_crossproduct" url="cwltest:conformance_tests#36">
			<system-out>{
    &quot;out&quot;: [
        [
            &quot;foo one three&quot;,
            &quot;foo one four&quot;
        ],
        [
            &quot;foo two three&quot;,
            &quot;foo two four&quot;
        ]
    ]
}</system-out>
			<system-err>[2022-05-12T15:10:59+0200] [MainThread] [I] [cwltool] Resolved 'tests/scatter-wf2.cwl' to 'file:///home/michael/cwl-v1.1/tests/scatter-wf2.cwl'
[2022-05-12T15:11:02+0200] [MainThread] [I] [toil.job] Saving graph of 2 jobs, 2 new
[2022-05-12T15:11:02+0200] [MainThread] [I] [toil.job] Processing job 'ResolveIndirect' kind-ResolveIndirect/instance-w9wz0wxk v0
[2022-05-12T15:11:02+0200] [MainThread] [I] [toil.job] Processing job 'CWLWorkflow' kind-CWLWorkflow/instance-ulpz2dy0 v0
[2022-05-12T15:11:02+0200] [MainThread] [I] [toil] Running Toil version 5.6.0-c34146a6437e4407a61e946e968bcce67a0ebbca on host mrc-tux.
[2022-05-12T15:11:02+0200] [MainThread] [I] [toil.worker] Redirecting logging to /tmp/ae69703f64f85964a60c1b23e6a6a250/019b/worker_log.txt
[2022-05-12T15:11:03+0200] [MainThread] [I] [toil.leader] 0 jobs are running, 0 jobs are issued and waiting to run
[2022-05-12T15:11:03+0200] [MainThread] [I] [toil.worker] Redirecting logging to /tmp/ae69703f64f85964a60c1b23e6a6a250/35e5/worker_log.txt
[2022-05-12T15:11:03+0200] [MainThread] [I] [toil.leader] Issued job 'CWLJob' scatter-wf2.cwl[0].step1command kind-CWLJob/instance-oqu4arrl v1 with job batch system ID: 2 and cores: 1, disk: 3.0 Gi, and memory: 2.0 Gi
[2022-05-12T15:11:03+0200] [MainThread] [I] [toil.leader] Issued job 'CWLJob' scatter-wf2.cwl[0].step1command kind-CWLJob/instance-y2f65z2s v1 with job batch system ID: 3 and cores: 1, disk: 3.0 Gi, and memory: 2.0 Gi
[2022-05-12T15:11:03+0200] [MainThread] [I] [toil.leader] Issued job 'CWLJob' scatter-wf2.cwl[1].step1command kind-CWLJob/instance-arf4apk3 v1 with job batch system ID: 4 and cores: 1, disk: 3.0 Gi, and memory: 2.0 Gi
[2022-05-12T15:11:03+0200] [MainThread] [I] [toil.leader] Issued job 'CWLJob' scatter-wf2.cwl[1].step1command kind-CWLJob/instance-3jcj20jd v1 with job batch system ID: 5 and cores: 1, disk: 3.0 Gi, and memory: 2.0 Gi
[2022-05-12T15:11:04+0200] [MainThread] [I] [toil.worker] Redirecting logging to /tmp/ae69703f64f85964a60c1b23e6a6a250/c81d/worker_log.txt
[2022-05-12T15:11:04+0200] [MainThread] [I] [toil.worker] Redirecting logging to /tmp/ae69703f64f85964a60c1b23e6a6a250/75ad/worker_log.txt
[2022-05-12T15:11:04+0200] [MainThread] [I] [toil.worker] Redirecting logging to /tmp/ae69703f64f85964a60c1b23e6a6a250/c36e/worker_log.txt
[2022-05-12T15:11:04+0200] [MainThread] [I] [toil.worker] Redirecting logging to /tmp/ae69703f64f85964a60c1b23e6a6a250/106c/worker_log.txt
[2022-05-12T15:11:05+0200] [MainThread] [I] [toil.worker] Redirecting logging to /tmp/ae69703f64f85964a60c1b23e6a6a250/677c/worker_log.txt
[2022-05-12T15:11:05+0200] [MainThread] [I] [toil.worker] Redirecting logging to /tmp/ae69703f64f85964a60c1b23e6a6a250/2e23/worker_log.txt
[2022-05-12T15:11:06+0200] [MainThread] [I] [toil.worker] Redirecting logging to /tmp/ae69703f64f85964a60c1b23e6a6a250/8c17/worker_log.txt
[2022-05-12T15:11:07+0200] [MainThread] [I] [toil.worker] Redirecting logging to /tmp/ae69703f64f85964a60c1b23e6a6a250/f22c/worker_log.txt
[2022-05-12T15:11:09+0200] [MainThread] [I] [toil.leader] Finished toil run successfully.
[2022-05-12T15:11:09+0200] [MainThread] [I] [toil.common] Successfully deleted the job store: FileJobStore(/tmp/tmpv_r2v04u)
</system-err>
		</testcase>
		<testcase name="Test workflow scatter with two scatter parameters and flat_crossproduct join method" time="10.584830" class="scatter, workflow" file="wf_scatter_two_flat_crossproduct" url="cwltest:conformance_tests#37">
			<system-out>{
    &quot;out&quot;: [
        &quot;foo one three&quot;,
        &quot;foo one four&quot;,
        &quot;foo two three&quot;,
        &quot;foo two four&quot;
    ]
}</system-out>
			<system-err>[2022-05-12T15:11:00+0200] [MainThread] [I] [cwltool] Resolved 'tests/scatter-wf3.cwl#main' to 'file:///home/michael/cwl-v1.1/tests/scatter-wf3.cwl#main'
[2022-05-12T15:11:03+0200] [MainThread] [I] [toil.job] Saving graph of 2 jobs, 2 new
[2022-05-12T15:11:03+0200] [MainThread] [I] [toil.job] Processing job 'ResolveIndirect' kind-ResolveIndirect/instance-4wg8djzu v0
[2022-05-12T15:11:03+0200] [MainThread] [I] [toil.job] Processing job 'CWLWorkflow' kind-CWLWorkflow/instance-t91j54vj v0
[2022-05-12T15:11:03+0200] [MainThread] [I] [toil] Running Toil version 5.6.0-c34146a6437e4407a61e946e968bcce67a0ebbca on host mrc-tux.
[2022-05-12T15:11:03+0200] [MainThread] [I] [toil.worker] Redirecting logging to /tmp/cd77ce120bed517aace06ff79d151a3a/f558/worker_log.txt
[2022-05-12T15:11:04+0200] [MainThread] [I] [toil.leader] 0 jobs are running, 0 jobs are issued and waiting to run
[2022-05-12T15:11:04+0200] [MainThread] [I] [toil.worker] Redirecting logging to /tmp/cd77ce120bed517aace06ff79d151a3a/8d4d/worker_log.txt
[2022-05-12T15:11:05+0200] [MainThread] [I] [toil.leader] Issued job 'CWLJob' main[1].echo kind-CWLJob/instance-8nqnagqt v1 with job batch system ID: 2 and cores: 1, disk: 3.0 Gi, and memory: 2.0 Gi
[2022-05-12T15:11:05+0200] [MainThread] [I] [toil.leader] Issued job 'CWLJob' main[1].echo kind-CWLJob/instance-80xfbg5z v1 with job batch system ID: 3 and cores: 1, disk: 3.0 Gi, and memory: 2.0 Gi
[2022-05-12T15:11:05+0200] [MainThread] [I] [toil.leader] Issued job 'CWLJob' main[0].echo kind-CWLJob/instance-t4x3ly5t v1 with job batch system ID: 4 and cores: 1, disk: 3.0 Gi, and memory: 2.0 Gi
[2022-05-12T15:11:05+0200] [MainThread] [I] [toil.leader] Issued job 'CWLJob' main[0].echo kind-CWLJob/instance-hlr7e8ss v1 with job batch system ID: 5 and cores: 1, disk: 3.0 Gi, and memory: 2.0 Gi
[2022-05-12T15:11:05+0200] [MainThread] [I] [toil.worker] Redirecting logging to /tmp/cd77ce120bed517aace06ff79d151a3a/6a4f/worker_log.txt
[2022-05-12T15:11:05+0200] [MainThread] [I] [toil.worker] Redirecting logging to /tmp/cd77ce120bed517aace06ff79d151a3a/5802/worker_log.txt
[2022-05-12T15:11:05+0200] [MainThread] [I] [toil.worker] Redirecting logging to /tmp/cd77ce120bed517aace06ff79d151a3a/8394/worker_log.txt
[2022-05-12T15:11:05+0200] [MainThread] [I] [toil.worker] Redirecting logging to /tmp/cd77ce120bed517aace06ff79d151a3a/9ea0/worker_log.txt
[2022-05-12T15:11:06+0200] [MainThread] [I] [toil.worker] Redirecting logging to /tmp/cd77ce120bed517aace06ff79d151a3a/7e08/worker_log.txt
[2022-05-12T15:11:07+0200] [MainThread] [I] [toil.worker] Redirecting logging to /tmp/cd77ce120bed517aace06ff79d151a3a/ffeb/worker_log.txt
[2022-05-12T15:11:07+0200] [MainThread] [I] [toil.worker] Redirecting logging to /tmp/cd77ce120bed517aace06ff79d151a3a/9420/worker_log.txt
[2022-05-12T15:11:08+0200] [MainThread] [I] [toil.worker] Redirecting logging to /tmp/cd77ce120bed517aace06ff79d151a3a/66ce/worker_log.txt
[2022-05-12T15:11:10+0200] [MainThread] [I] [toil.leader] Finished toil run successfully.
[2022-05-12T15:11:10+0200] [MainThread] [I] [toil.common] Successfully deleted the job store: FileJobStore(/tmp/tmpdlwc_3fe)
</system-err>
		</testcase>
		<testcase name="Test workflow scatter with two scatter parameters and dotproduct join method" time="10.632416" class="scatter, workflow" file="wf_scatter_two_dotproduct" url="cwltest:conformance_tests#38">
			<system-out>{
    &quot;out&quot;: [
        &quot;foo one three&quot;,
        &quot;foo two four&quot;
    ]
}</system-out>
			<system-err>[2022-05-12T15:11:02+0200] [MainThread] [I] [cwltool] Resolved 'tests/scatter-wf4.cwl#main' to 'file:///home/michael/cwl-v1.1/tests/scatter-wf4.cwl#main'
[2022-05-12T15:11:05+0200] [MainThread] [I] [toil.job] Saving graph of 2 jobs, 2 new
[2022-05-12T15:11:05+0200] [MainThread] [I] [toil.job] Processing job 'ResolveIndirect' kind-ResolveIndirect/instance-uftamx7q v0
[2022-05-12T15:11:05+0200] [MainThread] [I] [toil.job] Processing job 'CWLWorkflow' kind-CWLWorkflow/instance-693zri5j v0
[2022-05-12T15:11:05+0200] [MainThread] [I] [toil] Running Toil version 5.6.0-c34146a6437e4407a61e946e968bcce67a0ebbca on host mrc-tux.
[2022-05-12T15:11:06+0200] [MainThread] [I] [toil.worker] Redirecting logging to /tmp/646d5c521b055128bbd3199d36e18d49/eee9/worker_log.txt
[2022-05-12T15:11:06+0200] [MainThread] [I] [toil.leader] 0 jobs are running, 0 jobs are issued and waiting to run
[2022-05-12T15:11:07+0200] [MainThread] [I] [toil.worker] Redirecting logging to /tmp/646d5c521b055128bbd3199d36e18d49/81a4/worker_log.txt
[2022-05-12T15:11:07+0200] [MainThread] [I] [toil.leader] Issued job 'CWLJob' main[0].echo kind-CWLJob/instance-rfmo_xcq v1 with job batch system ID: 2 and cores: 1, disk: 3.0 Gi, and memory: 2.0 Gi
[2022-05-12T15:11:07+0200] [MainThread] [I] [toil.leader] Issued job 'CWLJob' main[1].echo kind-CWLJob/instance-y63kzx_n v1 with job batch system ID: 3 and cores: 1, disk: 3.0 Gi, and memory: 2.0 Gi
[2022-05-12T15:11:07+0200] [MainThread] [I] [toil.worker] Redirecting logging to /tmp/646d5c521b055128bbd3199d36e18d49/174e/worker_log.txt
[2022-05-12T15:11:07+0200] [MainThread] [I] [toil.worker] Redirecting logging to /tmp/646d5c521b055128bbd3199d36e18d49/c0ae/worker_log.txt
[2022-05-12T15:11:08+0200] [MainThread] [I] [toil.worker] Redirecting logging to /tmp/646d5c521b055128bbd3199d36e18d49/5084/worker_log.txt
[2022-05-12T15:11:09+0200] [MainThread] [I] [toil.worker] Redirecting logging to /tmp/646d5c521b055128bbd3199d36e18d49/b05c/worker_log.txt
[2022-05-12T15:11:09+0200] [MainThread] [I] [toil.worker] Redirecting logging to /tmp/646d5c521b055128bbd3199d36e18d49/a09d/worker_log.txt
[2022-05-12T15:11:10+0200] [MainThread] [I] [toil.worker] Redirecting logging to /tmp/646d5c521b055128bbd3199d36e18d49/0725/worker_log.txt
[2022-05-12T15:11:11+0200] [MainThread] [I] [toil.leader] Finished toil run successfully.
[2022-05-12T15:11:11+0200] [MainThread] [I] [toil.common] Successfully deleted the job store: FileJobStore(/tmp/tmp6928av_m)
</system-err>
		</testcase>
		<testcase name="Test workflow scatter with single empty list parameter" time="8.513591" class="scatter, workflow" file="wf_scatter_emptylist" url="cwltest:conformance_tests#39">
			<system-out>{
    &quot;out&quot;: []
}</system-out>
			<system-err>[2022-05-12T15:11:08+0200] [MainThread] [I] [cwltool] Resolved 'tests/scatter-wf1.cwl' to 'file:///home/michael/cwl-v1.1/tests/scatter-wf1.cwl'
[2022-05-12T15:11:10+0200] [MainThread] [I] [toil.job] Saving graph of 2 jobs, 2 new
[2022-05-12T15:11:10+0200] [MainThread] [I] [toil.job] Processing job 'ResolveIndirect' kind-ResolveIndirect/instance-jnxqw1up v0
[2022-05-12T15:11:10+0200] [MainThread] [I] [toil.job] Processing job 'CWLWorkflow' kind-CWLWorkflow/instance-8t3pg9am v0
[2022-05-12T15:11:10+0200] [MainThread] [I] [toil] Running Toil version 5.6.0-c34146a6437e4407a61e946e968bcce67a0ebbca on host mrc-tux.
[2022-05-12T15:11:11+0200] [MainThread] [I] [toil.worker] Redirecting logging to /tmp/1eaeb313b4355137b74deffb006da89b/a272/worker_log.txt
[2022-05-12T15:11:11+0200] [MainThread] [I] [toil.leader] 0 jobs are running, 0 jobs are issued and waiting to run
[2022-05-12T15:11:11+0200] [MainThread] [I] [toil.worker] Redirecting logging to /tmp/1eaeb313b4355137b74deffb006da89b/d842/worker_log.txt
[2022-05-12T15:11:12+0200] [MainThread] [I] [toil.worker] Redirecting logging to /tmp/1eaeb313b4355137b74deffb006da89b/cdff/worker_log.txt
[2022-05-12T15:11:13+0200] [MainThread] [I] [toil.worker] Redirecting logging to /tmp/1eaeb313b4355137b74deffb006da89b/c6c6/worker_log.txt
[2022-05-12T15:11:15+0200] [MainThread] [I] [toil.leader] Finished toil run successfully.
[2022-05-12T15:11:15+0200] [MainThread] [I] [toil.common] Successfully deleted the job store: FileJobStore(/tmp/tmp958zyv7r)
</system-err>
		</testcase>
		<testcase name="Test workflow scatter with two scatter parameters and nested_crossproduct join method with second list empty" time="8.592282" class="scatter, workflow" file="wf_scatter_nested_crossproduct_secondempty" url="cwltest:conformance_tests#40">
			<system-out>{
    &quot;out&quot;: [
        [],
        []
    ]
}</system-out>
			<system-err>[2022-05-12T15:11:10+0200] [MainThread] [I] [cwltool] Resolved 'tests/scatter-wf2.cwl' to 'file:///home/michael/cwl-v1.1/tests/scatter-wf2.cwl'
[2022-05-12T15:11:12+0200] [MainThread] [I] [toil.job] Saving graph of 2 jobs, 2 new
[2022-05-12T15:11:12+0200] [MainThread] [I] [toil.job] Processing job 'ResolveIndirect' kind-ResolveIndirect/instance-ks84u0c5 v0
[2022-05-12T15:11:12+0200] [MainThread] [I] [toil.job] Processing job 'CWLWorkflow' kind-CWLWorkflow/instance-6ics7zre v0
[2022-05-12T15:11:12+0200] [MainThread] [I] [toil] Running Toil version 5.6.0-c34146a6437e4407a61e946e968bcce67a0ebbca on host mrc-tux.
[2022-05-12T15:11:13+0200] [MainThread] [I] [toil.worker] Redirecting logging to /tmp/bce8146adf0855fe883dfe83c33b58c4/c3c9/worker_log.txt
[2022-05-12T15:11:13+0200] [MainThread] [I] [toil.leader] 0 jobs are running, 0 jobs are issued and waiting to run
[2022-05-12T15:11:14+0200] [MainThread] [I] [toil.worker] Redirecting logging to /tmp/bce8146adf0855fe883dfe83c33b58c4/512c/worker_log.txt
[2022-05-12T15:11:15+0200] [MainThread] [I] [toil.worker] Redirecting logging to /tmp/bce8146adf0855fe883dfe83c33b58c4/9fff/worker_log.txt
[2022-05-12T15:11:16+0200] [MainThread] [I] [toil.worker] Redirecting logging to /tmp/bce8146adf0855fe883dfe83c33b58c4/b926/worker_log.txt
[2022-05-12T15:11:18+0200] [MainThread] [I] [toil.leader] Finished toil run successfully.
[2022-05-12T15:11:18+0200] [MainThread] [I] [toil.common] Successfully deleted the job store: FileJobStore(/tmp/tmpzo9w5icz)
</system-err>
		</testcase>
		<testcase name="Test workflow scatter with two scatter parameters and nested_crossproduct join method with first list empty" time="8.989027" class="scatter, workflow" file="wf_scatter_nested_crossproduct_firstempty" url="cwltest:conformance_tests#41">
			<system-out>{
    &quot;out&quot;: []
}</system-out>
			<system-err>[2022-05-12T15:11:11+0200] [MainThread] [I] [cwltool] Resolved 'tests/scatter-wf3.cwl#main' to 'file:///home/michael/cwl-v1.1/tests/scatter-wf3.cwl#main'
[2022-05-12T15:11:14+0200] [MainThread] [I] [toil.job] Saving graph of 2 jobs, 2 new
[2022-05-12T15:11:14+0200] [MainThread] [I] [toil.job] Processing job 'ResolveIndirect' kind-ResolveIndirect/instance-0yf4sot5 v0
[2022-05-12T15:11:14+0200] [MainThread] [I] [toil.job] Processing job 'CWLWorkflow' kind-CWLWorkflow/instance-fxk9dnlf v0
[2022-05-12T15:11:14+0200] [MainThread] [I] [toil] Running Toil version 5.6.0-c34146a6437e4407a61e946e968bcce67a0ebbca on host mrc-tux.
[2022-05-12T15:11:14+0200] [MainThread] [I] [toil.worker] Redirecting logging to /tmp/fc6b0fb68a7a57b38e4a1f744dc51cd7/f53c/worker_log.txt
[2022-05-12T15:11:15+0200] [MainThread] [I] [toil.leader] 0 jobs are running, 0 jobs are issued and waiting to run
[2022-05-12T15:11:15+0200] [MainThread] [I] [toil.worker] Redirecting logging to /tmp/fc6b0fb68a7a57b38e4a1f744dc51cd7/036c/worker_log.txt
[2022-05-12T15:11:16+0200] [MainThread] [I] [toil.worker] Redirecting logging to /tmp/fc6b0fb68a7a57b38e4a1f744dc51cd7/dff2/worker_log.txt
[2022-05-12T15:11:17+0200] [MainThread] [I] [toil.worker] Redirecting logging to /tmp/fc6b0fb68a7a57b38e4a1f744dc51cd7/4a8f/worker_log.txt
[2022-05-12T15:11:19+0200] [MainThread] [I] [toil.leader] Finished toil run successfully.
[2022-05-12T15:11:19+0200] [MainThread] [I] [toil.common] Successfully deleted the job store: FileJobStore(/tmp/tmpsg_45j0o)
</system-err>
		</testcase>
		<testcase name="Test workflow scatter with two scatter parameters, one of which is empty and flat_crossproduct join method" time="8.507720" class="scatter, workflow" file="wf_scatter_flat_crossproduct_oneempty" url="cwltest:conformance_tests#42">
			<system-out>{
    &quot;out&quot;: []
}</system-out>
			<system-err>[2022-05-12T15:11:12+0200] [MainThread] [I] [cwltool] Resolved 'tests/scatter-wf3.cwl#main' to 'file:///home/michael/cwl-v1.1/tests/scatter-wf3.cwl#main'
[2022-05-12T15:11:16+0200] [MainThread] [I] [toil.job] Saving graph of 2 jobs, 2 new
[2022-05-12T15:11:16+0200] [MainThread] [I] [toil.job] Processing job 'ResolveIndirect' kind-ResolveIndirect/instance-ohmqfmg5 v0
[2022-05-12T15:11:16+0200] [MainThread] [I] [toil.job] Processing job 'CWLWorkflow' kind-CWLWorkflow/instance-jpuxc133 v0
[2022-05-12T15:11:16+0200] [MainThread] [I] [toil] Running Toil version 5.6.0-c34146a6437e4407a61e946e968bcce67a0ebbca on host mrc-tux.
[2022-05-12T15:11:16+0200] [MainThread] [I] [toil.worker] Redirecting logging to /tmp/9558d441ef735fabbada273e41143173/8c0b/worker_log.txt
[2022-05-12T15:11:17+0200] [MainThread] [I] [toil.leader] 0 jobs are running, 0 jobs are issued and waiting to run
[2022-05-12T15:11:17+0200] [MainThread] [I] [toil.worker] Redirecting logging to /tmp/9558d441ef735fabbada273e41143173/0e1c/worker_log.txt
[2022-05-12T15:11:18+0200] [MainThread] [I] [toil.worker] Redirecting logging to /tmp/9558d441ef735fabbada273e41143173/b048/worker_log.txt
[2022-05-12T15:11:18+0200] [MainThread] [I] [toil.worker] Redirecting logging to /tmp/9558d441ef735fabbada273e41143173/6195/worker_log.txt
[2022-05-12T15:11:20+0200] [MainThread] [I] [toil.leader] Finished toil run successfully.
[2022-05-12T15:11:20+0200] [MainThread] [I] [toil.common] Successfully deleted the job store: FileJobStore(/tmp/tmp5d51jwmt)
</system-err>
		</testcase>
		<testcase name="Test workflow scatter with two empty scatter parameters and dotproduct join method" time="7.445857" class="scatter, workflow" file="wf_scatter_dotproduct_twoempty" url="cwltest:conformance_tests#43">
			<system-out>{
    &quot;out&quot;: []
}</system-out>
			<system-err>[2022-05-12T15:11:16+0200] [MainThread] [I] [cwltool] Resolved 'tests/scatter-wf4.cwl#main' to 'file:///home/michael/cwl-v1.1/tests/scatter-wf4.cwl#main'
[2022-05-12T15:11:19+0200] [MainThread] [I] [toil.job] Saving graph of 2 jobs, 2 new
[2022-05-12T15:11:19+0200] [MainThread] [I] [toil.job] Processing job 'ResolveIndirect' kind-ResolveIndirect/instance-26wixy_9 v0
[2022-05-12T15:11:19+0200] [MainThread] [I] [toil.job] Processing job 'CWLWorkflow' kind-CWLWorkflow/instance-g24va86u v0
[2022-05-12T15:11:19+0200] [MainThread] [I] [toil] Running Toil version 5.6.0-c34146a6437e4407a61e946e968bcce67a0ebbca on host mrc-tux.
[2022-05-12T15:11:19+0200] [MainThread] [I] [toil.worker] Redirecting logging to /tmp/1c9b26691359574ab4cbae32df15d472/c6a1/worker_log.txt
[2022-05-12T15:11:19+0200] [MainThread] [I] [toil.leader] 0 jobs are running, 0 jobs are issued and waiting to run
[2022-05-12T15:11:20+0200] [MainThread] [I] [toil.worker] Redirecting logging to /tmp/1c9b26691359574ab4cbae32df15d472/f605/worker_log.txt
[2022-05-12T15:11:21+0200] [MainThread] [I] [toil.worker] Redirecting logging to /tmp/1c9b26691359574ab4cbae32df15d472/84de/worker_log.txt
[2022-05-12T15:11:21+0200] [MainThread] [I] [toil.worker] Redirecting logging to /tmp/1c9b26691359574ab4cbae32df15d472/48df/worker_log.txt
[2022-05-12T15:11:23+0200] [MainThread] [I] [toil.leader] Finished toil run successfully.
[2022-05-12T15:11:23+0200] [MainThread] [I] [toil.common] Successfully deleted the job store: FileJobStore(/tmp/tmpvp6pel0r)
</system-err>
		</testcase>
		<testcase name="Test Any type input parameter" time="4.408090" class="required, command_line_tool" file="any_input_param" url="cwltest:conformance_tests#44">
			<system-out>{
    &quot;out&quot;: &quot;hello test env\n&quot;
}</system-out>
			<system-err>[2022-05-12T15:11:18+0200] [MainThread] [I] [cwltool] Resolved 'tests/echo-tool.cwl' to 'file:///home/michael/cwl-v1.1/tests/echo-tool.cwl'
[2022-05-12T15:11:20+0200] [MainThread] [I] [toil.job] Saving graph of 1 jobs, 1 new
[2022-05-12T15:11:20+0200] [MainThread] [I] [toil.job] Processing job 'CWLJob' echo-tool.cwl kind-CWLJob/instance-zre9u6g5 v0
[2022-05-12T15:11:20+0200] [MainThread] [I] [toil] Running Toil version 5.6.0-c34146a6437e4407a61e946e968bcce67a0ebbca on host mrc-tux.
[2022-05-12T15:11:20+0200] [MainThread] [I] [toil.leader] Issued job 'CWLJob' echo-tool.cwl kind-CWLJob/instance-zre9u6g5 v1 with job batch system ID: 0 and cores: 1, disk: 3.0 Gi, and memory: 2.0 Gi
[2022-05-12T15:11:20+0200] [MainThread] [I] [toil.worker] Redirecting logging to /tmp/16f1554ec5d252638158e099a29a00b7/5861/worker_log.txt
[2022-05-12T15:11:21+0200] [MainThread] [I] [toil.leader] 0 jobs are running, 0 jobs are issued and waiting to run
[2022-05-12T15:11:22+0200] [MainThread] [I] [toil.leader] Finished toil run successfully.
[2022-05-12T15:11:22+0200] [MainThread] [I] [toil.common] Successfully deleted the job store: FileJobStore(/tmp/tmpwn4ijzg9)
</system-err>
		</testcase>
		<testcase name="Test nested workflow" time="11.225401" class="subworkflow, workflow, inline_javascript" file="nested_workflow" url="cwltest:conformance_tests#45">
			<system-out>{
    &quot;count_output&quot;: 16
}</system-out>
			<system-err>[2022-05-12T15:11:20+0200] [MainThread] [I] [cwltool] Resolved 'tests/count-lines8-wf.cwl' to 'file:///home/michael/cwl-v1.1/tests/count-lines8-wf.cwl'
[2022-05-12T15:11:24+0200] [MainThread] [I] [toil.job] Saving graph of 2 jobs, 2 new
[2022-05-12T15:11:24+0200] [MainThread] [I] [toil.job] Processing job 'ResolveIndirect' kind-ResolveIndirect/instance-fa5w6nbb v0
[2022-05-12T15:11:24+0200] [MainThread] [I] [toil.job] Processing job 'CWLWorkflow' kind-CWLWorkflow/instance-j56dreyd v0
[2022-05-12T15:11:24+0200] [MainThread] [I] [toil] Running Toil version 5.6.0-c34146a6437e4407a61e946e968bcce67a0ebbca on host mrc-tux.
[2022-05-12T15:11:24+0200] [MainThread] [I] [toil.worker] Redirecting logging to /tmp/de13152ba15b5e118ec238ad5a549c7a/2612/worker_log.txt
[2022-05-12T15:11:25+0200] [MainThread] [I] [toil.leader] 0 jobs are running, 0 jobs are issued and waiting to run
[2022-05-12T15:11:25+0200] [MainThread] [I] [toil.worker] Redirecting logging to /tmp/de13152ba15b5e118ec238ad5a549c7a/fcce/worker_log.txt
[2022-05-12T15:11:26+0200] [MainThread] [I] [toil.leader] Issued job 'CWLJob' count-lines1-wf.cwl.step1.wc-tool.cwl kind-CWLJob/instance-08q_gxzj v1 with job batch system ID: 2 and cores: 1, disk: 3.0 Gi, and memory: 2.0 Gi
[2022-05-12T15:11:26+0200] [MainThread] [I] [toil.worker] Redirecting logging to /tmp/de13152ba15b5e118ec238ad5a549c7a/d276/worker_log.txt
[2022-05-12T15:11:27+0200] [MainThread] [I] [toil.worker] Redirecting logging to /tmp/de13152ba15b5e118ec238ad5a549c7a/bc12/worker_log.txt
[2022-05-12T15:11:27+0200] [MainThread] [I] [toil.worker] Redirecting logging to /tmp/de13152ba15b5e118ec238ad5a549c7a/a0d6/worker_log.txt
[2022-05-12T15:11:28+0200] [MainThread] [I] [toil.worker] Redirecting logging to /tmp/de13152ba15b5e118ec238ad5a549c7a/4445/worker_log.txt
[2022-05-12T15:11:29+0200] [MainThread] [I] [toil.worker] Redirecting logging to /tmp/de13152ba15b5e118ec238ad5a549c7a/ae58/worker_log.txt
[2022-05-12T15:11:30+0200] [MainThread] [I] [toil.leader] Finished toil run successfully.
[2022-05-12T15:11:30+0200] [MainThread] [I] [toil.common] Successfully deleted the job store: FileJobStore(/tmp/tmp8zssxfgx)
</system-err>
		</testcase>
		<testcase name="Test requirement priority" time="7.447148" class="env_var, workflow" file="requirement_priority" url="cwltest:conformance_tests#46">
			<system-out>{
    &quot;out&quot;: {
        &quot;location&quot;: &quot;file:///tmp/tmpwgjxyxc0/out&quot;,
        &quot;basename&quot;: &quot;out&quot;,
        &quot;nameroot&quot;: &quot;out&quot;,
        &quot;nameext&quot;: &quot;&quot;,
        &quot;class&quot;: &quot;File&quot;,
        &quot;checksum&quot;: &quot;sha1$b3ec4ed1749c207e52b3a6d08c59f31d83bff519&quot;,
        &quot;size&quot;: 15
    }
}</system-out>
			<system-err>[2022-05-12T15:11:21+0200] [MainThread] [I] [cwltool] Resolved 'tests/env-wf1.cwl' to 'file:///home/michael/cwl-v1.1/tests/env-wf1.cwl'
[2022-05-12T15:11:23+0200] [MainThread] [I] [toil.job] Saving graph of 2 jobs, 2 new
[2022-05-12T15:11:23+0200] [MainThread] [I] [toil.job] Processing job 'ResolveIndirect' kind-ResolveIndirect/instance-48tlsedy v0
[2022-05-12T15:11:23+0200] [MainThread] [I] [toil.job] Processing job 'CWLWorkflow' kind-CWLWorkflow/instance-vfz3cy5d v0
[2022-05-12T15:11:23+0200] [MainThread] [I] [toil] Running Toil version 5.6.0-c34146a6437e4407a61e946e968bcce67a0ebbca on host mrc-tux.
[2022-05-12T15:11:24+0200] [MainThread] [I] [toil.worker] Redirecting logging to /tmp/5857d4015ad75c709e70dd801dfa2003/47fb/worker_log.txt
[2022-05-12T15:11:24+0200] [MainThread] [I] [toil.leader] 0 jobs are running, 0 jobs are issued and waiting to run
[2022-05-12T15:11:24+0200] [MainThread] [I] [toil.leader] Issued job 'CWLJob' env-wf1.cwl.step1.env-tool1.cwl kind-CWLJob/instance-xqr2lbpy v1 with job batch system ID: 1 and cores: 1, disk: 3.0 Gi, and memory: 2.0 Gi
[2022-05-12T15:11:24+0200] [MainThread] [I] [toil.worker] Redirecting logging to /tmp/5857d4015ad75c709e70dd801dfa2003/72f7/worker_log.txt
[2022-05-12T15:11:25+0200] [MainThread] [I] [toil.worker] Redirecting logging to /tmp/5857d4015ad75c709e70dd801dfa2003/cf84/worker_log.txt
[2022-05-12T15:11:26+0200] [MainThread] [I] [toil.worker] Redirecting logging to /tmp/5857d4015ad75c709e70dd801dfa2003/e578/worker_log.txt
[2022-05-12T15:11:27+0200] [MainThread] [I] [toil.leader] Finished toil run successfully.
[2022-05-12T15:11:27+0200] [MainThread] [I] [toil.common] Successfully deleted the job store: FileJobStore(/tmp/tmpx4k7309g)
</system-err>
		</testcase>
		<testcase name="Test requirements override hints" time="7.361736" class="env_var, workflow" file="requirement_override_hints" url="cwltest:conformance_tests#47">
			<system-out>{
    &quot;out&quot;: {
        &quot;location&quot;: &quot;file:///tmp/tmpupjuq0bq/out&quot;,
        &quot;basename&quot;: &quot;out&quot;,
        &quot;nameroot&quot;: &quot;out&quot;,
        &quot;nameext&quot;: &quot;&quot;,
        &quot;class&quot;: &quot;File&quot;,
        &quot;checksum&quot;: &quot;sha1$cdc1e84968261d6a7575b5305945471f8be199b6&quot;,
        &quot;size&quot;: 9
    }
}</system-out>
			<system-err>[2022-05-12T15:11:23+0200] [MainThread] [I] [cwltool] Resolved 'tests/env-wf2.cwl' to 'file:///home/michael/cwl-v1.1/tests/env-wf2.cwl'
[2022-05-12T15:11:25+0200] [MainThread] [I] [toil.job] Saving graph of 2 jobs, 2 new
[2022-05-12T15:11:25+0200] [MainThread] [I] [toil.job] Processing job 'ResolveIndirect' kind-ResolveIndirect/instance-olm69bax v0
[2022-05-12T15:11:25+0200] [MainThread] [I] [toil.job] Processing job 'CWLWorkflow' kind-CWLWorkflow/instance-qr5q1xvx v0
[2022-05-12T15:11:25+0200] [MainThread] [I] [toil] Running Toil version 5.6.0-c34146a6437e4407a61e946e968bcce67a0ebbca on host mrc-tux.
[2022-05-12T15:11:26+0200] [MainThread] [I] [toil.worker] Redirecting logging to /tmp/c0eba6aade055022a68939a7c75fd8a6/93b6/worker_log.txt
[2022-05-12T15:11:26+0200] [MainThread] [I] [toil.leader] 0 jobs are running, 0 jobs are issued and waiting to run
[2022-05-12T15:11:26+0200] [MainThread] [I] [toil.leader] Issued job 'CWLJob' env-wf2.cwl.step1.env-tool2.cwl kind-CWLJob/instance-ekyhhpxt v1 with job batch system ID: 1 and cores: 1, disk: 3.0 Gi, and memory: 2.0 Gi
[2022-05-12T15:11:26+0200] [MainThread] [I] [toil.worker] Redirecting logging to /tmp/c0eba6aade055022a68939a7c75fd8a6/b6f3/worker_log.txt
[2022-05-12T15:11:27+0200] [MainThread] [I] [toil.worker] Redirecting logging to /tmp/c0eba6aade055022a68939a7c75fd8a6/4244/worker_log.txt
[2022-05-12T15:11:28+0200] [MainThread] [I] [toil.worker] Redirecting logging to /tmp/c0eba6aade055022a68939a7c75fd8a6/c032/worker_log.txt
[2022-05-12T15:11:29+0200] [MainThread] [I] [toil.leader] Finished toil run successfully.
[2022-05-12T15:11:29+0200] [MainThread] [I] [toil.common] Successfully deleted the job store: FileJobStore(/tmp/tmpi1wic5od)
</system-err>
		</testcase>
		<testcase name="Test requirements on workflow steps" time="7.186148" class="env_var, workflow" file="requirement_workflow_steps" url="cwltest:conformance_tests#48">
			<system-out>{
    &quot;out&quot;: {
        &quot;location&quot;: &quot;file:///tmp/tmpqjiv6jdu/out&quot;,
        &quot;basename&quot;: &quot;out&quot;,
        &quot;nameroot&quot;: &quot;out&quot;,
        &quot;nameext&quot;: &quot;&quot;,
        &quot;class&quot;: &quot;File&quot;,
        &quot;checksum&quot;: &quot;sha1$cdc1e84968261d6a7575b5305945471f8be199b6&quot;,
        &quot;size&quot;: 9
    }
}</system-out>
			<system-err>[2022-05-12T15:11:23+0200] [MainThread] [I] [cwltool] Resolved 'tests/env-wf3.cwl' to 'file:///home/michael/cwl-v1.1/tests/env-wf3.cwl'
[2022-05-12T15:11:26+0200] [MainThread] [I] [toil.job] Saving graph of 2 jobs, 2 new
[2022-05-12T15:11:26+0200] [MainThread] [I] [toil.job] Processing job 'ResolveIndirect' kind-ResolveIndirect/instance-egtnrlsj v0
[2022-05-12T15:11:26+0200] [MainThread] [I] [toil.job] Processing job 'CWLWorkflow' kind-CWLWorkflow/instance-bno9otsf v0
[2022-05-12T15:11:26+0200] [MainThread] [I] [toil] Running Toil version 5.6.0-c34146a6437e4407a61e946e968bcce67a0ebbca on host mrc-tux.
[2022-05-12T15:11:26+0200] [MainThread] [I] [toil.worker] Redirecting logging to /tmp/dec429538d9d5af6b6fb9416c05fffa9/117c/worker_log.txt
[2022-05-12T15:11:27+0200] [MainThread] [I] [toil.leader] 0 jobs are running, 0 jobs are issued and waiting to run
[2022-05-12T15:11:27+0200] [MainThread] [I] [toil.leader] Issued job 'CWLJob' env-wf3.cwl.step1.env-tool2.cwl kind-CWLJob/instance-uqseq8fr v1 with job batch system ID: 1 and cores: 1, disk: 3.0 Gi, and memory: 2.0 Gi
[2022-05-12T15:11:27+0200] [MainThread] [I] [toil.worker] Redirecting logging to /tmp/dec429538d9d5af6b6fb9416c05fffa9/86a2/worker_log.txt
[2022-05-12T15:11:28+0200] [MainThread] [I] [toil.worker] Redirecting logging to /tmp/dec429538d9d5af6b6fb9416c05fffa9/4a88/worker_log.txt
[2022-05-12T15:11:28+0200] [MainThread] [I] [toil.worker] Redirecting logging to /tmp/dec429538d9d5af6b6fb9416c05fffa9/5cff/worker_log.txt
[2022-05-12T15:11:30+0200] [MainThread] [I] [toil.leader] Finished toil run successfully.
[2022-05-12T15:11:30+0200] [MainThread] [I] [toil.common] Successfully deleted the job store: FileJobStore(/tmp/tmpdbhamh63)
</system-err>
		</testcase>
		<testcase name="Test default value on step input parameter" time="8.437234" class="inline_javascript, workflow" file="step_input_default_value" url="cwltest:conformance_tests#49">
			<system-out>{
    &quot;count_output&quot;: 16
}</system-out>
			<system-err>[2022-05-12T15:11:28+0200] [MainThread] [I] [cwltool] Resolved 'tests/count-lines9-wf.cwl' to 'file:///home/michael/cwl-v1.1/tests/count-lines9-wf.cwl'
[2022-05-12T15:11:32+0200] [MainThread] [I] [toil.job] Saving graph of 2 jobs, 2 new
[2022-05-12T15:11:32+0200] [MainThread] [I] [toil.job] Processing job 'ResolveIndirect' kind-ResolveIndirect/instance-h6o0n_a3 v0
[2022-05-12T15:11:32+0200] [MainThread] [I] [toil.job] Processing job 'CWLWorkflow' kind-CWLWorkflow/instance-mulh34zc v0
[2022-05-12T15:11:32+0200] [MainThread] [I] [toil] Running Toil version 5.6.0-c34146a6437e4407a61e946e968bcce67a0ebbca on host mrc-tux.
[2022-05-12T15:11:32+0200] [MainThread] [I] [toil.worker] Redirecting logging to /tmp/c395554f36395eed9ff5229252fce9a1/ebf8/worker_log.txt
[2022-05-12T15:11:32+0200] [MainThread] [I] [toil.leader] 0 jobs are running, 0 jobs are issued and waiting to run
[2022-05-12T15:11:32+0200] [MainThread] [I] [toil.leader] Issued job 'CWLJob' count-lines9-wf.cwl.step1.wc-tool.cwl kind-CWLJob/instance-k5wi55cm v1 with job batch system ID: 1 and cores: 1, disk: 3.0 Gi, and memory: 2.0 Gi
[2022-05-12T15:11:33+0200] [MainThread] [I] [toil.worker] Redirecting logging to /tmp/c395554f36395eed9ff5229252fce9a1/8835/worker_log.txt
[2022-05-12T15:11:34+0200] [MainThread] [I] [toil.worker] Redirecting logging to /tmp/c395554f36395eed9ff5229252fce9a1/76bd/worker_log.txt
[2022-05-12T15:11:34+0200] [MainThread] [I] [toil.worker] Redirecting logging to /tmp/c395554f36395eed9ff5229252fce9a1/9014/worker_log.txt
[2022-05-12T15:11:36+0200] [MainThread] [I] [toil.leader] Finished toil run successfully.
[2022-05-12T15:11:36+0200] [MainThread] [I] [toil.common] Successfully deleted the job store: FileJobStore(/tmp/tmp6vfcls23)
</system-err>
		</testcase>
		<testcase name="Test use default value on step input parameter with empty source" time="8.475884" class="inline_javascript, workflow" file="step_input_default_value_nosource" url="cwltest:conformance_tests#50">
			<system-out>{
    &quot;count_output&quot;: 16
}</system-out>
			<system-err>[2022-05-12T15:11:30+0200] [MainThread] [I] [cwltool] Resolved 'tests/count-lines11-wf.cwl' to 'file:///home/michael/cwl-v1.1/tests/count-lines11-wf.cwl'
[2022-05-12T15:11:34+0200] [MainThread] [W] [cwltool] Workflow checker warning:
tests/count-lines11-wf.cwl:6:3:  Source 'file1' of type [&quot;null&quot;, &quot;File&quot;] may be incompatible
tests/count-lines11-wf.cwl:17:7:   with sink 'file1' of type &quot;File&quot;
[2022-05-12T15:11:34+0200] [MainThread] [I] [toil.job] Saving graph of 2 jobs, 2 new
[2022-05-12T15:11:34+0200] [MainThread] [I] [toil.job] Processing job 'ResolveIndirect' kind-ResolveIndirect/instance-z0ug18fk v0
[2022-05-12T15:11:34+0200] [MainThread] [I] [toil.job] Processing job 'CWLWorkflow' kind-CWLWorkflow/instance-dzkej6js v0
[2022-05-12T15:11:34+0200] [MainThread] [I] [toil] Running Toil version 5.6.0-c34146a6437e4407a61e946e968bcce67a0ebbca on host mrc-tux.
[2022-05-12T15:11:34+0200] [MainThread] [I] [toil.worker] Redirecting logging to /tmp/e3780fa34e205a3f90ecf72812791eb6/f486/worker_log.txt
[2022-05-12T15:11:35+0200] [MainThread] [I] [toil.leader] 0 jobs are running, 0 jobs are issued and waiting to run
[2022-05-12T15:11:35+0200] [MainThread] [I] [toil.leader] Issued job 'CWLJob' count-lines11-wf.cwl.step1.wc-tool.cwl kind-CWLJob/instance-2v5o20uq v1 with job batch system ID: 1 and cores: 1, disk: 3.0 Gi, and memory: 2.0 Gi
[2022-05-12T15:11:35+0200] [MainThread] [I] [toil.worker] Redirecting logging to /tmp/e3780fa34e205a3f90ecf72812791eb6/5626/worker_log.txt
[2022-05-12T15:11:36+0200] [MainThread] [I] [toil.worker] Redirecting logging to /tmp/e3780fa34e205a3f90ecf72812791eb6/33da/worker_log.txt
[2022-05-12T15:11:36+0200] [MainThread] [I] [toil.worker] Redirecting logging to /tmp/e3780fa34e205a3f90ecf72812791eb6/67bb/worker_log.txt
[2022-05-12T15:11:38+0200] [MainThread] [I] [toil.leader] Finished toil run successfully.
[2022-05-12T15:11:38+0200] [MainThread] [I] [toil.common] Successfully deleted the job store: FileJobStore(/tmp/tmpgrr7a53v)
</system-err>
		</testcase>
		<testcase name="Test use default value on step input parameter with null source" time="8.772826" class="inline_javascript, workflow" file="step_input_default_value_nullsource" url="cwltest:conformance_tests#51">
			<system-out>{
    &quot;count_output&quot;: 16
}</system-out>
			<system-err>[2022-05-12T15:11:31+0200] [MainThread] [I] [cwltool] Resolved 'tests/count-lines11-wf.cwl' to 'file:///home/michael/cwl-v1.1/tests/count-lines11-wf.cwl'
[2022-05-12T15:11:35+0200] [MainThread] [W] [cwltool] Workflow checker warning:
tests/count-lines11-wf.cwl:6:3:  Source 'file1' of type [&quot;null&quot;, &quot;File&quot;] may be incompatible
tests/count-lines11-wf.cwl:17:7:   with sink 'file1' of type &quot;File&quot;
[2022-05-12T15:11:35+0200] [MainThread] [I] [toil.job] Saving graph of 2 jobs, 2 new
[2022-05-12T15:11:35+0200] [MainThread] [I] [toil.job] Processing job 'ResolveIndirect' kind-ResolveIndirect/instance-c8qj25bd v0
[2022-05-12T15:11:35+0200] [MainThread] [I] [toil.job] Processing job 'CWLWorkflow' kind-CWLWorkflow/instance-kwxg2e6s v0
[2022-05-12T15:11:35+0200] [MainThread] [I] [toil] Running Toil version 5.6.0-c34146a6437e4407a61e946e968bcce67a0ebbca on host mrc-tux.
[2022-05-12T15:11:35+0200] [MainThread] [I] [toil.worker] Redirecting logging to /tmp/6f714744ce345df3a1e92552303ef0e2/8836/worker_log.txt
[2022-05-12T15:11:35+0200] [MainThread] [I] [toil.leader] 0 jobs are running, 0 jobs are issued and waiting to run
[2022-05-12T15:11:35+0200] [MainThread] [I] [toil.leader] Issued job 'CWLJob' count-lines11-wf.cwl.step1.wc-tool.cwl kind-CWLJob/instance-xf4dqbte v1 with job batch system ID: 1 and cores: 1, disk: 3.0 Gi, and memory: 2.0 Gi
[2022-05-12T15:11:36+0200] [MainThread] [I] [toil.worker] Redirecting logging to /tmp/6f714744ce345df3a1e92552303ef0e2/7454/worker_log.txt
[2022-05-12T15:11:37+0200] [MainThread] [I] [toil.worker] Redirecting logging to /tmp/6f714744ce345df3a1e92552303ef0e2/ba1d/worker_log.txt
[2022-05-12T15:11:37+0200] [MainThread] [I] [toil.worker] Redirecting logging to /tmp/6f714744ce345df3a1e92552303ef0e2/0a5f/worker_log.txt
[2022-05-12T15:11:39+0200] [MainThread] [I] [toil.leader] Finished toil run successfully.
[2022-05-12T15:11:39+0200] [MainThread] [I] [toil.common] Successfully deleted the job store: FileJobStore(/tmp/tmpufg0og4k)
</system-err>
		</testcase>
		<testcase name="Test default value on step input parameter overridden by provided source" time="8.793826" class="inline_javascript, workflow" file="step_input_default_value_overriden" url="cwltest:conformance_tests#52">
			<system-out>{
    &quot;count_output&quot;: 1
}</system-out>
			<system-err>[2022-05-12T15:11:31+0200] [MainThread] [I] [cwltool] Resolved 'tests/count-lines11-wf.cwl' to 'file:///home/michael/cwl-v1.1/tests/count-lines11-wf.cwl'
[2022-05-12T15:11:35+0200] [MainThread] [W] [cwltool] Workflow checker warning:
tests/count-lines11-wf.cwl:6:3:  Source 'file1' of type [&quot;null&quot;, &quot;File&quot;] may be incompatible
tests/count-lines11-wf.cwl:17:7:   with sink 'file1' of type &quot;File&quot;
[2022-05-12T15:11:35+0200] [MainThread] [I] [toil.job] Saving graph of 2 jobs, 2 new
[2022-05-12T15:11:35+0200] [MainThread] [I] [toil.job] Processing job 'ResolveIndirect' kind-ResolveIndirect/instance-dpzqtpkb v0
[2022-05-12T15:11:35+0200] [MainThread] [I] [toil.job] Processing job 'CWLWorkflow' kind-CWLWorkflow/instance-v35gkx87 v0
[2022-05-12T15:11:35+0200] [MainThread] [I] [toil] Running Toil version 5.6.0-c34146a6437e4407a61e946e968bcce67a0ebbca on host mrc-tux.
[2022-05-12T15:11:35+0200] [MainThread] [I] [toil.worker] Redirecting logging to /tmp/eb45ea4e980158ca806fcbe14f7a1ce2/ab4e/worker_log.txt
[2022-05-12T15:11:35+0200] [MainThread] [I] [toil.leader] 0 jobs are running, 0 jobs are issued and waiting to run
[2022-05-12T15:11:35+0200] [MainThread] [I] [toil.leader] Issued job 'CWLJob' count-lines11-wf.cwl.step1.wc-tool.cwl kind-CWLJob/instance-n0mc04l3 v1 with job batch system ID: 1 and cores: 1, disk: 3.0 Gi, and memory: 2.0 Gi
[2022-05-12T15:11:36+0200] [MainThread] [I] [toil.worker] Redirecting logging to /tmp/eb45ea4e980158ca806fcbe14f7a1ce2/7ae8/worker_log.txt
[2022-05-12T15:11:37+0200] [MainThread] [I] [toil.worker] Redirecting logging to /tmp/eb45ea4e980158ca806fcbe14f7a1ce2/1b08/worker_log.txt
[2022-05-12T15:11:37+0200] [MainThread] [I] [toil.worker] Redirecting logging to /tmp/eb45ea4e980158ca806fcbe14f7a1ce2/57ca/worker_log.txt
[2022-05-12T15:11:39+0200] [MainThread] [I] [toil.leader] Finished toil run successfully.
[2022-05-12T15:11:39+0200] [MainThread] [I] [toil.common] Successfully deleted the job store: FileJobStore(/tmp/tmpywbidqny)
</system-err>
		</testcase>
		<testcase name="Test simple workflow" time="11.051025" class="required, workflow" file="wf_simple" url="cwltest:conformance_tests#53">
			<system-out>{
    &quot;output&quot;: {
        &quot;location&quot;: &quot;file:///tmp/tmpjvgjw0tr/output.txt&quot;,
        &quot;basename&quot;: &quot;output.txt&quot;,
        &quot;nameroot&quot;: &quot;output&quot;,
        &quot;nameext&quot;: &quot;.txt&quot;,
        &quot;class&quot;: &quot;File&quot;,
        &quot;checksum&quot;: &quot;sha1$b9214658cc453331b62c2282b772a5c063dbd284&quot;,
        &quot;size&quot;: 1111
    }
}</system-out>
			<system-err>[2022-05-12T15:11:37+0200] [MainThread] [I] [cwltool] Resolved 'tests/revsort.cwl' to 'file:///home/michael/cwl-v1.1/tests/revsort.cwl'
[2022-05-12T15:11:40+0200] [MainThread] [I] [toil.job] Saving graph of 2 jobs, 2 new
[2022-05-12T15:11:40+0200] [MainThread] [I] [toil.job] Processing job 'ResolveIndirect' kind-ResolveIndirect/instance-51y1zxv9 v0
[2022-05-12T15:11:40+0200] [MainThread] [I] [toil.job] Processing job 'CWLWorkflow' kind-CWLWorkflow/instance-ynk1z3_n v0
[2022-05-12T15:11:40+0200] [MainThread] [I] [toil] Running Toil version 5.6.0-c34146a6437e4407a61e946e968bcce67a0ebbca on host mrc-tux.
[2022-05-12T15:11:40+0200] [MainThread] [I] [toil.worker] Redirecting logging to /tmp/21c4a39eb8be5e96bf010f930bf8e039/7e01/worker_log.txt
[2022-05-12T15:11:40+0200] [MainThread] [I] [toil.leader] 0 jobs are running, 0 jobs are issued and waiting to run
[2022-05-12T15:11:40+0200] [MainThread] [I] [toil.leader] Issued job 'CWLJob' revsort.cwl.rev.revtool.cwl kind-CWLJob/instance-p0wwgdbt v1 with job batch system ID: 1 and cores: 1, disk: 3.0 Gi, and memory: 2.0 Gi
[2022-05-12T15:11:41+0200] [MainThread] [I] [toil.worker] Redirecting logging to /tmp/21c4a39eb8be5e96bf010f930bf8e039/4426/worker_log.txt
[2022-05-12T15:11:42+0200] [MainThread] [I] [toil.leader] Issued job 'CWLJob' revsort.cwl.sorted.sorttool.cwl kind-CWLJob/instance-_8i7pp_d v1 with job batch system ID: 2 and cores: 1, disk: 3.0 Gi, and memory: 2.0 Gi
[2022-05-12T15:11:42+0200] [MainThread] [I] [toil.worker] Redirecting logging to /tmp/21c4a39eb8be5e96bf010f930bf8e039/1d40/worker_log.txt
[2022-05-12T15:11:44+0200] [MainThread] [I] [toil.leader] Issued job 'CWLJob' revsort.cwl.rev.revtool.cwl kind-CWLJob/instance-p0wwgdbt v2 with job batch system ID: 3 and cores: 1, disk: 3.0 Gi, and memory: 2.0 Gi
[2022-05-12T15:11:44+0200] [MainThread] [I] [toil.worker] Redirecting logging to /tmp/21c4a39eb8be5e96bf010f930bf8e039/c840/worker_log.txt
[2022-05-12T15:11:45+0200] [MainThread] [I] [toil.worker] Redirecting logging to /tmp/21c4a39eb8be5e96bf010f930bf8e039/dfa4/worker_log.txt
[2022-05-12T15:11:45+0200] [MainThread] [I] [toil.worker] Redirecting logging to /tmp/21c4a39eb8be5e96bf010f930bf8e039/0e05/worker_log.txt
[2022-05-12T15:11:47+0200] [MainThread] [I] [toil.leader] Finished toil run successfully.
[2022-05-12T15:11:47+0200] [MainThread] [I] [toil.common] Successfully deleted the job store: FileJobStore(/tmp/tmpwie1x7ej)
</system-err>
		</testcase>
		<testcase name="Test unknown hints are ignored." time="5.683088" class="required, command_line_tool" file="hints_unknown_ignored" url="cwltest:conformance_tests#54">
			<system-out>{
    &quot;output_file&quot;: {
        &quot;location&quot;: &quot;file:///tmp/tmp0fk63zpz/output.txt&quot;,
        &quot;basename&quot;: &quot;output.txt&quot;,
        &quot;nameroot&quot;: &quot;output&quot;,
        &quot;nameext&quot;: &quot;.txt&quot;,
        &quot;class&quot;: &quot;File&quot;,
        &quot;checksum&quot;: &quot;sha1$47a013e660d408619d894b20806b1d5086aab03b&quot;,
        &quot;size&quot;: 13
    }
}</system-out>
			<system-err>[2022-05-12T15:11:38+0200] [MainThread] [I] [cwltool] Resolved 'tests/cat5-tool.cwl' to 'file:///home/michael/cwl-v1.1/tests/cat5-tool.cwl'
[2022-05-12T15:11:40+0200] [MainThread] [I] [cwltool] tests/cat5-tool.cwl:10:3: Unknown hint http://example.com/BlibberBlubberFakeRequirement
[2022-05-12T15:11:40+0200] [MainThread] [I] [toil.job] Saving graph of 1 jobs, 1 new
[2022-05-12T15:11:40+0200] [MainThread] [I] [toil.job] Processing job 'CWLJob' cat5-tool.cwl kind-CWLJob/instance-49d9b8k9 v0
[2022-05-12T15:11:40+0200] [MainThread] [I] [toil] Running Toil version 5.6.0-c34146a6437e4407a61e946e968bcce67a0ebbca on host mrc-tux.
[2022-05-12T15:11:40+0200] [MainThread] [I] [toil.leader] Issued job 'CWLJob' cat5-tool.cwl kind-CWLJob/instance-49d9b8k9 v1 with job batch system ID: 0 and cores: 1, disk: 3.0 Gi, and memory: 2.0 Gi
[2022-05-12T15:11:41+0200] [MainThread] [I] [toil.worker] Redirecting logging to /tmp/70ae20d05e665f5b9a029d8f77fd7a0a/c0fa/worker_log.txt
[2022-05-12T15:11:42+0200] [MainThread] [I] [toil.leader] 0 jobs are running, 0 jobs are issued and waiting to run
[2022-05-12T15:11:43+0200] [MainThread] [I] [toil.leader] Finished toil run successfully.
[2022-05-12T15:11:43+0200] [MainThread] [I] [toil.common] Successfully deleted the job store: FileJobStore(/tmp/tmpn1w1g9zq)
</system-err>
		</testcase>
		<testcase name="Test InitialWorkDirRequirement linking input files and capturing secondaryFiles on input and output. Also tests the use of a variety of parameter references and expressions in the secondaryFiles field." time="12.450549" class="initial_work_dir, inline_javascript, command_line_tool" file="initial_workdir_secondary_files_expr" url="cwltest:conformance_tests#55">
			<system-out>{
    &quot;indexedfile&quot;: {
        &quot;location&quot;: &quot;file:///tmp/tmplqwqa68w/input.txt&quot;,
        &quot;basename&quot;: &quot;input.txt&quot;,
        &quot;nameroot&quot;: &quot;input&quot;,
        &quot;nameext&quot;: &quot;.txt&quot;,
        &quot;class&quot;: &quot;File&quot;,
        &quot;checksum&quot;: &quot;sha1$327fc7aedf4f6b69a42a7c8b808dc5a7aff61376&quot;,
        &quot;size&quot;: 1111,
        &quot;secondaryFiles&quot;: [
            {
                &quot;basename&quot;: &quot;input.txt.idx1&quot;,
                &quot;location&quot;: &quot;file:///tmp/tmplqwqa68w/input.txt.idx1&quot;,
                &quot;class&quot;: &quot;File&quot;,
                &quot;nameroot&quot;: &quot;input.txt&quot;,
                &quot;nameext&quot;: &quot;.idx1&quot;,
                &quot;checksum&quot;: &quot;sha1$1f6fe811644355974cdd06d9eb695d6e859f3b44&quot;,
                &quot;size&quot;: 1500
            },
            {
                &quot;basename&quot;: &quot;input.idx2&quot;,
                &quot;location&quot;: &quot;file:///tmp/tmplqwqa68w/input.idx2&quot;,
                &quot;class&quot;: &quot;File&quot;,
                &quot;nameroot&quot;: &quot;input&quot;,
                &quot;nameext&quot;: &quot;.idx2&quot;,
                &quot;checksum&quot;: &quot;sha1$da39a3ee5e6b4b0d3255bfef95601890afd80709&quot;,
                &quot;size&quot;: 0
            },
            {
                &quot;basename&quot;: &quot;input.txt.idx3&quot;,
                &quot;location&quot;: &quot;file:///tmp/tmplqwqa68w/input.txt.idx3&quot;,
                &quot;class&quot;: &quot;File&quot;,
                &quot;nameroot&quot;: &quot;input.txt&quot;,
                &quot;nameext&quot;: &quot;.idx3&quot;,
                &quot;checksum&quot;: &quot;sha1$da39a3ee5e6b4b0d3255bfef95601890afd80709&quot;,
                &quot;size&quot;: 0
            },
            {
                &quot;basename&quot;: &quot;input.txt.idx4&quot;,
                &quot;location&quot;: &quot;file:///tmp/tmplqwqa68w/input.txt.idx4&quot;,
                &quot;class&quot;: &quot;File&quot;,
                &quot;nameroot&quot;: &quot;input.txt&quot;,
                &quot;nameext&quot;: &quot;.idx4&quot;,
                &quot;checksum&quot;: &quot;sha1$da39a3ee5e6b4b0d3255bfef95601890afd80709&quot;,
                &quot;size&quot;: 0
            },
            {
                &quot;class&quot;: &quot;File&quot;,
                &quot;basename&quot;: &quot;input.txt.idx5&quot;,
                &quot;location&quot;: &quot;file:///tmp/tmplqwqa68w/input.txt.idx5&quot;,
                &quot;nameroot&quot;: &quot;input.txt&quot;,
                &quot;nameext&quot;: &quot;.idx5&quot;,
                &quot;checksum&quot;: &quot;sha1$da39a3ee5e6b4b0d3255bfef95601890afd80709&quot;,
                &quot;size&quot;: 0
            },
            {
                &quot;basename&quot;: &quot;input.idx6.txt&quot;,
                &quot;location&quot;: &quot;file:///tmp/tmplqwqa68w/input.idx6.txt&quot;,
                &quot;class&quot;: &quot;File&quot;,
                &quot;nameroot&quot;: &quot;input.idx6&quot;,
                &quot;nameext&quot;: &quot;.txt&quot;,
                &quot;checksum&quot;: &quot;sha1$da39a3ee5e6b4b0d3255bfef95601890afd80709&quot;,
                &quot;size&quot;: 0
            },
            {
                &quot;basename&quot;: &quot;input.txt.idx7&quot;,
                &quot;location&quot;: &quot;file:///tmp/tmplqwqa68w/input.txt.idx7&quot;,
                &quot;class&quot;: &quot;File&quot;,
                &quot;nameroot&quot;: &quot;input.txt&quot;,
                &quot;nameext&quot;: &quot;.idx7&quot;,
                &quot;checksum&quot;: &quot;sha1$da39a3ee5e6b4b0d3255bfef95601890afd80709&quot;,
                &quot;size&quot;: 0
            },
            {
                &quot;class&quot;: &quot;File&quot;,
                &quot;location&quot;: &quot;file:///tmp/tmplqwqa68w/hello.txt&quot;,
                &quot;size&quot;: 13,
                &quot;basename&quot;: &quot;hello.txt&quot;,
                &quot;nameroot&quot;: &quot;hello&quot;,
                &quot;nameext&quot;: &quot;.txt&quot;,
                &quot;streamable&quot;: false,
                &quot;checksum&quot;: &quot;sha1$47a013e660d408619d894b20806b1d5086aab03b&quot;
            },
            {
                &quot;basename&quot;: &quot;input.txt_idx8&quot;,
                &quot;location&quot;: &quot;file:///tmp/tmplqwqa68w/input.txt_idx8&quot;,
                &quot;class&quot;: &quot;Directory&quot;,
                &quot;listing&quot;: [
                    {
                        &quot;class&quot;: &quot;File&quot;,
                        &quot;location&quot;: &quot;file:///tmp/tmplqwqa68w/input.txt_idx8/index&quot;,
                        &quot;basename&quot;: &quot;index&quot;,
                        &quot;size&quot;: 0,
                        &quot;nameroot&quot;: &quot;index&quot;,
                        &quot;nameext&quot;: &quot;&quot;,
                        &quot;checksum&quot;: &quot;sha1$da39a3ee5e6b4b0d3255bfef95601890afd80709&quot;
                    }
                ]
            }
        ]
    },
    &quot;outfile&quot;: {
        &quot;location&quot;: &quot;file:///tmp/tmplqwqa68w/result.txt&quot;,
        &quot;basename&quot;: &quot;result.txt&quot;,
        &quot;nameroot&quot;: &quot;result&quot;,
        &quot;nameext&quot;: &quot;.txt&quot;,
        &quot;class&quot;: &quot;File&quot;,
        &quot;checksum&quot;: &quot;sha1$e2dc9daaef945ac15f01c238ed2f1660f60909a0&quot;,
        &quot;size&quot;: 142
    }
}</system-out>
			<system-err>[2022-05-12T15:11:39+0200] [MainThread] [I] [cwltool] Resolved 'tests/search.cwl#main' to 'file:///home/michael/cwl-v1.1/tests/search.cwl#main'
[2022-05-12T15:11:43+0200] [MainThread] [W] [cwltool] Workflow checker warning:
tests/search.cwl:103:13: Source 'result' of type &quot;File&quot; may be incompatible
tests/search.cwl:108:9:    with sink 'file' of type &quot;File&quot;
[2022-05-12T15:11:43+0200] [MainThread] [I] [toil.job] Saving graph of 2 jobs, 2 new
[2022-05-12T15:11:43+0200] [MainThread] [I] [toil.job] Processing job 'ResolveIndirect' kind-ResolveIndirect/instance-ubr5pism v0
[2022-05-12T15:11:43+0200] [MainThread] [I] [toil.job] Processing job 'CWLWorkflow' kind-CWLWorkflow/instance-tgam1kc3 v0
[2022-05-12T15:11:43+0200] [MainThread] [I] [toil] Running Toil version 5.6.0-c34146a6437e4407a61e946e968bcce67a0ebbca on host mrc-tux.
[2022-05-12T15:11:44+0200] [MainThread] [I] [toil.worker] Redirecting logging to /tmp/006dcfe751775bdd9f03928e5913710d/43c7/worker_log.txt
[2022-05-12T15:11:44+0200] [MainThread] [I] [toil.leader] 0 jobs are running, 0 jobs are issued and waiting to run
[2022-05-12T15:11:44+0200] [MainThread] [I] [toil.leader] Issued job 'CWLJob' main.index.index kind-CWLJob/instance-q59p6l2q v1 with job batch system ID: 1 and cores: 1, disk: 3.0 Gi, and memory: 2.0 Gi
[2022-05-12T15:11:44+0200] [MainThread] [I] [toil.worker] Redirecting logging to /tmp/006dcfe751775bdd9f03928e5913710d/737e/worker_log.txt
[2022-05-12T15:11:46+0200] [MainThread] [I] [toil.leader] Issued job 'CWLJob' main.search.search kind-CWLJob/instance-pvor16gn v1 with job batch system ID: 2 and cores: 1, disk: 3.0 Gi, and memory: 2.0 Gi
[2022-05-12T15:11:46+0200] [MainThread] [I] [toil.worker] Redirecting logging to /tmp/006dcfe751775bdd9f03928e5913710d/f8ec/worker_log.txt
[2022-05-12T15:11:47+0200] [MainThread] [I] [toil.leader] Issued job 'CWLJob' main.index.index kind-CWLJob/instance-q59p6l2q v2 with job batch system ID: 3 and cores: 1, disk: 3.0 Gi, and memory: 2.0 Gi
[2022-05-12T15:11:48+0200] [MainThread] [I] [toil.worker] Redirecting logging to /tmp/006dcfe751775bdd9f03928e5913710d/6e25/worker_log.txt
[2022-05-12T15:11:48+0200] [MainThread] [I] [toil.worker] Redirecting logging to /tmp/006dcfe751775bdd9f03928e5913710d/c05c/worker_log.txt
[2022-05-12T15:11:49+0200] [MainThread] [I] [toil.worker] Redirecting logging to /tmp/006dcfe751775bdd9f03928e5913710d/923c/worker_log.txt
[2022-05-12T15:11:51+0200] [MainThread] [I] [toil.leader] Finished toil run successfully.
[2022-05-12T15:11:51+0200] [MainThread] [I] [toil.common] Successfully deleted the job store: FileJobStore(/tmp/tmpnszps6uf)
</system-err>
		</testcase>
		<testcase name="Test InitialWorkDirRequirement with expression in filename." time="4.435996" class="initial_work_dir, command_line_tool" file="rename" url="cwltest:conformance_tests#56">
			<system-out>{
    &quot;outfile&quot;: {
        &quot;location&quot;: &quot;file:///tmp/tmpw7lvnx_i/fish.txt&quot;,
        &quot;basename&quot;: &quot;fish.txt&quot;,
        &quot;nameroot&quot;: &quot;fish&quot;,
        &quot;nameext&quot;: &quot;.txt&quot;,
        &quot;class&quot;: &quot;File&quot;,
        &quot;checksum&quot;: &quot;sha1$327fc7aedf4f6b69a42a7c8b808dc5a7aff61376&quot;,
        &quot;size&quot;: 1111
    }
}</system-out>
			<system-err>[2022-05-12T15:11:40+0200] [MainThread] [I] [cwltool] Resolved 'tests/rename.cwl' to 'file:///home/michael/cwl-v1.1/tests/rename.cwl'
[2022-05-12T15:11:41+0200] [MainThread] [I] [toil.job] Saving graph of 1 jobs, 1 new
[2022-05-12T15:11:41+0200] [MainThread] [I] [toil.job] Processing job 'CWLJob' rename.cwl kind-CWLJob/instance-ign2933g v0
[2022-05-12T15:11:41+0200] [MainThread] [I] [toil] Running Toil version 5.6.0-c34146a6437e4407a61e946e968bcce67a0ebbca on host mrc-tux.
[2022-05-12T15:11:41+0200] [MainThread] [I] [toil.leader] Issued job 'CWLJob' rename.cwl kind-CWLJob/instance-ign2933g v1 with job batch system ID: 0 and cores: 1, disk: 3.0 Gi, and memory: 2.0 Gi
[2022-05-12T15:11:42+0200] [MainThread] [I] [toil.worker] Redirecting logging to /tmp/47d79a1c3d7f5891aa8362a74ba62c89/37e7/worker_log.txt
[2022-05-12T15:11:42+0200] [MainThread] [I] [toil.leader] 0 jobs are running, 0 jobs are issued and waiting to run
[2022-05-12T15:11:43+0200] [MainThread] [I] [toil.leader] Finished toil run successfully.
[2022-05-12T15:11:43+0200] [MainThread] [I] [toil.common] Successfully deleted the job store: FileJobStore(/tmp/tmp78ijp8z0)
</system-err>
		</testcase>
		<testcase name="Test if trailing newline is present in file entry in InitialWorkDir" time="4.439300" class="initial_work_dir, command_line_tool" file="initial_workdir_trailingnl" url="cwltest:conformance_tests#57">
			<system-out>{
    &quot;out&quot;: {
        &quot;location&quot;: &quot;file:///tmp/tmplvo06men/example.conf&quot;,
        &quot;basename&quot;: &quot;example.conf&quot;,
        &quot;nameroot&quot;: &quot;example&quot;,
        &quot;nameext&quot;: &quot;.conf&quot;,
        &quot;class&quot;: &quot;File&quot;,
        &quot;checksum&quot;: &quot;sha1$6a47aa22b2a9d13a66a24b3ee5eaed95ce4753cf&quot;,
        &quot;size&quot;: 16
    }
}</system-out>
			<system-err>[2022-05-12T15:11:44+0200] [MainThread] [I] [cwltool] Resolved 'tests/iwdr-entry.cwl' to 'file:///home/michael/cwl-v1.1/tests/iwdr-entry.cwl'
[2022-05-12T15:11:46+0200] [MainThread] [I] [toil.job] Saving graph of 1 jobs, 1 new
[2022-05-12T15:11:46+0200] [MainThread] [I] [toil.job] Processing job 'CWLJob' iwdr-entry.cwl kind-CWLJob/instance-6vujp36b v0
[2022-05-12T15:11:46+0200] [MainThread] [I] [toil] Running Toil version 5.6.0-c34146a6437e4407a61e946e968bcce67a0ebbca on host mrc-tux.
[2022-05-12T15:11:46+0200] [MainThread] [I] [toil.leader] Issued job 'CWLJob' iwdr-entry.cwl kind-CWLJob/instance-6vujp36b v1 with job batch system ID: 0 and cores: 1, disk: 3.0 Gi, and memory: 2.0 Gi
[2022-05-12T15:11:46+0200] [MainThread] [I] [toil.worker] Redirecting logging to /tmp/cb33b6141f8455ddb56649305178113b/d54c/worker_log.txt
[2022-05-12T15:11:46+0200] [MainThread] [I] [toil.leader] 0 jobs are running, 0 jobs are issued and waiting to run
[2022-05-12T15:11:48+0200] [MainThread] [I] [toil.leader] Finished toil run successfully.
[2022-05-12T15:11:48+0200] [MainThread] [I] [toil.common] Successfully deleted the job store: FileJobStore(/tmp/tmp6japkeuo)
</system-err>
		</testcase>
		<testcase name="Test inline expressions" time="5.397659" class="inline_javascript, command_line_tool" file="inline_expressions" url="cwltest:conformance_tests#58">
			<system-out>{
    &quot;output&quot;: 16
}</system-out>
			<system-err>[2022-05-12T15:11:44+0200] [MainThread] [I] [cwltool] Resolved 'tests/wc4-tool.cwl' to 'file:///home/michael/cwl-v1.1/tests/wc4-tool.cwl'
[2022-05-12T15:11:46+0200] [MainThread] [I] [toil.job] Saving graph of 1 jobs, 1 new
[2022-05-12T15:11:46+0200] [MainThread] [I] [toil.job] Processing job 'CWLJob' wc4-tool.cwl kind-CWLJob/instance-5bap46p9 v0
[2022-05-12T15:11:46+0200] [MainThread] [I] [toil] Running Toil version 5.6.0-c34146a6437e4407a61e946e968bcce67a0ebbca on host mrc-tux.
[2022-05-12T15:11:46+0200] [MainThread] [I] [toil.leader] Issued job 'CWLJob' wc4-tool.cwl kind-CWLJob/instance-5bap46p9 v1 with job batch system ID: 0 and cores: 1, disk: 3.0 Gi, and memory: 2.0 Gi
[2022-05-12T15:11:47+0200] [MainThread] [I] [toil.worker] Redirecting logging to /tmp/5a5faee99645558fa6b5a3d195e882a6/19ff/worker_log.txt
[2022-05-12T15:11:47+0200] [MainThread] [I] [toil.leader] 0 jobs are running, 0 jobs are issued and waiting to run
[2022-05-12T15:11:49+0200] [MainThread] [I] [toil.leader] Finished toil run successfully.
[2022-05-12T15:11:49+0200] [MainThread] [I] [toil.common] Successfully deleted the job store: FileJobStore(/tmp/tmpl7rq6und)
</system-err>
		</testcase>
		<testcase name="Test SchemaDefRequirement definition used in tool parameter" time="4.233494" class="schema_def, command_line_tool" file="schemadef_req_tool_param" url="cwltest:conformance_tests#59">
			<system-out>{
    &quot;output&quot;: {
        &quot;location&quot;: &quot;file:///tmp/tmpnlzb0n6p/output.txt&quot;,
        &quot;basename&quot;: &quot;output.txt&quot;,
        &quot;nameroot&quot;: &quot;output&quot;,
        &quot;nameext&quot;: &quot;.txt&quot;,
        &quot;class&quot;: &quot;File&quot;,
        &quot;checksum&quot;: &quot;sha1$f12e6cfe70f3253f70b0dbde17c692e7fb0f1e5e&quot;,
        &quot;size&quot;: 12
    }
}</system-out>
			<system-err>[2022-05-12T15:11:48+0200] [MainThread] [I] [cwltool] Resolved 'tests/schemadef-tool.cwl' to 'file:///home/michael/cwl-v1.1/tests/schemadef-tool.cwl'
[2022-05-12T15:11:49+0200] [MainThread] [I] [toil.job] Saving graph of 1 jobs, 1 new
[2022-05-12T15:11:49+0200] [MainThread] [I] [toil.job] Processing job 'CWLJob' schemadef-tool.cwl kind-CWLJob/instance-n_eh231q v0
[2022-05-12T15:11:49+0200] [MainThread] [I] [toil] Running Toil version 5.6.0-c34146a6437e4407a61e946e968bcce67a0ebbca on host mrc-tux.
[2022-05-12T15:11:49+0200] [MainThread] [I] [toil.leader] Issued job 'CWLJob' schemadef-tool.cwl kind-CWLJob/instance-n_eh231q v1 with job batch system ID: 0 and cores: 1, disk: 3.0 Gi, and memory: 2.0 Gi
[2022-05-12T15:11:50+0200] [MainThread] [I] [toil.worker] Redirecting logging to /tmp/00be590673825b7f9cc62a53e496ebc3/ffb4/worker_log.txt
[2022-05-12T15:11:50+0200] [MainThread] [I] [toil.leader] 0 jobs are running, 0 jobs are issued and waiting to run
[2022-05-12T15:11:51+0200] [MainThread] [I] [toil.leader] Finished toil run successfully.
[2022-05-12T15:11:51+0200] [MainThread] [I] [toil.common] Successfully deleted the job store: FileJobStore(/tmp/tmp_bg5hfif)
</system-err>
		</testcase>
		<testcase name="Test SchemaDefRequirement definition used in workflow parameter" time="7.216219" class="schema_def, workflow" file="schemadef_req_wf_param" url="cwltest:conformance_tests#60">
			<system-out>{
    &quot;output&quot;: {
        &quot;location&quot;: &quot;file:///tmp/tmp2373d3i1/output.txt&quot;,
        &quot;basename&quot;: &quot;output.txt&quot;,
        &quot;nameroot&quot;: &quot;output&quot;,
        &quot;nameext&quot;: &quot;.txt&quot;,
        &quot;class&quot;: &quot;File&quot;,
        &quot;checksum&quot;: &quot;sha1$f12e6cfe70f3253f70b0dbde17c692e7fb0f1e5e&quot;,
        &quot;size&quot;: 12
    }
}</system-out>
			<system-err>[2022-05-12T15:11:48+0200] [MainThread] [I] [cwltool] Resolved 'tests/schemadef-wf.cwl' to 'file:///home/michael/cwl-v1.1/tests/schemadef-wf.cwl'
[2022-05-12T15:11:51+0200] [MainThread] [I] [toil.job] Saving graph of 2 jobs, 2 new
[2022-05-12T15:11:51+0200] [MainThread] [I] [toil.job] Processing job 'ResolveIndirect' kind-ResolveIndirect/instance-mk_byxis v0
[2022-05-12T15:11:51+0200] [MainThread] [I] [toil.job] Processing job 'CWLWorkflow' kind-CWLWorkflow/instance-983g_9pk v0
[2022-05-12T15:11:51+0200] [MainThread] [I] [toil] Running Toil version 5.6.0-c34146a6437e4407a61e946e968bcce67a0ebbca on host mrc-tux.
[2022-05-12T15:11:51+0200] [MainThread] [I] [toil.worker] Redirecting logging to /tmp/6ca11e22801a54fe8c053cd51491877e/89f1/worker_log.txt
[2022-05-12T15:11:52+0200] [MainThread] [I] [toil.leader] 0 jobs are running, 0 jobs are issued and waiting to run
[2022-05-12T15:11:52+0200] [MainThread] [I] [toil.leader] Issued job 'CWLJob' schemadef-wf.cwl.step1.schemadef-tool.cwl kind-CWLJob/instance-dz_rt9aj v1 with job batch system ID: 1 and cores: 1, disk: 3.0 Gi, and memory: 2.0 Gi
[2022-05-12T15:11:52+0200] [MainThread] [I] [toil.worker] Redirecting logging to /tmp/6ca11e22801a54fe8c053cd51491877e/c1a4/worker_log.txt
[2022-05-12T15:11:53+0200] [MainThread] [I] [toil.worker] Redirecting logging to /tmp/6ca11e22801a54fe8c053cd51491877e/76a4/worker_log.txt
[2022-05-12T15:11:53+0200] [MainThread] [I] [toil.worker] Redirecting logging to /tmp/6ca11e22801a54fe8c053cd51491877e/6ea0/worker_log.txt
[2022-05-12T15:11:55+0200] [MainThread] [I] [toil.leader] Finished toil run successfully.
[2022-05-12T15:11:55+0200] [MainThread] [I] [toil.common] Successfully deleted the job store: FileJobStore(/tmp/tmpslwj3yfx)
</system-err>
		</testcase>
		<testcase name="Test parameter evaluation, no support for JS expressions" time="4.887096" class="required, command_line_tool" file="param_evaluation_noexpr" url="cwltest:conformance_tests#61">
			<system-out>{
    &quot;t1&quot;: {
        &quot;bar&quot;: {
            &quot;baz&quot;: &quot;zab1&quot;,
            &quot;b az&quot;: 2,
            &quot;b'az&quot;: true,
            &quot;b\&quot;az&quot;: null,
            &quot;buz&quot;: [
                &quot;a&quot;,
                &quot;b&quot;,
                &quot;c&quot;
            ]
        }
    },
    &quot;t2&quot;: {
        &quot;baz&quot;: &quot;zab1&quot;,
        &quot;b az&quot;: 2,
        &quot;b'az&quot;: true,
        &quot;b\&quot;az&quot;: null,
        &quot;buz&quot;: [
            &quot;a&quot;,
            &quot;b&quot;,
            &quot;c&quot;
        ]
    },
    &quot;t3&quot;: {
        &quot;baz&quot;: &quot;zab1&quot;,
        &quot;b az&quot;: 2,
        &quot;b'az&quot;: true,
        &quot;b\&quot;az&quot;: null,
        &quot;buz&quot;: [
            &quot;a&quot;,
            &quot;b&quot;,
            &quot;c&quot;
        ]
    },
    &quot;t4&quot;: {
        &quot;baz&quot;: &quot;zab1&quot;,
        &quot;b az&quot;: 2,
        &quot;b'az&quot;: true,
        &quot;b\&quot;az&quot;: null,
        &quot;buz&quot;: [
            &quot;a&quot;,
            &quot;b&quot;,
            &quot;c&quot;
        ]
    },
    &quot;t5&quot;: &quot;zab1&quot;,
    &quot;t6&quot;: &quot;zab1&quot;,
    &quot;t7&quot;: &quot;zab1&quot;,
    &quot;t8&quot;: &quot;zab1&quot;,
    &quot;t9&quot;: 2,
    &quot;t10&quot;: true,
    &quot;t11&quot;: true,
    &quot;t12&quot;: null,
    &quot;t13&quot;: &quot;-zab1&quot;,
    &quot;t14&quot;: &quot;-zab1&quot;,
    &quot;t15&quot;: &quot;-zab1&quot;,
    &quot;t16&quot;: &quot;-zab1&quot;,
    &quot;t17&quot;: &quot;zab1 zab1&quot;,
    &quot;t18&quot;: &quot;zab1 zab1&quot;,
    &quot;t19&quot;: &quot;zab1 zab1&quot;,
    &quot;t20&quot;: &quot;zab1 zab1&quot;,
    &quot;t21&quot;: &quot;2 2&quot;,
    &quot;t22&quot;: &quot;true true&quot;,
    &quot;t23&quot;: &quot;true true&quot;,
    &quot;t24&quot;: &quot;null null&quot;,
    &quot;t25&quot;: &quot;b&quot;,
    &quot;t26&quot;: &quot;b b&quot;,
    &quot;t27&quot;: null,
    &quot;t28&quot;: 3
}</system-out>
			<system-err>[2022-05-12T15:11:50+0200] [MainThread] [I] [cwltool] Resolved 'tests/params.cwl' to 'file:///home/michael/cwl-v1.1/tests/params.cwl'
[2022-05-12T15:11:52+0200] [MainThread] [I] [toil.job] Saving graph of 1 jobs, 1 new
[2022-05-12T15:11:52+0200] [MainThread] [I] [toil.job] Processing job 'CWLJob' params.cwl kind-CWLJob/instance-41f4xvls v0
[2022-05-12T15:11:52+0200] [MainThread] [I] [toil] Running Toil version 5.6.0-c34146a6437e4407a61e946e968bcce67a0ebbca on host mrc-tux.
[2022-05-12T15:11:52+0200] [MainThread] [I] [toil.leader] Issued job 'CWLJob' params.cwl kind-CWLJob/instance-41f4xvls v1 with job batch system ID: 0 and cores: 1, disk: 3.0 Gi, and memory: 2.0 Gi
[2022-05-12T15:11:52+0200] [MainThread] [I] [toil.worker] Redirecting logging to /tmp/56e0fa160adb565881a361cb467af42f/9d11/worker_log.txt
[2022-05-12T15:11:52+0200] [MainThread] [I] [toil.leader] 0 jobs are running, 0 jobs are issued and waiting to run
[2022-05-12T15:11:54+0200] [MainThread] [I] [toil.leader] Finished toil run successfully.
[2022-05-12T15:11:54+0200] [MainThread] [I] [toil.common] Successfully deleted the job store: FileJobStore(/tmp/tmpd_q48esz)
</system-err>
		</testcase>
		<testcase name="Test parameter evaluation, with support for JS expressions" time="4.831628" class="inline_javascript, command_line_tool" file="param_evaluation_expr" url="cwltest:conformance_tests#62">
			<system-out>{
    &quot;t1&quot;: {
        &quot;bar&quot;: {
            &quot;baz&quot;: &quot;zab1&quot;,
            &quot;b az&quot;: 2,
            &quot;b'az&quot;: true,
            &quot;b\&quot;az&quot;: null,
            &quot;buz&quot;: [
                &quot;a&quot;,
                &quot;b&quot;,
                &quot;c&quot;
            ]
        }
    },
    &quot;t2&quot;: {
        &quot;baz&quot;: &quot;zab1&quot;,
        &quot;b az&quot;: 2,
        &quot;b'az&quot;: true,
        &quot;b\&quot;az&quot;: null,
        &quot;buz&quot;: [
            &quot;a&quot;,
            &quot;b&quot;,
            &quot;c&quot;
        ]
    },
    &quot;t3&quot;: {
        &quot;baz&quot;: &quot;zab1&quot;,
        &quot;b az&quot;: 2,
        &quot;b'az&quot;: true,
        &quot;b\&quot;az&quot;: null,
        &quot;buz&quot;: [
            &quot;a&quot;,
            &quot;b&quot;,
            &quot;c&quot;
        ]
    },
    &quot;t4&quot;: {
        &quot;baz&quot;: &quot;zab1&quot;,
        &quot;b az&quot;: 2,
        &quot;b'az&quot;: true,
        &quot;b\&quot;az&quot;: null,
        &quot;buz&quot;: [
            &quot;a&quot;,
            &quot;b&quot;,
            &quot;c&quot;
        ]
    },
    &quot;t5&quot;: &quot;zab1&quot;,
    &quot;t6&quot;: &quot;zab1&quot;,
    &quot;t7&quot;: &quot;zab1&quot;,
    &quot;t8&quot;: &quot;zab1&quot;,
    &quot;t9&quot;: 2,
    &quot;t10&quot;: true,
    &quot;t11&quot;: true,
    &quot;t12&quot;: null,
    &quot;t13&quot;: &quot;-zab1&quot;,
    &quot;t14&quot;: &quot;-zab1&quot;,
    &quot;t15&quot;: &quot;-zab1&quot;,
    &quot;t16&quot;: &quot;-zab1&quot;,
    &quot;t17&quot;: &quot;zab1 zab1&quot;,
    &quot;t18&quot;: &quot;zab1 zab1&quot;,
    &quot;t19&quot;: &quot;zab1 zab1&quot;,
    &quot;t20&quot;: &quot;zab1 zab1&quot;,
    &quot;t21&quot;: &quot;2 2&quot;,
    &quot;t22&quot;: &quot;true true&quot;,
    &quot;t23&quot;: &quot;true true&quot;,
    &quot;t24&quot;: &quot;null null&quot;,
    &quot;t25&quot;: &quot;b&quot;,
    &quot;t26&quot;: &quot;b b&quot;,
    &quot;t27&quot;: null,
    &quot;t28&quot;: 3
}</system-out>
			<system-err>[2022-05-12T15:11:52+0200] [MainThread] [I] [cwltool] Resolved 'tests/params2.cwl' to 'file:///home/michael/cwl-v1.1/tests/params2.cwl'
[2022-05-12T15:11:54+0200] [MainThread] [I] [toil.job] Saving graph of 1 jobs, 1 new
[2022-05-12T15:11:54+0200] [MainThread] [I] [toil.job] Processing job 'CWLJob' params2.cwl kind-CWLJob/instance-q6dsevvy v0
[2022-05-12T15:11:54+0200] [MainThread] [I] [toil] Running Toil version 5.6.0-c34146a6437e4407a61e946e968bcce67a0ebbca on host mrc-tux.
[2022-05-12T15:11:54+0200] [MainThread] [I] [toil.leader] Issued job 'CWLJob' params2.cwl kind-CWLJob/instance-q6dsevvy v1 with job batch system ID: 0 and cores: 1, disk: 3.0 Gi, and memory: 2.0 Gi
[2022-05-12T15:11:54+0200] [MainThread] [I] [toil.worker] Redirecting logging to /tmp/0dfd3aa433375d809fd7fea2ff30f7ba/84ad/worker_log.txt
[2022-05-12T15:11:55+0200] [MainThread] [I] [toil.leader] 0 jobs are running, 0 jobs are issued and waiting to run
[2022-05-12T15:11:56+0200] [MainThread] [I] [toil.leader] Finished toil run successfully.
[2022-05-12T15:11:56+0200] [MainThread] [I] [toil.common] Successfully deleted the job store: FileJobStore(/tmp/tmp7nq1m96c)
</system-err>
		</testcase>
		<testcase name="Test metadata" time="5.484444" class="required, command_line_tool" file="metadata" url="cwltest:conformance_tests#63">
			<system-out>{}</system-out>
			<system-err>[2022-05-12T15:11:52+0200] [MainThread] [I] [cwltool] Resolved 'tests/metadata.cwl' to 'file:///home/michael/cwl-v1.1/tests/metadata.cwl'
[2022-05-12T15:11:54+0200] [MainThread] [I] [toil.job] Saving graph of 1 jobs, 1 new
[2022-05-12T15:11:54+0200] [MainThread] [I] [toil.job] Processing job 'CWLJob' metadata.cwl kind-CWLJob/instance-7_5g0jmt v0
[2022-05-12T15:11:54+0200] [MainThread] [I] [toil] Running Toil version 5.6.0-c34146a6437e4407a61e946e968bcce67a0ebbca on host mrc-tux.
[2022-05-12T15:11:54+0200] [MainThread] [I] [toil.leader] Issued job 'CWLJob' metadata.cwl kind-CWLJob/instance-7_5g0jmt v1 with job batch system ID: 0 and cores: 1, disk: 3.0 Gi, and memory: 2.0 Gi
[2022-05-12T15:11:54+0200] [MainThread] [I] [toil.worker] Redirecting logging to /tmp/8c12e285cbb058f093f9e4292d47278e/d0eb/worker_log.txt
[2022-05-12T15:11:55+0200] [MainThread] [I] [toil.leader] 0 jobs are running, 0 jobs are issued and waiting to run
[2022-05-12T15:11:57+0200] [MainThread] [I] [toil.leader] Finished toil run successfully.
[2022-05-12T15:11:57+0200] [MainThread] [I] [toil.common] Successfully deleted the job store: FileJobStore(/tmp/tmp96bsej_9)
</system-err>
		</testcase>
		<testcase name="Test simple format checking." time="4.471531" class="required, command_line_tool" file="format_checking" url="cwltest:conformance_tests#64">
			<system-out>{
    &quot;output&quot;: {
        &quot;location&quot;: &quot;file:///tmp/tmpkxpklwqz/output.txt&quot;,
        &quot;basename&quot;: &quot;output.txt&quot;,
        &quot;nameroot&quot;: &quot;output&quot;,
        &quot;nameext&quot;: &quot;.txt&quot;,
        &quot;class&quot;: &quot;File&quot;,
        &quot;checksum&quot;: &quot;sha1$97fe1b50b4582cebc7d853796ebd62e3e163aa3f&quot;,
        &quot;size&quot;: 1111,
        &quot;format&quot;: &quot;http://edamontology.org/format_2330&quot;
    }
}</system-out>
			<system-err>[2022-05-12T15:11:54+0200] [MainThread] [I] [cwltool] Resolved 'tests/formattest.cwl' to 'file:///home/michael/cwl-v1.1/tests/formattest.cwl'
[2022-05-12T15:11:56+0200] [MainThread] [I] [toil.job] Saving graph of 1 jobs, 1 new
[2022-05-12T15:11:56+0200] [MainThread] [I] [toil.job] Processing job 'CWLJob' formattest.cwl kind-CWLJob/instance-k8b9si5v v0
[2022-05-12T15:11:56+0200] [MainThread] [I] [toil] Running Toil version 5.6.0-c34146a6437e4407a61e946e968bcce67a0ebbca on host mrc-tux.
[2022-05-12T15:11:56+0200] [MainThread] [I] [toil.leader] Issued job 'CWLJob' formattest.cwl kind-CWLJob/instance-k8b9si5v v1 with job batch system ID: 0 and cores: 1, disk: 3.0 Gi, and memory: 2.0 Gi
[2022-05-12T15:11:57+0200] [MainThread] [I] [toil.worker] Redirecting logging to /tmp/2aeb2ae70bab5070bec77d548ba145c4/d570/worker_log.txt
[2022-05-12T15:11:57+0200] [MainThread] [I] [toil.leader] 0 jobs are running, 0 jobs are issued and waiting to run
[2022-05-12T15:11:58+0200] [MainThread] [I] [toil.leader] Finished toil run successfully.
[2022-05-12T15:11:58+0200] [MainThread] [I] [toil.common] Successfully deleted the job store: FileJobStore(/tmp/tmpczu7nabi)
</system-err>
		</testcase>
		<testcase name="Test format checking against ontology using subclassOf." time="12.491910" class="required, command_line_tool" file="format_checking_subclass" url="cwltest:conformance_tests#65">
			<system-out>{
    &quot;output&quot;: {
        &quot;location&quot;: &quot;file:///tmp/tmpxk4yfz41/output.txt&quot;,
        &quot;basename&quot;: &quot;output.txt&quot;,
        &quot;nameroot&quot;: &quot;output&quot;,
        &quot;nameext&quot;: &quot;.txt&quot;,
        &quot;class&quot;: &quot;File&quot;,
        &quot;checksum&quot;: &quot;sha1$971d88faeda85a796752ecf752b7e2e34f1337ce&quot;,
        &quot;size&quot;: 12010,
        &quot;format&quot;: &quot;http://edamontology.org/format_1929&quot;
    }
}</system-out>
			<system-err>[2022-05-12T15:11:56+0200] [MainThread] [I] [cwltool] Resolved 'tests/formattest2.cwl' to 'file:///home/michael/cwl-v1.1/tests/formattest2.cwl'
[2022-05-12T15:12:02+0200] [MainThread] [I] [toil.job] Saving graph of 1 jobs, 1 new
[2022-05-12T15:12:02+0200] [MainThread] [I] [toil.job] Processing job 'CWLJob' formattest2.cwl kind-CWLJob/instance-_9ja84hr v0
[2022-05-12T15:12:03+0200] [MainThread] [I] [toil] Running Toil version 5.6.0-c34146a6437e4407a61e946e968bcce67a0ebbca on host mrc-tux.
[2022-05-12T15:12:03+0200] [MainThread] [I] [toil.leader] Issued job 'CWLJob' formattest2.cwl kind-CWLJob/instance-_9ja84hr v1 with job batch system ID: 0 and cores: 1, disk: 3.0 Gi, and memory: 2.0 Gi
[2022-05-12T15:12:03+0200] [MainThread] [I] [toil.worker] Redirecting logging to /tmp/3d64088372855b24aa239cf7b816e257/3313/worker_log.txt
[2022-05-12T15:12:05+0200] [MainThread] [I] [toil.leader] 1 jobs are running, 0 jobs are issued and waiting to run
[2022-05-12T15:12:07+0200] [MainThread] [I] [toil.leader] Finished toil run successfully.
[2022-05-12T15:12:07+0200] [MainThread] [I] [toil.common] Successfully deleted the job store: FileJobStore(/tmp/tmpib3v287e)
</system-err>
		</testcase>
		<testcase name="Test format checking against ontology using equivalentClass." time="12.785140" class="required, command_line_tool" file="format_checking_equivalentclass" url="cwltest:conformance_tests#66">
			<system-out>{
    &quot;output&quot;: {
        &quot;location&quot;: &quot;file:///tmp/tmpurxjctpm/output.txt&quot;,
        &quot;basename&quot;: &quot;output.txt&quot;,
        &quot;nameroot&quot;: &quot;output&quot;,
        &quot;nameext&quot;: &quot;.txt&quot;,
        &quot;class&quot;: &quot;File&quot;,
        &quot;checksum&quot;: &quot;sha1$971d88faeda85a796752ecf752b7e2e34f1337ce&quot;,
        &quot;size&quot;: 12010,
        &quot;format&quot;: &quot;http://edamontology.org/format_1929&quot;
    }
}</system-out>
			<system-err>[2022-05-12T15:11:57+0200] [MainThread] [I] [cwltool] Resolved 'tests/formattest3.cwl' to 'file:///home/michael/cwl-v1.1/tests/formattest3.cwl'
[2022-05-12T15:12:04+0200] [MainThread] [I] [toil.job] Saving graph of 1 jobs, 1 new
[2022-05-12T15:12:04+0200] [MainThread] [I] [toil.job] Processing job 'CWLJob' formattest3.cwl kind-CWLJob/instance-4up7b1i3 v0
[2022-05-12T15:12:04+0200] [MainThread] [I] [toil] Running Toil version 5.6.0-c34146a6437e4407a61e946e968bcce67a0ebbca on host mrc-tux.
[2022-05-12T15:12:04+0200] [MainThread] [I] [toil.leader] Issued job 'CWLJob' formattest3.cwl kind-CWLJob/instance-4up7b1i3 v1 with job batch system ID: 0 and cores: 1, disk: 3.0 Gi, and memory: 2.0 Gi
[2022-05-12T15:12:04+0200] [MainThread] [I] [toil.worker] Redirecting logging to /tmp/52cb15b0f70354448c45c077010d4d45/d2a9/worker_log.txt
[2022-05-12T15:12:06+0200] [MainThread] [I] [toil.leader] 1 jobs are running, 0 jobs are issued and waiting to run
[2022-05-12T15:12:08+0200] [MainThread] [I] [toil.leader] Finished toil run successfully.
[2022-05-12T15:12:08+0200] [MainThread] [I] [toil.common] Successfully deleted the job store: FileJobStore(/tmp/tmpskme8ao2)
</system-err>
		</testcase>
		<testcase name="Test optional output file and optional secondaryFile on output." time="6.000260" class="docker, command_line_tool" file="output_secondaryfile_optional" url="cwltest:conformance_tests#67">
			<system-out>{
    &quot;optional_file&quot;: null,
    &quot;output_file&quot;: {
        &quot;location&quot;: &quot;file:///tmp/tmp4ps7q3f7/output.txt&quot;,
        &quot;basename&quot;: &quot;output.txt&quot;,
        &quot;nameroot&quot;: &quot;output&quot;,
        &quot;nameext&quot;: &quot;.txt&quot;,
        &quot;class&quot;: &quot;File&quot;,
        &quot;checksum&quot;: &quot;sha1$47a013e660d408619d894b20806b1d5086aab03b&quot;,
        &quot;size&quot;: 13,
        &quot;secondaryFiles&quot;: []
    }
}</system-out>
			<system-err>[2022-05-12T15:11:57+0200] [MainThread] [I] [cwltool] Resolved 'tests/optional-output.cwl' to 'file:///home/michael/cwl-v1.1/tests/optional-output.cwl'
[2022-05-12T15:12:00+0200] [MainThread] [I] [toil.job] Saving graph of 1 jobs, 1 new
[2022-05-12T15:12:00+0200] [MainThread] [I] [toil.job] Processing job 'CWLJob' optional-output.cwl kind-CWLJob/instance-7qkt1i57 v0
[2022-05-12T15:12:00+0200] [MainThread] [I] [toil] Running Toil version 5.6.0-c34146a6437e4407a61e946e968bcce67a0ebbca on host mrc-tux.
[2022-05-12T15:12:00+0200] [MainThread] [I] [toil.leader] Issued job 'CWLJob' optional-output.cwl kind-CWLJob/instance-7qkt1i57 v1 with job batch system ID: 0 and cores: 1, disk: 3.0 Gi, and memory: 2.0 Gi
[2022-05-12T15:12:00+0200] [MainThread] [I] [toil.worker] Redirecting logging to /tmp/5d71e76dca665c3384214d05fc2df465/253d/worker_log.txt
[2022-05-12T15:12:02+0200] [MainThread] [I] [toil.leader] 0 jobs are running, 0 jobs are issued and waiting to run
[2022-05-12T15:12:03+0200] [MainThread] [I] [toil.leader] Finished toil run successfully.
[2022-05-12T15:12:03+0200] [MainThread] [I] [toil.common] Successfully deleted the job store: FileJobStore(/tmp/tmpnzjdxk6j)
</system-err>
		</testcase>
		<testcase name="Test that valueFrom is ignored when the parameter is null" time="5.707161" class="inline_javascript, command_line_tool" file="valuefrom_ignored_null" url="cwltest:conformance_tests#68">
			<system-out>{
    &quot;out&quot;: &quot;\n&quot;
}</system-out>
			<system-err>[2022-05-12T15:11:59+0200] [MainThread] [I] [cwltool] Resolved 'tests/vf-concat.cwl' to 'file:///home/michael/cwl-v1.1/tests/vf-concat.cwl'
[2022-05-12T15:12:02+0200] [MainThread] [I] [toil.job] Saving graph of 1 jobs, 1 new
[2022-05-12T15:12:02+0200] [MainThread] [I] [toil.job] Processing job 'CWLJob' vf-concat.cwl kind-CWLJob/instance-fosks_y_ v0
[2022-05-12T15:12:02+0200] [MainThread] [I] [toil] Running Toil version 5.6.0-c34146a6437e4407a61e946e968bcce67a0ebbca on host mrc-tux.
[2022-05-12T15:12:02+0200] [MainThread] [I] [toil.leader] Issued job 'CWLJob' vf-concat.cwl kind-CWLJob/instance-fosks_y_ v1 with job batch system ID: 0 and cores: 1, disk: 3.0 Gi, and memory: 2.0 Gi
[2022-05-12T15:12:02+0200] [MainThread] [I] [toil.worker] Redirecting logging to /tmp/956783037f345976b02b25d39dfb47f4/f54f/worker_log.txt
[2022-05-12T15:12:03+0200] [MainThread] [I] [toil.leader] 0 jobs are running, 0 jobs are issued and waiting to run
[2022-05-12T15:12:04+0200] [MainThread] [I] [toil.leader] Finished toil run successfully.
[2022-05-12T15:12:04+0200] [MainThread] [I] [toil.common] Successfully deleted the job store: FileJobStore(/tmp/tmpwa_d4xcq)
</system-err>
		</testcase>
		<testcase name="Test that second expression in concatenated valueFrom is not ignored" time="5.527925" class="inline_javascript, command_line_tool" file="valuefrom_secondexpr_ignored" url="cwltest:conformance_tests#69">
			<system-out>{
    &quot;out&quot;: &quot;a string\n&quot;
}</system-out>
			<system-err>[2022-05-12T15:12:04+0200] [MainThread] [I] [cwltool] Resolved 'tests/vf-concat.cwl' to 'file:///home/michael/cwl-v1.1/tests/vf-concat.cwl'
[2022-05-12T15:12:06+0200] [MainThread] [I] [toil.job] Saving graph of 1 jobs, 1 new
[2022-05-12T15:12:06+0200] [MainThread] [I] [toil.job] Processing job 'CWLJob' vf-concat.cwl kind-CWLJob/instance-fm6qk34k v0
[2022-05-12T15:12:06+0200] [MainThread] [I] [toil] Running Toil version 5.6.0-c34146a6437e4407a61e946e968bcce67a0ebbca on host mrc-tux.
[2022-05-12T15:12:06+0200] [MainThread] [I] [toil.leader] Issued job 'CWLJob' vf-concat.cwl kind-CWLJob/instance-fm6qk34k v1 with job batch system ID: 0 and cores: 1, disk: 3.0 Gi, and memory: 2.0 Gi
[2022-05-12T15:12:07+0200] [MainThread] [I] [toil.worker] Redirecting logging to /tmp/f3afb0403e5652469d3ac36a6a3d03ed/70a1/worker_log.txt
[2022-05-12T15:12:07+0200] [MainThread] [I] [toil.leader] 0 jobs are running, 0 jobs are issued and waiting to run
[2022-05-12T15:12:08+0200] [MainThread] [I] [toil.leader] Finished toil run successfully.
[2022-05-12T15:12:08+0200] [MainThread] [I] [toil.common] Successfully deleted the job store: FileJobStore(/tmp/tmpri_swg02)
</system-err>
		</testcase>
		<testcase name="Test valueFrom on workflow step." time="10.374434" class="step_input, inline_javascript, workflow" file="valuefrom_wf_step" url="cwltest:conformance_tests#70">
			<system-out>{
    &quot;count_output&quot;: 16
}</system-out>
			<system-err>[2022-05-12T15:12:05+0200] [MainThread] [I] [cwltool] Resolved 'tests/step-valuefrom-wf.cwl' to 'file:///home/michael/cwl-v1.1/tests/step-valuefrom-wf.cwl'
[2022-05-12T15:12:09+0200] [MainThread] [I] [toil.job] Saving graph of 2 jobs, 2 new
[2022-05-12T15:12:09+0200] [MainThread] [I] [toil.job] Processing job 'ResolveIndirect' kind-ResolveIndirect/instance-xisu42_k v0
[2022-05-12T15:12:09+0200] [MainThread] [I] [toil.job] Processing job 'CWLWorkflow' kind-CWLWorkflow/instance-xsyqo_x_ v0
[2022-05-12T15:12:09+0200] [MainThread] [I] [toil] Running Toil version 5.6.0-c34146a6437e4407a61e946e968bcce67a0ebbca on host mrc-tux.
[2022-05-12T15:12:10+0200] [MainThread] [I] [toil.worker] Redirecting logging to /tmp/0ba5d690652e51cf895cb5580624fbc1/c4ff/worker_log.txt
[2022-05-12T15:12:10+0200] [MainThread] [I] [toil.leader] 0 jobs are running, 0 jobs are issued and waiting to run
[2022-05-12T15:12:10+0200] [MainThread] [I] [toil.leader] Issued job 'CWLJob' step-valuefrom-wf.cwl.step1.wc-tool.cwl kind-CWLJob/instance-i8oboap4 v1 with job batch system ID: 1 and cores: 1, disk: 3.0 Gi, and memory: 2.0 Gi
[2022-05-12T15:12:11+0200] [MainThread] [I] [toil.worker] Redirecting logging to /tmp/0ba5d690652e51cf895cb5580624fbc1/efdc/worker_log.txt
[2022-05-12T15:12:12+0200] [MainThread] [I] [toil.worker] Redirecting logging to /tmp/0ba5d690652e51cf895cb5580624fbc1/20ef/worker_log.txt
[2022-05-12T15:12:12+0200] [MainThread] [I] [toil.worker] Redirecting logging to /tmp/0ba5d690652e51cf895cb5580624fbc1/78e3/worker_log.txt
[2022-05-12T15:12:14+0200] [MainThread] [I] [toil.leader] Finished toil run successfully.
[2022-05-12T15:12:14+0200] [MainThread] [I] [toil.common] Successfully deleted the job store: FileJobStore(/tmp/tmpzmdlm8eh)
</system-err>
		</testcase>
		<testcase name="Test valueFrom on workflow step with multiple sources" time="8.897471" class="step_input, inline_javascript, multiple_input, workflow" file="valuefrom_wf_step_multiple" url="cwltest:conformance_tests#71">
			<system-out>{
    &quot;val&quot;: &quot;3\n&quot;
}</system-out>
			<system-err>[2022-05-12T15:12:08+0200] [MainThread] [I] [cwltool] Resolved 'tests/step-valuefrom2-wf.cwl' to 'file:///home/michael/cwl-v1.1/tests/step-valuefrom2-wf.cwl'
[2022-05-12T15:12:11+0200] [MainThread] [I] [toil.job] Saving graph of 2 jobs, 2 new
[2022-05-12T15:12:11+0200] [MainThread] [I] [toil.job] Processing job 'ResolveIndirect' kind-ResolveIndirect/instance-dk7jersf v0
[2022-05-12T15:12:11+0200] [MainThread] [I] [toil.job] Processing job 'CWLWorkflow' kind-CWLWorkflow/instance-80zriqn8 v0
[2022-05-12T15:12:11+0200] [MainThread] [I] [toil] Running Toil version 5.6.0-c34146a6437e4407a61e946e968bcce67a0ebbca on host mrc-tux.
[2022-05-12T15:12:12+0200] [MainThread] [I] [toil.worker] Redirecting logging to /tmp/c069251ffc175d349efd72b367bfd0b8/4427/worker_log.txt
[2022-05-12T15:12:12+0200] [MainThread] [I] [toil.leader] 0 jobs are running, 0 jobs are issued and waiting to run
[2022-05-12T15:12:12+0200] [MainThread] [I] [toil.leader] Issued job 'CWLJob' step-valuefrom2-wf.cwl.step1.echo kind-CWLJob/instance-zgxpxnax v1 with job batch system ID: 1 and cores: 1, disk: 3.0 Gi, and memory: 2.0 Gi
[2022-05-12T15:12:13+0200] [MainThread] [I] [toil.worker] Redirecting logging to /tmp/c069251ffc175d349efd72b367bfd0b8/0e5b/worker_log.txt
[2022-05-12T15:12:14+0200] [MainThread] [I] [toil.worker] Redirecting logging to /tmp/c069251ffc175d349efd72b367bfd0b8/3d16/worker_log.txt
[2022-05-12T15:12:14+0200] [MainThread] [I] [toil.worker] Redirecting logging to /tmp/c069251ffc175d349efd72b367bfd0b8/3891/worker_log.txt
[2022-05-12T15:12:16+0200] [MainThread] [I] [toil.leader] Finished toil run successfully.
[2022-05-12T15:12:16+0200] [MainThread] [I] [toil.common] Successfully deleted the job store: FileJobStore(/tmp/tmpy3noxsq7)
</system-err>
		</testcase>
		<testcase name="Test valueFrom on workflow step referencing other inputs" time="9.119300" class="step_input, inline_javascript, workflow" file="valuefrom_wf_step_other" url="cwltest:conformance_tests#72">
			<system-out>{
    &quot;val&quot;: &quot;3\n&quot;
}</system-out>
			<system-err>[2022-05-12T15:12:09+0200] [MainThread] [I] [cwltool] Resolved 'tests/step-valuefrom3-wf.cwl' to 'file:///home/michael/cwl-v1.1/tests/step-valuefrom3-wf.cwl'
[2022-05-12T15:12:12+0200] [MainThread] [I] [toil.job] Saving graph of 2 jobs, 2 new
[2022-05-12T15:12:12+0200] [MainThread] [I] [toil.job] Processing job 'ResolveIndirect' kind-ResolveIndirect/instance-bsfx5wbu v0
[2022-05-12T15:12:12+0200] [MainThread] [I] [toil.job] Processing job 'CWLWorkflow' kind-CWLWorkflow/instance-avwopodd v0
[2022-05-12T15:12:12+0200] [MainThread] [I] [toil] Running Toil version 5.6.0-c34146a6437e4407a61e946e968bcce67a0ebbca on host mrc-tux.
[2022-05-12T15:12:13+0200] [MainThread] [I] [toil.worker] Redirecting logging to /tmp/af9dcc98f8a4549d94a9238098867fbf/7964/worker_log.txt
[2022-05-12T15:12:13+0200] [MainThread] [I] [toil.leader] 0 jobs are running, 0 jobs are issued and waiting to run
[2022-05-12T15:12:13+0200] [MainThread] [I] [toil.leader] Issued job 'CWLJob' step-valuefrom3-wf.cwl.step1.echo kind-CWLJob/instance-sxyw_eef v1 with job batch system ID: 1 and cores: 1, disk: 3.0 Gi, and memory: 2.0 Gi
[2022-05-12T15:12:13+0200] [MainThread] [I] [toil.worker] Redirecting logging to /tmp/af9dcc98f8a4549d94a9238098867fbf/daf1/worker_log.txt
[2022-05-12T15:12:14+0200] [MainThread] [I] [toil.worker] Redirecting logging to /tmp/af9dcc98f8a4549d94a9238098867fbf/15f8/worker_log.txt
[2022-05-12T15:12:15+0200] [MainThread] [I] [toil.worker] Redirecting logging to /tmp/af9dcc98f8a4549d94a9238098867fbf/cc18/worker_log.txt
[2022-05-12T15:12:17+0200] [MainThread] [I] [toil.leader] Finished toil run successfully.
[2022-05-12T15:12:17+0200] [MainThread] [I] [toil.common] Successfully deleted the job store: FileJobStore(/tmp/tmpk1vmgy_b)
</system-err>
		</testcase>
		<testcase name="Test record type output binding." time="5.046486" class="shell_command, command_line_tool" file="record_output_binding" url="cwltest:conformance_tests#73">
			<system-out>{
    &quot;orec&quot;: {
        &quot;ofoo&quot;: {
            &quot;location&quot;: &quot;file:///tmp/tmpbm_eef89/foo&quot;,
            &quot;basename&quot;: &quot;foo&quot;,
            &quot;nameroot&quot;: &quot;foo&quot;,
            &quot;nameext&quot;: &quot;&quot;,
            &quot;class&quot;: &quot;File&quot;,
            &quot;checksum&quot;: &quot;sha1$327fc7aedf4f6b69a42a7c8b808dc5a7aff61376&quot;,
            &quot;size&quot;: 1111
        },
        &quot;obar&quot;: {
            &quot;location&quot;: &quot;file:///tmp/tmpbm_eef89/bar&quot;,
            &quot;basename&quot;: &quot;bar&quot;,
            &quot;nameroot&quot;: &quot;bar&quot;,
            &quot;nameext&quot;: &quot;&quot;,
            &quot;class&quot;: &quot;File&quot;,
            &quot;checksum&quot;: &quot;sha1$aeb3d11bdf536511649129f4077d5cda6a324118&quot;,
            &quot;size&quot;: 12010
        }
    }
}</system-out>
			<system-err>[2022-05-12T15:12:10+0200] [MainThread] [I] [cwltool] Resolved 'tests/record-output.cwl' to 'file:///home/michael/cwl-v1.1/tests/record-output.cwl'
[2022-05-12T15:12:12+0200] [MainThread] [I] [toil.job] Saving graph of 1 jobs, 1 new
[2022-05-12T15:12:12+0200] [MainThread] [I] [toil.job] Processing job 'CWLJob' record-output.cwl kind-CWLJob/instance-7zzjr4rb v0
[2022-05-12T15:12:12+0200] [MainThread] [I] [toil] Running Toil version 5.6.0-c34146a6437e4407a61e946e968bcce67a0ebbca on host mrc-tux.
[2022-05-12T15:12:12+0200] [MainThread] [I] [toil.leader] Issued job 'CWLJob' record-output.cwl kind-CWLJob/instance-7zzjr4rb v1 with job batch system ID: 0 and cores: 1, disk: 3.0 Gi, and memory: 2.0 Gi
[2022-05-12T15:12:12+0200] [MainThread] [I] [toil.worker] Redirecting logging to /tmp/b375cd158e075a868e1519d84033f733/5f99/worker_log.txt
[2022-05-12T15:12:13+0200] [MainThread] [I] [toil.leader] 0 jobs are running, 0 jobs are issued and waiting to run
[2022-05-12T15:12:14+0200] [MainThread] [I] [toil.leader] Finished toil run successfully.
[2022-05-12T15:12:14+0200] [MainThread] [I] [toil.common] Successfully deleted the job store: FileJobStore(/tmp/tmpasl9iirz)
</system-err>
		</testcase>
		<testcase name="Test support for reading cwl.output.json when running in a Docker container and just 'path' is provided." time="5.858852" class="shell_command, command_line_tool" file="docker_json_output_path" url="cwltest:conformance_tests#74">
			<system-out>{
    &quot;foo&quot;: {
        &quot;class&quot;: &quot;File&quot;,
        &quot;basename&quot;: &quot;foo&quot;,
        &quot;location&quot;: &quot;file:///tmp/tmpx6ia9on3/foo&quot;,
        &quot;nameroot&quot;: &quot;foo&quot;,
        &quot;nameext&quot;: &quot;&quot;,
        &quot;checksum&quot;: &quot;sha1$f1d2d2f924e986ac86fdf7b36c94bcdf32beec15&quot;,
        &quot;size&quot;: 4
    }
}</system-out>
			<system-err>[2022-05-12T15:12:15+0200] [MainThread] [I] [cwltool] Resolved 'tests/test-cwl-out.cwl' to 'file:///home/michael/cwl-v1.1/tests/test-cwl-out.cwl'
[2022-05-12T15:12:16+0200] [MainThread] [I] [toil.job] Saving graph of 1 jobs, 1 new
[2022-05-12T15:12:16+0200] [MainThread] [I] [toil.job] Processing job 'CWLJob' test-cwl-out.cwl kind-CWLJob/instance-er32doia v0
[2022-05-12T15:12:16+0200] [MainThread] [I] [toil] Running Toil version 5.6.0-c34146a6437e4407a61e946e968bcce67a0ebbca on host mrc-tux.
[2022-05-12T15:12:17+0200] [MainThread] [I] [toil.leader] Issued job 'CWLJob' test-cwl-out.cwl kind-CWLJob/instance-er32doia v1 with job batch system ID: 0 and cores: 1, disk: 3.0 Gi, and memory: 2.0 Gi
[2022-05-12T15:12:17+0200] [MainThread] [I] [toil.worker] Redirecting logging to /tmp/dc53cf4ee7b255e29739cb1653a10ebf/d0a7/worker_log.txt
[2022-05-12T15:12:18+0200] [MainThread] [I] [toil.leader] 0 jobs are running, 0 jobs are issued and waiting to run
[2022-05-12T15:12:20+0200] [MainThread] [I] [toil.leader] Finished toil run successfully.
[2022-05-12T15:12:20+0200] [MainThread] [I] [toil.common] Successfully deleted the job store: FileJobStore(/tmp/tmpk2po7wb8)
</system-err>
		</testcase>
		<testcase name="Test support for reading cwl.output.json when running in a Docker container and just 'location' is provided." time="5.855809" class="shell_command, command_line_tool" file="docker_json_output_location" url="cwltest:conformance_tests#75">
			<system-out>{
    &quot;foo&quot;: {
        &quot;location&quot;: &quot;file:///tmp/tmphm9bsaa_/foo&quot;,
        &quot;class&quot;: &quot;File&quot;,
        &quot;basename&quot;: &quot;foo&quot;,
        &quot;nameroot&quot;: &quot;foo&quot;,
        &quot;nameext&quot;: &quot;&quot;,
        &quot;checksum&quot;: &quot;sha1$f1d2d2f924e986ac86fdf7b36c94bcdf32beec15&quot;,
        &quot;size&quot;: 4
    }
}</system-out>
			<system-err>[2022-05-12T15:12:15+0200] [MainThread] [I] [cwltool] Resolved 'tests/test-cwl-out2.cwl' to 'file:///home/michael/cwl-v1.1/tests/test-cwl-out2.cwl'
[2022-05-12T15:12:17+0200] [MainThread] [I] [toil.job] Saving graph of 1 jobs, 1 new
[2022-05-12T15:12:17+0200] [MainThread] [I] [toil.job] Processing job 'CWLJob' test-cwl-out2.cwl kind-CWLJob/instance-wxr7udyy v0
[2022-05-12T15:12:17+0200] [MainThread] [I] [toil] Running Toil version 5.6.0-c34146a6437e4407a61e946e968bcce67a0ebbca on host mrc-tux.
[2022-05-12T15:12:17+0200] [MainThread] [I] [toil.leader] Issued job 'CWLJob' test-cwl-out2.cwl kind-CWLJob/instance-wxr7udyy v1 with job batch system ID: 0 and cores: 1, disk: 3.0 Gi, and memory: 2.0 Gi
[2022-05-12T15:12:17+0200] [MainThread] [I] [toil.worker] Redirecting logging to /tmp/e437e59dbf1b50acbcc3ad52fd2d468a/d9ea/worker_log.txt
[2022-05-12T15:12:19+0200] [MainThread] [I] [toil.leader] 0 jobs are running, 0 jobs are issued and waiting to run
[2022-05-12T15:12:20+0200] [MainThread] [I] [toil.leader] Finished toil run successfully.
[2022-05-12T15:12:20+0200] [MainThread] [I] [toil.common] Successfully deleted the job store: FileJobStore(/tmp/tmp_vpsf3uj)
</system-err>
		</testcase>
		<testcase name="Test support for returning multiple glob patterns from expression" time="6.042209" class="required, command_line_tool" file="multiple_glob_expr_list" url="cwltest:conformance_tests#76">
			<system-out>{
    &quot;files&quot;: [
        {
            &quot;location&quot;: &quot;file:///tmp/tmpfrcvkdjs/a&quot;,
            &quot;basename&quot;: &quot;a&quot;,
            &quot;nameroot&quot;: &quot;a&quot;,
            &quot;nameext&quot;: &quot;&quot;,
            &quot;class&quot;: &quot;File&quot;,
            &quot;checksum&quot;: &quot;sha1$da39a3ee5e6b4b0d3255bfef95601890afd80709&quot;,
            &quot;size&quot;: 0
        },
        {
            &quot;location&quot;: &quot;file:///tmp/tmpfrcvkdjs/b&quot;,
            &quot;basename&quot;: &quot;b&quot;,
            &quot;nameroot&quot;: &quot;b&quot;,
            &quot;nameext&quot;: &quot;&quot;,
            &quot;class&quot;: &quot;File&quot;,
            &quot;checksum&quot;: &quot;sha1$da39a3ee5e6b4b0d3255bfef95601890afd80709&quot;,
            &quot;size&quot;: 0
        },
        {
            &quot;location&quot;: &quot;file:///tmp/tmpfrcvkdjs/c&quot;,
            &quot;basename&quot;: &quot;c&quot;,
            &quot;nameroot&quot;: &quot;c&quot;,
            &quot;nameext&quot;: &quot;&quot;,
            &quot;class&quot;: &quot;File&quot;,
            &quot;checksum&quot;: &quot;sha1$da39a3ee5e6b4b0d3255bfef95601890afd80709&quot;,
            &quot;size&quot;: 0
        }
    ]
}</system-out>
			<system-err>[2022-05-12T15:12:17+0200] [MainThread] [I] [cwltool] Resolved 'tests/glob-expr-list.cwl' to 'file:///home/michael/cwl-v1.1/tests/glob-expr-list.cwl'
[2022-05-12T15:12:19+0200] [MainThread] [I] [toil.job] Saving graph of 1 jobs, 1 new
[2022-05-12T15:12:19+0200] [MainThread] [I] [toil.job] Processing job 'CWLJob' glob-expr-list.cwl kind-CWLJob/instance-c46u9c2k v0
[2022-05-12T15:12:19+0200] [MainThread] [I] [toil] Running Toil version 5.6.0-c34146a6437e4407a61e946e968bcce67a0ebbca on host mrc-tux.
[2022-05-12T15:12:19+0200] [MainThread] [I] [toil.leader] Issued job 'CWLJob' glob-expr-list.cwl kind-CWLJob/instance-c46u9c2k v1 with job batch system ID: 0 and cores: 1, disk: 3.0 Gi, and memory: 2.0 Gi
[2022-05-12T15:12:20+0200] [MainThread] [I] [toil.worker] Redirecting logging to /tmp/51cfabef7c805e318a18284b98fe1c91/39df/worker_log.txt
[2022-05-12T15:12:21+0200] [MainThread] [I] [toil.leader] 0 jobs are running, 0 jobs are issued and waiting to run
[2022-05-12T15:12:22+0200] [MainThread] [I] [toil.leader] Finished toil run successfully.
[2022-05-12T15:12:22+0200] [MainThread] [I] [toil.common] Successfully deleted the job store: FileJobStore(/tmp/tmpys1pacpl)
</system-err>
		</testcase>
		<testcase name="Test workflow scatter with single scatter parameter and two valueFrom on step input (first and current el)" time="15.296391" class="scatter, step_input, workflow" file="wf_scatter_oneparam_valuefrom" url="cwltest:conformance_tests#77">
			<system-out>{
    &quot;out&quot;: [
        &quot;foo one one&quot;,
        &quot;foo one two&quot;,
        &quot;foo one three&quot;,
        &quot;foo one four&quot;
    ]
}</system-out>
			<system-err>[2022-05-12T15:12:18+0200] [MainThread] [I] [cwltool] Resolved 'tests/scatter-valuefrom-wf1.cwl' to 'file:///home/michael/cwl-v1.1/tests/scatter-valuefrom-wf1.cwl'
[2022-05-12T15:12:23+0200] [MainThread] [I] [toil.job] Saving graph of 2 jobs, 2 new
[2022-05-12T15:12:23+0200] [MainThread] [I] [toil.job] Processing job 'ResolveIndirect' kind-ResolveIndirect/instance-30u62uks v0
[2022-05-12T15:12:23+0200] [MainThread] [I] [toil.job] Processing job 'CWLWorkflow' kind-CWLWorkflow/instance-ajl49zuq v0
[2022-05-12T15:12:24+0200] [MainThread] [I] [toil] Running Toil version 5.6.0-c34146a6437e4407a61e946e968bcce67a0ebbca on host mrc-tux.
[2022-05-12T15:12:24+0200] [MainThread] [I] [toil.worker] Redirecting logging to /tmp/5fa0fd120aa4558496b0131839f4212e/10a2/worker_log.txt
[2022-05-12T15:12:24+0200] [MainThread] [I] [toil.leader] 0 jobs are running, 0 jobs are issued and waiting to run
[2022-05-12T15:12:25+0200] [MainThread] [I] [toil.worker] Redirecting logging to /tmp/5fa0fd120aa4558496b0131839f4212e/18e9/worker_log.txt
[2022-05-12T15:12:26+0200] [MainThread] [I] [toil.leader] Issued job 'CWLJob' scatter-valuefrom-wf1.cwl[1]._:5184b5fc-5044-4dec-b8ff-114ad5756d7b kind-CWLJob/instance-9uao3k8h v1 with job batch system ID: 2 and cores: 1, disk: 3.0 Gi, and memory: 2.0 Gi
[2022-05-12T15:12:26+0200] [MainThread] [I] [toil.leader] Issued job 'CWLJob' scatter-valuefrom-wf1.cwl[0]._:5184b5fc-5044-4dec-b8ff-114ad5756d7b kind-CWLJob/instance-v3e60v5f v1 with job batch system ID: 3 and cores: 1, disk: 3.0 Gi, and memory: 2.0 Gi
[2022-05-12T15:12:26+0200] [MainThread] [I] [toil.leader] Issued job 'CWLJob' scatter-valuefrom-wf1.cwl[3]._:5184b5fc-5044-4dec-b8ff-114ad5756d7b kind-CWLJob/instance-t8fy5_z3 v1 with job batch system ID: 4 and cores: 1, disk: 3.0 Gi, and memory: 2.0 Gi
[2022-05-12T15:12:26+0200] [MainThread] [I] [toil.leader] Issued job 'CWLJob' scatter-valuefrom-wf1.cwl[2]._:5184b5fc-5044-4dec-b8ff-114ad5756d7b kind-CWLJob/instance-om2cz6s4 v1 with job batch system ID: 5 and cores: 1, disk: 3.0 Gi, and memory: 2.0 Gi
[2022-05-12T15:12:26+0200] [MainThread] [I] [toil.worker] Redirecting logging to /tmp/5fa0fd120aa4558496b0131839f4212e/3206/worker_log.txt
[2022-05-12T15:12:26+0200] [MainThread] [I] [toil.worker] Redirecting logging to /tmp/5fa0fd120aa4558496b0131839f4212e/d10c/worker_log.txt
[2022-05-12T15:12:26+0200] [MainThread] [I] [toil.worker] Redirecting logging to /tmp/5fa0fd120aa4558496b0131839f4212e/bf52/worker_log.txt
[2022-05-12T15:12:26+0200] [MainThread] [I] [toil.worker] Redirecting logging to /tmp/5fa0fd120aa4558496b0131839f4212e/69bf/worker_log.txt
[2022-05-12T15:12:27+0200] [MainThread] [I] [toil.worker] Redirecting logging to /tmp/5fa0fd120aa4558496b0131839f4212e/8e90/worker_log.txt
[2022-05-12T15:12:28+0200] [MainThread] [I] [toil.worker] Redirecting logging to /tmp/5fa0fd120aa4558496b0131839f4212e/c7f0/worker_log.txt
[2022-05-12T15:12:30+0200] [MainThread] [I] [toil.worker] Redirecting logging to /tmp/5fa0fd120aa4558496b0131839f4212e/4ea6/worker_log.txt
[2022-05-12T15:12:31+0200] [MainThread] [I] [toil.worker] Redirecting logging to /tmp/5fa0fd120aa4558496b0131839f4212e/5c67/worker_log.txt
[2022-05-12T15:12:33+0200] [MainThread] [I] [toil.leader] Finished toil run successfully.
[2022-05-12T15:12:33+0200] [MainThread] [I] [toil.common] Successfully deleted the job store: FileJobStore(/tmp/tmp4w3ujvwa)
</system-err>
		</testcase>
		<testcase name="Test workflow scatter with two scatter parameters and nested_crossproduct join method and valueFrom on step input" time="15.103824" class="scatter, step_input, workflow" file="wf_scatter_twoparam_nested_crossproduct_valuefrom" url="cwltest:conformance_tests#78">
			<system-out>{
    &quot;out&quot;: [
        [
            &quot;foo one one three&quot;,
            &quot;foo one one four&quot;
        ],
        [
            &quot;foo one two three&quot;,
            &quot;foo one two four&quot;
        ]
    ]
}</system-out>
			<system-err>[2022-05-12T15:12:21+0200] [MainThread] [I] [cwltool] Resolved 'tests/scatter-valuefrom-wf2.cwl' to 'file:///home/michael/cwl-v1.1/tests/scatter-valuefrom-wf2.cwl'
[2022-05-12T15:12:26+0200] [MainThread] [I] [toil.job] Saving graph of 2 jobs, 2 new
[2022-05-12T15:12:26+0200] [MainThread] [I] [toil.job] Processing job 'ResolveIndirect' kind-ResolveIndirect/instance-bdpa03if v0
[2022-05-12T15:12:26+0200] [MainThread] [I] [toil.job] Processing job 'CWLWorkflow' kind-CWLWorkflow/instance-sdelgp06 v0
[2022-05-12T15:12:26+0200] [MainThread] [I] [toil] Running Toil version 5.6.0-c34146a6437e4407a61e946e968bcce67a0ebbca on host mrc-tux.
[2022-05-12T15:12:26+0200] [MainThread] [I] [toil.worker] Redirecting logging to /tmp/f29d5df48e155df1affd042cfd9e4321/0675/worker_log.txt
[2022-05-12T15:12:27+0200] [MainThread] [I] [toil.leader] 0 jobs are running, 0 jobs are issued and waiting to run
[2022-05-12T15:12:28+0200] [MainThread] [I] [toil.worker] Redirecting logging to /tmp/f29d5df48e155df1affd042cfd9e4321/d90b/worker_log.txt
[2022-05-12T15:12:28+0200] [MainThread] [I] [toil.leader] Issued job 'CWLJob' scatter-valuefrom-wf2.cwl[0].step1command kind-CWLJob/instance-bt3ac98v v1 with job batch system ID: 2 and cores: 1, disk: 3.0 Gi, and memory: 2.0 Gi
[2022-05-12T15:12:28+0200] [MainThread] [I] [toil.leader] Issued job 'CWLJob' scatter-valuefrom-wf2.cwl[1].step1command kind-CWLJob/instance-fk4iwkdg v1 with job batch system ID: 3 and cores: 1, disk: 3.0 Gi, and memory: 2.0 Gi
[2022-05-12T15:12:28+0200] [MainThread] [I] [toil.leader] Issued job 'CWLJob' scatter-valuefrom-wf2.cwl[0].step1command kind-CWLJob/instance-h4wqd9u9 v1 with job batch system ID: 4 and cores: 1, disk: 3.0 Gi, and memory: 2.0 Gi
[2022-05-12T15:12:28+0200] [MainThread] [I] [toil.leader] Issued job 'CWLJob' scatter-valuefrom-wf2.cwl[1].step1command kind-CWLJob/instance-hxwmqaev v1 with job batch system ID: 5 and cores: 1, disk: 3.0 Gi, and memory: 2.0 Gi
[2022-05-12T15:12:29+0200] [MainThread] [I] [toil.worker] Redirecting logging to /tmp/f29d5df48e155df1affd042cfd9e4321/9ed2/worker_log.txt
[2022-05-12T15:12:29+0200] [MainThread] [I] [toil.worker] Redirecting logging to /tmp/f29d5df48e155df1affd042cfd9e4321/8ace/worker_log.txt
[2022-05-12T15:12:29+0200] [MainThread] [I] [toil.worker] Redirecting logging to /tmp/f29d5df48e155df1affd042cfd9e4321/7c70/worker_log.txt
[2022-05-12T15:12:29+0200] [MainThread] [I] [toil.worker] Redirecting logging to /tmp/f29d5df48e155df1affd042cfd9e4321/2ca0/worker_log.txt
[2022-05-12T15:12:30+0200] [MainThread] [I] [toil.worker] Redirecting logging to /tmp/f29d5df48e155df1affd042cfd9e4321/e41f/worker_log.txt
[2022-05-12T15:12:31+0200] [MainThread] [I] [toil.worker] Redirecting logging to /tmp/f29d5df48e155df1affd042cfd9e4321/b2e7/worker_log.txt
[2022-05-12T15:12:32+0200] [MainThread] [I] [toil.worker] Redirecting logging to /tmp/f29d5df48e155df1affd042cfd9e4321/0cc0/worker_log.txt
[2022-05-12T15:12:33+0200] [MainThread] [I] [toil.worker] Redirecting logging to /tmp/f29d5df48e155df1affd042cfd9e4321/2c46/worker_log.txt
[2022-05-12T15:12:35+0200] [MainThread] [I] [toil.leader] Finished toil run successfully.
[2022-05-12T15:12:35+0200] [MainThread] [I] [toil.common] Successfully deleted the job store: FileJobStore(/tmp/tmpb3o_9qln)
</system-err>
		</testcase>
		<testcase name="Test workflow scatter with two scatter parameters and flat_crossproduct join method and valueFrom on step input" time="14.902647" class="scatter, step_input, workflow" file="wf_scatter_twoparam_flat_crossproduct_valuefrom" url="cwltest:conformance_tests#79">
			<system-out>{
    &quot;out&quot;: [
        &quot;foo one one three&quot;,
        &quot;foo one one four&quot;,
        &quot;foo one two three&quot;,
        &quot;foo one two four&quot;
    ]
}</system-out>
			<system-err>[2022-05-12T15:12:21+0200] [MainThread] [I] [cwltool] Resolved 'tests/scatter-valuefrom-wf3.cwl#main' to 'file:///home/michael/cwl-v1.1/tests/scatter-valuefrom-wf3.cwl#main'
[2022-05-12T15:12:26+0200] [MainThread] [I] [toil.job] Saving graph of 2 jobs, 2 new
[2022-05-12T15:12:26+0200] [MainThread] [I] [toil.job] Processing job 'ResolveIndirect' kind-ResolveIndirect/instance-mleqc7su v0
[2022-05-12T15:12:26+0200] [MainThread] [I] [toil.job] Processing job 'CWLWorkflow' kind-CWLWorkflow/instance-_xxomnht v0
[2022-05-12T15:12:26+0200] [MainThread] [I] [toil] Running Toil version 5.6.0-c34146a6437e4407a61e946e968bcce67a0ebbca on host mrc-tux.
[2022-05-12T15:12:27+0200] [MainThread] [I] [toil.worker] Redirecting logging to /tmp/7fdd62b063905095b77eeb840edc8aa0/c69e/worker_log.txt
[2022-05-12T15:12:27+0200] [MainThread] [I] [toil.leader] 0 jobs are running, 0 jobs are issued and waiting to run
[2022-05-12T15:12:28+0200] [MainThread] [I] [toil.worker] Redirecting logging to /tmp/7fdd62b063905095b77eeb840edc8aa0/b5ad/worker_log.txt
[2022-05-12T15:12:28+0200] [MainThread] [I] [toil.leader] Issued job 'CWLJob' main[0].echo kind-CWLJob/instance-8_4xiw2b v1 with job batch system ID: 2 and cores: 1, disk: 3.0 Gi, and memory: 2.0 Gi
[2022-05-12T15:12:28+0200] [MainThread] [I] [toil.leader] Issued job 'CWLJob' main[1].echo kind-CWLJob/instance-16p8x8ba v1 with job batch system ID: 3 and cores: 1, disk: 3.0 Gi, and memory: 2.0 Gi
[2022-05-12T15:12:28+0200] [MainThread] [I] [toil.leader] Issued job 'CWLJob' main[1].echo kind-CWLJob/instance-tpg1xft_ v1 with job batch system ID: 4 and cores: 1, disk: 3.0 Gi, and memory: 2.0 Gi
[2022-05-12T15:12:28+0200] [MainThread] [I] [toil.leader] Issued job 'CWLJob' main[0].echo kind-CWLJob/instance-keeexmgq v1 with job batch system ID: 5 and cores: 1, disk: 3.0 Gi, and memory: 2.0 Gi
[2022-05-12T15:12:29+0200] [MainThread] [I] [toil.worker] Redirecting logging to /tmp/7fdd62b063905095b77eeb840edc8aa0/96eb/worker_log.txt
[2022-05-12T15:12:29+0200] [MainThread] [I] [toil.worker] Redirecting logging to /tmp/7fdd62b063905095b77eeb840edc8aa0/49d5/worker_log.txt
[2022-05-12T15:12:29+0200] [MainThread] [I] [toil.worker] Redirecting logging to /tmp/7fdd62b063905095b77eeb840edc8aa0/84df/worker_log.txt
[2022-05-12T15:12:29+0200] [MainThread] [I] [toil.worker] Redirecting logging to /tmp/7fdd62b063905095b77eeb840edc8aa0/a030/worker_log.txt
[2022-05-12T15:12:31+0200] [MainThread] [I] [toil.worker] Redirecting logging to /tmp/7fdd62b063905095b77eeb840edc8aa0/33ce/worker_log.txt
[2022-05-12T15:12:32+0200] [MainThread] [I] [toil.worker] Redirecting logging to /tmp/7fdd62b063905095b77eeb840edc8aa0/c4cc/worker_log.txt
[2022-05-12T15:12:32+0200] [MainThread] [I] [toil.worker] Redirecting logging to /tmp/7fdd62b063905095b77eeb840edc8aa0/bdaa/worker_log.txt
[2022-05-12T15:12:33+0200] [MainThread] [I] [toil.worker] Redirecting logging to /tmp/7fdd62b063905095b77eeb840edc8aa0/7f57/worker_log.txt
[2022-05-12T15:12:35+0200] [MainThread] [I] [toil.leader] Finished toil run successfully.
[2022-05-12T15:12:35+0200] [MainThread] [I] [toil.common] Successfully deleted the job store: FileJobStore(/tmp/tmpazwd02dz)
</system-err>
		</testcase>
		<testcase name="Test workflow scatter with two scatter parameters and dotproduct join method and valueFrom on step input" time="13.403102" class="scatter, step_input, workflow" file="wf_scatter_twoparam_dotproduct_valuefrom" url="cwltest:conformance_tests#80">
			<system-out>{
    &quot;out&quot;: [
        &quot;foo one one three&quot;,
        &quot;foo one two four&quot;
    ]
}</system-out>
			<system-err>[2022-05-12T15:12:24+0200] [MainThread] [I] [cwltool] Resolved 'tests/scatter-valuefrom-wf4.cwl#main' to 'file:///home/michael/cwl-v1.1/tests/scatter-valuefrom-wf4.cwl#main'
[2022-05-12T15:12:28+0200] [MainThread] [I] [toil.job] Saving graph of 2 jobs, 2 new
[2022-05-12T15:12:28+0200] [MainThread] [I] [toil.job] Processing job 'ResolveIndirect' kind-ResolveIndirect/instance-in8yjyr_ v0
[2022-05-12T15:12:28+0200] [MainThread] [I] [toil.job] Processing job 'CWLWorkflow' kind-CWLWorkflow/instance-oj7t9qgr v0
[2022-05-12T15:12:28+0200] [MainThread] [I] [toil] Running Toil version 5.6.0-c34146a6437e4407a61e946e968bcce67a0ebbca on host mrc-tux.
[2022-05-12T15:12:28+0200] [MainThread] [I] [toil.worker] Redirecting logging to /tmp/6c11bbf5517e59108862c681e876ca7a/0668/worker_log.txt
[2022-05-12T15:12:29+0200] [MainThread] [I] [toil.leader] 0 jobs are running, 0 jobs are issued and waiting to run
[2022-05-12T15:12:30+0200] [MainThread] [I] [toil.worker] Redirecting logging to /tmp/6c11bbf5517e59108862c681e876ca7a/35b9/worker_log.txt
[2022-05-12T15:12:30+0200] [MainThread] [I] [toil.leader] Issued job 'CWLJob' main[0].echo kind-CWLJob/instance-5l2nhix1 v1 with job batch system ID: 2 and cores: 1, disk: 3.0 Gi, and memory: 2.0 Gi
[2022-05-12T15:12:30+0200] [MainThread] [I] [toil.leader] Issued job 'CWLJob' main[1].echo kind-CWLJob/instance-623hjktr v1 with job batch system ID: 3 and cores: 1, disk: 3.0 Gi, and memory: 2.0 Gi
[2022-05-12T15:12:31+0200] [MainThread] [I] [toil.worker] Redirecting logging to /tmp/6c11bbf5517e59108862c681e876ca7a/aeea/worker_log.txt
[2022-05-12T15:12:31+0200] [MainThread] [I] [toil.worker] Redirecting logging to /tmp/6c11bbf5517e59108862c681e876ca7a/0f46/worker_log.txt
[2022-05-12T15:12:32+0200] [MainThread] [I] [toil.worker] Redirecting logging to /tmp/6c11bbf5517e59108862c681e876ca7a/7785/worker_log.txt
[2022-05-12T15:12:33+0200] [MainThread] [I] [toil.worker] Redirecting logging to /tmp/6c11bbf5517e59108862c681e876ca7a/fe0c/worker_log.txt
[2022-05-12T15:12:33+0200] [MainThread] [I] [toil.worker] Redirecting logging to /tmp/6c11bbf5517e59108862c681e876ca7a/a0b5/worker_log.txt
[2022-05-12T15:12:34+0200] [MainThread] [I] [toil.worker] Redirecting logging to /tmp/6c11bbf5517e59108862c681e876ca7a/21e8/worker_log.txt
[2022-05-12T15:12:36+0200] [MainThread] [I] [toil.leader] Finished toil run successfully.
[2022-05-12T15:12:36+0200] [MainThread] [I] [toil.common] Successfully deleted the job store: FileJobStore(/tmp/tmp4u4brl86)
</system-err>
		</testcase>
		<testcase name="Test workflow scatter with single scatter parameter and two valueFrom on step input (current el twice)" time="10.573411" class="scatter, step_input, workflow" file="wf_scatter_oneparam_valuefrom_twice_current_el" url="cwltest:conformance_tests#81">
			<system-out>{
    &quot;out&quot;: [
        &quot;foo one one&quot;,
        &quot;foo two two&quot;,
        &quot;foo three three&quot;,
        &quot;foo four four&quot;
    ]
}</system-out>
			<system-err>[2022-05-12T15:12:33+0200] [MainThread] [I] [cwltool] Resolved 'tests/scatter-valuefrom-wf5.cwl' to 'file:///home/michael/cwl-v1.1/tests/scatter-valuefrom-wf5.cwl'
[2022-05-12T15:12:36+0200] [MainThread] [I] [toil.job] Saving graph of 2 jobs, 2 new
[2022-05-12T15:12:36+0200] [MainThread] [I] [toil.job] Processing job 'ResolveIndirect' kind-ResolveIndirect/instance-fxfyrg0t v0
[2022-05-12T15:12:36+0200] [MainThread] [I] [toil.job] Processing job 'CWLWorkflow' kind-CWLWorkflow/instance-4pz19bw6 v0
[2022-05-12T15:12:36+0200] [MainThread] [I] [toil] Running Toil version 5.6.0-c34146a6437e4407a61e946e968bcce67a0ebbca on host mrc-tux.
[2022-05-12T15:12:37+0200] [MainThread] [I] [toil.worker] Redirecting logging to /tmp/c50e493284f654be936b1389289d4319/ef93/worker_log.txt
[2022-05-12T15:12:37+0200] [MainThread] [I] [toil.leader] 0 jobs are running, 0 jobs are issued and waiting to run
[2022-05-12T15:12:37+0200] [MainThread] [I] [toil.worker] Redirecting logging to /tmp/c50e493284f654be936b1389289d4319/7aba/worker_log.txt
[2022-05-12T15:12:38+0200] [MainThread] [I] [toil.leader] Issued job 'CWLJob' scatter-valuefrom-wf5.cwl[2]._:029483dc-c1b0-4ca7-a19a-68a08b2e53af kind-CWLJob/instance-tlzcbbbe v1 with job batch system ID: 2 and cores: 1, disk: 3.0 Gi, and memory: 2.0 Gi
[2022-05-12T15:12:38+0200] [MainThread] [I] [toil.leader] Issued job 'CWLJob' scatter-valuefrom-wf5.cwl[0]._:029483dc-c1b0-4ca7-a19a-68a08b2e53af kind-CWLJob/instance-2l3h6dfy v1 with job batch system ID: 3 and cores: 1, disk: 3.0 Gi, and memory: 2.0 Gi
[2022-05-12T15:12:38+0200] [MainThread] [I] [toil.leader] Issued job 'CWLJob' scatter-valuefrom-wf5.cwl[3]._:029483dc-c1b0-4ca7-a19a-68a08b2e53af kind-CWLJob/instance-sn9bdggi v1 with job batch system ID: 4 and cores: 1, disk: 3.0 Gi, and memory: 2.0 Gi
[2022-05-12T15:12:38+0200] [MainThread] [I] [toil.leader] Issued job 'CWLJob' scatter-valuefrom-wf5.cwl[1]._:029483dc-c1b0-4ca7-a19a-68a08b2e53af kind-CWLJob/instance-gmlt5r54 v1 with job batch system ID: 5 and cores: 1, disk: 3.0 Gi, and memory: 2.0 Gi
[2022-05-12T15:12:38+0200] [MainThread] [I] [toil.worker] Redirecting logging to /tmp/c50e493284f654be936b1389289d4319/b65a/worker_log.txt
[2022-05-12T15:12:38+0200] [MainThread] [I] [toil.worker] Redirecting logging to /tmp/c50e493284f654be936b1389289d4319/945f/worker_log.txt
[2022-05-12T15:12:38+0200] [MainThread] [I] [toil.worker] Redirecting logging to /tmp/c50e493284f654be936b1389289d4319/222e/worker_log.txt
[2022-05-12T15:12:38+0200] [MainThread] [I] [toil.worker] Redirecting logging to /tmp/c50e493284f654be936b1389289d4319/fcde/worker_log.txt
[2022-05-12T15:12:39+0200] [MainThread] [I] [toil.worker] Redirecting logging to /tmp/c50e493284f654be936b1389289d4319/111c/worker_log.txt
[2022-05-12T15:12:40+0200] [MainThread] [I] [toil.worker] Redirecting logging to /tmp/c50e493284f654be936b1389289d4319/8fcd/worker_log.txt
[2022-05-12T15:12:41+0200] [MainThread] [I] [toil.worker] Redirecting logging to /tmp/c50e493284f654be936b1389289d4319/62c5/worker_log.txt
[2022-05-12T15:12:42+0200] [MainThread] [I] [toil.worker] Redirecting logging to /tmp/c50e493284f654be936b1389289d4319/adf8/worker_log.txt
[2022-05-12T15:12:43+0200] [MainThread] [I] [toil.leader] Finished toil run successfully.
[2022-05-12T15:12:43+0200] [MainThread] [I] [toil.common] Successfully deleted the job store: FileJobStore(/tmp/tmpje5ue3xo)
</system-err>
		</testcase>
		<testcase name="Test valueFrom eval on scattered input parameter" time="11.273026" class="scatter, step_input, workflow" file="wf_scatter_oneparam_valueFrom" url="cwltest:conformance_tests#82">
			<system-out>{
    &quot;out_message&quot;: [
        {
            &quot;location&quot;: &quot;file:///tmp/tmpq7uc3sw9/9ccbb2fefcbd8440976430a4c08361e3188976dc&quot;,
            &quot;basename&quot;: &quot;9ccbb2fefcbd8440976430a4c08361e3188976dc&quot;,
            &quot;nameroot&quot;: &quot;9ccbb2fefcbd8440976430a4c08361e3188976dc&quot;,
            &quot;nameext&quot;: &quot;&quot;,
            &quot;class&quot;: &quot;File&quot;,
            &quot;checksum&quot;: &quot;sha1$98030575f6fc40e5021be5a8803a6bef94aee11f&quot;,
            &quot;size&quot;: 16
        },
        {
            &quot;location&quot;: &quot;file:///tmp/tmpq7uc3sw9/9ccbb2fefcbd8440976430a4c08361e3188976dc_2&quot;,
            &quot;basename&quot;: &quot;9ccbb2fefcbd8440976430a4c08361e3188976dc&quot;,
            &quot;nameroot&quot;: &quot;9ccbb2fefcbd8440976430a4c08361e3188976dc&quot;,
            &quot;nameext&quot;: &quot;&quot;,
            &quot;class&quot;: &quot;File&quot;,
            &quot;checksum&quot;: &quot;sha1$edcacd50778d98ae113015406b3195c165059dd8&quot;,
            &quot;size&quot;: 16
        }
    ]
}</system-out>
			<system-err>[2022-05-12T15:12:35+0200] [MainThread] [I] [cwltool] Resolved 'tests/scatter-valuefrom-wf6.cwl' to 'file:///home/michael/cwl-v1.1/tests/scatter-valuefrom-wf6.cwl'
[2022-05-12T15:12:39+0200] [MainThread] [I] [toil.job] Saving graph of 2 jobs, 2 new
[2022-05-12T15:12:39+0200] [MainThread] [I] [toil.job] Processing job 'ResolveIndirect' kind-ResolveIndirect/instance-w657e_1s v0
[2022-05-12T15:12:39+0200] [MainThread] [I] [toil.job] Processing job 'CWLWorkflow' kind-CWLWorkflow/instance-vuza_5zs v0
[2022-05-12T15:12:39+0200] [MainThread] [I] [toil] Running Toil version 5.6.0-c34146a6437e4407a61e946e968bcce67a0ebbca on host mrc-tux.
[2022-05-12T15:12:39+0200] [MainThread] [I] [toil.worker] Redirecting logging to /tmp/38734350ada3531c9e5c47688484d819/ec11/worker_log.txt
[2022-05-12T15:12:40+0200] [MainThread] [I] [toil.leader] 0 jobs are running, 0 jobs are issued and waiting to run
[2022-05-12T15:12:40+0200] [MainThread] [I] [toil.worker] Redirecting logging to /tmp/38734350ada3531c9e5c47688484d819/c7f1/worker_log.txt
[2022-05-12T15:12:41+0200] [MainThread] [I] [toil.leader] Issued job 'CWLJob' scatter-valuefrom-wf6.cwl[1].scatter-valueFrom-tool.cwl kind-CWLJob/instance-02zkeoq8 v1 with job batch system ID: 2 and cores: 1, disk: 3.0 Gi, and memory: 2.0 Gi
[2022-05-12T15:12:41+0200] [MainThread] [I] [toil.leader] Issued job 'CWLJob' scatter-valuefrom-wf6.cwl[0].scatter-valueFrom-tool.cwl kind-CWLJob/instance-ikcdvps3 v1 with job batch system ID: 3 and cores: 1, disk: 3.0 Gi, and memory: 2.0 Gi
[2022-05-12T15:12:41+0200] [MainThread] [I] [toil.worker] Redirecting logging to /tmp/38734350ada3531c9e5c47688484d819/f97f/worker_log.txt
[2022-05-12T15:12:41+0200] [MainThread] [I] [toil.worker] Redirecting logging to /tmp/38734350ada3531c9e5c47688484d819/8197/worker_log.txt
[2022-05-12T15:12:42+0200] [MainThread] [I] [toil.worker] Redirecting logging to /tmp/38734350ada3531c9e5c47688484d819/5162/worker_log.txt
[2022-05-12T15:12:43+0200] [MainThread] [I] [toil.worker] Redirecting logging to /tmp/38734350ada3531c9e5c47688484d819/d3dc/worker_log.txt
[2022-05-12T15:12:44+0200] [MainThread] [I] [toil.worker] Redirecting logging to /tmp/38734350ada3531c9e5c47688484d819/e129/worker_log.txt
[2022-05-12T15:12:44+0200] [MainThread] [I] [toil.worker] Redirecting logging to /tmp/38734350ada3531c9e5c47688484d819/d289/worker_log.txt
[2022-05-12T15:12:46+0200] [MainThread] [I] [toil.leader] Finished toil run successfully.
[2022-05-12T15:12:46+0200] [MainThread] [I] [toil.common] Successfully deleted the job store: FileJobStore(/tmp/tmpxayke_nf)
</system-err>
		</testcase>
		<testcase name="Test workflow two input files with same name." time="13.498048" class="required, workflow" file="wf_two_inputfiles_namecollision" url="cwltest:conformance_tests#83">
			<system-out>{
    &quot;fileout&quot;: {
        &quot;location&quot;: &quot;file:///tmp/tmp291js4nz/out.txt&quot;,
        &quot;basename&quot;: &quot;out.txt&quot;,
        &quot;nameroot&quot;: &quot;out&quot;,
        &quot;nameext&quot;: &quot;.txt&quot;,
        &quot;class&quot;: &quot;File&quot;,
        &quot;checksum&quot;: &quot;sha1$a2d8d6e7b28295dc9977dc3bdb652ddd480995f0&quot;,
        &quot;size&quot;: 25
    }
}</system-out>
			<system-err>[2022-05-12T15:12:36+0200] [MainThread] [I] [cwltool] Resolved 'tests/conflict-wf.cwl#collision' to 'file:///home/michael/cwl-v1.1/tests/conflict-wf.cwl#collision'
[2022-05-12T15:12:41+0200] [MainThread] [I] [toil.job] Saving graph of 2 jobs, 2 new
[2022-05-12T15:12:41+0200] [MainThread] [I] [toil.job] Processing job 'ResolveIndirect' kind-ResolveIndirect/instance-8qer7jo_ v0
[2022-05-12T15:12:41+0200] [MainThread] [I] [toil.job] Processing job 'CWLWorkflow' kind-CWLWorkflow/instance-gbqyrtxj v0
[2022-05-12T15:12:41+0200] [MainThread] [I] [toil] Running Toil version 5.6.0-c34146a6437e4407a61e946e968bcce67a0ebbca on host mrc-tux.
[2022-05-12T15:12:42+0200] [MainThread] [I] [toil.worker] Redirecting logging to /tmp/18ca922625395f0d9f23071217fd4dcc/3d21/worker_log.txt
[2022-05-12T15:12:42+0200] [MainThread] [I] [toil.leader] 0 jobs are running, 0 jobs are issued and waiting to run
[2022-05-12T15:12:42+0200] [MainThread] [I] [toil.leader] Issued job 'CWLJob' collision.echo_1.echo kind-CWLJob/instance-7oxej1p_ v1 with job batch system ID: 1 and cores: 1, disk: 3.0 Gi, and memory: 2.0 Gi
[2022-05-12T15:12:42+0200] [MainThread] [I] [toil.leader] Issued job 'CWLJob' collision.echo_2.echo kind-CWLJob/instance-hd7_o6_8 v1 with job batch system ID: 2 and cores: 1, disk: 3.0 Gi, and memory: 2.0 Gi
[2022-05-12T15:12:43+0200] [MainThread] [I] [toil.worker] Redirecting logging to /tmp/18ca922625395f0d9f23071217fd4dcc/5492/worker_log.txt
[2022-05-12T15:12:43+0200] [MainThread] [I] [toil.worker] Redirecting logging to /tmp/18ca922625395f0d9f23071217fd4dcc/af76/worker_log.txt
[2022-05-12T15:12:43+0200] [MainThread] [I] [toil.leader] Issued job 'CWLJob' collision.cat_step.cat kind-CWLJob/instance-v_p_tfwe v1 with job batch system ID: 3 and cores: 1, disk: 3.0 Gi, and memory: 2.0 Gi
[2022-05-12T15:12:44+0200] [MainThread] [I] [toil.worker] Redirecting logging to /tmp/18ca922625395f0d9f23071217fd4dcc/8a2e/worker_log.txt
[2022-05-12T15:12:44+0200] [MainThread] [I] [toil.leader] Issued job 'CWLJob' collision.echo_1.echo kind-CWLJob/instance-7oxej1p_ v2 with job batch system ID: 4 and cores: 1, disk: 3.0 Gi, and memory: 2.0 Gi
[2022-05-12T15:12:44+0200] [MainThread] [I] [toil.leader] Issued job 'CWLJob' collision.echo_2.echo kind-CWLJob/instance-hd7_o6_8 v2 with job batch system ID: 5 and cores: 1, disk: 3.0 Gi, and memory: 2.0 Gi
[2022-05-12T15:12:44+0200] [MainThread] [I] [toil.worker] Redirecting logging to /tmp/18ca922625395f0d9f23071217fd4dcc/100f/worker_log.txt
[2022-05-12T15:12:45+0200] [MainThread] [I] [toil.worker] Redirecting logging to /tmp/18ca922625395f0d9f23071217fd4dcc/fb4b/worker_log.txt
[2022-05-12T15:12:45+0200] [MainThread] [I] [toil.worker] Redirecting logging to /tmp/18ca922625395f0d9f23071217fd4dcc/a102/worker_log.txt
[2022-05-12T15:12:46+0200] [MainThread] [I] [toil.worker] Redirecting logging to /tmp/18ca922625395f0d9f23071217fd4dcc/66e9/worker_log.txt
[2022-05-12T15:12:49+0200] [MainThread] [I] [toil.leader] Finished toil run successfully.
[2022-05-12T15:12:49+0200] [MainThread] [I] [toil.common] Successfully deleted the job store: FileJobStore(/tmp/tmpvxk_rglp)
</system-err>
		</testcase>
		<testcase name="Test directory input with parameter reference" time="5.462169" class="shell_command, command_line_tool" file="directory_input_param_ref" url="cwltest:conformance_tests#84">
			<system-out>{
    &quot;outlist&quot;: {
        &quot;location&quot;: &quot;file:///tmp/tmproha4brf/output.txt&quot;,
        &quot;basename&quot;: &quot;output.txt&quot;,
        &quot;nameroot&quot;: &quot;output&quot;,
        &quot;nameext&quot;: &quot;.txt&quot;,
        &quot;class&quot;: &quot;File&quot;,
        &quot;checksum&quot;: &quot;sha1$13cda8661796ae241da3a18668fb552161a72592&quot;,
        &quot;size&quot;: 20
    }
}</system-out>
			<system-err>[2022-05-12T15:12:36+0200] [MainThread] [I] [cwltool] Resolved 'tests/dir.cwl' to 'file:///home/michael/cwl-v1.1/tests/dir.cwl'
[2022-05-12T15:12:39+0200] [MainThread] [I] [toil.job] Saving graph of 1 jobs, 1 new
[2022-05-12T15:12:39+0200] [MainThread] [I] [toil.job] Processing job 'CWLJob' dir.cwl kind-CWLJob/instance-di50m8jl v0
[2022-05-12T15:12:39+0200] [MainThread] [I] [toil] Running Toil version 5.6.0-c34146a6437e4407a61e946e968bcce67a0ebbca on host mrc-tux.
[2022-05-12T15:12:39+0200] [MainThread] [I] [toil.leader] Issued job 'CWLJob' dir.cwl kind-CWLJob/instance-di50m8jl v1 with job batch system ID: 0 and cores: 1, disk: 3.0 Gi, and memory: 2.0 Gi
[2022-05-12T15:12:40+0200] [MainThread] [I] [toil.worker] Redirecting logging to /tmp/41ab97f76ecc55cb8c0846df57f12f71/cc13/worker_log.txt
[2022-05-12T15:12:40+0200] [MainThread] [I] [toil.leader] 0 jobs are running, 0 jobs are issued and waiting to run
[2022-05-12T15:12:41+0200] [MainThread] [I] [toil.leader] Finished toil run successfully.
[2022-05-12T15:12:41+0200] [MainThread] [I] [toil.common] Successfully deleted the job store: FileJobStore(/tmp/tmpgakz9vet)
</system-err>
		</testcase>
		<testcase name="Test directory input in Docker" time="6.119608" class="required, command_line_tool, shell_command" file="directory_input_docker" url="cwltest:conformance_tests#85">
			<system-out>{
    &quot;outlist&quot;: {
        &quot;location&quot;: &quot;file:///tmp/tmpdxq14ix6/output.txt&quot;,
        &quot;basename&quot;: &quot;output.txt&quot;,
        &quot;nameroot&quot;: &quot;output&quot;,
        &quot;nameext&quot;: &quot;.txt&quot;,
        &quot;class&quot;: &quot;File&quot;,
        &quot;checksum&quot;: &quot;sha1$13cda8661796ae241da3a18668fb552161a72592&quot;,
        &quot;size&quot;: 20
    }
}</system-out>
			<system-err>[2022-05-12T15:12:42+0200] [MainThread] [I] [cwltool] Resolved 'tests/dir2.cwl' to 'file:///home/michael/cwl-v1.1/tests/dir2.cwl'
[2022-05-12T15:12:44+0200] [MainThread] [I] [toil.job] Saving graph of 1 jobs, 1 new
[2022-05-12T15:12:44+0200] [MainThread] [I] [toil.job] Processing job 'CWLJob' dir2.cwl kind-CWLJob/instance-7jzusian v0
[2022-05-12T15:12:44+0200] [MainThread] [I] [toil] Running Toil version 5.6.0-c34146a6437e4407a61e946e968bcce67a0ebbca on host mrc-tux.
[2022-05-12T15:12:44+0200] [MainThread] [I] [toil.leader] Issued job 'CWLJob' dir2.cwl kind-CWLJob/instance-7jzusian v1 with job batch system ID: 0 and cores: 1, disk: 3.0 Gi, and memory: 2.0 Gi
[2022-05-12T15:12:45+0200] [MainThread] [I] [toil.worker] Redirecting logging to /tmp/ab835b70c8c45d5b8d7f24ddfef7dccc/27d4/worker_log.txt
[2022-05-12T15:12:46+0200] [MainThread] [I] [toil.leader] 0 jobs are running, 0 jobs are issued and waiting to run
[2022-05-12T15:12:47+0200] [MainThread] [I] [toil.leader] Finished toil run successfully.
[2022-05-12T15:12:47+0200] [MainThread] [I] [toil.common] Successfully deleted the job store: FileJobStore(/tmp/tmp17xp0ff9)
</system-err>
		</testcase>
		<testcase name="Test directory output" time="5.355773" class="required, command_line_tool" file="directory_output" url="cwltest:conformance_tests#86">
			<system-out>{
    &quot;outdir&quot;: {
        &quot;location&quot;: &quot;file:///tmp/tmpkuymyr4a/tmphnwocj28&quot;,
        &quot;basename&quot;: &quot;tmphnwocj28&quot;,
        &quot;nameroot&quot;: &quot;tmphnwocj28&quot;,
        &quot;nameext&quot;: &quot;&quot;,
        &quot;class&quot;: &quot;Directory&quot;,
        &quot;listing&quot;: [
            {
                &quot;class&quot;: &quot;File&quot;,
                &quot;location&quot;: &quot;file:///tmp/tmpkuymyr4a/tmphnwocj28/goodbye.txt&quot;,
                &quot;basename&quot;: &quot;goodbye.txt&quot;,
                &quot;size&quot;: 24,
                &quot;nameroot&quot;: &quot;goodbye&quot;,
                &quot;nameext&quot;: &quot;.txt&quot;,
                &quot;checksum&quot;: &quot;sha1$dd0a4c4c49ba43004d6611771972b6cf969c1c01&quot;
            },
            {
                &quot;class&quot;: &quot;File&quot;,
                &quot;location&quot;: &quot;file:///tmp/tmpkuymyr4a/tmphnwocj28/hello.txt&quot;,
                &quot;basename&quot;: &quot;hello.txt&quot;,
                &quot;size&quot;: 13,
                &quot;nameroot&quot;: &quot;hello&quot;,
                &quot;nameext&quot;: &quot;.txt&quot;,
                &quot;checksum&quot;: &quot;sha1$47a013e660d408619d894b20806b1d5086aab03b&quot;
            }
        ]
    }
}</system-out>
			<system-err>[2022-05-12T15:12:44+0200] [MainThread] [I] [cwltool] Resolved 'tests/dir3.cwl' to 'file:///home/michael/cwl-v1.1/tests/dir3.cwl'
[2022-05-12T15:12:47+0200] [MainThread] [I] [toil.job] Saving graph of 1 jobs, 1 new
[2022-05-12T15:12:47+0200] [MainThread] [I] [toil.job] Processing job 'CWLJob' dir3.cwl kind-CWLJob/instance-89ihz2l0 v0
[2022-05-12T15:12:47+0200] [MainThread] [I] [toil] Running Toil version 5.6.0-c34146a6437e4407a61e946e968bcce67a0ebbca on host mrc-tux.
[2022-05-12T15:12:47+0200] [MainThread] [I] [toil.leader] Issued job 'CWLJob' dir3.cwl kind-CWLJob/instance-89ihz2l0 v1 with job batch system ID: 0 and cores: 1, disk: 3.0 Gi, and memory: 2.0 Gi
[2022-05-12T15:12:47+0200] [MainThread] [I] [toil.worker] Redirecting logging to /tmp/44ad55793e4c558e8b22f3184aa86484/e53b/worker_log.txt
[2022-05-12T15:12:47+0200] [MainThread] [I] [toil.leader] 0 jobs are running, 0 jobs are issued and waiting to run
[2022-05-12T15:12:49+0200] [MainThread] [I] [toil.leader] Finished toil run successfully.
[2022-05-12T15:12:49+0200] [MainThread] [I] [toil.common] Successfully deleted the job store: FileJobStore(/tmp/tmpwl0m4vku)
</system-err>
		</testcase>
		<testcase name="Test directories in secondaryFiles" time="4.552176" class="shell_command, command_line_tool" file="directory_secondaryfiles" url="cwltest:conformance_tests#87">
			<system-out>{
    &quot;outlist&quot;: {
        &quot;location&quot;: &quot;file:///tmp/tmpweg0w_d5/output.txt&quot;,
        &quot;basename&quot;: &quot;output.txt&quot;,
        &quot;nameroot&quot;: &quot;output&quot;,
        &quot;nameext&quot;: &quot;.txt&quot;,
        &quot;class&quot;: &quot;File&quot;,
        &quot;checksum&quot;: &quot;sha1$13cda8661796ae241da3a18668fb552161a72592&quot;,
        &quot;size&quot;: 20
    }
}</system-out>
			<system-err>[2022-05-12T15:12:47+0200] [MainThread] [I] [cwltool] Resolved 'tests/dir4.cwl' to 'file:///home/michael/cwl-v1.1/tests/dir4.cwl'
[2022-05-12T15:12:48+0200] [MainThread] [I] [toil.job] Saving graph of 1 jobs, 1 new
[2022-05-12T15:12:48+0200] [MainThread] [I] [toil.job] Processing job 'CWLJob' dir4.cwl kind-CWLJob/instance-24157crl v0
[2022-05-12T15:12:49+0200] [MainThread] [I] [toil] Running Toil version 5.6.0-c34146a6437e4407a61e946e968bcce67a0ebbca on host mrc-tux.
[2022-05-12T15:12:49+0200] [MainThread] [I] [toil.leader] Issued job 'CWLJob' dir4.cwl kind-CWLJob/instance-24157crl v1 with job batch system ID: 0 and cores: 1, disk: 3.0 Gi, and memory: 2.0 Gi
[2022-05-12T15:12:49+0200] [MainThread] [I] [toil.worker] Redirecting logging to /tmp/8fd06c1a6d3e56f08cadfa25682e74f6/4233/worker_log.txt
[2022-05-12T15:12:49+0200] [MainThread] [I] [toil.leader] 0 jobs are running, 0 jobs are issued and waiting to run
[2022-05-12T15:12:51+0200] [MainThread] [I] [toil.leader] Finished toil run successfully.
[2022-05-12T15:12:51+0200] [MainThread] [I] [toil.common] Successfully deleted the job store: FileJobStore(/tmp/tmpvsl100l8)
</system-err>
		</testcase>
		<testcase name="Test dynamic initial work dir" time="4.640880" class="shell_command, initial_work_dir, command_line_tool" file="dynamic_initial_workdir" url="cwltest:conformance_tests#88">
			<system-out>{
    &quot;outlist&quot;: {
        &quot;location&quot;: &quot;file:///tmp/tmpffbczb4m/output.txt&quot;,
        &quot;basename&quot;: &quot;output.txt&quot;,
        &quot;nameroot&quot;: &quot;output&quot;,
        &quot;nameext&quot;: &quot;.txt&quot;,
        &quot;class&quot;: &quot;File&quot;,
        &quot;checksum&quot;: &quot;sha1$13cda8661796ae241da3a18668fb552161a72592&quot;,
        &quot;size&quot;: 20
    }
}</system-out>
			<system-err>[2022-05-12T15:12:48+0200] [MainThread] [I] [cwltool] Resolved 'tests/dir5.cwl' to 'file:///home/michael/cwl-v1.1/tests/dir5.cwl'
[2022-05-12T15:12:50+0200] [MainThread] [I] [toil.job] Saving graph of 1 jobs, 1 new
[2022-05-12T15:12:50+0200] [MainThread] [I] [toil.job] Processing job 'CWLJob' dir5.cwl kind-CWLJob/instance-wku0qrye v0
[2022-05-12T15:12:50+0200] [MainThread] [I] [toil] Running Toil version 5.6.0-c34146a6437e4407a61e946e968bcce67a0ebbca on host mrc-tux.
[2022-05-12T15:12:50+0200] [MainThread] [I] [toil.leader] Issued job 'CWLJob' dir5.cwl kind-CWLJob/instance-wku0qrye v1 with job batch system ID: 0 and cores: 1, disk: 3.0 Gi, and memory: 2.0 Gi
[2022-05-12T15:12:50+0200] [MainThread] [I] [toil.worker] Redirecting logging to /tmp/a415c31a45d154feb6a0b15ccddb1f8a/7ba5/worker_log.txt
[2022-05-12T15:12:51+0200] [MainThread] [I] [toil.leader] 0 jobs are running, 0 jobs are issued and waiting to run
[2022-05-12T15:12:52+0200] [MainThread] [I] [toil.leader] Finished toil run successfully.
[2022-05-12T15:12:52+0200] [MainThread] [I] [toil.common] Successfully deleted the job store: FileJobStore(/tmp/tmparsr842d)
</system-err>
		</testcase>
		<testcase name="Test writable staged files." time="5.921711" class="initial_work_dir, command_line_tool" file="writable_stagedfiles" url="cwltest:conformance_tests#89">
			<system-out>{
    &quot;outfile&quot;: {
        &quot;location&quot;: &quot;file:///tmp/tmp424lfguy/bob.txt&quot;,
        &quot;basename&quot;: &quot;bob.txt&quot;,
        &quot;nameroot&quot;: &quot;bob&quot;,
        &quot;nameext&quot;: &quot;.txt&quot;,
        &quot;class&quot;: &quot;File&quot;,
        &quot;checksum&quot;: &quot;sha1$b769c7b2e316edd4b5eb2d24799b2c1f9d8c86e6&quot;,
        &quot;size&quot;: 1111
    }
}</system-out>
			<system-err>[2022-05-12T15:12:49+0200] [MainThread] [I] [cwltool] Resolved 'tests/stagefile.cwl' to 'file:///home/michael/cwl-v1.1/tests/stagefile.cwl'
[2022-05-12T15:12:51+0200] [MainThread] [I] [toil.job] Saving graph of 1 jobs, 1 new
[2022-05-12T15:12:51+0200] [MainThread] [I] [toil.job] Processing job 'CWLJob' stagefile.cwl kind-CWLJob/instance-p3d_49b2 v0
[2022-05-12T15:12:51+0200] [MainThread] [I] [toil] Running Toil version 5.6.0-c34146a6437e4407a61e946e968bcce67a0ebbca on host mrc-tux.
[2022-05-12T15:12:51+0200] [MainThread] [I] [toil.leader] Issued job 'CWLJob' stagefile.cwl kind-CWLJob/instance-p3d_49b2 v1 with job batch system ID: 0 and cores: 1, disk: 3.0 Gi, and memory: 2.0 Gi
[2022-05-12T15:12:52+0200] [MainThread] [I] [toil.worker] Redirecting logging to /tmp/4da5323382c25e6b93e6289747bcdb5a/a7c8/worker_log.txt
[2022-05-12T15:12:53+0200] [MainThread] [I] [toil.leader] 0 jobs are running, 0 jobs are issued and waiting to run
[2022-05-12T15:12:54+0200] [MainThread] [I] [toil.leader] Finished toil run successfully.
[2022-05-12T15:12:54+0200] [MainThread] [I] [toil.common] Successfully deleted the job store: FileJobStore(/tmp/tmpmyzz7icz)
</system-err>
		</testcase>
		<testcase name="Test file literal as input" time="5.815006" class="required, command_line_tool" file="input_file_literal" url="cwltest:conformance_tests#90">
			<system-out>{
    &quot;output_file&quot;: {
        &quot;location&quot;: &quot;file:///tmp/tmpgkw9m6ht/output.txt&quot;,
        &quot;basename&quot;: &quot;output.txt&quot;,
        &quot;nameroot&quot;: &quot;output&quot;,
        &quot;nameext&quot;: &quot;.txt&quot;,
        &quot;class&quot;: &quot;File&quot;,
        &quot;checksum&quot;: &quot;sha1$d0e04ff6c413c7d57f9a0ca0a33cd3ab52e2dd9c&quot;,
        &quot;size&quot;: 18
    }
}</system-out>
			<system-err>[2022-05-12T15:12:49+0200] [MainThread] [I] [cwltool] Resolved 'tests/cat3-tool.cwl' to 'file:///home/michael/cwl-v1.1/tests/cat3-tool.cwl'
[2022-05-12T15:12:51+0200] [MainThread] [I] [toil.job] Saving graph of 1 jobs, 1 new
[2022-05-12T15:12:51+0200] [MainThread] [I] [toil.job] Processing job 'CWLJob' cat3-tool.cwl kind-CWLJob/instance-umb2vj42 v0
[2022-05-12T15:12:51+0200] [MainThread] [I] [toil] Running Toil version 5.6.0-c34146a6437e4407a61e946e968bcce67a0ebbca on host mrc-tux.
[2022-05-12T15:12:51+0200] [MainThread] [I] [toil.leader] Issued job 'CWLJob' cat3-tool.cwl kind-CWLJob/instance-umb2vj42 v1 with job batch system ID: 0 and cores: 1, disk: 3.0 Gi, and memory: 2.0 Gi
[2022-05-12T15:12:52+0200] [MainThread] [I] [toil.worker] Redirecting logging to /tmp/b1b7925fe6db5a8a9b1635a6475f5de6/7fb2/worker_log.txt
[2022-05-12T15:12:53+0200] [MainThread] [I] [toil.leader] 0 jobs are running, 0 jobs are issued and waiting to run
[2022-05-12T15:12:54+0200] [MainThread] [I] [toil.leader] Finished toil run successfully.
[2022-05-12T15:12:54+0200] [MainThread] [I] [toil.common] Successfully deleted the job store: FileJobStore(/tmp/tmpwrgan25i)
</system-err>
		</testcase>
		<testcase name="Test expression in InitialWorkDir listing" time="5.076384" class="initial_work_dir, command_line_tool" file="initial_workdir_expr" url="cwltest:conformance_tests#91">
			<system-out>{
    &quot;classfile&quot;: {
        &quot;location&quot;: &quot;file:///tmp/tmphe0vq0f6/Hello.class&quot;,
        &quot;basename&quot;: &quot;Hello.class&quot;,
        &quot;nameroot&quot;: &quot;Hello&quot;,
        &quot;nameext&quot;: &quot;.class&quot;,
        &quot;class&quot;: &quot;File&quot;,
        &quot;checksum&quot;: &quot;sha1$da39a3ee5e6b4b0d3255bfef95601890afd80709&quot;,
        &quot;size&quot;: 0
    }
}</system-out>
			<system-err>[2022-05-12T15:12:51+0200] [MainThread] [I] [cwltool] Resolved 'tests/linkfile.cwl' to 'file:///home/michael/cwl-v1.1/tests/linkfile.cwl'
[2022-05-12T15:12:54+0200] [MainThread] [I] [toil.job] Saving graph of 1 jobs, 1 new
[2022-05-12T15:12:54+0200] [MainThread] [I] [toil.job] Processing job 'CWLJob' linkfile.cwl kind-CWLJob/instance-sko8qjxt v0
[2022-05-12T15:12:54+0200] [MainThread] [I] [toil] Running Toil version 5.6.0-c34146a6437e4407a61e946e968bcce67a0ebbca on host mrc-tux.
[2022-05-12T15:12:54+0200] [MainThread] [I] [toil.leader] Issued job 'CWLJob' linkfile.cwl kind-CWLJob/instance-sko8qjxt v1 with job batch system ID: 0 and cores: 1, disk: 3.0 Gi, and memory: 2.0 Gi
[2022-05-12T15:12:54+0200] [MainThread] [I] [toil.worker] Redirecting logging to /tmp/16f8e964aa3a5e0c8c92d375737b3515/8d9c/worker_log.txt
[2022-05-12T15:12:54+0200] [MainThread] [I] [toil.leader] 0 jobs are running, 0 jobs are issued and waiting to run
[2022-05-12T15:12:56+0200] [MainThread] [I] [toil.leader] Finished toil run successfully.
[2022-05-12T15:12:56+0200] [MainThread] [I] [toil.common] Successfully deleted the job store: FileJobStore(/tmp/tmpi705_836)
</system-err>
		</testcase>
		<testcase name="Test nameroot/nameext expression in arguments, stdout" time="4.827722" class="required, command_line_tool" file="nameroot_nameext_stdout_expr" url="cwltest:conformance_tests#92">
			<system-out>{
    &quot;b&quot;: {
        &quot;location&quot;: &quot;file:///tmp/tmpaiy3plwa/whale.xtx&quot;,
        &quot;basename&quot;: &quot;whale.xtx&quot;,
        &quot;nameroot&quot;: &quot;whale&quot;,
        &quot;nameext&quot;: &quot;.xtx&quot;,
        &quot;class&quot;: &quot;File&quot;,
        &quot;checksum&quot;: &quot;sha1$c4cfd130e7578714e3eef91c1d6d90e0e0b9db3e&quot;,
        &quot;size&quot;: 21
    }
}</system-out>
			<system-err>[2022-05-12T15:12:53+0200] [MainThread] [I] [cwltool] Resolved 'tests/nameroot.cwl' to 'file:///home/michael/cwl-v1.1/tests/nameroot.cwl'
[2022-05-12T15:12:55+0200] [MainThread] [I] [toil.job] Saving graph of 1 jobs, 1 new
[2022-05-12T15:12:55+0200] [MainThread] [I] [toil.job] Processing job 'CWLJob' nameroot.cwl kind-CWLJob/instance-j8cgfecr v0
[2022-05-12T15:12:55+0200] [MainThread] [I] [toil] Running Toil version 5.6.0-c34146a6437e4407a61e946e968bcce67a0ebbca on host mrc-tux.
[2022-05-12T15:12:55+0200] [MainThread] [I] [toil.leader] Issued job 'CWLJob' nameroot.cwl kind-CWLJob/instance-j8cgfecr v1 with job batch system ID: 0 and cores: 1, disk: 3.0 Gi, and memory: 2.0 Gi
[2022-05-12T15:12:55+0200] [MainThread] [I] [toil.worker] Redirecting logging to /tmp/b0cfa11377e8568495e1273e76fc89cd/305d/worker_log.txt
[2022-05-12T15:12:56+0200] [MainThread] [I] [toil.leader] 0 jobs are running, 0 jobs are issued and waiting to run
[2022-05-12T15:12:57+0200] [MainThread] [I] [toil.leader] Finished toil run successfully.
[2022-05-12T15:12:57+0200] [MainThread] [I] [toil.common] Successfully deleted the job store: FileJobStore(/tmp/tmpwa9gsbm3)
</system-err>
		</testcase>
		<testcase name="Test directory input with inputBinding" time="5.185061" class="shell_command, command_line_tool" file="input_dir_inputbinding" url="cwltest:conformance_tests#93">
			<system-out>{
    &quot;outlist&quot;: {
        &quot;location&quot;: &quot;file:///tmp/tmpr21_jddt/output.txt&quot;,
        &quot;basename&quot;: &quot;output.txt&quot;,
        &quot;nameroot&quot;: &quot;output&quot;,
        &quot;nameext&quot;: &quot;.txt&quot;,
        &quot;class&quot;: &quot;File&quot;,
        &quot;checksum&quot;: &quot;sha1$13cda8661796ae241da3a18668fb552161a72592&quot;,
        &quot;size&quot;: 20
    }
}</system-out>
			<system-err>[2022-05-12T15:12:55+0200] [MainThread] [I] [cwltool] Resolved 'tests/dir6.cwl' to 'file:///home/michael/cwl-v1.1/tests/dir6.cwl'
[2022-05-12T15:12:58+0200] [MainThread] [I] [toil.job] Saving graph of 1 jobs, 1 new
[2022-05-12T15:12:58+0200] [MainThread] [I] [toil.job] Processing job 'CWLJob' dir6.cwl kind-CWLJob/instance-duj8bcf2 v0
[2022-05-12T15:12:58+0200] [MainThread] [I] [toil] Running Toil version 5.6.0-c34146a6437e4407a61e946e968bcce67a0ebbca on host mrc-tux.
[2022-05-12T15:12:58+0200] [MainThread] [I] [toil.leader] Issued job 'CWLJob' dir6.cwl kind-CWLJob/instance-duj8bcf2 v1 with job batch system ID: 0 and cores: 1, disk: 3.0 Gi, and memory: 2.0 Gi
[2022-05-12T15:12:58+0200] [MainThread] [I] [toil.worker] Redirecting logging to /tmp/66fcc2230645560abe4349786ece49fb/2066/worker_log.txt
[2022-05-12T15:12:58+0200] [MainThread] [I] [toil.leader] 0 jobs are running, 0 jobs are issued and waiting to run
[2022-05-12T15:13:00+0200] [MainThread] [I] [toil.leader] Finished toil run successfully.
[2022-05-12T15:13:00+0200] [MainThread] [I] [toil.common] Successfully deleted the job store: FileJobStore(/tmp/tmpvedqbf35)
</system-err>
		</testcase>
		<testcase name="Test command line generation of array-of-arrays" time="4.955657" class="required, command_line_tool" file="cl_gen_arrayofarrays" url="cwltest:conformance_tests#94">
			<system-out>{
    &quot;echo&quot;: {
        &quot;location&quot;: &quot;file:///tmp/tmpetdl0kvp/echo.txt&quot;,
        &quot;basename&quot;: &quot;echo.txt&quot;,
        &quot;nameroot&quot;: &quot;echo&quot;,
        &quot;nameext&quot;: &quot;.txt&quot;,
        &quot;class&quot;: &quot;File&quot;,
        &quot;checksum&quot;: &quot;sha1$3f786850e387550fdab836ed7e6dc881de23001b&quot;,
        &quot;size&quot;: 2
    }
}</system-out>
			<system-err>[2022-05-12T15:12:55+0200] [MainThread] [I] [cwltool] Resolved 'tests/nested-array.cwl' to 'file:///home/michael/cwl-v1.1/tests/nested-array.cwl'
[2022-05-12T15:12:57+0200] [MainThread] [I] [toil.job] Saving graph of 1 jobs, 1 new
[2022-05-12T15:12:57+0200] [MainThread] [I] [toil.job] Processing job 'CWLJob' nested-array.cwl kind-CWLJob/instance-awwwchda v0
[2022-05-12T15:12:57+0200] [MainThread] [I] [toil] Running Toil version 5.6.0-c34146a6437e4407a61e946e968bcce67a0ebbca on host mrc-tux.
[2022-05-12T15:12:57+0200] [MainThread] [I] [toil.leader] Issued job 'CWLJob' nested-array.cwl kind-CWLJob/instance-awwwchda v1 with job batch system ID: 0 and cores: 1, disk: 3.0 Gi, and memory: 2.0 Gi
[2022-05-12T15:12:58+0200] [MainThread] [I] [toil.worker] Redirecting logging to /tmp/76078e6c096b53f1aa0efcfe7d354543/a9ce/worker_log.txt
[2022-05-12T15:12:58+0200] [MainThread] [I] [toil.leader] 0 jobs are running, 0 jobs are issued and waiting to run
[2022-05-12T15:12:59+0200] [MainThread] [I] [toil.leader] Finished toil run successfully.
[2022-05-12T15:12:59+0200] [MainThread] [I] [toil.common] Successfully deleted the job store: FileJobStore(/tmp/tmpotmoor6j)
</system-err>
		</testcase>
		<testcase name="Test $HOME and $TMPDIR are set correctly" time="4.953530" class="shell_command, command_line_tool" file="env_home_tmpdir" url="cwltest:conformance_tests#95">
			<system-out>{}</system-out>
			<system-err>[2022-05-12T15:12:56+0200] [MainThread] [I] [cwltool] Resolved 'tests/envvar.cwl' to 'file:///home/michael/cwl-v1.1/tests/envvar.cwl'
[2022-05-12T15:12:59+0200] [MainThread] [I] [toil.job] Saving graph of 1 jobs, 1 new
[2022-05-12T15:12:59+0200] [MainThread] [I] [toil.job] Processing job 'CWLJob' envvar.cwl kind-CWLJob/instance-fax01ewv v0
[2022-05-12T15:12:59+0200] [MainThread] [I] [toil] Running Toil version 5.6.0-c34146a6437e4407a61e946e968bcce67a0ebbca on host mrc-tux.
[2022-05-12T15:12:59+0200] [MainThread] [I] [toil.leader] Issued job 'CWLJob' envvar.cwl kind-CWLJob/instance-fax01ewv v1 with job batch system ID: 0 and cores: 1, disk: 3.0 Gi, and memory: 2.0 Gi
[2022-05-12T15:12:59+0200] [MainThread] [I] [toil.worker] Redirecting logging to /tmp/ea20226798715883b5d1df5ef2ca1c1a/8cd2/worker_log.txt
[2022-05-12T15:12:59+0200] [MainThread] [I] [toil.leader] 0 jobs are running, 0 jobs are issued and waiting to run
[2022-05-12T15:13:01+0200] [MainThread] [I] [toil.leader] Finished toil run successfully.
[2022-05-12T15:13:01+0200] [MainThread] [I] [toil.common] Successfully deleted the job store: FileJobStore(/tmp/tmp8uvysvov)
</system-err>
		</testcase>
		<testcase name="Test $HOME and $TMPDIR are set correctly in Docker" time="5.724896" class="shell_command, command_line_tool" file="env_home_tmpdir_docker" url="cwltest:conformance_tests#96">
			<system-out>{}</system-out>
			<system-err>[2022-05-12T15:12:58+0200] [MainThread] [I] [cwltool] Resolved 'tests/envvar2.cwl' to 'file:///home/michael/cwl-v1.1/tests/envvar2.cwl'
[2022-05-12T15:13:00+0200] [MainThread] [I] [toil.job] Saving graph of 1 jobs, 1 new
[2022-05-12T15:13:00+0200] [MainThread] [I] [toil.job] Processing job 'CWLJob' envvar2.cwl kind-CWLJob/instance-pggw5sbo v0
[2022-05-12T15:13:00+0200] [MainThread] [I] [toil] Running Toil version 5.6.0-c34146a6437e4407a61e946e968bcce67a0ebbca on host mrc-tux.
[2022-05-12T15:13:00+0200] [MainThread] [I] [toil.leader] Issued job 'CWLJob' envvar2.cwl kind-CWLJob/instance-pggw5sbo v1 with job batch system ID: 0 and cores: 1, disk: 3.0 Gi, and memory: 2.0 Gi
[2022-05-12T15:13:00+0200] [MainThread] [I] [toil.worker] Redirecting logging to /tmp/3b72be8c689c54cd9ac35191e2fecded/72fc/worker_log.txt
[2022-05-12T15:13:01+0200] [MainThread] [I] [toil.leader] 0 jobs are running, 0 jobs are issued and waiting to run
[2022-05-12T15:13:03+0200] [MainThread] [I] [toil.leader] Finished toil run successfully.
[2022-05-12T15:13:03+0200] [MainThread] [I] [toil.common] Successfully deleted the job store: FileJobStore(/tmp/tmpzvjx7anp)
</system-err>
		</testcase>
		<testcase name="Test that expressionLib requirement of individual tool step overrides expressionLib of workflow." time="9.095345" class="inline_javascript, workflow" file="expressionlib_tool_wf_override" url="cwltest:conformance_tests#97">
			<system-out>{
    &quot;out&quot;: {
        &quot;location&quot;: &quot;file:///tmp/tmpexoz9xb6/whatever.txt&quot;,
        &quot;basename&quot;: &quot;whatever.txt&quot;,
        &quot;nameroot&quot;: &quot;whatever&quot;,
        &quot;nameext&quot;: &quot;.txt&quot;,
        &quot;class&quot;: &quot;File&quot;,
        &quot;checksum&quot;: &quot;sha1$7448d8798a4380162d4b56f9b452e2f6f9e24e7a&quot;,
        &quot;size&quot;: 2
    }
}</system-out>
			<system-err>[2022-05-12T15:13:00+0200] [MainThread] [I] [cwltool] Resolved 'tests/js-expr-req-wf.cwl#wf' to 'file:///home/michael/cwl-v1.1/tests/js-expr-req-wf.cwl#wf'
[2022-05-12T15:13:03+0200] [MainThread] [I] [toil.job] Saving graph of 2 jobs, 2 new
[2022-05-12T15:13:03+0200] [MainThread] [I] [toil.job] Processing job 'ResolveIndirect' kind-ResolveIndirect/instance-5309u6mj v0
[2022-05-12T15:13:03+0200] [MainThread] [I] [toil.job] Processing job 'CWLWorkflow' kind-CWLWorkflow/instance-1209b0o9 v0
[2022-05-12T15:13:03+0200] [MainThread] [I] [toil] Running Toil version 5.6.0-c34146a6437e4407a61e946e968bcce67a0ebbca on host mrc-tux.
[2022-05-12T15:13:04+0200] [MainThread] [I] [toil.worker] Redirecting logging to /tmp/a8350d7d597c5b1caf6d3d3f9c252fbc/f20d/worker_log.txt
[2022-05-12T15:13:04+0200] [MainThread] [I] [toil.leader] 0 jobs are running, 0 jobs are issued and waiting to run
[2022-05-12T15:13:04+0200] [MainThread] [I] [toil.leader] Issued job 'CWLJob' wf.tool.tool kind-CWLJob/instance-rre52urh v1 with job batch system ID: 1 and cores: 1, disk: 3.0 Gi, and memory: 2.0 Gi
[2022-05-12T15:13:05+0200] [MainThread] [I] [toil.worker] Redirecting logging to /tmp/a8350d7d597c5b1caf6d3d3f9c252fbc/2542/worker_log.txt
[2022-05-12T15:13:06+0200] [MainThread] [I] [toil.worker] Redirecting logging to /tmp/a8350d7d597c5b1caf6d3d3f9c252fbc/3a37/worker_log.txt
[2022-05-12T15:13:06+0200] [MainThread] [I] [toil.worker] Redirecting logging to /tmp/a8350d7d597c5b1caf6d3d3f9c252fbc/9cb3/worker_log.txt
[2022-05-12T15:13:08+0200] [MainThread] [I] [toil.leader] Finished toil run successfully.
[2022-05-12T15:13:08+0200] [MainThread] [I] [toil.common] Successfully deleted the job store: FileJobStore(/tmp/tmp8e9ez9s3)
</system-err>
		</testcase>
		<testcase name="Test output of InitialWorkDir" time="5.683841" class="docker, initial_work_dir, command_line_tool" file="initial_workdir_output" url="cwltest:conformance_tests#98">
			<system-out>{
    &quot;OUTPUT&quot;: {
        &quot;location&quot;: &quot;file:///tmp/tmp3la3xfed/ref.fasta&quot;,
        &quot;basename&quot;: &quot;ref.fasta&quot;,
        &quot;nameroot&quot;: &quot;ref&quot;,
        &quot;nameext&quot;: &quot;.fasta&quot;,
        &quot;class&quot;: &quot;File&quot;,
        &quot;checksum&quot;: &quot;sha1$aeb3d11bdf536511649129f4077d5cda6a324118&quot;,
        &quot;size&quot;: 12010,
        &quot;secondaryFiles&quot;: [
            {
                &quot;basename&quot;: &quot;ref.fasta.fai&quot;,
                &quot;location&quot;: &quot;file:///tmp/tmp3la3xfed/ref.fasta.fai&quot;,
                &quot;class&quot;: &quot;File&quot;,
                &quot;nameroot&quot;: &quot;ref.fasta&quot;,
                &quot;nameext&quot;: &quot;.fai&quot;,
                &quot;checksum&quot;: &quot;sha1$da39a3ee5e6b4b0d3255bfef95601890afd80709&quot;,
                &quot;size&quot;: 0
            }
        ]
    }
}</system-out>
			<system-err>[2022-05-12T15:13:00+0200] [MainThread] [I] [cwltool] Resolved 'tests/initialworkdirrequirement-docker-out.cwl' to 'file:///home/michael/cwl-v1.1/tests/initialworkdirrequirement-docker-out.cwl'
[2022-05-12T15:13:02+0200] [MainThread] [I] [toil.job] Saving graph of 1 jobs, 1 new
[2022-05-12T15:13:02+0200] [MainThread] [I] [toil.job] Processing job 'CWLJob' initialworkdirrequirement-docker-out.cwl kind-CWLJob/instance-xbe8kktn v0
[2022-05-12T15:13:02+0200] [MainThread] [I] [toil] Running Toil version 5.6.0-c34146a6437e4407a61e946e968bcce67a0ebbca on host mrc-tux.
[2022-05-12T15:13:02+0200] [MainThread] [I] [toil.leader] Issued job 'CWLJob' initialworkdirrequirement-docker-out.cwl kind-CWLJob/instance-xbe8kktn v1 with job batch system ID: 0 and cores: 1, disk: 3.0 Gi, and memory: 2.0 Gi
[2022-05-12T15:13:03+0200] [MainThread] [I] [toil.worker] Redirecting logging to /tmp/a690c5ebd60a51a393a50469e8c24564/c17e/worker_log.txt
[2022-05-12T15:13:04+0200] [MainThread] [I] [toil.leader] 0 jobs are running, 0 jobs are issued and waiting to run
[2022-05-12T15:13:05+0200] [MainThread] [I] [toil.leader] Finished toil run successfully.
[2022-05-12T15:13:05+0200] [MainThread] [I] [toil.common] Successfully deleted the job store: FileJobStore(/tmp/tmp6_44kd79)
</system-err>
		</testcase>
		<testcase name="Test embedded subworkflow" time="13.172326" class="subworkflow, workflow" file="embedded_subworkflow" url="cwltest:conformance_tests#99">
			<system-out>{
    &quot;count_output&quot;: 16
}</system-out>
			<system-err>[2022-05-12T15:13:01+0200] [MainThread] [I] [cwltool] Resolved 'tests/count-lines10-wf.cwl' to 'file:///home/michael/cwl-v1.1/tests/count-lines10-wf.cwl'
[2022-05-12T15:13:07+0200] [MainThread] [I] [toil.job] Saving graph of 2 jobs, 2 new
[2022-05-12T15:13:07+0200] [MainThread] [I] [toil.job] Processing job 'ResolveIndirect' kind-ResolveIndirect/instance-e3b5el4c v0
[2022-05-12T15:13:07+0200] [MainThread] [I] [toil.job] Processing job 'CWLWorkflow' kind-CWLWorkflow/instance-uwekz30f v0
[2022-05-12T15:13:07+0200] [MainThread] [I] [toil] Running Toil version 5.6.0-c34146a6437e4407a61e946e968bcce67a0ebbca on host mrc-tux.
[2022-05-12T15:13:07+0200] [MainThread] [I] [toil.worker] Redirecting logging to /tmp/f96f2d86da4d5e0b9d935e00f5b701b8/90a1/worker_log.txt
[2022-05-12T15:13:08+0200] [MainThread] [I] [toil.leader] 0 jobs are running, 0 jobs are issued and waiting to run
[2022-05-12T15:13:08+0200] [MainThread] [I] [toil.worker] Redirecting logging to /tmp/f96f2d86da4d5e0b9d935e00f5b701b8/9d81/worker_log.txt
[2022-05-12T15:13:08+0200] [MainThread] [I] [toil.leader] Issued job 'CWLJob' _:74927572-9e65-4102-b7da-d7fe84e52954.step1.wc-tool.cwl kind-CWLJob/instance-kfsqq6u9 v1 with job batch system ID: 2 and cores: 1, disk: 3.0 Gi, and memory: 2.0 Gi
[2022-05-12T15:13:09+0200] [MainThread] [I] [toil.worker] Redirecting logging to /tmp/f96f2d86da4d5e0b9d935e00f5b701b8/29bb/worker_log.txt
[2022-05-12T15:13:10+0200] [MainThread] [I] [toil.worker] Redirecting logging to /tmp/f96f2d86da4d5e0b9d935e00f5b701b8/2462/worker_log.txt
[2022-05-12T15:13:10+0200] [MainThread] [I] [toil.worker] Redirecting logging to /tmp/f96f2d86da4d5e0b9d935e00f5b701b8/069f/worker_log.txt
[2022-05-12T15:13:11+0200] [MainThread] [I] [toil.worker] Redirecting logging to /tmp/f96f2d86da4d5e0b9d935e00f5b701b8/2ab3/worker_log.txt
[2022-05-12T15:13:12+0200] [MainThread] [I] [toil.worker] Redirecting logging to /tmp/f96f2d86da4d5e0b9d935e00f5b701b8/d93c/worker_log.txt
[2022-05-12T15:13:14+0200] [MainThread] [I] [toil.leader] Finished toil run successfully.
[2022-05-12T15:13:14+0200] [MainThread] [I] [toil.common] Successfully deleted the job store: FileJobStore(/tmp/tmp7n1v4as2)
</system-err>
		</testcase>
		<testcase name="Test required, optional and null secondaryFiles on array of files." time="7.657309" class="docker, inline_javascript, shell_command, command_line_tool" file="filesarray_secondaryfiles" url="cwltest:conformance_tests#100">
			<system-out>{
    &quot;bai_list&quot;: {
        &quot;location&quot;: &quot;file:///tmp/tmpfrkmxcho/fai.list&quot;,
        &quot;basename&quot;: &quot;fai.list&quot;,
        &quot;nameroot&quot;: &quot;fai&quot;,
        &quot;nameext&quot;: &quot;.list&quot;,
        &quot;class&quot;: &quot;File&quot;,
        &quot;checksum&quot;: &quot;sha1$081fc0e57d6efa5f75eeb237aab1d04031132be6&quot;,
        &quot;size&quot;: 386,
        &quot;secondaryFiles&quot;: []
    }
}</system-out>
			<system-err>[2022-05-12T15:13:03+0200] [MainThread] [I] [cwltool] Resolved 'tests/docker-array-secondaryfiles.cwl' to 'file:///home/michael/cwl-v1.1/tests/docker-array-secondaryfiles.cwl'
[2022-05-12T15:13:06+0200] [MainThread] [I] [toil.job] Saving graph of 1 jobs, 1 new
[2022-05-12T15:13:06+0200] [MainThread] [I] [toil.job] Processing job 'CWLJob' docker-array-secondaryfiles.cwl kind-CWLJob/instance-vhsr8ce2 v0
[2022-05-12T15:13:06+0200] [MainThread] [I] [toil] Running Toil version 5.6.0-c34146a6437e4407a61e946e968bcce67a0ebbca on host mrc-tux.
[2022-05-12T15:13:06+0200] [MainThread] [I] [toil.leader] Issued job 'CWLJob' docker-array-secondaryfiles.cwl kind-CWLJob/instance-vhsr8ce2 v1 with job batch system ID: 0 and cores: 1, disk: 3.0 Gi, and memory: 2.0 Gi
[2022-05-12T15:13:07+0200] [MainThread] [I] [toil.worker] Redirecting logging to /tmp/db1cdc1d449e5325940f5b1c99a3b24a/2059/worker_log.txt
[2022-05-12T15:13:08+0200] [MainThread] [I] [toil.leader] 1 jobs are running, 0 jobs are issued and waiting to run
[2022-05-12T15:13:10+0200] [MainThread] [I] [toil.leader] Finished toil run successfully.
[2022-05-12T15:13:10+0200] [MainThread] [I] [toil.common] Successfully deleted the job store: FileJobStore(/tmp/tmpbcs83ws3)
</system-err>
		</testcase>
		<testcase name="Test required, optional and null secondaryFiles on array of files." time="3.541506" class="docker, inline_javascript, shell_command, command_line_tool" file="filesarray_secondaryfiles2" url="cwltest:conformance_tests#101">
			<system-err>[2022-05-12T15:13:06+0200] [MainThread] [I] [cwltool] Resolved 'tests/docker-array-secondaryfiles.cwl' to 'file:///home/michael/cwl-v1.1/tests/docker-array-secondaryfiles.cwl'
Traceback (most recent call last):
  File &quot;/home/michael/common-workflow-language/toil5.6.0/bin/toil-cwl-runner&quot;, line 8, in &lt;module&gt;
    sys.exit(main())
  File &quot;/home/michael/common-workflow-language/toil5.6.0/lib/python3.10/site-packages/toil/cwl/cwltoil.py&quot;, line 3418, in main
    builder = tool._init_job(initialized_job_order, runtime_context)
  File &quot;/home/michael/common-workflow-language/toil5.6.0/lib/python3.10/site-packages/cwltool/process.py&quot;, line 920, in _init_job
    builder.bind_input(
  File &quot;/home/michael/common-workflow-language/toil5.6.0/lib/python3.10/site-packages/cwltool/builder.py&quot;, line 355, in bind_input
    self.bind_input(
  File &quot;/home/michael/common-workflow-language/toil5.6.0/lib/python3.10/site-packages/cwltool/builder.py&quot;, line 321, in bind_input
    self.bind_input(
  File &quot;/home/michael/common-workflow-language/toil5.6.0/lib/python3.10/site-packages/cwltool/builder.py&quot;, line 380, in bind_input
    self.bind_input(
  File &quot;/home/michael/common-workflow-language/toil5.6.0/lib/python3.10/site-packages/cwltool/builder.py&quot;, line 539, in bind_input
    raise SourceLine(
cwltool.errors.WorkflowException: Missing required secondary file '.dat' from file object: {
    &quot;class&quot;: &quot;File&quot;,
    &quot;location&quot;: &quot;file:///home/michael/cwl-v1.1/tests/ref.fasta&quot;,
    &quot;size&quot;: 12010,
    &quot;basename&quot;: &quot;ref.fasta&quot;,
    &quot;nameroot&quot;: &quot;ref&quot;,
    &quot;nameext&quot;: &quot;.fasta&quot;,
    &quot;secondaryFiles&quot;: [
        {
            &quot;location&quot;: &quot;file:///home/michael/cwl-v1.1/tests/ref.fasta.fai&quot;,
            &quot;basename&quot;: &quot;ref.fasta.fai&quot;,
            &quot;class&quot;: &quot;File&quot;
        }
    ]
}
</system-err>
		</testcase>
		<testcase name="Test directory literal output created by ExpressionTool" time="6.053989" class="inline_javascript, expression_tool" file="exprtool_directory_literal" url="cwltest:conformance_tests#102">
			<system-out>{
    &quot;dir&quot;: {
        &quot;class&quot;: &quot;Directory&quot;,
        &quot;basename&quot;: &quot;a_directory&quot;,
        &quot;listing&quot;: [
            {
                &quot;class&quot;: &quot;File&quot;,
                &quot;location&quot;: &quot;file:///tmp/tmp6zq1xca8/a_directory/hello.txt&quot;,
                &quot;size&quot;: 13,
                &quot;basename&quot;: &quot;hello.txt&quot;,
                &quot;nameroot&quot;: &quot;hello&quot;,
                &quot;nameext&quot;: &quot;.txt&quot;,
                &quot;checksum&quot;: &quot;sha1$47a013e660d408619d894b20806b1d5086aab03b&quot;
            },
            {
                &quot;class&quot;: &quot;File&quot;,
                &quot;location&quot;: &quot;file:///tmp/tmp6zq1xca8/a_directory/whale.txt&quot;,
                &quot;size&quot;: 1111,
                &quot;basename&quot;: &quot;whale.txt&quot;,
                &quot;nameroot&quot;: &quot;whale&quot;,
                &quot;nameext&quot;: &quot;.txt&quot;,
                &quot;checksum&quot;: &quot;sha1$327fc7aedf4f6b69a42a7c8b808dc5a7aff61376&quot;
            }
        ],
        &quot;location&quot;: &quot;file:///tmp/tmp6zq1xca8/a_directory&quot;
    }
}</system-out>
			<system-err>[2022-05-12T15:13:09+0200] [MainThread] [I] [cwltool] Resolved 'tests/dir7.cwl' to 'file:///home/michael/cwl-v1.1/tests/dir7.cwl'
[2022-05-12T15:13:12+0200] [MainThread] [I] [toil.job] Saving graph of 1 jobs, 1 new
[2022-05-12T15:13:12+0200] [MainThread] [I] [toil.job] Processing job 'CWLJob' dir7.cwl kind-CWLJob/instance-nlroiw43 v0
[2022-05-12T15:13:12+0200] [MainThread] [I] [toil] Running Toil version 5.6.0-c34146a6437e4407a61e946e968bcce67a0ebbca on host mrc-tux.
[2022-05-12T15:13:12+0200] [MainThread] [I] [toil.leader] Issued job 'CWLJob' dir7.cwl kind-CWLJob/instance-nlroiw43 v1 with job batch system ID: 0 and cores: 1, disk: 3.0 Gi, and memory: 2.0 Gi
[2022-05-12T15:13:12+0200] [MainThread] [I] [toil.worker] Redirecting logging to /tmp/556d38fad8cc50898cfd764e769d7b20/f057/worker_log.txt
[2022-05-12T15:13:13+0200] [MainThread] [I] [toil.leader] 0 jobs are running, 0 jobs are issued and waiting to run
[2022-05-12T15:13:15+0200] [MainThread] [I] [toil.leader] Finished toil run successfully.
[2022-05-12T15:13:15+0200] [MainThread] [I] [toil.common] Successfully deleted the job store: FileJobStore(/tmp/tmpk4mr6y_z)
</system-err>
		</testcase>
		<testcase name="Test file literal output created by ExpressionTool" time="5.097391" class="inline_javascript, expression_tool" file="exprtool_file_literal" url="cwltest:conformance_tests#103">
			<system-out>{
    &quot;lit&quot;: {
        &quot;class&quot;: &quot;File&quot;,
        &quot;basename&quot;: &quot;a_file&quot;,
        &quot;location&quot;: &quot;file:///tmp/tmpks7185f6/a_file&quot;,
        &quot;nameroot&quot;: &quot;a_file&quot;,
        &quot;nameext&quot;: &quot;&quot;,
        &quot;checksum&quot;: &quot;sha1$fea23663b9c8ed71968f86415b5ec091bb111448&quot;,
        &quot;size&quot;: 19
    }
}</system-out>
			<system-err>[2022-05-12T15:13:10+0200] [MainThread] [I] [cwltool] Resolved 'tests/file-literal-ex.cwl' to 'file:///home/michael/cwl-v1.1/tests/file-literal-ex.cwl'
[2022-05-12T15:13:12+0200] [MainThread] [I] [toil.job] Saving graph of 1 jobs, 1 new
[2022-05-12T15:13:12+0200] [MainThread] [I] [toil.job] Processing job 'CWLJob' file-literal-ex.cwl kind-CWLJob/instance-i0wy_myo v0
[2022-05-12T15:13:12+0200] [MainThread] [I] [toil] Running Toil version 5.6.0-c34146a6437e4407a61e946e968bcce67a0ebbca on host mrc-tux.
[2022-05-12T15:13:12+0200] [MainThread] [I] [toil.leader] Issued job 'CWLJob' file-literal-ex.cwl kind-CWLJob/instance-i0wy_myo v1 with job batch system ID: 0 and cores: 1, disk: 3.0 Gi, and memory: 2.0 Gi
[2022-05-12T15:13:12+0200] [MainThread] [I] [toil.worker] Redirecting logging to /tmp/1c687cbd53615e70883cb73cf705c6d9/38ad/worker_log.txt
[2022-05-12T15:13:13+0200] [MainThread] [I] [toil.leader] 0 jobs are running, 0 jobs are issued and waiting to run
[2022-05-12T15:13:14+0200] [MainThread] [I] [toil.leader] Finished toil run successfully.
[2022-05-12T15:13:14+0200] [MainThread] [I] [toil.common] Successfully deleted the job store: FileJobStore(/tmp/tmpnxs1xzro)
</system-err>
		</testcase>
		<testcase name="Test dockerOutputDirectory" time="5.855691" class="docker, command_line_tool" file="dockeroutputdir" url="cwltest:conformance_tests#104">
			<system-out>{
    &quot;thing&quot;: {
        &quot;location&quot;: &quot;file:///tmp/tmp04sdyf6w/thing&quot;,
        &quot;basename&quot;: &quot;thing&quot;,
        &quot;nameroot&quot;: &quot;thing&quot;,
        &quot;nameext&quot;: &quot;&quot;,
        &quot;class&quot;: &quot;File&quot;,
        &quot;checksum&quot;: &quot;sha1$da39a3ee5e6b4b0d3255bfef95601890afd80709&quot;,
        &quot;size&quot;: 0
    }
}</system-out>
			<system-err>[2022-05-12T15:13:11+0200] [MainThread] [I] [cwltool] Resolved 'tests/docker-output-dir.cwl' to 'file:///home/michael/cwl-v1.1/tests/docker-output-dir.cwl'
[2022-05-12T15:13:13+0200] [MainThread] [I] [toil.job] Saving graph of 1 jobs, 1 new
[2022-05-12T15:13:13+0200] [MainThread] [I] [toil.job] Processing job 'CWLJob' docker-output-dir.cwl kind-CWLJob/instance-u8zvahig v0
[2022-05-12T15:13:13+0200] [MainThread] [I] [toil] Running Toil version 5.6.0-c34146a6437e4407a61e946e968bcce67a0ebbca on host mrc-tux.
[2022-05-12T15:13:13+0200] [MainThread] [I] [toil.leader] Issued job 'CWLJob' docker-output-dir.cwl kind-CWLJob/instance-u8zvahig v1 with job batch system ID: 0 and cores: 1, disk: 3.0 Gi, and memory: 2.0 Gi
[2022-05-12T15:13:13+0200] [MainThread] [I] [toil.worker] Redirecting logging to /tmp/519ef7e4929158f193cea5e0527b9f9e/7451/worker_log.txt
[2022-05-12T15:13:15+0200] [MainThread] [I] [toil.leader] 0 jobs are running, 0 jobs are issued and waiting to run
[2022-05-12T15:13:16+0200] [MainThread] [I] [toil.leader] Finished toil run successfully.
[2022-05-12T15:13:16+0200] [MainThread] [I] [toil.common] Successfully deleted the job store: FileJobStore(/tmp/tmpb4hwg3fm)
</system-err>
		</testcase>
		<testcase name="Test hints with $import" time="4.695006" class="required, command_line_tool" file="hints_import" url="cwltest:conformance_tests#105">
			<system-out>{
    &quot;out&quot;: {
        &quot;location&quot;: &quot;file:///tmp/tmpmwseq08t/out&quot;,
        &quot;basename&quot;: &quot;out&quot;,
        &quot;nameroot&quot;: &quot;out&quot;,
        &quot;nameext&quot;: &quot;&quot;,
        &quot;class&quot;: &quot;File&quot;,
        &quot;checksum&quot;: &quot;sha1$b3ec4ed1749c207e52b3a6d08c59f31d83bff519&quot;,
        &quot;size&quot;: 15
    }
}</system-out>
			<system-err>[2022-05-12T15:13:15+0200] [MainThread] [I] [cwltool] Resolved 'tests/imported-hint.cwl' to 'file:///home/michael/cwl-v1.1/tests/imported-hint.cwl'
[2022-05-12T15:13:16+0200] [MainThread] [I] [toil.job] Saving graph of 1 jobs, 1 new
[2022-05-12T15:13:16+0200] [MainThread] [I] [toil.job] Processing job 'CWLJob' imported-hint.cwl kind-CWLJob/instance-morbh0v8 v0
[2022-05-12T15:13:16+0200] [MainThread] [I] [toil] Running Toil version 5.6.0-c34146a6437e4407a61e946e968bcce67a0ebbca on host mrc-tux.
[2022-05-12T15:13:16+0200] [MainThread] [I] [toil.leader] Issued job 'CWLJob' imported-hint.cwl kind-CWLJob/instance-morbh0v8 v1 with job batch system ID: 0 and cores: 1, disk: 3.0 Gi, and memory: 2.0 Gi
[2022-05-12T15:13:17+0200] [MainThread] [I] [toil.worker] Redirecting logging to /tmp/6e9d3c61c3ed53b6adf5b62546894dd2/1eca/worker_log.txt
[2022-05-12T15:13:17+0200] [MainThread] [I] [toil.leader] 0 jobs are running, 0 jobs are issued and waiting to run
[2022-05-12T15:13:18+0200] [MainThread] [I] [toil.leader] Finished toil run successfully.
[2022-05-12T15:13:18+0200] [MainThread] [I] [toil.common] Successfully deleted the job store: FileJobStore(/tmp/tmp2meyhceu)
</system-err>
		</testcase>
		<testcase name="Test warning instead of error when default path is not found" time="4.497005" class="required, command_line_tool" file="default_path_notfound_warning" url="cwltest:conformance_tests#106">
			<system-out>{}</system-out>
			<system-err>[2022-05-12T15:13:15+0200] [MainThread] [I] [cwltool] Resolved 'tests/default_path.cwl' to 'file:///home/michael/cwl-v1.1/tests/default_path.cwl'
[2022-05-12T15:13:16+0200] [MainThread] [I] [toil.job] Saving graph of 1 jobs, 1 new
[2022-05-12T15:13:16+0200] [MainThread] [I] [toil.job] Processing job 'CWLJob' default_path.cwl kind-CWLJob/instance-_yoec9zn v0
[2022-05-12T15:13:16+0200] [MainThread] [I] [toil] Running Toil version 5.6.0-c34146a6437e4407a61e946e968bcce67a0ebbca on host mrc-tux.
[2022-05-12T15:13:16+0200] [MainThread] [I] [toil.leader] Issued job 'CWLJob' default_path.cwl kind-CWLJob/instance-_yoec9zn v1 with job batch system ID: 0 and cores: 1, disk: 3.0 Gi, and memory: 2.0 Gi
[2022-05-12T15:13:17+0200] [MainThread] [I] [toil.worker] Redirecting logging to /tmp/448148942fbf58ca977d36f06f8ab2dd/4243/worker_log.txt
[2022-05-12T15:13:17+0200] [MainThread] [I] [toil.leader] 0 jobs are running, 0 jobs are issued and waiting to run
[2022-05-12T15:13:18+0200] [MainThread] [I] [toil.leader] Finished toil run successfully.
[2022-05-12T15:13:18+0200] [MainThread] [I] [toil.common] Successfully deleted the job store: FileJobStore(/tmp/tmpz4hwy424)
</system-err>
		</testcase>
		<testcase name="Test InlineJavascriptRequirement with multiple expressions in the same tool" time="5.915100" class="inline_javascript, command_line_tool" file="inlinejs_req_expressions" url="cwltest:conformance_tests#107">
			<system-out>{
    &quot;args&quot;: [
        &quot;-A&quot;,
        &quot;2&quot;,
        &quot;-B&quot;,
        &quot;baz&quot;,
        &quot;-C&quot;,
        &quot;10&quot;,
        &quot;9&quot;,
        &quot;8&quot;,
        &quot;7&quot;,
        &quot;6&quot;,
        &quot;5&quot;,
        &quot;4&quot;,
        &quot;3&quot;,
        &quot;2&quot;,
        &quot;1&quot;,
        &quot;-D&quot;
    ]
}</system-out>
			<system-err>[2022-05-12T15:13:15+0200] [MainThread] [I] [cwltool] Resolved 'tests/inline-js.cwl' to 'file:///home/michael/cwl-v1.1/tests/inline-js.cwl'
[2022-05-12T15:13:17+0200] [MainThread] [I] [toil.job] Saving graph of 1 jobs, 1 new
[2022-05-12T15:13:17+0200] [MainThread] [I] [toil.job] Processing job 'CWLJob' inline-js.cwl kind-CWLJob/instance-2_fpnf3s v0
[2022-05-12T15:13:17+0200] [MainThread] [I] [toil] Running Toil version 5.6.0-c34146a6437e4407a61e946e968bcce67a0ebbca on host mrc-tux.
[2022-05-12T15:13:17+0200] [MainThread] [I] [toil.leader] Issued job 'CWLJob' inline-js.cwl kind-CWLJob/instance-2_fpnf3s v1 with job batch system ID: 0 and cores: 1, disk: 3.0 Gi, and memory: 2.0 Gi
[2022-05-12T15:13:18+0200] [MainThread] [I] [toil.worker] Redirecting logging to /tmp/1e806bc1c3f75fe2bc3d17d65bab251a/8e33/worker_log.txt
[2022-05-12T15:13:19+0200] [MainThread] [I] [toil.leader] 0 jobs are running, 0 jobs are issued and waiting to run
[2022-05-12T15:13:20+0200] [MainThread] [I] [toil.leader] Finished toil run successfully.
[2022-05-12T15:13:20+0200] [MainThread] [I] [toil.common] Successfully deleted the job store: FileJobStore(/tmp/tmpb7sikhxg)
</system-err>
		</testcase>
		<testcase name="Test if a writable input directory is recursively copied and writable" time="4.726124" class="initial_work_dir, shell_command, command_line_tool" file="input_dir_recurs_copy_writable" url="cwltest:conformance_tests#108">
			<system-out>{
    &quot;output_dir&quot;: {
        &quot;location&quot;: &quot;file:///tmp/tmpv15039z0/work_dir&quot;,
        &quot;basename&quot;: &quot;work_dir&quot;,
        &quot;nameroot&quot;: &quot;work_dir&quot;,
        &quot;nameext&quot;: &quot;&quot;,
        &quot;class&quot;: &quot;Directory&quot;,
        &quot;listing&quot;: [
            {
                &quot;class&quot;: &quot;File&quot;,
                &quot;location&quot;: &quot;file:///tmp/tmpv15039z0/work_dir/e&quot;,
                &quot;basename&quot;: &quot;e&quot;,
                &quot;size&quot;: 0,
                &quot;nameroot&quot;: &quot;e&quot;,
                &quot;nameext&quot;: &quot;&quot;,
                &quot;checksum&quot;: &quot;sha1$da39a3ee5e6b4b0d3255bfef95601890afd80709&quot;
            },
            {
                &quot;class&quot;: &quot;File&quot;,
                &quot;location&quot;: &quot;file:///tmp/tmpv15039z0/work_dir/b&quot;,
                &quot;basename&quot;: &quot;b&quot;,
                &quot;size&quot;: 0,
                &quot;nameroot&quot;: &quot;b&quot;,
                &quot;nameext&quot;: &quot;&quot;,
                &quot;checksum&quot;: &quot;sha1$da39a3ee5e6b4b0d3255bfef95601890afd80709&quot;
            },
            {
                &quot;class&quot;: &quot;Directory&quot;,
                &quot;location&quot;: &quot;file:///tmp/tmpv15039z0/work_dir/c&quot;,
                &quot;basename&quot;: &quot;c&quot;,
                &quot;listing&quot;: [
                    {
                        &quot;class&quot;: &quot;File&quot;,
                        &quot;location&quot;: &quot;file:///tmp/tmpv15039z0/work_dir/c/d&quot;,
                        &quot;basename&quot;: &quot;d&quot;,
                        &quot;size&quot;: 0,
                        &quot;nameroot&quot;: &quot;d&quot;,
                        &quot;nameext&quot;: &quot;&quot;,
                        &quot;checksum&quot;: &quot;sha1$da39a3ee5e6b4b0d3255bfef95601890afd80709&quot;
                    }
                ]
            },
            {
                &quot;class&quot;: &quot;File&quot;,
                &quot;location&quot;: &quot;file:///tmp/tmpv15039z0/work_dir/a&quot;,
                &quot;basename&quot;: &quot;a&quot;,
                &quot;size&quot;: 0,
                &quot;nameroot&quot;: &quot;a&quot;,
                &quot;nameext&quot;: &quot;&quot;,
                &quot;checksum&quot;: &quot;sha1$da39a3ee5e6b4b0d3255bfef95601890afd80709&quot;
            }
        ]
    },
    &quot;test_result&quot;: {
        &quot;location&quot;: &quot;file:///tmp/tmpv15039z0/output.txt&quot;,
        &quot;basename&quot;: &quot;output.txt&quot;,
        &quot;nameroot&quot;: &quot;output&quot;,
        &quot;nameext&quot;: &quot;.txt&quot;,
        &quot;class&quot;: &quot;File&quot;,
        &quot;checksum&quot;: &quot;sha1$da39a3ee5e6b4b0d3255bfef95601890afd80709&quot;,
        &quot;size&quot;: 0
    }
}</system-out>
			<system-err>[2022-05-12T15:13:17+0200] [MainThread] [I] [cwltool] Resolved 'tests/recursive-input-directory.cwl' to 'file:///home/michael/cwl-v1.1/tests/recursive-input-directory.cwl'
[2022-05-12T15:13:19+0200] [MainThread] [I] [toil.job] Saving graph of 1 jobs, 1 new
[2022-05-12T15:13:19+0200] [MainThread] [I] [toil.job] Processing job 'CWLJob' recursive-input-directory.cwl kind-CWLJob/instance-zf5z86s7 v0
[2022-05-12T15:13:19+0200] [MainThread] [I] [toil] Running Toil version 5.6.0-c34146a6437e4407a61e946e968bcce67a0ebbca on host mrc-tux.
[2022-05-12T15:13:19+0200] [MainThread] [I] [toil.leader] Issued job 'CWLJob' recursive-input-directory.cwl kind-CWLJob/instance-zf5z86s7 v1 with job batch system ID: 0 and cores: 1, disk: 3.0 Gi, and memory: 2.0 Gi
[2022-05-12T15:13:19+0200] [MainThread] [I] [toil.worker] Redirecting logging to /tmp/2d583a4d9b7e5b1897729ff1b925262e/32d4/worker_log.txt
[2022-05-12T15:13:19+0200] [MainThread] [I] [toil.leader] 0 jobs are running, 0 jobs are issued and waiting to run
[2022-05-12T15:13:21+0200] [MainThread] [I] [toil.leader] Finished toil run successfully.
[2022-05-12T15:13:21+0200] [MainThread] [I] [toil.common] Successfully deleted the job store: FileJobStore(/tmp/tmpliwsj691)
</system-err>
		</testcase>
		<testcase name="Test that missing parameters are null (not undefined) in expression" time="6.120138" class="inline_javascript, command_line_tool" file="null_missing_params" url="cwltest:conformance_tests#109">
			<system-out>{
    &quot;out&quot;: &quot;t\n&quot;
}</system-out>
			<system-err>[2022-05-12T15:13:19+0200] [MainThread] [I] [cwltool] Resolved 'tests/null-defined.cwl' to 'file:///home/michael/cwl-v1.1/tests/null-defined.cwl'
[2022-05-12T15:13:21+0200] [MainThread] [I] [toil.job] Saving graph of 1 jobs, 1 new
[2022-05-12T15:13:21+0200] [MainThread] [I] [toil.job] Processing job 'CWLJob' null-defined.cwl kind-CWLJob/instance-5enew0oq v0
[2022-05-12T15:13:21+0200] [MainThread] [I] [toil] Running Toil version 5.6.0-c34146a6437e4407a61e946e968bcce67a0ebbca on host mrc-tux.
[2022-05-12T15:13:21+0200] [MainThread] [I] [toil.leader] Issued job 'CWLJob' null-defined.cwl kind-CWLJob/instance-5enew0oq v1 with job batch system ID: 0 and cores: 1, disk: 3.0 Gi, and memory: 2.0 Gi
[2022-05-12T15:13:22+0200] [MainThread] [I] [toil.worker] Redirecting logging to /tmp/bce1210493685f7c9d70874edaaef5e9/7541/worker_log.txt
[2022-05-12T15:13:23+0200] [MainThread] [I] [toil.leader] 0 jobs are running, 0 jobs are issued and waiting to run
[2022-05-12T15:13:24+0200] [MainThread] [I] [toil.leader] Finished toil run successfully.
[2022-05-12T15:13:24+0200] [MainThread] [I] [toil.common] Successfully deleted the job store: FileJobStore(/tmp/tmps4yc4r8o)
</system-err>
		</testcase>
		<testcase name="Test that provided parameter is not null in expression" time="4.893112" class="inline_javascript, command_line_tool" file="param_notnull_expr" url="cwltest:conformance_tests#110">
			<system-out>{
    &quot;out&quot;: &quot;f\n&quot;
}</system-out>
			<system-err>[2022-05-12T15:13:19+0200] [MainThread] [I] [cwltool] Resolved 'tests/null-defined.cwl' to 'file:///home/michael/cwl-v1.1/tests/null-defined.cwl'
[2022-05-12T15:13:21+0200] [MainThread] [I] [toil.job] Saving graph of 1 jobs, 1 new
[2022-05-12T15:13:21+0200] [MainThread] [I] [toil.job] Processing job 'CWLJob' null-defined.cwl kind-CWLJob/instance-2q35u6s0 v0
[2022-05-12T15:13:21+0200] [MainThread] [I] [toil] Running Toil version 5.6.0-c34146a6437e4407a61e946e968bcce67a0ebbca on host mrc-tux.
[2022-05-12T15:13:21+0200] [MainThread] [I] [toil.leader] Issued job 'CWLJob' null-defined.cwl kind-CWLJob/instance-2q35u6s0 v1 with job batch system ID: 0 and cores: 1, disk: 3.0 Gi, and memory: 2.0 Gi
[2022-05-12T15:13:22+0200] [MainThread] [I] [toil.worker] Redirecting logging to /tmp/a25972165e9456928cc3ddf032326eb4/1789/worker_log.txt
[2022-05-12T15:13:22+0200] [MainThread] [I] [toil.leader] 0 jobs are running, 0 jobs are issued and waiting to run
[2022-05-12T15:13:23+0200] [MainThread] [I] [toil.leader] Finished toil run successfully.
[2022-05-12T15:13:23+0200] [MainThread] [I] [toil.common] Successfully deleted the job store: FileJobStore(/tmp/tmpvpxedxoj)
</system-err>
		</testcase>
		<testcase name="Test compound workflow document" time="12.768257" class="required, workflow" file="wf_compound_doc" url="cwltest:conformance_tests#111">
			<system-out>{
    &quot;output&quot;: {
        &quot;location&quot;: &quot;file:///tmp/tmpgst4t8oo/output.txt&quot;,
        &quot;basename&quot;: &quot;output.txt&quot;,
        &quot;nameroot&quot;: &quot;output&quot;,
        &quot;nameext&quot;: &quot;.txt&quot;,
        &quot;class&quot;: &quot;File&quot;,
        &quot;checksum&quot;: &quot;sha1$b9214658cc453331b62c2282b772a5c063dbd284&quot;,
        &quot;size&quot;: 1111
    }
}</system-out>
			<system-err>[2022-05-12T15:13:21+0200] [MainThread] [I] [cwltool] Resolved 'tests/revsort-packed.cwl#main' to 'file:///home/michael/cwl-v1.1/tests/revsort-packed.cwl#main'
[2022-05-12T15:13:25+0200] [MainThread] [I] [toil.job] Saving graph of 2 jobs, 2 new
[2022-05-12T15:13:25+0200] [MainThread] [I] [toil.job] Processing job 'ResolveIndirect' kind-ResolveIndirect/instance-vh1q146r v0
[2022-05-12T15:13:25+0200] [MainThread] [I] [toil.job] Processing job 'CWLWorkflow' kind-CWLWorkflow/instance-hxpqh_mo v0
[2022-05-12T15:13:25+0200] [MainThread] [I] [toil] Running Toil version 5.6.0-c34146a6437e4407a61e946e968bcce67a0ebbca on host mrc-tux.
[2022-05-12T15:13:26+0200] [MainThread] [I] [toil.worker] Redirecting logging to /tmp/7554b70028fa5746a3c3e53c48cb88f1/9852/worker_log.txt
[2022-05-12T15:13:26+0200] [MainThread] [I] [toil.leader] 0 jobs are running, 0 jobs are issued and waiting to run
[2022-05-12T15:13:26+0200] [MainThread] [I] [toil.leader] Issued job 'CWLJob' main.rev.revtool.cwl kind-CWLJob/instance-k24l3fnb v1 with job batch system ID: 1 and cores: 1, disk: 3.0 Gi, and memory: 2.0 Gi
[2022-05-12T15:13:26+0200] [MainThread] [I] [toil.worker] Redirecting logging to /tmp/7554b70028fa5746a3c3e53c48cb88f1/ec1d/worker_log.txt
[2022-05-12T15:13:28+0200] [MainThread] [I] [toil.leader] Issued job 'CWLJob' main.sorted.sorttool.cwl kind-CWLJob/instance-45qjgf9s v1 with job batch system ID: 2 and cores: 1, disk: 3.0 Gi, and memory: 2.0 Gi
[2022-05-12T15:13:28+0200] [MainThread] [I] [toil.worker] Redirecting logging to /tmp/7554b70028fa5746a3c3e53c48cb88f1/9d94/worker_log.txt
[2022-05-12T15:13:30+0200] [MainThread] [I] [toil.leader] Issued job 'CWLJob' main.rev.revtool.cwl kind-CWLJob/instance-k24l3fnb v2 with job batch system ID: 3 and cores: 1, disk: 3.0 Gi, and memory: 2.0 Gi
[2022-05-12T15:13:30+0200] [MainThread] [I] [toil.worker] Redirecting logging to /tmp/7554b70028fa5746a3c3e53c48cb88f1/998e/worker_log.txt
[2022-05-12T15:13:31+0200] [MainThread] [I] [toil.worker] Redirecting logging to /tmp/7554b70028fa5746a3c3e53c48cb88f1/32b2/worker_log.txt
[2022-05-12T15:13:32+0200] [MainThread] [I] [toil.worker] Redirecting logging to /tmp/7554b70028fa5746a3c3e53c48cb88f1/5f75/worker_log.txt
[2022-05-12T15:13:33+0200] [MainThread] [I] [toil.leader] Finished toil run successfully.
[2022-05-12T15:13:33+0200] [MainThread] [I] [toil.common] Successfully deleted the job store: FileJobStore(/tmp/tmphl7yks2u)
</system-err>
		</testcase>
		<testcase name="Test that nameroot and nameext are generated from basename at execution time by the runner" time="10.511084" class="step_input_expression, workflow" file="nameroot_nameext_generated" url="cwltest:conformance_tests#112">
			<system-out>{
    &quot;extFile&quot;: {
        &quot;location&quot;: &quot;file:///tmp/tmpyxyugkno/out.txt&quot;,
        &quot;basename&quot;: &quot;out.txt&quot;,
        &quot;nameroot&quot;: &quot;out&quot;,
        &quot;nameext&quot;: &quot;.txt&quot;,
        &quot;class&quot;: &quot;File&quot;,
        &quot;checksum&quot;: &quot;sha1$301a72c82a835e1737caf30f94d0eec210c4d9f1&quot;,
        &quot;size&quot;: 5
    },
    &quot;rootFile&quot;: {
        &quot;location&quot;: &quot;file:///tmp/tmpyxyugkno/out.txt_2&quot;,
        &quot;basename&quot;: &quot;out.txt&quot;,
        &quot;nameroot&quot;: &quot;out&quot;,
        &quot;nameext&quot;: &quot;.txt&quot;,
        &quot;class&quot;: &quot;File&quot;,
        &quot;checksum&quot;: &quot;sha1$b4a583c391e234cf210e1d576f68f674c8ad7ecd&quot;,
        &quot;size&quot;: 10
    }
}</system-out>
			<system-err>[2022-05-12T15:13:22+0200] [MainThread] [I] [cwltool] Resolved 'tests/basename-fields-test.cwl' to 'file:///home/michael/cwl-v1.1/tests/basename-fields-test.cwl'
[2022-05-12T15:13:26+0200] [MainThread] [I] [toil.job] Saving graph of 2 jobs, 2 new
[2022-05-12T15:13:26+0200] [MainThread] [I] [toil.job] Processing job 'ResolveIndirect' kind-ResolveIndirect/instance-0s4dggz1 v0
[2022-05-12T15:13:26+0200] [MainThread] [I] [toil.job] Processing job 'CWLWorkflow' kind-CWLWorkflow/instance-5zb9dt6x v0
[2022-05-12T15:13:26+0200] [MainThread] [I] [toil] Running Toil version 5.6.0-c34146a6437e4407a61e946e968bcce67a0ebbca on host mrc-tux.
[2022-05-12T15:13:27+0200] [MainThread] [I] [toil.worker] Redirecting logging to /tmp/5ac8aec4095f59069d915986498e1fe8/4861/worker_log.txt
[2022-05-12T15:13:27+0200] [MainThread] [I] [toil.leader] 0 jobs are running, 0 jobs are issued and waiting to run
[2022-05-12T15:13:27+0200] [MainThread] [I] [toil.leader] Issued job 'CWLJob' basename-fields-test.cwl.root.echo-file-tool.cwl kind-CWLJob/instance-1unj8um9 v1 with job batch system ID: 1 and cores: 1, disk: 3.0 Gi, and memory: 2.0 Gi
[2022-05-12T15:13:27+0200] [MainThread] [I] [toil.leader] Issued job 'CWLJob' basename-fields-test.cwl.ext.echo-file-tool.cwl kind-CWLJob/instance-c0qd8rix v1 with job batch system ID: 2 and cores: 1, disk: 3.0 Gi, and memory: 2.0 Gi
[2022-05-12T15:13:27+0200] [MainThread] [I] [toil.worker] Redirecting logging to /tmp/5ac8aec4095f59069d915986498e1fe8/9ee9/worker_log.txt
[2022-05-12T15:13:28+0200] [MainThread] [I] [toil.worker] Redirecting logging to /tmp/5ac8aec4095f59069d915986498e1fe8/e5ce/worker_log.txt
[2022-05-12T15:13:28+0200] [MainThread] [I] [toil.worker] Redirecting logging to /tmp/5ac8aec4095f59069d915986498e1fe8/1277/worker_log.txt
[2022-05-12T15:13:29+0200] [MainThread] [I] [toil.worker] Redirecting logging to /tmp/5ac8aec4095f59069d915986498e1fe8/e35b/worker_log.txt
[2022-05-12T15:13:31+0200] [MainThread] [I] [toil.leader] Finished toil run successfully.
[2022-05-12T15:13:31+0200] [MainThread] [I] [toil.common] Successfully deleted the job store: FileJobStore(/tmp/tmpj071xusg)
</system-err>
		</testcase>
		<testcase name="Test that file path in $(inputs) for initialworkdir is in $(outdir)." time="4.793625" class="initial_work_dir, command_line_tool" file="initialworkpath_output" url="cwltest:conformance_tests#113">
			<system-out>{}</system-out>
			<system-err>[2022-05-12T15:13:24+0200] [MainThread] [I] [cwltool] Resolved 'tests/initialwork-path.cwl' to 'file:///home/michael/cwl-v1.1/tests/initialwork-path.cwl'
[2022-05-12T15:13:26+0200] [MainThread] [I] [toil.job] Saving graph of 1 jobs, 1 new
[2022-05-12T15:13:26+0200] [MainThread] [I] [toil.job] Processing job 'CWLJob' initialwork-path.cwl kind-CWLJob/instance-9imgknd_ v0
[2022-05-12T15:13:26+0200] [MainThread] [I] [toil] Running Toil version 5.6.0-c34146a6437e4407a61e946e968bcce67a0ebbca on host mrc-tux.
[2022-05-12T15:13:26+0200] [MainThread] [I] [toil.leader] Issued job 'CWLJob' initialwork-path.cwl kind-CWLJob/instance-9imgknd_ v1 with job batch system ID: 0 and cores: 1, disk: 3.0 Gi, and memory: 2.0 Gi
[2022-05-12T15:13:27+0200] [MainThread] [I] [toil.worker] Redirecting logging to /tmp/21d1af4725e352c884d7485d2c3af500/61c9/worker_log.txt
[2022-05-12T15:13:27+0200] [MainThread] [I] [toil.leader] 0 jobs are running, 0 jobs are issued and waiting to run
[2022-05-12T15:13:28+0200] [MainThread] [I] [toil.leader] Finished toil run successfully.
[2022-05-12T15:13:28+0200] [MainThread] [I] [toil.common] Successfully deleted the job store: FileJobStore(/tmp/tmpg15rp94a)
</system-err>
		</testcase>
		<testcase name="Test single step workflow with Scatter step and two data links connected to same input, flattened merge behavior. Workflow inputs are set as list" time="9.460520" class="multiple_input, inline_javascript, workflow" file="wf_scatter_twopar_oneinput_flattenedmerge" url="cwltest:conformance_tests#114">
			<system-out>{
    &quot;count_output&quot;: 34
}</system-out>
			<system-err>[2022-05-12T15:13:25+0200] [MainThread] [I] [cwltool] Resolved 'tests/count-lines12-wf.cwl' to 'file:///home/michael/cwl-v1.1/tests/count-lines12-wf.cwl'
[2022-05-12T15:13:29+0200] [MainThread] [I] [toil.job] Saving graph of 2 jobs, 2 new
[2022-05-12T15:13:29+0200] [MainThread] [I] [toil.job] Processing job 'ResolveIndirect' kind-ResolveIndirect/instance-w4monpn0 v0
[2022-05-12T15:13:29+0200] [MainThread] [I] [toil.job] Processing job 'CWLWorkflow' kind-CWLWorkflow/instance-fktz9777 v0
[2022-05-12T15:13:29+0200] [MainThread] [I] [toil] Running Toil version 5.6.0-c34146a6437e4407a61e946e968bcce67a0ebbca on host mrc-tux.
[2022-05-12T15:13:29+0200] [MainThread] [I] [toil.worker] Redirecting logging to /tmp/df4a8589ec735c7b839abc211c79f08a/16a1/worker_log.txt
[2022-05-12T15:13:30+0200] [MainThread] [I] [toil.leader] 0 jobs are running, 0 jobs are issued and waiting to run
[2022-05-12T15:13:30+0200] [MainThread] [I] [toil.leader] Issued job 'CWLJob' count-lines12-wf.cwl.step1.wc3-tool.cwl kind-CWLJob/instance-5fghmgww v1 with job batch system ID: 1 and cores: 1, disk: 3.0 Gi, and memory: 2.0 Gi
[2022-05-12T15:13:30+0200] [MainThread] [I] [toil.worker] Redirecting logging to /tmp/df4a8589ec735c7b839abc211c79f08a/97bd/worker_log.txt
[2022-05-12T15:13:31+0200] [MainThread] [I] [toil.worker] Redirecting logging to /tmp/df4a8589ec735c7b839abc211c79f08a/cc1a/worker_log.txt
[2022-05-12T15:13:32+0200] [MainThread] [I] [toil.worker] Redirecting logging to /tmp/df4a8589ec735c7b839abc211c79f08a/4ce9/worker_log.txt
[2022-05-12T15:13:34+0200] [MainThread] [I] [toil.leader] Finished toil run successfully.
[2022-05-12T15:13:34+0200] [MainThread] [I] [toil.common] Successfully deleted the job store: FileJobStore(/tmp/tmprmqkhz1g)
</system-err>
		</testcase>
		<testcase name="Test step input with multiple sources with multiple types" time="7.963320" class="step_input, inline_javascript, multiple_input, workflow" file="wf_multiplesources_multipletypes" url="cwltest:conformance_tests#115">
			<system-out>{
    &quot;result&quot;: 12
}</system-out>
			<system-err>[2022-05-12T15:13:29+0200] [MainThread] [I] [cwltool] Resolved 'tests/sum-wf.cwl' to 'file:///home/michael/cwl-v1.1/tests/sum-wf.cwl'
[2022-05-12T15:13:32+0200] [MainThread] [I] [toil.job] Saving graph of 2 jobs, 2 new
[2022-05-12T15:13:32+0200] [MainThread] [I] [toil.job] Processing job 'ResolveIndirect' kind-ResolveIndirect/instance-x_8d2et7 v0
[2022-05-12T15:13:32+0200] [MainThread] [I] [toil.job] Processing job 'CWLWorkflow' kind-CWLWorkflow/instance-rfqsfzij v0
[2022-05-12T15:13:32+0200] [MainThread] [I] [toil] Running Toil version 5.6.0-c34146a6437e4407a61e946e968bcce67a0ebbca on host mrc-tux.
[2022-05-12T15:13:32+0200] [MainThread] [I] [toil.worker] Redirecting logging to /tmp/e22dd40d84b85006aee927fbb8fc166c/f429/worker_log.txt
[2022-05-12T15:13:33+0200] [MainThread] [I] [toil.leader] 0 jobs are running, 0 jobs are issued and waiting to run
[2022-05-12T15:13:33+0200] [MainThread] [I] [toil.leader] Issued job 'CWLJob' sum-wf.cwl.sum._:b6e5f2ac-5d1e-4170-b43c-6777dfa80c02 kind-CWLJob/instance-hek_x4h1 v1 with job batch system ID: 1 and cores: 1, disk: 3.0 Gi, and memory: 2.0 Gi
[2022-05-12T15:13:33+0200] [MainThread] [I] [toil.worker] Redirecting logging to /tmp/e22dd40d84b85006aee927fbb8fc166c/84c8/worker_log.txt
[2022-05-12T15:13:34+0200] [MainThread] [I] [toil.worker] Redirecting logging to /tmp/e22dd40d84b85006aee927fbb8fc166c/1fee/worker_log.txt
[2022-05-12T15:13:35+0200] [MainThread] [I] [toil.worker] Redirecting logging to /tmp/e22dd40d84b85006aee927fbb8fc166c/5a76/worker_log.txt
[2022-05-12T15:13:36+0200] [MainThread] [I] [toil.leader] Finished toil run successfully.
[2022-05-12T15:13:36+0200] [MainThread] [I] [toil.common] Successfully deleted the job store: FileJobStore(/tmp/tmpfv40_urk)
</system-err>
		</testcase>
		<testcase name="Test that shell directives are not interpreted." time="4.718963" class="required, command_line_tool" file="shelldir_notinterpreted" url="cwltest:conformance_tests#116">
			<system-out>{
    &quot;stderr_file&quot;: {
        &quot;location&quot;: &quot;file:///tmp/tmp5h_46a_y/dc1890b620283c51202703d80c145060ab6e8f12&quot;,
        &quot;basename&quot;: &quot;dc1890b620283c51202703d80c145060ab6e8f12&quot;,
        &quot;nameroot&quot;: &quot;dc1890b620283c51202703d80c145060ab6e8f12&quot;,
        &quot;nameext&quot;: &quot;&quot;,
        &quot;class&quot;: &quot;File&quot;,
        &quot;checksum&quot;: &quot;sha1$da39a3ee5e6b4b0d3255bfef95601890afd80709&quot;,
        &quot;size&quot;: 0
    },
    &quot;stdout_file&quot;: {
        &quot;location&quot;: &quot;file:///tmp/tmp5h_46a_y/f23b6809932decdb0abf60d8fa46b14ac8d32aa3&quot;,
        &quot;basename&quot;: &quot;f23b6809932decdb0abf60d8fa46b14ac8d32aa3&quot;,
        &quot;nameroot&quot;: &quot;f23b6809932decdb0abf60d8fa46b14ac8d32aa3&quot;,
        &quot;nameext&quot;: &quot;&quot;,
        &quot;class&quot;: &quot;File&quot;,
        &quot;checksum&quot;: &quot;sha1$1555252d52d4ec3262538a4426a83a99cfff4402&quot;,
        &quot;size&quot;: 9
    }
}</system-out>
			<system-err>[2022-05-12T15:13:32+0200] [MainThread] [I] [cwltool] Resolved 'tests/shellchar.cwl' to 'file:///home/michael/cwl-v1.1/tests/shellchar.cwl'
[2022-05-12T15:13:34+0200] [MainThread] [I] [toil.job] Saving graph of 1 jobs, 1 new
[2022-05-12T15:13:34+0200] [MainThread] [I] [toil.job] Processing job 'CWLJob' shellchar.cwl kind-CWLJob/instance-0t8l_r_i v0
[2022-05-12T15:13:34+0200] [MainThread] [I] [toil] Running Toil version 5.6.0-c34146a6437e4407a61e946e968bcce67a0ebbca on host mrc-tux.
[2022-05-12T15:13:34+0200] [MainThread] [I] [toil.leader] Issued job 'CWLJob' shellchar.cwl kind-CWLJob/instance-0t8l_r_i v1 with job batch system ID: 0 and cores: 1, disk: 3.0 Gi, and memory: 2.0 Gi
[2022-05-12T15:13:34+0200] [MainThread] [I] [toil.worker] Redirecting logging to /tmp/762a559980795c7387c4468ce53fc7ad/f43f/worker_log.txt
[2022-05-12T15:13:35+0200] [MainThread] [I] [toil.leader] 0 jobs are running, 0 jobs are issued and waiting to run
[2022-05-12T15:13:36+0200] [MainThread] [I] [toil.leader] Finished toil run successfully.
[2022-05-12T15:13:36+0200] [MainThread] [I] [toil.common] Successfully deleted the job store: FileJobStore(/tmp/tmp6fz4znkh)
</system-err>
		</testcase>
		<testcase name="Test that shell directives are quoted." time="4.617946" class="shell_command, command_line_tool" file="shelldir_quoted" url="cwltest:conformance_tests#117">
			<system-out>{
    &quot;stderr_file&quot;: {
        &quot;location&quot;: &quot;file:///tmp/tmpr7jfxj02/2385f5c829981c7b87a869e7eaef8a2d1310d5b6&quot;,
        &quot;basename&quot;: &quot;2385f5c829981c7b87a869e7eaef8a2d1310d5b6&quot;,
        &quot;nameroot&quot;: &quot;2385f5c829981c7b87a869e7eaef8a2d1310d5b6&quot;,
        &quot;nameext&quot;: &quot;&quot;,
        &quot;class&quot;: &quot;File&quot;,
        &quot;checksum&quot;: &quot;sha1$da39a3ee5e6b4b0d3255bfef95601890afd80709&quot;,
        &quot;size&quot;: 0
    },
    &quot;stdout_file&quot;: {
        &quot;location&quot;: &quot;file:///tmp/tmpr7jfxj02/63341d890baf4135842e963d8e00781c6557d803&quot;,
        &quot;basename&quot;: &quot;63341d890baf4135842e963d8e00781c6557d803&quot;,
        &quot;nameroot&quot;: &quot;63341d890baf4135842e963d8e00781c6557d803&quot;,
        &quot;nameext&quot;: &quot;&quot;,
        &quot;class&quot;: &quot;File&quot;,
        &quot;checksum&quot;: &quot;sha1$1555252d52d4ec3262538a4426a83a99cfff4402&quot;,
        &quot;size&quot;: 9
    }
}</system-out>
			<system-err>[2022-05-12T15:13:34+0200] [MainThread] [I] [cwltool] Resolved 'tests/shellchar2.cwl' to 'file:///home/michael/cwl-v1.1/tests/shellchar2.cwl'
[2022-05-12T15:13:36+0200] [MainThread] [I] [toil.job] Saving graph of 1 jobs, 1 new
[2022-05-12T15:13:36+0200] [MainThread] [I] [toil.job] Processing job 'CWLJob' shellchar2.cwl kind-CWLJob/instance-o3aycl70 v0
[2022-05-12T15:13:36+0200] [MainThread] [I] [toil] Running Toil version 5.6.0-c34146a6437e4407a61e946e968bcce67a0ebbca on host mrc-tux.
[2022-05-12T15:13:36+0200] [MainThread] [I] [toil.leader] Issued job 'CWLJob' shellchar2.cwl kind-CWLJob/instance-o3aycl70 v1 with job batch system ID: 0 and cores: 1, disk: 3.0 Gi, and memory: 2.0 Gi
[2022-05-12T15:13:36+0200] [MainThread] [I] [toil.worker] Redirecting logging to /tmp/5e2ab7cceeca5d5b8ebb887126a477e6/7f58/worker_log.txt
[2022-05-12T15:13:37+0200] [MainThread] [I] [toil.leader] 0 jobs are running, 0 jobs are issued and waiting to run
[2022-05-12T15:13:38+0200] [MainThread] [I] [toil.leader] Finished toil run successfully.
[2022-05-12T15:13:38+0200] [MainThread] [I] [toil.common] Successfully deleted the job store: FileJobStore(/tmp/tmppzfq46wd)
</system-err>
		</testcase>
		<testcase name="Test empty writable dir with InitialWorkDirRequirement" time="4.698698" class="inline_javascript, initial_work_dir, command_line_tool" file="initial_workdir_empty_writable" url="cwltest:conformance_tests#118">
			<system-out>{
    &quot;out&quot;: {
        &quot;location&quot;: &quot;file:///tmp/tmpf7kn73pa/emptyWritableDir&quot;,
        &quot;basename&quot;: &quot;emptyWritableDir&quot;,
        &quot;nameroot&quot;: &quot;emptyWritableDir&quot;,
        &quot;nameext&quot;: &quot;&quot;,
        &quot;class&quot;: &quot;Directory&quot;,
        &quot;listing&quot;: [
            {
                &quot;class&quot;: &quot;File&quot;,
                &quot;location&quot;: &quot;file:///tmp/tmpf7kn73pa/emptyWritableDir/blurg&quot;,
                &quot;basename&quot;: &quot;blurg&quot;,
                &quot;size&quot;: 0,
                &quot;nameroot&quot;: &quot;blurg&quot;,
                &quot;nameext&quot;: &quot;&quot;,
                &quot;checksum&quot;: &quot;sha1$da39a3ee5e6b4b0d3255bfef95601890afd80709&quot;
            }
        ]
    }
}</system-out>
			<system-err>[2022-05-12T15:13:35+0200] [MainThread] [I] [cwltool] Resolved 'tests/writable-dir.cwl' to 'file:///home/michael/cwl-v1.1/tests/writable-dir.cwl'
[2022-05-12T15:13:37+0200] [MainThread] [I] [toil.job] Saving graph of 1 jobs, 1 new
[2022-05-12T15:13:37+0200] [MainThread] [I] [toil.job] Processing job 'CWLJob' writable-dir.cwl kind-CWLJob/instance-b5jg_02d v0
[2022-05-12T15:13:37+0200] [MainThread] [I] [toil] Running Toil version 5.6.0-c34146a6437e4407a61e946e968bcce67a0ebbca on host mrc-tux.
[2022-05-12T15:13:37+0200] [MainThread] [I] [toil.leader] Issued job 'CWLJob' writable-dir.cwl kind-CWLJob/instance-b5jg_02d v1 with job batch system ID: 0 and cores: 1, disk: 3.0 Gi, and memory: 2.0 Gi
[2022-05-12T15:13:37+0200] [MainThread] [I] [toil.worker] Redirecting logging to /tmp/8ae773677b2552e0a07794b5971d953b/24ec/worker_log.txt
[2022-05-12T15:13:38+0200] [MainThread] [I] [toil.leader] 0 jobs are running, 0 jobs are issued and waiting to run
[2022-05-12T15:13:39+0200] [MainThread] [I] [toil.leader] Finished toil run successfully.
[2022-05-12T15:13:39+0200] [MainThread] [I] [toil.common] Successfully deleted the job store: FileJobStore(/tmp/tmpxspwp2dy)
</system-err>
		</testcase>
		<testcase name="Test empty writable dir with InitialWorkDirRequirement inside Docker" time="6.746862" class="inline_javascript, initial_work_dir, command_line_tool" file="initial_workdir_empty_writable_docker" url="cwltest:conformance_tests#119">
			<system-out>{
    &quot;out&quot;: {
        &quot;location&quot;: &quot;file:///tmp/tmp045cs_n4/emptyWritableDir&quot;,
        &quot;basename&quot;: &quot;emptyWritableDir&quot;,
        &quot;nameroot&quot;: &quot;emptyWritableDir&quot;,
        &quot;nameext&quot;: &quot;&quot;,
        &quot;class&quot;: &quot;Directory&quot;,
        &quot;listing&quot;: [
            {
                &quot;class&quot;: &quot;File&quot;,
                &quot;location&quot;: &quot;file:///tmp/tmp045cs_n4/emptyWritableDir/blurg&quot;,
                &quot;basename&quot;: &quot;blurg&quot;,
                &quot;size&quot;: 0,
                &quot;nameroot&quot;: &quot;blurg&quot;,
                &quot;nameext&quot;: &quot;&quot;,
                &quot;checksum&quot;: &quot;sha1$da39a3ee5e6b4b0d3255bfef95601890afd80709&quot;
            }
        ]
    }
}</system-out>
			<system-err>[2022-05-12T15:13:37+0200] [MainThread] [I] [cwltool] Resolved 'tests/writable-dir-docker.cwl' to 'file:///home/michael/cwl-v1.1/tests/writable-dir-docker.cwl'
[2022-05-12T15:13:39+0200] [MainThread] [I] [toil.job] Saving graph of 1 jobs, 1 new
[2022-05-12T15:13:39+0200] [MainThread] [I] [toil.job] Processing job 'CWLJob' writable-dir-docker.cwl kind-CWLJob/instance-s39pzr72 v0
[2022-05-12T15:13:39+0200] [MainThread] [I] [toil] Running Toil version 5.6.0-c34146a6437e4407a61e946e968bcce67a0ebbca on host mrc-tux.
[2022-05-12T15:13:39+0200] [MainThread] [I] [toil.leader] Issued job 'CWLJob' writable-dir-docker.cwl kind-CWLJob/instance-s39pzr72 v1 with job batch system ID: 0 and cores: 1, disk: 3.0 Gi, and memory: 2.0 Gi
[2022-05-12T15:13:39+0200] [MainThread] [I] [toil.worker] Redirecting logging to /tmp/ef597b69850a5c2db49bd121c2e47aed/d8fe/worker_log.txt
[2022-05-12T15:13:41+0200] [MainThread] [I] [toil.leader] 1 jobs are running, 0 jobs are issued and waiting to run
[2022-05-12T15:13:43+0200] [MainThread] [I] [toil.leader] Finished toil run successfully.
[2022-05-12T15:13:43+0200] [MainThread] [I] [toil.common] Successfully deleted the job store: FileJobStore(/tmp/tmp9wixh_mt)
</system-err>
		</testcase>
		<testcase name="Test dynamic resource reqs referencing inputs" time="6.713890" class="resource, command_line_tool" file="dynamic_resreq_inputs" url="cwltest:conformance_tests#120">
			<system-out>{
    &quot;output&quot;: {
        &quot;location&quot;: &quot;file:///tmp/tmpoh67u5qh/cores.txt&quot;,
        &quot;basename&quot;: &quot;cores.txt&quot;,
        &quot;nameroot&quot;: &quot;cores&quot;,
        &quot;nameext&quot;: &quot;.txt&quot;,
        &quot;class&quot;: &quot;File&quot;,
        &quot;checksum&quot;: &quot;sha1$7448d8798a4380162d4b56f9b452e2f6f9e24e7a&quot;,
        &quot;size&quot;: 2
    }
}</system-out>
			<system-err>[2022-05-12T15:13:37+0200] [MainThread] [I] [cwltool] Resolved 'tests/dynresreq.cwl' to 'file:///home/michael/cwl-v1.1/tests/dynresreq.cwl'
[2022-05-12T15:13:39+0200] [MainThread] [I] [toil.job] Saving graph of 1 jobs, 1 new
[2022-05-12T15:13:39+0200] [MainThread] [I] [toil.job] Processing job 'CWLJobWrapper' kind-CWLJobWrapper/instance-bv16bb3v v0
[2022-05-12T15:13:39+0200] [MainThread] [I] [toil] Running Toil version 5.6.0-c34146a6437e4407a61e946e968bcce67a0ebbca on host mrc-tux.
[2022-05-12T15:13:39+0200] [MainThread] [I] [toil.worker] Redirecting logging to /tmp/bb50652652a35c1bb411187dff1162bb/de1d/worker_log.txt
[2022-05-12T15:13:40+0200] [MainThread] [I] [toil.leader] 0 jobs are running, 0 jobs are issued and waiting to run
[2022-05-12T15:13:40+0200] [MainThread] [I] [toil.leader] Issued job 'CWLJob' dynresreq.cwl kind-CWLJob/instance-l4_id1oh v1 with job batch system ID: 1 and cores: 2, disk: 2.0 Gi, and memory: 256.0 Mi
[2022-05-12T15:13:40+0200] [MainThread] [I] [toil.worker] Redirecting logging to /tmp/bb50652652a35c1bb411187dff1162bb/5116/worker_log.txt
[2022-05-12T15:13:41+0200] [MainThread] [I] [toil.worker] Redirecting logging to /tmp/bb50652652a35c1bb411187dff1162bb/8ba6/worker_log.txt
[2022-05-12T15:13:43+0200] [MainThread] [I] [toil.leader] Finished toil run successfully.
[2022-05-12T15:13:43+0200] [MainThread] [I] [toil.common] Successfully deleted the job store: FileJobStore(/tmp/tmpnmh1wpmg)
</system-err>
		</testcase>
		<testcase name="Test file literal as input without Docker" time="4.786183" class="required, command_line_tool" file="fileliteral_input_docker" url="cwltest:conformance_tests#121">
			<system-out>{
    &quot;output_file&quot;: {
        &quot;location&quot;: &quot;file:///tmp/tmphvddsv9d/output.txt&quot;,
        &quot;basename&quot;: &quot;output.txt&quot;,
        &quot;nameroot&quot;: &quot;output&quot;,
        &quot;nameext&quot;: &quot;.txt&quot;,
        &quot;class&quot;: &quot;File&quot;,
        &quot;checksum&quot;: &quot;sha1$d0e04ff6c413c7d57f9a0ca0a33cd3ab52e2dd9c&quot;,
        &quot;size&quot;: 18
    }
}</system-out>
			<system-err>[2022-05-12T15:13:39+0200] [MainThread] [I] [cwltool] Resolved 'tests/cat3-nodocker.cwl' to 'file:///home/michael/cwl-v1.1/tests/cat3-nodocker.cwl'
[2022-05-12T15:13:41+0200] [MainThread] [I] [toil.job] Saving graph of 1 jobs, 1 new
[2022-05-12T15:13:41+0200] [MainThread] [I] [toil.job] Processing job 'CWLJob' cat3-nodocker.cwl kind-CWLJob/instance-7q8gt2yf v0
[2022-05-12T15:13:41+0200] [MainThread] [I] [toil] Running Toil version 5.6.0-c34146a6437e4407a61e946e968bcce67a0ebbca on host mrc-tux.
[2022-05-12T15:13:41+0200] [MainThread] [I] [toil.leader] Issued job 'CWLJob' cat3-nodocker.cwl kind-CWLJob/instance-7q8gt2yf v1 with job batch system ID: 0 and cores: 1, disk: 3.0 Gi, and memory: 2.0 Gi
[2022-05-12T15:13:41+0200] [MainThread] [I] [toil.worker] Redirecting logging to /tmp/455f79594da7585e93a698f312ae2206/7613/worker_log.txt
[2022-05-12T15:13:41+0200] [MainThread] [I] [toil.leader] 0 jobs are running, 0 jobs are issued and waiting to run
[2022-05-12T15:13:43+0200] [MainThread] [I] [toil.leader] Finished toil run successfully.
[2022-05-12T15:13:43+0200] [MainThread] [I] [toil.common] Successfully deleted the job store: FileJobStore(/tmp/tmpjk924nxx)
</system-err>
		</testcase>
		<testcase name="Test that OutputBinding.glob is sorted as specified by POSIX" time="4.929491" class="required, command_line_tool" file="outputbinding_glob_sorted" url="cwltest:conformance_tests#122">
			<system-out>{
    &quot;letters&quot;: [
        {
            &quot;location&quot;: &quot;file:///tmp/tmp6zcxv71p/a&quot;,
            &quot;basename&quot;: &quot;a&quot;,
            &quot;nameroot&quot;: &quot;a&quot;,
            &quot;nameext&quot;: &quot;&quot;,
            &quot;class&quot;: &quot;File&quot;,
            &quot;checksum&quot;: &quot;sha1$da39a3ee5e6b4b0d3255bfef95601890afd80709&quot;,
            &quot;size&quot;: 0
        },
        {
            &quot;location&quot;: &quot;file:///tmp/tmp6zcxv71p/b&quot;,
            &quot;basename&quot;: &quot;b&quot;,
            &quot;nameroot&quot;: &quot;b&quot;,
            &quot;nameext&quot;: &quot;&quot;,
            &quot;class&quot;: &quot;File&quot;,
            &quot;checksum&quot;: &quot;sha1$da39a3ee5e6b4b0d3255bfef95601890afd80709&quot;,
            &quot;size&quot;: 0
        },
        {
            &quot;location&quot;: &quot;file:///tmp/tmp6zcxv71p/c&quot;,
            &quot;basename&quot;: &quot;c&quot;,
            &quot;nameroot&quot;: &quot;c&quot;,
            &quot;nameext&quot;: &quot;&quot;,
            &quot;class&quot;: &quot;File&quot;,
            &quot;checksum&quot;: &quot;sha1$da39a3ee5e6b4b0d3255bfef95601890afd80709&quot;,
            &quot;size&quot;: 0
        },
        {
            &quot;location&quot;: &quot;file:///tmp/tmp6zcxv71p/w&quot;,
            &quot;basename&quot;: &quot;w&quot;,
            &quot;nameroot&quot;: &quot;w&quot;,
            &quot;nameext&quot;: &quot;&quot;,
            &quot;class&quot;: &quot;File&quot;,
            &quot;checksum&quot;: &quot;sha1$da39a3ee5e6b4b0d3255bfef95601890afd80709&quot;,
            &quot;size&quot;: 0
        },
        {
            &quot;location&quot;: &quot;file:///tmp/tmp6zcxv71p/x&quot;,
            &quot;basename&quot;: &quot;x&quot;,
            &quot;nameroot&quot;: &quot;x&quot;,
            &quot;nameext&quot;: &quot;&quot;,
            &quot;class&quot;: &quot;File&quot;,
            &quot;checksum&quot;: &quot;sha1$da39a3ee5e6b4b0d3255bfef95601890afd80709&quot;,
            &quot;size&quot;: 0
        },
        {
            &quot;location&quot;: &quot;file:///tmp/tmp6zcxv71p/y&quot;,
            &quot;basename&quot;: &quot;y&quot;,
            &quot;nameroot&quot;: &quot;y&quot;,
            &quot;nameext&quot;: &quot;&quot;,
            &quot;class&quot;: &quot;File&quot;,
            &quot;checksum&quot;: &quot;sha1$da39a3ee5e6b4b0d3255bfef95601890afd80709&quot;,
            &quot;size&quot;: 0
        },
        {
            &quot;location&quot;: &quot;file:///tmp/tmp6zcxv71p/z&quot;,
            &quot;basename&quot;: &quot;z&quot;,
            &quot;nameroot&quot;: &quot;z&quot;,
            &quot;nameext&quot;: &quot;&quot;,
            &quot;class&quot;: &quot;File&quot;,
            &quot;checksum&quot;: &quot;sha1$da39a3ee5e6b4b0d3255bfef95601890afd80709&quot;,
            &quot;size&quot;: 0
        }
    ]
}</system-out>
			<system-err>[2022-05-12T15:13:39+0200] [MainThread] [I] [cwltool] Resolved 'tests/glob_test.cwl' to 'file:///home/michael/cwl-v1.1/tests/glob_test.cwl'
[2022-05-12T15:13:42+0200] [MainThread] [I] [toil.job] Saving graph of 1 jobs, 1 new
[2022-05-12T15:13:42+0200] [MainThread] [I] [toil.job] Processing job 'CWLJob' glob_test.cwl kind-CWLJob/instance-sjjz691a v0
[2022-05-12T15:13:42+0200] [MainThread] [I] [toil] Running Toil version 5.6.0-c34146a6437e4407a61e946e968bcce67a0ebbca on host mrc-tux.
[2022-05-12T15:13:42+0200] [MainThread] [I] [toil.leader] Issued job 'CWLJob' glob_test.cwl kind-CWLJob/instance-sjjz691a v1 with job batch system ID: 0 and cores: 1, disk: 3.0 Gi, and memory: 2.0 Gi
[2022-05-12T15:13:42+0200] [MainThread] [I] [toil.worker] Redirecting logging to /tmp/d1ca45ca5c775ab6adc4fef0fa4ff130/d85d/worker_log.txt
[2022-05-12T15:13:42+0200] [MainThread] [I] [toil.leader] 0 jobs are running, 0 jobs are issued and waiting to run
[2022-05-12T15:13:44+0200] [MainThread] [I] [toil.leader] Finished toil run successfully.
[2022-05-12T15:13:44+0200] [MainThread] [I] [toil.common] Successfully deleted the job store: FileJobStore(/tmp/tmp28fty9bt)
</system-err>
		</testcase>
		<testcase name="Test InitialWorkDirRequirement with a nested directory structure from another step" time="8.891673" class="initial_work_dir, workflow" file="initialworkdir_nesteddir" url="cwltest:conformance_tests#123">
			<system-out>{
    &quot;ya_empty&quot;: {
        &quot;location&quot;: &quot;file:///tmp/tmpq9x5hi8e/ya&quot;,
        &quot;basename&quot;: &quot;ya&quot;,
        &quot;nameroot&quot;: &quot;ya&quot;,
        &quot;nameext&quot;: &quot;&quot;,
        &quot;class&quot;: &quot;File&quot;,
        &quot;checksum&quot;: &quot;sha1$da39a3ee5e6b4b0d3255bfef95601890afd80709&quot;,
        &quot;size&quot;: 0
    }
}</system-out>
			<system-err>[2022-05-12T15:13:43+0200] [MainThread] [I] [cwltool] Resolved 'tests/iwdr_with_nested_dirs.cwl' to 'file:///home/michael/cwl-v1.1/tests/iwdr_with_nested_dirs.cwl'
[2022-05-12T15:13:47+0200] [MainThread] [I] [toil.job] Saving graph of 2 jobs, 2 new
[2022-05-12T15:13:47+0200] [MainThread] [I] [toil.job] Processing job 'ResolveIndirect' kind-ResolveIndirect/instance-nzzi7m54 v0
[2022-05-12T15:13:47+0200] [MainThread] [I] [toil.job] Processing job 'CWLWorkflow' kind-CWLWorkflow/instance-iafaqji2 v0
[2022-05-12T15:13:48+0200] [MainThread] [I] [toil] Running Toil version 5.6.0-c34146a6437e4407a61e946e968bcce67a0ebbca on host mrc-tux.
[2022-05-12T15:13:48+0200] [MainThread] [I] [toil.worker] Redirecting logging to /tmp/bf0710ab0cca53bb967b3090bf0568b8/30c7/worker_log.txt
[2022-05-12T15:13:48+0200] [MainThread] [I] [toil.leader] 0 jobs are running, 0 jobs are issued and waiting to run
[2022-05-12T15:13:48+0200] [MainThread] [I] [toil.leader] Issued job 'CWLJob' iwdr_with_nested_dirs.cwl.first._:6529d6b7-62bf-46bc-9e5b-8f81c4cd245a kind-CWLJob/instance-8_8hm22f v1 with job batch system ID: 1 and cores: 1, disk: 3.0 Gi, and memory: 2.0 Gi
[2022-05-12T15:13:49+0200] [MainThread] [I] [toil.worker] Redirecting logging to /tmp/bf0710ab0cca53bb967b3090bf0568b8/34b1/worker_log.txt
[2022-05-12T15:13:49+0200] [MainThread] [I] [toil.worker] Redirecting logging to /tmp/bf0710ab0cca53bb967b3090bf0568b8/3ef7/worker_log.txt
[2022-05-12T15:13:50+0200] [MainThread] [I] [toil.worker] Redirecting logging to /tmp/bf0710ab0cca53bb967b3090bf0568b8/1c70/worker_log.txt
[2022-05-12T15:13:52+0200] [MainThread] [I] [toil.leader] Finished toil run successfully.
[2022-05-12T15:13:52+0200] [MainThread] [I] [toil.common] Successfully deleted the job store: FileJobStore(/tmp/tmp6gaiecdn)
</system-err>
		</testcase>
		<testcase name="Test that boolean flags do not appear on command line if inputBinding is empty and not null" time="5.544278" class="required, command_line_tool" file="booleanflags_cl_noinputbinding" url="cwltest:conformance_tests#124">
			<system-out>{
    &quot;args&quot;: []
}</system-out>
			<system-err>[2022-05-12T15:13:43+0200] [MainThread] [I] [cwltool] Resolved 'tests/bool-empty-inputbinding.cwl' to 'file:///home/michael/cwl-v1.1/tests/bool-empty-inputbinding.cwl'
[2022-05-12T15:13:45+0200] [MainThread] [I] [toil.job] Saving graph of 1 jobs, 1 new
[2022-05-12T15:13:45+0200] [MainThread] [I] [toil.job] Processing job 'CWLJob' bool-empty-inputbinding.cwl kind-CWLJob/instance-p1c5yam0 v0
[2022-05-12T15:13:45+0200] [MainThread] [I] [toil] Running Toil version 5.6.0-c34146a6437e4407a61e946e968bcce67a0ebbca on host mrc-tux.
[2022-05-12T15:13:45+0200] [MainThread] [I] [toil.leader] Issued job 'CWLJob' bool-empty-inputbinding.cwl kind-CWLJob/instance-p1c5yam0 v1 with job batch system ID: 0 and cores: 1, disk: 3.0 Gi, and memory: 2.0 Gi
[2022-05-12T15:13:46+0200] [MainThread] [I] [toil.worker] Redirecting logging to /tmp/5465c122e6d25255901f9b2cd9c0cd18/e094/worker_log.txt
[2022-05-12T15:13:47+0200] [MainThread] [I] [toil.leader] 0 jobs are running, 0 jobs are issued and waiting to run
[2022-05-12T15:13:48+0200] [MainThread] [I] [toil.leader] Finished toil run successfully.
[2022-05-12T15:13:48+0200] [MainThread] [I] [toil.common] Successfully deleted the job store: FileJobStore(/tmp/tmpa8c8v6gb)
</system-err>
		</testcase>
		<testcase name="Test that expression engine does not fail to evaluate reference to self with unprovided input" time="5.616063" class="required, command_line_tool" file="expr_reference_self_noinput" url="cwltest:conformance_tests#125">
			<system-out>{
    &quot;args&quot;: []
}</system-out>
			<system-err>[2022-05-12T15:13:43+0200] [MainThread] [I] [cwltool] Resolved 'tests/stage-unprovided-file.cwl' to 'file:///home/michael/cwl-v1.1/tests/stage-unprovided-file.cwl'
[2022-05-12T15:13:45+0200] [MainThread] [I] [toil.job] Saving graph of 1 jobs, 1 new
[2022-05-12T15:13:45+0200] [MainThread] [I] [toil.job] Processing job 'CWLJob' stage-unprovided-file.cwl kind-CWLJob/instance-r5x6ybps v0
[2022-05-12T15:13:45+0200] [MainThread] [I] [toil] Running Toil version 5.6.0-c34146a6437e4407a61e946e968bcce67a0ebbca on host mrc-tux.
[2022-05-12T15:13:45+0200] [MainThread] [I] [toil.leader] Issued job 'CWLJob' stage-unprovided-file.cwl kind-CWLJob/instance-r5x6ybps v1 with job batch system ID: 0 and cores: 1, disk: 3.0 Gi, and memory: 2.0 Gi
[2022-05-12T15:13:46+0200] [MainThread] [I] [toil.worker] Redirecting logging to /tmp/3352df1fc67451a4b70dfd460d1f5c5d/ade8/worker_log.txt
[2022-05-12T15:13:47+0200] [MainThread] [I] [toil.leader] 0 jobs are running, 0 jobs are issued and waiting to run
[2022-05-12T15:13:48+0200] [MainThread] [I] [toil.leader] Finished toil run successfully.
[2022-05-12T15:13:48+0200] [MainThread] [I] [toil.common] Successfully deleted the job store: FileJobStore(/tmp/tmpn58mnvmv)
</system-err>
		</testcase>
		<testcase name="Test successCodes" time="4.894032" class="required, command_line_tool" file="success_codes" url="cwltest:conformance_tests#126">
			<system-out>{}</system-out>
			<system-err>[2022-05-12T15:13:44+0200] [MainThread] [I] [cwltool] Resolved 'tests/exit-success.cwl' to 'file:///home/michael/cwl-v1.1/tests/exit-success.cwl'
[2022-05-12T15:13:46+0200] [MainThread] [I] [toil.job] Saving graph of 1 jobs, 1 new
[2022-05-12T15:13:46+0200] [MainThread] [I] [toil.job] Processing job 'CWLJob' exit-success.cwl kind-CWLJob/instance-4nb50d5i v0
[2022-05-12T15:13:46+0200] [MainThread] [I] [toil] Running Toil version 5.6.0-c34146a6437e4407a61e946e968bcce67a0ebbca on host mrc-tux.
[2022-05-12T15:13:46+0200] [MainThread] [I] [toil.leader] Issued job 'CWLJob' exit-success.cwl kind-CWLJob/instance-4nb50d5i v1 with job batch system ID: 0 and cores: 1, disk: 3.0 Gi, and memory: 2.0 Gi
[2022-05-12T15:13:47+0200] [MainThread] [I] [toil.worker] Redirecting logging to /tmp/53d6a33fd059544c9299f0dc6e36b59c/11ea/worker_log.txt
[2022-05-12T15:13:47+0200] [MainThread] [I] [toil.leader] 0 jobs are running, 0 jobs are issued and waiting to run
[2022-05-12T15:13:48+0200] [MainThread] [I] [toil.leader] Finished toil run successfully.
[2022-05-12T15:13:48+0200] [MainThread] [I] [toil.common] Successfully deleted the job store: FileJobStore(/tmp/tmpaetlbde3)
</system-err>
		</testcase>
		<testcase name="Test simple workflow with a dynamic resource requirement" time="11.658736" class="resource, workflow" file="dynamic_resreq_wf" url="cwltest:conformance_tests#127">
			<system-out>{
    &quot;cores&quot;: {
        &quot;location&quot;: &quot;file:///tmp/tmpc7fs6e5q/output&quot;,
        &quot;basename&quot;: &quot;output&quot;,
        &quot;nameroot&quot;: &quot;output&quot;,
        &quot;nameext&quot;: &quot;&quot;,
        &quot;class&quot;: &quot;File&quot;,
        &quot;checksum&quot;: &quot;sha1$7448d8798a4380162d4b56f9b452e2f6f9e24e7a&quot;,
        &quot;size&quot;: 2
    }
}</system-out>
			<system-err>[2022-05-12T15:13:49+0200] [MainThread] [I] [cwltool] Resolved 'tests/dynresreq-workflow.cwl' to 'file:///home/michael/cwl-v1.1/tests/dynresreq-workflow.cwl'
[2022-05-12T15:13:53+0200] [MainThread] [I] [toil.job] Saving graph of 2 jobs, 2 new
[2022-05-12T15:13:53+0200] [MainThread] [I] [toil.job] Processing job 'ResolveIndirect' kind-ResolveIndirect/instance-arq12l90 v0
[2022-05-12T15:13:53+0200] [MainThread] [I] [toil.job] Processing job 'CWLWorkflow' kind-CWLWorkflow/instance-e8ejvp4v v0
[2022-05-12T15:13:53+0200] [MainThread] [I] [toil] Running Toil version 5.6.0-c34146a6437e4407a61e946e968bcce67a0ebbca on host mrc-tux.
[2022-05-12T15:13:53+0200] [MainThread] [I] [toil.worker] Redirecting logging to /tmp/220f1953d2145432b0bf1d0725aa24d5/f0a3/worker_log.txt
[2022-05-12T15:13:54+0200] [MainThread] [I] [toil.leader] 0 jobs are running, 0 jobs are issued and waiting to run
[2022-05-12T15:13:54+0200] [MainThread] [I] [toil.worker] Redirecting logging to /tmp/220f1953d2145432b0bf1d0725aa24d5/2258/worker_log.txt
[2022-05-12T15:13:55+0200] [MainThread] [I] [toil.leader] Issued job 'CWLJob' dynresreq-workflow.cwl.count.dynresreq.cwl kind-CWLJob/instance-i2sns50k v1 with job batch system ID: 2 and cores: 2, disk: 2.0 Gi, and memory: 256.0 Mi
[2022-05-12T15:13:55+0200] [MainThread] [I] [toil.worker] Redirecting logging to /tmp/220f1953d2145432b0bf1d0725aa24d5/0f8e/worker_log.txt
[2022-05-12T15:13:55+0200] [MainThread] [I] [toil.leader] Issued job 'CWLJob' dynresreq-workflow.cwl.report.cat-tool.cwl kind-CWLJob/instance-337nl1xs v1 with job batch system ID: 3 and cores: 1, disk: 3.0 Gi, and memory: 2.0 Gi
[2022-05-12T15:13:56+0200] [MainThread] [I] [toil.worker] Redirecting logging to /tmp/220f1953d2145432b0bf1d0725aa24d5/f078/worker_log.txt
[2022-05-12T15:13:57+0200] [MainThread] [I] [toil.worker] Redirecting logging to /tmp/220f1953d2145432b0bf1d0725aa24d5/8fc6/worker_log.txt
[2022-05-12T15:13:57+0200] [MainThread] [I] [toil.worker] Redirecting logging to /tmp/220f1953d2145432b0bf1d0725aa24d5/d9fe/worker_log.txt
[2022-05-12T15:13:58+0200] [MainThread] [I] [toil.worker] Redirecting logging to /tmp/220f1953d2145432b0bf1d0725aa24d5/92fb/worker_log.txt
[2022-05-12T15:14:00+0200] [MainThread] [I] [toil.leader] Finished toil run successfully.
[2022-05-12T15:14:00+0200] [MainThread] [I] [toil.common] Successfully deleted the job store: FileJobStore(/tmp/tmp8ikfps6z)
</system-err>
		</testcase>
		<testcase name="Test that empty array input does not add anything to command line" time="5.866417" class="required, command_line_tool" file="cl_empty_array_input" url="cwltest:conformance_tests#128">
			<system-out>{
    &quot;args&quot;: []
}</system-out>
			<system-err>[2022-05-12T15:13:49+0200] [MainThread] [I] [cwltool] Resolved 'tests/empty-array-input.cwl' to 'file:///home/michael/cwl-v1.1/tests/empty-array-input.cwl'
[2022-05-12T15:13:51+0200] [MainThread] [I] [toil.job] Saving graph of 1 jobs, 1 new
[2022-05-12T15:13:51+0200] [MainThread] [I] [toil.job] Processing job 'CWLJob' empty-array-input.cwl kind-CWLJob/instance-mgbp2dt5 v0
[2022-05-12T15:13:51+0200] [MainThread] [I] [toil] Running Toil version 5.6.0-c34146a6437e4407a61e946e968bcce67a0ebbca on host mrc-tux.
[2022-05-12T15:13:51+0200] [MainThread] [I] [toil.leader] Issued job 'CWLJob' empty-array-input.cwl kind-CWLJob/instance-mgbp2dt5 v1 with job batch system ID: 0 and cores: 1, disk: 3.0 Gi, and memory: 2.0 Gi
[2022-05-12T15:13:52+0200] [MainThread] [I] [toil.worker] Redirecting logging to /tmp/fcbddda3e4ed57148a30b9dd2fff3afb/b8d4/worker_log.txt
[2022-05-12T15:13:53+0200] [MainThread] [I] [toil.leader] 0 jobs are running, 0 jobs are issued and waiting to run
[2022-05-12T15:13:54+0200] [MainThread] [I] [toil.leader] Finished toil run successfully.
[2022-05-12T15:13:54+0200] [MainThread] [I] [toil.common] Successfully deleted the job store: FileJobStore(/tmp/tmp_0rilevn)
</system-err>
		</testcase>
		<testcase name="Test that ResourceRequirement on a step level redefines requirement on the workflow level" time="8.590563" class="resource, workflow" file="resreq_step_overrides_wf" url="cwltest:conformance_tests#129">
			<system-out>{
    &quot;out&quot;: {
        &quot;location&quot;: &quot;file:///tmp/tmpz9dxgerp/cores.txt&quot;,
        &quot;basename&quot;: &quot;cores.txt&quot;,
        &quot;nameroot&quot;: &quot;cores&quot;,
        &quot;nameext&quot;: &quot;.txt&quot;,
        &quot;class&quot;: &quot;File&quot;,
        &quot;checksum&quot;: &quot;sha1$e5fa44f2b31c1fb553b6021e7360d07d5d91ff5e&quot;,
        &quot;size&quot;: 2
    }
}</system-out>
			<system-err>[2022-05-12T15:13:49+0200] [MainThread] [I] [cwltool] Resolved 'tests/steplevel-resreq.cwl' to 'file:///home/michael/cwl-v1.1/tests/steplevel-resreq.cwl'
[2022-05-12T15:13:52+0200] [MainThread] [I] [toil.job] Saving graph of 2 jobs, 2 new
[2022-05-12T15:13:52+0200] [MainThread] [I] [toil.job] Processing job 'ResolveIndirect' kind-ResolveIndirect/instance-rsy4zksu v0
[2022-05-12T15:13:52+0200] [MainThread] [I] [toil.job] Processing job 'CWLWorkflow' kind-CWLWorkflow/instance-odca4tdg v0
[2022-05-12T15:13:52+0200] [MainThread] [I] [toil] Running Toil version 5.6.0-c34146a6437e4407a61e946e968bcce67a0ebbca on host mrc-tux.
[2022-05-12T15:13:53+0200] [MainThread] [I] [toil.worker] Redirecting logging to /tmp/66b5850ffe1659899be792a5fa2f1bd8/e286/worker_log.txt
[2022-05-12T15:13:53+0200] [MainThread] [I] [toil.leader] 0 jobs are running, 0 jobs are issued and waiting to run
[2022-05-12T15:13:53+0200] [MainThread] [I] [toil.leader] Issued job 'CWLJob' steplevel-resreq.cwl.step1._:59afcb06-700a-4032-b356-6bd499fe6d5e kind-CWLJob/instance-pbgtc3zx v1 with job batch system ID: 1 and cores: 1, disk: 2.0 Gi, and memory: 256.0 Mi
[2022-05-12T15:13:53+0200] [MainThread] [I] [toil.worker] Redirecting logging to /tmp/66b5850ffe1659899be792a5fa2f1bd8/4c37/worker_log.txt
[2022-05-12T15:13:54+0200] [MainThread] [I] [toil.worker] Redirecting logging to /tmp/66b5850ffe1659899be792a5fa2f1bd8/4995/worker_log.txt
[2022-05-12T15:13:55+0200] [MainThread] [I] [toil.worker] Redirecting logging to /tmp/66b5850ffe1659899be792a5fa2f1bd8/955c/worker_log.txt
[2022-05-12T15:13:57+0200] [MainThread] [I] [toil.leader] Finished toil run successfully.
[2022-05-12T15:13:57+0200] [MainThread] [I] [toil.common] Successfully deleted the job store: FileJobStore(/tmp/tmpky5q4dlm)
</system-err>
		</testcase>
		<testcase name="Test valueFrom with constant value overriding provided array inputs" time="6.028637" class="required, command_line_tool" file="valuefrom_constant_overrides_inputs" url="cwltest:conformance_tests#130">
			<system-out>{
    &quot;args&quot;: [
        &quot;replacementValue&quot;
    ]
}</system-out>
			<system-err>[2022-05-12T15:13:52+0200] [MainThread] [I] [cwltool] Resolved 'tests/valueFrom-constant.cwl' to 'file:///home/michael/cwl-v1.1/tests/valueFrom-constant.cwl'
[2022-05-12T15:13:55+0200] [MainThread] [I] [toil.job] Saving graph of 1 jobs, 1 new
[2022-05-12T15:13:55+0200] [MainThread] [I] [toil.job] Processing job 'CWLJob' valueFrom-constant.cwl kind-CWLJob/instance-df_epkg5 v0
[2022-05-12T15:13:55+0200] [MainThread] [I] [toil] Running Toil version 5.6.0-c34146a6437e4407a61e946e968bcce67a0ebbca on host mrc-tux.
[2022-05-12T15:13:55+0200] [MainThread] [I] [toil.leader] Issued job 'CWLJob' valueFrom-constant.cwl kind-CWLJob/instance-df_epkg5 v1 with job batch system ID: 0 and cores: 1, disk: 3.0 Gi, and memory: 2.0 Gi
[2022-05-12T15:13:55+0200] [MainThread] [I] [toil.worker] Redirecting logging to /tmp/5704dc37f0f75ffbba664472d5128eba/ec9f/worker_log.txt
[2022-05-12T15:13:56+0200] [MainThread] [I] [toil.leader] 0 jobs are running, 0 jobs are issued and waiting to run
[2022-05-12T15:13:58+0200] [MainThread] [I] [toil.leader] Finished toil run successfully.
[2022-05-12T15:13:58+0200] [MainThread] [I] [toil.common] Successfully deleted the job store: FileJobStore(/tmp/tmppkcblxg5)
</system-err>
		</testcase>
		<testcase name="Test dynamic resource reqs referencing the size of Files inside a Directory" time="7.254759" class="resource, command_line_tool" file="dynamic_resreq_filesizes" url="cwltest:conformance_tests#131">
			<system-out>{
    &quot;output&quot;: {
        &quot;location&quot;: &quot;file:///tmp/tmpchhpe08c/cores.txt&quot;,
        &quot;basename&quot;: &quot;cores.txt&quot;,
        &quot;nameroot&quot;: &quot;cores&quot;,
        &quot;nameext&quot;: &quot;.txt&quot;,
        &quot;class&quot;: &quot;File&quot;,
        &quot;checksum&quot;: &quot;sha1$7448d8798a4380162d4b56f9b452e2f6f9e24e7a&quot;,
        &quot;size&quot;: 2
    }
}</system-out>
			<system-err>[2022-05-12T15:13:55+0200] [MainThread] [I] [cwltool] Resolved 'tests/dynresreq-dir.cwl' to 'file:///home/michael/cwl-v1.1/tests/dynresreq-dir.cwl'
[2022-05-12T15:13:57+0200] [MainThread] [I] [toil.job] Saving graph of 1 jobs, 1 new
[2022-05-12T15:13:57+0200] [MainThread] [I] [toil.job] Processing job 'CWLJobWrapper' kind-CWLJobWrapper/instance-h1bfv49q v0
[2022-05-12T15:13:57+0200] [MainThread] [I] [toil] Running Toil version 5.6.0-c34146a6437e4407a61e946e968bcce67a0ebbca on host mrc-tux.
[2022-05-12T15:13:58+0200] [MainThread] [I] [toil.worker] Redirecting logging to /tmp/8c6e9be213e45a3b962ffa54ac8bf328/66a0/worker_log.txt
[2022-05-12T15:13:58+0200] [MainThread] [I] [toil.leader] 0 jobs are running, 0 jobs are issued and waiting to run
[2022-05-12T15:13:58+0200] [MainThread] [I] [toil.leader] Issued job 'CWLJob' dynresreq-dir.cwl kind-CWLJob/instance-ruzq0_ez v1 with job batch system ID: 1 and cores: 2, disk: 2.0 Gi, and memory: 256.0 Mi
[2022-05-12T15:13:59+0200] [MainThread] [I] [toil.worker] Redirecting logging to /tmp/8c6e9be213e45a3b962ffa54ac8bf328/3928/worker_log.txt
[2022-05-12T15:13:59+0200] [MainThread] [I] [toil.worker] Redirecting logging to /tmp/8c6e9be213e45a3b962ffa54ac8bf328/a427/worker_log.txt
[2022-05-12T15:14:02+0200] [MainThread] [I] [toil.leader] Finished toil run successfully.
[2022-05-12T15:14:02+0200] [MainThread] [I] [toil.common] Successfully deleted the job store: FileJobStore(/tmp/tmpxui_6xv5)
</system-err>
		</testcase>
		<testcase name="Test that it is not an error to connect a parameter to a workflow step, even if the parameter doesn't appear in the `run` process inputs." time="8.550384" class="required, workflow" file="wf_step_connect_undeclared_param" url="cwltest:conformance_tests#132">
			<system-out>{
    &quot;out&quot;: &quot;hello inp1\n&quot;
}</system-out>
			<system-err>[2022-05-12T15:13:58+0200] [MainThread] [I] [cwltool] Resolved 'tests/pass-unconnected.cwl' to 'file:///home/michael/cwl-v1.1/tests/pass-unconnected.cwl'
[2022-05-12T15:14:01+0200] [MainThread] [W] [cwltool] Workflow checker warning:
tests/pass-unconnected.cwl:18:7: 'in2' is not an input parameter of
                                 file:///home/michael/cwl-v1.1/tests/echo-tool.cwl, expected in
[2022-05-12T15:14:01+0200] [MainThread] [I] [toil.job] Saving graph of 2 jobs, 2 new
[2022-05-12T15:14:01+0200] [MainThread] [I] [toil.job] Processing job 'ResolveIndirect' kind-ResolveIndirect/instance-vngv67v1 v0
[2022-05-12T15:14:01+0200] [MainThread] [I] [toil.job] Processing job 'CWLWorkflow' kind-CWLWorkflow/instance-dolewwmj v0
[2022-05-12T15:14:01+0200] [MainThread] [I] [toil] Running Toil version 5.6.0-c34146a6437e4407a61e946e968bcce67a0ebbca on host mrc-tux.
[2022-05-12T15:14:01+0200] [MainThread] [I] [toil.worker] Redirecting logging to /tmp/b02d8a1c11425c12b467143b6ac26709/a3ff/worker_log.txt
[2022-05-12T15:14:01+0200] [MainThread] [I] [toil.leader] 0 jobs are running, 0 jobs are issued and waiting to run
[2022-05-12T15:14:01+0200] [MainThread] [I] [toil.leader] Issued job 'CWLJob' pass-unconnected.cwl.step1.echo-tool.cwl kind-CWLJob/instance-fwzd45ol v1 with job batch system ID: 1 and cores: 1, disk: 3.0 Gi, and memory: 2.0 Gi
[2022-05-12T15:14:02+0200] [MainThread] [I] [toil.worker] Redirecting logging to /tmp/b02d8a1c11425c12b467143b6ac26709/b412/worker_log.txt
[2022-05-12T15:14:03+0200] [MainThread] [I] [toil.worker] Redirecting logging to /tmp/b02d8a1c11425c12b467143b6ac26709/1731/worker_log.txt
[2022-05-12T15:14:03+0200] [MainThread] [I] [toil.worker] Redirecting logging to /tmp/b02d8a1c11425c12b467143b6ac26709/aa04/worker_log.txt
[2022-05-12T15:14:06+0200] [MainThread] [I] [toil.leader] Finished toil run successfully.
[2022-05-12T15:14:06+0200] [MainThread] [I] [toil.common] Successfully deleted the job store: FileJobStore(/tmp/tmpmjmmjjfq)
</system-err>
		</testcase>
		<testcase name="Test that parameters that don't appear in the `run` process inputs are not present in the input object used to run the tool." time="11.566801" class="required, workflow" file="wf_step_access_undeclared_param" url="cwltest:conformance_tests#133">
			<system-err>[2022-05-12T15:13:58+0200] [MainThread] [I] [cwltool] Resolved 'tests/fail-unconnected.cwl' to 'file:///home/michael/cwl-v1.1/tests/fail-unconnected.cwl'
[2022-05-12T15:14:01+0200] [MainThread] [W] [cwltool] Workflow checker warning:
tests/fail-unconnected.cwl:18:7: 'in2' is not an input parameter of
                                 file:///home/michael/cwl-v1.1/tests/fail-unspecified-input.cwl,
                                 expected in
[2022-05-12T15:14:01+0200] [MainThread] [I] [toil.job] Saving graph of 2 jobs, 2 new
[2022-05-12T15:14:01+0200] [MainThread] [I] [toil.job] Processing job 'ResolveIndirect' kind-ResolveIndirect/instance-rkih_ojm v0
[2022-05-12T15:14:01+0200] [MainThread] [I] [toil.job] Processing job 'CWLWorkflow' kind-CWLWorkflow/instance-qm6wes5p v0
[2022-05-12T15:14:01+0200] [MainThread] [I] [toil] Running Toil version 5.6.0-c34146a6437e4407a61e946e968bcce67a0ebbca on host mrc-tux.
[2022-05-12T15:14:02+0200] [MainThread] [I] [toil.worker] Redirecting logging to /tmp/da9b64163da25a63b352274dbe8d4435/0e64/worker_log.txt
[2022-05-12T15:14:02+0200] [MainThread] [I] [toil.leader] 0 jobs are running, 0 jobs are issued and waiting to run
[2022-05-12T15:14:02+0200] [MainThread] [I] [toil.leader] Issued job 'CWLJob' fail-unconnected.cwl.step1.fail-unspecified-input.cwl kind-CWLJob/instance-obw7csdk v1 with job batch system ID: 1 and cores: 1, disk: 3.0 Gi, and memory: 2.0 Gi
[2022-05-12T15:14:02+0200] [MainThread] [I] [toil.worker] Redirecting logging to /tmp/da9b64163da25a63b352274dbe8d4435/8a00/worker_log.txt
[2022-05-12T15:14:03+0200] [Thread-1 (daddy)] [E] [toil.batchSystems.singleMachine] Got exit code 1 (indicating failure) from job _toil_worker CWLJob file:/tmp/tmpcbsc129b kind-CWLJob/instance-obw7csdk.
[2022-05-12T15:14:03+0200] [MainThread] [W] [toil.leader] Job failed with exit value 1: 'CWLJob' fail-unconnected.cwl.step1.fail-unspecified-input.cwl kind-CWLJob/instance-obw7csdk v1
Exit reason: None
[2022-05-12T15:14:03+0200] [MainThread] [W] [toil.leader] The job seems to have left a log file, indicating failure: 'CWLJob' fail-unconnected.cwl.step1.fail-unspecified-input.cwl kind-CWLJob/instance-obw7csdk v2
[2022-05-12T15:14:03+0200] [MainThread] [W] [toil.leader] Log from job &quot;kind-CWLJob/instance-obw7csdk&quot; follows:
=========&gt;
	[2022-05-12T15:14:02+0200] [MainThread] [I] [toil.worker] ---TOIL WORKER OUTPUT LOG---
	[2022-05-12T15:14:02+0200] [MainThread] [I] [toil] Running Toil version 5.6.0-c34146a6437e4407a61e946e968bcce67a0ebbca on host mrc-tux.
	[2022-05-12T15:14:02+0200] [MainThread] [I] [toil.worker] Working on job 'CWLJob' fail-unconnected.cwl.step1.fail-unspecified-input.cwl kind-CWLJob/instance-obw7csdk v1
	[2022-05-12T15:14:03+0200] [MainThread] [I] [toil.worker] Loaded body Job('CWLJob' fail-unconnected.cwl.step1.fail-unspecified-input.cwl kind-CWLJob/instance-obw7csdk v1) from description 'CWLJob' fail-unconnected.cwl.step1.fail-unspecified-input.cwl kind-CWLJob/instance-obw7csdk v1
	[2022-05-12T15:14:03+0200] [MainThread] [E] [cwltool] Syntax error in parameter reference 'inputs.in2': inputs does not contain key 'in2'. This could be due to using Javascript code without specifying InlineJavascriptRequirement.
	Traceback (most recent call last):
	  File &quot;/home/michael/common-workflow-language/toil5.6.0/lib/python3.10/site-packages/cwltool/expression.py&quot;, line 393, in do_eval
	    return interpolate(
	  File &quot;/home/michael/common-workflow-language/toil5.6.0/lib/python3.10/site-packages/cwltool/expression.py&quot;, line 297, in interpolate
	    e = evaluator(
	  File &quot;/home/michael/common-workflow-language/toil5.6.0/lib/python3.10/site-packages/cwltool/expression.py&quot;, line 243, in evaluator
	    raise JavascriptException(
	cwltool.sandboxjs.JavascriptException: Syntax error in parameter reference 'inputs.in2': inputs does not contain key 'in2'. This could be due to using Javascript code without specifying InlineJavascriptRequirement.
	Traceback (most recent call last):
	  File &quot;/home/michael/common-workflow-language/toil5.6.0/lib/python3.10/site-packages/cwltool/expression.py&quot;, line 393, in do_eval
	    return interpolate(
	  File &quot;/home/michael/common-workflow-language/toil5.6.0/lib/python3.10/site-packages/cwltool/expression.py&quot;, line 297, in interpolate
	    e = evaluator(
	  File &quot;/home/michael/common-workflow-language/toil5.6.0/lib/python3.10/site-packages/cwltool/expression.py&quot;, line 243, in evaluator
	    raise JavascriptException(
	cwltool.sandboxjs.JavascriptException: Syntax error in parameter reference 'inputs.in2': inputs does not contain key 'in2'. This could be due to using Javascript code without specifying InlineJavascriptRequirement.
	
	The above exception was the direct cause of the following exception:
	
	Traceback (most recent call last):
	  File &quot;/home/michael/common-workflow-language/toil5.6.0/lib/python3.10/site-packages/cwltool/builder.py&quot;, line 647, in generate_arg
	    value = self.do_eval(cast(str, binding[&quot;valueFrom&quot;]), context=value)
	  File &quot;/home/michael/common-workflow-language/toil5.6.0/lib/python3.10/site-packages/cwltool/builder.py&quot;, line 718, in do_eval
	    return expression.do_eval(
	  File &quot;/home/michael/common-workflow-language/toil5.6.0/lib/python3.10/site-packages/cwltool/expression.py&quot;, line 419, in do_eval
	    raise WorkflowException(&quot;Expression evaluation error:\n%s&quot; % str(e)) from e
	cwltool.errors.WorkflowException: Expression evaluation error:
	Syntax error in parameter reference 'inputs.in2': inputs does not contain key 'in2'. This could be due to using Javascript code without specifying InlineJavascriptRequirement.
	
	During handling of the above exception, another exception occurred:
	
	Traceback (most recent call last):
	  File &quot;/home/michael/common-workflow-language/toil5.6.0/lib/python3.10/site-packages/toil/worker.py&quot;, line 405, in workerScript
	    job._runner(jobGraph=None, jobStore=jobStore, fileStore=fileStore, defer=defer)
	  File &quot;/home/michael/common-workflow-language/toil5.6.0/lib/python3.10/site-packages/toil/job.py&quot;, line 2399, in _runner
	    returnValues = self._run(jobGraph=None, fileStore=fileStore)
	  File &quot;/home/michael/common-workflow-language/toil5.6.0/lib/python3.10/site-packages/toil/job.py&quot;, line 2317, in _run
	    return self.run(fileStore)
	  File &quot;/home/michael/common-workflow-language/toil5.6.0/lib/python3.10/site-packages/toil/cwl/cwltoil.py&quot;, line 2046, in run
	    output, status = ToilSingleJobExecutor().execute(
	  File &quot;/home/michael/common-workflow-language/toil5.6.0/lib/python3.10/site-packages/cwltool/executors.py&quot;, line 143, in execute
	    self.run_jobs(process, job_order_object, logger, runtime_context)
	  File &quot;/home/michael/common-workflow-language/toil5.6.0/lib/python3.10/site-packages/toil/cwl/cwltoil.py&quot;, line 922, in run_jobs
	    return super().run_jobs(process, job_order_object, logger, runtime_context)
	  File &quot;/home/michael/common-workflow-language/toil5.6.0/lib/python3.10/site-packages/cwltool/executors.py&quot;, line 227, in run_jobs
	    for job in jobiter:
	  File &quot;/home/michael/common-workflow-language/toil5.6.0/lib/python3.10/site-packages/cwltool/command_line_tool.py&quot;, line 1172, in job
	    j.command_line = flatten(list(map(builder.generate_arg, builder.bindings)))
	  File &quot;/home/michael/common-workflow-language/toil5.6.0/lib/python3.10/site-packages/cwltool/builder.py&quot;, line 641, in generate_arg
	    with SourceLine(
	  File &quot;schema_salad/sourceline.py&quot;, line 256, in __exit__
	cwltool.errors.WorkflowException: tests/fail-unspecified-input.cwl:13:33: Expression evaluation error:
	tests/fail-unspecified-input.cwl:13:33: Syntax error in parameter reference 'inputs.in2': inputs does not contain key 'in2'. This could be due to using Javascript code without specifying InlineJavascriptRequirement.
	[2022-05-12T15:14:03+0200] [MainThread] [E] [toil.worker] Exiting the worker because of a failed job on host mrc-tux
&lt;=========
[2022-05-12T15:14:03+0200] [MainThread] [W] [toil.job] Due to failure we are reducing the remaining try count of job 'CWLJob' fail-unconnected.cwl.step1.fail-unspecified-input.cwl kind-CWLJob/instance-obw7csdk v2 with ID kind-CWLJob/instance-obw7csdk to 1
[2022-05-12T15:14:03+0200] [MainThread] [I] [toil.leader] Issued job 'CWLJob' fail-unconnected.cwl.step1.fail-unspecified-input.cwl kind-CWLJob/instance-obw7csdk v3 with job batch system ID: 2 and cores: 1, disk: 3.0 Gi, and memory: 2.0 Gi
[2022-05-12T15:14:03+0200] [MainThread] [I] [toil.worker] Redirecting logging to /tmp/da9b64163da25a63b352274dbe8d4435/b113/worker_log.txt
[2022-05-12T15:14:03+0200] [Thread-1 (daddy)] [E] [toil.batchSystems.singleMachine] Got exit code 1 (indicating failure) from job _toil_worker CWLJob file:/tmp/tmpcbsc129b kind-CWLJob/instance-obw7csdk.
[2022-05-12T15:14:03+0200] [MainThread] [W] [toil.leader] Job failed with exit value 1: 'CWLJob' fail-unconnected.cwl.step1.fail-unspecified-input.cwl kind-CWLJob/instance-obw7csdk v3
Exit reason: None
[2022-05-12T15:14:03+0200] [MainThread] [W] [toil.leader] The job seems to have left a log file, indicating failure: 'CWLJob' fail-unconnected.cwl.step1.fail-unspecified-input.cwl kind-CWLJob/instance-obw7csdk v5
[2022-05-12T15:14:03+0200] [MainThread] [W] [toil.leader] Log from job &quot;kind-CWLJob/instance-obw7csdk&quot; follows:
=========&gt;
	[2022-05-12T15:14:03+0200] [MainThread] [I] [toil.worker] ---TOIL WORKER OUTPUT LOG---
	[2022-05-12T15:14:03+0200] [MainThread] [I] [toil] Running Toil version 5.6.0-c34146a6437e4407a61e946e968bcce67a0ebbca on host mrc-tux.
	[2022-05-12T15:14:03+0200] [MainThread] [I] [toil.worker] Working on job 'CWLJob' fail-unconnected.cwl.step1.fail-unspecified-input.cwl kind-CWLJob/instance-obw7csdk v4
	[2022-05-12T15:14:03+0200] [MainThread] [I] [toil.worker] Loaded body Job('CWLJob' fail-unconnected.cwl.step1.fail-unspecified-input.cwl kind-CWLJob/instance-obw7csdk v4) from description 'CWLJob' fail-unconnected.cwl.step1.fail-unspecified-input.cwl kind-CWLJob/instance-obw7csdk v4
	[2022-05-12T15:14:03+0200] [MainThread] [E] [cwltool] Syntax error in parameter reference 'inputs.in2': inputs does not contain key 'in2'. This could be due to using Javascript code without specifying InlineJavascriptRequirement.
	Traceback (most recent call last):
	  File &quot;/home/michael/common-workflow-language/toil5.6.0/lib/python3.10/site-packages/cwltool/expression.py&quot;, line 393, in do_eval
	    return interpolate(
	  File &quot;/home/michael/common-workflow-language/toil5.6.0/lib/python3.10/site-packages/cwltool/expression.py&quot;, line 297, in interpolate
	    e = evaluator(
	  File &quot;/home/michael/common-workflow-language/toil5.6.0/lib/python3.10/site-packages/cwltool/expression.py&quot;, line 243, in evaluator
	    raise JavascriptException(
	cwltool.sandboxjs.JavascriptException: Syntax error in parameter reference 'inputs.in2': inputs does not contain key 'in2'. This could be due to using Javascript code without specifying InlineJavascriptRequirement.
	Traceback (most recent call last):
	  File &quot;/home/michael/common-workflow-language/toil5.6.0/lib/python3.10/site-packages/cwltool/expression.py&quot;, line 393, in do_eval
	    return interpolate(
	  File &quot;/home/michael/common-workflow-language/toil5.6.0/lib/python3.10/site-packages/cwltool/expression.py&quot;, line 297, in interpolate
	    e = evaluator(
	  File &quot;/home/michael/common-workflow-language/toil5.6.0/lib/python3.10/site-packages/cwltool/expression.py&quot;, line 243, in evaluator
	    raise JavascriptException(
	cwltool.sandboxjs.JavascriptException: Syntax error in parameter reference 'inputs.in2': inputs does not contain key 'in2'. This could be due to using Javascript code without specifying InlineJavascriptRequirement.
	
	The above exception was the direct cause of the following exception:
	
	Traceback (most recent call last):
	  File &quot;/home/michael/common-workflow-language/toil5.6.0/lib/python3.10/site-packages/cwltool/builder.py&quot;, line 647, in generate_arg
	    value = self.do_eval(cast(str, binding[&quot;valueFrom&quot;]), context=value)
	  File &quot;/home/michael/common-workflow-language/toil5.6.0/lib/python3.10/site-packages/cwltool/builder.py&quot;, line 718, in do_eval
	    return expression.do_eval(
	  File &quot;/home/michael/common-workflow-language/toil5.6.0/lib/python3.10/site-packages/cwltool/expression.py&quot;, line 419, in do_eval
	    raise WorkflowException(&quot;Expression evaluation error:\n%s&quot; % str(e)) from e
	cwltool.errors.WorkflowException: Expression evaluation error:
	Syntax error in parameter reference 'inputs.in2': inputs does not contain key 'in2'. This could be due to using Javascript code without specifying InlineJavascriptRequirement.
	
	During handling of the above exception, another exception occurred:
	
	Traceback (most recent call last):
	  File &quot;/home/michael/common-workflow-language/toil5.6.0/lib/python3.10/site-packages/toil/worker.py&quot;, line 405, in workerScript
	    job._runner(jobGraph=None, jobStore=jobStore, fileStore=fileStore, defer=defer)
	  File &quot;/home/michael/common-workflow-language/toil5.6.0/lib/python3.10/site-packages/toil/job.py&quot;, line 2399, in _runner
	    returnValues = self._run(jobGraph=None, fileStore=fileStore)
	  File &quot;/home/michael/common-workflow-language/toil5.6.0/lib/python3.10/site-packages/toil/job.py&quot;, line 2317, in _run
	    return self.run(fileStore)
	  File &quot;/home/michael/common-workflow-language/toil5.6.0/lib/python3.10/site-packages/toil/cwl/cwltoil.py&quot;, line 2046, in run
	    output, status = ToilSingleJobExecutor().execute(
	  File &quot;/home/michael/common-workflow-language/toil5.6.0/lib/python3.10/site-packages/cwltool/executors.py&quot;, line 143, in execute
	    self.run_jobs(process, job_order_object, logger, runtime_context)
	  File &quot;/home/michael/common-workflow-language/toil5.6.0/lib/python3.10/site-packages/toil/cwl/cwltoil.py&quot;, line 922, in run_jobs
	    return super().run_jobs(process, job_order_object, logger, runtime_context)
	  File &quot;/home/michael/common-workflow-language/toil5.6.0/lib/python3.10/site-packages/cwltool/executors.py&quot;, line 227, in run_jobs
	    for job in jobiter:
	  File &quot;/home/michael/common-workflow-language/toil5.6.0/lib/python3.10/site-packages/cwltool/command_line_tool.py&quot;, line 1172, in job
	    j.command_line = flatten(list(map(builder.generate_arg, builder.bindings)))
	  File &quot;/home/michael/common-workflow-language/toil5.6.0/lib/python3.10/site-packages/cwltool/builder.py&quot;, line 641, in generate_arg
	    with SourceLine(
	  File &quot;schema_salad/sourceline.py&quot;, line 256, in __exit__
	cwltool.errors.WorkflowException: tests/fail-unspecified-input.cwl:13:33: Expression evaluation error:
	tests/fail-unspecified-input.cwl:13:33: Syntax error in parameter reference 'inputs.in2': inputs does not contain key 'in2'. This could be due to using Javascript code without specifying InlineJavascriptRequirement.
	[2022-05-12T15:14:03+0200] [MainThread] [E] [toil.worker] Exiting the worker because of a failed job on host mrc-tux
&lt;=========
[2022-05-12T15:14:03+0200] [MainThread] [W] [toil.job] Due to failure we are reducing the remaining try count of job 'CWLJob' fail-unconnected.cwl.step1.fail-unspecified-input.cwl kind-CWLJob/instance-obw7csdk v5 with ID kind-CWLJob/instance-obw7csdk to 0
[2022-05-12T15:14:03+0200] [MainThread] [W] [toil.leader] Job 'CWLJob' fail-unconnected.cwl.step1.fail-unspecified-input.cwl kind-CWLJob/instance-obw7csdk v6 is completely failed
[2022-05-12T15:14:09+0200] [MainThread] [I] [toil.leader] Finished toil run with 2 failed jobs.
[2022-05-12T15:14:09+0200] [MainThread] [I] [toil.leader] Failed jobs at end of the run: 'CWLJob' fail-unconnected.cwl.step1.fail-unspecified-input.cwl kind-CWLJob/instance-obw7csdk v6 'CWLWorkflow' kind-CWLWorkflow/instance-qm6wes5p v2
Traceback (most recent call last):
  File &quot;/home/michael/common-workflow-language/toil5.6.0/bin/toil-cwl-runner&quot;, line 8, in &lt;module&gt;
    sys.exit(main())
  File &quot;/home/michael/common-workflow-language/toil5.6.0/lib/python3.10/site-packages/toil/cwl/cwltoil.py&quot;, line 3486, in main
    outobj = toil.start(wf1)
  File &quot;/home/michael/common-workflow-language/toil5.6.0/lib/python3.10/site-packages/toil/common.py&quot;, line 951, in start
    return self._runMainLoop(rootJobDescription)
  File &quot;/home/michael/common-workflow-language/toil5.6.0/lib/python3.10/site-packages/toil/common.py&quot;, line 1278, in _runMainLoop
    jobCache=self._jobCache).run()
  File &quot;/home/michael/common-workflow-language/toil5.6.0/lib/python3.10/site-packages/toil/leader.py&quot;, line 289, in run
    raise FailedJobsException(self.jobStore, failed_jobs, exit_code=self.recommended_fail_exit_code)
toil.leader.FailedJobsException: The job store '/tmp/tmpcbsc129b' contains 2 failed jobs: 'CWLJob' fail-unconnected.cwl.step1.fail-unspecified-input.cwl kind-CWLJob/instance-obw7csdk v6, 'CWLWorkflow' kind-CWLWorkflow/instance-qm6wes5p v2
Log from job &quot;'CWLJob' fail-unconnected.cwl.step1.fail-unspecified-input.cwl kind-CWLJob/instance-obw7csdk v6&quot; follows:
=========&gt;
	[2022-05-12T15:14:03+0200] [MainThread] [I] [toil.worker] ---TOIL WORKER OUTPUT LOG---
	[2022-05-12T15:14:03+0200] [MainThread] [I] [toil] Running Toil version 5.6.0-c34146a6437e4407a61e946e968bcce67a0ebbca on host mrc-tux.
	[2022-05-12T15:14:03+0200] [MainThread] [I] [toil.worker] Working on job 'CWLJob' fail-unconnected.cwl.step1.fail-unspecified-input.cwl kind-CWLJob/instance-obw7csdk v4
	[2022-05-12T15:14:03+0200] [MainThread] [I] [toil.worker] Loaded body Job('CWLJob' fail-unconnected.cwl.step1.fail-unspecified-input.cwl kind-CWLJob/instance-obw7csdk v4) from description 'CWLJob' fail-unconnected.cwl.step1.fail-unspecified-input.cwl kind-CWLJob/instance-obw7csdk v4
	[2022-05-12T15:14:03+0200] [MainThread] [E] [cwltool] Syntax error in parameter reference 'inputs.in2': inputs does not contain key 'in2'. This could be due to using Javascript code without specifying InlineJavascriptRequirement.
	Traceback (most recent call last):
	  File &quot;/home/michael/common-workflow-language/toil5.6.0/lib/python3.10/site-packages/cwltool/expression.py&quot;, line 393, in do_eval
	    return interpolate(
	  File &quot;/home/michael/common-workflow-language/toil5.6.0/lib/python3.10/site-packages/cwltool/expression.py&quot;, line 297, in interpolate
	    e = evaluator(
	  File &quot;/home/michael/common-workflow-language/toil5.6.0/lib/python3.10/site-packages/cwltool/expression.py&quot;, line 243, in evaluator
	    raise JavascriptException(
	cwltool.sandboxjs.JavascriptException: Syntax error in parameter reference 'inputs.in2': inputs does not contain key 'in2'. This could be due to using Javascript code without specifying InlineJavascriptRequirement.
	Traceback (most recent call last):
	  File &quot;/home/michael/common-workflow-language/toil5.6.0/lib/python3.10/site-packages/cwltool/expression.py&quot;, line 393, in do_eval
	    return interpolate(
	  File &quot;/home/michael/common-workflow-language/toil5.6.0/lib/python3.10/site-packages/cwltool/expression.py&quot;, line 297, in interpolate
	    e = evaluator(
	  File &quot;/home/michael/common-workflow-language/toil5.6.0/lib/python3.10/site-packages/cwltool/expression.py&quot;, line 243, in evaluator
	    raise JavascriptException(
	cwltool.sandboxjs.JavascriptException: Syntax error in parameter reference 'inputs.in2': inputs does not contain key 'in2'. This could be due to using Javascript code without specifying InlineJavascriptRequirement.
	
	The above exception was the direct cause of the following exception:
	
	Traceback (most recent call last):
	  File &quot;/home/michael/common-workflow-language/toil5.6.0/lib/python3.10/site-packages/cwltool/builder.py&quot;, line 647, in generate_arg
	    value = self.do_eval(cast(str, binding[&quot;valueFrom&quot;]), context=value)
	  File &quot;/home/michael/common-workflow-language/toil5.6.0/lib/python3.10/site-packages/cwltool/builder.py&quot;, line 718, in do_eval
	    return expression.do_eval(
	  File &quot;/home/michael/common-workflow-language/toil5.6.0/lib/python3.10/site-packages/cwltool/expression.py&quot;, line 419, in do_eval
	    raise WorkflowException(&quot;Expression evaluation error:\n%s&quot; % str(e)) from e
	cwltool.errors.WorkflowException: Expression evaluation error:
	Syntax error in parameter reference 'inputs.in2': inputs does not contain key 'in2'. This could be due to using Javascript code without specifying InlineJavascriptRequirement.
	
	During handling of the above exception, another exception occurred:
	
	Traceback (most recent call last):
	  File &quot;/home/michael/common-workflow-language/toil5.6.0/lib/python3.10/site-packages/toil/worker.py&quot;, line 405, in workerScript
	    job._runner(jobGraph=None, jobStore=jobStore, fileStore=fileStore, defer=defer)
	  File &quot;/home/michael/common-workflow-language/toil5.6.0/lib/python3.10/site-packages/toil/job.py&quot;, line 2399, in _runner
	    returnValues = self._run(jobGraph=None, fileStore=fileStore)
	  File &quot;/home/michael/common-workflow-language/toil5.6.0/lib/python3.10/site-packages/toil/job.py&quot;, line 2317, in _run
	    return self.run(fileStore)
	  File &quot;/home/michael/common-workflow-language/toil5.6.0/lib/python3.10/site-packages/toil/cwl/cwltoil.py&quot;, line 2046, in run
	    output, status = ToilSingleJobExecutor().execute(
	  File &quot;/home/michael/common-workflow-language/toil5.6.0/lib/python3.10/site-packages/cwltool/executors.py&quot;, line 143, in execute
	    self.run_jobs(process, job_order_object, logger, runtime_context)
	  File &quot;/home/michael/common-workflow-language/toil5.6.0/lib/python3.10/site-packages/toil/cwl/cwltoil.py&quot;, line 922, in run_jobs
	    return super().run_jobs(process, job_order_object, logger, runtime_context)
	  File &quot;/home/michael/common-workflow-language/toil5.6.0/lib/python3.10/site-packages/cwltool/executors.py&quot;, line 227, in run_jobs
	    for job in jobiter:
	  File &quot;/home/michael/common-workflow-language/toil5.6.0/lib/python3.10/site-packages/cwltool/command_line_tool.py&quot;, line 1172, in job
	    j.command_line = flatten(list(map(builder.generate_arg, builder.bindings)))
	  File &quot;/home/michael/common-workflow-language/toil5.6.0/lib/python3.10/site-packages/cwltool/builder.py&quot;, line 641, in generate_arg
	    with SourceLine(
	  File &quot;schema_salad/sourceline.py&quot;, line 256, in __exit__
	cwltool.errors.WorkflowException: tests/fail-unspecified-input.cwl:13:33: Expression evaluation error:
	tests/fail-unspecified-input.cwl:13:33: Syntax error in parameter reference 'inputs.in2': inputs does not contain key 'in2'. This could be due to using Javascript code without specifying InlineJavascriptRequirement.
	[2022-05-12T15:14:03+0200] [MainThread] [E] [toil.worker] Exiting the worker because of a failed job on host mrc-tux
&lt;=========
</system-err>
		</testcase>
		<testcase name="Test $HOME and $TMPDIR are set correctly in Docker without using return code" time="5.903577" class="shell_command, command_line_tool" file="env_home_tmpdir_docker_no_return_code" url="cwltest:conformance_tests#134">
			<system-out>{
    &quot;results&quot;: {
        &quot;location&quot;: &quot;file:///tmp/tmpvgizrabt/results&quot;,
        &quot;basename&quot;: &quot;results&quot;,
        &quot;nameroot&quot;: &quot;results&quot;,
        &quot;nameext&quot;: &quot;&quot;,
        &quot;class&quot;: &quot;File&quot;,
        &quot;checksum&quot;: &quot;sha1$7d5ca8c0c03e883c56c4eb1ef6f6bb9bccad4d86&quot;,
        &quot;size&quot;: 8
    }
}</system-out>
			<system-err>[2022-05-12T15:14:01+0200] [MainThread] [I] [cwltool] Resolved 'tests/envvar3.cwl' to 'file:///home/michael/cwl-v1.1/tests/envvar3.cwl'
[2022-05-12T15:14:03+0200] [MainThread] [I] [toil.job] Saving graph of 1 jobs, 1 new
[2022-05-12T15:14:03+0200] [MainThread] [I] [toil.job] Processing job 'CWLJob' envvar3.cwl kind-CWLJob/instance-wi147qtf v0
[2022-05-12T15:14:03+0200] [MainThread] [I] [toil] Running Toil version 5.6.0-c34146a6437e4407a61e946e968bcce67a0ebbca on host mrc-tux.
[2022-05-12T15:14:03+0200] [MainThread] [I] [toil.leader] Issued job 'CWLJob' envvar3.cwl kind-CWLJob/instance-wi147qtf v1 with job batch system ID: 0 and cores: 1, disk: 3.0 Gi, and memory: 2.0 Gi
[2022-05-12T15:14:03+0200] [MainThread] [I] [toil.worker] Redirecting logging to /tmp/967e0828b0f75eef81b2f05f13a9a336/f135/worker_log.txt
[2022-05-12T15:14:05+0200] [MainThread] [I] [toil.leader] 0 jobs are running, 0 jobs are issued and waiting to run
[2022-05-12T15:14:06+0200] [MainThread] [I] [toil.leader] Finished toil run successfully.
[2022-05-12T15:14:06+0200] [MainThread] [I] [toil.common] Successfully deleted the job store: FileJobStore(/tmp/tmpfqecica0)
</system-err>
		</testcase>
		<testcase name="Test workflow scatter with single scatter parameter and two valueFrom using $inputs (first and current el)" time="10.817932" class="scatter, step_input, workflow" file="wf_scatter_oneparam_valuefrom_inputs" url="cwltest:conformance_tests#135">
			<system-out>{
    &quot;out&quot;: [
        &quot;foo one one&quot;,
        &quot;foo one two&quot;,
        &quot;foo one three&quot;,
        &quot;foo one four&quot;
    ]
}</system-out>
			<system-err>[2022-05-12T15:14:02+0200] [MainThread] [I] [cwltool] Resolved 'tests/scatter-valuefrom-inputs-wf1.cwl' to 'file:///home/michael/cwl-v1.1/tests/scatter-valuefrom-inputs-wf1.cwl'
[2022-05-12T15:14:05+0200] [MainThread] [I] [toil.job] Saving graph of 2 jobs, 2 new
[2022-05-12T15:14:05+0200] [MainThread] [I] [toil.job] Processing job 'ResolveIndirect' kind-ResolveIndirect/instance-qniruhh8 v0
[2022-05-12T15:14:05+0200] [MainThread] [I] [toil.job] Processing job 'CWLWorkflow' kind-CWLWorkflow/instance-eyzhth31 v0
[2022-05-12T15:14:05+0200] [MainThread] [I] [toil] Running Toil version 5.6.0-c34146a6437e4407a61e946e968bcce67a0ebbca on host mrc-tux.
[2022-05-12T15:14:06+0200] [MainThread] [I] [toil.worker] Redirecting logging to /tmp/4b686d5f86a15ee1b14fb10cc0e7ae9f/4a5b/worker_log.txt
[2022-05-12T15:14:06+0200] [MainThread] [I] [toil.leader] 0 jobs are running, 0 jobs are issued and waiting to run
[2022-05-12T15:14:06+0200] [MainThread] [I] [toil.worker] Redirecting logging to /tmp/4b686d5f86a15ee1b14fb10cc0e7ae9f/8d08/worker_log.txt
[2022-05-12T15:14:07+0200] [MainThread] [I] [toil.leader] Issued job 'CWLJob' scatter-valuefrom-inputs-wf1.cwl[1]._:615b162f-d7a5-4ff3-850e-397bf4f6d02b kind-CWLJob/instance-z5zbrbnz v1 with job batch system ID: 2 and cores: 1, disk: 3.0 Gi, and memory: 2.0 Gi
[2022-05-12T15:14:07+0200] [MainThread] [I] [toil.leader] Issued job 'CWLJob' scatter-valuefrom-inputs-wf1.cwl[2]._:615b162f-d7a5-4ff3-850e-397bf4f6d02b kind-CWLJob/instance-q74fd2zn v1 with job batch system ID: 3 and cores: 1, disk: 3.0 Gi, and memory: 2.0 Gi
[2022-05-12T15:14:07+0200] [MainThread] [I] [toil.leader] Issued job 'CWLJob' scatter-valuefrom-inputs-wf1.cwl[3]._:615b162f-d7a5-4ff3-850e-397bf4f6d02b kind-CWLJob/instance-afbh_cvf v1 with job batch system ID: 4 and cores: 1, disk: 3.0 Gi, and memory: 2.0 Gi
[2022-05-12T15:14:07+0200] [MainThread] [I] [toil.leader] Issued job 'CWLJob' scatter-valuefrom-inputs-wf1.cwl[0]._:615b162f-d7a5-4ff3-850e-397bf4f6d02b kind-CWLJob/instance-9cuo49bj v1 with job batch system ID: 5 and cores: 1, disk: 3.0 Gi, and memory: 2.0 Gi
[2022-05-12T15:14:07+0200] [MainThread] [I] [toil.worker] Redirecting logging to /tmp/4b686d5f86a15ee1b14fb10cc0e7ae9f/fa87/worker_log.txt
[2022-05-12T15:14:07+0200] [MainThread] [I] [toil.worker] Redirecting logging to /tmp/4b686d5f86a15ee1b14fb10cc0e7ae9f/d035/worker_log.txt
[2022-05-12T15:14:07+0200] [MainThread] [I] [toil.worker] Redirecting logging to /tmp/4b686d5f86a15ee1b14fb10cc0e7ae9f/afbd/worker_log.txt
[2022-05-12T15:14:07+0200] [MainThread] [I] [toil.worker] Redirecting logging to /tmp/4b686d5f86a15ee1b14fb10cc0e7ae9f/2508/worker_log.txt
[2022-05-12T15:14:08+0200] [MainThread] [I] [toil.worker] Redirecting logging to /tmp/4b686d5f86a15ee1b14fb10cc0e7ae9f/6287/worker_log.txt
[2022-05-12T15:14:09+0200] [MainThread] [I] [toil.worker] Redirecting logging to /tmp/4b686d5f86a15ee1b14fb10cc0e7ae9f/5b53/worker_log.txt
[2022-05-12T15:14:10+0200] [MainThread] [I] [toil.worker] Redirecting logging to /tmp/4b686d5f86a15ee1b14fb10cc0e7ae9f/dbe7/worker_log.txt
[2022-05-12T15:14:10+0200] [MainThread] [I] [toil.worker] Redirecting logging to /tmp/4b686d5f86a15ee1b14fb10cc0e7ae9f/663f/worker_log.txt
[2022-05-12T15:14:12+0200] [MainThread] [I] [toil.leader] Finished toil run successfully.
[2022-05-12T15:14:12+0200] [MainThread] [I] [toil.common] Successfully deleted the job store: FileJobStore(/tmp/tmpv0do7gn9)
</system-err>
		</testcase>
		<testcase name="SchemaDefRequirement with $import, and packed" time="9.810628" class="schema_def, workflow" file="packed_import_schema" url="cwltest:conformance_tests#136">
			<system-out>{
    &quot;output_bam&quot;: {
        &quot;location&quot;: &quot;file:///tmp/tmpfpaln7h0/a.bam&quot;,
        &quot;basename&quot;: &quot;a.bam&quot;,
        &quot;nameroot&quot;: &quot;a&quot;,
        &quot;nameext&quot;: &quot;.bam&quot;,
        &quot;class&quot;: &quot;File&quot;,
        &quot;checksum&quot;: &quot;sha1$da39a3ee5e6b4b0d3255bfef95601890afd80709&quot;,
        &quot;size&quot;: 0
    }
}</system-out>
			<system-err>[2022-05-12T15:14:06+0200] [MainThread] [I] [cwltool] Resolved 'tests/import_schema-def_packed.cwl' to 'file:///home/michael/cwl-v1.1/tests/import_schema-def_packed.cwl'
[2022-05-12T15:14:10+0200] [MainThread] [I] [toil.job] Saving graph of 2 jobs, 2 new
[2022-05-12T15:14:10+0200] [MainThread] [I] [toil.job] Processing job 'ResolveIndirect' kind-ResolveIndirect/instance-blb31_4f v0
[2022-05-12T15:14:10+0200] [MainThread] [I] [toil.job] Processing job 'CWLWorkflow' kind-CWLWorkflow/instance-2orecfpz v0
[2022-05-12T15:14:10+0200] [MainThread] [I] [toil] Running Toil version 5.6.0-c34146a6437e4407a61e946e968bcce67a0ebbca on host mrc-tux.
[2022-05-12T15:14:11+0200] [MainThread] [I] [toil.worker] Redirecting logging to /tmp/7dcb39c35c7c56209e898075935919c2/247d/worker_log.txt
[2022-05-12T15:14:11+0200] [MainThread] [I] [toil.leader] 0 jobs are running, 0 jobs are issued and waiting to run
[2022-05-12T15:14:11+0200] [MainThread] [I] [toil.leader] Issued job 'CWLJob' main.touch_bam.touch.cwl kind-CWLJob/instance-vyfkjl1w v1 with job batch system ID: 1 and cores: 1, disk: 3.0 Gi, and memory: 2.0 Gi
[2022-05-12T15:14:11+0200] [MainThread] [I] [toil.worker] Redirecting logging to /tmp/7dcb39c35c7c56209e898075935919c2/0215/worker_log.txt
[2022-05-12T15:14:13+0200] [MainThread] [I] [toil.worker] Redirecting logging to /tmp/7dcb39c35c7c56209e898075935919c2/eee3/worker_log.txt
[2022-05-12T15:14:14+0200] [MainThread] [I] [toil.worker] Redirecting logging to /tmp/7dcb39c35c7c56209e898075935919c2/7383/worker_log.txt
[2022-05-12T15:14:15+0200] [MainThread] [I] [toil.leader] Finished toil run successfully.
[2022-05-12T15:14:15+0200] [MainThread] [I] [toil.common] Successfully deleted the job store: FileJobStore(/tmp/tmphd3jx86a)
</system-err>
		</testcase>
		<testcase name="Test specifying secondaryFiles in subdirectories of the job input document." time="4.963988" class="shell_command, command_line_tool" file="job_input_secondary_subdirs" url="cwltest:conformance_tests#137">
			<system-out>{
    &quot;outlist&quot;: {
        &quot;location&quot;: &quot;file:///tmp/tmpggmw9yry/output.txt&quot;,
        &quot;basename&quot;: &quot;output.txt&quot;,
        &quot;nameroot&quot;: &quot;output&quot;,
        &quot;nameext&quot;: &quot;.txt&quot;,
        &quot;class&quot;: &quot;File&quot;,
        &quot;checksum&quot;: &quot;sha1$9d9bc8f5252d39274b5dfbac64216c6e888f5dfc&quot;,
        &quot;size&quot;: 14
    }
}</system-out>
			<system-err>[2022-05-12T15:14:07+0200] [MainThread] [I] [cwltool] Resolved 'tests/dir4.cwl' to 'file:///home/michael/cwl-v1.1/tests/dir4.cwl'
[2022-05-12T15:14:09+0200] [MainThread] [I] [toil.job] Saving graph of 1 jobs, 1 new
[2022-05-12T15:14:09+0200] [MainThread] [I] [toil.job] Processing job 'CWLJob' dir4.cwl kind-CWLJob/instance-39nj0kf6 v0
[2022-05-12T15:14:09+0200] [MainThread] [I] [toil] Running Toil version 5.6.0-c34146a6437e4407a61e946e968bcce67a0ebbca on host mrc-tux.
[2022-05-12T15:14:09+0200] [MainThread] [I] [toil.leader] Issued job 'CWLJob' dir4.cwl kind-CWLJob/instance-39nj0kf6 v1 with job batch system ID: 0 and cores: 1, disk: 3.0 Gi, and memory: 2.0 Gi
[2022-05-12T15:14:09+0200] [MainThread] [I] [toil.worker] Redirecting logging to /tmp/b9a5f3b3b69851d5990097d3f444121b/2067/worker_log.txt
[2022-05-12T15:14:10+0200] [MainThread] [I] [toil.leader] 0 jobs are running, 0 jobs are issued and waiting to run
[2022-05-12T15:14:11+0200] [MainThread] [I] [toil.leader] Finished toil run successfully.
[2022-05-12T15:14:11+0200] [MainThread] [I] [toil.common] Successfully deleted the job store: FileJobStore(/tmp/tmpg845kjaw)
</system-err>
		</testcase>
		<testcase name="Test specifying secondaryFiles in same subdirectory of the job input as the primary input file." time="4.731859" class="shell_command, command_line_tool" file="job_input_subdir_primary_and_secondary_subdirs" url="cwltest:conformance_tests#138">
			<system-out>{
    &quot;outlist&quot;: {
        &quot;location&quot;: &quot;file:///tmp/tmpwqs7wsbv/output.txt&quot;,
        &quot;basename&quot;: &quot;output.txt&quot;,
        &quot;nameroot&quot;: &quot;output&quot;,
        &quot;nameext&quot;: &quot;.txt&quot;,
        &quot;class&quot;: &quot;File&quot;,
        &quot;checksum&quot;: &quot;sha1$9d9bc8f5252d39274b5dfbac64216c6e888f5dfc&quot;,
        &quot;size&quot;: 14
    }
}</system-out>
			<system-err>[2022-05-12T15:14:10+0200] [MainThread] [I] [cwltool] Resolved 'tests/dir4.cwl' to 'file:///home/michael/cwl-v1.1/tests/dir4.cwl'
[2022-05-12T15:14:12+0200] [MainThread] [I] [toil.job] Saving graph of 1 jobs, 1 new
[2022-05-12T15:14:12+0200] [MainThread] [I] [toil.job] Processing job 'CWLJob' dir4.cwl kind-CWLJob/instance-t865md3f v0
[2022-05-12T15:14:12+0200] [MainThread] [I] [toil] Running Toil version 5.6.0-c34146a6437e4407a61e946e968bcce67a0ebbca on host mrc-tux.
[2022-05-12T15:14:12+0200] [MainThread] [I] [toil.leader] Issued job 'CWLJob' dir4.cwl kind-CWLJob/instance-t865md3f v1 with job batch system ID: 0 and cores: 1, disk: 3.0 Gi, and memory: 2.0 Gi
[2022-05-12T15:14:12+0200] [MainThread] [I] [toil.worker] Redirecting logging to /tmp/9131f8dc07815efdadcc1f4600288d2f/01f8/worker_log.txt
[2022-05-12T15:14:13+0200] [MainThread] [I] [toil.leader] 0 jobs are running, 0 jobs are issued and waiting to run
[2022-05-12T15:14:14+0200] [MainThread] [I] [toil.leader] Finished toil run successfully.
[2022-05-12T15:14:14+0200] [MainThread] [I] [toil.common] Successfully deleted the job store: FileJobStore(/tmp/tmp1q21fmd4)
</system-err>
		</testcase>
		<testcase name="Test simple scatter over an embedded subworkflow" time="18.417421" class="workflow, inline_javascript" file="scatter_embedded_subworkflow" url="cwltest:conformance_tests#139">
			<system-out>{
    &quot;count_output&quot;: [
        16,
        1
    ]
}</system-out>
			<system-err>[2022-05-12T15:14:12+0200] [MainThread] [I] [cwltool] Resolved 'tests/count-lines18-wf.cwl' to 'file:///home/michael/cwl-v1.1/tests/count-lines18-wf.cwl'
[2022-05-12T15:14:17+0200] [MainThread] [I] [toil.job] Saving graph of 2 jobs, 2 new
[2022-05-12T15:14:17+0200] [MainThread] [I] [toil.job] Processing job 'ResolveIndirect' kind-ResolveIndirect/instance-2vh85d_w v0
[2022-05-12T15:14:17+0200] [MainThread] [I] [toil.job] Processing job 'CWLWorkflow' kind-CWLWorkflow/instance-vb32v40o v0
[2022-05-12T15:14:17+0200] [MainThread] [I] [toil] Running Toil version 5.6.0-c34146a6437e4407a61e946e968bcce67a0ebbca on host mrc-tux.
[2022-05-12T15:14:18+0200] [MainThread] [I] [toil.worker] Redirecting logging to /tmp/63a8d4cb49635124a23e1e65b62a4ad4/0ef8/worker_log.txt
[2022-05-12T15:14:18+0200] [MainThread] [I] [toil.leader] 0 jobs are running, 0 jobs are issued and waiting to run
[2022-05-12T15:14:19+0200] [MainThread] [I] [toil.worker] Redirecting logging to /tmp/63a8d4cb49635124a23e1e65b62a4ad4/0918/worker_log.txt
[2022-05-12T15:14:20+0200] [MainThread] [I] [toil.worker] Redirecting logging to /tmp/63a8d4cb49635124a23e1e65b62a4ad4/88c4/worker_log.txt
[2022-05-12T15:14:20+0200] [MainThread] [I] [toil.worker] Redirecting logging to /tmp/63a8d4cb49635124a23e1e65b62a4ad4/990b/worker_log.txt
[2022-05-12T15:14:20+0200] [MainThread] [I] [toil.leader] Issued job 'CWLJob' _:2c4d9723-b809-4160-b231-df514b5b677d.step1.wc-tool.cwl kind-CWLJob/instance-44fu6t_d v1 with job batch system ID: 4 and cores: 1, disk: 3.0 Gi, and memory: 2.0 Gi
[2022-05-12T15:14:20+0200] [MainThread] [I] [toil.leader] Issued job 'CWLJob' _:2c4d9723-b809-4160-b231-df514b5b677d.step1.wc-tool.cwl kind-CWLJob/instance-2zm50zx7 v1 with job batch system ID: 5 and cores: 1, disk: 3.0 Gi, and memory: 2.0 Gi
[2022-05-12T15:14:20+0200] [MainThread] [I] [toil.worker] Redirecting logging to /tmp/63a8d4cb49635124a23e1e65b62a4ad4/bd45/worker_log.txt
[2022-05-12T15:14:21+0200] [MainThread] [I] [toil.worker] Redirecting logging to /tmp/63a8d4cb49635124a23e1e65b62a4ad4/bf58/worker_log.txt
[2022-05-12T15:14:22+0200] [MainThread] [I] [toil.worker] Redirecting logging to /tmp/63a8d4cb49635124a23e1e65b62a4ad4/c74c/worker_log.txt
[2022-05-12T15:14:22+0200] [MainThread] [I] [toil.worker] Redirecting logging to /tmp/63a8d4cb49635124a23e1e65b62a4ad4/e838/worker_log.txt
[2022-05-12T15:14:23+0200] [MainThread] [I] [toil.worker] Redirecting logging to /tmp/63a8d4cb49635124a23e1e65b62a4ad4/c9ed/worker_log.txt
[2022-05-12T15:14:23+0200] [MainThread] [I] [toil.worker] Redirecting logging to /tmp/63a8d4cb49635124a23e1e65b62a4ad4/6964/worker_log.txt
[2022-05-12T15:14:24+0200] [MainThread] [I] [toil.worker] Redirecting logging to /tmp/63a8d4cb49635124a23e1e65b62a4ad4/c8f2/worker_log.txt
[2022-05-12T15:14:25+0200] [MainThread] [I] [toil.worker] Redirecting logging to /tmp/63a8d4cb49635124a23e1e65b62a4ad4/6173/worker_log.txt
[2022-05-12T15:14:26+0200] [MainThread] [I] [toil.worker] Redirecting logging to /tmp/63a8d4cb49635124a23e1e65b62a4ad4/59fe/worker_log.txt
[2022-05-12T15:14:27+0200] [MainThread] [I] [toil.worker] Redirecting logging to /tmp/63a8d4cb49635124a23e1e65b62a4ad4/074d/worker_log.txt
[2022-05-12T15:14:29+0200] [MainThread] [I] [toil.leader] Finished toil run successfully.
[2022-05-12T15:14:29+0200] [MainThread] [I] [toil.common] Successfully deleted the job store: FileJobStore(/tmp/tmp4js6b3de)
</system-err>
		</testcase>
		<testcase name="Test simple multiple input scatter over an embedded subworkflow" time="18.436583" class="workflow, scatter, subworkflow, multiple_input, inline_javascript" file="scatter_multi_input_embedded_subworkflow" url="cwltest:conformance_tests#140">
			<system-out>{
    &quot;count_output&quot;: [
        16,
        1
    ]
}</system-out>
			<system-err>[2022-05-12T15:14:13+0200] [MainThread] [I] [cwltool] Resolved 'tests/count-lines14-wf.cwl' to 'file:///home/michael/cwl-v1.1/tests/count-lines14-wf.cwl'
[2022-05-12T15:14:20+0200] [MainThread] [I] [toil.job] Saving graph of 2 jobs, 2 new
[2022-05-12T15:14:20+0200] [MainThread] [I] [toil.job] Processing job 'ResolveIndirect' kind-ResolveIndirect/instance-wroh6_8v v0
[2022-05-12T15:14:20+0200] [MainThread] [I] [toil.job] Processing job 'CWLWorkflow' kind-CWLWorkflow/instance-rp5s2tzk v0
[2022-05-12T15:14:20+0200] [MainThread] [I] [toil] Running Toil version 5.6.0-c34146a6437e4407a61e946e968bcce67a0ebbca on host mrc-tux.
[2022-05-12T15:14:20+0200] [MainThread] [I] [toil.worker] Redirecting logging to /tmp/90ed43076dbf596ca238ebcdf7ba4040/ee4c/worker_log.txt
[2022-05-12T15:14:21+0200] [MainThread] [I] [toil.leader] 0 jobs are running, 0 jobs are issued and waiting to run
[2022-05-12T15:14:21+0200] [MainThread] [I] [toil.worker] Redirecting logging to /tmp/90ed43076dbf596ca238ebcdf7ba4040/590a/worker_log.txt
[2022-05-12T15:14:22+0200] [MainThread] [I] [toil.worker] Redirecting logging to /tmp/90ed43076dbf596ca238ebcdf7ba4040/bef9/worker_log.txt
[2022-05-12T15:14:22+0200] [MainThread] [I] [toil.worker] Redirecting logging to /tmp/90ed43076dbf596ca238ebcdf7ba4040/6ffd/worker_log.txt
[2022-05-12T15:14:23+0200] [MainThread] [I] [toil.leader] Issued job 'CWLJob' _:410a439b-2ae4-48b8-b79b-6c7cabddd6f3.step1.wc-tool.cwl kind-CWLJob/instance-35mk3lrg v1 with job batch system ID: 4 and cores: 1, disk: 3.0 Gi, and memory: 2.0 Gi
[2022-05-12T15:14:23+0200] [MainThread] [I] [toil.leader] Issued job 'CWLJob' _:410a439b-2ae4-48b8-b79b-6c7cabddd6f3.step1.wc-tool.cwl kind-CWLJob/instance-cr4odf31 v1 with job batch system ID: 5 and cores: 1, disk: 3.0 Gi, and memory: 2.0 Gi
[2022-05-12T15:14:24+0200] [MainThread] [I] [toil.worker] Redirecting logging to /tmp/90ed43076dbf596ca238ebcdf7ba4040/0f76/worker_log.txt
[2022-05-12T15:14:24+0200] [MainThread] [I] [toil.worker] Redirecting logging to /tmp/90ed43076dbf596ca238ebcdf7ba4040/09bd/worker_log.txt
[2022-05-12T15:14:25+0200] [MainThread] [I] [toil.worker] Redirecting logging to /tmp/90ed43076dbf596ca238ebcdf7ba4040/685e/worker_log.txt
[2022-05-12T15:14:25+0200] [MainThread] [I] [toil.worker] Redirecting logging to /tmp/90ed43076dbf596ca238ebcdf7ba4040/fae1/worker_log.txt
[2022-05-12T15:14:26+0200] [MainThread] [I] [toil.worker] Redirecting logging to /tmp/90ed43076dbf596ca238ebcdf7ba4040/7c6e/worker_log.txt
[2022-05-12T15:14:26+0200] [MainThread] [I] [toil.worker] Redirecting logging to /tmp/90ed43076dbf596ca238ebcdf7ba4040/e0cd/worker_log.txt
[2022-05-12T15:14:27+0200] [MainThread] [I] [toil.worker] Redirecting logging to /tmp/90ed43076dbf596ca238ebcdf7ba4040/5350/worker_log.txt
[2022-05-12T15:14:28+0200] [MainThread] [I] [toil.worker] Redirecting logging to /tmp/90ed43076dbf596ca238ebcdf7ba4040/60e9/worker_log.txt
[2022-05-12T15:14:29+0200] [MainThread] [I] [toil.worker] Redirecting logging to /tmp/90ed43076dbf596ca238ebcdf7ba4040/1b4f/worker_log.txt
[2022-05-12T15:14:30+0200] [MainThread] [I] [toil.worker] Redirecting logging to /tmp/90ed43076dbf596ca238ebcdf7ba4040/7c27/worker_log.txt
[2022-05-12T15:14:31+0200] [MainThread] [I] [toil.leader] Finished toil run successfully.
[2022-05-12T15:14:31+0200] [MainThread] [I] [toil.common] Successfully deleted the job store: FileJobStore(/tmp/tmp1v2me43i)
</system-err>
		</testcase>
		<testcase name="Test twice nested subworkflow" time="19.889355" class="workflow, subworkflow, inline_javascript" file="workflow_embedded_subworkflow_embedded_subsubworkflow" url="cwltest:conformance_tests#141">
			<system-out>{
    &quot;count_output&quot;: 16
}</system-out>
			<system-err>[2022-05-12T15:14:15+0200] [MainThread] [I] [cwltool] Resolved 'tests/count-lines15-wf.cwl' to 'file:///home/michael/cwl-v1.1/tests/count-lines15-wf.cwl'
[2022-05-12T15:14:24+0200] [MainThread] [I] [toil.job] Saving graph of 2 jobs, 2 new
[2022-05-12T15:14:24+0200] [MainThread] [I] [toil.job] Processing job 'ResolveIndirect' kind-ResolveIndirect/instance-zi_e8a9u v0
[2022-05-12T15:14:24+0200] [MainThread] [I] [toil.job] Processing job 'CWLWorkflow' kind-CWLWorkflow/instance-86oulegw v0
[2022-05-12T15:14:24+0200] [MainThread] [I] [toil] Running Toil version 5.6.0-c34146a6437e4407a61e946e968bcce67a0ebbca on host mrc-tux.
[2022-05-12T15:14:24+0200] [MainThread] [I] [toil.worker] Redirecting logging to /tmp/eb43d53d049f51ba9392a68440a69d7c/a653/worker_log.txt
[2022-05-12T15:14:25+0200] [MainThread] [I] [toil.leader] 0 jobs are running, 0 jobs are issued and waiting to run
[2022-05-12T15:14:25+0200] [MainThread] [I] [toil.worker] Redirecting logging to /tmp/eb43d53d049f51ba9392a68440a69d7c/0cd3/worker_log.txt
[2022-05-12T15:14:26+0200] [MainThread] [I] [toil.worker] Redirecting logging to /tmp/eb43d53d049f51ba9392a68440a69d7c/2802/worker_log.txt
[2022-05-12T15:14:27+0200] [MainThread] [I] [toil.leader] Issued job 'CWLJob' _:1cf8e5e3-5478-43d8-9892-679f6b58048f.step1.wc-tool.cwl kind-CWLJob/instance-uo81trk0 v1 with job batch system ID: 3 and cores: 1, disk: 3.0 Gi, and memory: 2.0 Gi
[2022-05-12T15:14:27+0200] [MainThread] [I] [toil.worker] Redirecting logging to /tmp/eb43d53d049f51ba9392a68440a69d7c/a935/worker_log.txt
[2022-05-12T15:14:28+0200] [MainThread] [I] [toil.worker] Redirecting logging to /tmp/eb43d53d049f51ba9392a68440a69d7c/1086/worker_log.txt
[2022-05-12T15:14:29+0200] [MainThread] [I] [toil.worker] Redirecting logging to /tmp/eb43d53d049f51ba9392a68440a69d7c/d74d/worker_log.txt
[2022-05-12T15:14:30+0200] [MainThread] [I] [toil.worker] Redirecting logging to /tmp/eb43d53d049f51ba9392a68440a69d7c/a25b/worker_log.txt
[2022-05-12T15:14:30+0200] [MainThread] [I] [toil.worker] Redirecting logging to /tmp/eb43d53d049f51ba9392a68440a69d7c/ab95/worker_log.txt
[2022-05-12T15:14:31+0200] [MainThread] [I] [toil.worker] Redirecting logging to /tmp/eb43d53d049f51ba9392a68440a69d7c/0032/worker_log.txt
[2022-05-12T15:14:32+0200] [MainThread] [I] [toil.worker] Redirecting logging to /tmp/eb43d53d049f51ba9392a68440a69d7c/ee8b/worker_log.txt
[2022-05-12T15:14:34+0200] [MainThread] [I] [toil.leader] Finished toil run successfully.
[2022-05-12T15:14:34+0200] [MainThread] [I] [toil.common] Successfully deleted the job store: FileJobStore(/tmp/tmp96fie500)
</system-err>
		</testcase>
		<testcase name="Test subworkflow of mixed depth with tool first" time="19.347830" class="workflow, subworkflow, inline_javascript" file="workflow_embedded_subworkflow_with_tool_and_subsubworkflow" url="cwltest:conformance_tests#142">
			<system-out>{
    &quot;count_output&quot;: 16
}</system-out>
			<system-err>[2022-05-12T15:14:16+0200] [MainThread] [I] [cwltool] Resolved 'tests/count-lines16-wf.cwl' to 'file:///home/michael/cwl-v1.1/tests/count-lines16-wf.cwl'
[2022-05-12T15:14:26+0200] [MainThread] [I] [toil.job] Saving graph of 2 jobs, 2 new
[2022-05-12T15:14:26+0200] [MainThread] [I] [toil.job] Processing job 'ResolveIndirect' kind-ResolveIndirect/instance-8vadm5bh v0
[2022-05-12T15:14:26+0200] [MainThread] [I] [toil.job] Processing job 'CWLWorkflow' kind-CWLWorkflow/instance-tct51av7 v0
[2022-05-12T15:14:26+0200] [MainThread] [I] [toil] Running Toil version 5.6.0-c34146a6437e4407a61e946e968bcce67a0ebbca on host mrc-tux.
[2022-05-12T15:14:26+0200] [MainThread] [I] [toil.worker] Redirecting logging to /tmp/3dc00c5dc3eb5e3baba77d6c335173db/d74b/worker_log.txt
[2022-05-12T15:14:27+0200] [MainThread] [I] [toil.leader] 0 jobs are running, 0 jobs are issued and waiting to run
[2022-05-12T15:14:27+0200] [MainThread] [I] [toil.worker] Redirecting logging to /tmp/3dc00c5dc3eb5e3baba77d6c335173db/5900/worker_log.txt
[2022-05-12T15:14:28+0200] [MainThread] [I] [toil.leader] Issued job 'CWLJob' _:b302f6c4-a14a-42d9-ad93-e1c2b1633154.step1.wc-tool.cwl kind-CWLJob/instance-laqkfdz0 v1 with job batch system ID: 2 and cores: 1, disk: 3.0 Gi, and memory: 2.0 Gi
[2022-05-12T15:14:28+0200] [MainThread] [I] [toil.worker] Redirecting logging to /tmp/3dc00c5dc3eb5e3baba77d6c335173db/f96e/worker_log.txt
[2022-05-12T15:14:28+0200] [MainThread] [I] [toil.leader] Issued job 'CWLJob' _:10c9e436-5d4f-4af5-ad12-b11b9894539b.step1.parseInt-tool.cwl kind-CWLJob/instance-_n0vi8hi v1 with job batch system ID: 3 and cores: 1, disk: 3.0 Gi, and memory: 2.0 Gi
[2022-05-12T15:14:29+0200] [MainThread] [I] [toil.worker] Redirecting logging to /tmp/3dc00c5dc3eb5e3baba77d6c335173db/02d0/worker_log.txt
[2022-05-12T15:14:30+0200] [MainThread] [I] [toil.worker] Redirecting logging to /tmp/3dc00c5dc3eb5e3baba77d6c335173db/fd0b/worker_log.txt
[2022-05-12T15:14:30+0200] [MainThread] [I] [toil.worker] Redirecting logging to /tmp/3dc00c5dc3eb5e3baba77d6c335173db/8298/worker_log.txt
[2022-05-12T15:14:31+0200] [MainThread] [I] [toil.worker] Redirecting logging to /tmp/3dc00c5dc3eb5e3baba77d6c335173db/61e0/worker_log.txt
[2022-05-12T15:14:32+0200] [MainThread] [I] [toil.worker] Redirecting logging to /tmp/3dc00c5dc3eb5e3baba77d6c335173db/aff1/worker_log.txt
[2022-05-12T15:14:33+0200] [MainThread] [I] [toil.worker] Redirecting logging to /tmp/3dc00c5dc3eb5e3baba77d6c335173db/1dd2/worker_log.txt
[2022-05-12T15:14:33+0200] [MainThread] [I] [toil.worker] Redirecting logging to /tmp/3dc00c5dc3eb5e3baba77d6c335173db/517f/worker_log.txt
[2022-05-12T15:14:35+0200] [MainThread] [I] [toil.leader] Finished toil run successfully.
[2022-05-12T15:14:35+0200] [MainThread] [I] [toil.common] Successfully deleted the job store: FileJobStore(/tmp/tmppki5rg41)
</system-err>
		</testcase>
		<testcase name="Test subworkflow of mixed depth with tool after" time="19.128793" class="workflow, subworkflow, inline_javascript" file="workflow_embedded_subworkflow_with_subsubworkflow_and_tool" url="cwltest:conformance_tests#143">
			<system-out>{
    &quot;count_output&quot;: 16
}</system-out>
			<system-err>[2022-05-12T15:14:30+0200] [MainThread] [I] [cwltool] Resolved 'tests/count-lines17-wf.cwl' to 'file:///home/michael/cwl-v1.1/tests/count-lines17-wf.cwl'
[2022-05-12T15:14:36+0200] [MainThread] [I] [toil.job] Saving graph of 2 jobs, 2 new
[2022-05-12T15:14:36+0200] [MainThread] [I] [toil.job] Processing job 'ResolveIndirect' kind-ResolveIndirect/instance-vy3j79ud v0
[2022-05-12T15:14:36+0200] [MainThread] [I] [toil.job] Processing job 'CWLWorkflow' kind-CWLWorkflow/instance-o84kdv5y v0
[2022-05-12T15:14:36+0200] [MainThread] [I] [toil] Running Toil version 5.6.0-c34146a6437e4407a61e946e968bcce67a0ebbca on host mrc-tux.
[2022-05-12T15:14:37+0200] [MainThread] [I] [toil.worker] Redirecting logging to /tmp/a1b5145eecd05a169f802f7ce0602b59/8b69/worker_log.txt
[2022-05-12T15:14:37+0200] [MainThread] [I] [toil.leader] 0 jobs are running, 0 jobs are issued and waiting to run
[2022-05-12T15:14:37+0200] [MainThread] [I] [toil.worker] Redirecting logging to /tmp/a1b5145eecd05a169f802f7ce0602b59/1f3a/worker_log.txt
[2022-05-12T15:14:38+0200] [MainThread] [I] [toil.worker] Redirecting logging to /tmp/a1b5145eecd05a169f802f7ce0602b59/9f14/worker_log.txt
[2022-05-12T15:14:39+0200] [MainThread] [I] [toil.leader] Issued job 'CWLJob' _:66fff89a-d948-4c64-ba11-45ab0a857bb5.step1.wc-tool.cwl kind-CWLJob/instance-qrv6ccge v1 with job batch system ID: 3 and cores: 1, disk: 3.0 Gi, and memory: 2.0 Gi
[2022-05-12T15:14:39+0200] [MainThread] [I] [toil.worker] Redirecting logging to /tmp/a1b5145eecd05a169f802f7ce0602b59/c1f4/worker_log.txt
[2022-05-12T15:14:40+0200] [MainThread] [I] [toil.worker] Redirecting logging to /tmp/a1b5145eecd05a169f802f7ce0602b59/3e86/worker_log.txt
[2022-05-12T15:14:40+0200] [MainThread] [I] [toil.leader] Issued job 'CWLJob' _:19524c7d-0bad-4c3a-9ed5-c8a5f0a689b7.step2.parseInt-tool.cwl kind-CWLJob/instance-hb1m6me4 v1 with job batch system ID: 5 and cores: 1, disk: 3.0 Gi, and memory: 2.0 Gi
[2022-05-12T15:14:40+0200] [MainThread] [I] [toil.worker] Redirecting logging to /tmp/a1b5145eecd05a169f802f7ce0602b59/4e6e/worker_log.txt
[2022-05-12T15:14:41+0200] [MainThread] [I] [toil.worker] Redirecting logging to /tmp/a1b5145eecd05a169f802f7ce0602b59/65de/worker_log.txt
[2022-05-12T15:14:42+0200] [MainThread] [I] [toil.worker] Redirecting logging to /tmp/a1b5145eecd05a169f802f7ce0602b59/be45/worker_log.txt
[2022-05-12T15:14:43+0200] [MainThread] [I] [toil.worker] Redirecting logging to /tmp/a1b5145eecd05a169f802f7ce0602b59/733e/worker_log.txt
[2022-05-12T15:14:44+0200] [MainThread] [I] [toil.worker] Redirecting logging to /tmp/a1b5145eecd05a169f802f7ce0602b59/b4c4/worker_log.txt
[2022-05-12T15:14:45+0200] [MainThread] [I] [toil.worker] Redirecting logging to /tmp/a1b5145eecd05a169f802f7ce0602b59/63b1/worker_log.txt
[2022-05-12T15:14:46+0200] [MainThread] [I] [toil.worker] Redirecting logging to /tmp/a1b5145eecd05a169f802f7ce0602b59/afde/worker_log.txt
[2022-05-12T15:14:48+0200] [MainThread] [I] [toil.leader] Finished toil run successfully.
[2022-05-12T15:14:48+0200] [MainThread] [I] [toil.common] Successfully deleted the job store: FileJobStore(/tmp/tmp2l92cak0)
</system-err>
		</testcase>
		<testcase name="Test record type inputs to and outputs from workflows." time="8.679387" class="workflow, shell_command" file="workflow_records_inputs_and_outputs" url="cwltest:conformance_tests#144">
			<system-out>{
    &quot;orec&quot;: {
        &quot;ofoo&quot;: {
            &quot;location&quot;: &quot;file:///tmp/tmpn9i9jcb2/foo&quot;,
            &quot;basename&quot;: &quot;foo&quot;,
            &quot;nameroot&quot;: &quot;foo&quot;,
            &quot;nameext&quot;: &quot;&quot;,
            &quot;class&quot;: &quot;File&quot;,
            &quot;checksum&quot;: &quot;sha1$327fc7aedf4f6b69a42a7c8b808dc5a7aff61376&quot;,
            &quot;size&quot;: 1111
        },
        &quot;obar&quot;: {
            &quot;location&quot;: &quot;file:///tmp/tmpn9i9jcb2/bar&quot;,
            &quot;basename&quot;: &quot;bar&quot;,
            &quot;nameroot&quot;: &quot;bar&quot;,
            &quot;nameext&quot;: &quot;&quot;,
            &quot;class&quot;: &quot;File&quot;,
            &quot;checksum&quot;: &quot;sha1$aeb3d11bdf536511649129f4077d5cda6a324118&quot;,
            &quot;size&quot;: 12010
        }
    }
}</system-out>
			<system-err>[2022-05-12T15:14:32+0200] [MainThread] [I] [cwltool] Resolved 'tests/record-output-wf.cwl' to 'file:///home/michael/cwl-v1.1/tests/record-output-wf.cwl'
[2022-05-12T15:14:34+0200] [MainThread] [I] [toil.job] Saving graph of 2 jobs, 2 new
[2022-05-12T15:14:34+0200] [MainThread] [I] [toil.job] Processing job 'ResolveIndirect' kind-ResolveIndirect/instance-9v0pdalv v0
[2022-05-12T15:14:34+0200] [MainThread] [I] [toil.job] Processing job 'CWLWorkflow' kind-CWLWorkflow/instance-w7q97pcj v0
[2022-05-12T15:14:34+0200] [MainThread] [I] [toil] Running Toil version 5.6.0-c34146a6437e4407a61e946e968bcce67a0ebbca on host mrc-tux.
[2022-05-12T15:14:35+0200] [MainThread] [I] [toil.worker] Redirecting logging to /tmp/b97842aff8b956e98dc8d9e6c0c25a17/f324/worker_log.txt
[2022-05-12T15:14:35+0200] [MainThread] [I] [toil.leader] 0 jobs are running, 0 jobs are issued and waiting to run
[2022-05-12T15:14:35+0200] [MainThread] [I] [toil.leader] Issued job 'CWLJob' record-output-wf.cwl.step1.record-output.cwl kind-CWLJob/instance-kwku_a20 v1 with job batch system ID: 1 and cores: 1, disk: 3.0 Gi, and memory: 2.0 Gi
[2022-05-12T15:14:36+0200] [MainThread] [I] [toil.worker] Redirecting logging to /tmp/b97842aff8b956e98dc8d9e6c0c25a17/d84d/worker_log.txt
[2022-05-12T15:14:36+0200] [MainThread] [I] [toil.worker] Redirecting logging to /tmp/b97842aff8b956e98dc8d9e6c0c25a17/8c6c/worker_log.txt
[2022-05-12T15:14:37+0200] [MainThread] [I] [toil.worker] Redirecting logging to /tmp/b97842aff8b956e98dc8d9e6c0c25a17/f830/worker_log.txt
[2022-05-12T15:14:39+0200] [MainThread] [I] [toil.leader] Finished toil run successfully.
[2022-05-12T15:14:40+0200] [MainThread] [I] [toil.common] Successfully deleted the job store: FileJobStore(/tmp/tmp0bz0l_4_)
</system-err>
		</testcase>
		<testcase name="Test integer workflow input and outputs" time="8.769143" class="workflow, inline_javascript, expression_tool" file="workflow_integer_input" url="cwltest:conformance_tests#145">
			<system-out>{
    &quot;o&quot;: 10
}</system-out>
			<system-err>[2022-05-12T15:14:34+0200] [MainThread] [I] [cwltool] Resolved 'tests/io-int-wf.cwl' to 'file:///home/michael/cwl-v1.1/tests/io-int-wf.cwl'
[2022-05-12T15:14:37+0200] [MainThread] [I] [toil.job] Saving graph of 2 jobs, 2 new
[2022-05-12T15:14:37+0200] [MainThread] [I] [toil.job] Processing job 'ResolveIndirect' kind-ResolveIndirect/instance-v453qy9b v0
[2022-05-12T15:14:37+0200] [MainThread] [I] [toil.job] Processing job 'CWLWorkflow' kind-CWLWorkflow/instance-u7k9s_r_ v0
[2022-05-12T15:14:37+0200] [MainThread] [I] [toil] Running Toil version 5.6.0-c34146a6437e4407a61e946e968bcce67a0ebbca on host mrc-tux.
[2022-05-12T15:14:38+0200] [MainThread] [I] [toil.worker] Redirecting logging to /tmp/8cf1ab60389359909c68b612f8ec3c21/59d2/worker_log.txt
[2022-05-12T15:14:38+0200] [MainThread] [I] [toil.leader] 0 jobs are running, 0 jobs are issued and waiting to run
[2022-05-12T15:14:38+0200] [MainThread] [I] [toil.leader] Issued job 'CWLJob' io-int-wf.cwl.step1._:82b04fd1-5ae4-49da-b8f8-bc0dfa832390 kind-CWLJob/instance-cuxz7kga v1 with job batch system ID: 1 and cores: 1, disk: 3.0 Gi, and memory: 2.0 Gi
[2022-05-12T15:14:39+0200] [MainThread] [I] [toil.worker] Redirecting logging to /tmp/8cf1ab60389359909c68b612f8ec3c21/d4c6/worker_log.txt
[2022-05-12T15:14:40+0200] [MainThread] [I] [toil.worker] Redirecting logging to /tmp/8cf1ab60389359909c68b612f8ec3c21/0eec/worker_log.txt
[2022-05-12T15:14:40+0200] [MainThread] [I] [toil.worker] Redirecting logging to /tmp/8cf1ab60389359909c68b612f8ec3c21/54a6/worker_log.txt
[2022-05-12T15:14:42+0200] [MainThread] [I] [toil.leader] Finished toil run successfully.
[2022-05-12T15:14:43+0200] [MainThread] [I] [toil.common] Successfully deleted the job store: FileJobStore(/tmp/tmpwqyr3nab)
</system-err>
		</testcase>
		<testcase name="Test optional integer workflow inputs (specified)" time="8.910262" class="workflow, inline_javascript, expression_tool" file="workflow_integer_input_optional_specified" url="cwltest:conformance_tests#146">
			<system-out>{
    &quot;o&quot;: 10
}</system-out>
			<system-err>[2022-05-12T15:14:36+0200] [MainThread] [I] [cwltool] Resolved 'tests/io-int-optional-wf.cwl' to 'file:///home/michael/cwl-v1.1/tests/io-int-optional-wf.cwl'
[2022-05-12T15:14:39+0200] [MainThread] [I] [toil.job] Saving graph of 2 jobs, 2 new
[2022-05-12T15:14:39+0200] [MainThread] [I] [toil.job] Processing job 'ResolveIndirect' kind-ResolveIndirect/instance-0z8ofgxx v0
[2022-05-12T15:14:39+0200] [MainThread] [I] [toil.job] Processing job 'CWLWorkflow' kind-CWLWorkflow/instance-3_8lfsvu v0
[2022-05-12T15:14:39+0200] [MainThread] [I] [toil] Running Toil version 5.6.0-c34146a6437e4407a61e946e968bcce67a0ebbca on host mrc-tux.
[2022-05-12T15:14:39+0200] [MainThread] [I] [toil.worker] Redirecting logging to /tmp/c014d7a8fd5d5396a180a57332894ecd/8762/worker_log.txt
[2022-05-12T15:14:39+0200] [MainThread] [I] [toil.leader] 0 jobs are running, 0 jobs are issued and waiting to run
[2022-05-12T15:14:39+0200] [MainThread] [I] [toil.leader] Issued job 'CWLJob' io-int-optional-wf.cwl.step1._:45765e98-d6e7-4af8-99e8-f2e493be37fb kind-CWLJob/instance-5u0fzdp0 v1 with job batch system ID: 1 and cores: 1, disk: 3.0 Gi, and memory: 2.0 Gi
[2022-05-12T15:14:40+0200] [MainThread] [I] [toil.worker] Redirecting logging to /tmp/c014d7a8fd5d5396a180a57332894ecd/b834/worker_log.txt
[2022-05-12T15:14:41+0200] [MainThread] [I] [toil.worker] Redirecting logging to /tmp/c014d7a8fd5d5396a180a57332894ecd/57f9/worker_log.txt
[2022-05-12T15:14:42+0200] [MainThread] [I] [toil.worker] Redirecting logging to /tmp/c014d7a8fd5d5396a180a57332894ecd/b6ad/worker_log.txt
[2022-05-12T15:14:44+0200] [MainThread] [I] [toil.leader] Finished toil run successfully.
[2022-05-12T15:14:44+0200] [MainThread] [I] [toil.common] Successfully deleted the job store: FileJobStore(/tmp/tmpt9gvd4wf)
</system-err>
		</testcase>
		<testcase name="Test optional integer workflow inputs (unspecified)" time="10.432443" class="workflow, inline_javascript, expression_tool" file="workflow_integer_input_optional_unspecified" url="cwltest:conformance_tests#147">
			<system-out>{
    &quot;o&quot;: 4
}</system-out>
			<system-err>[2022-05-12T15:14:40+0200] [MainThread] [I] [cwltool] Resolved 'tests/io-int-optional-wf.cwl' to 'file:///home/michael/cwl-v1.1/tests/io-int-optional-wf.cwl'
[2022-05-12T15:14:44+0200] [MainThread] [I] [toil.job] Saving graph of 2 jobs, 2 new
[2022-05-12T15:14:44+0200] [MainThread] [I] [toil.job] Processing job 'ResolveIndirect' kind-ResolveIndirect/instance-u8o2eomf v0
[2022-05-12T15:14:44+0200] [MainThread] [I] [toil.job] Processing job 'CWLWorkflow' kind-CWLWorkflow/instance-2hiw64wg v0
[2022-05-12T15:14:44+0200] [MainThread] [I] [toil] Running Toil version 5.6.0-c34146a6437e4407a61e946e968bcce67a0ebbca on host mrc-tux.
[2022-05-12T15:14:44+0200] [MainThread] [I] [toil.worker] Redirecting logging to /tmp/40d3ee7bbabd58d291907e5418cfe1c7/2d10/worker_log.txt
[2022-05-12T15:14:45+0200] [MainThread] [I] [toil.leader] 0 jobs are running, 0 jobs are issued and waiting to run
[2022-05-12T15:14:45+0200] [MainThread] [I] [toil.leader] Issued job 'CWLJob' io-int-optional-wf.cwl.step1._:2bc5fee2-38d6-474d-830a-36589e7e86e8 kind-CWLJob/instance-e5okm2p0 v1 with job batch system ID: 1 and cores: 1, disk: 3.0 Gi, and memory: 2.0 Gi
[2022-05-12T15:14:45+0200] [MainThread] [I] [toil.worker] Redirecting logging to /tmp/40d3ee7bbabd58d291907e5418cfe1c7/439b/worker_log.txt
[2022-05-12T15:14:47+0200] [MainThread] [I] [toil.worker] Redirecting logging to /tmp/40d3ee7bbabd58d291907e5418cfe1c7/05d8/worker_log.txt
[2022-05-12T15:14:48+0200] [MainThread] [I] [toil.worker] Redirecting logging to /tmp/40d3ee7bbabd58d291907e5418cfe1c7/2a00/worker_log.txt
[2022-05-12T15:14:50+0200] [MainThread] [I] [toil.leader] Finished toil run successfully.
[2022-05-12T15:14:50+0200] [MainThread] [I] [toil.common] Successfully deleted the job store: FileJobStore(/tmp/tmps6wmt921)
</system-err>
		</testcase>
		<testcase name="Test default integer workflow inputs (specified)" time="11.244314" class="workflow, inline_javascript, expression_tool" file="workflow_integer_input_default_specified" url="cwltest:conformance_tests#148">
			<system-out>{
    &quot;o&quot;: 10
}</system-out>
			<system-err>[2022-05-12T15:14:43+0200] [MainThread] [I] [cwltool] Resolved 'tests/io-int-default-wf.cwl' to 'file:///home/michael/cwl-v1.1/tests/io-int-default-wf.cwl'
[2022-05-12T15:14:48+0200] [MainThread] [I] [toil.job] Saving graph of 2 jobs, 2 new
[2022-05-12T15:14:48+0200] [MainThread] [I] [toil.job] Processing job 'ResolveIndirect' kind-ResolveIndirect/instance-rq6g5a86 v0
[2022-05-12T15:14:48+0200] [MainThread] [I] [toil.job] Processing job 'CWLWorkflow' kind-CWLWorkflow/instance-vn0uklti v0
[2022-05-12T15:14:48+0200] [MainThread] [I] [toil] Running Toil version 5.6.0-c34146a6437e4407a61e946e968bcce67a0ebbca on host mrc-tux.
[2022-05-12T15:14:48+0200] [MainThread] [I] [toil.worker] Redirecting logging to /tmp/405bc282a9b150ecbd956d4c57fc3973/cbd8/worker_log.txt
[2022-05-12T15:14:49+0200] [MainThread] [I] [toil.leader] 0 jobs are running, 0 jobs are issued and waiting to run
[2022-05-12T15:14:49+0200] [MainThread] [I] [toil.leader] Issued job 'CWLJob' io-int-default-wf.cwl.step1._:c4a87961-e4d4-4263-ae0e-c9aa5c2c9801 kind-CWLJob/instance-c8aj1oyp v1 with job batch system ID: 1 and cores: 1, disk: 3.0 Gi, and memory: 2.0 Gi
[2022-05-12T15:14:49+0200] [MainThread] [I] [toil.worker] Redirecting logging to /tmp/405bc282a9b150ecbd956d4c57fc3973/667f/worker_log.txt
[2022-05-12T15:14:51+0200] [MainThread] [I] [toil.worker] Redirecting logging to /tmp/405bc282a9b150ecbd956d4c57fc3973/8207/worker_log.txt
[2022-05-12T15:14:52+0200] [MainThread] [I] [toil.worker] Redirecting logging to /tmp/405bc282a9b150ecbd956d4c57fc3973/4c88/worker_log.txt
[2022-05-12T15:14:54+0200] [MainThread] [I] [toil.leader] Finished toil run successfully.
[2022-05-12T15:14:54+0200] [MainThread] [I] [toil.common] Successfully deleted the job store: FileJobStore(/tmp/tmp8ewg6k9f)
</system-err>
		</testcase>
		<testcase name="Test default integer workflow inputs (unspecified)" time="11.408415" class="workflow, inline_javascript, expression_tool" file="workflow_integer_input_default_unspecified" url="cwltest:conformance_tests#149">
			<system-out>{
    &quot;o&quot;: 8
}</system-out>
			<system-err>[2022-05-12T15:14:45+0200] [MainThread] [I] [cwltool] Resolved 'tests/io-int-default-wf.cwl' to 'file:///home/michael/cwl-v1.1/tests/io-int-default-wf.cwl'
[2022-05-12T15:14:49+0200] [MainThread] [I] [toil.job] Saving graph of 2 jobs, 2 new
[2022-05-12T15:14:49+0200] [MainThread] [I] [toil.job] Processing job 'ResolveIndirect' kind-ResolveIndirect/instance-vryzjzof v0
[2022-05-12T15:14:49+0200] [MainThread] [I] [toil.job] Processing job 'CWLWorkflow' kind-CWLWorkflow/instance-thv9awfv v0
[2022-05-12T15:14:49+0200] [MainThread] [I] [toil] Running Toil version 5.6.0-c34146a6437e4407a61e946e968bcce67a0ebbca on host mrc-tux.
[2022-05-12T15:14:50+0200] [MainThread] [I] [toil.worker] Redirecting logging to /tmp/deafe3347a315fe9b48d9273c20f9e56/e312/worker_log.txt
[2022-05-12T15:14:50+0200] [MainThread] [I] [toil.leader] 0 jobs are running, 0 jobs are issued and waiting to run
[2022-05-12T15:14:50+0200] [MainThread] [I] [toil.leader] Issued job 'CWLJob' io-int-default-wf.cwl.step1._:ab597ed4-ad11-4410-a954-3cffaa7ace60 kind-CWLJob/instance-3id1d04l v1 with job batch system ID: 1 and cores: 1, disk: 3.0 Gi, and memory: 2.0 Gi
[2022-05-12T15:14:51+0200] [MainThread] [I] [toil.worker] Redirecting logging to /tmp/deafe3347a315fe9b48d9273c20f9e56/df21/worker_log.txt
[2022-05-12T15:14:52+0200] [MainThread] [I] [toil.worker] Redirecting logging to /tmp/deafe3347a315fe9b48d9273c20f9e56/ef83/worker_log.txt
[2022-05-12T15:14:53+0200] [MainThread] [I] [toil.worker] Redirecting logging to /tmp/deafe3347a315fe9b48d9273c20f9e56/9773/worker_log.txt
[2022-05-12T15:14:55+0200] [MainThread] [I] [toil.leader] Finished toil run successfully.
[2022-05-12T15:14:55+0200] [MainThread] [I] [toil.common] Successfully deleted the job store: FileJobStore(/tmp/tmp0_xqf23z)
</system-err>
		</testcase>
		<testcase name="Test default integer tool and workflow inputs (unspecified)" time="11.570208" class="workflow, inline_javascript, expression_tool" file="workflow_integer_input_default_and_tool_integer_input_default" url="cwltest:conformance_tests#150">
			<system-out>{
    &quot;o&quot;: 13
}</system-out>
			<system-err>[2022-05-12T15:14:49+0200] [MainThread] [I] [cwltool] Resolved 'tests/io-int-default-tool-and-wf.cwl' to 'file:///home/michael/cwl-v1.1/tests/io-int-default-tool-and-wf.cwl'
[2022-05-12T15:14:55+0200] [MainThread] [I] [toil.job] Saving graph of 2 jobs, 2 new
[2022-05-12T15:14:55+0200] [MainThread] [I] [toil.job] Processing job 'ResolveIndirect' kind-ResolveIndirect/instance-7jj_9orz v0
[2022-05-12T15:14:55+0200] [MainThread] [I] [toil.job] Processing job 'CWLWorkflow' kind-CWLWorkflow/instance-zrbxdgld v0
[2022-05-12T15:14:55+0200] [MainThread] [I] [toil] Running Toil version 5.6.0-c34146a6437e4407a61e946e968bcce67a0ebbca on host mrc-tux.
[2022-05-12T15:14:55+0200] [MainThread] [I] [toil.worker] Redirecting logging to /tmp/783ffac49fa154db8130175f691804e3/3c0b/worker_log.txt
[2022-05-12T15:14:56+0200] [MainThread] [I] [toil.leader] 0 jobs are running, 0 jobs are issued and waiting to run
[2022-05-12T15:14:56+0200] [MainThread] [I] [toil.leader] Issued job 'CWLJob' io-int-default-tool-and-wf.cwl.step1._:478f743b-630b-4e56-8d80-04b511b48d3d kind-CWLJob/instance-dybjha1j v1 with job batch system ID: 1 and cores: 1, disk: 3.0 Gi, and memory: 2.0 Gi
[2022-05-12T15:14:56+0200] [MainThread] [I] [toil.worker] Redirecting logging to /tmp/783ffac49fa154db8130175f691804e3/8fa0/worker_log.txt
[2022-05-12T15:14:57+0200] [MainThread] [I] [toil.worker] Redirecting logging to /tmp/783ffac49fa154db8130175f691804e3/2c57/worker_log.txt
[2022-05-12T15:14:58+0200] [MainThread] [I] [toil.worker] Redirecting logging to /tmp/783ffac49fa154db8130175f691804e3/a0ee/worker_log.txt
[2022-05-12T15:15:00+0200] [MainThread] [I] [toil.leader] Finished toil run successfully.
[2022-05-12T15:15:00+0200] [MainThread] [I] [toil.common] Successfully deleted the job store: FileJobStore(/tmp/tmpt0vmzfgo)
</system-err>
		</testcase>
		<testcase name="Test File input with default unspecified to workflow" time="9.951963" class="workflow" file="workflow_file_input_default_unspecified" url="cwltest:conformance_tests#151">
			<system-out>{
    &quot;o&quot;: {
        &quot;location&quot;: &quot;file:///tmp/tmpec6f4vj6/output&quot;,
        &quot;basename&quot;: &quot;output&quot;,
        &quot;nameroot&quot;: &quot;output&quot;,
        &quot;nameext&quot;: &quot;&quot;,
        &quot;class&quot;: &quot;File&quot;,
        &quot;checksum&quot;: &quot;sha1$327fc7aedf4f6b69a42a7c8b808dc5a7aff61376&quot;,
        &quot;size&quot;: 1111
    }
}</system-out>
			<system-err>[2022-05-12T15:14:51+0200] [MainThread] [I] [cwltool] Resolved 'tests/io-file-default-wf.cwl' to 'file:///home/michael/cwl-v1.1/tests/io-file-default-wf.cwl'
[2022-05-12T15:14:55+0200] [MainThread] [I] [toil.job] Saving graph of 2 jobs, 2 new
[2022-05-12T15:14:55+0200] [MainThread] [I] [toil.job] Processing job 'ResolveIndirect' kind-ResolveIndirect/instance-k3bdsfkh v0
[2022-05-12T15:14:55+0200] [MainThread] [I] [toil.job] Processing job 'CWLWorkflow' kind-CWLWorkflow/instance-8qmk40n9 v0
[2022-05-12T15:14:55+0200] [MainThread] [I] [toil] Running Toil version 5.6.0-c34146a6437e4407a61e946e968bcce67a0ebbca on host mrc-tux.
[2022-05-12T15:14:55+0200] [MainThread] [I] [toil.worker] Redirecting logging to /tmp/46003438e5ff535f98cf133d0115486a/e185/worker_log.txt
[2022-05-12T15:14:56+0200] [MainThread] [I] [toil.leader] 0 jobs are running, 0 jobs are issued and waiting to run
[2022-05-12T15:14:56+0200] [MainThread] [I] [toil.leader] Issued job 'CWLJob' io-file-default-wf.cwl.step1._:243aad22-1d77-42d1-907c-d7ea914bb9cf kind-CWLJob/instance-gjqkgswy v1 with job batch system ID: 1 and cores: 1, disk: 3.0 Gi, and memory: 2.0 Gi
[2022-05-12T15:14:56+0200] [MainThread] [I] [toil.worker] Redirecting logging to /tmp/46003438e5ff535f98cf133d0115486a/65ab/worker_log.txt
[2022-05-12T15:14:57+0200] [MainThread] [I] [toil.worker] Redirecting logging to /tmp/46003438e5ff535f98cf133d0115486a/e13d/worker_log.txt
[2022-05-12T15:14:58+0200] [MainThread] [I] [toil.worker] Redirecting logging to /tmp/46003438e5ff535f98cf133d0115486a/1286/worker_log.txt
[2022-05-12T15:15:00+0200] [MainThread] [I] [toil.leader] Finished toil run successfully.
[2022-05-12T15:15:00+0200] [MainThread] [I] [toil.common] Successfully deleted the job store: FileJobStore(/tmp/tmplbz8uvvv)
</system-err>
		</testcase>
		<testcase name="Test File input with default specified to workflow" time="10.161759" class="workflow" file="workflow_file_input_default_specified" url="cwltest:conformance_tests#152">
			<system-out>{
    &quot;o&quot;: {
        &quot;location&quot;: &quot;file:///tmp/tmpan7l6yj4/output&quot;,
        &quot;basename&quot;: &quot;output&quot;,
        &quot;nameroot&quot;: &quot;output&quot;,
        &quot;nameext&quot;: &quot;&quot;,
        &quot;class&quot;: &quot;File&quot;,
        &quot;checksum&quot;: &quot;sha1$47a013e660d408619d894b20806b1d5086aab03b&quot;,
        &quot;size&quot;: 13
    }
}</system-out>
			<system-err>[2022-05-12T15:14:55+0200] [MainThread] [I] [cwltool] Resolved 'tests/io-file-default-wf.cwl' to 'file:///home/michael/cwl-v1.1/tests/io-file-default-wf.cwl'
[2022-05-12T15:14:59+0200] [MainThread] [I] [toil.job] Saving graph of 2 jobs, 2 new
[2022-05-12T15:14:59+0200] [MainThread] [I] [toil.job] Processing job 'ResolveIndirect' kind-ResolveIndirect/instance-61gjao3m v0
[2022-05-12T15:14:59+0200] [MainThread] [I] [toil.job] Processing job 'CWLWorkflow' kind-CWLWorkflow/instance-ihoncrr9 v0
[2022-05-12T15:14:59+0200] [MainThread] [I] [toil] Running Toil version 5.6.0-c34146a6437e4407a61e946e968bcce67a0ebbca on host mrc-tux.
[2022-05-12T15:14:59+0200] [MainThread] [I] [toil.worker] Redirecting logging to /tmp/1def87ab9bf450fb9372a186539b90bd/c1c7/worker_log.txt
[2022-05-12T15:15:00+0200] [MainThread] [I] [toil.leader] 0 jobs are running, 0 jobs are issued and waiting to run
[2022-05-12T15:15:00+0200] [MainThread] [I] [toil.leader] Issued job 'CWLJob' io-file-default-wf.cwl.step1._:33a1d632-1578-4f14-a6d0-0108c9a3cd21 kind-CWLJob/instance-p67rlvw5 v1 with job batch system ID: 1 and cores: 1, disk: 3.0 Gi, and memory: 2.0 Gi
[2022-05-12T15:15:00+0200] [MainThread] [I] [toil.worker] Redirecting logging to /tmp/1def87ab9bf450fb9372a186539b90bd/687e/worker_log.txt
[2022-05-12T15:15:01+0200] [MainThread] [I] [toil.worker] Redirecting logging to /tmp/1def87ab9bf450fb9372a186539b90bd/3526/worker_log.txt
[2022-05-12T15:15:02+0200] [MainThread] [I] [toil.worker] Redirecting logging to /tmp/1def87ab9bf450fb9372a186539b90bd/8013/worker_log.txt
[2022-05-12T15:15:04+0200] [MainThread] [I] [toil.leader] Finished toil run successfully.
[2022-05-12T15:15:04+0200] [MainThread] [I] [toil.common] Successfully deleted the job store: FileJobStore(/tmp/tmp8d5e11wz)
</system-err>
		</testcase>
		<testcase name="Test input union type or File or File array to a tool with one file in array specified." time="7.277719" class="command_line_tool, inline_javascript" file="clt_optional_union_input_file_or_files_with_array_of_one_file_provided" url="cwltest:conformance_tests#153">
			<system-out>{
    &quot;output_file&quot;: {
        &quot;location&quot;: &quot;file:///tmp/tmpsggam55z/output.txt&quot;,
        &quot;basename&quot;: &quot;output.txt&quot;,
        &quot;nameroot&quot;: &quot;output&quot;,
        &quot;nameext&quot;: &quot;.txt&quot;,
        &quot;class&quot;: &quot;File&quot;,
        &quot;checksum&quot;: &quot;sha1$da39a3ee5e6b4b0d3255bfef95601890afd80709&quot;,
        &quot;size&quot;: 0
    }
}</system-out>
			<system-err>[2022-05-12T15:14:56+0200] [MainThread] [I] [cwltool] Resolved 'tests/io-file-or-files.cwl' to 'file:///home/michael/cwl-v1.1/tests/io-file-or-files.cwl'
[2022-05-12T15:14:59+0200] [MainThread] [I] [toil.job] Saving graph of 1 jobs, 1 new
[2022-05-12T15:14:59+0200] [MainThread] [I] [toil.job] Processing job 'CWLJob' io-file-or-files.cwl kind-CWLJob/instance-f4156xos v0
[2022-05-12T15:14:59+0200] [MainThread] [I] [toil] Running Toil version 5.6.0-c34146a6437e4407a61e946e968bcce67a0ebbca on host mrc-tux.
[2022-05-12T15:14:59+0200] [MainThread] [I] [toil.leader] Issued job 'CWLJob' io-file-or-files.cwl kind-CWLJob/instance-f4156xos v1 with job batch system ID: 0 and cores: 1, disk: 3.0 Gi, and memory: 2.0 Gi
[2022-05-12T15:15:00+0200] [MainThread] [I] [toil.worker] Redirecting logging to /tmp/6a72146be54b5246b7d44ed9648b5bf6/ca02/worker_log.txt
[2022-05-12T15:15:01+0200] [MainThread] [I] [toil.leader] 0 jobs are running, 0 jobs are issued and waiting to run
[2022-05-12T15:15:02+0200] [MainThread] [I] [toil.leader] Finished toil run successfully.
[2022-05-12T15:15:02+0200] [MainThread] [I] [toil.common] Successfully deleted the job store: FileJobStore(/tmp/tmpl15msru9)
</system-err>
		</testcase>
		<testcase name="Test input union type or File or File array to a tool with a few files in array specified." time="6.604644" class="command_line_tool, inline_javascript" file="clt_optional_union_input_file_or_files_with_many_files_provided" url="cwltest:conformance_tests#154">
			<system-out>{
    &quot;output_file&quot;: {
        &quot;location&quot;: &quot;file:///tmp/tmprnpfsw9f/output.txt&quot;,
        &quot;basename&quot;: &quot;output.txt&quot;,
        &quot;nameroot&quot;: &quot;output&quot;,
        &quot;nameext&quot;: &quot;.txt&quot;,
        &quot;class&quot;: &quot;File&quot;,
        &quot;checksum&quot;: &quot;sha1$6d1723861ad5a1260f1c3c07c93076c5a215f646&quot;,
        &quot;size&quot;: 1114
    }
}</system-out>
			<system-err>[2022-05-12T15:15:01+0200] [MainThread] [I] [cwltool] Resolved 'tests/io-file-or-files.cwl' to 'file:///home/michael/cwl-v1.1/tests/io-file-or-files.cwl'
[2022-05-12T15:15:03+0200] [MainThread] [I] [toil.job] Saving graph of 1 jobs, 1 new
[2022-05-12T15:15:03+0200] [MainThread] [I] [toil.job] Processing job 'CWLJob' io-file-or-files.cwl kind-CWLJob/instance-75_p2tcd v0
[2022-05-12T15:15:03+0200] [MainThread] [I] [toil] Running Toil version 5.6.0-c34146a6437e4407a61e946e968bcce67a0ebbca on host mrc-tux.
[2022-05-12T15:15:03+0200] [MainThread] [I] [toil.leader] Issued job 'CWLJob' io-file-or-files.cwl kind-CWLJob/instance-75_p2tcd v1 with job batch system ID: 0 and cores: 1, disk: 3.0 Gi, and memory: 2.0 Gi
[2022-05-12T15:15:04+0200] [MainThread] [I] [toil.worker] Redirecting logging to /tmp/6345cbea3d375ae39bcee203e925cb26/c3f1/worker_log.txt
[2022-05-12T15:15:05+0200] [MainThread] [I] [toil.leader] 0 jobs are running, 0 jobs are issued and waiting to run
[2022-05-12T15:15:06+0200] [MainThread] [I] [toil.leader] Finished toil run successfully.
[2022-05-12T15:15:07+0200] [MainThread] [I] [toil.common] Successfully deleted the job store: FileJobStore(/tmp/tmpy3t7lb3p)
</system-err>
		</testcase>
		<testcase name="Test input union type or File or File array to a tool with one file specified." time="6.488191" class="command_line_tool, inline_javascript" file="clt_optional_union_input_file_or_files_with_single_file_provided" url="cwltest:conformance_tests#155">
			<system-out>{
    &quot;output_file&quot;: {
        &quot;location&quot;: &quot;file:///tmp/tmpm5onupcz/output.txt&quot;,
        &quot;basename&quot;: &quot;output.txt&quot;,
        &quot;nameroot&quot;: &quot;output&quot;,
        &quot;nameext&quot;: &quot;.txt&quot;,
        &quot;class&quot;: &quot;File&quot;,
        &quot;checksum&quot;: &quot;sha1$327fc7aedf4f6b69a42a7c8b808dc5a7aff61376&quot;,
        &quot;size&quot;: 1111
    }
}</system-out>
			<system-err>[2022-05-12T15:15:01+0200] [MainThread] [I] [cwltool] Resolved 'tests/io-file-or-files.cwl' to 'file:///home/michael/cwl-v1.1/tests/io-file-or-files.cwl'
[2022-05-12T15:15:03+0200] [MainThread] [I] [toil.job] Saving graph of 1 jobs, 1 new
[2022-05-12T15:15:03+0200] [MainThread] [I] [toil.job] Processing job 'CWLJob' io-file-or-files.cwl kind-CWLJob/instance-jawb09ha v0
[2022-05-12T15:15:03+0200] [MainThread] [I] [toil] Running Toil version 5.6.0-c34146a6437e4407a61e946e968bcce67a0ebbca on host mrc-tux.
[2022-05-12T15:15:03+0200] [MainThread] [I] [toil.leader] Issued job 'CWLJob' io-file-or-files.cwl kind-CWLJob/instance-jawb09ha v1 with job batch system ID: 0 and cores: 1, disk: 3.0 Gi, and memory: 2.0 Gi
[2022-05-12T15:15:04+0200] [MainThread] [I] [toil.worker] Redirecting logging to /tmp/590c5d11ece252f2860bd50a56dd6a0d/2eb6/worker_log.txt
[2022-05-12T15:15:04+0200] [MainThread] [I] [toil.leader] 0 jobs are running, 0 jobs are issued and waiting to run
[2022-05-12T15:15:06+0200] [MainThread] [I] [toil.leader] Finished toil run successfully.
[2022-05-12T15:15:06+0200] [MainThread] [I] [toil.common] Successfully deleted the job store: FileJobStore(/tmp/tmpbpnxeuzd)
</system-err>
		</testcase>
		<testcase name="Test input union type or File or File array to a tool with null specified." time="5.322635" class="command_line_tool, inline_javascript" file="clt_optional_union_input_file_or_files_with_nothing_provided" url="cwltest:conformance_tests#156">
			<system-out>{
    &quot;output_file&quot;: {
        &quot;location&quot;: &quot;file:///tmp/tmpubsqlucl/output.txt&quot;,
        &quot;basename&quot;: &quot;output.txt&quot;,
        &quot;nameroot&quot;: &quot;output&quot;,
        &quot;nameext&quot;: &quot;.txt&quot;,
        &quot;class&quot;: &quot;File&quot;,
        &quot;checksum&quot;: &quot;sha1$503458abf7614be3fb26d85ff5d8f3e17aa0a552&quot;,
        &quot;size&quot;: 10
    }
}</system-out>
			<system-err>[2022-05-12T15:15:03+0200] [MainThread] [I] [cwltool] Resolved 'tests/io-file-or-files.cwl' to 'file:///home/michael/cwl-v1.1/tests/io-file-or-files.cwl'
[2022-05-12T15:15:06+0200] [MainThread] [I] [toil.job] Saving graph of 1 jobs, 1 new
[2022-05-12T15:15:06+0200] [MainThread] [I] [toil.job] Processing job 'CWLJob' io-file-or-files.cwl kind-CWLJob/instance-3v_czqiy v0
[2022-05-12T15:15:06+0200] [MainThread] [I] [toil] Running Toil version 5.6.0-c34146a6437e4407a61e946e968bcce67a0ebbca on host mrc-tux.
[2022-05-12T15:15:06+0200] [MainThread] [I] [toil.leader] Issued job 'CWLJob' io-file-or-files.cwl kind-CWLJob/instance-3v_czqiy v1 with job batch system ID: 0 and cores: 1, disk: 3.0 Gi, and memory: 2.0 Gi
[2022-05-12T15:15:06+0200] [MainThread] [I] [toil.worker] Redirecting logging to /tmp/85f29e062e1856ebb1f03e9482c8a70e/cf6e/worker_log.txt
[2022-05-12T15:15:07+0200] [MainThread] [I] [toil.leader] 0 jobs are running, 0 jobs are issued and waiting to run
[2022-05-12T15:15:08+0200] [MainThread] [I] [toil.leader] Finished toil run successfully.
[2022-05-12T15:15:08+0200] [MainThread] [I] [toil.common] Successfully deleted the job store: FileJobStore(/tmp/tmp29qqelee)
</system-err>
		</testcase>
		<testcase name="Test Any parameter with integer input to a tool" time="5.023680" class="command_line_tool, inline_javascript" file="clt_any_input_with_integer_provided" url="cwltest:conformance_tests#157">
			<system-out>{
    &quot;t1&quot;: 7
}</system-out>
			<system-err>[2022-05-12T15:15:05+0200] [MainThread] [I] [cwltool] Resolved 'tests/io-any-1.cwl' to 'file:///home/michael/cwl-v1.1/tests/io-any-1.cwl'
[2022-05-12T15:15:07+0200] [MainThread] [I] [toil.job] Saving graph of 1 jobs, 1 new
[2022-05-12T15:15:07+0200] [MainThread] [I] [toil.job] Processing job 'CWLJob' io-any-1.cwl kind-CWLJob/instance-2andflt_ v0
[2022-05-12T15:15:07+0200] [MainThread] [I] [toil] Running Toil version 5.6.0-c34146a6437e4407a61e946e968bcce67a0ebbca on host mrc-tux.
[2022-05-12T15:15:07+0200] [MainThread] [I] [toil.leader] Issued job 'CWLJob' io-any-1.cwl kind-CWLJob/instance-2andflt_ v1 with job batch system ID: 0 and cores: 1, disk: 3.0 Gi, and memory: 2.0 Gi
[2022-05-12T15:15:07+0200] [MainThread] [I] [toil.worker] Redirecting logging to /tmp/2fe17c78adb853d5a95bc353a2cee5ee/15da/worker_log.txt
[2022-05-12T15:15:08+0200] [MainThread] [I] [toil.leader] 0 jobs are running, 0 jobs are issued and waiting to run
[2022-05-12T15:15:09+0200] [MainThread] [I] [toil.leader] Finished toil run successfully.
[2022-05-12T15:15:09+0200] [MainThread] [I] [toil.common] Successfully deleted the job store: FileJobStore(/tmp/tmpqsu5h1e3)
</system-err>
		</testcase>
		<testcase name="Test Any parameter with string input to a tool" time="5.881179" class="command_line_tool, inline_javascript" file="clt_any_input_with_string_provided" url="cwltest:conformance_tests#158">
			<system-out>{
    &quot;t1&quot;: &quot;7&quot;
}</system-out>
			<system-err>[2022-05-12T15:15:07+0200] [MainThread] [I] [cwltool] Resolved 'tests/io-any-1.cwl' to 'file:///home/michael/cwl-v1.1/tests/io-any-1.cwl'
[2022-05-12T15:15:09+0200] [MainThread] [I] [toil.job] Saving graph of 1 jobs, 1 new
[2022-05-12T15:15:09+0200] [MainThread] [I] [toil.job] Processing job 'CWLJob' io-any-1.cwl kind-CWLJob/instance-pegmiqdm v0
[2022-05-12T15:15:09+0200] [MainThread] [I] [toil] Running Toil version 5.6.0-c34146a6437e4407a61e946e968bcce67a0ebbca on host mrc-tux.
[2022-05-12T15:15:09+0200] [MainThread] [I] [toil.leader] Issued job 'CWLJob' io-any-1.cwl kind-CWLJob/instance-pegmiqdm v1 with job batch system ID: 0 and cores: 1, disk: 3.0 Gi, and memory: 2.0 Gi
[2022-05-12T15:15:10+0200] [MainThread] [I] [toil.worker] Redirecting logging to /tmp/62198ef8302a534a94810acb77c4161d/0d6b/worker_log.txt
[2022-05-12T15:15:10+0200] [MainThread] [I] [toil.leader] 0 jobs are running, 0 jobs are issued and waiting to run
[2022-05-12T15:15:12+0200] [MainThread] [I] [toil.leader] Finished toil run successfully.
[2022-05-12T15:15:12+0200] [MainThread] [I] [toil.common] Successfully deleted the job store: FileJobStore(/tmp/tmp8bf185rv)
</system-err>
		</testcase>
		<testcase name="Test Any parameter with file input to a tool" time="5.422619" class="command_line_tool, inline_javascript" file="clt_any_input_with_file_provided" url="cwltest:conformance_tests#159">
			<system-out>{
    &quot;t1&quot;: &quot;File&quot;
}</system-out>
			<system-err>[2022-05-12T15:15:07+0200] [MainThread] [I] [cwltool] Resolved 'tests/io-any-1.cwl' to 'file:///home/michael/cwl-v1.1/tests/io-any-1.cwl'
[2022-05-12T15:15:09+0200] [MainThread] [I] [toil.job] Saving graph of 1 jobs, 1 new
[2022-05-12T15:15:09+0200] [MainThread] [I] [toil.job] Processing job 'CWLJob' io-any-1.cwl kind-CWLJob/instance-ue5_f0n8 v0
[2022-05-12T15:15:09+0200] [MainThread] [I] [toil] Running Toil version 5.6.0-c34146a6437e4407a61e946e968bcce67a0ebbca on host mrc-tux.
[2022-05-12T15:15:09+0200] [MainThread] [I] [toil.leader] Issued job 'CWLJob' io-any-1.cwl kind-CWLJob/instance-ue5_f0n8 v1 with job batch system ID: 0 and cores: 1, disk: 3.0 Gi, and memory: 2.0 Gi
[2022-05-12T15:15:10+0200] [MainThread] [I] [toil.worker] Redirecting logging to /tmp/77da1fea33a254ab92a352ad2a9f63b9/672f/worker_log.txt
[2022-05-12T15:15:10+0200] [MainThread] [I] [toil.leader] 0 jobs are running, 0 jobs are issued and waiting to run
[2022-05-12T15:15:12+0200] [MainThread] [I] [toil.leader] Finished toil run successfully.
[2022-05-12T15:15:12+0200] [MainThread] [I] [toil.common] Successfully deleted the job store: FileJobStore(/tmp/tmp1sansbc5)
</system-err>
		</testcase>
		<testcase name="Test Any parameter with array input to a tool" time="5.098144" class="command_line_tool, inline_javascript" file="clt_any_input_with_mixed_array_provided" url="cwltest:conformance_tests#160">
			<system-out>{
    &quot;t1&quot;: [
        1,
        &quot;moocow&quot;
    ]
}</system-out>
			<system-err>[2022-05-12T15:15:08+0200] [MainThread] [I] [cwltool] Resolved 'tests/io-any-1.cwl' to 'file:///home/michael/cwl-v1.1/tests/io-any-1.cwl'
[2022-05-12T15:15:11+0200] [MainThread] [I] [toil.job] Saving graph of 1 jobs, 1 new
[2022-05-12T15:15:11+0200] [MainThread] [I] [toil.job] Processing job 'CWLJob' io-any-1.cwl kind-CWLJob/instance-p7l2c_o8 v0
[2022-05-12T15:15:11+0200] [MainThread] [I] [toil] Running Toil version 5.6.0-c34146a6437e4407a61e946e968bcce67a0ebbca on host mrc-tux.
[2022-05-12T15:15:11+0200] [MainThread] [I] [toil.leader] Issued job 'CWLJob' io-any-1.cwl kind-CWLJob/instance-p7l2c_o8 v1 with job batch system ID: 0 and cores: 1, disk: 3.0 Gi, and memory: 2.0 Gi
[2022-05-12T15:15:11+0200] [MainThread] [I] [toil.worker] Redirecting logging to /tmp/3137013f33dc5a94ac0c9ee400abe53c/55dd/worker_log.txt
[2022-05-12T15:15:12+0200] [MainThread] [I] [toil.leader] 0 jobs are running, 0 jobs are issued and waiting to run
[2022-05-12T15:15:13+0200] [MainThread] [I] [toil.leader] Finished toil run successfully.
[2022-05-12T15:15:13+0200] [MainThread] [I] [toil.common] Successfully deleted the job store: FileJobStore(/tmp/tmpybfvy98h)
</system-err>
		</testcase>
		<testcase name="Test Any parameter with record input to a tool" time="5.079564" class="command_line_tool, inline_javascript" file="clt_any_input_with_record_provided" url="cwltest:conformance_tests#161">
			<system-out>{
    &quot;t1&quot;: {
        &quot;moo&quot;: 1,
        &quot;cow&quot;: 5
    }
}</system-out>
			<system-err>[2022-05-12T15:15:10+0200] [MainThread] [I] [cwltool] Resolved 'tests/io-any-1.cwl' to 'file:///home/michael/cwl-v1.1/tests/io-any-1.cwl'
[2022-05-12T15:15:12+0200] [MainThread] [I] [toil.job] Saving graph of 1 jobs, 1 new
[2022-05-12T15:15:12+0200] [MainThread] [I] [toil.job] Processing job 'CWLJob' io-any-1.cwl kind-CWLJob/instance-oj2n_asx v0
[2022-05-12T15:15:12+0200] [MainThread] [I] [toil] Running Toil version 5.6.0-c34146a6437e4407a61e946e968bcce67a0ebbca on host mrc-tux.
[2022-05-12T15:15:12+0200] [MainThread] [I] [toil.leader] Issued job 'CWLJob' io-any-1.cwl kind-CWLJob/instance-oj2n_asx v1 with job batch system ID: 0 and cores: 1, disk: 3.0 Gi, and memory: 2.0 Gi
[2022-05-12T15:15:12+0200] [MainThread] [I] [toil.worker] Redirecting logging to /tmp/1819675969215c24bdacaa08bf3cc390/886a/worker_log.txt
[2022-05-12T15:15:13+0200] [MainThread] [I] [toil.leader] 0 jobs are running, 0 jobs are issued and waiting to run
[2022-05-12T15:15:14+0200] [MainThread] [I] [toil.leader] Finished toil run successfully.
[2022-05-12T15:15:14+0200] [MainThread] [I] [toil.common] Successfully deleted the job store: FileJobStore(/tmp/tmp0mybaq6m)
</system-err>
		</testcase>
		<testcase name="Test Any parameter with integer input to a workflow" time="9.121274" class="workflow, inline_javascript" file="workflow_any_input_with_integer_provided" url="cwltest:conformance_tests#162">
			<system-out>{
    &quot;t1&quot;: 7
}</system-out>
			<system-err>[2022-05-12T15:15:13+0200] [MainThread] [I] [cwltool] Resolved 'tests/io-any-wf-1.cwl' to 'file:///home/michael/cwl-v1.1/tests/io-any-wf-1.cwl'
[2022-05-12T15:15:16+0200] [MainThread] [I] [toil.job] Saving graph of 2 jobs, 2 new
[2022-05-12T15:15:16+0200] [MainThread] [I] [toil.job] Processing job 'ResolveIndirect' kind-ResolveIndirect/instance-9uq253a1 v0
[2022-05-12T15:15:16+0200] [MainThread] [I] [toil.job] Processing job 'CWLWorkflow' kind-CWLWorkflow/instance-tanvntmf v0
[2022-05-12T15:15:16+0200] [MainThread] [I] [toil] Running Toil version 5.6.0-c34146a6437e4407a61e946e968bcce67a0ebbca on host mrc-tux.
[2022-05-12T15:15:16+0200] [MainThread] [I] [toil.worker] Redirecting logging to /tmp/48373136eed458bfaf6d4f1e64588659/4dc7/worker_log.txt
[2022-05-12T15:15:17+0200] [MainThread] [I] [toil.leader] 0 jobs are running, 0 jobs are issued and waiting to run
[2022-05-12T15:15:17+0200] [MainThread] [I] [toil.leader] Issued job 'CWLJob' io-any-wf-1.cwl.step1.io-any-1.cwl kind-CWLJob/instance-9pebu5ez v1 with job batch system ID: 1 and cores: 1, disk: 3.0 Gi, and memory: 2.0 Gi
[2022-05-12T15:15:17+0200] [MainThread] [I] [toil.worker] Redirecting logging to /tmp/48373136eed458bfaf6d4f1e64588659/bfb2/worker_log.txt
[2022-05-12T15:15:18+0200] [MainThread] [I] [toil.worker] Redirecting logging to /tmp/48373136eed458bfaf6d4f1e64588659/5d75/worker_log.txt
[2022-05-12T15:15:19+0200] [MainThread] [I] [toil.worker] Redirecting logging to /tmp/48373136eed458bfaf6d4f1e64588659/4106/worker_log.txt
[2022-05-12T15:15:21+0200] [MainThread] [I] [toil.leader] Finished toil run successfully.
[2022-05-12T15:15:21+0200] [MainThread] [I] [toil.common] Successfully deleted the job store: FileJobStore(/tmp/tmp6oxwnqq7)
</system-err>
		</testcase>
		<testcase name="Test Any parameter with string input to a workflow" time="9.011757" class="workflow, inline_javascript" file="workflow_any_input_with_string_provided" url="cwltest:conformance_tests#163">
			<system-out>{
    &quot;t1&quot;: &quot;7&quot;
}</system-out>
			<system-err>[2022-05-12T15:15:13+0200] [MainThread] [I] [cwltool] Resolved 'tests/io-any-wf-1.cwl' to 'file:///home/michael/cwl-v1.1/tests/io-any-wf-1.cwl'
[2022-05-12T15:15:16+0200] [MainThread] [I] [toil.job] Saving graph of 2 jobs, 2 new
[2022-05-12T15:15:16+0200] [MainThread] [I] [toil.job] Processing job 'ResolveIndirect' kind-ResolveIndirect/instance-i_qh0sgd v0
[2022-05-12T15:15:16+0200] [MainThread] [I] [toil.job] Processing job 'CWLWorkflow' kind-CWLWorkflow/instance-2b2r1sus v0
[2022-05-12T15:15:16+0200] [MainThread] [I] [toil] Running Toil version 5.6.0-c34146a6437e4407a61e946e968bcce67a0ebbca on host mrc-tux.
[2022-05-12T15:15:17+0200] [MainThread] [I] [toil.worker] Redirecting logging to /tmp/0618f4b89d7057459a8c81d55f0c4e41/103d/worker_log.txt
[2022-05-12T15:15:17+0200] [MainThread] [I] [toil.leader] 0 jobs are running, 0 jobs are issued and waiting to run
[2022-05-12T15:15:17+0200] [MainThread] [I] [toil.leader] Issued job 'CWLJob' io-any-wf-1.cwl.step1.io-any-1.cwl kind-CWLJob/instance-co6ujczn v1 with job batch system ID: 1 and cores: 1, disk: 3.0 Gi, and memory: 2.0 Gi
[2022-05-12T15:15:18+0200] [MainThread] [I] [toil.worker] Redirecting logging to /tmp/0618f4b89d7057459a8c81d55f0c4e41/6eb6/worker_log.txt
[2022-05-12T15:15:19+0200] [MainThread] [I] [toil.worker] Redirecting logging to /tmp/0618f4b89d7057459a8c81d55f0c4e41/ac1e/worker_log.txt
[2022-05-12T15:15:19+0200] [MainThread] [I] [toil.worker] Redirecting logging to /tmp/0618f4b89d7057459a8c81d55f0c4e41/9924/worker_log.txt
[2022-05-12T15:15:21+0200] [MainThread] [I] [toil.leader] Finished toil run successfully.
[2022-05-12T15:15:21+0200] [MainThread] [I] [toil.common] Successfully deleted the job store: FileJobStore(/tmp/tmpvtb45d5o)
</system-err>
		</testcase>
		<testcase name="Test Any parameter with file input to a workflow" time="9.279278" class="workflow, inline_javascript" file="workflow_any_input_with_file_provided" url="cwltest:conformance_tests#164">
			<system-out>{
    &quot;t1&quot;: &quot;File&quot;
}</system-out>
			<system-err>[2022-05-12T15:15:13+0200] [MainThread] [I] [cwltool] Resolved 'tests/io-any-wf-1.cwl' to 'file:///home/michael/cwl-v1.1/tests/io-any-wf-1.cwl'
[2022-05-12T15:15:17+0200] [MainThread] [I] [toil.job] Saving graph of 2 jobs, 2 new
[2022-05-12T15:15:17+0200] [MainThread] [I] [toil.job] Processing job 'ResolveIndirect' kind-ResolveIndirect/instance-qs5ahe5d v0
[2022-05-12T15:15:17+0200] [MainThread] [I] [toil.job] Processing job 'CWLWorkflow' kind-CWLWorkflow/instance-nd05dhve v0
[2022-05-12T15:15:17+0200] [MainThread] [I] [toil] Running Toil version 5.6.0-c34146a6437e4407a61e946e968bcce67a0ebbca on host mrc-tux.
[2022-05-12T15:15:18+0200] [MainThread] [I] [toil.worker] Redirecting logging to /tmp/e99e3642c12c5a7eb82fb1015df08d39/1d36/worker_log.txt
[2022-05-12T15:15:18+0200] [MainThread] [I] [toil.leader] 0 jobs are running, 0 jobs are issued and waiting to run
[2022-05-12T15:15:18+0200] [MainThread] [I] [toil.leader] Issued job 'CWLJob' io-any-wf-1.cwl.step1.io-any-1.cwl kind-CWLJob/instance-kd5tc9wz v1 with job batch system ID: 1 and cores: 1, disk: 3.0 Gi, and memory: 2.0 Gi
[2022-05-12T15:15:18+0200] [MainThread] [I] [toil.worker] Redirecting logging to /tmp/e99e3642c12c5a7eb82fb1015df08d39/4c5f/worker_log.txt
[2022-05-12T15:15:19+0200] [MainThread] [I] [toil.worker] Redirecting logging to /tmp/e99e3642c12c5a7eb82fb1015df08d39/fc5d/worker_log.txt
[2022-05-12T15:15:20+0200] [MainThread] [I] [toil.worker] Redirecting logging to /tmp/e99e3642c12c5a7eb82fb1015df08d39/d963/worker_log.txt
[2022-05-12T15:15:22+0200] [MainThread] [I] [toil.leader] Finished toil run successfully.
[2022-05-12T15:15:22+0200] [MainThread] [I] [toil.common] Successfully deleted the job store: FileJobStore(/tmp/tmpcpqn3bni)
</system-err>
		</testcase>
		<testcase name="Test Any parameter with array input to a workflow" time="9.520725" class="workflow, inline_javascript" file="workflow_any_input_with_mixed_array_provided" url="cwltest:conformance_tests#165">
			<system-out>{
    &quot;t1&quot;: [
        1,
        &quot;moocow&quot;
    ]
}</system-out>
			<system-err>[2022-05-12T15:15:15+0200] [MainThread] [I] [cwltool] Resolved 'tests/io-any-wf-1.cwl' to 'file:///home/michael/cwl-v1.1/tests/io-any-wf-1.cwl'
[2022-05-12T15:15:19+0200] [MainThread] [I] [toil.job] Saving graph of 2 jobs, 2 new
[2022-05-12T15:15:19+0200] [MainThread] [I] [toil.job] Processing job 'ResolveIndirect' kind-ResolveIndirect/instance-qd5n_vev v0
[2022-05-12T15:15:19+0200] [MainThread] [I] [toil.job] Processing job 'CWLWorkflow' kind-CWLWorkflow/instance-57vq4zap v0
[2022-05-12T15:15:19+0200] [MainThread] [I] [toil] Running Toil version 5.6.0-c34146a6437e4407a61e946e968bcce67a0ebbca on host mrc-tux.
[2022-05-12T15:15:19+0200] [MainThread] [I] [toil.worker] Redirecting logging to /tmp/dd01e5e26ac35c6586c39b70ec159feb/4b51/worker_log.txt
[2022-05-12T15:15:19+0200] [MainThread] [I] [toil.leader] 0 jobs are running, 0 jobs are issued and waiting to run
[2022-05-12T15:15:19+0200] [MainThread] [I] [toil.leader] Issued job 'CWLJob' io-any-wf-1.cwl.step1.io-any-1.cwl kind-CWLJob/instance-186q6c2z v1 with job batch system ID: 1 and cores: 1, disk: 3.0 Gi, and memory: 2.0 Gi
[2022-05-12T15:15:20+0200] [MainThread] [I] [toil.worker] Redirecting logging to /tmp/dd01e5e26ac35c6586c39b70ec159feb/fc8a/worker_log.txt
[2022-05-12T15:15:21+0200] [MainThread] [I] [toil.worker] Redirecting logging to /tmp/dd01e5e26ac35c6586c39b70ec159feb/c977/worker_log.txt
[2022-05-12T15:15:21+0200] [MainThread] [I] [toil.worker] Redirecting logging to /tmp/dd01e5e26ac35c6586c39b70ec159feb/9385/worker_log.txt
[2022-05-12T15:15:24+0200] [MainThread] [I] [toil.leader] Finished toil run successfully.
[2022-05-12T15:15:24+0200] [MainThread] [I] [toil.common] Successfully deleted the job store: FileJobStore(/tmp/tmpg6iifj6t)
</system-err>
		</testcase>
		<testcase name="Test Any parameter with record input to a tool" time="8.819111" class="workflow, inline_javascript" file="workflow_any_input_with_record_provided" url="cwltest:conformance_tests#166">
			<system-out>{
    &quot;t1&quot;: {
        &quot;moo&quot;: 1,
        &quot;cow&quot;: 5
    }
}</system-out>
			<system-err>[2022-05-12T15:15:22+0200] [MainThread] [I] [cwltool] Resolved 'tests/io-any-wf-1.cwl' to 'file:///home/michael/cwl-v1.1/tests/io-any-wf-1.cwl'
[2022-05-12T15:15:25+0200] [MainThread] [I] [toil.job] Saving graph of 2 jobs, 2 new
[2022-05-12T15:15:25+0200] [MainThread] [I] [toil.job] Processing job 'ResolveIndirect' kind-ResolveIndirect/instance-4ii2h0gd v0
[2022-05-12T15:15:25+0200] [MainThread] [I] [toil.job] Processing job 'CWLWorkflow' kind-CWLWorkflow/instance-620s2m29 v0
[2022-05-12T15:15:25+0200] [MainThread] [I] [toil] Running Toil version 5.6.0-c34146a6437e4407a61e946e968bcce67a0ebbca on host mrc-tux.
[2022-05-12T15:15:25+0200] [MainThread] [I] [toil.worker] Redirecting logging to /tmp/64987690b8d153b98c62db82630b6489/2e49/worker_log.txt
[2022-05-12T15:15:26+0200] [MainThread] [I] [toil.leader] 0 jobs are running, 0 jobs are issued and waiting to run
[2022-05-12T15:15:26+0200] [MainThread] [I] [toil.leader] Issued job 'CWLJob' io-any-wf-1.cwl.step1.io-any-1.cwl kind-CWLJob/instance-0uvvkpfe v1 with job batch system ID: 1 and cores: 1, disk: 3.0 Gi, and memory: 2.0 Gi
[2022-05-12T15:15:26+0200] [MainThread] [I] [toil.worker] Redirecting logging to /tmp/64987690b8d153b98c62db82630b6489/7378/worker_log.txt
[2022-05-12T15:15:27+0200] [MainThread] [I] [toil.worker] Redirecting logging to /tmp/64987690b8d153b98c62db82630b6489/237b/worker_log.txt
[2022-05-12T15:15:28+0200] [MainThread] [I] [toil.worker] Redirecting logging to /tmp/64987690b8d153b98c62db82630b6489/c520/worker_log.txt
[2022-05-12T15:15:30+0200] [MainThread] [I] [toil.leader] Finished toil run successfully.
[2022-05-12T15:15:30+0200] [MainThread] [I] [toil.common] Successfully deleted the job store: FileJobStore(/tmp/tmpcackeva2)
</system-err>
		</testcase>
		<testcase name="Test union type input to workflow with default unspecified" time="8.618305" class="workflow, inline_javascript, expression_tool" file="workflow_union_default_input_unspecified" url="cwltest:conformance_tests#167">
			<system-out>{
    &quot;o&quot;: &quot;the default value&quot;
}</system-out>
			<system-err>[2022-05-12T15:15:22+0200] [MainThread] [I] [cwltool] Resolved 'tests/io-union-input-default-wf.cwl' to 'file:///home/michael/cwl-v1.1/tests/io-union-input-default-wf.cwl'
[2022-05-12T15:15:25+0200] [MainThread] [I] [toil.job] Saving graph of 2 jobs, 2 new
[2022-05-12T15:15:25+0200] [MainThread] [I] [toil.job] Processing job 'ResolveIndirect' kind-ResolveIndirect/instance-ehm30ppi v0
[2022-05-12T15:15:25+0200] [MainThread] [I] [toil.job] Processing job 'CWLWorkflow' kind-CWLWorkflow/instance-u595ggge v0
[2022-05-12T15:15:25+0200] [MainThread] [I] [toil] Running Toil version 5.6.0-c34146a6437e4407a61e946e968bcce67a0ebbca on host mrc-tux.
[2022-05-12T15:15:25+0200] [MainThread] [I] [toil.worker] Redirecting logging to /tmp/5be1a3deebf35e51ab97c70caf513126/cc5a/worker_log.txt
[2022-05-12T15:15:26+0200] [MainThread] [I] [toil.leader] 0 jobs are running, 0 jobs are issued and waiting to run
[2022-05-12T15:15:26+0200] [MainThread] [I] [toil.leader] Issued job 'CWLJob' io-union-input-default-wf.cwl.step1._:daef7fbd-0f81-4c9e-8a22-32bcf9713433 kind-CWLJob/instance-aj5z50p5 v1 with job batch system ID: 1 and cores: 1, disk: 3.0 Gi, and memory: 2.0 Gi
[2022-05-12T15:15:26+0200] [MainThread] [I] [toil.worker] Redirecting logging to /tmp/5be1a3deebf35e51ab97c70caf513126/e951/worker_log.txt
[2022-05-12T15:15:27+0200] [MainThread] [I] [toil.worker] Redirecting logging to /tmp/5be1a3deebf35e51ab97c70caf513126/07f3/worker_log.txt
[2022-05-12T15:15:28+0200] [MainThread] [I] [toil.worker] Redirecting logging to /tmp/5be1a3deebf35e51ab97c70caf513126/a6ac/worker_log.txt
[2022-05-12T15:15:30+0200] [MainThread] [I] [toil.leader] Finished toil run successfully.
[2022-05-12T15:15:30+0200] [MainThread] [I] [toil.common] Successfully deleted the job store: FileJobStore(/tmp/tmp6yvp5q7z)
</system-err>
		</testcase>
		<testcase name="Test union type input to workflow with default specified as file" time="8.818137" class="workflow, inline_javascript, expression_tool" file="workflow_union_default_input_with_file_provided" url="cwltest:conformance_tests#168">
			<system-out>{
    &quot;o&quot;: &quot;File&quot;
}</system-out>
			<system-err>[2022-05-12T15:15:23+0200] [MainThread] [I] [cwltool] Resolved 'tests/io-union-input-default-wf.cwl' to 'file:///home/michael/cwl-v1.1/tests/io-union-input-default-wf.cwl'
[2022-05-12T15:15:26+0200] [MainThread] [I] [toil.job] Saving graph of 2 jobs, 2 new
[2022-05-12T15:15:26+0200] [MainThread] [I] [toil.job] Processing job 'ResolveIndirect' kind-ResolveIndirect/instance-t0xenv32 v0
[2022-05-12T15:15:26+0200] [MainThread] [I] [toil.job] Processing job 'CWLWorkflow' kind-CWLWorkflow/instance-8gea8h7p v0
[2022-05-12T15:15:26+0200] [MainThread] [I] [toil] Running Toil version 5.6.0-c34146a6437e4407a61e946e968bcce67a0ebbca on host mrc-tux.
[2022-05-12T15:15:26+0200] [MainThread] [I] [toil.worker] Redirecting logging to /tmp/18f237101ead5e68bd76126b0570e782/7053/worker_log.txt
[2022-05-12T15:15:27+0200] [MainThread] [I] [toil.leader] 0 jobs are running, 0 jobs are issued and waiting to run
[2022-05-12T15:15:27+0200] [MainThread] [I] [toil.leader] Issued job 'CWLJob' io-union-input-default-wf.cwl.step1._:fb63ccc6-d238-497e-b9c5-4bfa4022b3be kind-CWLJob/instance-xx0hbxdh v1 with job batch system ID: 1 and cores: 1, disk: 3.0 Gi, and memory: 2.0 Gi
[2022-05-12T15:15:27+0200] [MainThread] [I] [toil.worker] Redirecting logging to /tmp/18f237101ead5e68bd76126b0570e782/c8ca/worker_log.txt
[2022-05-12T15:15:28+0200] [MainThread] [I] [toil.worker] Redirecting logging to /tmp/18f237101ead5e68bd76126b0570e782/7bd5/worker_log.txt
[2022-05-12T15:15:29+0200] [MainThread] [I] [toil.worker] Redirecting logging to /tmp/18f237101ead5e68bd76126b0570e782/b005/worker_log.txt
[2022-05-12T15:15:31+0200] [MainThread] [I] [toil.leader] Finished toil run successfully.
[2022-05-12T15:15:31+0200] [MainThread] [I] [toil.common] Successfully deleted the job store: FileJobStore(/tmp/tmpg8s_42dd)
</system-err>
		</testcase>
		<testcase name="Test valueFrom on workflow step from literal (string)." time="7.969661" class="workflow, step_input" file="workflowstep_valuefrom_string" url="cwltest:conformance_tests#169">
			<system-out>{
    &quot;val&quot;: &quot;moocow\n&quot;
}</system-out>
			<system-err>[2022-05-12T15:15:24+0200] [MainThread] [I] [cwltool] Resolved 'tests/step-valuefrom4-wf.cwl' to 'file:///home/michael/cwl-v1.1/tests/step-valuefrom4-wf.cwl'
[2022-05-12T15:15:27+0200] [MainThread] [I] [toil.job] Saving graph of 2 jobs, 2 new
[2022-05-12T15:15:27+0200] [MainThread] [I] [toil.job] Processing job 'ResolveIndirect' kind-ResolveIndirect/instance-6icno8mt v0
[2022-05-12T15:15:27+0200] [MainThread] [I] [toil.job] Processing job 'CWLWorkflow' kind-CWLWorkflow/instance-l6gh1pd7 v0
[2022-05-12T15:15:28+0200] [MainThread] [I] [toil] Running Toil version 5.6.0-c34146a6437e4407a61e946e968bcce67a0ebbca on host mrc-tux.
[2022-05-12T15:15:28+0200] [MainThread] [I] [toil.worker] Redirecting logging to /tmp/8fa3936c913a53c1a6efb85e56f143c4/8c6b/worker_log.txt
[2022-05-12T15:15:28+0200] [MainThread] [I] [toil.leader] 0 jobs are running, 0 jobs are issued and waiting to run
[2022-05-12T15:15:28+0200] [MainThread] [I] [toil.leader] Issued job 'CWLJob' step-valuefrom4-wf.cwl.step1.echo kind-CWLJob/instance-08vz6ndr v1 with job batch system ID: 1 and cores: 1, disk: 3.0 Gi, and memory: 2.0 Gi
[2022-05-12T15:15:29+0200] [MainThread] [I] [toil.worker] Redirecting logging to /tmp/8fa3936c913a53c1a6efb85e56f143c4/5633/worker_log.txt
[2022-05-12T15:15:29+0200] [MainThread] [I] [toil.worker] Redirecting logging to /tmp/8fa3936c913a53c1a6efb85e56f143c4/8a81/worker_log.txt
[2022-05-12T15:15:30+0200] [MainThread] [I] [toil.worker] Redirecting logging to /tmp/8fa3936c913a53c1a6efb85e56f143c4/7054/worker_log.txt
[2022-05-12T15:15:32+0200] [MainThread] [I] [toil.leader] Finished toil run successfully.
[2022-05-12T15:15:32+0200] [MainThread] [I] [toil.common] Successfully deleted the job store: FileJobStore(/tmp/tmp5vplf6dr)
</system-err>
		</testcase>
		<testcase name="Test valueFrom on workflow step using basename." time="9.459452" class="workflow, step_input" file="workflowstep_valuefrom_file_basename" url="cwltest:conformance_tests#170">
			<system-out>{
    &quot;val1&quot;: &quot;whale.txt\n&quot;,
    &quot;val2&quot;: &quot;step1_out\n&quot;
}</system-out>
			<system-err>[2022-05-12T15:15:31+0200] [MainThread] [I] [cwltool] Resolved 'tests/step-valuefrom5-wf.cwl' to 'file:///home/michael/cwl-v1.1/tests/step-valuefrom5-wf.cwl'
[2022-05-12T15:15:34+0200] [MainThread] [I] [toil.job] Saving graph of 2 jobs, 2 new
[2022-05-12T15:15:34+0200] [MainThread] [I] [toil.job] Processing job 'ResolveIndirect' kind-ResolveIndirect/instance-72y_ipu0 v0
[2022-05-12T15:15:34+0200] [MainThread] [I] [toil.job] Processing job 'CWLWorkflow' kind-CWLWorkflow/instance-2lmudy1_ v0
[2022-05-12T15:15:34+0200] [MainThread] [I] [toil] Running Toil version 5.6.0-c34146a6437e4407a61e946e968bcce67a0ebbca on host mrc-tux.
[2022-05-12T15:15:35+0200] [MainThread] [I] [toil.worker] Redirecting logging to /tmp/40fe8420f592536a96815a473b8f7de0/5f23/worker_log.txt
[2022-05-12T15:15:35+0200] [MainThread] [I] [toil.leader] 0 jobs are running, 0 jobs are issued and waiting to run
[2022-05-12T15:15:35+0200] [MainThread] [I] [toil.leader] Issued job 'CWLJob' step-valuefrom5-wf.cwl.step1._:7b348ffa-70d7-406a-a2cf-942871f78993 kind-CWLJob/instance-kw8drn3f v1 with job batch system ID: 1 and cores: 1, disk: 3.0 Gi, and memory: 2.0 Gi
[2022-05-12T15:15:36+0200] [MainThread] [I] [toil.worker] Redirecting logging to /tmp/40fe8420f592536a96815a473b8f7de0/0fbf/worker_log.txt
[2022-05-12T15:15:36+0200] [MainThread] [I] [toil.worker] Redirecting logging to /tmp/40fe8420f592536a96815a473b8f7de0/130a/worker_log.txt
[2022-05-12T15:15:37+0200] [MainThread] [I] [toil.worker] Redirecting logging to /tmp/40fe8420f592536a96815a473b8f7de0/1e1f/worker_log.txt
[2022-05-12T15:15:39+0200] [MainThread] [I] [toil.leader] Finished toil run successfully.
[2022-05-12T15:15:39+0200] [MainThread] [I] [toil.common] Successfully deleted the job store: FileJobStore(/tmp/tmpr5dsiw14)
</system-err>
		</testcase>
		<testcase name="Test output arrays in a tool (with ints)." time="4.823404" class="expression_tool, inline_javascript" file="expression_tool_int_array_output" url="cwltest:conformance_tests#171">
			<system-out>{
    &quot;o&quot;: [
        0,
        1,
        2
    ]
}</system-out>
			<system-err>[2022-05-12T15:15:31+0200] [MainThread] [I] [cwltool] Resolved 'tests/output-arrays-int.cwl' to 'file:///home/michael/cwl-v1.1/tests/output-arrays-int.cwl'
[2022-05-12T15:15:33+0200] [MainThread] [I] [toil.job] Saving graph of 1 jobs, 1 new
[2022-05-12T15:15:33+0200] [MainThread] [I] [toil.job] Processing job 'CWLJob' output-arrays-int.cwl kind-CWLJob/instance-cxcjv49t v0
[2022-05-12T15:15:33+0200] [MainThread] [I] [toil] Running Toil version 5.6.0-c34146a6437e4407a61e946e968bcce67a0ebbca on host mrc-tux.
[2022-05-12T15:15:33+0200] [MainThread] [I] [toil.leader] Issued job 'CWLJob' output-arrays-int.cwl kind-CWLJob/instance-cxcjv49t v1 with job batch system ID: 0 and cores: 1, disk: 3.0 Gi, and memory: 2.0 Gi
[2022-05-12T15:15:33+0200] [MainThread] [I] [toil.worker] Redirecting logging to /tmp/6ee5a25ef11a5d7ea4d86daececf10b1/8190/worker_log.txt
[2022-05-12T15:15:34+0200] [MainThread] [I] [toil.leader] 0 jobs are running, 0 jobs are issued and waiting to run
[2022-05-12T15:15:35+0200] [MainThread] [I] [toil.leader] Finished toil run successfully.
[2022-05-12T15:15:35+0200] [MainThread] [I] [toil.common] Successfully deleted the job store: FileJobStore(/tmp/tmp8xh2ehjt)
</system-err>
		</testcase>
		<testcase name="Test output arrays in a workflow (with ints)." time="10.671041" class="workflow, expression_tool, inline_javascript" file="workflowstep_int_array_input_output" url="cwltest:conformance_tests#172">
			<system-out>{
    &quot;o&quot;: 12
}</system-out>
			<system-err>[2022-05-12T15:15:32+0200] [MainThread] [I] [cwltool] Resolved 'tests/output-arrays-int-wf.cwl' to 'file:///home/michael/cwl-v1.1/tests/output-arrays-int-wf.cwl'
[2022-05-12T15:15:37+0200] [MainThread] [I] [toil.job] Saving graph of 2 jobs, 2 new
[2022-05-12T15:15:37+0200] [MainThread] [I] [toil.job] Processing job 'ResolveIndirect' kind-ResolveIndirect/instance-i5w8ofr5 v0
[2022-05-12T15:15:37+0200] [MainThread] [I] [toil.job] Processing job 'CWLWorkflow' kind-CWLWorkflow/instance-u4awrolj v0
[2022-05-12T15:15:37+0200] [MainThread] [I] [toil] Running Toil version 5.6.0-c34146a6437e4407a61e946e968bcce67a0ebbca on host mrc-tux.
[2022-05-12T15:15:37+0200] [MainThread] [I] [toil.worker] Redirecting logging to /tmp/488e6591b2115774b7b83176f072f093/1ae7/worker_log.txt
[2022-05-12T15:15:37+0200] [MainThread] [I] [toil.leader] 0 jobs are running, 0 jobs are issued and waiting to run
[2022-05-12T15:15:37+0200] [MainThread] [I] [toil.leader] Issued job 'CWLJob' output-arrays-int-wf.cwl.step1._:02541f0a-33c9-43ab-b30a-3c5c877d9a60 kind-CWLJob/instance-yt801hja v1 with job batch system ID: 1 and cores: 1, disk: 3.0 Gi, and memory: 2.0 Gi
[2022-05-12T15:15:38+0200] [MainThread] [I] [toil.worker] Redirecting logging to /tmp/488e6591b2115774b7b83176f072f093/ad3f/worker_log.txt
[2022-05-12T15:15:39+0200] [MainThread] [I] [toil.worker] Redirecting logging to /tmp/488e6591b2115774b7b83176f072f093/0d7f/worker_log.txt
[2022-05-12T15:15:40+0200] [MainThread] [I] [toil.worker] Redirecting logging to /tmp/488e6591b2115774b7b83176f072f093/3015/worker_log.txt
[2022-05-12T15:15:42+0200] [MainThread] [I] [toil.leader] Finished toil run successfully.
[2022-05-12T15:15:42+0200] [MainThread] [I] [toil.common] Successfully deleted the job store: FileJobStore(/tmp/tmp7a_0mouf)
</system-err>
		</testcase>
		<testcase name="Test output arrays in a workflow (with Files)." time="9.956176" class="workflow, expression_tool, inline_javascript" file="workflow_file_array_output" url="cwltest:conformance_tests#173">
			<system-out>{
    &quot;o&quot;: [
        {
            &quot;location&quot;: &quot;file:///tmp/tmptjezngqa/moo&quot;,
            &quot;basename&quot;: &quot;moo&quot;,
            &quot;nameroot&quot;: &quot;moo&quot;,
            &quot;nameext&quot;: &quot;&quot;,
            &quot;class&quot;: &quot;File&quot;,
            &quot;checksum&quot;: &quot;sha1$da39a3ee5e6b4b0d3255bfef95601890afd80709&quot;,
            &quot;size&quot;: 0
        },
        {
            &quot;location&quot;: &quot;file:///tmp/tmptjezngqa/cow&quot;,
            &quot;basename&quot;: &quot;cow&quot;,
            &quot;nameroot&quot;: &quot;cow&quot;,
            &quot;nameext&quot;: &quot;&quot;,
            &quot;class&quot;: &quot;File&quot;,
            &quot;checksum&quot;: &quot;sha1$da39a3ee5e6b4b0d3255bfef95601890afd80709&quot;,
            &quot;size&quot;: 0
        }
    ]
}</system-out>
			<system-err>[2022-05-12T15:15:32+0200] [MainThread] [I] [cwltool] Resolved 'tests/output-arrays-file-wf.cwl' to 'file:///home/michael/cwl-v1.1/tests/output-arrays-file-wf.cwl'
[2022-05-12T15:15:36+0200] [MainThread] [I] [toil.job] Saving graph of 2 jobs, 2 new
[2022-05-12T15:15:36+0200] [MainThread] [I] [toil.job] Processing job 'ResolveIndirect' kind-ResolveIndirect/instance-x4h2v04y v0
[2022-05-12T15:15:36+0200] [MainThread] [I] [toil.job] Processing job 'CWLWorkflow' kind-CWLWorkflow/instance-hye6_zjc v0
[2022-05-12T15:15:36+0200] [MainThread] [I] [toil] Running Toil version 5.6.0-c34146a6437e4407a61e946e968bcce67a0ebbca on host mrc-tux.
[2022-05-12T15:15:37+0200] [MainThread] [I] [toil.worker] Redirecting logging to /tmp/063d5eceb6915352832ee4ae8c967d6b/dc4c/worker_log.txt
[2022-05-12T15:15:37+0200] [MainThread] [I] [toil.leader] 0 jobs are running, 0 jobs are issued and waiting to run
[2022-05-12T15:15:37+0200] [MainThread] [I] [toil.leader] Issued job 'CWLJob' output-arrays-file-wf.cwl.step1._:63f2d1f1-3dd7-42ea-83b3-7687e63a2701 kind-CWLJob/instance-3k87uazy v1 with job batch system ID: 1 and cores: 1, disk: 3.0 Gi, and memory: 2.0 Gi
[2022-05-12T15:15:38+0200] [MainThread] [I] [toil.worker] Redirecting logging to /tmp/063d5eceb6915352832ee4ae8c967d6b/0414/worker_log.txt
[2022-05-12T15:15:39+0200] [MainThread] [I] [toil.worker] Redirecting logging to /tmp/063d5eceb6915352832ee4ae8c967d6b/e520/worker_log.txt
[2022-05-12T15:15:40+0200] [MainThread] [I] [toil.worker] Redirecting logging to /tmp/063d5eceb6915352832ee4ae8c967d6b/2c07/worker_log.txt
[2022-05-12T15:15:41+0200] [MainThread] [I] [toil.leader] Finished toil run successfully.
[2022-05-12T15:15:41+0200] [MainThread] [I] [toil.common] Successfully deleted the job store: FileJobStore(/tmp/tmpyq94s0at)
</system-err>
		</testcase>
		<testcase name="Test Docker ENTRYPOINT usage" time="5.915157" class="command_line_tool, docker" file="docker_entrypoint" url="cwltest:conformance_tests#174">
			<system-out>{
    &quot;cow&quot;: {
        &quot;location&quot;: &quot;file:///tmp/tmpap8ta8o7/cow&quot;,
        &quot;basename&quot;: &quot;cow&quot;,
        &quot;nameroot&quot;: &quot;cow&quot;,
        &quot;nameext&quot;: &quot;&quot;,
        &quot;class&quot;: &quot;File&quot;,
        &quot;checksum&quot;: &quot;sha1$7a788f56fa49ae0ba5ebde780efe4d6a89b5db47&quot;,
        &quot;size&quot;: 4
    }
}</system-out>
			<system-err>[2022-05-12T15:15:36+0200] [MainThread] [I] [cwltool] Resolved 'tests/docker-run-cmd.cwl' to 'file:///home/michael/cwl-v1.1/tests/docker-run-cmd.cwl'
[2022-05-12T15:15:38+0200] [MainThread] [I] [toil.job] Saving graph of 1 jobs, 1 new
[2022-05-12T15:15:38+0200] [MainThread] [I] [toil.job] Processing job 'CWLJob' docker-run-cmd.cwl kind-CWLJob/instance-zlyrbvkn v0
[2022-05-12T15:15:38+0200] [MainThread] [I] [toil] Running Toil version 5.6.0-c34146a6437e4407a61e946e968bcce67a0ebbca on host mrc-tux.
[2022-05-12T15:15:38+0200] [MainThread] [I] [toil.leader] Issued job 'CWLJob' docker-run-cmd.cwl kind-CWLJob/instance-zlyrbvkn v1 with job batch system ID: 0 and cores: 1, disk: 3.0 Gi, and memory: 2.0 Gi
[2022-05-12T15:15:38+0200] [MainThread] [I] [toil.worker] Redirecting logging to /tmp/2c679dbff9bf5b64936aeab5759a8bf8/3c2e/worker_log.txt
[2022-05-12T15:15:40+0200] [MainThread] [I] [toil.leader] 0 jobs are running, 0 jobs are issued and waiting to run
[2022-05-12T15:15:41+0200] [MainThread] [I] [toil.leader] Finished toil run successfully.
[2022-05-12T15:15:41+0200] [MainThread] [I] [toil.common] Successfully deleted the job store: FileJobStore(/tmp/tmp2gw5wb6j)
</system-err>
		</testcase>
		<testcase name="Test use of size in expressions for an empty file" time="5.877396" class="command_line_tool, inline_javascript" file="clt_file_size_property_with_empty_file" url="cwltest:conformance_tests#175">
			<system-out>{
    &quot;output_file&quot;: {
        &quot;location&quot;: &quot;file:///tmp/tmp6jr0znyb/output.txt&quot;,
        &quot;basename&quot;: &quot;output.txt&quot;,
        &quot;nameroot&quot;: &quot;output&quot;,
        &quot;nameext&quot;: &quot;.txt&quot;,
        &quot;class&quot;: &quot;File&quot;,
        &quot;checksum&quot;: &quot;sha1$dad5a8472b87f6c5ef87d8fc6ef1458defc57250&quot;,
        &quot;size&quot;: 11
    }
}</system-out>
			<system-err>[2022-05-12T15:15:40+0200] [MainThread] [I] [cwltool] Resolved 'tests/size-expression-tool.cwl' to 'file:///home/michael/cwl-v1.1/tests/size-expression-tool.cwl'
[2022-05-12T15:15:42+0200] [MainThread] [I] [toil.job] Saving graph of 1 jobs, 1 new
[2022-05-12T15:15:42+0200] [MainThread] [I] [toil.job] Processing job 'CWLJob' size-expression-tool.cwl kind-CWLJob/instance-dt66my_l v0
[2022-05-12T15:15:42+0200] [MainThread] [I] [toil] Running Toil version 5.6.0-c34146a6437e4407a61e946e968bcce67a0ebbca on host mrc-tux.
[2022-05-12T15:15:42+0200] [MainThread] [I] [toil.leader] Issued job 'CWLJob' size-expression-tool.cwl kind-CWLJob/instance-dt66my_l v1 with job batch system ID: 0 and cores: 1, disk: 3.0 Gi, and memory: 2.0 Gi
[2022-05-12T15:15:43+0200] [MainThread] [I] [toil.worker] Redirecting logging to /tmp/5088406e9135530b85f99b6228e179a6/e0af/worker_log.txt
[2022-05-12T15:15:43+0200] [MainThread] [I] [toil.leader] 0 jobs are running, 0 jobs are issued and waiting to run
[2022-05-12T15:15:45+0200] [MainThread] [I] [toil.leader] Finished toil run successfully.
[2022-05-12T15:15:45+0200] [MainThread] [I] [toil.common] Successfully deleted the job store: FileJobStore(/tmp/tmpjtwf_7bj)
</system-err>
		</testcase>
		<testcase name="Test use of size in expressions for a few files" time="4.907541" class="command_line_tool, inline_javascript" file="clt_file_size_property_with_multi_file" url="cwltest:conformance_tests#176">
			<system-out>{
    &quot;output_file&quot;: {
        &quot;location&quot;: &quot;file:///tmp/tmpip54gb9i/output.txt&quot;,
        &quot;basename&quot;: &quot;output.txt&quot;,
        &quot;nameroot&quot;: &quot;output&quot;,
        &quot;nameext&quot;: &quot;.txt&quot;,
        &quot;class&quot;: &quot;File&quot;,
        &quot;checksum&quot;: &quot;sha1$9def39730e8012bd09bf8387648982728501737d&quot;,
        &quot;size&quot;: 31
    }
}</system-out>
			<system-err>[2022-05-12T15:15:41+0200] [MainThread] [I] [cwltool] Resolved 'tests/size-expression-tool.cwl' to 'file:///home/michael/cwl-v1.1/tests/size-expression-tool.cwl'
[2022-05-12T15:15:44+0200] [MainThread] [I] [toil.job] Saving graph of 1 jobs, 1 new
[2022-05-12T15:15:44+0200] [MainThread] [I] [toil.job] Processing job 'CWLJob' size-expression-tool.cwl kind-CWLJob/instance-20agbe9s v0
[2022-05-12T15:15:44+0200] [MainThread] [I] [toil] Running Toil version 5.6.0-c34146a6437e4407a61e946e968bcce67a0ebbca on host mrc-tux.
[2022-05-12T15:15:44+0200] [MainThread] [I] [toil.leader] Issued job 'CWLJob' size-expression-tool.cwl kind-CWLJob/instance-20agbe9s v1 with job batch system ID: 0 and cores: 1, disk: 3.0 Gi, and memory: 2.0 Gi
[2022-05-12T15:15:44+0200] [MainThread] [I] [toil.worker] Redirecting logging to /tmp/610aa6c86d835d3bb03a6a699f8fc1d7/84db/worker_log.txt
[2022-05-12T15:15:45+0200] [MainThread] [I] [toil.leader] 0 jobs are running, 0 jobs are issued and waiting to run
[2022-05-12T15:15:46+0200] [MainThread] [I] [toil.leader] Finished toil run successfully.
[2022-05-12T15:15:46+0200] [MainThread] [I] [toil.common] Successfully deleted the job store: FileJobStore(/tmp/tmpcdbi2ido)
</system-err>
		</testcase>
		<testcase name="Test Any without defaults, unspecified, should fail." time="2.680962" class="command_line_tool, required" file="any_without_defaults_unspecified_fails" url="cwltest:conformance_tests#177">
			<system-err>[2022-05-12T15:15:42+0200] [MainThread] [I] [cwltool] Resolved 'tests/echo-tool.cwl' to 'file:///home/michael/cwl-v1.1/tests/echo-tool.cwl'
Traceback (most recent call last):
  File &quot;/home/michael/common-workflow-language/toil5.6.0/lib/python3.10/site-packages/cwltool/process.py&quot;, line 456, in fill_in_defaults
    raise WorkflowException(
cwltool.errors.WorkflowException: Missing required input parameter 'in'

During handling of the above exception, another exception occurred:

Traceback (most recent call last):
  File &quot;/home/michael/common-workflow-language/toil5.6.0/bin/toil-cwl-runner&quot;, line 8, in &lt;module&gt;
    sys.exit(main())
  File &quot;/home/michael/common-workflow-language/toil5.6.0/lib/python3.10/site-packages/toil/cwl/cwltoil.py&quot;, line 3389, in main
    fill_in_defaults(tool.tool[&quot;inputs&quot;], initialized_job_order, fs_access)
  File &quot;/home/michael/common-workflow-language/toil5.6.0/lib/python3.10/site-packages/cwltool/process.py&quot;, line 447, in fill_in_defaults
    with SourceLine(inputs, e, WorkflowException, debug):
  File &quot;schema_salad/sourceline.py&quot;, line 256, in __exit__
cwltool.errors.WorkflowException: tests/echo-tool.cwl:6:3: Missing required input parameter 'in'
</system-err>
		</testcase>
		<testcase name="Test Any without defaults, specified, should fail." time="2.832589" class="command_line_tool, required" file="any_without_defaults_specified_fails" url="cwltest:conformance_tests#178">
			<system-err>[2022-05-12T15:15:42+0200] [MainThread] [I] [cwltool] Resolved 'tests/echo-tool.cwl' to 'file:///home/michael/cwl-v1.1/tests/echo-tool.cwl'
Traceback (most recent call last):
  File &quot;/home/michael/common-workflow-language/toil5.6.0/lib/python3.10/site-packages/cwltool/process.py&quot;, line 456, in fill_in_defaults
    raise WorkflowException(
cwltool.errors.WorkflowException: Missing required input parameter 'in'

During handling of the above exception, another exception occurred:

Traceback (most recent call last):
  File &quot;/home/michael/common-workflow-language/toil5.6.0/bin/toil-cwl-runner&quot;, line 8, in &lt;module&gt;
    sys.exit(main())
  File &quot;/home/michael/common-workflow-language/toil5.6.0/lib/python3.10/site-packages/toil/cwl/cwltoil.py&quot;, line 3389, in main
    fill_in_defaults(tool.tool[&quot;inputs&quot;], initialized_job_order, fs_access)
  File &quot;/home/michael/common-workflow-language/toil5.6.0/lib/python3.10/site-packages/cwltool/process.py&quot;, line 447, in fill_in_defaults
    with SourceLine(inputs, e, WorkflowException, debug):
  File &quot;schema_salad/sourceline.py&quot;, line 256, in __exit__
cwltool.errors.WorkflowException: tests/echo-tool.cwl:6:3: Missing required input parameter 'in'
</system-err>
		</testcase>
		<testcase name="Test default value on step input parameter, no ExpressionTool" time="8.728842" class="workflow, required" file="step_input_default_value_noexp" url="cwltest:conformance_tests#179">
			<system-out>{
    &quot;wc_output&quot;: {
        &quot;location&quot;: &quot;file:///tmp/tmp9_m54sph/output&quot;,
        &quot;basename&quot;: &quot;output&quot;,
        &quot;nameroot&quot;: &quot;output&quot;,
        &quot;nameext&quot;: &quot;&quot;,
        &quot;class&quot;: &quot;File&quot;,
        &quot;checksum&quot;: &quot;sha1$3596ea087bfdaf52380eae441077572ed289d657&quot;,
        &quot;size&quot;: 3
    }
}</system-out>
			<system-err>[2022-05-12T15:15:45+0200] [MainThread] [I] [cwltool] Resolved 'tests/count-lines9-wf-noET.cwl' to 'file:///home/michael/cwl-v1.1/tests/count-lines9-wf-noET.cwl'
[2022-05-12T15:15:48+0200] [MainThread] [I] [toil.job] Saving graph of 2 jobs, 2 new
[2022-05-12T15:15:48+0200] [MainThread] [I] [toil.job] Processing job 'ResolveIndirect' kind-ResolveIndirect/instance-tucmx32k v0
[2022-05-12T15:15:48+0200] [MainThread] [I] [toil.job] Processing job 'CWLWorkflow' kind-CWLWorkflow/instance-4ftnnjsx v0
[2022-05-12T15:15:48+0200] [MainThread] [I] [toil] Running Toil version 5.6.0-c34146a6437e4407a61e946e968bcce67a0ebbca on host mrc-tux.
[2022-05-12T15:15:48+0200] [MainThread] [I] [toil.worker] Redirecting logging to /tmp/6b7cc4d7a0a85b4d9a45e0a81bb0e9f3/bbe4/worker_log.txt
[2022-05-12T15:15:49+0200] [MainThread] [I] [toil.leader] 0 jobs are running, 0 jobs are issued and waiting to run
[2022-05-12T15:15:49+0200] [MainThread] [I] [toil.leader] Issued job 'CWLJob' count-lines9-wf-noET.cwl.step1.wc-tool.cwl kind-CWLJob/instance-g8lpk1t1 v1 with job batch system ID: 1 and cores: 1, disk: 3.0 Gi, and memory: 2.0 Gi
[2022-05-12T15:15:49+0200] [MainThread] [I] [toil.worker] Redirecting logging to /tmp/6b7cc4d7a0a85b4d9a45e0a81bb0e9f3/1990/worker_log.txt
[2022-05-12T15:15:50+0200] [MainThread] [I] [toil.worker] Redirecting logging to /tmp/6b7cc4d7a0a85b4d9a45e0a81bb0e9f3/0cd3/worker_log.txt
[2022-05-12T15:15:51+0200] [MainThread] [I] [toil.worker] Redirecting logging to /tmp/6b7cc4d7a0a85b4d9a45e0a81bb0e9f3/3a41/worker_log.txt
[2022-05-12T15:15:53+0200] [MainThread] [I] [toil.leader] Finished toil run successfully.
[2022-05-12T15:15:53+0200] [MainThread] [I] [toil.common] Successfully deleted the job store: FileJobStore(/tmp/tmp3q63xvi2)
</system-err>
		</testcase>
		<testcase name="Test default value on step input parameter overridden by provided source, no ExpressionTool" time="8.902421" class="workflow, required" file="step_input_default_value_overriden_noexp" url="cwltest:conformance_tests#180">
			<system-out>{
    &quot;wc_output&quot;: {
        &quot;location&quot;: &quot;file:///tmp/tmp1a5jxjr7/output&quot;,
        &quot;basename&quot;: &quot;output&quot;,
        &quot;nameroot&quot;: &quot;output&quot;,
        &quot;nameext&quot;: &quot;&quot;,
        &quot;class&quot;: &quot;File&quot;,
        &quot;checksum&quot;: &quot;sha1$e5fa44f2b31c1fb553b6021e7360d07d5d91ff5e&quot;,
        &quot;size&quot;: 2
    }
}</system-out>
			<system-err>[2022-05-12T15:15:45+0200] [MainThread] [I] [cwltool] Resolved 'tests/count-lines11-wf-noET.cwl' to 'file:///home/michael/cwl-v1.1/tests/count-lines11-wf-noET.cwl'
[2022-05-12T15:15:48+0200] [MainThread] [W] [cwltool] Workflow checker warning:
tests/count-lines11-wf-noET.cwl:6:3:  Source 'file1' of type [&quot;null&quot;, &quot;File&quot;] may be incompatible
tests/count-lines11-wf-noET.cwl:17:7:   with sink 'file1' of type &quot;File&quot;
[2022-05-12T15:15:48+0200] [MainThread] [I] [toil.job] Saving graph of 2 jobs, 2 new
[2022-05-12T15:15:48+0200] [MainThread] [I] [toil.job] Processing job 'ResolveIndirect' kind-ResolveIndirect/instance-m8gvxz8n v0
[2022-05-12T15:15:48+0200] [MainThread] [I] [toil.job] Processing job 'CWLWorkflow' kind-CWLWorkflow/instance-vv_erv7g v0
[2022-05-12T15:15:48+0200] [MainThread] [I] [toil] Running Toil version 5.6.0-c34146a6437e4407a61e946e968bcce67a0ebbca on host mrc-tux.
[2022-05-12T15:15:49+0200] [MainThread] [I] [toil.worker] Redirecting logging to /tmp/ea217178bc8759ff9a909263f2570804/18ff/worker_log.txt
[2022-05-12T15:15:49+0200] [MainThread] [I] [toil.leader] 0 jobs are running, 0 jobs are issued and waiting to run
[2022-05-12T15:15:49+0200] [MainThread] [I] [toil.leader] Issued job 'CWLJob' count-lines11-wf-noET.cwl.step1.wc-tool.cwl kind-CWLJob/instance-mi8zyqp2 v1 with job batch system ID: 1 and cores: 1, disk: 3.0 Gi, and memory: 2.0 Gi
[2022-05-12T15:15:50+0200] [MainThread] [I] [toil.worker] Redirecting logging to /tmp/ea217178bc8759ff9a909263f2570804/9b90/worker_log.txt
[2022-05-12T15:15:50+0200] [MainThread] [I] [toil.worker] Redirecting logging to /tmp/ea217178bc8759ff9a909263f2570804/7405/worker_log.txt
[2022-05-12T15:15:51+0200] [MainThread] [I] [toil.worker] Redirecting logging to /tmp/ea217178bc8759ff9a909263f2570804/515e/worker_log.txt
[2022-05-12T15:15:53+0200] [MainThread] [I] [toil.leader] Finished toil run successfully.
[2022-05-12T15:15:53+0200] [MainThread] [I] [toil.common] Successfully deleted the job store: FileJobStore(/tmp/tmp5uyrojo1)
</system-err>
		</testcase>
		<testcase name="Test nested workflow, without ExpressionTool" time="10.947689" class="workflow, subworkflow" file="nested_workflow_noexp" url="cwltest:conformance_tests#181">
			<system-out>{
    &quot;wc_output&quot;: {
        &quot;location&quot;: &quot;file:///tmp/tmpc561q9d8/output&quot;,
        &quot;basename&quot;: &quot;output&quot;,
        &quot;nameroot&quot;: &quot;output&quot;,
        &quot;nameext&quot;: &quot;&quot;,
        &quot;class&quot;: &quot;File&quot;,
        &quot;checksum&quot;: &quot;sha1$3596ea087bfdaf52380eae441077572ed289d657&quot;,
        &quot;size&quot;: 3
    }
}</system-out>
			<system-err>[2022-05-12T15:15:46+0200] [MainThread] [I] [cwltool] Resolved 'tests/count-lines8-wf-noET.cwl' to 'file:///home/michael/cwl-v1.1/tests/count-lines8-wf-noET.cwl'
[2022-05-12T15:15:50+0200] [MainThread] [I] [toil.job] Saving graph of 2 jobs, 2 new
[2022-05-12T15:15:50+0200] [MainThread] [I] [toil.job] Processing job 'ResolveIndirect' kind-ResolveIndirect/instance-sr89h799 v0
[2022-05-12T15:15:50+0200] [MainThread] [I] [toil.job] Processing job 'CWLWorkflow' kind-CWLWorkflow/instance-tyvcrbq9 v0
[2022-05-12T15:15:50+0200] [MainThread] [I] [toil] Running Toil version 5.6.0-c34146a6437e4407a61e946e968bcce67a0ebbca on host mrc-tux.
[2022-05-12T15:15:51+0200] [MainThread] [I] [toil.worker] Redirecting logging to /tmp/f5ff9f4aff3b567aa3b51dcbcf0cddaa/3aec/worker_log.txt
[2022-05-12T15:15:51+0200] [MainThread] [I] [toil.leader] 0 jobs are running, 0 jobs are issued and waiting to run
[2022-05-12T15:15:51+0200] [MainThread] [I] [toil.worker] Redirecting logging to /tmp/f5ff9f4aff3b567aa3b51dcbcf0cddaa/e5f2/worker_log.txt
[2022-05-12T15:15:52+0200] [MainThread] [I] [toil.leader] Issued job 'CWLJob' count-lines1-wf-noET.cwl.step1.wc-tool.cwl kind-CWLJob/instance-z8clbbky v1 with job batch system ID: 2 and cores: 1, disk: 3.0 Gi, and memory: 2.0 Gi
[2022-05-12T15:15:52+0200] [MainThread] [I] [toil.worker] Redirecting logging to /tmp/f5ff9f4aff3b567aa3b51dcbcf0cddaa/3ef8/worker_log.txt
[2022-05-12T15:15:53+0200] [MainThread] [I] [toil.worker] Redirecting logging to /tmp/f5ff9f4aff3b567aa3b51dcbcf0cddaa/fff0/worker_log.txt
[2022-05-12T15:15:53+0200] [MainThread] [I] [toil.worker] Redirecting logging to /tmp/f5ff9f4aff3b567aa3b51dcbcf0cddaa/db4c/worker_log.txt
[2022-05-12T15:15:54+0200] [MainThread] [I] [toil.worker] Redirecting logging to /tmp/f5ff9f4aff3b567aa3b51dcbcf0cddaa/dc40/worker_log.txt
[2022-05-12T15:15:55+0200] [MainThread] [I] [toil.worker] Redirecting logging to /tmp/f5ff9f4aff3b567aa3b51dcbcf0cddaa/5cb0/worker_log.txt
[2022-05-12T15:15:56+0200] [MainThread] [I] [toil.leader] Finished toil run successfully.
[2022-05-12T15:15:56+0200] [MainThread] [I] [toil.common] Successfully deleted the job store: FileJobStore(/tmp/tmpblrc6luo)
</system-err>
		</testcase>
		<testcase name="Test step input with multiple sources with multiple types, without ExpressionTool" time="9.002753" class="workflow, step_input, inline_javascript, multiple_input" file="wf_multiplesources_multipletypes_noexp" url="cwltest:conformance_tests#182">
			<system-out>{
    &quot;result&quot;: {
        &quot;location&quot;: &quot;file:///tmp/tmpk3pe20ib/result.txt&quot;,
        &quot;basename&quot;: &quot;result.txt&quot;,
        &quot;nameroot&quot;: &quot;result&quot;,
        &quot;nameext&quot;: &quot;.txt&quot;,
        &quot;class&quot;: &quot;File&quot;,
        &quot;checksum&quot;: &quot;sha1$ad552e6dc057d1d825bf49df79d6b98eba846ebe&quot;,
        &quot;size&quot;: 3
    }
}</system-out>
			<system-err>[2022-05-12T15:15:46+0200] [MainThread] [I] [cwltool] Resolved 'tests/sum-wf-noET.cwl' to 'file:///home/michael/cwl-v1.1/tests/sum-wf-noET.cwl'
[2022-05-12T15:15:50+0200] [MainThread] [I] [toil.job] Saving graph of 2 jobs, 2 new
[2022-05-12T15:15:50+0200] [MainThread] [I] [toil.job] Processing job 'ResolveIndirect' kind-ResolveIndirect/instance-9520ej99 v0
[2022-05-12T15:15:50+0200] [MainThread] [I] [toil.job] Processing job 'CWLWorkflow' kind-CWLWorkflow/instance-xfn9q5l3 v0
[2022-05-12T15:15:50+0200] [MainThread] [I] [toil] Running Toil version 5.6.0-c34146a6437e4407a61e946e968bcce67a0ebbca on host mrc-tux.
[2022-05-12T15:15:50+0200] [MainThread] [I] [toil.worker] Redirecting logging to /tmp/65bb74d9c2dd58039ecd1eb27c29567d/5cb3/worker_log.txt
[2022-05-12T15:15:50+0200] [MainThread] [I] [toil.leader] 0 jobs are running, 0 jobs are issued and waiting to run
[2022-05-12T15:15:50+0200] [MainThread] [I] [toil.leader] Issued job 'CWLJob' sum-wf-noET.cwl.sum._:3a75a63e-6739-4ab0-8400-5279621a45f7 kind-CWLJob/instance-x0kixeic v1 with job batch system ID: 1 and cores: 1, disk: 3.0 Gi, and memory: 2.0 Gi
[2022-05-12T15:15:51+0200] [MainThread] [I] [toil.worker] Redirecting logging to /tmp/65bb74d9c2dd58039ecd1eb27c29567d/7fe4/worker_log.txt
[2022-05-12T15:15:52+0200] [MainThread] [I] [toil.worker] Redirecting logging to /tmp/65bb74d9c2dd58039ecd1eb27c29567d/d09d/worker_log.txt
[2022-05-12T15:15:52+0200] [MainThread] [I] [toil.worker] Redirecting logging to /tmp/65bb74d9c2dd58039ecd1eb27c29567d/3c68/worker_log.txt
[2022-05-12T15:15:55+0200] [MainThread] [I] [toil.leader] Finished toil run successfully.
[2022-05-12T15:15:55+0200] [MainThread] [I] [toil.common] Successfully deleted the job store: FileJobStore(/tmp/tmp5u23wts9)
</system-err>
		</testcase>
		<testcase name="Within a workflow, test accessing the size attribute of an optional input File as part of a CommandLineTool's ResourceRequirement calculation. The CommandLineTool input has a default value (a local file) and the workflow nor the workflow step does not provide any value for this input." time="11.372349" class="workflow, resource" file="dynamic_resreq_wf_optional_file_default" url="cwltest:conformance_tests#183">
			<system-out>{
    &quot;cores&quot;: {
        &quot;location&quot;: &quot;file:///tmp/tmpgfx1luvr/output&quot;,
        &quot;basename&quot;: &quot;output&quot;,
        &quot;nameroot&quot;: &quot;output&quot;,
        &quot;nameext&quot;: &quot;&quot;,
        &quot;class&quot;: &quot;File&quot;,
        &quot;checksum&quot;: &quot;sha1$7448d8798a4380162d4b56f9b452e2f6f9e24e7a&quot;,
        &quot;size&quot;: 2
    }
}</system-out>
			<system-err>[2022-05-12T15:15:54+0200] [MainThread] [I] [cwltool] Resolved 'tests/dynresreq-workflow-tooldefault.cwl' to 'file:///home/michael/cwl-v1.1/tests/dynresreq-workflow-tooldefault.cwl'
[2022-05-12T15:15:57+0200] [MainThread] [W] [cwltool] Workflow checker warning:
tests/dynresreq-workflow-tooldefault.cwl:6:3:  Source 'special_file' of type [&quot;null&quot;, &quot;File&quot;] may
                                               be incompatible
tests/dynresreq-workflow-tooldefault.cwl:15:7:   with sink 'special_file' of type &quot;File&quot;
[2022-05-12T15:15:57+0200] [MainThread] [I] [toil.job] Saving graph of 2 jobs, 2 new
[2022-05-12T15:15:57+0200] [MainThread] [I] [toil.job] Processing job 'ResolveIndirect' kind-ResolveIndirect/instance-o924ihmn v0
[2022-05-12T15:15:57+0200] [MainThread] [I] [toil.job] Processing job 'CWLWorkflow' kind-CWLWorkflow/instance-jhnin0lt v0
[2022-05-12T15:15:57+0200] [MainThread] [I] [toil] Running Toil version 5.6.0-c34146a6437e4407a61e946e968bcce67a0ebbca on host mrc-tux.
[2022-05-12T15:15:58+0200] [MainThread] [I] [toil.worker] Redirecting logging to /tmp/f1a646ea1df45c5a9d99ddcbafdbb0b7/c54c/worker_log.txt
[2022-05-12T15:15:58+0200] [MainThread] [I] [toil.leader] 0 jobs are running, 0 jobs are issued and waiting to run
[2022-05-12T15:15:59+0200] [MainThread] [I] [toil.worker] Redirecting logging to /tmp/f1a646ea1df45c5a9d99ddcbafdbb0b7/adf2/worker_log.txt
[2022-05-12T15:15:59+0200] [MainThread] [I] [toil.leader] Issued job 'CWLJob' dynresreq-workflow-tooldefault.cwl.count.dynresreq-default.cwl kind-CWLJob/instance-3co8cxt4 v1 with job batch system ID: 2 and cores: 2, disk: 2.0 Gi, and memory: 256.0 Mi
[2022-05-12T15:16:00+0200] [MainThread] [I] [toil.worker] Redirecting logging to /tmp/f1a646ea1df45c5a9d99ddcbafdbb0b7/abf8/worker_log.txt
[2022-05-12T15:16:00+0200] [MainThread] [I] [toil.leader] Issued job 'CWLJob' dynresreq-workflow-tooldefault.cwl.report.cat-tool.cwl kind-CWLJob/instance-6u87dvj9 v1 with job batch system ID: 3 and cores: 1, disk: 3.0 Gi, and memory: 2.0 Gi
[2022-05-12T15:16:00+0200] [MainThread] [I] [toil.worker] Redirecting logging to /tmp/f1a646ea1df45c5a9d99ddcbafdbb0b7/9396/worker_log.txt
[2022-05-12T15:16:01+0200] [MainThread] [I] [toil.worker] Redirecting logging to /tmp/f1a646ea1df45c5a9d99ddcbafdbb0b7/c543/worker_log.txt
[2022-05-12T15:16:02+0200] [MainThread] [I] [toil.worker] Redirecting logging to /tmp/f1a646ea1df45c5a9d99ddcbafdbb0b7/a59b/worker_log.txt
[2022-05-12T15:16:03+0200] [MainThread] [I] [toil.worker] Redirecting logging to /tmp/f1a646ea1df45c5a9d99ddcbafdbb0b7/35bf/worker_log.txt
[2022-05-12T15:16:04+0200] [MainThread] [I] [toil.leader] Finished toil run successfully.
[2022-05-12T15:16:04+0200] [MainThread] [I] [toil.common] Successfully deleted the job store: FileJobStore(/tmp/tmp75s2r85g)
</system-err>
		</testcase>
		<testcase name="Within a workflow, test accessing the size attribute of an optional input File as part of a CommandLineTool's ResourceRequirement calculation. The workflow step provides a default value (a local file) for this input and the workflow itself does not provide any value for this input." time="11.472744" class="workflow, resource" file="dynamic_resreq_wf_optional_file_step_default" url="cwltest:conformance_tests#184">
			<system-out>{
    &quot;cores&quot;: {
        &quot;location&quot;: &quot;file:///tmp/tmpza32g4f2/output&quot;,
        &quot;basename&quot;: &quot;output&quot;,
        &quot;nameroot&quot;: &quot;output&quot;,
        &quot;nameext&quot;: &quot;&quot;,
        &quot;class&quot;: &quot;File&quot;,
        &quot;checksum&quot;: &quot;sha1$7448d8798a4380162d4b56f9b452e2f6f9e24e7a&quot;,
        &quot;size&quot;: 2
    }
}</system-out>
			<system-err>[2022-05-12T15:15:54+0200] [MainThread] [I] [cwltool] Resolved 'tests/dynresreq-workflow-stepdefault.cwl' to 'file:///home/michael/cwl-v1.1/tests/dynresreq-workflow-stepdefault.cwl'
[2022-05-12T15:15:58+0200] [MainThread] [W] [cwltool] Workflow checker warning:
tests/dynresreq-workflow-stepdefault.cwl:6:3:  Source 'special_file' of type [&quot;null&quot;, &quot;File&quot;] may
                                               be incompatible
tests/dynresreq-workflow-stepdefault.cwl:15:7:   with sink 'special_file' of type &quot;File&quot;
[2022-05-12T15:15:58+0200] [MainThread] [I] [toil.job] Saving graph of 2 jobs, 2 new
[2022-05-12T15:15:58+0200] [MainThread] [I] [toil.job] Processing job 'ResolveIndirect' kind-ResolveIndirect/instance-50vaefsm v0
[2022-05-12T15:15:58+0200] [MainThread] [I] [toil.job] Processing job 'CWLWorkflow' kind-CWLWorkflow/instance-3oviqmei v0
[2022-05-12T15:15:58+0200] [MainThread] [I] [toil] Running Toil version 5.6.0-c34146a6437e4407a61e946e968bcce67a0ebbca on host mrc-tux.
[2022-05-12T15:15:58+0200] [MainThread] [I] [toil.worker] Redirecting logging to /tmp/60def2f822ad5ad1ab125851f64d92e6/5f1b/worker_log.txt
[2022-05-12T15:15:59+0200] [MainThread] [I] [toil.leader] 0 jobs are running, 0 jobs are issued and waiting to run
[2022-05-12T15:15:59+0200] [MainThread] [I] [toil.worker] Redirecting logging to /tmp/60def2f822ad5ad1ab125851f64d92e6/0b13/worker_log.txt
[2022-05-12T15:15:59+0200] [MainThread] [I] [toil.leader] Issued job 'CWLJob' dynresreq-workflow-stepdefault.cwl.count.dynresreq.cwl kind-CWLJob/instance-p3wskg1_ v1 with job batch system ID: 2 and cores: 2, disk: 2.0 Gi, and memory: 256.0 Mi
[2022-05-12T15:16:00+0200] [MainThread] [I] [toil.worker] Redirecting logging to /tmp/60def2f822ad5ad1ab125851f64d92e6/c802/worker_log.txt
[2022-05-12T15:16:00+0200] [MainThread] [I] [toil.leader] Issued job 'CWLJob' dynresreq-workflow-stepdefault.cwl.report.cat-tool.cwl kind-CWLJob/instance-ugv03edy v1 with job batch system ID: 3 and cores: 1, disk: 3.0 Gi, and memory: 2.0 Gi
[2022-05-12T15:16:01+0200] [MainThread] [I] [toil.worker] Redirecting logging to /tmp/60def2f822ad5ad1ab125851f64d92e6/a5ad/worker_log.txt
[2022-05-12T15:16:02+0200] [MainThread] [I] [toil.worker] Redirecting logging to /tmp/60def2f822ad5ad1ab125851f64d92e6/9948/worker_log.txt
[2022-05-12T15:16:02+0200] [MainThread] [I] [toil.worker] Redirecting logging to /tmp/60def2f822ad5ad1ab125851f64d92e6/788b/worker_log.txt
[2022-05-12T15:16:03+0200] [MainThread] [I] [toil.worker] Redirecting logging to /tmp/60def2f822ad5ad1ab125851f64d92e6/d062/worker_log.txt
[2022-05-12T15:16:05+0200] [MainThread] [I] [toil.leader] Finished toil run successfully.
[2022-05-12T15:16:05+0200] [MainThread] [I] [toil.common] Successfully deleted the job store: FileJobStore(/tmp/tmpldbnw23l)
</system-err>
		</testcase>
		<testcase name="Within a workflow, test accessing the size attribute of an optional input File as part of a CommandLineTool's ResourceRequirement calculation. The workflow itelf provides a default value (a local file) for this input." time="11.799221" class="workflow, resource" file="dynamic_resreq_wf_optional_file_wf_default" url="cwltest:conformance_tests#185">
			<system-out>{
    &quot;cores&quot;: {
        &quot;location&quot;: &quot;file:///tmp/tmpdy9xmti9/output&quot;,
        &quot;basename&quot;: &quot;output&quot;,
        &quot;nameroot&quot;: &quot;output&quot;,
        &quot;nameext&quot;: &quot;&quot;,
        &quot;class&quot;: &quot;File&quot;,
        &quot;checksum&quot;: &quot;sha1$7448d8798a4380162d4b56f9b452e2f6f9e24e7a&quot;,
        &quot;size&quot;: 2
    }
}</system-out>
			<system-err>[2022-05-12T15:15:55+0200] [MainThread] [I] [cwltool] Resolved 'tests/dynresreq-workflow-inputdefault.cwl' to 'file:///home/michael/cwl-v1.1/tests/dynresreq-workflow-inputdefault.cwl'
[2022-05-12T15:15:59+0200] [MainThread] [I] [toil.job] Saving graph of 2 jobs, 2 new
[2022-05-12T15:15:59+0200] [MainThread] [I] [toil.job] Processing job 'ResolveIndirect' kind-ResolveIndirect/instance-g4g3qk0j v0
[2022-05-12T15:15:59+0200] [MainThread] [I] [toil.job] Processing job 'CWLWorkflow' kind-CWLWorkflow/instance-6iddomej v0
[2022-05-12T15:15:59+0200] [MainThread] [I] [toil] Running Toil version 5.6.0-c34146a6437e4407a61e946e968bcce67a0ebbca on host mrc-tux.
[2022-05-12T15:16:00+0200] [MainThread] [I] [toil.worker] Redirecting logging to /tmp/1a724fb627e856e6b6fbefd5621c73a7/d08d/worker_log.txt
[2022-05-12T15:16:00+0200] [MainThread] [I] [toil.leader] 0 jobs are running, 0 jobs are issued and waiting to run
[2022-05-12T15:16:01+0200] [MainThread] [I] [toil.worker] Redirecting logging to /tmp/1a724fb627e856e6b6fbefd5621c73a7/3b7f/worker_log.txt
[2022-05-12T15:16:01+0200] [MainThread] [I] [toil.leader] Issued job 'CWLJob' dynresreq-workflow-inputdefault.cwl.count.dynresreq.cwl kind-CWLJob/instance-smdr48l5 v1 with job batch system ID: 2 and cores: 2, disk: 2.0 Gi, and memory: 256.0 Mi
[2022-05-12T15:16:02+0200] [MainThread] [I] [toil.worker] Redirecting logging to /tmp/1a724fb627e856e6b6fbefd5621c73a7/2418/worker_log.txt
[2022-05-12T15:16:02+0200] [MainThread] [I] [toil.leader] Issued job 'CWLJob' dynresreq-workflow-inputdefault.cwl.report.cat-tool.cwl kind-CWLJob/instance-z9anch93 v1 with job batch system ID: 3 and cores: 1, disk: 3.0 Gi, and memory: 2.0 Gi
[2022-05-12T15:16:02+0200] [MainThread] [I] [toil.worker] Redirecting logging to /tmp/1a724fb627e856e6b6fbefd5621c73a7/5d8e/worker_log.txt
[2022-05-12T15:16:03+0200] [MainThread] [I] [toil.worker] Redirecting logging to /tmp/1a724fb627e856e6b6fbefd5621c73a7/d53e/worker_log.txt
[2022-05-12T15:16:04+0200] [MainThread] [I] [toil.worker] Redirecting logging to /tmp/1a724fb627e856e6b6fbefd5621c73a7/bc20/worker_log.txt
[2022-05-12T15:16:05+0200] [MainThread] [I] [toil.worker] Redirecting logging to /tmp/1a724fb627e856e6b6fbefd5621c73a7/bb97/worker_log.txt
[2022-05-12T15:16:06+0200] [MainThread] [I] [toil.leader] Finished toil run successfully.
[2022-05-12T15:16:06+0200] [MainThread] [I] [toil.common] Successfully deleted the job store: FileJobStore(/tmp/tmpt5vxzwys)
</system-err>
		</testcase>
		<testcase name="Test default value on step input parameter overridden by provided source. With passthrough first step" time="11.785161" class="workflow, inline_javascript" file="step_input_default_value_overriden_2nd_step" url="cwltest:conformance_tests#186">
			<system-out>{
    &quot;count_output&quot;: 1
}</system-out>
			<system-err>[2022-05-12T15:15:57+0200] [MainThread] [I] [cwltool] Resolved 'tests/count-lines11-extra-step-wf.cwl' to 'file:///home/michael/cwl-v1.1/tests/count-lines11-extra-step-wf.cwl'
[2022-05-12T15:16:03+0200] [MainThread] [W] [cwltool] Workflow checker warning:
tests/count-lines11-extra-step-wf.cwl:6:3:  Source 'file1' of type [&quot;null&quot;, &quot;File&quot;] may be
                                            incompatible
tests/count-lines11-extra-step-wf.cwl:17:7:   with sink 'file1' of type &quot;File&quot;
[2022-05-12T15:16:03+0200] [MainThread] [I] [toil.job] Saving graph of 2 jobs, 2 new
[2022-05-12T15:16:03+0200] [MainThread] [I] [toil.job] Processing job 'ResolveIndirect' kind-ResolveIndirect/instance-orws6b0j v0
[2022-05-12T15:16:03+0200] [MainThread] [I] [toil.job] Processing job 'CWLWorkflow' kind-CWLWorkflow/instance-2due9yd9 v0
[2022-05-12T15:16:03+0200] [MainThread] [I] [toil] Running Toil version 5.6.0-c34146a6437e4407a61e946e968bcce67a0ebbca on host mrc-tux.
[2022-05-12T15:16:03+0200] [MainThread] [I] [toil.worker] Redirecting logging to /tmp/00694d0837f150f7b51a86feadaa0293/c7ec/worker_log.txt
[2022-05-12T15:16:04+0200] [MainThread] [I] [toil.leader] 0 jobs are running, 0 jobs are issued and waiting to run
[2022-05-12T15:16:04+0200] [MainThread] [I] [toil.leader] Issued job 'CWLJob' count-lines11-extra-step-wf.cwl.step0.cat-tool.cwl kind-CWLJob/instance-oib1x5qn v1 with job batch system ID: 1 and cores: 1, disk: 3.0 Gi, and memory: 2.0 Gi
[2022-05-12T15:16:04+0200] [MainThread] [I] [toil.worker] Redirecting logging to /tmp/00694d0837f150f7b51a86feadaa0293/595e/worker_log.txt
[2022-05-12T15:16:05+0200] [MainThread] [I] [toil.worker] Redirecting logging to /tmp/00694d0837f150f7b51a86feadaa0293/710a/worker_log.txt
[2022-05-12T15:16:06+0200] [MainThread] [I] [toil.worker] Redirecting logging to /tmp/00694d0837f150f7b51a86feadaa0293/6276/worker_log.txt
[2022-05-12T15:16:08+0200] [MainThread] [I] [toil.leader] Finished toil run successfully.
[2022-05-12T15:16:08+0200] [MainThread] [I] [toil.common] Successfully deleted the job store: FileJobStore(/tmp/tmp7wo8hx_k)
</system-err>
		</testcase>
		<testcase name="Test default value on step input parameter overridden by provided source. With passthrough first step and no ExpressionTool" time="9.714454" class="workflow, required" file="step_input_default_value_overriden_2nd_step_noexp" url="cwltest:conformance_tests#187">
			<system-out>{
    &quot;wc_output&quot;: {
        &quot;location&quot;: &quot;file:///tmp/tmpxex7tjle/output&quot;,
        &quot;basename&quot;: &quot;output&quot;,
        &quot;nameroot&quot;: &quot;output&quot;,
        &quot;nameext&quot;: &quot;&quot;,
        &quot;class&quot;: &quot;File&quot;,
        &quot;checksum&quot;: &quot;sha1$e5fa44f2b31c1fb553b6021e7360d07d5d91ff5e&quot;,
        &quot;size&quot;: 2
    }
}</system-out>
			<system-err>[2022-05-12T15:16:05+0200] [MainThread] [I] [cwltool] Resolved 'tests/count-lines11-extra-step-wf-noET.cwl' to 'file:///home/michael/cwl-v1.1/tests/count-lines11-extra-step-wf-noET.cwl'
[2022-05-12T15:16:09+0200] [MainThread] [W] [cwltool] Workflow checker warning:
tests/count-lines11-extra-step-wf-noET.cwl:6:3:  Source 'file1' of type [&quot;null&quot;, &quot;File&quot;] may be
                                                 incompatible
tests/count-lines11-extra-step-wf-noET.cwl:17:7:   with sink 'file1' of type &quot;File&quot;
[2022-05-12T15:16:09+0200] [MainThread] [I] [toil.job] Saving graph of 2 jobs, 2 new
[2022-05-12T15:16:09+0200] [MainThread] [I] [toil.job] Processing job 'ResolveIndirect' kind-ResolveIndirect/instance-kd43egkk v0
[2022-05-12T15:16:09+0200] [MainThread] [I] [toil.job] Processing job 'CWLWorkflow' kind-CWLWorkflow/instance-1b6_g5wb v0
[2022-05-12T15:16:09+0200] [MainThread] [I] [toil] Running Toil version 5.6.0-c34146a6437e4407a61e946e968bcce67a0ebbca on host mrc-tux.
[2022-05-12T15:16:09+0200] [MainThread] [I] [toil.worker] Redirecting logging to /tmp/d4d5ec9efa89533d8f6254622da6c6d7/20a3/worker_log.txt
[2022-05-12T15:16:10+0200] [MainThread] [I] [toil.leader] 0 jobs are running, 0 jobs are issued and waiting to run
[2022-05-12T15:16:10+0200] [MainThread] [I] [toil.leader] Issued job 'CWLJob' count-lines11-extra-step-wf-noET.cwl.step0.cat-tool.cwl kind-CWLJob/instance-f62h7_h0 v1 with job batch system ID: 1 and cores: 1, disk: 3.0 Gi, and memory: 2.0 Gi
[2022-05-12T15:16:10+0200] [MainThread] [I] [toil.worker] Redirecting logging to /tmp/d4d5ec9efa89533d8f6254622da6c6d7/62b1/worker_log.txt
[2022-05-12T15:16:11+0200] [MainThread] [I] [toil.worker] Redirecting logging to /tmp/d4d5ec9efa89533d8f6254622da6c6d7/6429/worker_log.txt
[2022-05-12T15:16:12+0200] [MainThread] [I] [toil.worker] Redirecting logging to /tmp/d4d5ec9efa89533d8f6254622da6c6d7/f856/worker_log.txt
[2022-05-12T15:16:14+0200] [MainThread] [I] [toil.leader] Finished toil run successfully.
[2022-05-12T15:16:14+0200] [MainThread] [I] [toil.common] Successfully deleted the job store: FileJobStore(/tmp/tmpbj2kudxe)
</system-err>
		</testcase>
		<testcase name="Test default value on step input parameter overridden by provided source. With null producing first step" time="11.512354" class="workflow, inline_javascript" file="step_input_default_value_overriden_2nd_step_null" url="cwltest:conformance_tests#188">
			<system-out>{
    &quot;count_output&quot;: 16
}</system-out>
			<system-err>[2022-05-12T15:16:06+0200] [MainThread] [I] [cwltool] Resolved 'tests/count-lines11-null-step-wf.cwl' to 'file:///home/michael/cwl-v1.1/tests/count-lines11-null-step-wf.cwl'
[2022-05-12T15:16:11+0200] [MainThread] [I] [toil.job] Saving graph of 2 jobs, 2 new
[2022-05-12T15:16:11+0200] [MainThread] [I] [toil.job] Processing job 'ResolveIndirect' kind-ResolveIndirect/instance-xskix504 v0
[2022-05-12T15:16:11+0200] [MainThread] [I] [toil.job] Processing job 'CWLWorkflow' kind-CWLWorkflow/instance-f26l__g7 v0
[2022-05-12T15:16:11+0200] [MainThread] [I] [toil] Running Toil version 5.6.0-c34146a6437e4407a61e946e968bcce67a0ebbca on host mrc-tux.
[2022-05-12T15:16:12+0200] [MainThread] [I] [toil.worker] Redirecting logging to /tmp/521cd12ea04c5d959288dcbc87490668/3ceb/worker_log.txt
[2022-05-12T15:16:12+0200] [MainThread] [I] [toil.leader] 0 jobs are running, 0 jobs are issued and waiting to run
[2022-05-12T15:16:12+0200] [MainThread] [I] [toil.leader] Issued job 'CWLJob' count-lines11-null-step-wf.cwl.step0.null-expression3-tool.cwl kind-CWLJob/instance-5njluzyz v1 with job batch system ID: 1 and cores: 1, disk: 3.0 Gi, and memory: 2.0 Gi
[2022-05-12T15:16:13+0200] [MainThread] [I] [toil.worker] Redirecting logging to /tmp/521cd12ea04c5d959288dcbc87490668/376c/worker_log.txt
[2022-05-12T15:16:14+0200] [MainThread] [I] [toil.worker] Redirecting logging to /tmp/521cd12ea04c5d959288dcbc87490668/35a7/worker_log.txt
[2022-05-12T15:16:14+0200] [MainThread] [I] [toil.worker] Redirecting logging to /tmp/521cd12ea04c5d959288dcbc87490668/c2c2/worker_log.txt
[2022-05-12T15:16:16+0200] [MainThread] [I] [toil.leader] Finished toil run successfully.
[2022-05-12T15:16:16+0200] [MainThread] [I] [toil.common] Successfully deleted the job store: FileJobStore(/tmp/tmpqjkhsn9z)
</system-err>
		</testcase>
		<testcase name="Test default value on step input parameter overridden by provided source. With null producing first step and no ExpressionTool" time="10.519207" class="workflow, required" file="step_input_default_value_overriden_2nd_step_null_noexp" url="cwltest:conformance_tests#189">
			<system-out>{
    &quot;wc_output&quot;: {
        &quot;location&quot;: &quot;file:///tmp/tmp8w425sn6/output&quot;,
        &quot;basename&quot;: &quot;output&quot;,
        &quot;nameroot&quot;: &quot;output&quot;,
        &quot;nameext&quot;: &quot;&quot;,
        &quot;class&quot;: &quot;File&quot;,
        &quot;checksum&quot;: &quot;sha1$3596ea087bfdaf52380eae441077572ed289d657&quot;,
        &quot;size&quot;: 3
    }
}</system-out>
			<system-err>[2022-05-12T15:16:07+0200] [MainThread] [I] [cwltool] Resolved 'tests/count-lines11-null-step-wf-noET.cwl' to 'file:///home/michael/cwl-v1.1/tests/count-lines11-null-step-wf-noET.cwl'
[2022-05-12T15:16:12+0200] [MainThread] [I] [toil.job] Saving graph of 2 jobs, 2 new
[2022-05-12T15:16:12+0200] [MainThread] [I] [toil.job] Processing job 'ResolveIndirect' kind-ResolveIndirect/instance-tfmy4nbk v0
[2022-05-12T15:16:12+0200] [MainThread] [I] [toil.job] Processing job 'CWLWorkflow' kind-CWLWorkflow/instance-xu0t6rxy v0
[2022-05-12T15:16:12+0200] [MainThread] [I] [toil] Running Toil version 5.6.0-c34146a6437e4407a61e946e968bcce67a0ebbca on host mrc-tux.
[2022-05-12T15:16:12+0200] [MainThread] [I] [toil.worker] Redirecting logging to /tmp/c72d5f5339785748bbb12cf8b33466f3/57b8/worker_log.txt
[2022-05-12T15:16:13+0200] [MainThread] [I] [toil.leader] 0 jobs are running, 0 jobs are issued and waiting to run
[2022-05-12T15:16:13+0200] [MainThread] [I] [toil.leader] Issued job 'CWLJob' count-lines11-null-step-wf-noET.cwl.step0.null-expression3-tool.cwl kind-CWLJob/instance-iqe8i656 v1 with job batch system ID: 1 and cores: 1, disk: 3.0 Gi, and memory: 2.0 Gi
[2022-05-12T15:16:13+0200] [MainThread] [I] [toil.worker] Redirecting logging to /tmp/c72d5f5339785748bbb12cf8b33466f3/55c5/worker_log.txt
[2022-05-12T15:16:14+0200] [MainThread] [I] [toil.worker] Redirecting logging to /tmp/c72d5f5339785748bbb12cf8b33466f3/e31a/worker_log.txt
[2022-05-12T15:16:15+0200] [MainThread] [I] [toil.worker] Redirecting logging to /tmp/c72d5f5339785748bbb12cf8b33466f3/6ce6/worker_log.txt
[2022-05-12T15:16:17+0200] [MainThread] [I] [toil.leader] Finished toil run successfully.
[2022-05-12T15:16:17+0200] [MainThread] [I] [toil.common] Successfully deleted the job store: FileJobStore(/tmp/tmp52k_taal)
</system-err>
		</testcase>
		<testcase name="Pipe to stdin from user provided local File via a Directory literal" time="5.202241" class="command_line_tool, required" file="stdin_from_directory_literal_with_local_file" url="cwltest:conformance_tests#190">
			<system-out>{
    &quot;output&quot;: {
        &quot;location&quot;: &quot;file:///tmp/tmp3wv_4z8d/92936c3189f6e837b1647795f64899d4c6a1bfc9&quot;,
        &quot;basename&quot;: &quot;92936c3189f6e837b1647795f64899d4c6a1bfc9&quot;,
        &quot;nameroot&quot;: &quot;92936c3189f6e837b1647795f64899d4c6a1bfc9&quot;,
        &quot;nameext&quot;: &quot;&quot;,
        &quot;class&quot;: &quot;File&quot;,
        &quot;checksum&quot;: &quot;sha1$47a013e660d408619d894b20806b1d5086aab03b&quot;,
        &quot;size&quot;: 13
    }
}</system-out>
			<system-err>[2022-05-12T15:16:09+0200] [MainThread] [I] [cwltool] Resolved 'tests/cat-from-dir.cwl' to 'file:///home/michael/cwl-v1.1/tests/cat-from-dir.cwl'
[2022-05-12T15:16:11+0200] [MainThread] [I] [toil.job] Saving graph of 1 jobs, 1 new
[2022-05-12T15:16:11+0200] [MainThread] [I] [toil.job] Processing job 'CWLJob' cat-from-dir.cwl kind-CWLJob/instance-jmt_lwp2 v0
[2022-05-12T15:16:11+0200] [MainThread] [I] [toil] Running Toil version 5.6.0-c34146a6437e4407a61e946e968bcce67a0ebbca on host mrc-tux.
[2022-05-12T15:16:11+0200] [MainThread] [I] [toil.leader] Issued job 'CWLJob' cat-from-dir.cwl kind-CWLJob/instance-jmt_lwp2 v1 with job batch system ID: 0 and cores: 1, disk: 3.0 Gi, and memory: 2.0 Gi
[2022-05-12T15:16:12+0200] [MainThread] [I] [toil.worker] Redirecting logging to /tmp/79f1e800667156bd999ec30286031eea/1f92/worker_log.txt
[2022-05-12T15:16:12+0200] [MainThread] [I] [toil.leader] 0 jobs are running, 0 jobs are issued and waiting to run
[2022-05-12T15:16:13+0200] [MainThread] [I] [toil.leader] Finished toil run successfully.
[2022-05-12T15:16:13+0200] [MainThread] [I] [toil.common] Successfully deleted the job store: FileJobStore(/tmp/tmpijilep0y)
</system-err>
		</testcase>
		<testcase name="Pipe to stdin from literal File via a Directory literal" time="4.865620" class="command_line_tool, required" file="stdin_from_directory_literal_with_literal_file" url="cwltest:conformance_tests#191">
			<system-out>{
    &quot;output&quot;: {
        &quot;location&quot;: &quot;file:///tmp/tmp2yulzlh6/92936c3189f6e837b1647795f64899d4c6a1bfc9&quot;,
        &quot;basename&quot;: &quot;92936c3189f6e837b1647795f64899d4c6a1bfc9&quot;,
        &quot;nameroot&quot;: &quot;92936c3189f6e837b1647795f64899d4c6a1bfc9&quot;,
        &quot;nameext&quot;: &quot;&quot;,
        &quot;class&quot;: &quot;File&quot;,
        &quot;checksum&quot;: &quot;sha1$ef88e689559565999700d6fea7cf7ba306d04360&quot;,
        &quot;size&quot;: 26
    }
}</system-out>
			<system-err>[2022-05-12T15:16:14+0200] [MainThread] [I] [cwltool] Resolved 'tests/cat-from-dir.cwl' to 'file:///home/michael/cwl-v1.1/tests/cat-from-dir.cwl'
[2022-05-12T15:16:16+0200] [MainThread] [I] [toil.job] Saving graph of 1 jobs, 1 new
[2022-05-12T15:16:16+0200] [MainThread] [I] [toil.job] Processing job 'CWLJob' cat-from-dir.cwl kind-CWLJob/instance-7zcq8tq6 v0
[2022-05-12T15:16:16+0200] [MainThread] [I] [toil] Running Toil version 5.6.0-c34146a6437e4407a61e946e968bcce67a0ebbca on host mrc-tux.
[2022-05-12T15:16:16+0200] [MainThread] [I] [toil.leader] Issued job 'CWLJob' cat-from-dir.cwl kind-CWLJob/instance-7zcq8tq6 v1 with job batch system ID: 0 and cores: 1, disk: 3.0 Gi, and memory: 2.0 Gi
[2022-05-12T15:16:16+0200] [MainThread] [I] [toil.worker] Redirecting logging to /tmp/a9aa09e83be6535fa36fbf21e3ed291c/bdce/worker_log.txt
[2022-05-12T15:16:17+0200] [MainThread] [I] [toil.leader] 0 jobs are running, 0 jobs are issued and waiting to run
[2022-05-12T15:16:18+0200] [MainThread] [I] [toil.leader] Finished toil run successfully.
[2022-05-12T15:16:18+0200] [MainThread] [I] [toil.common] Successfully deleted the job store: FileJobStore(/tmp/tmppdk81yat)
</system-err>
		</testcase>
		<testcase name="Test non-stdin reference to literal File via a Directory literal" time="4.919912" class="command_line_tool, required" file="directory_literal_with_literal_file_nostdin" url="cwltest:conformance_tests#192">
			<system-out>{
    &quot;output_file&quot;: {
        &quot;location&quot;: &quot;file:///tmp/tmpg9m_i959/output.txt&quot;,
        &quot;basename&quot;: &quot;output.txt&quot;,
        &quot;nameroot&quot;: &quot;output&quot;,
        &quot;nameext&quot;: &quot;.txt&quot;,
        &quot;class&quot;: &quot;File&quot;,
        &quot;checksum&quot;: &quot;sha1$ef88e689559565999700d6fea7cf7ba306d04360&quot;,
        &quot;size&quot;: 26
    }
}</system-out>
			<system-err>[2022-05-12T15:16:15+0200] [MainThread] [I] [cwltool] Resolved 'tests/cat3-from-dir.cwl' to 'file:///home/michael/cwl-v1.1/tests/cat3-from-dir.cwl'
[2022-05-12T15:16:17+0200] [MainThread] [I] [toil.job] Saving graph of 1 jobs, 1 new
[2022-05-12T15:16:17+0200] [MainThread] [I] [toil.job] Processing job 'CWLJob' cat3-from-dir.cwl kind-CWLJob/instance-5jk_gix0 v0
[2022-05-12T15:16:17+0200] [MainThread] [I] [toil] Running Toil version 5.6.0-c34146a6437e4407a61e946e968bcce67a0ebbca on host mrc-tux.
[2022-05-12T15:16:17+0200] [MainThread] [I] [toil.leader] Issued job 'CWLJob' cat3-from-dir.cwl kind-CWLJob/instance-5jk_gix0 v1 with job batch system ID: 0 and cores: 1, disk: 3.0 Gi, and memory: 2.0 Gi
[2022-05-12T15:16:17+0200] [MainThread] [I] [toil.worker] Redirecting logging to /tmp/c5ec3aade69b5127a79f800fb4393a6a/8c1d/worker_log.txt
[2022-05-12T15:16:18+0200] [MainThread] [I] [toil.leader] 0 jobs are running, 0 jobs are issued and waiting to run
[2022-05-12T15:16:19+0200] [MainThread] [I] [toil.leader] Finished toil run successfully.
[2022-05-12T15:16:19+0200] [MainThread] [I] [toil.common] Successfully deleted the job store: FileJobStore(/tmp/tmp5sbfmu30)
</system-err>
		</testcase>
		<testcase name="Test CommandLineTool without inputs" time="5.607389" class="command_line_tool, required" file="no_inputs_commandlinetool" url="cwltest:conformance_tests#193">
			<system-out>{
    &quot;output&quot;: {
        &quot;location&quot;: &quot;file:///tmp/tmpm5c1uy11/output&quot;,
        &quot;basename&quot;: &quot;output&quot;,
        &quot;nameroot&quot;: &quot;output&quot;,
        &quot;nameext&quot;: &quot;&quot;,
        &quot;class&quot;: &quot;File&quot;,
        &quot;checksum&quot;: &quot;sha1$1334e67fe9eb70db8ae14ccfa6cfb59e2cc24eae&quot;,
        &quot;size&quot;: 4
    }
}</system-out>
			<system-err>[2022-05-12T15:16:17+0200] [MainThread] [I] [cwltool] Resolved 'tests/no-inputs-tool.cwl' to 'file:///home/michael/cwl-v1.1/tests/no-inputs-tool.cwl'
[2022-05-12T15:16:19+0200] [MainThread] [I] [toil.job] Saving graph of 1 jobs, 1 new
[2022-05-12T15:16:19+0200] [MainThread] [I] [toil.job] Processing job 'CWLJob' no-inputs-tool.cwl kind-CWLJob/instance-uu4b1pbp v0
[2022-05-12T15:16:19+0200] [MainThread] [I] [toil] Running Toil version 5.6.0-c34146a6437e4407a61e946e968bcce67a0ebbca on host mrc-tux.
[2022-05-12T15:16:19+0200] [MainThread] [I] [toil.leader] Issued job 'CWLJob' no-inputs-tool.cwl kind-CWLJob/instance-uu4b1pbp v1 with job batch system ID: 0 and cores: 1, disk: 3.0 Gi, and memory: 2.0 Gi
[2022-05-12T15:16:19+0200] [MainThread] [I] [toil.worker] Redirecting logging to /tmp/8b047054733250c4b6eb2b06d731e7bc/0efd/worker_log.txt
[2022-05-12T15:16:21+0200] [MainThread] [I] [toil.leader] 0 jobs are running, 0 jobs are issued and waiting to run
[2022-05-12T15:16:22+0200] [MainThread] [I] [toil.leader] Finished toil run successfully.
[2022-05-12T15:16:22+0200] [MainThread] [I] [toil.common] Successfully deleted the job store: FileJobStore(/tmp/tmp19h95e9x)
</system-err>
		</testcase>
		<testcase name="Test CommandLineTool without outputs" time="5.724624" class="command_line_tool, required" file="no_outputs_commandlinetool" url="cwltest:conformance_tests#194">
			<system-out>{}</system-out>
			<system-err>[2022-05-12T15:16:18+0200] [MainThread] [I] [cwltool] Resolved 'tests/no-outputs-tool.cwl' to 'file:///home/michael/cwl-v1.1/tests/no-outputs-tool.cwl'
[2022-05-12T15:16:20+0200] [MainThread] [I] [toil.job] Saving graph of 1 jobs, 1 new
[2022-05-12T15:16:20+0200] [MainThread] [I] [toil.job] Processing job 'CWLJob' no-outputs-tool.cwl kind-CWLJob/instance-hem479ef v0
[2022-05-12T15:16:20+0200] [MainThread] [I] [toil] Running Toil version 5.6.0-c34146a6437e4407a61e946e968bcce67a0ebbca on host mrc-tux.
[2022-05-12T15:16:20+0200] [MainThread] [I] [toil.leader] Issued job 'CWLJob' no-outputs-tool.cwl kind-CWLJob/instance-hem479ef v1 with job batch system ID: 0 and cores: 1, disk: 3.0 Gi, and memory: 2.0 Gi
[2022-05-12T15:16:20+0200] [MainThread] [I] [toil.worker] Redirecting logging to /tmp/822a9a6798865952bb4fc283a80e1c5e/935a/worker_log.txt
[2022-05-12T15:16:21+0200] [MainThread] [I] [toil.leader] 0 jobs are running, 0 jobs are issued and waiting to run
[2022-05-12T15:16:23+0200] [MainThread] [I] [toil.leader] Finished toil run successfully.
[2022-05-12T15:16:23+0200] [MainThread] [I] [toil.common] Successfully deleted the job store: FileJobStore(/tmp/tmpw7rqs20j)
</system-err>
		</testcase>
		<testcase name="Test Workflow without inputs" time="9.682279" class="workflow, required" file="no_inputs_workflow" url="cwltest:conformance_tests#195">
			<system-out>{
    &quot;output&quot;: {
        &quot;location&quot;: &quot;file:///tmp/tmp7i649_25/output&quot;,
        &quot;basename&quot;: &quot;output&quot;,
        &quot;nameroot&quot;: &quot;output&quot;,
        &quot;nameext&quot;: &quot;&quot;,
        &quot;class&quot;: &quot;File&quot;,
        &quot;checksum&quot;: &quot;sha1$1334e67fe9eb70db8ae14ccfa6cfb59e2cc24eae&quot;,
        &quot;size&quot;: 4
    }
}</system-out>
			<system-err>[2022-05-12T15:16:19+0200] [MainThread] [I] [cwltool] Resolved 'tests/no-inputs-wf.cwl' to 'file:///home/michael/cwl-v1.1/tests/no-inputs-wf.cwl'
[2022-05-12T15:16:22+0200] [MainThread] [I] [toil.job] Saving graph of 2 jobs, 2 new
[2022-05-12T15:16:22+0200] [MainThread] [I] [toil.job] Processing job 'ResolveIndirect' kind-ResolveIndirect/instance-ijcwiwxk v0
[2022-05-12T15:16:22+0200] [MainThread] [I] [toil.job] Processing job 'CWLWorkflow' kind-CWLWorkflow/instance-nxb7ypbt v0
[2022-05-12T15:16:22+0200] [MainThread] [I] [toil] Running Toil version 5.6.0-c34146a6437e4407a61e946e968bcce67a0ebbca on host mrc-tux.
[2022-05-12T15:16:22+0200] [MainThread] [I] [toil.worker] Redirecting logging to /tmp/93841c203edf5662bf58dd728e13fc19/4340/worker_log.txt
[2022-05-12T15:16:22+0200] [MainThread] [I] [toil.leader] 0 jobs are running, 0 jobs are issued and waiting to run
[2022-05-12T15:16:22+0200] [MainThread] [I] [toil.leader] Issued job 'CWLJob' no-inputs-wf.cwl.step0._:d11771b9-023c-4309-bf11-b566c9215516 kind-CWLJob/instance-cv6rezb7 v1 with job batch system ID: 1 and cores: 1, disk: 3.0 Gi, and memory: 2.0 Gi
[2022-05-12T15:16:23+0200] [MainThread] [I] [toil.worker] Redirecting logging to /tmp/93841c203edf5662bf58dd728e13fc19/9601/worker_log.txt
[2022-05-12T15:16:25+0200] [MainThread] [I] [toil.worker] Redirecting logging to /tmp/93841c203edf5662bf58dd728e13fc19/5fa8/worker_log.txt
[2022-05-12T15:16:25+0200] [MainThread] [I] [toil.worker] Redirecting logging to /tmp/93841c203edf5662bf58dd728e13fc19/cc57/worker_log.txt
[2022-05-12T15:16:28+0200] [MainThread] [I] [toil.leader] Finished toil run successfully.
[2022-05-12T15:16:28+0200] [MainThread] [I] [toil.common] Successfully deleted the job store: FileJobStore(/tmp/tmpwwj7k7ck)
</system-err>
		</testcase>
		<testcase name="Test Workflow without outputs" time="9.733437" class="workflow, required" file="no_outputs_workflow" url="cwltest:conformance_tests#196">
			<system-out>{}</system-out>
			<system-err>[2022-05-12T15:16:20+0200] [MainThread] [I] [cwltool] Resolved 'tests/no-outputs-wf.cwl' to 'file:///home/michael/cwl-v1.1/tests/no-outputs-wf.cwl'
[2022-05-12T15:16:23+0200] [MainThread] [I] [toil.job] Saving graph of 2 jobs, 2 new
[2022-05-12T15:16:23+0200] [MainThread] [I] [toil.job] Processing job 'ResolveIndirect' kind-ResolveIndirect/instance-nsu42d5_ v0
[2022-05-12T15:16:23+0200] [MainThread] [I] [toil.job] Processing job 'CWLWorkflow' kind-CWLWorkflow/instance-5h97f0b8 v0
[2022-05-12T15:16:23+0200] [MainThread] [I] [toil] Running Toil version 5.6.0-c34146a6437e4407a61e946e968bcce67a0ebbca on host mrc-tux.
[2022-05-12T15:16:23+0200] [MainThread] [I] [toil.worker] Redirecting logging to /tmp/c4f3cb086f63518c9b0eb9bb3af12422/07ae/worker_log.txt
[2022-05-12T15:16:23+0200] [MainThread] [I] [toil.leader] 0 jobs are running, 0 jobs are issued and waiting to run
[2022-05-12T15:16:23+0200] [MainThread] [I] [toil.leader] Issued job 'CWLJob' no-outputs-wf.cwl.step0._:72b3ce34-3220-4d60-9db2-15c8b43b502f kind-CWLJob/instance-slfgm9di v1 with job batch system ID: 1 and cores: 1, disk: 3.0 Gi, and memory: 2.0 Gi
[2022-05-12T15:16:24+0200] [MainThread] [I] [toil.worker] Redirecting logging to /tmp/c4f3cb086f63518c9b0eb9bb3af12422/f031/worker_log.txt
[2022-05-12T15:16:26+0200] [MainThread] [I] [toil.worker] Redirecting logging to /tmp/c4f3cb086f63518c9b0eb9bb3af12422/f4be/worker_log.txt
[2022-05-12T15:16:26+0200] [MainThread] [I] [toil.worker] Redirecting logging to /tmp/c4f3cb086f63518c9b0eb9bb3af12422/8b4a/worker_log.txt
[2022-05-12T15:16:29+0200] [MainThread] [I] [toil.leader] Finished toil run successfully.
[2022-05-12T15:16:29+0200] [MainThread] [I] [toil.common] Successfully deleted the job store: FileJobStore(/tmp/tmpni1smsqp)
</system-err>
		</testcase>
		<testcase name="Test an anonymous enum inside an array inside a record" time="4.831108" class="command_line_tool, required" file="anonymous_enum_in_array" url="cwltest:conformance_tests#197">
			<system-out>{
    &quot;result&quot;: {
        &quot;location&quot;: &quot;file:///tmp/tmpzzdrgy4z/ecd7f7cd9dc44b9846d2479c55014d97ec986407&quot;,
        &quot;basename&quot;: &quot;ecd7f7cd9dc44b9846d2479c55014d97ec986407&quot;,
        &quot;nameroot&quot;: &quot;ecd7f7cd9dc44b9846d2479c55014d97ec986407&quot;,
        &quot;nameext&quot;: &quot;&quot;,
        &quot;class&quot;: &quot;File&quot;,
        &quot;checksum&quot;: &quot;sha1$2132943d72c39423e0b9425cbc40dfd5bf3e9cb2&quot;,
        &quot;size&quot;: 39
    }
}</system-out>
			<system-err>[2022-05-12T15:16:23+0200] [MainThread] [I] [cwltool] Resolved 'tests/anon_enum_inside_array.cwl' to 'file:///home/michael/cwl-v1.1/tests/anon_enum_inside_array.cwl'
[2022-05-12T15:16:25+0200] [MainThread] [I] [toil.job] Saving graph of 1 jobs, 1 new
[2022-05-12T15:16:25+0200] [MainThread] [I] [toil.job] Processing job 'CWLJob' anon_enum_inside_array.cwl kind-CWLJob/instance-ypx280tt v0
[2022-05-12T15:16:25+0200] [MainThread] [I] [toil] Running Toil version 5.6.0-c34146a6437e4407a61e946e968bcce67a0ebbca on host mrc-tux.
[2022-05-12T15:16:25+0200] [MainThread] [I] [toil.leader] Issued job 'CWLJob' anon_enum_inside_array.cwl kind-CWLJob/instance-ypx280tt v1 with job batch system ID: 0 and cores: 1, disk: 3.0 Gi, and memory: 2.0 Gi
[2022-05-12T15:16:25+0200] [MainThread] [I] [toil.worker] Redirecting logging to /tmp/fd44e502e0c855f9b34a392e27267f58/9c8e/worker_log.txt
[2022-05-12T15:16:26+0200] [MainThread] [I] [toil.leader] 0 jobs are running, 0 jobs are issued and waiting to run
[2022-05-12T15:16:27+0200] [MainThread] [I] [toil.leader] Finished toil run successfully.
[2022-05-12T15:16:27+0200] [MainThread] [I] [toil.common] Successfully deleted the job store: FileJobStore(/tmp/tmpxn0druzv)
</system-err>
		</testcase>
		<testcase name="Test an anonymous enum inside an array inside a record, SchemaDefRequirement" time="5.071812" class="command_line_tool, schema_def" file="schema-def_anonymous_enum_in_array" url="cwltest:conformance_tests#198">
			<system-out>{
    &quot;result&quot;: {
        &quot;location&quot;: &quot;file:///tmp/tmpzq__5b8f/eea56d66ef0144c4b3b7ce5e850418c30b347bd6&quot;,
        &quot;basename&quot;: &quot;eea56d66ef0144c4b3b7ce5e850418c30b347bd6&quot;,
        &quot;nameroot&quot;: &quot;eea56d66ef0144c4b3b7ce5e850418c30b347bd6&quot;,
        &quot;nameext&quot;: &quot;&quot;,
        &quot;class&quot;: &quot;File&quot;,
        &quot;checksum&quot;: &quot;sha1$f17c7d81f66e1520fca25b96b90eeeae5bbf08b0&quot;,
        &quot;size&quot;: 39
    }
}</system-out>
			<system-err>[2022-05-12T15:16:23+0200] [MainThread] [I] [cwltool] Resolved 'tests/anon_enum_inside_array_inside_schemadef.cwl' to 'file:///home/michael/cwl-v1.1/tests/anon_enum_inside_array_inside_schemadef.cwl'
[2022-05-12T15:16:26+0200] [MainThread] [I] [toil.job] Saving graph of 1 jobs, 1 new
[2022-05-12T15:16:26+0200] [MainThread] [I] [toil.job] Processing job 'CWLJob' anon_enum_inside_array_inside_schemadef.cwl kind-CWLJob/instance-8g96ytna v0
[2022-05-12T15:16:26+0200] [MainThread] [I] [toil] Running Toil version 5.6.0-c34146a6437e4407a61e946e968bcce67a0ebbca on host mrc-tux.
[2022-05-12T15:16:26+0200] [MainThread] [I] [toil.leader] Issued job 'CWLJob' anon_enum_inside_array_inside_schemadef.cwl kind-CWLJob/instance-8g96ytna v1 with job batch system ID: 0 and cores: 1, disk: 3.0 Gi, and memory: 2.0 Gi
[2022-05-12T15:16:26+0200] [MainThread] [I] [toil.worker] Redirecting logging to /tmp/3af5e56818ee5be2bd610aed5d087072/2815/worker_log.txt
[2022-05-12T15:16:26+0200] [MainThread] [I] [toil.leader] 0 jobs are running, 0 jobs are issued and waiting to run
[2022-05-12T15:16:28+0200] [MainThread] [I] [toil.leader] Finished toil run successfully.
[2022-05-12T15:16:28+0200] [MainThread] [I] [toil.common] Successfully deleted the job store: FileJobStore(/tmp/tmpdp0lznjg)
</system-err>
		</testcase>
		<testcase name="Test command execution in with stdin and stdout redirection using stdin shortcut" time="5.391146" class="command_line_tool, docker" file="stdin_shorcut" url="cwltest:conformance_tests#199">
			<system-out>{
    &quot;output&quot;: {
        &quot;location&quot;: &quot;file:///tmp/tmpdlc_80xz/output&quot;,
        &quot;basename&quot;: &quot;output&quot;,
        &quot;nameroot&quot;: &quot;output&quot;,
        &quot;nameext&quot;: &quot;&quot;,
        &quot;class&quot;: &quot;File&quot;,
        &quot;checksum&quot;: &quot;sha1$2936abd60952276ffbf91d709b19c6c48c263947&quot;,
        &quot;size&quot;: 24
    }
}</system-out>
			<system-err>[2022-05-12T15:16:27+0200] [MainThread] [I] [cwltool] Resolved 'tests/wc-tool-shortcut.cwl' to 'file:///home/michael/cwl-v1.1/tests/wc-tool-shortcut.cwl'
[2022-05-12T15:16:29+0200] [MainThread] [I] [toil.job] Saving graph of 1 jobs, 1 new
[2022-05-12T15:16:29+0200] [MainThread] [I] [toil.job] Processing job 'CWLJob' wc-tool-shortcut.cwl kind-CWLJob/instance-4cgnn36_ v0
[2022-05-12T15:16:29+0200] [MainThread] [I] [toil] Running Toil version 5.6.0-c34146a6437e4407a61e946e968bcce67a0ebbca on host mrc-tux.
[2022-05-12T15:16:29+0200] [MainThread] [I] [toil.leader] Issued job 'CWLJob' wc-tool-shortcut.cwl kind-CWLJob/instance-4cgnn36_ v1 with job batch system ID: 0 and cores: 1, disk: 3.0 Gi, and memory: 2.0 Gi
[2022-05-12T15:16:30+0200] [MainThread] [I] [toil.worker] Redirecting logging to /tmp/a966118539345bf98d9e74df4cdbb19e/5d70/worker_log.txt
[2022-05-12T15:16:31+0200] [MainThread] [I] [toil.leader] 0 jobs are running, 0 jobs are issued and waiting to run
[2022-05-12T15:16:32+0200] [MainThread] [I] [toil.leader] Finished toil run successfully.
[2022-05-12T15:16:32+0200] [MainThread] [I] [toil.common] Successfully deleted the job store: FileJobStore(/tmp/tmp54_7sed1)
</system-err>
		</testcase>
		<testcase name="Test secondaryFiles on anonymous record fields" time="4.572086" class="command_line_tool, required" file="secondary_files_in_unnamed_records" url="cwltest:conformance_tests#200">
			<system-out>{}</system-out>
			<system-err>[2022-05-12T15:16:28+0200] [MainThread] [I] [cwltool] Resolved 'tests/record-in-secondaryFiles.cwl' to 'file:///home/michael/cwl-v1.1/tests/record-in-secondaryFiles.cwl'
[2022-05-12T15:16:30+0200] [MainThread] [I] [toil.job] Saving graph of 1 jobs, 1 new
[2022-05-12T15:16:30+0200] [MainThread] [I] [toil.job] Processing job 'CWLJob' record-in-secondaryFiles.cwl kind-CWLJob/instance-372iolte v0
[2022-05-12T15:16:30+0200] [MainThread] [I] [toil] Running Toil version 5.6.0-c34146a6437e4407a61e946e968bcce67a0ebbca on host mrc-tux.
[2022-05-12T15:16:30+0200] [MainThread] [I] [toil.leader] Issued job 'CWLJob' record-in-secondaryFiles.cwl kind-CWLJob/instance-372iolte v1 with job batch system ID: 0 and cores: 1, disk: 3.0 Gi, and memory: 2.0 Gi
[2022-05-12T15:16:31+0200] [MainThread] [I] [toil.worker] Redirecting logging to /tmp/5a07e0f1acba5079829b4b8812e3b7b6/7abd/worker_log.txt
[2022-05-12T15:16:31+0200] [MainThread] [I] [toil.leader] 0 jobs are running, 0 jobs are issued and waiting to run
[2022-05-12T15:16:32+0200] [MainThread] [I] [toil.leader] Finished toil run successfully.
[2022-05-12T15:16:32+0200] [MainThread] [I] [toil.common] Successfully deleted the job store: FileJobStore(/tmp/tmpnv_gbyux)
</system-err>
		</testcase>
		<testcase name="Test secondaryFiles on SchemaDefRequirement record fields" time="4.666650" class="command_line_tool, schema_def" file="secondary_files_in_named_records" url="cwltest:conformance_tests#201">
			<system-out>{}</system-out>
			<system-err>[2022-05-12T15:16:28+0200] [MainThread] [I] [cwltool] Resolved 'tests/record-sd-secondaryFiles.cwl' to 'file:///home/michael/cwl-v1.1/tests/record-sd-secondaryFiles.cwl'
[2022-05-12T15:16:30+0200] [MainThread] [I] [toil.job] Saving graph of 1 jobs, 1 new
[2022-05-12T15:16:30+0200] [MainThread] [I] [toil.job] Processing job 'CWLJob' record-sd-secondaryFiles.cwl kind-CWLJob/instance-9cfusm3a v0
[2022-05-12T15:16:30+0200] [MainThread] [I] [toil] Running Toil version 5.6.0-c34146a6437e4407a61e946e968bcce67a0ebbca on host mrc-tux.
[2022-05-12T15:16:30+0200] [MainThread] [I] [toil.leader] Issued job 'CWLJob' record-sd-secondaryFiles.cwl kind-CWLJob/instance-9cfusm3a v1 with job batch system ID: 0 and cores: 1, disk: 3.0 Gi, and memory: 2.0 Gi
[2022-05-12T15:16:31+0200] [MainThread] [I] [toil.worker] Redirecting logging to /tmp/fca1136fbd975cc49524727bb27cc1ac/78c2/worker_log.txt
[2022-05-12T15:16:31+0200] [MainThread] [I] [toil.leader] 0 jobs are running, 0 jobs are issued and waiting to run
[2022-05-12T15:16:32+0200] [MainThread] [I] [toil.leader] Finished toil run successfully.
[2022-05-12T15:16:32+0200] [MainThread] [I] [toil.common] Successfully deleted the job store: FileJobStore(/tmp/tmpja70g9_3)
</system-err>
		</testcase>
		<testcase name="Test secondaryFiles on output record fields" time="4.791295" class="command_line_tool, required" file="secondary_files_in_output_records" url="cwltest:conformance_tests#202">
			<system-out>{
    &quot;record_output&quot;: {
        &quot;f1&quot;: {
            &quot;location&quot;: &quot;file:///tmp/tmpzdajvuzk/A&quot;,
            &quot;basename&quot;: &quot;A&quot;,
            &quot;nameroot&quot;: &quot;A&quot;,
            &quot;nameext&quot;: &quot;&quot;,
            &quot;class&quot;: &quot;File&quot;,
            &quot;checksum&quot;: &quot;sha1$da39a3ee5e6b4b0d3255bfef95601890afd80709&quot;,
            &quot;size&quot;: 0,
            &quot;secondaryFiles&quot;: [
                {
                    &quot;basename&quot;: &quot;A.s2&quot;,
                    &quot;location&quot;: &quot;file:///tmp/tmpzdajvuzk/A.s2&quot;,
                    &quot;class&quot;: &quot;File&quot;,
                    &quot;nameroot&quot;: &quot;A&quot;,
                    &quot;nameext&quot;: &quot;.s2&quot;,
                    &quot;checksum&quot;: &quot;sha1$da39a3ee5e6b4b0d3255bfef95601890afd80709&quot;,
                    &quot;size&quot;: 0
                }
            ]
        },
        &quot;f2&quot;: [
            {
                &quot;location&quot;: &quot;file:///tmp/tmpzdajvuzk/B&quot;,
                &quot;basename&quot;: &quot;B&quot;,
                &quot;nameroot&quot;: &quot;B&quot;,
                &quot;nameext&quot;: &quot;&quot;,
                &quot;class&quot;: &quot;File&quot;,
                &quot;checksum&quot;: &quot;sha1$da39a3ee5e6b4b0d3255bfef95601890afd80709&quot;,
                &quot;size&quot;: 0,
                &quot;secondaryFiles&quot;: [
                    {
                        &quot;basename&quot;: &quot;B.s3&quot;,
                        &quot;location&quot;: &quot;file:///tmp/tmpzdajvuzk/B.s3&quot;,
                        &quot;class&quot;: &quot;File&quot;,
                        &quot;nameroot&quot;: &quot;B&quot;,
                        &quot;nameext&quot;: &quot;.s3&quot;,
                        &quot;checksum&quot;: &quot;sha1$da39a3ee5e6b4b0d3255bfef95601890afd80709&quot;,
                        &quot;size&quot;: 0
                    }
                ]
            },
            {
                &quot;location&quot;: &quot;file:///tmp/tmpzdajvuzk/C&quot;,
                &quot;basename&quot;: &quot;C&quot;,
                &quot;nameroot&quot;: &quot;C&quot;,
                &quot;nameext&quot;: &quot;&quot;,
                &quot;class&quot;: &quot;File&quot;,
                &quot;checksum&quot;: &quot;sha1$da39a3ee5e6b4b0d3255bfef95601890afd80709&quot;,
                &quot;size&quot;: 0,
                &quot;secondaryFiles&quot;: [
                    {
                        &quot;basename&quot;: &quot;C.s3&quot;,
                        &quot;location&quot;: &quot;file:///tmp/tmpzdajvuzk/C.s3&quot;,
                        &quot;class&quot;: &quot;File&quot;,
                        &quot;nameroot&quot;: &quot;C&quot;,
                        &quot;nameext&quot;: &quot;.s3&quot;,
                        &quot;checksum&quot;: &quot;sha1$da39a3ee5e6b4b0d3255bfef95601890afd80709&quot;,
                        &quot;size&quot;: 0
                    }
                ]
            }
        ]
    }
}</system-out>
			<system-err>[2022-05-12T15:16:29+0200] [MainThread] [I] [cwltool] Resolved 'tests/record-out-secondaryFiles.cwl' to 'file:///home/michael/cwl-v1.1/tests/record-out-secondaryFiles.cwl'
[2022-05-12T15:16:31+0200] [MainThread] [I] [toil.job] Saving graph of 1 jobs, 1 new
[2022-05-12T15:16:31+0200] [MainThread] [I] [toil.job] Processing job 'CWLJob' record-out-secondaryFiles.cwl kind-CWLJob/instance-sztv4uwl v0
[2022-05-12T15:16:31+0200] [MainThread] [I] [toil] Running Toil version 5.6.0-c34146a6437e4407a61e946e968bcce67a0ebbca on host mrc-tux.
[2022-05-12T15:16:31+0200] [MainThread] [I] [toil.leader] Issued job 'CWLJob' record-out-secondaryFiles.cwl kind-CWLJob/instance-sztv4uwl v1 with job batch system ID: 0 and cores: 1, disk: 3.0 Gi, and memory: 2.0 Gi
[2022-05-12T15:16:32+0200] [MainThread] [I] [toil.worker] Redirecting logging to /tmp/ee21703e350d5c099221dfb13a9fb8ba/1151/worker_log.txt
[2022-05-12T15:16:32+0200] [MainThread] [I] [toil.leader] 0 jobs are running, 0 jobs are issued and waiting to run
[2022-05-12T15:16:33+0200] [MainThread] [I] [toil.leader] Finished toil run successfully.
[2022-05-12T15:16:33+0200] [MainThread] [I] [toil.common] Successfully deleted the job store: FileJobStore(/tmp/tmp8ub20y87)
</system-err>
		</testcase>
		<testcase name="Test secondaryFiles propagation through workflow" time="8.598482" class="workflow, required" file="secondary_files_workflow_propagation" url="cwltest:conformance_tests#203">
			<system-out>{}</system-out>
			<system-err>[2022-05-12T15:16:33+0200] [MainThread] [I] [cwltool] Resolved 'tests/record-in-secondaryFiles-wf.cwl' to 'file:///home/michael/cwl-v1.1/tests/record-in-secondaryFiles-wf.cwl'
[2022-05-12T15:16:36+0200] [MainThread] [I] [toil.job] Saving graph of 2 jobs, 2 new
[2022-05-12T15:16:36+0200] [MainThread] [I] [toil.job] Processing job 'ResolveIndirect' kind-ResolveIndirect/instance-32y54d7z v0
[2022-05-12T15:16:36+0200] [MainThread] [I] [toil.job] Processing job 'CWLWorkflow' kind-CWLWorkflow/instance-ksgblde1 v0
[2022-05-12T15:16:36+0200] [MainThread] [I] [toil] Running Toil version 5.6.0-c34146a6437e4407a61e946e968bcce67a0ebbca on host mrc-tux.
[2022-05-12T15:16:36+0200] [MainThread] [I] [toil.worker] Redirecting logging to /tmp/66aad9e899c95bfe9938c88fdc8b633d/92f2/worker_log.txt
[2022-05-12T15:16:37+0200] [MainThread] [I] [toil.leader] 0 jobs are running, 0 jobs are issued and waiting to run
[2022-05-12T15:16:37+0200] [MainThread] [I] [toil.leader] Issued job 'CWLJob' record-in-secondaryFiles-wf.cwl.step1.record-in-secondaryFiles.cwl kind-CWLJob/instance-lhlzbohz v1 with job batch system ID: 1 and cores: 1, disk: 3.0 Gi, and memory: 2.0 Gi
[2022-05-12T15:16:37+0200] [MainThread] [I] [toil.worker] Redirecting logging to /tmp/66aad9e899c95bfe9938c88fdc8b633d/ec6e/worker_log.txt
[2022-05-12T15:16:38+0200] [MainThread] [I] [toil.worker] Redirecting logging to /tmp/66aad9e899c95bfe9938c88fdc8b633d/1be3/worker_log.txt
[2022-05-12T15:16:38+0200] [MainThread] [I] [toil.worker] Redirecting logging to /tmp/66aad9e899c95bfe9938c88fdc8b633d/1bba/worker_log.txt
[2022-05-12T15:16:41+0200] [MainThread] [I] [toil.leader] Finished toil run successfully.
[2022-05-12T15:16:41+0200] [MainThread] [I] [toil.common] Successfully deleted the job store: FileJobStore(/tmp/tmpogac3unu)
</system-err>
		</testcase>
		<testcase name="Test checking when secondaryFiles are missing" time="11.809088" class="workflow, required" file="secondary_files_missing" url="cwltest:conformance_tests#204">
			<system-err>[2022-05-12T15:16:33+0200] [MainThread] [I] [cwltool] Resolved 'tests/record-in-secondaryFiles-missing-wf.cwl' to 'file:///home/michael/cwl-v1.1/tests/record-in-secondaryFiles-missing-wf.cwl'
[2022-05-12T15:16:36+0200] [MainThread] [I] [toil.job] Saving graph of 2 jobs, 2 new
[2022-05-12T15:16:36+0200] [MainThread] [I] [toil.job] Processing job 'ResolveIndirect' kind-ResolveIndirect/instance-16d28_zv v0
[2022-05-12T15:16:36+0200] [MainThread] [I] [toil.job] Processing job 'CWLWorkflow' kind-CWLWorkflow/instance-lb7q566l v0
[2022-05-12T15:16:36+0200] [MainThread] [I] [toil] Running Toil version 5.6.0-c34146a6437e4407a61e946e968bcce67a0ebbca on host mrc-tux.
[2022-05-12T15:16:36+0200] [MainThread] [I] [toil.worker] Redirecting logging to /tmp/37b48b90d8a956beb90a6c2bad04ad63/c123/worker_log.txt
[2022-05-12T15:16:37+0200] [MainThread] [I] [toil.leader] 0 jobs are running, 0 jobs are issued and waiting to run
[2022-05-12T15:16:37+0200] [MainThread] [I] [toil.leader] Issued job 'CWLJob' record-in-secondaryFiles-missing-wf.cwl.step1.record-in-secondaryFiles.cwl kind-CWLJob/instance-4wqb6zbf v1 with job batch system ID: 1 and cores: 1, disk: 3.0 Gi, and memory: 2.0 Gi
[2022-05-12T15:16:37+0200] [MainThread] [I] [toil.worker] Redirecting logging to /tmp/37b48b90d8a956beb90a6c2bad04ad63/801b/worker_log.txt
[2022-05-12T15:16:38+0200] [Thread-1 (daddy)] [E] [toil.batchSystems.singleMachine] Got exit code 1 (indicating failure) from job _toil_worker CWLJob file:/tmp/tmp9aqaxu5r kind-CWLJob/instance-4wqb6zbf.
[2022-05-12T15:16:38+0200] [MainThread] [W] [toil.leader] Job failed with exit value 1: 'CWLJob' record-in-secondaryFiles-missing-wf.cwl.step1.record-in-secondaryFiles.cwl kind-CWLJob/instance-4wqb6zbf v1
Exit reason: None
[2022-05-12T15:16:38+0200] [MainThread] [W] [toil.leader] The job seems to have left a log file, indicating failure: 'CWLJob' record-in-secondaryFiles-missing-wf.cwl.step1.record-in-secondaryFiles.cwl kind-CWLJob/instance-4wqb6zbf v2
[2022-05-12T15:16:38+0200] [MainThread] [W] [toil.leader] Log from job &quot;kind-CWLJob/instance-4wqb6zbf&quot; follows:
=========&gt;
	[2022-05-12T15:16:37+0200] [MainThread] [I] [toil.worker] ---TOIL WORKER OUTPUT LOG---
	[2022-05-12T15:16:37+0200] [MainThread] [I] [toil] Running Toil version 5.6.0-c34146a6437e4407a61e946e968bcce67a0ebbca on host mrc-tux.
	[2022-05-12T15:16:37+0200] [MainThread] [I] [toil.worker] Working on job 'CWLJob' record-in-secondaryFiles-missing-wf.cwl.step1.record-in-secondaryFiles.cwl kind-CWLJob/instance-4wqb6zbf v1
	[2022-05-12T15:16:37+0200] [MainThread] [I] [toil.worker] Loaded body Job('CWLJob' record-in-secondaryFiles-missing-wf.cwl.step1.record-in-secondaryFiles.cwl kind-CWLJob/instance-4wqb6zbf v1) from description 'CWLJob' record-in-secondaryFiles-missing-wf.cwl.step1.record-in-secondaryFiles.cwl kind-CWLJob/instance-4wqb6zbf v1
	Traceback (most recent call last):
	  File &quot;/home/michael/common-workflow-language/toil5.6.0/lib/python3.10/site-packages/toil/worker.py&quot;, line 405, in workerScript
	    job._runner(jobGraph=None, jobStore=jobStore, fileStore=fileStore, defer=defer)
	  File &quot;/home/michael/common-workflow-language/toil5.6.0/lib/python3.10/site-packages/toil/job.py&quot;, line 2399, in _runner
	    returnValues = self._run(jobGraph=None, fileStore=fileStore)
	  File &quot;/home/michael/common-workflow-language/toil5.6.0/lib/python3.10/site-packages/toil/job.py&quot;, line 2317, in _run
	    return self.run(fileStore)
	  File &quot;/home/michael/common-workflow-language/toil5.6.0/lib/python3.10/site-packages/toil/cwl/cwltoil.py&quot;, line 2046, in run
	    output, status = ToilSingleJobExecutor().execute(
	  File &quot;/home/michael/common-workflow-language/toil5.6.0/lib/python3.10/site-packages/cwltool/executors.py&quot;, line 143, in execute
	    self.run_jobs(process, job_order_object, logger, runtime_context)
	  File &quot;/home/michael/common-workflow-language/toil5.6.0/lib/python3.10/site-packages/toil/cwl/cwltoil.py&quot;, line 922, in run_jobs
	    return super().run_jobs(process, job_order_object, logger, runtime_context)
	  File &quot;/home/michael/common-workflow-language/toil5.6.0/lib/python3.10/site-packages/cwltool/executors.py&quot;, line 227, in run_jobs
	    for job in jobiter:
	  File &quot;/home/michael/common-workflow-language/toil5.6.0/lib/python3.10/site-packages/cwltool/command_line_tool.py&quot;, line 953, in job
	    builder = self._init_job(job_order, runtimeContext)
	  File &quot;/home/michael/common-workflow-language/toil5.6.0/lib/python3.10/site-packages/cwltool/process.py&quot;, line 920, in _init_job
	    builder.bind_input(
	  File &quot;/home/michael/common-workflow-language/toil5.6.0/lib/python3.10/site-packages/cwltool/builder.py&quot;, line 355, in bind_input
	    self.bind_input(
	  File &quot;/home/michael/common-workflow-language/toil5.6.0/lib/python3.10/site-packages/cwltool/builder.py&quot;, line 321, in bind_input
	    self.bind_input(
	  File &quot;/home/michael/common-workflow-language/toil5.6.0/lib/python3.10/site-packages/cwltool/builder.py&quot;, line 355, in bind_input
	    self.bind_input(
	  File &quot;/home/michael/common-workflow-language/toil5.6.0/lib/python3.10/site-packages/cwltool/builder.py&quot;, line 539, in bind_input
	    raise SourceLine(
	cwltool.errors.WorkflowException: tests/record-in-secondaryFiles.cwl:10:11: Missing required secondary file 'A.s2' from file object: {
	tests/record-in-secondaryFiles.cwl:10:11:     &quot;class&quot;: &quot;File&quot;,
	tests/record-in-secondaryFiles.cwl:10:11:     &quot;location&quot;: &quot;file:///home/michael/cwl-v1.1/tests/rec/A&quot;,
	tests/record-in-secondaryFiles.cwl:10:11:     &quot;size&quot;: 0,
	tests/record-in-secondaryFiles.cwl:10:11:     &quot;basename&quot;: &quot;A&quot;,
	tests/record-in-secondaryFiles.cwl:10:11:     &quot;nameroot&quot;: &quot;A&quot;,
	tests/record-in-secondaryFiles.cwl:10:11:     &quot;nameext&quot;: &quot;&quot;,
	tests/record-in-secondaryFiles.cwl:10:11:     &quot;secondaryFiles&quot;: []
	tests/record-in-secondaryFiles.cwl:10:11: }
	[2022-05-12T15:16:37+0200] [MainThread] [E] [toil.worker] Exiting the worker because of a failed job on host mrc-tux
&lt;=========
[2022-05-12T15:16:38+0200] [MainThread] [W] [toil.job] Due to failure we are reducing the remaining try count of job 'CWLJob' record-in-secondaryFiles-missing-wf.cwl.step1.record-in-secondaryFiles.cwl kind-CWLJob/instance-4wqb6zbf v2 with ID kind-CWLJob/instance-4wqb6zbf to 1
[2022-05-12T15:16:38+0200] [MainThread] [I] [toil.leader] Issued job 'CWLJob' record-in-secondaryFiles-missing-wf.cwl.step1.record-in-secondaryFiles.cwl kind-CWLJob/instance-4wqb6zbf v3 with job batch system ID: 2 and cores: 1, disk: 3.0 Gi, and memory: 2.0 Gi
[2022-05-12T15:16:38+0200] [MainThread] [I] [toil.worker] Redirecting logging to /tmp/37b48b90d8a956beb90a6c2bad04ad63/b361/worker_log.txt
[2022-05-12T15:16:38+0200] [Thread-1 (daddy)] [E] [toil.batchSystems.singleMachine] Got exit code 1 (indicating failure) from job _toil_worker CWLJob file:/tmp/tmp9aqaxu5r kind-CWLJob/instance-4wqb6zbf.
[2022-05-12T15:16:38+0200] [MainThread] [W] [toil.leader] Job failed with exit value 1: 'CWLJob' record-in-secondaryFiles-missing-wf.cwl.step1.record-in-secondaryFiles.cwl kind-CWLJob/instance-4wqb6zbf v3
Exit reason: None
[2022-05-12T15:16:38+0200] [MainThread] [W] [toil.leader] The job seems to have left a log file, indicating failure: 'CWLJob' record-in-secondaryFiles-missing-wf.cwl.step1.record-in-secondaryFiles.cwl kind-CWLJob/instance-4wqb6zbf v5
[2022-05-12T15:16:38+0200] [MainThread] [W] [toil.leader] Log from job &quot;kind-CWLJob/instance-4wqb6zbf&quot; follows:
=========&gt;
	[2022-05-12T15:16:38+0200] [MainThread] [I] [toil.worker] ---TOIL WORKER OUTPUT LOG---
	[2022-05-12T15:16:38+0200] [MainThread] [I] [toil] Running Toil version 5.6.0-c34146a6437e4407a61e946e968bcce67a0ebbca on host mrc-tux.
	[2022-05-12T15:16:38+0200] [MainThread] [I] [toil.worker] Working on job 'CWLJob' record-in-secondaryFiles-missing-wf.cwl.step1.record-in-secondaryFiles.cwl kind-CWLJob/instance-4wqb6zbf v4
	[2022-05-12T15:16:38+0200] [MainThread] [I] [toil.worker] Loaded body Job('CWLJob' record-in-secondaryFiles-missing-wf.cwl.step1.record-in-secondaryFiles.cwl kind-CWLJob/instance-4wqb6zbf v4) from description 'CWLJob' record-in-secondaryFiles-missing-wf.cwl.step1.record-in-secondaryFiles.cwl kind-CWLJob/instance-4wqb6zbf v4
	Traceback (most recent call last):
	  File &quot;/home/michael/common-workflow-language/toil5.6.0/lib/python3.10/site-packages/toil/worker.py&quot;, line 405, in workerScript
	    job._runner(jobGraph=None, jobStore=jobStore, fileStore=fileStore, defer=defer)
	  File &quot;/home/michael/common-workflow-language/toil5.6.0/lib/python3.10/site-packages/toil/job.py&quot;, line 2399, in _runner
	    returnValues = self._run(jobGraph=None, fileStore=fileStore)
	  File &quot;/home/michael/common-workflow-language/toil5.6.0/lib/python3.10/site-packages/toil/job.py&quot;, line 2317, in _run
	    return self.run(fileStore)
	  File &quot;/home/michael/common-workflow-language/toil5.6.0/lib/python3.10/site-packages/toil/cwl/cwltoil.py&quot;, line 2046, in run
	    output, status = ToilSingleJobExecutor().execute(
	  File &quot;/home/michael/common-workflow-language/toil5.6.0/lib/python3.10/site-packages/cwltool/executors.py&quot;, line 143, in execute
	    self.run_jobs(process, job_order_object, logger, runtime_context)
	  File &quot;/home/michael/common-workflow-language/toil5.6.0/lib/python3.10/site-packages/toil/cwl/cwltoil.py&quot;, line 922, in run_jobs
	    return super().run_jobs(process, job_order_object, logger, runtime_context)
	  File &quot;/home/michael/common-workflow-language/toil5.6.0/lib/python3.10/site-packages/cwltool/executors.py&quot;, line 227, in run_jobs
	    for job in jobiter:
	  File &quot;/home/michael/common-workflow-language/toil5.6.0/lib/python3.10/site-packages/cwltool/command_line_tool.py&quot;, line 953, in job
	    builder = self._init_job(job_order, runtimeContext)
	  File &quot;/home/michael/common-workflow-language/toil5.6.0/lib/python3.10/site-packages/cwltool/process.py&quot;, line 920, in _init_job
	    builder.bind_input(
	  File &quot;/home/michael/common-workflow-language/toil5.6.0/lib/python3.10/site-packages/cwltool/builder.py&quot;, line 355, in bind_input
	    self.bind_input(
	  File &quot;/home/michael/common-workflow-language/toil5.6.0/lib/python3.10/site-packages/cwltool/builder.py&quot;, line 321, in bind_input
	    self.bind_input(
	  File &quot;/home/michael/common-workflow-language/toil5.6.0/lib/python3.10/site-packages/cwltool/builder.py&quot;, line 355, in bind_input
	    self.bind_input(
	  File &quot;/home/michael/common-workflow-language/toil5.6.0/lib/python3.10/site-packages/cwltool/builder.py&quot;, line 539, in bind_input
	    raise SourceLine(
	cwltool.errors.WorkflowException: tests/record-in-secondaryFiles.cwl:10:11: Missing required secondary file 'A.s2' from file object: {
	tests/record-in-secondaryFiles.cwl:10:11:     &quot;class&quot;: &quot;File&quot;,
	tests/record-in-secondaryFiles.cwl:10:11:     &quot;location&quot;: &quot;file:///home/michael/cwl-v1.1/tests/rec/A&quot;,
	tests/record-in-secondaryFiles.cwl:10:11:     &quot;size&quot;: 0,
	tests/record-in-secondaryFiles.cwl:10:11:     &quot;basename&quot;: &quot;A&quot;,
	tests/record-in-secondaryFiles.cwl:10:11:     &quot;nameroot&quot;: &quot;A&quot;,
	tests/record-in-secondaryFiles.cwl:10:11:     &quot;nameext&quot;: &quot;&quot;,
	tests/record-in-secondaryFiles.cwl:10:11:     &quot;secondaryFiles&quot;: []
	tests/record-in-secondaryFiles.cwl:10:11: }
	[2022-05-12T15:16:38+0200] [MainThread] [E] [toil.worker] Exiting the worker because of a failed job on host mrc-tux
&lt;=========
[2022-05-12T15:16:38+0200] [MainThread] [W] [toil.job] Due to failure we are reducing the remaining try count of job 'CWLJob' record-in-secondaryFiles-missing-wf.cwl.step1.record-in-secondaryFiles.cwl kind-CWLJob/instance-4wqb6zbf v5 with ID kind-CWLJob/instance-4wqb6zbf to 0
[2022-05-12T15:16:38+0200] [MainThread] [W] [toil.leader] Job 'CWLJob' record-in-secondaryFiles-missing-wf.cwl.step1.record-in-secondaryFiles.cwl kind-CWLJob/instance-4wqb6zbf v6 is completely failed
[2022-05-12T15:16:44+0200] [MainThread] [I] [toil.leader] Finished toil run with 2 failed jobs.
[2022-05-12T15:16:44+0200] [MainThread] [I] [toil.leader] Failed jobs at end of the run: 'CWLWorkflow' kind-CWLWorkflow/instance-lb7q566l v2 'CWLJob' record-in-secondaryFiles-missing-wf.cwl.step1.record-in-secondaryFiles.cwl kind-CWLJob/instance-4wqb6zbf v6
Traceback (most recent call last):
  File &quot;/home/michael/common-workflow-language/toil5.6.0/bin/toil-cwl-runner&quot;, line 8, in &lt;module&gt;
    sys.exit(main())
  File &quot;/home/michael/common-workflow-language/toil5.6.0/lib/python3.10/site-packages/toil/cwl/cwltoil.py&quot;, line 3486, in main
    outobj = toil.start(wf1)
  File &quot;/home/michael/common-workflow-language/toil5.6.0/lib/python3.10/site-packages/toil/common.py&quot;, line 951, in start
    return self._runMainLoop(rootJobDescription)
  File &quot;/home/michael/common-workflow-language/toil5.6.0/lib/python3.10/site-packages/toil/common.py&quot;, line 1278, in _runMainLoop
    jobCache=self._jobCache).run()
  File &quot;/home/michael/common-workflow-language/toil5.6.0/lib/python3.10/site-packages/toil/leader.py&quot;, line 289, in run
    raise FailedJobsException(self.jobStore, failed_jobs, exit_code=self.recommended_fail_exit_code)
toil.leader.FailedJobsException: The job store '/tmp/tmp9aqaxu5r' contains 2 failed jobs: 'CWLWorkflow' kind-CWLWorkflow/instance-lb7q566l v2, 'CWLJob' record-in-secondaryFiles-missing-wf.cwl.step1.record-in-secondaryFiles.cwl kind-CWLJob/instance-4wqb6zbf v6
Log from job &quot;'CWLJob' record-in-secondaryFiles-missing-wf.cwl.step1.record-in-secondaryFiles.cwl kind-CWLJob/instance-4wqb6zbf v6&quot; follows:
=========&gt;
	[2022-05-12T15:16:38+0200] [MainThread] [I] [toil.worker] ---TOIL WORKER OUTPUT LOG---
	[2022-05-12T15:16:38+0200] [MainThread] [I] [toil] Running Toil version 5.6.0-c34146a6437e4407a61e946e968bcce67a0ebbca on host mrc-tux.
	[2022-05-12T15:16:38+0200] [MainThread] [I] [toil.worker] Working on job 'CWLJob' record-in-secondaryFiles-missing-wf.cwl.step1.record-in-secondaryFiles.cwl kind-CWLJob/instance-4wqb6zbf v4
	[2022-05-12T15:16:38+0200] [MainThread] [I] [toil.worker] Loaded body Job('CWLJob' record-in-secondaryFiles-missing-wf.cwl.step1.record-in-secondaryFiles.cwl kind-CWLJob/instance-4wqb6zbf v4) from description 'CWLJob' record-in-secondaryFiles-missing-wf.cwl.step1.record-in-secondaryFiles.cwl kind-CWLJob/instance-4wqb6zbf v4
	Traceback (most recent call last):
	  File &quot;/home/michael/common-workflow-language/toil5.6.0/lib/python3.10/site-packages/toil/worker.py&quot;, line 405, in workerScript
	    job._runner(jobGraph=None, jobStore=jobStore, fileStore=fileStore, defer=defer)
	  File &quot;/home/michael/common-workflow-language/toil5.6.0/lib/python3.10/site-packages/toil/job.py&quot;, line 2399, in _runner
	    returnValues = self._run(jobGraph=None, fileStore=fileStore)
	  File &quot;/home/michael/common-workflow-language/toil5.6.0/lib/python3.10/site-packages/toil/job.py&quot;, line 2317, in _run
	    return self.run(fileStore)
	  File &quot;/home/michael/common-workflow-language/toil5.6.0/lib/python3.10/site-packages/toil/cwl/cwltoil.py&quot;, line 2046, in run
	    output, status = ToilSingleJobExecutor().execute(
	  File &quot;/home/michael/common-workflow-language/toil5.6.0/lib/python3.10/site-packages/cwltool/executors.py&quot;, line 143, in execute
	    self.run_jobs(process, job_order_object, logger, runtime_context)
	  File &quot;/home/michael/common-workflow-language/toil5.6.0/lib/python3.10/site-packages/toil/cwl/cwltoil.py&quot;, line 922, in run_jobs
	    return super().run_jobs(process, job_order_object, logger, runtime_context)
	  File &quot;/home/michael/common-workflow-language/toil5.6.0/lib/python3.10/site-packages/cwltool/executors.py&quot;, line 227, in run_jobs
	    for job in jobiter:
	  File &quot;/home/michael/common-workflow-language/toil5.6.0/lib/python3.10/site-packages/cwltool/command_line_tool.py&quot;, line 953, in job
	    builder = self._init_job(job_order, runtimeContext)
	  File &quot;/home/michael/common-workflow-language/toil5.6.0/lib/python3.10/site-packages/cwltool/process.py&quot;, line 920, in _init_job
	    builder.bind_input(
	  File &quot;/home/michael/common-workflow-language/toil5.6.0/lib/python3.10/site-packages/cwltool/builder.py&quot;, line 355, in bind_input
	    self.bind_input(
	  File &quot;/home/michael/common-workflow-language/toil5.6.0/lib/python3.10/site-packages/cwltool/builder.py&quot;, line 321, in bind_input
	    self.bind_input(
	  File &quot;/home/michael/common-workflow-language/toil5.6.0/lib/python3.10/site-packages/cwltool/builder.py&quot;, line 355, in bind_input
	    self.bind_input(
	  File &quot;/home/michael/common-workflow-language/toil5.6.0/lib/python3.10/site-packages/cwltool/builder.py&quot;, line 539, in bind_input
	    raise SourceLine(
	cwltool.errors.WorkflowException: tests/record-in-secondaryFiles.cwl:10:11: Missing required secondary file 'A.s2' from file object: {
	tests/record-in-secondaryFiles.cwl:10:11:     &quot;class&quot;: &quot;File&quot;,
	tests/record-in-secondaryFiles.cwl:10:11:     &quot;location&quot;: &quot;file:///home/michael/cwl-v1.1/tests/rec/A&quot;,
	tests/record-in-secondaryFiles.cwl:10:11:     &quot;size&quot;: 0,
	tests/record-in-secondaryFiles.cwl:10:11:     &quot;basename&quot;: &quot;A&quot;,
	tests/record-in-secondaryFiles.cwl:10:11:     &quot;nameroot&quot;: &quot;A&quot;,
	tests/record-in-secondaryFiles.cwl:10:11:     &quot;nameext&quot;: &quot;&quot;,
	tests/record-in-secondaryFiles.cwl:10:11:     &quot;secondaryFiles&quot;: []
	tests/record-in-secondaryFiles.cwl:10:11: }
	[2022-05-12T15:16:38+0200] [MainThread] [E] [toil.worker] Exiting the worker because of a failed job on host mrc-tux
&lt;=========
</system-err>
		</testcase>
		<testcase name="Test format on anonymous record fields" time="4.735681" class="command_line_tool, required" file="input_records_file_entry_with_format" url="cwltest:conformance_tests#205">
			<system-out>{}</system-out>
			<system-err>[2022-05-12T15:16:33+0200] [MainThread] [I] [cwltool] Resolved 'tests/record-in-format.cwl' to 'file:///home/michael/cwl-v1.1/tests/record-in-format.cwl'
[2022-05-12T15:16:35+0200] [MainThread] [I] [toil.job] Saving graph of 1 jobs, 1 new
[2022-05-12T15:16:35+0200] [MainThread] [I] [toil.job] Processing job 'CWLJob' record-in-format.cwl kind-CWLJob/instance-nnrtzxkm v0
[2022-05-12T15:16:35+0200] [MainThread] [I] [toil] Running Toil version 5.6.0-c34146a6437e4407a61e946e968bcce67a0ebbca on host mrc-tux.
[2022-05-12T15:16:35+0200] [MainThread] [I] [toil.leader] Issued job 'CWLJob' record-in-format.cwl kind-CWLJob/instance-nnrtzxkm v1 with job batch system ID: 0 and cores: 1, disk: 3.0 Gi, and memory: 2.0 Gi
[2022-05-12T15:16:35+0200] [MainThread] [I] [toil.worker] Redirecting logging to /tmp/596ce0af871f5227b0954d8f148b6621/cb46/worker_log.txt
[2022-05-12T15:16:36+0200] [MainThread] [I] [toil.leader] 0 jobs are running, 0 jobs are issued and waiting to run
[2022-05-12T15:16:37+0200] [MainThread] [I] [toil.leader] Finished toil run successfully.
[2022-05-12T15:16:37+0200] [MainThread] [I] [toil.common] Successfully deleted the job store: FileJobStore(/tmp/tmpui452di3)
</system-err>
		</testcase>
		<testcase name="Test file format checking on parameter" time="2.913268" class="command_line_tool, format_checking" file="input_records_file_entry_with_format_and_bad_regular_input_file_format" url="cwltest:conformance_tests#206">
			<system-err>[2022-05-12T15:16:34+0200] [MainThread] [I] [cwltool] Resolved 'tests/record-in-format.cwl' to 'file:///home/michael/cwl-v1.1/tests/record-in-format.cwl'
Traceback (most recent call last):
  File &quot;/home/michael/common-workflow-language/toil5.6.0/lib/python3.10/site-packages/cwltool/builder.py&quot;, line 583, in bind_input
    check_format(
  File &quot;/home/michael/common-workflow-language/toil5.6.0/lib/python3.10/site-packages/cwltool/builder.py&quot;, line 132, in check_format
    raise ValidationException(
schema_salad.exceptions.ValidationException: File has an incompatible format: {
    &quot;class&quot;: &quot;File&quot;,
    &quot;location&quot;: &quot;file:///home/michael/cwl-v1.1/tests/rec/D&quot;,
    &quot;format&quot;: &quot;http://example.com/formatZ&quot;,
    &quot;size&quot;: 0,
    &quot;basename&quot;: &quot;D&quot;,
    &quot;nameroot&quot;: &quot;D&quot;,
    &quot;nameext&quot;: &quot;&quot;,
    &quot;streamable&quot;: false
}

The above exception was the direct cause of the following exception:

Traceback (most recent call last):
  File &quot;/home/michael/common-workflow-language/toil5.6.0/bin/toil-cwl-runner&quot;, line 8, in &lt;module&gt;
    sys.exit(main())
  File &quot;/home/michael/common-workflow-language/toil5.6.0/lib/python3.10/site-packages/toil/cwl/cwltoil.py&quot;, line 3418, in main
    builder = tool._init_job(initialized_job_order, runtime_context)
  File &quot;/home/michael/common-workflow-language/toil5.6.0/lib/python3.10/site-packages/cwltool/process.py&quot;, line 920, in _init_job
    builder.bind_input(
  File &quot;/home/michael/common-workflow-language/toil5.6.0/lib/python3.10/site-packages/cwltool/builder.py&quot;, line 355, in bind_input
    self.bind_input(
  File &quot;/home/michael/common-workflow-language/toil5.6.0/lib/python3.10/site-packages/cwltool/builder.py&quot;, line 589, in bind_input
    raise WorkflowException(
cwltool.errors.WorkflowException: Expected value of 'regular_input' to have format http://example.com/format1 but
  File has an incompatible format: {
    &quot;class&quot;: &quot;File&quot;,
    &quot;location&quot;: &quot;file:///home/michael/cwl-v1.1/tests/rec/D&quot;,
    &quot;format&quot;: &quot;http://example.com/formatZ&quot;,
    &quot;size&quot;: 0,
    &quot;basename&quot;: &quot;D&quot;,
    &quot;nameroot&quot;: &quot;D&quot;,
    &quot;nameext&quot;: &quot;&quot;,
    &quot;streamable&quot;: false
}
</system-err>
		</testcase>
		<testcase name="Test file format checking on record field" time="3.066274" class="command_line_tool, format_checking" file="input_records_file_entry_with_format_and_bad_entry_file_format" url="cwltest:conformance_tests#207">
			<system-err>[2022-05-12T15:16:37+0200] [MainThread] [I] [cwltool] Resolved 'tests/record-in-format.cwl' to 'file:///home/michael/cwl-v1.1/tests/record-in-format.cwl'
Traceback (most recent call last):
  File &quot;/home/michael/common-workflow-language/toil5.6.0/lib/python3.10/site-packages/cwltool/builder.py&quot;, line 583, in bind_input
    check_format(
  File &quot;/home/michael/common-workflow-language/toil5.6.0/lib/python3.10/site-packages/cwltool/builder.py&quot;, line 132, in check_format
    raise ValidationException(
schema_salad.exceptions.ValidationException: File has an incompatible format: {
    &quot;class&quot;: &quot;File&quot;,
    &quot;location&quot;: &quot;file:///home/michael/cwl-v1.1/tests/rec/A&quot;,
    &quot;format&quot;: &quot;http://example.com/formatZ&quot;,
    &quot;size&quot;: 0,
    &quot;basename&quot;: &quot;A&quot;,
    &quot;nameroot&quot;: &quot;A&quot;,
    &quot;nameext&quot;: &quot;&quot;
}

The above exception was the direct cause of the following exception:

Traceback (most recent call last):
  File &quot;/home/michael/common-workflow-language/toil5.6.0/bin/toil-cwl-runner&quot;, line 8, in &lt;module&gt;
    sys.exit(main())
  File &quot;/home/michael/common-workflow-language/toil5.6.0/lib/python3.10/site-packages/toil/cwl/cwltoil.py&quot;, line 3418, in main
    builder = tool._init_job(initialized_job_order, runtime_context)
  File &quot;/home/michael/common-workflow-language/toil5.6.0/lib/python3.10/site-packages/cwltool/process.py&quot;, line 920, in _init_job
    builder.bind_input(
  File &quot;/home/michael/common-workflow-language/toil5.6.0/lib/python3.10/site-packages/cwltool/builder.py&quot;, line 355, in bind_input
    self.bind_input(
  File &quot;/home/michael/common-workflow-language/toil5.6.0/lib/python3.10/site-packages/cwltool/builder.py&quot;, line 321, in bind_input
    self.bind_input(
  File &quot;/home/michael/common-workflow-language/toil5.6.0/lib/python3.10/site-packages/cwltool/builder.py&quot;, line 355, in bind_input
    self.bind_input(
  File &quot;/home/michael/common-workflow-language/toil5.6.0/lib/python3.10/site-packages/cwltool/builder.py&quot;, line 589, in bind_input
    raise WorkflowException(
cwltool.errors.WorkflowException: Expected value of 'f1' to have format http://example.com/format1 but
  File has an incompatible format: {
    &quot;class&quot;: &quot;File&quot;,
    &quot;location&quot;: &quot;file:///home/michael/cwl-v1.1/tests/rec/A&quot;,
    &quot;format&quot;: &quot;http://example.com/formatZ&quot;,
    &quot;size&quot;: 0,
    &quot;basename&quot;: &quot;A&quot;,
    &quot;nameroot&quot;: &quot;A&quot;,
    &quot;nameext&quot;: &quot;&quot;
}
</system-err>
		</testcase>
		<testcase name="Test file format checking on array item" time="2.858814" class="command_line_tool, format_checking" file="input_records_file_entry_with_format_and_bad_entry_array_file_format" url="cwltest:conformance_tests#208">
			<system-err>[2022-05-12T15:16:38+0200] [MainThread] [I] [cwltool] Resolved 'tests/record-in-format.cwl' to 'file:///home/michael/cwl-v1.1/tests/record-in-format.cwl'
Traceback (most recent call last):
  File &quot;/home/michael/common-workflow-language/toil5.6.0/lib/python3.10/site-packages/cwltool/builder.py&quot;, line 583, in bind_input
    check_format(
  File &quot;/home/michael/common-workflow-language/toil5.6.0/lib/python3.10/site-packages/cwltool/builder.py&quot;, line 132, in check_format
    raise ValidationException(
schema_salad.exceptions.ValidationException: File has an incompatible format: {
    &quot;class&quot;: &quot;File&quot;,
    &quot;location&quot;: &quot;file:///home/michael/cwl-v1.1/tests/rec/C&quot;,
    &quot;format&quot;: &quot;http://example.com/formatZ&quot;,
    &quot;size&quot;: 0,
    &quot;basename&quot;: &quot;C&quot;,
    &quot;nameroot&quot;: &quot;C&quot;,
    &quot;nameext&quot;: &quot;&quot;
}

During handling of the above exception, another exception occurred:

Traceback (most recent call last):
  File &quot;/home/michael/common-workflow-language/toil5.6.0/bin/toil-cwl-runner&quot;, line 8, in &lt;module&gt;
    sys.exit(main())
  File &quot;/home/michael/common-workflow-language/toil5.6.0/lib/python3.10/site-packages/toil/cwl/cwltoil.py&quot;, line 3418, in main
    builder = tool._init_job(initialized_job_order, runtime_context)
  File &quot;/home/michael/common-workflow-language/toil5.6.0/lib/python3.10/site-packages/cwltool/process.py&quot;, line 920, in _init_job
    builder.bind_input(
  File &quot;/home/michael/common-workflow-language/toil5.6.0/lib/python3.10/site-packages/cwltool/builder.py&quot;, line 355, in bind_input
    self.bind_input(
  File &quot;/home/michael/common-workflow-language/toil5.6.0/lib/python3.10/site-packages/cwltool/builder.py&quot;, line 321, in bind_input
    self.bind_input(
  File &quot;/home/michael/common-workflow-language/toil5.6.0/lib/python3.10/site-packages/cwltool/builder.py&quot;, line 355, in bind_input
    self.bind_input(
  File &quot;/home/michael/common-workflow-language/toil5.6.0/lib/python3.10/site-packages/cwltool/builder.py&quot;, line 321, in bind_input
    self.bind_input(
  File &quot;/home/michael/common-workflow-language/toil5.6.0/lib/python3.10/site-packages/cwltool/builder.py&quot;, line 380, in bind_input
    self.bind_input(
  File &quot;/home/michael/common-workflow-language/toil5.6.0/lib/python3.10/site-packages/cwltool/builder.py&quot;, line 591, in bind_input
    &quot; %s&quot; % (schema[&quot;name&quot;], schema[&quot;format&quot;], ve)
KeyError: 'name'
</system-err>
		</testcase>
		<testcase name="Test format on output record fields" time="4.558626" class="command_line_tool, format_checking" file="record_output_file_entry_format" url="cwltest:conformance_tests#209">
			<system-out>{
    &quot;f1out&quot;: {
        &quot;class&quot;: &quot;File&quot;,
        &quot;location&quot;: &quot;file:///tmp/tmp29o3x7jb/A&quot;,
        &quot;size&quot;: 0,
        &quot;basename&quot;: &quot;A&quot;,
        &quot;nameroot&quot;: &quot;A&quot;,
        &quot;nameext&quot;: &quot;&quot;,
        &quot;format&quot;: &quot;http://example.com/format1&quot;,
        &quot;checksum&quot;: &quot;sha1$da39a3ee5e6b4b0d3255bfef95601890afd80709&quot;
    },
    &quot;record_output&quot;: {
        &quot;f2out&quot;: {
            &quot;class&quot;: &quot;File&quot;,
            &quot;location&quot;: &quot;file:///tmp/tmp29o3x7jb/B&quot;,
            &quot;size&quot;: 0,
            &quot;basename&quot;: &quot;B&quot;,
            &quot;nameroot&quot;: &quot;B&quot;,
            &quot;nameext&quot;: &quot;&quot;,
            &quot;format&quot;: &quot;http://example.com/format2&quot;,
            &quot;checksum&quot;: &quot;sha1$da39a3ee5e6b4b0d3255bfef95601890afd80709&quot;
        }
    }
}</system-out>
			<system-err>[2022-05-12T15:16:40+0200] [MainThread] [I] [cwltool] Resolved 'tests/record-out-format.cwl' to 'file:///home/michael/cwl-v1.1/tests/record-out-format.cwl'
[2022-05-12T15:16:42+0200] [MainThread] [I] [toil.job] Saving graph of 1 jobs, 1 new
[2022-05-12T15:16:42+0200] [MainThread] [I] [toil.job] Processing job 'CWLJob' record-out-format.cwl kind-CWLJob/instance-d_bo96az v0
[2022-05-12T15:16:42+0200] [MainThread] [I] [toil] Running Toil version 5.6.0-c34146a6437e4407a61e946e968bcce67a0ebbca on host mrc-tux.
[2022-05-12T15:16:42+0200] [MainThread] [I] [toil.leader] Issued job 'CWLJob' record-out-format.cwl kind-CWLJob/instance-d_bo96az v1 with job batch system ID: 0 and cores: 1, disk: 3.0 Gi, and memory: 2.0 Gi
[2022-05-12T15:16:42+0200] [MainThread] [I] [toil.worker] Redirecting logging to /tmp/57de301f0a035e52a60513f1c68a5403/5068/worker_log.txt
[2022-05-12T15:16:43+0200] [MainThread] [I] [toil.leader] 0 jobs are running, 0 jobs are issued and waiting to run
[2022-05-12T15:16:44+0200] [MainThread] [I] [toil.leader] Finished toil run successfully.
[2022-05-12T15:16:44+0200] [MainThread] [I] [toil.common] Successfully deleted the job store: FileJobStore(/tmp/tmp6k9xwxhz)
</system-err>
		</testcase>
		<testcase name="Test WorkflowInputParameter.inputBinding.loadContents" time="8.737564" class="workflow, step_input, inline_javascript, expression_tool" file="workflow_input_inputBinding_loadContents" url="cwltest:conformance_tests#210">
			<system-out>{
    &quot;my_int&quot;: 42
}</system-out>
			<system-err>[2022-05-12T15:16:41+0200] [MainThread] [I] [cwltool] Resolved 'tests/wf-loadContents.cwl' to 'file:///home/michael/cwl-v1.1/tests/wf-loadContents.cwl'
[2022-05-12T15:16:44+0200] [MainThread] [I] [toil.job] Saving graph of 2 jobs, 2 new
[2022-05-12T15:16:44+0200] [MainThread] [I] [toil.job] Processing job 'ResolveIndirect' kind-ResolveIndirect/instance-ikevoi3h v0
[2022-05-12T15:16:44+0200] [MainThread] [I] [toil.job] Processing job 'CWLWorkflow' kind-CWLWorkflow/instance-3qb7ots_ v0
[2022-05-12T15:16:44+0200] [MainThread] [I] [toil] Running Toil version 5.6.0-c34146a6437e4407a61e946e968bcce67a0ebbca on host mrc-tux.
[2022-05-12T15:16:44+0200] [MainThread] [I] [toil.worker] Redirecting logging to /tmp/3bd4324fcdbe58e3940952d71d272f4a/6570/worker_log.txt
[2022-05-12T15:16:44+0200] [MainThread] [I] [toil.leader] 0 jobs are running, 0 jobs are issued and waiting to run
[2022-05-12T15:16:44+0200] [MainThread] [I] [toil.leader] Issued job 'CWLJob' wf-loadContents.cwl.one._:c8096dc2-26ca-4c78-870a-77e674b58fd4 kind-CWLJob/instance-71ydqt52 v1 with job batch system ID: 1 and cores: 1, disk: 3.0 Gi, and memory: 2.0 Gi
[2022-05-12T15:16:45+0200] [MainThread] [I] [toil.worker] Redirecting logging to /tmp/3bd4324fcdbe58e3940952d71d272f4a/5b70/worker_log.txt
[2022-05-12T15:16:46+0200] [MainThread] [I] [toil.worker] Redirecting logging to /tmp/3bd4324fcdbe58e3940952d71d272f4a/88aa/worker_log.txt
[2022-05-12T15:16:47+0200] [MainThread] [I] [toil.worker] Redirecting logging to /tmp/3bd4324fcdbe58e3940952d71d272f4a/5ff7/worker_log.txt
[2022-05-12T15:16:49+0200] [MainThread] [I] [toil.leader] Finished toil run successfully.
[2022-05-12T15:16:49+0200] [MainThread] [I] [toil.common] Successfully deleted the job store: FileJobStore(/tmp/tmpw9o41ing)
</system-err>
		</testcase>
		<testcase name="Test WorkflowInputParameter.loadContents" time="8.924821" class="workflow, step_input, inline_javascript, expression_tool" file="workflow_input_loadContents_without_inputBinding" url="cwltest:conformance_tests#211">
			<system-out>{
    &quot;my_int&quot;: 42
}</system-out>
			<system-err>[2022-05-12T15:16:41+0200] [MainThread] [I] [cwltool] Resolved 'tests/wf-loadContents2.cwl' to 'file:///home/michael/cwl-v1.1/tests/wf-loadContents2.cwl'
[2022-05-12T15:16:45+0200] [MainThread] [I] [toil.job] Saving graph of 2 jobs, 2 new
[2022-05-12T15:16:45+0200] [MainThread] [I] [toil.job] Processing job 'ResolveIndirect' kind-ResolveIndirect/instance-90k7bect v0
[2022-05-12T15:16:45+0200] [MainThread] [I] [toil.job] Processing job 'CWLWorkflow' kind-CWLWorkflow/instance-9q7oxz_8 v0
[2022-05-12T15:16:45+0200] [MainThread] [I] [toil] Running Toil version 5.6.0-c34146a6437e4407a61e946e968bcce67a0ebbca on host mrc-tux.
[2022-05-12T15:16:45+0200] [MainThread] [I] [toil.worker] Redirecting logging to /tmp/5e5a72203f0d59358ed0f6be8d0fce6d/096c/worker_log.txt
[2022-05-12T15:16:45+0200] [MainThread] [I] [toil.leader] 0 jobs are running, 0 jobs are issued and waiting to run
[2022-05-12T15:16:45+0200] [MainThread] [I] [toil.leader] Issued job 'CWLJob' wf-loadContents2.cwl.one._:783c60ca-110b-4deb-9706-5714dbaa44ea kind-CWLJob/instance-d37i2zik v1 with job batch system ID: 1 and cores: 1, disk: 3.0 Gi, and memory: 2.0 Gi
[2022-05-12T15:16:46+0200] [MainThread] [I] [toil.worker] Redirecting logging to /tmp/5e5a72203f0d59358ed0f6be8d0fce6d/c239/worker_log.txt
[2022-05-12T15:16:47+0200] [MainThread] [I] [toil.worker] Redirecting logging to /tmp/5e5a72203f0d59358ed0f6be8d0fce6d/af67/worker_log.txt
[2022-05-12T15:16:48+0200] [MainThread] [I] [toil.worker] Redirecting logging to /tmp/5e5a72203f0d59358ed0f6be8d0fce6d/5894/worker_log.txt
[2022-05-12T15:16:50+0200] [MainThread] [I] [toil.leader] Finished toil run successfully.
[2022-05-12T15:16:50+0200] [MainThread] [I] [toil.common] Successfully deleted the job store: FileJobStore(/tmp/tmp5k5th1sc)
</system-err>
		</testcase>
		<testcase name="Test loadContents on InputParameter.loadContents (expression)" time="9.217040" class="workflow, step_input, inline_javascript, expression_tool" file="expression_tool_input_loadContents" url="cwltest:conformance_tests#212">
			<system-out>{
    &quot;my_int&quot;: 42
}</system-out>
			<system-err>[2022-05-12T15:16:45+0200] [MainThread] [I] [cwltool] Resolved 'tests/wf-loadContents3.cwl' to 'file:///home/michael/cwl-v1.1/tests/wf-loadContents3.cwl'
[2022-05-12T15:16:48+0200] [MainThread] [I] [toil.job] Saving graph of 2 jobs, 2 new
[2022-05-12T15:16:48+0200] [MainThread] [I] [toil.job] Processing job 'ResolveIndirect' kind-ResolveIndirect/instance-mgkrt34j v0
[2022-05-12T15:16:48+0200] [MainThread] [I] [toil.job] Processing job 'CWLWorkflow' kind-CWLWorkflow/instance-jlhbuac8 v0
[2022-05-12T15:16:48+0200] [MainThread] [I] [toil] Running Toil version 5.6.0-c34146a6437e4407a61e946e968bcce67a0ebbca on host mrc-tux.
[2022-05-12T15:16:49+0200] [MainThread] [I] [toil.worker] Redirecting logging to /tmp/b4a1ffb238b0549b84ec569940cd3bf0/5925/worker_log.txt
[2022-05-12T15:16:49+0200] [MainThread] [I] [toil.leader] 0 jobs are running, 0 jobs are issued and waiting to run
[2022-05-12T15:16:49+0200] [MainThread] [I] [toil.leader] Issued job 'CWLJob' wf-loadContents3.cwl.one._:b9a88cfe-1b5e-4ab0-a351-9580af13a895 kind-CWLJob/instance-bsnotoj8 v1 with job batch system ID: 1 and cores: 1, disk: 3.0 Gi, and memory: 2.0 Gi
[2022-05-12T15:16:49+0200] [MainThread] [I] [toil.worker] Redirecting logging to /tmp/b4a1ffb238b0549b84ec569940cd3bf0/80ca/worker_log.txt
[2022-05-12T15:16:50+0200] [MainThread] [I] [toil.worker] Redirecting logging to /tmp/b4a1ffb238b0549b84ec569940cd3bf0/0da7/worker_log.txt
[2022-05-12T15:16:51+0200] [MainThread] [I] [toil.worker] Redirecting logging to /tmp/b4a1ffb238b0549b84ec569940cd3bf0/d70c/worker_log.txt
[2022-05-12T15:16:53+0200] [MainThread] [I] [toil.leader] Finished toil run successfully.
[2022-05-12T15:16:53+0200] [MainThread] [I] [toil.common] Successfully deleted the job store: FileJobStore(/tmp/tmpi9hzutb_)
</system-err>
		</testcase>
		<testcase name="Test WorkflowStepInput.loadContents" time="9.401551" class="workflow, step_input, inline_javascript, expression_tool" file="workflow_step_in_loadContents" url="cwltest:conformance_tests#213">
			<system-out>{
    &quot;my_int&quot;: 42
}</system-out>
			<system-err>[2022-05-12T15:16:45+0200] [MainThread] [I] [cwltool] Resolved 'tests/wf-loadContents4.cwl' to 'file:///home/michael/cwl-v1.1/tests/wf-loadContents4.cwl'
[2022-05-12T15:16:48+0200] [MainThread] [I] [toil.job] Saving graph of 2 jobs, 2 new
[2022-05-12T15:16:48+0200] [MainThread] [I] [toil.job] Processing job 'ResolveIndirect' kind-ResolveIndirect/instance-mu8zrf5d v0
[2022-05-12T15:16:48+0200] [MainThread] [I] [toil.job] Processing job 'CWLWorkflow' kind-CWLWorkflow/instance-di4i40zg v0
[2022-05-12T15:16:48+0200] [MainThread] [I] [toil] Running Toil version 5.6.0-c34146a6437e4407a61e946e968bcce67a0ebbca on host mrc-tux.
[2022-05-12T15:16:49+0200] [MainThread] [I] [toil.worker] Redirecting logging to /tmp/f8cf8898ca6055879bdb657c366d8ca7/1402/worker_log.txt
[2022-05-12T15:16:49+0200] [MainThread] [I] [toil.leader] 0 jobs are running, 0 jobs are issued and waiting to run
[2022-05-12T15:16:49+0200] [MainThread] [I] [toil.leader] Issued job 'CWLJob' wf-loadContents4.cwl.one._:28bdfd45-57d8-4c32-a300-bb725e53c36f kind-CWLJob/instance-ouoigb2j v1 with job batch system ID: 1 and cores: 1, disk: 3.0 Gi, and memory: 2.0 Gi
[2022-05-12T15:16:50+0200] [MainThread] [I] [toil.worker] Redirecting logging to /tmp/f8cf8898ca6055879bdb657c366d8ca7/8bcb/worker_log.txt
[2022-05-12T15:16:51+0200] [MainThread] [I] [toil.worker] Redirecting logging to /tmp/f8cf8898ca6055879bdb657c366d8ca7/29c1/worker_log.txt
[2022-05-12T15:16:51+0200] [MainThread] [I] [toil.worker] Redirecting logging to /tmp/f8cf8898ca6055879bdb657c366d8ca7/d310/worker_log.txt
[2022-05-12T15:16:53+0200] [MainThread] [I] [toil.leader] Finished toil run successfully.
[2022-05-12T15:16:53+0200] [MainThread] [I] [toil.common] Successfully deleted the job store: FileJobStore(/tmp/tmpbo49wqfq)
</system-err>
		</testcase>
		<testcase name="Test that job fails when exceeding time limit" time="13.784097" class="command_line_tool, timelimit" file="timelimit_basic" url="cwltest:conformance_tests#214">
			<system-err>[2022-05-12T15:16:49+0200] [MainThread] [I] [cwltool] Resolved 'tests/timelimit.cwl' to 'file:///home/michael/cwl-v1.1/tests/timelimit.cwl'
[2022-05-12T15:16:51+0200] [MainThread] [I] [toil.job] Saving graph of 1 jobs, 1 new
[2022-05-12T15:16:51+0200] [MainThread] [I] [toil.job] Processing job 'CWLJob' timelimit.cwl kind-CWLJob/instance-vj4qag9c v0
[2022-05-12T15:16:52+0200] [MainThread] [I] [toil] Running Toil version 5.6.0-c34146a6437e4407a61e946e968bcce67a0ebbca on host mrc-tux.
[2022-05-12T15:16:52+0200] [MainThread] [I] [toil.leader] Issued job 'CWLJob' timelimit.cwl kind-CWLJob/instance-vj4qag9c v1 with job batch system ID: 0 and cores: 1, disk: 3.0 Gi, and memory: 2.0 Gi
[2022-05-12T15:16:52+0200] [MainThread] [I] [toil.worker] Redirecting logging to /tmp/a07d36050a5957d3aea30c8ed396ac7d/e70e/worker_log.txt
[2022-05-12T15:16:54+0200] [MainThread] [I] [toil.leader] 1 jobs are running, 0 jobs are issued and waiting to run
[2022-05-12T15:16:55+0200] [Thread-1 (daddy)] [E] [toil.batchSystems.singleMachine] Got exit code 1 (indicating failure) from job _toil_worker CWLJob file:/tmp/tmp91fxv87g kind-CWLJob/instance-vj4qag9c.
[2022-05-12T15:16:55+0200] [MainThread] [W] [toil.leader] Job failed with exit value 1: 'CWLJob' timelimit.cwl kind-CWLJob/instance-vj4qag9c v1
Exit reason: None
[2022-05-12T15:16:55+0200] [MainThread] [W] [toil.leader] The job seems to have left a log file, indicating failure: 'CWLJob' timelimit.cwl kind-CWLJob/instance-vj4qag9c v2
[2022-05-12T15:16:55+0200] [MainThread] [W] [toil.leader] Log from job &quot;kind-CWLJob/instance-vj4qag9c&quot; follows:
=========&gt;
	[2022-05-12T15:16:52+0200] [MainThread] [I] [toil.worker] ---TOIL WORKER OUTPUT LOG---
	[2022-05-12T15:16:52+0200] [MainThread] [I] [toil] Running Toil version 5.6.0-c34146a6437e4407a61e946e968bcce67a0ebbca on host mrc-tux.
	[2022-05-12T15:16:52+0200] [MainThread] [I] [toil.worker] Working on job 'CWLJob' timelimit.cwl kind-CWLJob/instance-vj4qag9c v1
	[2022-05-12T15:16:52+0200] [MainThread] [I] [toil.worker] Loaded body Job('CWLJob' timelimit.cwl kind-CWLJob/instance-vj4qag9c v1) from description 'CWLJob' timelimit.cwl kind-CWLJob/instance-vj4qag9c v1
	[2022-05-12T15:16:52+0200] [MainThread] [I] [cwltool] [job timelimit.cwl] /tmp/tmp3ml1qp8w$ sleep \
	    15
	[2022-05-12T15:16:55+0200] [Thread-1  ] [W] [cwltool] [job timelimit.cwl] exceeded time limit of 3 seconds and will be terminated
	[2022-05-12T15:16:55+0200] [MainThread] [I] [cwltool] [job timelimit.cwl] Max memory used: 1MiB
	[2022-05-12T15:16:55+0200] [MainThread] [W] [cwltool] [job timelimit.cwl] completed permanentFail
	Traceback (most recent call last):
	  File &quot;/home/michael/common-workflow-language/toil5.6.0/lib/python3.10/site-packages/toil/worker.py&quot;, line 405, in workerScript
	    job._runner(jobGraph=None, jobStore=jobStore, fileStore=fileStore, defer=defer)
	  File &quot;/home/michael/common-workflow-language/toil5.6.0/lib/python3.10/site-packages/toil/job.py&quot;, line 2399, in _runner
	    returnValues = self._run(jobGraph=None, fileStore=fileStore)
	  File &quot;/home/michael/common-workflow-language/toil5.6.0/lib/python3.10/site-packages/toil/job.py&quot;, line 2317, in _run
	    return self.run(fileStore)
	  File &quot;/home/michael/common-workflow-language/toil5.6.0/lib/python3.10/site-packages/toil/cwl/cwltoil.py&quot;, line 2054, in run
	    raise cwltool.errors.WorkflowException(status)
	cwltool.errors.WorkflowException: permanentFail
	[2022-05-12T15:16:55+0200] [MainThread] [E] [toil.worker] Exiting the worker because of a failed job on host mrc-tux
&lt;=========
[2022-05-12T15:16:55+0200] [MainThread] [W] [toil.job] Due to failure we are reducing the remaining try count of job 'CWLJob' timelimit.cwl kind-CWLJob/instance-vj4qag9c v2 with ID kind-CWLJob/instance-vj4qag9c to 1
[2022-05-12T15:16:55+0200] [MainThread] [I] [toil.leader] Issued job 'CWLJob' timelimit.cwl kind-CWLJob/instance-vj4qag9c v3 with job batch system ID: 1 and cores: 1, disk: 3.0 Gi, and memory: 2.0 Gi
[2022-05-12T15:16:56+0200] [MainThread] [I] [toil.worker] Redirecting logging to /tmp/a07d36050a5957d3aea30c8ed396ac7d/27b7/worker_log.txt
[2022-05-12T15:16:59+0200] [Thread-1 (daddy)] [E] [toil.batchSystems.singleMachine] Got exit code 1 (indicating failure) from job _toil_worker CWLJob file:/tmp/tmp91fxv87g kind-CWLJob/instance-vj4qag9c.
[2022-05-12T15:16:59+0200] [MainThread] [W] [toil.leader] Job failed with exit value 1: 'CWLJob' timelimit.cwl kind-CWLJob/instance-vj4qag9c v3
Exit reason: None
[2022-05-12T15:16:59+0200] [MainThread] [W] [toil.leader] The job seems to have left a log file, indicating failure: 'CWLJob' timelimit.cwl kind-CWLJob/instance-vj4qag9c v5
[2022-05-12T15:16:59+0200] [MainThread] [W] [toil.leader] Log from job &quot;kind-CWLJob/instance-vj4qag9c&quot; follows:
=========&gt;
	[2022-05-12T15:16:56+0200] [MainThread] [I] [toil.worker] ---TOIL WORKER OUTPUT LOG---
	[2022-05-12T15:16:56+0200] [MainThread] [I] [toil] Running Toil version 5.6.0-c34146a6437e4407a61e946e968bcce67a0ebbca on host mrc-tux.
	[2022-05-12T15:16:56+0200] [MainThread] [I] [toil.worker] Working on job 'CWLJob' timelimit.cwl kind-CWLJob/instance-vj4qag9c v4
	[2022-05-12T15:16:56+0200] [MainThread] [I] [toil.worker] Loaded body Job('CWLJob' timelimit.cwl kind-CWLJob/instance-vj4qag9c v4) from description 'CWLJob' timelimit.cwl kind-CWLJob/instance-vj4qag9c v4
	[2022-05-12T15:16:56+0200] [MainThread] [I] [cwltool] [job timelimit.cwl] /tmp/tmp9dgd190d$ sleep \
	    15
	[2022-05-12T15:16:59+0200] [Thread-1  ] [W] [cwltool] [job timelimit.cwl] exceeded time limit of 3 seconds and will be terminated
	[2022-05-12T15:16:59+0200] [MainThread] [I] [cwltool] [job timelimit.cwl] Max memory used: 1MiB
	[2022-05-12T15:16:59+0200] [MainThread] [W] [cwltool] [job timelimit.cwl] completed permanentFail
	Traceback (most recent call last):
	  File &quot;/home/michael/common-workflow-language/toil5.6.0/lib/python3.10/site-packages/toil/worker.py&quot;, line 405, in workerScript
	    job._runner(jobGraph=None, jobStore=jobStore, fileStore=fileStore, defer=defer)
	  File &quot;/home/michael/common-workflow-language/toil5.6.0/lib/python3.10/site-packages/toil/job.py&quot;, line 2399, in _runner
	    returnValues = self._run(jobGraph=None, fileStore=fileStore)
	  File &quot;/home/michael/common-workflow-language/toil5.6.0/lib/python3.10/site-packages/toil/job.py&quot;, line 2317, in _run
	    return self.run(fileStore)
	  File &quot;/home/michael/common-workflow-language/toil5.6.0/lib/python3.10/site-packages/toil/cwl/cwltoil.py&quot;, line 2054, in run
	    raise cwltool.errors.WorkflowException(status)
	cwltool.errors.WorkflowException: permanentFail
	[2022-05-12T15:16:59+0200] [MainThread] [E] [toil.worker] Exiting the worker because of a failed job on host mrc-tux
&lt;=========
[2022-05-12T15:16:59+0200] [MainThread] [W] [toil.job] Due to failure we are reducing the remaining try count of job 'CWLJob' timelimit.cwl kind-CWLJob/instance-vj4qag9c v5 with ID kind-CWLJob/instance-vj4qag9c to 0
[2022-05-12T15:16:59+0200] [MainThread] [W] [toil.leader] Job 'CWLJob' timelimit.cwl kind-CWLJob/instance-vj4qag9c v6 is completely failed
[2022-05-12T15:17:03+0200] [MainThread] [I] [toil.leader] Finished toil run with 1 failed jobs.
[2022-05-12T15:17:03+0200] [MainThread] [I] [toil.leader] Failed jobs at end of the run: 'CWLJob' timelimit.cwl kind-CWLJob/instance-vj4qag9c v6
Traceback (most recent call last):
  File &quot;/home/michael/common-workflow-language/toil5.6.0/bin/toil-cwl-runner&quot;, line 8, in &lt;module&gt;
    sys.exit(main())
  File &quot;/home/michael/common-workflow-language/toil5.6.0/lib/python3.10/site-packages/toil/cwl/cwltoil.py&quot;, line 3486, in main
    outobj = toil.start(wf1)
  File &quot;/home/michael/common-workflow-language/toil5.6.0/lib/python3.10/site-packages/toil/common.py&quot;, line 951, in start
    return self._runMainLoop(rootJobDescription)
  File &quot;/home/michael/common-workflow-language/toil5.6.0/lib/python3.10/site-packages/toil/common.py&quot;, line 1278, in _runMainLoop
    jobCache=self._jobCache).run()
  File &quot;/home/michael/common-workflow-language/toil5.6.0/lib/python3.10/site-packages/toil/leader.py&quot;, line 289, in run
    raise FailedJobsException(self.jobStore, failed_jobs, exit_code=self.recommended_fail_exit_code)
toil.leader.FailedJobsException: The job store '/tmp/tmp91fxv87g' contains 1 failed jobs: 'CWLJob' timelimit.cwl kind-CWLJob/instance-vj4qag9c v6
Log from job &quot;'CWLJob' timelimit.cwl kind-CWLJob/instance-vj4qag9c v6&quot; follows:
=========&gt;
	[2022-05-12T15:16:56+0200] [MainThread] [I] [toil.worker] ---TOIL WORKER OUTPUT LOG---
	[2022-05-12T15:16:56+0200] [MainThread] [I] [toil] Running Toil version 5.6.0-c34146a6437e4407a61e946e968bcce67a0ebbca on host mrc-tux.
	[2022-05-12T15:16:56+0200] [MainThread] [I] [toil.worker] Working on job 'CWLJob' timelimit.cwl kind-CWLJob/instance-vj4qag9c v4
	[2022-05-12T15:16:56+0200] [MainThread] [I] [toil.worker] Loaded body Job('CWLJob' timelimit.cwl kind-CWLJob/instance-vj4qag9c v4) from description 'CWLJob' timelimit.cwl kind-CWLJob/instance-vj4qag9c v4
	[2022-05-12T15:16:56+0200] [MainThread] [I] [cwltool] [job timelimit.cwl] /tmp/tmp9dgd190d$ sleep \
	    15
	[2022-05-12T15:16:59+0200] [Thread-1  ] [W] [cwltool] [job timelimit.cwl] exceeded time limit of 3 seconds and will be terminated
	[2022-05-12T15:16:59+0200] [MainThread] [I] [cwltool] [job timelimit.cwl] Max memory used: 1MiB
	[2022-05-12T15:16:59+0200] [MainThread] [W] [cwltool] [job timelimit.cwl] completed permanentFail
	Traceback (most recent call last):
	  File &quot;/home/michael/common-workflow-language/toil5.6.0/lib/python3.10/site-packages/toil/worker.py&quot;, line 405, in workerScript
	    job._runner(jobGraph=None, jobStore=jobStore, fileStore=fileStore, defer=defer)
	  File &quot;/home/michael/common-workflow-language/toil5.6.0/lib/python3.10/site-packages/toil/job.py&quot;, line 2399, in _runner
	    returnValues = self._run(jobGraph=None, fileStore=fileStore)
	  File &quot;/home/michael/common-workflow-language/toil5.6.0/lib/python3.10/site-packages/toil/job.py&quot;, line 2317, in _run
	    return self.run(fileStore)
	  File &quot;/home/michael/common-workflow-language/toil5.6.0/lib/python3.10/site-packages/toil/cwl/cwltoil.py&quot;, line 2054, in run
	    raise cwltool.errors.WorkflowException(status)
	cwltool.errors.WorkflowException: permanentFail
	[2022-05-12T15:16:59+0200] [MainThread] [E] [toil.worker] Exiting the worker because of a failed job on host mrc-tux
&lt;=========
</system-err>
		</testcase>
		<testcase name="Test invalid time limit value" time="8.308746" class="command_line_tool, timelimit" file="timelimit_invalid" url="cwltest:conformance_tests#215">
			<system-err>[2022-05-12T15:16:50+0200] [MainThread] [I] [cwltool] Resolved 'tests/timelimit2.cwl' to 'file:///home/michael/cwl-v1.1/tests/timelimit2.cwl'
[2022-05-12T15:16:52+0200] [MainThread] [I] [toil.job] Saving graph of 1 jobs, 1 new
[2022-05-12T15:16:52+0200] [MainThread] [I] [toil.job] Processing job 'CWLJob' timelimit2.cwl kind-CWLJob/instance-7fhs6ju3 v0
[2022-05-12T15:16:52+0200] [MainThread] [I] [toil] Running Toil version 5.6.0-c34146a6437e4407a61e946e968bcce67a0ebbca on host mrc-tux.
[2022-05-12T15:16:52+0200] [MainThread] [I] [toil.leader] Issued job 'CWLJob' timelimit2.cwl kind-CWLJob/instance-7fhs6ju3 v1 with job batch system ID: 0 and cores: 1, disk: 3.0 Gi, and memory: 2.0 Gi
[2022-05-12T15:16:53+0200] [MainThread] [I] [toil.worker] Redirecting logging to /tmp/26366a57336f58188b302001f2189748/2f61/worker_log.txt
[2022-05-12T15:16:53+0200] [Thread-1 (daddy)] [E] [toil.batchSystems.singleMachine] Got exit code 1 (indicating failure) from job _toil_worker CWLJob file:/tmp/tmpeiamjsmc kind-CWLJob/instance-7fhs6ju3.
[2022-05-12T15:16:53+0200] [MainThread] [W] [toil.leader] Job failed with exit value 1: 'CWLJob' timelimit2.cwl kind-CWLJob/instance-7fhs6ju3 v1
Exit reason: None
[2022-05-12T15:16:53+0200] [MainThread] [W] [toil.leader] The job seems to have left a log file, indicating failure: 'CWLJob' timelimit2.cwl kind-CWLJob/instance-7fhs6ju3 v2
[2022-05-12T15:16:53+0200] [MainThread] [W] [toil.leader] Log from job &quot;kind-CWLJob/instance-7fhs6ju3&quot; follows:
=========&gt;
	[2022-05-12T15:16:53+0200] [MainThread] [I] [toil.worker] ---TOIL WORKER OUTPUT LOG---
	[2022-05-12T15:16:53+0200] [MainThread] [I] [toil] Running Toil version 5.6.0-c34146a6437e4407a61e946e968bcce67a0ebbca on host mrc-tux.
	[2022-05-12T15:16:53+0200] [MainThread] [I] [toil.worker] Working on job 'CWLJob' timelimit2.cwl kind-CWLJob/instance-7fhs6ju3 v1
	[2022-05-12T15:16:53+0200] [MainThread] [I] [toil.worker] Loaded body Job('CWLJob' timelimit2.cwl kind-CWLJob/instance-7fhs6ju3 v1) from description 'CWLJob' timelimit2.cwl kind-CWLJob/instance-7fhs6ju3 v1
	Traceback (most recent call last):
	  File &quot;/home/michael/common-workflow-language/toil5.6.0/lib/python3.10/site-packages/cwltool/command_line_tool.py&quot;, line 1116, in job
	    raise WorkflowException(
	cwltool.errors.WorkflowException: timelimit must be an integer &gt;= 0, got: -1
	
	During handling of the above exception, another exception occurred:
	
	Traceback (most recent call last):
	  File &quot;/home/michael/common-workflow-language/toil5.6.0/lib/python3.10/site-packages/toil/worker.py&quot;, line 405, in workerScript
	    job._runner(jobGraph=None, jobStore=jobStore, fileStore=fileStore, defer=defer)
	  File &quot;/home/michael/common-workflow-language/toil5.6.0/lib/python3.10/site-packages/toil/job.py&quot;, line 2399, in _runner
	    returnValues = self._run(jobGraph=None, fileStore=fileStore)
	  File &quot;/home/michael/common-workflow-language/toil5.6.0/lib/python3.10/site-packages/toil/job.py&quot;, line 2317, in _run
	    return self.run(fileStore)
	  File &quot;/home/michael/common-workflow-language/toil5.6.0/lib/python3.10/site-packages/toil/cwl/cwltoil.py&quot;, line 2046, in run
	    output, status = ToilSingleJobExecutor().execute(
	  File &quot;/home/michael/common-workflow-language/toil5.6.0/lib/python3.10/site-packages/cwltool/executors.py&quot;, line 143, in execute
	    self.run_jobs(process, job_order_object, logger, runtime_context)
	  File &quot;/home/michael/common-workflow-language/toil5.6.0/lib/python3.10/site-packages/toil/cwl/cwltoil.py&quot;, line 922, in run_jobs
	    return super().run_jobs(process, job_order_object, logger, runtime_context)
	  File &quot;/home/michael/common-workflow-language/toil5.6.0/lib/python3.10/site-packages/cwltool/executors.py&quot;, line 227, in run_jobs
	    for job in jobiter:
	  File &quot;/home/michael/common-workflow-language/toil5.6.0/lib/python3.10/site-packages/cwltool/command_line_tool.py&quot;, line 1104, in job
	    with SourceLine(timelimit, &quot;timelimit&quot;, ValidationException, debug):
	  File &quot;schema_salad/sourceline.py&quot;, line 256, in __exit__
	schema_salad.exceptions.ValidationException: tests/timelimit2.cwl:7:5: timelimit must be an integer &gt;= 0, got: -1
	[2022-05-12T15:16:53+0200] [MainThread] [E] [toil.worker] Exiting the worker because of a failed job on host mrc-tux
&lt;=========
[2022-05-12T15:16:53+0200] [MainThread] [W] [toil.job] Due to failure we are reducing the remaining try count of job 'CWLJob' timelimit2.cwl kind-CWLJob/instance-7fhs6ju3 v2 with ID kind-CWLJob/instance-7fhs6ju3 to 1
[2022-05-12T15:16:53+0200] [MainThread] [I] [toil.leader] 0 jobs are running, 0 jobs are issued and waiting to run
[2022-05-12T15:16:53+0200] [MainThread] [I] [toil.leader] Issued job 'CWLJob' timelimit2.cwl kind-CWLJob/instance-7fhs6ju3 v3 with job batch system ID: 1 and cores: 1, disk: 3.0 Gi, and memory: 2.0 Gi
[2022-05-12T15:16:54+0200] [MainThread] [I] [toil.worker] Redirecting logging to /tmp/26366a57336f58188b302001f2189748/b92e/worker_log.txt
[2022-05-12T15:16:54+0200] [Thread-1 (daddy)] [E] [toil.batchSystems.singleMachine] Got exit code 1 (indicating failure) from job _toil_worker CWLJob file:/tmp/tmpeiamjsmc kind-CWLJob/instance-7fhs6ju3.
[2022-05-12T15:16:54+0200] [MainThread] [W] [toil.leader] Job failed with exit value 1: 'CWLJob' timelimit2.cwl kind-CWLJob/instance-7fhs6ju3 v3
Exit reason: None
[2022-05-12T15:16:54+0200] [MainThread] [W] [toil.leader] The job seems to have left a log file, indicating failure: 'CWLJob' timelimit2.cwl kind-CWLJob/instance-7fhs6ju3 v5
[2022-05-12T15:16:54+0200] [MainThread] [W] [toil.leader] Log from job &quot;kind-CWLJob/instance-7fhs6ju3&quot; follows:
=========&gt;
	[2022-05-12T15:16:54+0200] [MainThread] [I] [toil.worker] ---TOIL WORKER OUTPUT LOG---
	[2022-05-12T15:16:54+0200] [MainThread] [I] [toil] Running Toil version 5.6.0-c34146a6437e4407a61e946e968bcce67a0ebbca on host mrc-tux.
	[2022-05-12T15:16:54+0200] [MainThread] [I] [toil.worker] Working on job 'CWLJob' timelimit2.cwl kind-CWLJob/instance-7fhs6ju3 v4
	[2022-05-12T15:16:54+0200] [MainThread] [I] [toil.worker] Loaded body Job('CWLJob' timelimit2.cwl kind-CWLJob/instance-7fhs6ju3 v4) from description 'CWLJob' timelimit2.cwl kind-CWLJob/instance-7fhs6ju3 v4
	Traceback (most recent call last):
	  File &quot;/home/michael/common-workflow-language/toil5.6.0/lib/python3.10/site-packages/cwltool/command_line_tool.py&quot;, line 1116, in job
	    raise WorkflowException(
	cwltool.errors.WorkflowException: timelimit must be an integer &gt;= 0, got: -1
	
	During handling of the above exception, another exception occurred:
	
	Traceback (most recent call last):
	  File &quot;/home/michael/common-workflow-language/toil5.6.0/lib/python3.10/site-packages/toil/worker.py&quot;, line 405, in workerScript
	    job._runner(jobGraph=None, jobStore=jobStore, fileStore=fileStore, defer=defer)
	  File &quot;/home/michael/common-workflow-language/toil5.6.0/lib/python3.10/site-packages/toil/job.py&quot;, line 2399, in _runner
	    returnValues = self._run(jobGraph=None, fileStore=fileStore)
	  File &quot;/home/michael/common-workflow-language/toil5.6.0/lib/python3.10/site-packages/toil/job.py&quot;, line 2317, in _run
	    return self.run(fileStore)
	  File &quot;/home/michael/common-workflow-language/toil5.6.0/lib/python3.10/site-packages/toil/cwl/cwltoil.py&quot;, line 2046, in run
	    output, status = ToilSingleJobExecutor().execute(
	  File &quot;/home/michael/common-workflow-language/toil5.6.0/lib/python3.10/site-packages/cwltool/executors.py&quot;, line 143, in execute
	    self.run_jobs(process, job_order_object, logger, runtime_context)
	  File &quot;/home/michael/common-workflow-language/toil5.6.0/lib/python3.10/site-packages/toil/cwl/cwltoil.py&quot;, line 922, in run_jobs
	    return super().run_jobs(process, job_order_object, logger, runtime_context)
	  File &quot;/home/michael/common-workflow-language/toil5.6.0/lib/python3.10/site-packages/cwltool/executors.py&quot;, line 227, in run_jobs
	    for job in jobiter:
	  File &quot;/home/michael/common-workflow-language/toil5.6.0/lib/python3.10/site-packages/cwltool/command_line_tool.py&quot;, line 1104, in job
	    with SourceLine(timelimit, &quot;timelimit&quot;, ValidationException, debug):
	  File &quot;schema_salad/sourceline.py&quot;, line 256, in __exit__
	schema_salad.exceptions.ValidationException: tests/timelimit2.cwl:7:5: timelimit must be an integer &gt;= 0, got: -1
	[2022-05-12T15:16:54+0200] [MainThread] [E] [toil.worker] Exiting the worker because of a failed job on host mrc-tux
&lt;=========
[2022-05-12T15:16:54+0200] [MainThread] [W] [toil.job] Due to failure we are reducing the remaining try count of job 'CWLJob' timelimit2.cwl kind-CWLJob/instance-7fhs6ju3 v5 with ID kind-CWLJob/instance-7fhs6ju3 to 0
[2022-05-12T15:16:54+0200] [MainThread] [W] [toil.leader] Job 'CWLJob' timelimit2.cwl kind-CWLJob/instance-7fhs6ju3 v6 is completely failed
[2022-05-12T15:16:58+0200] [MainThread] [I] [toil.leader] Finished toil run with 1 failed jobs.
[2022-05-12T15:16:58+0200] [MainThread] [I] [toil.leader] Failed jobs at end of the run: 'CWLJob' timelimit2.cwl kind-CWLJob/instance-7fhs6ju3 v6
Traceback (most recent call last):
  File &quot;/home/michael/common-workflow-language/toil5.6.0/bin/toil-cwl-runner&quot;, line 8, in &lt;module&gt;
    sys.exit(main())
  File &quot;/home/michael/common-workflow-language/toil5.6.0/lib/python3.10/site-packages/toil/cwl/cwltoil.py&quot;, line 3486, in main
    outobj = toil.start(wf1)
  File &quot;/home/michael/common-workflow-language/toil5.6.0/lib/python3.10/site-packages/toil/common.py&quot;, line 951, in start
    return self._runMainLoop(rootJobDescription)
  File &quot;/home/michael/common-workflow-language/toil5.6.0/lib/python3.10/site-packages/toil/common.py&quot;, line 1278, in _runMainLoop
    jobCache=self._jobCache).run()
  File &quot;/home/michael/common-workflow-language/toil5.6.0/lib/python3.10/site-packages/toil/leader.py&quot;, line 289, in run
    raise FailedJobsException(self.jobStore, failed_jobs, exit_code=self.recommended_fail_exit_code)
toil.leader.FailedJobsException: The job store '/tmp/tmpeiamjsmc' contains 1 failed jobs: 'CWLJob' timelimit2.cwl kind-CWLJob/instance-7fhs6ju3 v6
Log from job &quot;'CWLJob' timelimit2.cwl kind-CWLJob/instance-7fhs6ju3 v6&quot; follows:
=========&gt;
	[2022-05-12T15:16:54+0200] [MainThread] [I] [toil.worker] ---TOIL WORKER OUTPUT LOG---
	[2022-05-12T15:16:54+0200] [MainThread] [I] [toil] Running Toil version 5.6.0-c34146a6437e4407a61e946e968bcce67a0ebbca on host mrc-tux.
	[2022-05-12T15:16:54+0200] [MainThread] [I] [toil.worker] Working on job 'CWLJob' timelimit2.cwl kind-CWLJob/instance-7fhs6ju3 v4
	[2022-05-12T15:16:54+0200] [MainThread] [I] [toil.worker] Loaded body Job('CWLJob' timelimit2.cwl kind-CWLJob/instance-7fhs6ju3 v4) from description 'CWLJob' timelimit2.cwl kind-CWLJob/instance-7fhs6ju3 v4
	Traceback (most recent call last):
	  File &quot;/home/michael/common-workflow-language/toil5.6.0/lib/python3.10/site-packages/cwltool/command_line_tool.py&quot;, line 1116, in job
	    raise WorkflowException(
	cwltool.errors.WorkflowException: timelimit must be an integer &gt;= 0, got: -1
	
	During handling of the above exception, another exception occurred:
	
	Traceback (most recent call last):
	  File &quot;/home/michael/common-workflow-language/toil5.6.0/lib/python3.10/site-packages/toil/worker.py&quot;, line 405, in workerScript
	    job._runner(jobGraph=None, jobStore=jobStore, fileStore=fileStore, defer=defer)
	  File &quot;/home/michael/common-workflow-language/toil5.6.0/lib/python3.10/site-packages/toil/job.py&quot;, line 2399, in _runner
	    returnValues = self._run(jobGraph=None, fileStore=fileStore)
	  File &quot;/home/michael/common-workflow-language/toil5.6.0/lib/python3.10/site-packages/toil/job.py&quot;, line 2317, in _run
	    return self.run(fileStore)
	  File &quot;/home/michael/common-workflow-language/toil5.6.0/lib/python3.10/site-packages/toil/cwl/cwltoil.py&quot;, line 2046, in run
	    output, status = ToilSingleJobExecutor().execute(
	  File &quot;/home/michael/common-workflow-language/toil5.6.0/lib/python3.10/site-packages/cwltool/executors.py&quot;, line 143, in execute
	    self.run_jobs(process, job_order_object, logger, runtime_context)
	  File &quot;/home/michael/common-workflow-language/toil5.6.0/lib/python3.10/site-packages/toil/cwl/cwltoil.py&quot;, line 922, in run_jobs
	    return super().run_jobs(process, job_order_object, logger, runtime_context)
	  File &quot;/home/michael/common-workflow-language/toil5.6.0/lib/python3.10/site-packages/cwltool/executors.py&quot;, line 227, in run_jobs
	    for job in jobiter:
	  File &quot;/home/michael/common-workflow-language/toil5.6.0/lib/python3.10/site-packages/cwltool/command_line_tool.py&quot;, line 1104, in job
	    with SourceLine(timelimit, &quot;timelimit&quot;, ValidationException, debug):
	  File &quot;schema_salad/sourceline.py&quot;, line 256, in __exit__
	schema_salad.exceptions.ValidationException: tests/timelimit2.cwl:7:5: timelimit must be an integer &gt;= 0, got: -1
	[2022-05-12T15:16:54+0200] [MainThread] [E] [toil.worker] Exiting the worker because of a failed job on host mrc-tux
&lt;=========
</system-err>
		</testcase>
		<testcase name="Test zero timelimit means no limit" time="19.394455" class="command_line_tool, timelimit" file="timelimit_zero_unlimited" url="cwltest:conformance_tests#216">
			<system-out>{}</system-out>
			<system-err>[2022-05-12T15:16:54+0200] [MainThread] [I] [cwltool] Resolved 'tests/timelimit3.cwl' to 'file:///home/michael/cwl-v1.1/tests/timelimit3.cwl'
[2022-05-12T15:16:56+0200] [MainThread] [I] [toil.job] Saving graph of 1 jobs, 1 new
[2022-05-12T15:16:56+0200] [MainThread] [I] [toil.job] Processing job 'CWLJob' timelimit3.cwl kind-CWLJob/instance-h5kl8mnr v0
[2022-05-12T15:16:56+0200] [MainThread] [I] [toil] Running Toil version 5.6.0-c34146a6437e4407a61e946e968bcce67a0ebbca on host mrc-tux.
[2022-05-12T15:16:56+0200] [MainThread] [I] [toil.leader] Issued job 'CWLJob' timelimit3.cwl kind-CWLJob/instance-h5kl8mnr v1 with job batch system ID: 0 and cores: 1, disk: 3.0 Gi, and memory: 2.0 Gi
[2022-05-12T15:16:56+0200] [MainThread] [I] [toil.worker] Redirecting logging to /tmp/64647958ce2a555eac82824aa4d0aeab/3efd/worker_log.txt
[2022-05-12T15:16:58+0200] [MainThread] [I] [toil.leader] 1 jobs are running, 0 jobs are issued and waiting to run
[2022-05-12T15:17:13+0200] [MainThread] [I] [toil.leader] Finished toil run successfully.
[2022-05-12T15:17:13+0200] [MainThread] [I] [toil.common] Successfully deleted the job store: FileJobStore(/tmp/tmpdt13e78y)
</system-err>
		</testcase>
		<testcase name="Test expression in time limit" time="13.368254" class="command_line_tool, timelimit, inline_javascript" file="timelimit_from_expression" url="cwltest:conformance_tests#217">
			<system-err>[2022-05-12T15:16:54+0200] [MainThread] [I] [cwltool] Resolved 'tests/timelimit4.cwl' to 'file:///home/michael/cwl-v1.1/tests/timelimit4.cwl'
[2022-05-12T15:16:56+0200] [MainThread] [I] [toil.job] Saving graph of 1 jobs, 1 new
[2022-05-12T15:16:56+0200] [MainThread] [I] [toil.job] Processing job 'CWLJob' timelimit4.cwl kind-CWLJob/instance-8gordu4y v0
[2022-05-12T15:16:56+0200] [MainThread] [I] [toil] Running Toil version 5.6.0-c34146a6437e4407a61e946e968bcce67a0ebbca on host mrc-tux.
[2022-05-12T15:16:56+0200] [MainThread] [I] [toil.leader] Issued job 'CWLJob' timelimit4.cwl kind-CWLJob/instance-8gordu4y v1 with job batch system ID: 0 and cores: 1, disk: 3.0 Gi, and memory: 2.0 Gi
[2022-05-12T15:16:56+0200] [MainThread] [I] [toil.worker] Redirecting logging to /tmp/b7015d8091ef569782b2b417ef3ff46f/6ea0/worker_log.txt
[2022-05-12T15:16:58+0200] [MainThread] [I] [toil.leader] 1 jobs are running, 0 jobs are issued and waiting to run
[2022-05-12T15:17:00+0200] [Thread-1 (daddy)] [E] [toil.batchSystems.singleMachine] Got exit code 1 (indicating failure) from job _toil_worker CWLJob file:/tmp/tmpw5p9alce kind-CWLJob/instance-8gordu4y.
[2022-05-12T15:17:00+0200] [MainThread] [W] [toil.leader] Job failed with exit value 1: 'CWLJob' timelimit4.cwl kind-CWLJob/instance-8gordu4y v1
Exit reason: None
[2022-05-12T15:17:00+0200] [MainThread] [W] [toil.leader] The job seems to have left a log file, indicating failure: 'CWLJob' timelimit4.cwl kind-CWLJob/instance-8gordu4y v2
[2022-05-12T15:17:00+0200] [MainThread] [W] [toil.leader] Log from job &quot;kind-CWLJob/instance-8gordu4y&quot; follows:
=========&gt;
	[2022-05-12T15:16:56+0200] [MainThread] [I] [toil.worker] ---TOIL WORKER OUTPUT LOG---
	[2022-05-12T15:16:56+0200] [MainThread] [I] [toil] Running Toil version 5.6.0-c34146a6437e4407a61e946e968bcce67a0ebbca on host mrc-tux.
	[2022-05-12T15:16:56+0200] [MainThread] [I] [toil.worker] Working on job 'CWLJob' timelimit4.cwl kind-CWLJob/instance-8gordu4y v1
	[2022-05-12T15:16:56+0200] [MainThread] [I] [toil.worker] Loaded body Job('CWLJob' timelimit4.cwl kind-CWLJob/instance-8gordu4y v1) from description 'CWLJob' timelimit4.cwl kind-CWLJob/instance-8gordu4y v1
	[2022-05-12T15:16:57+0200] [MainThread] [I] [cwltool] [job timelimit4.cwl] /tmp/tmp6maau3cu$ sleep \
	    15
	[2022-05-12T15:17:00+0200] [Thread-2  ] [W] [cwltool] [job timelimit4.cwl] exceeded time limit of 3 seconds and will be terminated
	[2022-05-12T15:17:00+0200] [MainThread] [I] [cwltool] [job timelimit4.cwl] Max memory used: 1MiB
	[2022-05-12T15:17:00+0200] [MainThread] [W] [cwltool] [job timelimit4.cwl] completed permanentFail
	Traceback (most recent call last):
	  File &quot;/home/michael/common-workflow-language/toil5.6.0/lib/python3.10/site-packages/toil/worker.py&quot;, line 405, in workerScript
	    job._runner(jobGraph=None, jobStore=jobStore, fileStore=fileStore, defer=defer)
	  File &quot;/home/michael/common-workflow-language/toil5.6.0/lib/python3.10/site-packages/toil/job.py&quot;, line 2399, in _runner
	    returnValues = self._run(jobGraph=None, fileStore=fileStore)
	  File &quot;/home/michael/common-workflow-language/toil5.6.0/lib/python3.10/site-packages/toil/job.py&quot;, line 2317, in _run
	    return self.run(fileStore)
	  File &quot;/home/michael/common-workflow-language/toil5.6.0/lib/python3.10/site-packages/toil/cwl/cwltoil.py&quot;, line 2054, in run
	    raise cwltool.errors.WorkflowException(status)
	cwltool.errors.WorkflowException: permanentFail
	[2022-05-12T15:17:00+0200] [MainThread] [E] [toil.worker] Exiting the worker because of a failed job on host mrc-tux
&lt;=========
[2022-05-12T15:17:00+0200] [MainThread] [W] [toil.job] Due to failure we are reducing the remaining try count of job 'CWLJob' timelimit4.cwl kind-CWLJob/instance-8gordu4y v2 with ID kind-CWLJob/instance-8gordu4y to 1
[2022-05-12T15:17:00+0200] [MainThread] [I] [toil.leader] Issued job 'CWLJob' timelimit4.cwl kind-CWLJob/instance-8gordu4y v3 with job batch system ID: 1 and cores: 1, disk: 3.0 Gi, and memory: 2.0 Gi
[2022-05-12T15:17:00+0200] [MainThread] [I] [toil.worker] Redirecting logging to /tmp/b7015d8091ef569782b2b417ef3ff46f/99de/worker_log.txt
[2022-05-12T15:17:03+0200] [Thread-1 (daddy)] [E] [toil.batchSystems.singleMachine] Got exit code 1 (indicating failure) from job _toil_worker CWLJob file:/tmp/tmpw5p9alce kind-CWLJob/instance-8gordu4y.
[2022-05-12T15:17:03+0200] [MainThread] [W] [toil.leader] Job failed with exit value 1: 'CWLJob' timelimit4.cwl kind-CWLJob/instance-8gordu4y v3
Exit reason: None
[2022-05-12T15:17:03+0200] [MainThread] [W] [toil.leader] The job seems to have left a log file, indicating failure: 'CWLJob' timelimit4.cwl kind-CWLJob/instance-8gordu4y v5
[2022-05-12T15:17:03+0200] [MainThread] [W] [toil.leader] Log from job &quot;kind-CWLJob/instance-8gordu4y&quot; follows:
=========&gt;
	[2022-05-12T15:17:00+0200] [MainThread] [I] [toil.worker] ---TOIL WORKER OUTPUT LOG---
	[2022-05-12T15:17:00+0200] [MainThread] [I] [toil] Running Toil version 5.6.0-c34146a6437e4407a61e946e968bcce67a0ebbca on host mrc-tux.
	[2022-05-12T15:17:00+0200] [MainThread] [I] [toil.worker] Working on job 'CWLJob' timelimit4.cwl kind-CWLJob/instance-8gordu4y v4
	[2022-05-12T15:17:00+0200] [MainThread] [I] [toil.worker] Loaded body Job('CWLJob' timelimit4.cwl kind-CWLJob/instance-8gordu4y v4) from description 'CWLJob' timelimit4.cwl kind-CWLJob/instance-8gordu4y v4
	[2022-05-12T15:17:00+0200] [MainThread] [I] [cwltool] [job timelimit4.cwl] /tmp/tmpslsk5cgs$ sleep \
	    15
	[2022-05-12T15:17:03+0200] [Thread-2  ] [W] [cwltool] [job timelimit4.cwl] exceeded time limit of 3 seconds and will be terminated
	[2022-05-12T15:17:03+0200] [MainThread] [I] [cwltool] [job timelimit4.cwl] Max memory used: 1MiB
	[2022-05-12T15:17:03+0200] [MainThread] [W] [cwltool] [job timelimit4.cwl] completed permanentFail
	Traceback (most recent call last):
	  File &quot;/home/michael/common-workflow-language/toil5.6.0/lib/python3.10/site-packages/toil/worker.py&quot;, line 405, in workerScript
	    job._runner(jobGraph=None, jobStore=jobStore, fileStore=fileStore, defer=defer)
	  File &quot;/home/michael/common-workflow-language/toil5.6.0/lib/python3.10/site-packages/toil/job.py&quot;, line 2399, in _runner
	    returnValues = self._run(jobGraph=None, fileStore=fileStore)
	  File &quot;/home/michael/common-workflow-language/toil5.6.0/lib/python3.10/site-packages/toil/job.py&quot;, line 2317, in _run
	    return self.run(fileStore)
	  File &quot;/home/michael/common-workflow-language/toil5.6.0/lib/python3.10/site-packages/toil/cwl/cwltoil.py&quot;, line 2054, in run
	    raise cwltool.errors.WorkflowException(status)
	cwltool.errors.WorkflowException: permanentFail
	[2022-05-12T15:17:03+0200] [MainThread] [E] [toil.worker] Exiting the worker because of a failed job on host mrc-tux
&lt;=========
[2022-05-12T15:17:03+0200] [MainThread] [W] [toil.job] Due to failure we are reducing the remaining try count of job 'CWLJob' timelimit4.cwl kind-CWLJob/instance-8gordu4y v5 with ID kind-CWLJob/instance-8gordu4y to 0
[2022-05-12T15:17:03+0200] [MainThread] [W] [toil.leader] Job 'CWLJob' timelimit4.cwl kind-CWLJob/instance-8gordu4y v6 is completely failed
[2022-05-12T15:17:07+0200] [MainThread] [I] [toil.leader] Finished toil run with 1 failed jobs.
[2022-05-12T15:17:07+0200] [MainThread] [I] [toil.leader] Failed jobs at end of the run: 'CWLJob' timelimit4.cwl kind-CWLJob/instance-8gordu4y v6
Traceback (most recent call last):
  File &quot;/home/michael/common-workflow-language/toil5.6.0/bin/toil-cwl-runner&quot;, line 8, in &lt;module&gt;
    sys.exit(main())
  File &quot;/home/michael/common-workflow-language/toil5.6.0/lib/python3.10/site-packages/toil/cwl/cwltoil.py&quot;, line 3486, in main
    outobj = toil.start(wf1)
  File &quot;/home/michael/common-workflow-language/toil5.6.0/lib/python3.10/site-packages/toil/common.py&quot;, line 951, in start
    return self._runMainLoop(rootJobDescription)
  File &quot;/home/michael/common-workflow-language/toil5.6.0/lib/python3.10/site-packages/toil/common.py&quot;, line 1278, in _runMainLoop
    jobCache=self._jobCache).run()
  File &quot;/home/michael/common-workflow-language/toil5.6.0/lib/python3.10/site-packages/toil/leader.py&quot;, line 289, in run
    raise FailedJobsException(self.jobStore, failed_jobs, exit_code=self.recommended_fail_exit_code)
toil.leader.FailedJobsException: The job store '/tmp/tmpw5p9alce' contains 1 failed jobs: 'CWLJob' timelimit4.cwl kind-CWLJob/instance-8gordu4y v6
Log from job &quot;'CWLJob' timelimit4.cwl kind-CWLJob/instance-8gordu4y v6&quot; follows:
=========&gt;
	[2022-05-12T15:17:00+0200] [MainThread] [I] [toil.worker] ---TOIL WORKER OUTPUT LOG---
	[2022-05-12T15:17:00+0200] [MainThread] [I] [toil] Running Toil version 5.6.0-c34146a6437e4407a61e946e968bcce67a0ebbca on host mrc-tux.
	[2022-05-12T15:17:00+0200] [MainThread] [I] [toil.worker] Working on job 'CWLJob' timelimit4.cwl kind-CWLJob/instance-8gordu4y v4
	[2022-05-12T15:17:00+0200] [MainThread] [I] [toil.worker] Loaded body Job('CWLJob' timelimit4.cwl kind-CWLJob/instance-8gordu4y v4) from description 'CWLJob' timelimit4.cwl kind-CWLJob/instance-8gordu4y v4
	[2022-05-12T15:17:00+0200] [MainThread] [I] [cwltool] [job timelimit4.cwl] /tmp/tmpslsk5cgs$ sleep \
	    15
	[2022-05-12T15:17:03+0200] [Thread-2  ] [W] [cwltool] [job timelimit4.cwl] exceeded time limit of 3 seconds and will be terminated
	[2022-05-12T15:17:03+0200] [MainThread] [I] [cwltool] [job timelimit4.cwl] Max memory used: 1MiB
	[2022-05-12T15:17:03+0200] [MainThread] [W] [cwltool] [job timelimit4.cwl] completed permanentFail
	Traceback (most recent call last):
	  File &quot;/home/michael/common-workflow-language/toil5.6.0/lib/python3.10/site-packages/toil/worker.py&quot;, line 405, in workerScript
	    job._runner(jobGraph=None, jobStore=jobStore, fileStore=fileStore, defer=defer)
	  File &quot;/home/michael/common-workflow-language/toil5.6.0/lib/python3.10/site-packages/toil/job.py&quot;, line 2399, in _runner
	    returnValues = self._run(jobGraph=None, fileStore=fileStore)
	  File &quot;/home/michael/common-workflow-language/toil5.6.0/lib/python3.10/site-packages/toil/job.py&quot;, line 2317, in _run
	    return self.run(fileStore)
	  File &quot;/home/michael/common-workflow-language/toil5.6.0/lib/python3.10/site-packages/toil/cwl/cwltoil.py&quot;, line 2054, in run
	    raise cwltool.errors.WorkflowException(status)
	cwltool.errors.WorkflowException: permanentFail
	[2022-05-12T15:17:03+0200] [MainThread] [E] [toil.worker] Exiting the worker because of a failed job on host mrc-tux
&lt;=========
</system-err>
		</testcase>
		<testcase name="Test timelimit in expressiontool is ignored" time="9.173319" class="expression_tool, timelimit, inline_javascript" file="timelimit_expressiontool" url="cwltest:conformance_tests#218">
			<system-out>{
    &quot;status&quot;: &quot;Done&quot;
}</system-out>
			<system-err>[2022-05-12T15:16:59+0200] [MainThread] [I] [cwltool] Resolved 'tests/timelimit5.cwl' to 'file:///home/michael/cwl-v1.1/tests/timelimit5.cwl'
[2022-05-12T15:17:00+0200] [MainThread] [I] [toil.job] Saving graph of 1 jobs, 1 new
[2022-05-12T15:17:00+0200] [MainThread] [I] [toil.job] Processing job 'CWLJob' timelimit5.cwl kind-CWLJob/instance-4uxljk8r v0
[2022-05-12T15:17:00+0200] [MainThread] [I] [toil] Running Toil version 5.6.0-c34146a6437e4407a61e946e968bcce67a0ebbca on host mrc-tux.
[2022-05-12T15:17:00+0200] [MainThread] [I] [toil.leader] Issued job 'CWLJob' timelimit5.cwl kind-CWLJob/instance-4uxljk8r v1 with job batch system ID: 0 and cores: 1, disk: 3.0 Gi, and memory: 2.0 Gi
[2022-05-12T15:17:00+0200] [MainThread] [I] [toil.worker] Redirecting logging to /tmp/df1fb9c82a205e3bbf30e90df845a396/b886/worker_log.txt
[2022-05-12T15:17:02+0200] [MainThread] [I] [toil.leader] 1 jobs are running, 0 jobs are issued and waiting to run
[2022-05-12T15:17:07+0200] [MainThread] [I] [toil.leader] Finished toil run successfully.
[2022-05-12T15:17:07+0200] [MainThread] [I] [toil.common] Successfully deleted the job store: FileJobStore(/tmp/tmpoj57ynlw)
</system-err>
		</testcase>
		<testcase name="Test that tool in workflow fails when exceeding time limit" time="1.301721" class="workflow, timelimit" file="timelimit_basic_wf" url="cwltest:conformance_tests#219">
			<system-err>[2022-05-12T15:17:03+0200] [MainThread] [I] [cwltool] Resolved 'tests/timelimit-wf.cwl' to 'file:///home/michael/cwl-v1.1/tests/timelimit-wf.cwl'
Traceback (most recent call last):
  File &quot;/home/michael/common-workflow-language/toil5.6.0/bin/toil-cwl-runner&quot;, line 8, in &lt;module&gt;
    sys.exit(main())
  File &quot;/home/michael/common-workflow-language/toil5.6.0/lib/python3.10/site-packages/toil/cwl/cwltoil.py&quot;, line 3339, in main
    loading_context, uri = cwltool.load_tool.resolve_and_validate_document(
  File &quot;/home/michael/common-workflow-language/toil5.6.0/lib/python3.10/site-packages/cwltool/load_tool.py&quot;, line 421, in resolve_and_validate_document
    validate_doc(avsc_names, processobj, document_loader, loadingContext.strict)
  File &quot;schema_salad/schema.py&quot;, line 401, in validate_doc
schema_salad.exceptions.ValidationException: tests/timelimit-wf.cwl:2:1:     Object `tests/timelimit-wf.cwl` is not valid because
                                tried `Workflow` but
tests/timelimit-wf.cwl:18:1:       the `steps` field is not valid because
                                    tried array of &lt;WorkflowStep&gt; but
tests/timelimit-wf.cwl:19:3:           item is invalid because
tests/timelimit-wf.cwl:23:5:             the `run` field is not valid because
tests/timelimit-wf.cwl:29:7:               the `outputs` field is not valid because
tests/timelimit-wf.cwl:30:9:                 item is invalid because
tests/timelimit-wf.cwl:32:11:                 the `outputBinding` field is not valid because
                                                tried CommandOutputBinding but
tests/timelimit-wf.cwl:33:13:                     the `outputEval` field is not valid because
                                                    tried Expression but
                                                      value `time passed` does not contain an
                                                      expression in the form $() or ${}
</system-err>
		</testcase>
		<testcase name="Test that workflow level time limit is not applied to workflow execution time" time="14.274574" class="workflow, timelimit, inline_javascript" file="timelimit_invalid_wf" url="cwltest:conformance_tests#220">
			<system-out>{
    &quot;o&quot;: &quot;time passed&quot;
}</system-out>
			<system-err>[2022-05-12T15:17:05+0200] [MainThread] [I] [cwltool] Resolved 'tests/timelimit2-wf.cwl' to 'file:///home/michael/cwl-v1.1/tests/timelimit2-wf.cwl'
[2022-05-12T15:17:08+0200] [MainThread] [I] [toil.job] Saving graph of 2 jobs, 2 new
[2022-05-12T15:17:08+0200] [MainThread] [I] [toil.job] Processing job 'ResolveIndirect' kind-ResolveIndirect/instance-fc0rfdsj v0
[2022-05-12T15:17:08+0200] [MainThread] [I] [toil.job] Processing job 'CWLWorkflow' kind-CWLWorkflow/instance-7n0askfk v0
[2022-05-12T15:17:08+0200] [MainThread] [I] [toil] Running Toil version 5.6.0-c34146a6437e4407a61e946e968bcce67a0ebbca on host mrc-tux.
[2022-05-12T15:17:08+0200] [MainThread] [I] [toil.worker] Redirecting logging to /tmp/f21909d7d1d456289222f4791384525c/a140/worker_log.txt
[2022-05-12T15:17:09+0200] [MainThread] [I] [toil.leader] 0 jobs are running, 0 jobs are issued and waiting to run
[2022-05-12T15:17:09+0200] [MainThread] [I] [toil.leader] Issued job 'CWLJob' timelimit2-wf.cwl.step1._:49e834d4-cc9b-4c26-bd64-8514481cdbed kind-CWLJob/instance-qvzganx_ v1 with job batch system ID: 1 and cores: 1, disk: 3.0 Gi, and memory: 2.0 Gi
[2022-05-12T15:17:09+0200] [MainThread] [I] [toil.worker] Redirecting logging to /tmp/f21909d7d1d456289222f4791384525c/7f94/worker_log.txt
[2022-05-12T15:17:16+0200] [MainThread] [I] [toil.worker] Redirecting logging to /tmp/f21909d7d1d456289222f4791384525c/d624/worker_log.txt
[2022-05-12T15:17:17+0200] [MainThread] [I] [toil.worker] Redirecting logging to /tmp/f21909d7d1d456289222f4791384525c/400d/worker_log.txt
[2022-05-12T15:17:18+0200] [MainThread] [I] [toil.leader] Finished toil run successfully.
[2022-05-12T15:17:18+0200] [MainThread] [I] [toil.common] Successfully deleted the job store: FileJobStore(/tmp/tmpqgjr6gte)
</system-err>
		</testcase>
		<testcase name="Test zero timelimit means no limit in workflow" time="17.441209" class="workflow, timelimit, inline_javascript" file="timelimit_zero_unlimited_wf" url="cwltest:conformance_tests#221">
			<system-out>{
    &quot;o&quot;: &quot;time passed&quot;
}</system-out>
			<system-err>[2022-05-12T15:17:08+0200] [MainThread] [I] [cwltool] Resolved 'tests/timelimit3-wf.cwl' to 'file:///home/michael/cwl-v1.1/tests/timelimit3-wf.cwl'
[2022-05-12T15:17:10+0200] [MainThread] [I] [toil.job] Saving graph of 2 jobs, 2 new
[2022-05-12T15:17:10+0200] [MainThread] [I] [toil.job] Processing job 'ResolveIndirect' kind-ResolveIndirect/instance-_34d071p v0
[2022-05-12T15:17:10+0200] [MainThread] [I] [toil.job] Processing job 'CWLWorkflow' kind-CWLWorkflow/instance-q81_jnr1 v0
[2022-05-12T15:17:10+0200] [MainThread] [I] [toil] Running Toil version 5.6.0-c34146a6437e4407a61e946e968bcce67a0ebbca on host mrc-tux.
[2022-05-12T15:17:11+0200] [MainThread] [I] [toil.worker] Redirecting logging to /tmp/da41526eacd95fe2994d00e1a3d5ca8b/e8ef/worker_log.txt
[2022-05-12T15:17:11+0200] [MainThread] [I] [toil.leader] 0 jobs are running, 0 jobs are issued and waiting to run
[2022-05-12T15:17:11+0200] [MainThread] [I] [toil.leader] Issued job 'CWLJob' timelimit3-wf.cwl.step1._:806cf1c6-6752-4002-8139-8680e6a7ca1f kind-CWLJob/instance-p5kskzq4 v1 with job batch system ID: 1 and cores: 1, disk: 3.0 Gi, and memory: 2.0 Gi
[2022-05-12T15:17:11+0200] [MainThread] [I] [toil.worker] Redirecting logging to /tmp/da41526eacd95fe2994d00e1a3d5ca8b/14aa/worker_log.txt
[2022-05-12T15:17:22+0200] [MainThread] [I] [toil.worker] Redirecting logging to /tmp/da41526eacd95fe2994d00e1a3d5ca8b/a6ec/worker_log.txt
[2022-05-12T15:17:23+0200] [MainThread] [I] [toil.worker] Redirecting logging to /tmp/da41526eacd95fe2994d00e1a3d5ca8b/8f32/worker_log.txt
[2022-05-12T15:17:24+0200] [MainThread] [I] [toil.leader] Finished toil run successfully.
[2022-05-12T15:17:24+0200] [MainThread] [I] [toil.common] Successfully deleted the job store: FileJobStore(/tmp/tmpah1_qmky)
</system-err>
		</testcase>
		<testcase name="Test expression in time limit in workflow" time="1.372825" class="workflow, timelimit, inline_javascript" file="timelimit_from_expression_wf" url="cwltest:conformance_tests#222">
			<system-err>[2022-05-12T15:17:08+0200] [MainThread] [I] [cwltool] Resolved 'tests/timelimit4-wf.cwl' to 'file:///home/michael/cwl-v1.1/tests/timelimit4-wf.cwl'
Traceback (most recent call last):
  File &quot;/home/michael/common-workflow-language/toil5.6.0/bin/toil-cwl-runner&quot;, line 8, in &lt;module&gt;
    sys.exit(main())
  File &quot;/home/michael/common-workflow-language/toil5.6.0/lib/python3.10/site-packages/toil/cwl/cwltoil.py&quot;, line 3339, in main
    loading_context, uri = cwltool.load_tool.resolve_and_validate_document(
  File &quot;/home/michael/common-workflow-language/toil5.6.0/lib/python3.10/site-packages/cwltool/load_tool.py&quot;, line 421, in resolve_and_validate_document
    validate_doc(avsc_names, processobj, document_loader, loadingContext.strict)
  File &quot;schema_salad/schema.py&quot;, line 401, in validate_doc
schema_salad.exceptions.ValidationException: tests/timelimit4-wf.cwl:2:1:     Object `tests/timelimit4-wf.cwl` is not valid because
                                 tried `Workflow` but
tests/timelimit4-wf.cwl:21:1:       the `steps` field is not valid because
                                     tried array of &lt;WorkflowStep&gt; but
tests/timelimit4-wf.cwl:22:3:           item is invalid because
tests/timelimit4-wf.cwl:26:5:             the `run` field is not valid because
tests/timelimit4-wf.cwl:32:7:               the `outputs` field is not valid because
tests/timelimit4-wf.cwl:33:9:                 item is invalid because
tests/timelimit4-wf.cwl:35:11:                 the `outputBinding` field is not valid because
                                                 tried CommandOutputBinding but
tests/timelimit4-wf.cwl:36:13:                     the `outputEval` field is not valid because
                                                     tried Expression but
                                                       value `time passed` does not contain an
                                                       expression in the form $() or ${}
</system-err>
		</testcase>
		<testcase name="Test networkaccess enabled" time="5.515870" class="command_line_tool, networkaccess" file="networkaccess" url="cwltest:conformance_tests#223">
			<system-out>{}</system-out>
			<system-err>[2022-05-12T15:17:09+0200] [MainThread] [I] [cwltool] Resolved 'tests/networkaccess.cwl' to 'file:///home/michael/cwl-v1.1/tests/networkaccess.cwl'
[2022-05-12T15:17:11+0200] [MainThread] [I] [toil.job] Saving graph of 1 jobs, 1 new
[2022-05-12T15:17:11+0200] [MainThread] [I] [toil.job] Processing job 'CWLJob' networkaccess.cwl kind-CWLJob/instance-afzcmsf0 v0
[2022-05-12T15:17:11+0200] [MainThread] [I] [toil] Running Toil version 5.6.0-c34146a6437e4407a61e946e968bcce67a0ebbca on host mrc-tux.
[2022-05-12T15:17:11+0200] [MainThread] [I] [toil.leader] Issued job 'CWLJob' networkaccess.cwl kind-CWLJob/instance-afzcmsf0 v1 with job batch system ID: 0 and cores: 1, disk: 3.0 Gi, and memory: 2.0 Gi
[2022-05-12T15:17:11+0200] [MainThread] [I] [toil.worker] Redirecting logging to /tmp/a45fada87c1f53439be7ac453515c4e1/d3d5/worker_log.txt
[2022-05-12T15:17:13+0200] [MainThread] [I] [toil.leader] 0 jobs are running, 0 jobs are issued and waiting to run
[2022-05-12T15:17:14+0200] [MainThread] [I] [toil.leader] Finished toil run successfully.
[2022-05-12T15:17:14+0200] [MainThread] [I] [toil.common] Successfully deleted the job store: FileJobStore(/tmp/tmpf5k20z17)
</system-err>
		</testcase>
		<testcase name="Test networkaccess is disabled by default" time="9.021873" class="networkaccess, command_line_tool" file="networkaccess_disabled" url="cwltest:conformance_tests#224">
			<system-err>[2022-05-12T15:17:13+0200] [MainThread] [I] [cwltool] Resolved 'tests/networkaccess2.cwl' to 'file:///home/michael/cwl-v1.1/tests/networkaccess2.cwl'
[2022-05-12T15:17:15+0200] [MainThread] [I] [toil.job] Saving graph of 1 jobs, 1 new
[2022-05-12T15:17:15+0200] [MainThread] [I] [toil.job] Processing job 'CWLJob' networkaccess2.cwl kind-CWLJob/instance-svutltsv v0
[2022-05-12T15:17:15+0200] [MainThread] [I] [toil] Running Toil version 5.6.0-c34146a6437e4407a61e946e968bcce67a0ebbca on host mrc-tux.
[2022-05-12T15:17:15+0200] [MainThread] [I] [toil.leader] Issued job 'CWLJob' networkaccess2.cwl kind-CWLJob/instance-svutltsv v1 with job batch system ID: 0 and cores: 1, disk: 3.0 Gi, and memory: 2.0 Gi
[2022-05-12T15:17:15+0200] [MainThread] [I] [toil.worker] Redirecting logging to /tmp/529cb7814e9c59d39cc0d5bb5d256073/12e6/worker_log.txt
[2022-05-12T15:17:16+0200] [Thread-1 (daddy)] [E] [toil.batchSystems.singleMachine] Got exit code 1 (indicating failure) from job _toil_worker CWLJob file:/tmp/tmpi6fuw26c kind-CWLJob/instance-svutltsv.
[2022-05-12T15:17:16+0200] [MainThread] [W] [toil.leader] Job failed with exit value 1: 'CWLJob' networkaccess2.cwl kind-CWLJob/instance-svutltsv v1
Exit reason: None
[2022-05-12T15:17:16+0200] [MainThread] [W] [toil.leader] The job seems to have left a log file, indicating failure: 'CWLJob' networkaccess2.cwl kind-CWLJob/instance-svutltsv v2
[2022-05-12T15:17:16+0200] [MainThread] [W] [toil.leader] Log from job &quot;kind-CWLJob/instance-svutltsv&quot; follows:
=========&gt;
	[2022-05-12T15:17:15+0200] [MainThread] [I] [toil.worker] ---TOIL WORKER OUTPUT LOG---
	[2022-05-12T15:17:15+0200] [MainThread] [I] [toil] Running Toil version 5.6.0-c34146a6437e4407a61e946e968bcce67a0ebbca on host mrc-tux.
	[2022-05-12T15:17:15+0200] [MainThread] [I] [toil.worker] Working on job 'CWLJob' networkaccess2.cwl kind-CWLJob/instance-svutltsv v1
	[2022-05-12T15:17:15+0200] [MainThread] [I] [toil.worker] Loaded body Job('CWLJob' networkaccess2.cwl kind-CWLJob/instance-svutltsv v1) from description 'CWLJob' networkaccess2.cwl kind-CWLJob/instance-svutltsv v1
	[2022-05-12T15:17:15+0200] [MainThread] [W] [cwltool] [job networkaccess2.cwl] Skipping Docker software container '--memory' limit despite presence of ResourceRequirement with ramMin and/or ramMax setting. Consider running with --strict-memory-limit for increased portability assurance.
	[2022-05-12T15:17:15+0200] [MainThread] [I] [cwltool] [job networkaccess2.cwl] /tmp/tmpuala5jgc$ docker \
	    run \
	    -i \
	    --mount=type=bind,source=/tmp/tmpuala5jgc,target=/mzNKLI \
	    --mount=type=bind,source=/tmp/tmpbm995jr9,target=/tmp \
	    --workdir=/mzNKLI \
	    --read-only=true \
	    --net=none \
	    --user=1000:1000 \
	    --rm \
	    --cidfile=/tmp/tmp7hzvnqqi/20220512151715-570818.cid \
	    --env=TMPDIR=/tmp \
	    --env=HOME=/mzNKLI \
	    python:3 \
	    python \
	    -c \
	    'import urllib.request
	assert(urllib.request.urlopen(&quot;http://commonwl.org&quot;).code == 200)'
	Traceback (most recent call last):
	  File &quot;/usr/local/lib/python3.10/urllib/request.py&quot;, line 1348, in do_open
	    h.request(req.get_method(), req.selector, req.data, headers,
	  File &quot;/usr/local/lib/python3.10/http/client.py&quot;, line 1282, in request
	    self._send_request(method, url, body, headers, encode_chunked)
	  File &quot;/usr/local/lib/python3.10/http/client.py&quot;, line 1328, in _send_request
	    self.endheaders(body, encode_chunked=encode_chunked)
	  File &quot;/usr/local/lib/python3.10/http/client.py&quot;, line 1277, in endheaders
	    self._send_output(message_body, encode_chunked=encode_chunked)
	  File &quot;/usr/local/lib/python3.10/http/client.py&quot;, line 1037, in _send_output
	    self.send(msg)
	  File &quot;/usr/local/lib/python3.10/http/client.py&quot;, line 975, in send
	    self.connect()
	  File &quot;/usr/local/lib/python3.10/http/client.py&quot;, line 941, in connect
	    self.sock = self._create_connection(
	  File &quot;/usr/local/lib/python3.10/socket.py&quot;, line 824, in create_connection
	    for res in getaddrinfo(host, port, 0, SOCK_STREAM):
	  File &quot;/usr/local/lib/python3.10/socket.py&quot;, line 955, in getaddrinfo
	    for res in _socket.getaddrinfo(host, port, family, type, proto, flags):
	socket.gaierror: [Errno -3] Temporary failure in name resolution
	
	During handling of the above exception, another exception occurred:
	
	Traceback (most recent call last):
	  File &quot;&lt;string&gt;&quot;, line 2, in &lt;module&gt;
	  File &quot;/usr/local/lib/python3.10/urllib/request.py&quot;, line 216, in urlopen
	    return opener.open(url, data, timeout)
	  File &quot;/usr/local/lib/python3.10/urllib/request.py&quot;, line 519, in open
	    response = self._open(req, data)
	  File &quot;/usr/local/lib/python3.10/urllib/request.py&quot;, line 536, in _open
	    result = self._call_chain(self.handle_open, protocol, protocol +
	  File &quot;/usr/local/lib/python3.10/urllib/request.py&quot;, line 496, in _call_chain
	    result = func(*args)
	  File &quot;/usr/local/lib/python3.10/urllib/request.py&quot;, line 1377, in http_open
	    return self.do_open(http.client.HTTPConnection, req)
	  File &quot;/usr/local/lib/python3.10/urllib/request.py&quot;, line 1351, in do_open
	    raise URLError(err)
	urllib.error.URLError: &lt;urlopen error [Errno -3] Temporary failure in name resolution&gt;
	[2022-05-12T15:17:16+0200] [MainThread] [I] [cwltool] [job networkaccess2.cwl] Max memory used: 0MiB
	[2022-05-12T15:17:16+0200] [MainThread] [W] [cwltool] [job networkaccess2.cwl] completed permanentFail
	Traceback (most recent call last):
	  File &quot;/home/michael/common-workflow-language/toil5.6.0/lib/python3.10/site-packages/toil/worker.py&quot;, line 405, in workerScript
	    job._runner(jobGraph=None, jobStore=jobStore, fileStore=fileStore, defer=defer)
	  File &quot;/home/michael/common-workflow-language/toil5.6.0/lib/python3.10/site-packages/toil/job.py&quot;, line 2399, in _runner
	    returnValues = self._run(jobGraph=None, fileStore=fileStore)
	  File &quot;/home/michael/common-workflow-language/toil5.6.0/lib/python3.10/site-packages/toil/job.py&quot;, line 2317, in _run
	    return self.run(fileStore)
	  File &quot;/home/michael/common-workflow-language/toil5.6.0/lib/python3.10/site-packages/toil/cwl/cwltoil.py&quot;, line 2054, in run
	    raise cwltool.errors.WorkflowException(status)
	cwltool.errors.WorkflowException: permanentFail
	[2022-05-12T15:17:16+0200] [MainThread] [E] [toil.worker] Exiting the worker because of a failed job on host mrc-tux
&lt;=========
[2022-05-12T15:17:16+0200] [MainThread] [W] [toil.job] Due to failure we are reducing the remaining try count of job 'CWLJob' networkaccess2.cwl kind-CWLJob/instance-svutltsv v2 with ID kind-CWLJob/instance-svutltsv to 1
[2022-05-12T15:17:16+0200] [MainThread] [I] [toil.leader] 0 jobs are running, 0 jobs are issued and waiting to run
[2022-05-12T15:17:16+0200] [MainThread] [I] [toil.leader] Issued job 'CWLJob' networkaccess2.cwl kind-CWLJob/instance-svutltsv v3 with job batch system ID: 1 and cores: 1, disk: 3.0 Gi, and memory: 2.0 Gi
[2022-05-12T15:17:17+0200] [MainThread] [I] [toil.worker] Redirecting logging to /tmp/529cb7814e9c59d39cc0d5bb5d256073/8087/worker_log.txt
[2022-05-12T15:17:18+0200] [Thread-1 (daddy)] [E] [toil.batchSystems.singleMachine] Got exit code 1 (indicating failure) from job _toil_worker CWLJob file:/tmp/tmpi6fuw26c kind-CWLJob/instance-svutltsv.
[2022-05-12T15:17:18+0200] [MainThread] [W] [toil.leader] Job failed with exit value 1: 'CWLJob' networkaccess2.cwl kind-CWLJob/instance-svutltsv v3
Exit reason: None
[2022-05-12T15:17:18+0200] [MainThread] [W] [toil.leader] The job seems to have left a log file, indicating failure: 'CWLJob' networkaccess2.cwl kind-CWLJob/instance-svutltsv v5
[2022-05-12T15:17:18+0200] [MainThread] [W] [toil.leader] Log from job &quot;kind-CWLJob/instance-svutltsv&quot; follows:
=========&gt;
	[2022-05-12T15:17:17+0200] [MainThread] [I] [toil.worker] ---TOIL WORKER OUTPUT LOG---
	[2022-05-12T15:17:17+0200] [MainThread] [I] [toil] Running Toil version 5.6.0-c34146a6437e4407a61e946e968bcce67a0ebbca on host mrc-tux.
	[2022-05-12T15:17:17+0200] [MainThread] [I] [toil.worker] Working on job 'CWLJob' networkaccess2.cwl kind-CWLJob/instance-svutltsv v4
	[2022-05-12T15:17:17+0200] [MainThread] [I] [toil.worker] Loaded body Job('CWLJob' networkaccess2.cwl kind-CWLJob/instance-svutltsv v4) from description 'CWLJob' networkaccess2.cwl kind-CWLJob/instance-svutltsv v4
	[2022-05-12T15:17:17+0200] [MainThread] [W] [cwltool] [job networkaccess2.cwl] Skipping Docker software container '--memory' limit despite presence of ResourceRequirement with ramMin and/or ramMax setting. Consider running with --strict-memory-limit for increased portability assurance.
	[2022-05-12T15:17:17+0200] [MainThread] [I] [cwltool] [job networkaccess2.cwl] /tmp/tmp02ojczi0$ docker \
	    run \
	    -i \
	    --mount=type=bind,source=/tmp/tmp02ojczi0,target=/VGnWDW \
	    --mount=type=bind,source=/tmp/tmpe1qngpfi,target=/tmp \
	    --workdir=/VGnWDW \
	    --read-only=true \
	    --net=none \
	    --user=1000:1000 \
	    --rm \
	    --cidfile=/tmp/tmp5jee8xxl/20220512151717-278921.cid \
	    --env=TMPDIR=/tmp \
	    --env=HOME=/VGnWDW \
	    python:3 \
	    python \
	    -c \
	    'import urllib.request
	assert(urllib.request.urlopen(&quot;http://commonwl.org&quot;).code == 200)'
	Traceback (most recent call last):
	  File &quot;/usr/local/lib/python3.10/urllib/request.py&quot;, line 1348, in do_open
	    h.request(req.get_method(), req.selector, req.data, headers,
	  File &quot;/usr/local/lib/python3.10/http/client.py&quot;, line 1282, in request
	    self._send_request(method, url, body, headers, encode_chunked)
	  File &quot;/usr/local/lib/python3.10/http/client.py&quot;, line 1328, in _send_request
	    self.endheaders(body, encode_chunked=encode_chunked)
	  File &quot;/usr/local/lib/python3.10/http/client.py&quot;, line 1277, in endheaders
	    self._send_output(message_body, encode_chunked=encode_chunked)
	  File &quot;/usr/local/lib/python3.10/http/client.py&quot;, line 1037, in _send_output
	    self.send(msg)
	  File &quot;/usr/local/lib/python3.10/http/client.py&quot;, line 975, in send
	    self.connect()
	  File &quot;/usr/local/lib/python3.10/http/client.py&quot;, line 941, in connect
	    self.sock = self._create_connection(
	  File &quot;/usr/local/lib/python3.10/socket.py&quot;, line 824, in create_connection
	    for res in getaddrinfo(host, port, 0, SOCK_STREAM):
	  File &quot;/usr/local/lib/python3.10/socket.py&quot;, line 955, in getaddrinfo
	    for res in _socket.getaddrinfo(host, port, family, type, proto, flags):
	socket.gaierror: [Errno -3] Temporary failure in name resolution
	
	During handling of the above exception, another exception occurred:
	
	Traceback (most recent call last):
	  File &quot;&lt;string&gt;&quot;, line 2, in &lt;module&gt;
	  File &quot;/usr/local/lib/python3.10/urllib/request.py&quot;, line 216, in urlopen
	    return opener.open(url, data, timeout)
	  File &quot;/usr/local/lib/python3.10/urllib/request.py&quot;, line 519, in open
	    response = self._open(req, data)
	  File &quot;/usr/local/lib/python3.10/urllib/request.py&quot;, line 536, in _open
	    result = self._call_chain(self.handle_open, protocol, protocol +
	  File &quot;/usr/local/lib/python3.10/urllib/request.py&quot;, line 496, in _call_chain
	    result = func(*args)
	  File &quot;/usr/local/lib/python3.10/urllib/request.py&quot;, line 1377, in http_open
	    return self.do_open(http.client.HTTPConnection, req)
	  File &quot;/usr/local/lib/python3.10/urllib/request.py&quot;, line 1351, in do_open
	    raise URLError(err)
	urllib.error.URLError: &lt;urlopen error [Errno -3] Temporary failure in name resolution&gt;
	[2022-05-12T15:17:18+0200] [MainThread] [I] [cwltool] [job networkaccess2.cwl] Max memory used: 0MiB
	[2022-05-12T15:17:18+0200] [MainThread] [W] [cwltool] [job networkaccess2.cwl] completed permanentFail
	Traceback (most recent call last):
	  File &quot;/home/michael/common-workflow-language/toil5.6.0/lib/python3.10/site-packages/toil/worker.py&quot;, line 405, in workerScript
	    job._runner(jobGraph=None, jobStore=jobStore, fileStore=fileStore, defer=defer)
	  File &quot;/home/michael/common-workflow-language/toil5.6.0/lib/python3.10/site-packages/toil/job.py&quot;, line 2399, in _runner
	    returnValues = self._run(jobGraph=None, fileStore=fileStore)
	  File &quot;/home/michael/common-workflow-language/toil5.6.0/lib/python3.10/site-packages/toil/job.py&quot;, line 2317, in _run
	    return self.run(fileStore)
	  File &quot;/home/michael/common-workflow-language/toil5.6.0/lib/python3.10/site-packages/toil/cwl/cwltoil.py&quot;, line 2054, in run
	    raise cwltool.errors.WorkflowException(status)
	cwltool.errors.WorkflowException: permanentFail
	[2022-05-12T15:17:18+0200] [MainThread] [E] [toil.worker] Exiting the worker because of a failed job on host mrc-tux
&lt;=========
[2022-05-12T15:17:18+0200] [MainThread] [W] [toil.job] Due to failure we are reducing the remaining try count of job 'CWLJob' networkaccess2.cwl kind-CWLJob/instance-svutltsv v5 with ID kind-CWLJob/instance-svutltsv to 0
[2022-05-12T15:17:18+0200] [MainThread] [W] [toil.leader] Job 'CWLJob' networkaccess2.cwl kind-CWLJob/instance-svutltsv v6 is completely failed
[2022-05-12T15:17:22+0200] [MainThread] [I] [toil.leader] Finished toil run with 1 failed jobs.
[2022-05-12T15:17:22+0200] [MainThread] [I] [toil.leader] Failed jobs at end of the run: 'CWLJob' networkaccess2.cwl kind-CWLJob/instance-svutltsv v6
Traceback (most recent call last):
  File &quot;/home/michael/common-workflow-language/toil5.6.0/bin/toil-cwl-runner&quot;, line 8, in &lt;module&gt;
    sys.exit(main())
  File &quot;/home/michael/common-workflow-language/toil5.6.0/lib/python3.10/site-packages/toil/cwl/cwltoil.py&quot;, line 3486, in main
    outobj = toil.start(wf1)
  File &quot;/home/michael/common-workflow-language/toil5.6.0/lib/python3.10/site-packages/toil/common.py&quot;, line 951, in start
    return self._runMainLoop(rootJobDescription)
  File &quot;/home/michael/common-workflow-language/toil5.6.0/lib/python3.10/site-packages/toil/common.py&quot;, line 1278, in _runMainLoop
    jobCache=self._jobCache).run()
  File &quot;/home/michael/common-workflow-language/toil5.6.0/lib/python3.10/site-packages/toil/leader.py&quot;, line 289, in run
    raise FailedJobsException(self.jobStore, failed_jobs, exit_code=self.recommended_fail_exit_code)
toil.leader.FailedJobsException: The job store '/tmp/tmpi6fuw26c' contains 1 failed jobs: 'CWLJob' networkaccess2.cwl kind-CWLJob/instance-svutltsv v6
Log from job &quot;'CWLJob' networkaccess2.cwl kind-CWLJob/instance-svutltsv v6&quot; follows:
=========&gt;
	[2022-05-12T15:17:17+0200] [MainThread] [I] [toil.worker] ---TOIL WORKER OUTPUT LOG---
	[2022-05-12T15:17:17+0200] [MainThread] [I] [toil] Running Toil version 5.6.0-c34146a6437e4407a61e946e968bcce67a0ebbca on host mrc-tux.
	[2022-05-12T15:17:17+0200] [MainThread] [I] [toil.worker] Working on job 'CWLJob' networkaccess2.cwl kind-CWLJob/instance-svutltsv v4
	[2022-05-12T15:17:17+0200] [MainThread] [I] [toil.worker] Loaded body Job('CWLJob' networkaccess2.cwl kind-CWLJob/instance-svutltsv v4) from description 'CWLJob' networkaccess2.cwl kind-CWLJob/instance-svutltsv v4
	[2022-05-12T15:17:17+0200] [MainThread] [W] [cwltool] [job networkaccess2.cwl] Skipping Docker software container '--memory' limit despite presence of ResourceRequirement with ramMin and/or ramMax setting. Consider running with --strict-memory-limit for increased portability assurance.
	[2022-05-12T15:17:17+0200] [MainThread] [I] [cwltool] [job networkaccess2.cwl] /tmp/tmp02ojczi0$ docker \
	    run \
	    -i \
	    --mount=type=bind,source=/tmp/tmp02ojczi0,target=/VGnWDW \
	    --mount=type=bind,source=/tmp/tmpe1qngpfi,target=/tmp \
	    --workdir=/VGnWDW \
	    --read-only=true \
	    --net=none \
	    --user=1000:1000 \
	    --rm \
	    --cidfile=/tmp/tmp5jee8xxl/20220512151717-278921.cid \
	    --env=TMPDIR=/tmp \
	    --env=HOME=/VGnWDW \
	    python:3 \
	    python \
	    -c \
	    'import urllib.request
	assert(urllib.request.urlopen(&quot;http://commonwl.org&quot;).code == 200)'
	Traceback (most recent call last):
	  File &quot;/usr/local/lib/python3.10/urllib/request.py&quot;, line 1348, in do_open
	    h.request(req.get_method(), req.selector, req.data, headers,
	  File &quot;/usr/local/lib/python3.10/http/client.py&quot;, line 1282, in request
	    self._send_request(method, url, body, headers, encode_chunked)
	  File &quot;/usr/local/lib/python3.10/http/client.py&quot;, line 1328, in _send_request
	    self.endheaders(body, encode_chunked=encode_chunked)
	  File &quot;/usr/local/lib/python3.10/http/client.py&quot;, line 1277, in endheaders
	    self._send_output(message_body, encode_chunked=encode_chunked)
	  File &quot;/usr/local/lib/python3.10/http/client.py&quot;, line 1037, in _send_output
	    self.send(msg)
	  File &quot;/usr/local/lib/python3.10/http/client.py&quot;, line 975, in send
	    self.connect()
	  File &quot;/usr/local/lib/python3.10/http/client.py&quot;, line 941, in connect
	    self.sock = self._create_connection(
	  File &quot;/usr/local/lib/python3.10/socket.py&quot;, line 824, in create_connection
	    for res in getaddrinfo(host, port, 0, SOCK_STREAM):
	  File &quot;/usr/local/lib/python3.10/socket.py&quot;, line 955, in getaddrinfo
	    for res in _socket.getaddrinfo(host, port, family, type, proto, flags):
	socket.gaierror: [Errno -3] Temporary failure in name resolution
	
	During handling of the above exception, another exception occurred:
	
	Traceback (most recent call last):
	  File &quot;&lt;string&gt;&quot;, line 2, in &lt;module&gt;
	  File &quot;/usr/local/lib/python3.10/urllib/request.py&quot;, line 216, in urlopen
	    return opener.open(url, data, timeout)
	  File &quot;/usr/local/lib/python3.10/urllib/request.py&quot;, line 519, in open
	    response = self._open(req, data)
	  File &quot;/usr/local/lib/python3.10/urllib/request.py&quot;, line 536, in _open
	    result = self._call_chain(self.handle_open, protocol, protocol +
	  File &quot;/usr/local/lib/python3.10/urllib/request.py&quot;, line 496, in _call_chain
	    result = func(*args)
	  File &quot;/usr/local/lib/python3.10/urllib/request.py&quot;, line 1377, in http_open
	    return self.do_open(http.client.HTTPConnection, req)
	  File &quot;/usr/local/lib/python3.10/urllib/request.py&quot;, line 1351, in do_open
	    raise URLError(err)
	urllib.error.URLError: &lt;urlopen error [Errno -3] Temporary failure in name resolution&gt;
	[2022-05-12T15:17:18+0200] [MainThread] [I] [cwltool] [job networkaccess2.cwl] Max memory used: 0MiB
	[2022-05-12T15:17:18+0200] [MainThread] [W] [cwltool] [job networkaccess2.cwl] completed permanentFail
	Traceback (most recent call last):
	  File &quot;/home/michael/common-workflow-language/toil5.6.0/lib/python3.10/site-packages/toil/worker.py&quot;, line 405, in workerScript
	    job._runner(jobGraph=None, jobStore=jobStore, fileStore=fileStore, defer=defer)
	  File &quot;/home/michael/common-workflow-language/toil5.6.0/lib/python3.10/site-packages/toil/job.py&quot;, line 2399, in _runner
	    returnValues = self._run(jobGraph=None, fileStore=fileStore)
	  File &quot;/home/michael/common-workflow-language/toil5.6.0/lib/python3.10/site-packages/toil/job.py&quot;, line 2317, in _run
	    return self.run(fileStore)
	  File &quot;/home/michael/common-workflow-language/toil5.6.0/lib/python3.10/site-packages/toil/cwl/cwltoil.py&quot;, line 2054, in run
	    raise cwltool.errors.WorkflowException(status)
	cwltool.errors.WorkflowException: permanentFail
	[2022-05-12T15:17:18+0200] [MainThread] [E] [toil.worker] Exiting the worker because of a failed job on host mrc-tux
&lt;=========
</system-err>
		</testcase>
		<testcase name="Test null and array input in InitialWorkDirRequirement" time="4.201982" class="resource, command_line_tool" file="stage_null_array" url="cwltest:conformance_tests#225">
			<system-out>{
    &quot;output&quot;: {
        &quot;location&quot;: &quot;file:///tmp/tmp3t82fdkt/lsout&quot;,
        &quot;basename&quot;: &quot;lsout&quot;,
        &quot;nameroot&quot;: &quot;lsout&quot;,
        &quot;nameext&quot;: &quot;&quot;,
        &quot;class&quot;: &quot;File&quot;,
        &quot;checksum&quot;: &quot;sha1$e453d26efd859a9abc80ae1a1d9d63db72376053&quot;,
        &quot;size&quot;: 32
    }
}</system-out>
			<system-err>[2022-05-12T15:17:15+0200] [MainThread] [I] [cwltool] Resolved 'tests/stage-array.cwl' to 'file:///home/michael/cwl-v1.1/tests/stage-array.cwl'
[2022-05-12T15:17:16+0200] [MainThread] [I] [toil.job] Saving graph of 1 jobs, 1 new
[2022-05-12T15:17:16+0200] [MainThread] [I] [toil.job] Processing job 'CWLJob' stage_array kind-CWLJob/instance-lsbwsf0b v0
[2022-05-12T15:17:16+0200] [MainThread] [I] [toil] Running Toil version 5.6.0-c34146a6437e4407a61e946e968bcce67a0ebbca on host mrc-tux.
[2022-05-12T15:17:16+0200] [MainThread] [I] [toil.leader] Issued job 'CWLJob' stage_array kind-CWLJob/instance-lsbwsf0b v1 with job batch system ID: 0 and cores: 1, disk: 3.0 Gi, and memory: 2.0 Gi
[2022-05-12T15:17:17+0200] [MainThread] [I] [toil.worker] Redirecting logging to /tmp/8cdb2a6b8250510b8b384d478b3f0c42/9504/worker_log.txt
[2022-05-12T15:17:17+0200] [MainThread] [I] [toil.leader] 0 jobs are running, 0 jobs are issued and waiting to run
[2022-05-12T15:17:18+0200] [MainThread] [I] [toil.leader] Finished toil run successfully.
[2022-05-12T15:17:18+0200] [MainThread] [I] [toil.common] Successfully deleted the job store: FileJobStore(/tmp/tmpvfengq81)
</system-err>
		</testcase>
		<testcase name="Test array of directories InitialWorkDirRequirement" time="4.112348" class="resource, command_line_tool" file="stage_array_dirs" url="cwltest:conformance_tests#226">
			<system-out>{
    &quot;output&quot;: [
        {
            &quot;location&quot;: &quot;file:///tmp/tmp2heb3pti/a&quot;,
            &quot;basename&quot;: &quot;a&quot;,
            &quot;nameroot&quot;: &quot;a&quot;,
            &quot;nameext&quot;: &quot;&quot;,
            &quot;class&quot;: &quot;File&quot;,
            &quot;checksum&quot;: &quot;sha1$da39a3ee5e6b4b0d3255bfef95601890afd80709&quot;,
            &quot;size&quot;: 0
        },
        {
            &quot;location&quot;: &quot;file:///tmp/tmp2heb3pti/B&quot;,
            &quot;basename&quot;: &quot;B&quot;,
            &quot;nameroot&quot;: &quot;B&quot;,
            &quot;nameext&quot;: &quot;&quot;,
            &quot;class&quot;: &quot;File&quot;,
            &quot;checksum&quot;: &quot;sha1$da39a3ee5e6b4b0d3255bfef95601890afd80709&quot;,
            &quot;size&quot;: 0
        }
    ]
}</system-out>
			<system-err>[2022-05-12T15:17:19+0200] [MainThread] [I] [cwltool] Resolved 'tests/stage-array-dirs.cwl' to 'file:///home/michael/cwl-v1.1/tests/stage-array-dirs.cwl'
[2022-05-12T15:17:20+0200] [MainThread] [I] [toil.job] Saving graph of 1 jobs, 1 new
[2022-05-12T15:17:20+0200] [MainThread] [I] [toil.job] Processing job 'CWLJob' stage_array_dirs kind-CWLJob/instance-_4vn2cru v0
[2022-05-12T15:17:20+0200] [MainThread] [I] [toil] Running Toil version 5.6.0-c34146a6437e4407a61e946e968bcce67a0ebbca on host mrc-tux.
[2022-05-12T15:17:20+0200] [MainThread] [I] [toil.leader] Issued job 'CWLJob' stage_array_dirs kind-CWLJob/instance-_4vn2cru v1 with job batch system ID: 0 and cores: 1, disk: 3.0 Gi, and memory: 2.0 Gi
[2022-05-12T15:17:21+0200] [MainThread] [I] [toil.worker] Redirecting logging to /tmp/45392f86557b5932a491e8020d0eaddd/58dd/worker_log.txt
[2022-05-12T15:17:21+0200] [MainThread] [I] [toil.leader] 0 jobs are running, 0 jobs are issued and waiting to run
[2022-05-12T15:17:22+0200] [MainThread] [I] [toil.leader] Finished toil run successfully.
[2022-05-12T15:17:22+0200] [MainThread] [I] [toil.common] Successfully deleted the job store: FileJobStore(/tmp/tmpdocjsgmo)
</system-err>
		</testcase>
		<testcase name="Test requirements in input document via EnvVarRequirement" time="4.213387" class="command_line_tool, input_object_requirements" file="cwl_requirements_addition" url="cwltest:conformance_tests#227">
			<system-out>{
    &quot;out&quot;: {
        &quot;location&quot;: &quot;file:///tmp/tmpqf9883dt/out&quot;,
        &quot;basename&quot;: &quot;out&quot;,
        &quot;nameroot&quot;: &quot;out&quot;,
        &quot;nameext&quot;: &quot;&quot;,
        &quot;class&quot;: &quot;File&quot;,
        &quot;checksum&quot;: &quot;sha1$b3ec4ed1749c207e52b3a6d08c59f31d83bff519&quot;,
        &quot;size&quot;: 15
    }
}</system-out>
			<system-err>[2022-05-12T15:17:19+0200] [MainThread] [I] [cwltool] Resolved 'tests/env-tool3.cwl' to 'file:///home/michael/cwl-v1.1/tests/env-tool3.cwl'
[2022-05-12T15:17:20+0200] [MainThread] [I] [toil.job] Saving graph of 1 jobs, 1 new
[2022-05-12T15:17:20+0200] [MainThread] [I] [toil.job] Processing job 'CWLJob' env-tool3.cwl kind-CWLJob/instance-s96qxx85 v0
[2022-05-12T15:17:20+0200] [MainThread] [I] [toil] Running Toil version 5.6.0-c34146a6437e4407a61e946e968bcce67a0ebbca on host mrc-tux.
[2022-05-12T15:17:20+0200] [MainThread] [I] [toil.leader] Issued job 'CWLJob' env-tool3.cwl kind-CWLJob/instance-s96qxx85 v1 with job batch system ID: 0 and cores: 1, disk: 3.0 Gi, and memory: 2.0 Gi
[2022-05-12T15:17:21+0200] [MainThread] [I] [toil.worker] Redirecting logging to /tmp/c107b38abbb75e91848a3d61e9fb8ef1/dabc/worker_log.txt
[2022-05-12T15:17:21+0200] [MainThread] [I] [toil.leader] 0 jobs are running, 0 jobs are issued and waiting to run
[2022-05-12T15:17:22+0200] [MainThread] [I] [toil.leader] Finished toil run successfully.
[2022-05-12T15:17:22+0200] [MainThread] [I] [toil.common] Successfully deleted the job store: FileJobStore(/tmp/tmp0wb1kin1)
</system-err>
		</testcase>
		<testcase name="Test conflicting requirements in input document via EnvVarRequirement and expression" time="4.469782" class="command_line_tool, input_object_requirements" file="cwl_requirements_override_expression" url="cwltest:conformance_tests#228">
			<system-out>{
    &quot;out&quot;: {
        &quot;location&quot;: &quot;file:///tmp/tmpy9n0swry/out&quot;,
        &quot;basename&quot;: &quot;out&quot;,
        &quot;nameroot&quot;: &quot;out&quot;,
        &quot;nameext&quot;: &quot;&quot;,
        &quot;class&quot;: &quot;File&quot;,
        &quot;checksum&quot;: &quot;sha1$b3ec4ed1749c207e52b3a6d08c59f31d83bff519&quot;,
        &quot;size&quot;: 15
    }
}</system-out>
			<system-err>[2022-05-12T15:17:22+0200] [MainThread] [I] [cwltool] Resolved 'tests/env-tool4.cwl' to 'file:///home/michael/cwl-v1.1/tests/env-tool4.cwl'
[2022-05-12T15:17:24+0200] [MainThread] [I] [toil.job] Saving graph of 1 jobs, 1 new
[2022-05-12T15:17:24+0200] [MainThread] [I] [toil.job] Processing job 'CWLJob' env-tool4.cwl kind-CWLJob/instance-_l4t4xr8 v0
[2022-05-12T15:17:24+0200] [MainThread] [I] [toil] Running Toil version 5.6.0-c34146a6437e4407a61e946e968bcce67a0ebbca on host mrc-tux.
[2022-05-12T15:17:24+0200] [MainThread] [I] [toil.leader] Issued job 'CWLJob' env-tool4.cwl kind-CWLJob/instance-_l4t4xr8 v1 with job batch system ID: 0 and cores: 1, disk: 3.0 Gi, and memory: 2.0 Gi
[2022-05-12T15:17:24+0200] [MainThread] [I] [toil.worker] Redirecting logging to /tmp/230057b444f95943a212aaf1eefec04c/424b/worker_log.txt
[2022-05-12T15:17:25+0200] [MainThread] [I] [toil.leader] 0 jobs are running, 0 jobs are issued and waiting to run
[2022-05-12T15:17:26+0200] [MainThread] [I] [toil.leader] Finished toil run successfully.
[2022-05-12T15:17:26+0200] [MainThread] [I] [toil.common] Successfully deleted the job store: FileJobStore(/tmp/tmpvw3nsu7h)
</system-err>
		</testcase>
		<testcase name="Test conflicting requirements in input document via EnvVarRequirement" time="4.783003" class="command_line_tool, input_object_requirements" file="cwl_requirements_override_static" url="cwltest:conformance_tests#229">
			<system-out>{
    &quot;out&quot;: {
        &quot;location&quot;: &quot;file:///tmp/tmpqp7yrl8s/out&quot;,
        &quot;basename&quot;: &quot;out&quot;,
        &quot;nameroot&quot;: &quot;out&quot;,
        &quot;nameext&quot;: &quot;&quot;,
        &quot;class&quot;: &quot;File&quot;,
        &quot;checksum&quot;: &quot;sha1$715e62184492851512a020c36ab7118eca114a59&quot;,
        &quot;size&quot;: 23
    }
}</system-out>
			<system-err>[2022-05-12T15:17:23+0200] [MainThread] [I] [cwltool] Resolved 'tests/env-tool3.cwl' to 'file:///home/michael/cwl-v1.1/tests/env-tool3.cwl'
[2022-05-12T15:17:25+0200] [MainThread] [I] [toil.job] Saving graph of 1 jobs, 1 new
[2022-05-12T15:17:25+0200] [MainThread] [I] [toil.job] Processing job 'CWLJob' env-tool3.cwl kind-CWLJob/instance-tq40vjwo v0
[2022-05-12T15:17:25+0200] [MainThread] [I] [toil] Running Toil version 5.6.0-c34146a6437e4407a61e946e968bcce67a0ebbca on host mrc-tux.
[2022-05-12T15:17:25+0200] [MainThread] [I] [toil.leader] Issued job 'CWLJob' env-tool3.cwl kind-CWLJob/instance-tq40vjwo v1 with job batch system ID: 0 and cores: 1, disk: 3.0 Gi, and memory: 2.0 Gi
[2022-05-12T15:17:25+0200] [MainThread] [I] [toil.worker] Redirecting logging to /tmp/fef9d558587b57459d684961db080e05/7eaa/worker_log.txt
[2022-05-12T15:17:26+0200] [MainThread] [I] [toil.leader] 0 jobs are running, 0 jobs are issued and waiting to run
[2022-05-12T15:17:27+0200] [MainThread] [I] [toil.leader] Finished toil run successfully.
[2022-05-12T15:17:27+0200] [MainThread] [I] [toil.common] Successfully deleted the job store: FileJobStore(/tmp/tmpsfm5i7cz)
</system-err>
		</testcase>
		<testcase name="Test output of InitialWorkDir" time="4.918521" class="initial_work_dir, command_line_tool" file="initial_work_dir_output" url="cwltest:conformance_tests#230">
			<system-out>{
    &quot;OUTPUT&quot;: {
        &quot;location&quot;: &quot;file:///tmp/tmp56rfp964/ref.fasta&quot;,
        &quot;basename&quot;: &quot;ref.fasta&quot;,
        &quot;nameroot&quot;: &quot;ref&quot;,
        &quot;nameext&quot;: &quot;.fasta&quot;,
        &quot;class&quot;: &quot;File&quot;,
        &quot;checksum&quot;: &quot;sha1$aeb3d11bdf536511649129f4077d5cda6a324118&quot;,
        &quot;size&quot;: 12010,
        &quot;secondaryFiles&quot;: [
            {
                &quot;basename&quot;: &quot;ref.fasta.fai&quot;,
                &quot;location&quot;: &quot;file:///tmp/tmp56rfp964/ref.fasta.fai&quot;,
                &quot;class&quot;: &quot;File&quot;,
                &quot;nameroot&quot;: &quot;ref.fasta&quot;,
                &quot;nameext&quot;: &quot;.fai&quot;,
                &quot;checksum&quot;: &quot;sha1$da39a3ee5e6b4b0d3255bfef95601890afd80709&quot;,
                &quot;size&quot;: 0
            }
        ]
    }
}</system-out>
			<system-err>[2022-05-12T15:17:23+0200] [MainThread] [I] [cwltool] Resolved 'tests/initialworkdir-glob-fullpath.cwl' to 'file:///home/michael/cwl-v1.1/tests/initialworkdir-glob-fullpath.cwl'
[2022-05-12T15:17:25+0200] [MainThread] [I] [toil.job] Saving graph of 1 jobs, 1 new
[2022-05-12T15:17:25+0200] [MainThread] [I] [toil.job] Processing job 'CWLJob' initialworkdir-glob-fullpath.cwl kind-CWLJob/instance-2px6aqdw v0
[2022-05-12T15:17:25+0200] [MainThread] [I] [toil] Running Toil version 5.6.0-c34146a6437e4407a61e946e968bcce67a0ebbca on host mrc-tux.
[2022-05-12T15:17:25+0200] [MainThread] [I] [toil.leader] Issued job 'CWLJob' initialworkdir-glob-fullpath.cwl kind-CWLJob/instance-2px6aqdw v1 with job batch system ID: 0 and cores: 1, disk: 3.0 Gi, and memory: 2.0 Gi
[2022-05-12T15:17:26+0200] [MainThread] [I] [toil.worker] Redirecting logging to /tmp/4442f670569850819edb9d7910370435/87e2/worker_log.txt
[2022-05-12T15:17:26+0200] [MainThread] [I] [toil.leader] 0 jobs are running, 0 jobs are issued and waiting to run
[2022-05-12T15:17:27+0200] [MainThread] [I] [toil.leader] Finished toil run successfully.
[2022-05-12T15:17:27+0200] [MainThread] [I] [toil.common] Successfully deleted the job store: FileJobStore(/tmp/tmpn45hg6_d)
</system-err>
		</testcase>
		<testcase name="Test if full paths are allowed in glob" time="4.818367" class="initial_work_dir, command_line_tool" file="glob_full_path" url="cwltest:conformance_tests#231">
			<system-out>{
    &quot;OUTPUT&quot;: {
        &quot;location&quot;: &quot;file:///tmp/tmp4ohf9wik/ref.fasta&quot;,
        &quot;basename&quot;: &quot;ref.fasta&quot;,
        &quot;nameroot&quot;: &quot;ref&quot;,
        &quot;nameext&quot;: &quot;.fasta&quot;,
        &quot;class&quot;: &quot;File&quot;,
        &quot;checksum&quot;: &quot;sha1$aeb3d11bdf536511649129f4077d5cda6a324118&quot;,
        &quot;size&quot;: 12010,
        &quot;secondaryFiles&quot;: [
            {
                &quot;basename&quot;: &quot;ref.fasta.fai&quot;,
                &quot;location&quot;: &quot;file:///tmp/tmp4ohf9wik/ref.fasta.fai&quot;,
                &quot;class&quot;: &quot;File&quot;,
                &quot;nameroot&quot;: &quot;ref.fasta&quot;,
                &quot;nameext&quot;: &quot;.fai&quot;,
                &quot;checksum&quot;: &quot;sha1$da39a3ee5e6b4b0d3255bfef95601890afd80709&quot;,
                &quot;size&quot;: 0
            }
        ]
    }
}</system-out>
			<system-err>[2022-05-12T15:17:25+0200] [MainThread] [I] [cwltool] Resolved 'tests/initialworkdir-glob-fullpath.cwl' to 'file:///home/michael/cwl-v1.1/tests/initialworkdir-glob-fullpath.cwl'
[2022-05-12T15:17:27+0200] [MainThread] [I] [toil.job] Saving graph of 1 jobs, 1 new
[2022-05-12T15:17:27+0200] [MainThread] [I] [toil.job] Processing job 'CWLJob' initialworkdir-glob-fullpath.cwl kind-CWLJob/instance-jnnk4t_o v0
[2022-05-12T15:17:27+0200] [MainThread] [I] [toil] Running Toil version 5.6.0-c34146a6437e4407a61e946e968bcce67a0ebbca on host mrc-tux.
[2022-05-12T15:17:27+0200] [MainThread] [I] [toil.leader] Issued job 'CWLJob' initialworkdir-glob-fullpath.cwl kind-CWLJob/instance-jnnk4t_o v1 with job batch system ID: 0 and cores: 1, disk: 3.0 Gi, and memory: 2.0 Gi
[2022-05-12T15:17:28+0200] [MainThread] [I] [toil.worker] Redirecting logging to /tmp/1f08ff52d42f58169139ee6ddfd8bf65/56e5/worker_log.txt
[2022-05-12T15:17:28+0200] [MainThread] [I] [toil.leader] 0 jobs are running, 0 jobs are issued and waiting to run
[2022-05-12T15:17:29+0200] [MainThread] [I] [toil.leader] Finished toil run successfully.
[2022-05-12T15:17:29+0200] [MainThread] [I] [toil.common] Successfully deleted the job store: FileJobStore(/tmp/tmpq005jziv)
</system-err>
		</testcase>
		<testcase name="Test fail trying to glob outside output directory" time="9.813797" class="required, command_line_tool" file="fail_glob_outside_output_dir" url="cwltest:conformance_tests#232">
			<system-err>[2022-05-12T15:17:27+0200] [MainThread] [I] [cwltool] Resolved 'tests/glob-path-error.cwl' to 'file:///home/michael/cwl-v1.1/tests/glob-path-error.cwl'
[2022-05-12T15:17:29+0200] [MainThread] [I] [toil.job] Saving graph of 1 jobs, 1 new
[2022-05-12T15:17:29+0200] [MainThread] [I] [toil.job] Processing job 'CWLJob' glob-path-error.cwl kind-CWLJob/instance-yats33di v0
[2022-05-12T15:17:29+0200] [MainThread] [I] [toil] Running Toil version 5.6.0-c34146a6437e4407a61e946e968bcce67a0ebbca on host mrc-tux.
[2022-05-12T15:17:29+0200] [MainThread] [I] [toil.leader] Issued job 'CWLJob' glob-path-error.cwl kind-CWLJob/instance-yats33di v1 with job batch system ID: 0 and cores: 1, disk: 3.0 Gi, and memory: 2.0 Gi
[2022-05-12T15:17:29+0200] [MainThread] [I] [toil.worker] Redirecting logging to /tmp/1d669772ac465424bb0e07c010fd150c/1620/worker_log.txt
[2022-05-12T15:17:31+0200] [Thread-1 (daddy)] [E] [toil.batchSystems.singleMachine] Got exit code 1 (indicating failure) from job _toil_worker CWLJob file:/tmp/tmp8lurfuiv kind-CWLJob/instance-yats33di.
[2022-05-12T15:17:31+0200] [MainThread] [W] [toil.leader] Job failed with exit value 1: 'CWLJob' glob-path-error.cwl kind-CWLJob/instance-yats33di v1
Exit reason: None
[2022-05-12T15:17:31+0200] [MainThread] [W] [toil.leader] The job seems to have left a log file, indicating failure: 'CWLJob' glob-path-error.cwl kind-CWLJob/instance-yats33di v2
[2022-05-12T15:17:31+0200] [MainThread] [W] [toil.leader] Log from job &quot;kind-CWLJob/instance-yats33di&quot; follows:
=========&gt;
	[2022-05-12T15:17:29+0200] [MainThread] [I] [toil.worker] ---TOIL WORKER OUTPUT LOG---
	[2022-05-12T15:17:29+0200] [MainThread] [I] [toil] Running Toil version 5.6.0-c34146a6437e4407a61e946e968bcce67a0ebbca on host mrc-tux.
	[2022-05-12T15:17:29+0200] [MainThread] [I] [toil.worker] Working on job 'CWLJob' glob-path-error.cwl kind-CWLJob/instance-yats33di v1
	[2022-05-12T15:17:30+0200] [MainThread] [I] [toil.worker] Loaded body Job('CWLJob' glob-path-error.cwl kind-CWLJob/instance-yats33di v1) from description 'CWLJob' glob-path-error.cwl kind-CWLJob/instance-yats33di v1
	[2022-05-12T15:17:30+0200] [MainThread] [W] [cwltool] [job glob-path-error.cwl] Skipping Docker software container '--memory' limit despite presence of ResourceRequirement with ramMin and/or ramMax setting. Consider running with --strict-memory-limit for increased portability assurance.
	[2022-05-12T15:17:30+0200] [MainThread] [I] [cwltool] [job glob-path-error.cwl] /tmp/tmphi5615_k$ docker \
	    run \
	    -i \
	    --mount=type=bind,source=/tmp/tmphi5615_k,target=/YKfgcI \
	    --mount=type=bind,source=/tmp/tmp7ydfkrp6,target=/tmp \
	    --workdir=/YKfgcI \
	    --read-only=true \
	    --net=none \
	    --user=1000:1000 \
	    --rm \
	    --cidfile=/tmp/tmp0ggda6vc/20220512151730-128109.cid \
	    --env=TMPDIR=/tmp \
	    --env=HOME=/YKfgcI \
	    debian:stretch-slim \
	    echo
	
	[2022-05-12T15:17:31+0200] [MainThread] [I] [cwltool] [job glob-path-error.cwl] Max memory used: 0MiB
	[2022-05-12T15:17:31+0200] [MainThread] [E] [cwltool] [job glob-path-error.cwl] Job error:
	(&quot;Error collecting output for parameter 'OUTPUT': tests/glob-path-error.cwl:17:7: glob patterns must not start with '/'&quot;, {})
	[2022-05-12T15:17:31+0200] [MainThread] [W] [cwltool] [job glob-path-error.cwl] completed permanentFail
	Traceback (most recent call last):
	  File &quot;/home/michael/common-workflow-language/toil5.6.0/lib/python3.10/site-packages/toil/worker.py&quot;, line 405, in workerScript
	    job._runner(jobGraph=None, jobStore=jobStore, fileStore=fileStore, defer=defer)
	  File &quot;/home/michael/common-workflow-language/toil5.6.0/lib/python3.10/site-packages/toil/job.py&quot;, line 2399, in _runner
	    returnValues = self._run(jobGraph=None, fileStore=fileStore)
	  File &quot;/home/michael/common-workflow-language/toil5.6.0/lib/python3.10/site-packages/toil/job.py&quot;, line 2317, in _run
	    return self.run(fileStore)
	  File &quot;/home/michael/common-workflow-language/toil5.6.0/lib/python3.10/site-packages/toil/cwl/cwltoil.py&quot;, line 2054, in run
	    raise cwltool.errors.WorkflowException(status)
	cwltool.errors.WorkflowException: permanentFail
	[2022-05-12T15:17:31+0200] [MainThread] [E] [toil.worker] Exiting the worker because of a failed job on host mrc-tux
&lt;=========
[2022-05-12T15:17:31+0200] [MainThread] [W] [toil.job] Due to failure we are reducing the remaining try count of job 'CWLJob' glob-path-error.cwl kind-CWLJob/instance-yats33di v2 with ID kind-CWLJob/instance-yats33di to 1
[2022-05-12T15:17:31+0200] [MainThread] [I] [toil.leader] 0 jobs are running, 0 jobs are issued and waiting to run
[2022-05-12T15:17:31+0200] [MainThread] [I] [toil.leader] Issued job 'CWLJob' glob-path-error.cwl kind-CWLJob/instance-yats33di v3 with job batch system ID: 1 and cores: 1, disk: 3.0 Gi, and memory: 2.0 Gi
[2022-05-12T15:17:31+0200] [MainThread] [I] [toil.worker] Redirecting logging to /tmp/1d669772ac465424bb0e07c010fd150c/36e1/worker_log.txt
[2022-05-12T15:17:33+0200] [Thread-1 (daddy)] [E] [toil.batchSystems.singleMachine] Got exit code 1 (indicating failure) from job _toil_worker CWLJob file:/tmp/tmp8lurfuiv kind-CWLJob/instance-yats33di.
[2022-05-12T15:17:33+0200] [MainThread] [W] [toil.leader] Job failed with exit value 1: 'CWLJob' glob-path-error.cwl kind-CWLJob/instance-yats33di v3
Exit reason: None
[2022-05-12T15:17:33+0200] [MainThread] [W] [toil.leader] The job seems to have left a log file, indicating failure: 'CWLJob' glob-path-error.cwl kind-CWLJob/instance-yats33di v5
[2022-05-12T15:17:33+0200] [MainThread] [W] [toil.leader] Log from job &quot;kind-CWLJob/instance-yats33di&quot; follows:
=========&gt;
	[2022-05-12T15:17:31+0200] [MainThread] [I] [toil.worker] ---TOIL WORKER OUTPUT LOG---
	[2022-05-12T15:17:31+0200] [MainThread] [I] [toil] Running Toil version 5.6.0-c34146a6437e4407a61e946e968bcce67a0ebbca on host mrc-tux.
	[2022-05-12T15:17:31+0200] [MainThread] [I] [toil.worker] Working on job 'CWLJob' glob-path-error.cwl kind-CWLJob/instance-yats33di v4
	[2022-05-12T15:17:31+0200] [MainThread] [I] [toil.worker] Loaded body Job('CWLJob' glob-path-error.cwl kind-CWLJob/instance-yats33di v4) from description 'CWLJob' glob-path-error.cwl kind-CWLJob/instance-yats33di v4
	[2022-05-12T15:17:32+0200] [MainThread] [W] [cwltool] [job glob-path-error.cwl] Skipping Docker software container '--memory' limit despite presence of ResourceRequirement with ramMin and/or ramMax setting. Consider running with --strict-memory-limit for increased portability assurance.
	[2022-05-12T15:17:32+0200] [MainThread] [I] [cwltool] [job glob-path-error.cwl] /tmp/tmpnp3twu69$ docker \
	    run \
	    -i \
	    --mount=type=bind,source=/tmp/tmpnp3twu69,target=/hQtJHX \
	    --mount=type=bind,source=/tmp/tmp0k_z0_r0,target=/tmp \
	    --workdir=/hQtJHX \
	    --read-only=true \
	    --net=none \
	    --user=1000:1000 \
	    --rm \
	    --cidfile=/tmp/tmpgpuhleo3/20220512151732-054006.cid \
	    --env=TMPDIR=/tmp \
	    --env=HOME=/hQtJHX \
	    debian:stretch-slim \
	    echo
	
	[2022-05-12T15:17:33+0200] [MainThread] [I] [cwltool] [job glob-path-error.cwl] Max memory used: 0MiB
	[2022-05-12T15:17:33+0200] [MainThread] [E] [cwltool] [job glob-path-error.cwl] Job error:
	(&quot;Error collecting output for parameter 'OUTPUT': tests/glob-path-error.cwl:17:7: glob patterns must not start with '/'&quot;, {})
	[2022-05-12T15:17:33+0200] [MainThread] [W] [cwltool] [job glob-path-error.cwl] completed permanentFail
	Traceback (most recent call last):
	  File &quot;/home/michael/common-workflow-language/toil5.6.0/lib/python3.10/site-packages/toil/worker.py&quot;, line 405, in workerScript
	    job._runner(jobGraph=None, jobStore=jobStore, fileStore=fileStore, defer=defer)
	  File &quot;/home/michael/common-workflow-language/toil5.6.0/lib/python3.10/site-packages/toil/job.py&quot;, line 2399, in _runner
	    returnValues = self._run(jobGraph=None, fileStore=fileStore)
	  File &quot;/home/michael/common-workflow-language/toil5.6.0/lib/python3.10/site-packages/toil/job.py&quot;, line 2317, in _run
	    return self.run(fileStore)
	  File &quot;/home/michael/common-workflow-language/toil5.6.0/lib/python3.10/site-packages/toil/cwl/cwltoil.py&quot;, line 2054, in run
	    raise cwltool.errors.WorkflowException(status)
	cwltool.errors.WorkflowException: permanentFail
	[2022-05-12T15:17:33+0200] [MainThread] [E] [toil.worker] Exiting the worker because of a failed job on host mrc-tux
&lt;=========
[2022-05-12T15:17:33+0200] [MainThread] [W] [toil.job] Due to failure we are reducing the remaining try count of job 'CWLJob' glob-path-error.cwl kind-CWLJob/instance-yats33di v5 with ID kind-CWLJob/instance-yats33di to 0
[2022-05-12T15:17:33+0200] [MainThread] [W] [toil.leader] Job 'CWLJob' glob-path-error.cwl kind-CWLJob/instance-yats33di v6 is completely failed
[2022-05-12T15:17:36+0200] [MainThread] [I] [toil.leader] Finished toil run with 1 failed jobs.
[2022-05-12T15:17:36+0200] [MainThread] [I] [toil.leader] Failed jobs at end of the run: 'CWLJob' glob-path-error.cwl kind-CWLJob/instance-yats33di v6
Traceback (most recent call last):
  File &quot;/home/michael/common-workflow-language/toil5.6.0/bin/toil-cwl-runner&quot;, line 8, in &lt;module&gt;
    sys.exit(main())
  File &quot;/home/michael/common-workflow-language/toil5.6.0/lib/python3.10/site-packages/toil/cwl/cwltoil.py&quot;, line 3486, in main
    outobj = toil.start(wf1)
  File &quot;/home/michael/common-workflow-language/toil5.6.0/lib/python3.10/site-packages/toil/common.py&quot;, line 951, in start
    return self._runMainLoop(rootJobDescription)
  File &quot;/home/michael/common-workflow-language/toil5.6.0/lib/python3.10/site-packages/toil/common.py&quot;, line 1278, in _runMainLoop
    jobCache=self._jobCache).run()
  File &quot;/home/michael/common-workflow-language/toil5.6.0/lib/python3.10/site-packages/toil/leader.py&quot;, line 289, in run
    raise FailedJobsException(self.jobStore, failed_jobs, exit_code=self.recommended_fail_exit_code)
toil.leader.FailedJobsException: The job store '/tmp/tmp8lurfuiv' contains 1 failed jobs: 'CWLJob' glob-path-error.cwl kind-CWLJob/instance-yats33di v6
Log from job &quot;'CWLJob' glob-path-error.cwl kind-CWLJob/instance-yats33di v6&quot; follows:
=========&gt;
	[2022-05-12T15:17:31+0200] [MainThread] [I] [toil.worker] ---TOIL WORKER OUTPUT LOG---
	[2022-05-12T15:17:31+0200] [MainThread] [I] [toil] Running Toil version 5.6.0-c34146a6437e4407a61e946e968bcce67a0ebbca on host mrc-tux.
	[2022-05-12T15:17:31+0200] [MainThread] [I] [toil.worker] Working on job 'CWLJob' glob-path-error.cwl kind-CWLJob/instance-yats33di v4
	[2022-05-12T15:17:31+0200] [MainThread] [I] [toil.worker] Loaded body Job('CWLJob' glob-path-error.cwl kind-CWLJob/instance-yats33di v4) from description 'CWLJob' glob-path-error.cwl kind-CWLJob/instance-yats33di v4
	[2022-05-12T15:17:32+0200] [MainThread] [W] [cwltool] [job glob-path-error.cwl] Skipping Docker software container '--memory' limit despite presence of ResourceRequirement with ramMin and/or ramMax setting. Consider running with --strict-memory-limit for increased portability assurance.
	[2022-05-12T15:17:32+0200] [MainThread] [I] [cwltool] [job glob-path-error.cwl] /tmp/tmpnp3twu69$ docker \
	    run \
	    -i \
	    --mount=type=bind,source=/tmp/tmpnp3twu69,target=/hQtJHX \
	    --mount=type=bind,source=/tmp/tmp0k_z0_r0,target=/tmp \
	    --workdir=/hQtJHX \
	    --read-only=true \
	    --net=none \
	    --user=1000:1000 \
	    --rm \
	    --cidfile=/tmp/tmpgpuhleo3/20220512151732-054006.cid \
	    --env=TMPDIR=/tmp \
	    --env=HOME=/hQtJHX \
	    debian:stretch-slim \
	    echo
	
	[2022-05-12T15:17:33+0200] [MainThread] [I] [cwltool] [job glob-path-error.cwl] Max memory used: 0MiB
	[2022-05-12T15:17:33+0200] [MainThread] [E] [cwltool] [job glob-path-error.cwl] Job error:
	(&quot;Error collecting output for parameter 'OUTPUT': tests/glob-path-error.cwl:17:7: glob patterns must not start with '/'&quot;, {})
	[2022-05-12T15:17:33+0200] [MainThread] [W] [cwltool] [job glob-path-error.cwl] completed permanentFail
	Traceback (most recent call last):
	  File &quot;/home/michael/common-workflow-language/toil5.6.0/lib/python3.10/site-packages/toil/worker.py&quot;, line 405, in workerScript
	    job._runner(jobGraph=None, jobStore=jobStore, fileStore=fileStore, defer=defer)
	  File &quot;/home/michael/common-workflow-language/toil5.6.0/lib/python3.10/site-packages/toil/job.py&quot;, line 2399, in _runner
	    returnValues = self._run(jobGraph=None, fileStore=fileStore)
	  File &quot;/home/michael/common-workflow-language/toil5.6.0/lib/python3.10/site-packages/toil/job.py&quot;, line 2317, in _run
	    return self.run(fileStore)
	  File &quot;/home/michael/common-workflow-language/toil5.6.0/lib/python3.10/site-packages/toil/cwl/cwltoil.py&quot;, line 2054, in run
	    raise cwltool.errors.WorkflowException(status)
	cwltool.errors.WorkflowException: permanentFail
	[2022-05-12T15:17:33+0200] [MainThread] [E] [toil.worker] Exiting the worker because of a failed job on host mrc-tux
&lt;=========
</system-err>
		</testcase>
		<testcase name="symlink to file outside of working directory should NOT be retrieved" time="10.084209" class="command_line_tool" file="symlink_to_file_out_of_workdir_illegal" url="cwltest:conformance_tests#233">
			<system-err>[2022-05-12T15:17:28+0200] [MainThread] [I] [cwltool] Resolved 'tests/symlink-illegal.cwl' to 'file:///home/michael/cwl-v1.1/tests/symlink-illegal.cwl'
[2022-05-12T15:17:30+0200] [MainThread] [I] [toil.job] Saving graph of 1 jobs, 1 new
[2022-05-12T15:17:30+0200] [MainThread] [I] [toil.job] Processing job 'CWLJob' symlink-illegal.cwl kind-CWLJob/instance-c0dlx850 v0
[2022-05-12T15:17:30+0200] [MainThread] [I] [toil] Running Toil version 5.6.0-c34146a6437e4407a61e946e968bcce67a0ebbca on host mrc-tux.
[2022-05-12T15:17:30+0200] [MainThread] [I] [toil.leader] Issued job 'CWLJob' symlink-illegal.cwl kind-CWLJob/instance-c0dlx850 v1 with job batch system ID: 0 and cores: 1, disk: 3.0 Gi, and memory: 2.0 Gi
[2022-05-12T15:17:30+0200] [MainThread] [I] [toil.worker] Redirecting logging to /tmp/c1730fac13de54eb9540c255b51a70b1/f561/worker_log.txt
[2022-05-12T15:17:32+0200] [Thread-1 (daddy)] [E] [toil.batchSystems.singleMachine] Got exit code 1 (indicating failure) from job _toil_worker CWLJob file:/tmp/tmpt3n5aape kind-CWLJob/instance-c0dlx850.
[2022-05-12T15:17:32+0200] [MainThread] [W] [toil.leader] Job failed with exit value 1: 'CWLJob' symlink-illegal.cwl kind-CWLJob/instance-c0dlx850 v1
Exit reason: None
[2022-05-12T15:17:32+0200] [MainThread] [W] [toil.leader] The job seems to have left a log file, indicating failure: 'CWLJob' symlink-illegal.cwl kind-CWLJob/instance-c0dlx850 v2
[2022-05-12T15:17:32+0200] [MainThread] [W] [toil.leader] Log from job &quot;kind-CWLJob/instance-c0dlx850&quot; follows:
=========&gt;
	[2022-05-12T15:17:30+0200] [MainThread] [I] [toil.worker] ---TOIL WORKER OUTPUT LOG---
	[2022-05-12T15:17:30+0200] [MainThread] [I] [toil] Running Toil version 5.6.0-c34146a6437e4407a61e946e968bcce67a0ebbca on host mrc-tux.
	[2022-05-12T15:17:30+0200] [MainThread] [I] [toil.worker] Working on job 'CWLJob' symlink-illegal.cwl kind-CWLJob/instance-c0dlx850 v1
	[2022-05-12T15:17:31+0200] [MainThread] [I] [toil.worker] Loaded body Job('CWLJob' symlink-illegal.cwl kind-CWLJob/instance-c0dlx850 v1) from description 'CWLJob' symlink-illegal.cwl kind-CWLJob/instance-c0dlx850 v1
	[2022-05-12T15:17:31+0200] [MainThread] [W] [cwltool] [job symlink-illegal.cwl] Skipping Docker software container '--memory' limit despite presence of ResourceRequirement with ramMin and/or ramMax setting. Consider running with --strict-memory-limit for increased portability assurance.
	[2022-05-12T15:17:31+0200] [MainThread] [I] [cwltool] [job symlink-illegal.cwl] /tmp/tmpxpagfgpx$ docker \
	    run \
	    -i \
	    --mount=type=bind,source=/tmp/tmpxpagfgpx,target=/SmxiSq \
	    --mount=type=bind,source=/tmp/tmpui_zc6rz,target=/tmp \
	    --workdir=/SmxiSq \
	    --read-only=true \
	    --net=none \
	    --user=1000:1000 \
	    --rm \
	    --cidfile=/tmp/tmpy1pvaxzs/20220512151731-270242.cid \
	    --env=TMPDIR=/tmp \
	    --env=HOME=/SmxiSq \
	    alpine \
	    /bin/sh \
	    -c \
	    echo 'Who'&quot;'&quot;'s gonna drive you home' &gt; /tmp/original.txt  &amp;&amp;  ln -s /tmp/original.txt symlink.txt
	[2022-05-12T15:17:32+0200] [MainThread] [I] [cwltool] [job symlink-illegal.cwl] Max memory used: 0MiB
	[2022-05-12T15:17:32+0200] [MainThread] [E] [cwltool] [job symlink-illegal.cwl] Job error:
	Error validating output record. Does not exist or is not a Directory: 'file:///tmp/tmpxpagfgpx/symlink.txt'
	 in {
	    &quot;output_file&quot;: {
	        &quot;location&quot;: &quot;file:///tmp/tmpxpagfgpx/symlink.txt&quot;,
	        &quot;basename&quot;: &quot;symlink.txt&quot;,
	        &quot;nameroot&quot;: &quot;symlink&quot;,
	        &quot;nameext&quot;: &quot;.txt&quot;,
	        &quot;class&quot;: &quot;Directory&quot;
	    }
	}
	[2022-05-12T15:17:32+0200] [MainThread] [W] [cwltool] [job symlink-illegal.cwl] completed permanentFail
	Traceback (most recent call last):
	  File &quot;/home/michael/common-workflow-language/toil5.6.0/lib/python3.10/site-packages/toil/worker.py&quot;, line 405, in workerScript
	    job._runner(jobGraph=None, jobStore=jobStore, fileStore=fileStore, defer=defer)
	  File &quot;/home/michael/common-workflow-language/toil5.6.0/lib/python3.10/site-packages/toil/job.py&quot;, line 2399, in _runner
	    returnValues = self._run(jobGraph=None, fileStore=fileStore)
	  File &quot;/home/michael/common-workflow-language/toil5.6.0/lib/python3.10/site-packages/toil/job.py&quot;, line 2317, in _run
	    return self.run(fileStore)
	  File &quot;/home/michael/common-workflow-language/toil5.6.0/lib/python3.10/site-packages/toil/cwl/cwltoil.py&quot;, line 2054, in run
	    raise cwltool.errors.WorkflowException(status)
	cwltool.errors.WorkflowException: permanentFail
	[2022-05-12T15:17:32+0200] [MainThread] [E] [toil.worker] Exiting the worker because of a failed job on host mrc-tux
&lt;=========
[2022-05-12T15:17:32+0200] [MainThread] [W] [toil.job] Due to failure we are reducing the remaining try count of job 'CWLJob' symlink-illegal.cwl kind-CWLJob/instance-c0dlx850 v2 with ID kind-CWLJob/instance-c0dlx850 to 1
[2022-05-12T15:17:32+0200] [MainThread] [I] [toil.leader] 0 jobs are running, 0 jobs are issued and waiting to run
[2022-05-12T15:17:32+0200] [MainThread] [I] [toil.leader] Issued job 'CWLJob' symlink-illegal.cwl kind-CWLJob/instance-c0dlx850 v3 with job batch system ID: 1 and cores: 1, disk: 3.0 Gi, and memory: 2.0 Gi
[2022-05-12T15:17:32+0200] [MainThread] [I] [toil.worker] Redirecting logging to /tmp/c1730fac13de54eb9540c255b51a70b1/ef59/worker_log.txt
[2022-05-12T15:17:34+0200] [Thread-1 (daddy)] [E] [toil.batchSystems.singleMachine] Got exit code 1 (indicating failure) from job _toil_worker CWLJob file:/tmp/tmpt3n5aape kind-CWLJob/instance-c0dlx850.
[2022-05-12T15:17:34+0200] [MainThread] [W] [toil.leader] Job failed with exit value 1: 'CWLJob' symlink-illegal.cwl kind-CWLJob/instance-c0dlx850 v3
Exit reason: None
[2022-05-12T15:17:34+0200] [MainThread] [W] [toil.leader] The job seems to have left a log file, indicating failure: 'CWLJob' symlink-illegal.cwl kind-CWLJob/instance-c0dlx850 v5
[2022-05-12T15:17:34+0200] [MainThread] [W] [toil.leader] Log from job &quot;kind-CWLJob/instance-c0dlx850&quot; follows:
=========&gt;
	[2022-05-12T15:17:32+0200] [MainThread] [I] [toil.worker] ---TOIL WORKER OUTPUT LOG---
	[2022-05-12T15:17:32+0200] [MainThread] [I] [toil] Running Toil version 5.6.0-c34146a6437e4407a61e946e968bcce67a0ebbca on host mrc-tux.
	[2022-05-12T15:17:32+0200] [MainThread] [I] [toil.worker] Working on job 'CWLJob' symlink-illegal.cwl kind-CWLJob/instance-c0dlx850 v4
	[2022-05-12T15:17:33+0200] [MainThread] [I] [toil.worker] Loaded body Job('CWLJob' symlink-illegal.cwl kind-CWLJob/instance-c0dlx850 v4) from description 'CWLJob' symlink-illegal.cwl kind-CWLJob/instance-c0dlx850 v4
	[2022-05-12T15:17:33+0200] [MainThread] [W] [cwltool] [job symlink-illegal.cwl] Skipping Docker software container '--memory' limit despite presence of ResourceRequirement with ramMin and/or ramMax setting. Consider running with --strict-memory-limit for increased portability assurance.
	[2022-05-12T15:17:33+0200] [MainThread] [I] [cwltool] [job symlink-illegal.cwl] /tmp/tmpftj_fynp$ docker \
	    run \
	    -i \
	    --mount=type=bind,source=/tmp/tmpftj_fynp,target=/CrQnEt \
	    --mount=type=bind,source=/tmp/tmp4epq79cd,target=/tmp \
	    --workdir=/CrQnEt \
	    --read-only=true \
	    --net=none \
	    --user=1000:1000 \
	    --rm \
	    --cidfile=/tmp/tmpxeurqpao/20220512151733-113359.cid \
	    --env=TMPDIR=/tmp \
	    --env=HOME=/CrQnEt \
	    alpine \
	    /bin/sh \
	    -c \
	    echo 'Who'&quot;'&quot;'s gonna drive you home' &gt; /tmp/original.txt  &amp;&amp;  ln -s /tmp/original.txt symlink.txt
	[2022-05-12T15:17:34+0200] [MainThread] [I] [cwltool] [job symlink-illegal.cwl] Max memory used: 0MiB
	[2022-05-12T15:17:34+0200] [MainThread] [E] [cwltool] [job symlink-illegal.cwl] Job error:
	Error validating output record. Does not exist or is not a Directory: 'file:///tmp/tmpftj_fynp/symlink.txt'
	 in {
	    &quot;output_file&quot;: {
	        &quot;location&quot;: &quot;file:///tmp/tmpftj_fynp/symlink.txt&quot;,
	        &quot;basename&quot;: &quot;symlink.txt&quot;,
	        &quot;nameroot&quot;: &quot;symlink&quot;,
	        &quot;nameext&quot;: &quot;.txt&quot;,
	        &quot;class&quot;: &quot;Directory&quot;
	    }
	}
	[2022-05-12T15:17:34+0200] [MainThread] [W] [cwltool] [job symlink-illegal.cwl] completed permanentFail
	Traceback (most recent call last):
	  File &quot;/home/michael/common-workflow-language/toil5.6.0/lib/python3.10/site-packages/toil/worker.py&quot;, line 405, in workerScript
	    job._runner(jobGraph=None, jobStore=jobStore, fileStore=fileStore, defer=defer)
	  File &quot;/home/michael/common-workflow-language/toil5.6.0/lib/python3.10/site-packages/toil/job.py&quot;, line 2399, in _runner
	    returnValues = self._run(jobGraph=None, fileStore=fileStore)
	  File &quot;/home/michael/common-workflow-language/toil5.6.0/lib/python3.10/site-packages/toil/job.py&quot;, line 2317, in _run
	    return self.run(fileStore)
	  File &quot;/home/michael/common-workflow-language/toil5.6.0/lib/python3.10/site-packages/toil/cwl/cwltoil.py&quot;, line 2054, in run
	    raise cwltool.errors.WorkflowException(status)
	cwltool.errors.WorkflowException: permanentFail
	[2022-05-12T15:17:34+0200] [MainThread] [E] [toil.worker] Exiting the worker because of a failed job on host mrc-tux
&lt;=========
[2022-05-12T15:17:34+0200] [MainThread] [W] [toil.job] Due to failure we are reducing the remaining try count of job 'CWLJob' symlink-illegal.cwl kind-CWLJob/instance-c0dlx850 v5 with ID kind-CWLJob/instance-c0dlx850 to 0
[2022-05-12T15:17:34+0200] [MainThread] [W] [toil.leader] Job 'CWLJob' symlink-illegal.cwl kind-CWLJob/instance-c0dlx850 v6 is completely failed
[2022-05-12T15:17:37+0200] [MainThread] [I] [toil.leader] Finished toil run with 1 failed jobs.
[2022-05-12T15:17:37+0200] [MainThread] [I] [toil.leader] Failed jobs at end of the run: 'CWLJob' symlink-illegal.cwl kind-CWLJob/instance-c0dlx850 v6
Traceback (most recent call last):
  File &quot;/home/michael/common-workflow-language/toil5.6.0/bin/toil-cwl-runner&quot;, line 8, in &lt;module&gt;
    sys.exit(main())
  File &quot;/home/michael/common-workflow-language/toil5.6.0/lib/python3.10/site-packages/toil/cwl/cwltoil.py&quot;, line 3486, in main
    outobj = toil.start(wf1)
  File &quot;/home/michael/common-workflow-language/toil5.6.0/lib/python3.10/site-packages/toil/common.py&quot;, line 951, in start
    return self._runMainLoop(rootJobDescription)
  File &quot;/home/michael/common-workflow-language/toil5.6.0/lib/python3.10/site-packages/toil/common.py&quot;, line 1278, in _runMainLoop
    jobCache=self._jobCache).run()
  File &quot;/home/michael/common-workflow-language/toil5.6.0/lib/python3.10/site-packages/toil/leader.py&quot;, line 289, in run
    raise FailedJobsException(self.jobStore, failed_jobs, exit_code=self.recommended_fail_exit_code)
toil.leader.FailedJobsException: The job store '/tmp/tmpt3n5aape' contains 1 failed jobs: 'CWLJob' symlink-illegal.cwl kind-CWLJob/instance-c0dlx850 v6
Log from job &quot;'CWLJob' symlink-illegal.cwl kind-CWLJob/instance-c0dlx850 v6&quot; follows:
=========&gt;
	[2022-05-12T15:17:32+0200] [MainThread] [I] [toil.worker] ---TOIL WORKER OUTPUT LOG---
	[2022-05-12T15:17:32+0200] [MainThread] [I] [toil] Running Toil version 5.6.0-c34146a6437e4407a61e946e968bcce67a0ebbca on host mrc-tux.
	[2022-05-12T15:17:32+0200] [MainThread] [I] [toil.worker] Working on job 'CWLJob' symlink-illegal.cwl kind-CWLJob/instance-c0dlx850 v4
	[2022-05-12T15:17:33+0200] [MainThread] [I] [toil.worker] Loaded body Job('CWLJob' symlink-illegal.cwl kind-CWLJob/instance-c0dlx850 v4) from description 'CWLJob' symlink-illegal.cwl kind-CWLJob/instance-c0dlx850 v4
	[2022-05-12T15:17:33+0200] [MainThread] [W] [cwltool] [job symlink-illegal.cwl] Skipping Docker software container '--memory' limit despite presence of ResourceRequirement with ramMin and/or ramMax setting. Consider running with --strict-memory-limit for increased portability assurance.
	[2022-05-12T15:17:33+0200] [MainThread] [I] [cwltool] [job symlink-illegal.cwl] /tmp/tmpftj_fynp$ docker \
	    run \
	    -i \
	    --mount=type=bind,source=/tmp/tmpftj_fynp,target=/CrQnEt \
	    --mount=type=bind,source=/tmp/tmp4epq79cd,target=/tmp \
	    --workdir=/CrQnEt \
	    --read-only=true \
	    --net=none \
	    --user=1000:1000 \
	    --rm \
	    --cidfile=/tmp/tmpxeurqpao/20220512151733-113359.cid \
	    --env=TMPDIR=/tmp \
	    --env=HOME=/CrQnEt \
	    alpine \
	    /bin/sh \
	    -c \
	    echo 'Who'&quot;'&quot;'s gonna drive you home' &gt; /tmp/original.txt  &amp;&amp;  ln -s /tmp/original.txt symlink.txt
	[2022-05-12T15:17:34+0200] [MainThread] [I] [cwltool] [job symlink-illegal.cwl] Max memory used: 0MiB
	[2022-05-12T15:17:34+0200] [MainThread] [E] [cwltool] [job symlink-illegal.cwl] Job error:
	Error validating output record. Does not exist or is not a Directory: 'file:///tmp/tmpftj_fynp/symlink.txt'
	 in {
	    &quot;output_file&quot;: {
	        &quot;location&quot;: &quot;file:///tmp/tmpftj_fynp/symlink.txt&quot;,
	        &quot;basename&quot;: &quot;symlink.txt&quot;,
	        &quot;nameroot&quot;: &quot;symlink&quot;,
	        &quot;nameext&quot;: &quot;.txt&quot;,
	        &quot;class&quot;: &quot;Directory&quot;
	    }
	}
	[2022-05-12T15:17:34+0200] [MainThread] [W] [cwltool] [job symlink-illegal.cwl] completed permanentFail
	Traceback (most recent call last):
	  File &quot;/home/michael/common-workflow-language/toil5.6.0/lib/python3.10/site-packages/toil/worker.py&quot;, line 405, in workerScript
	    job._runner(jobGraph=None, jobStore=jobStore, fileStore=fileStore, defer=defer)
	  File &quot;/home/michael/common-workflow-language/toil5.6.0/lib/python3.10/site-packages/toil/job.py&quot;, line 2399, in _runner
	    returnValues = self._run(jobGraph=None, fileStore=fileStore)
	  File &quot;/home/michael/common-workflow-language/toil5.6.0/lib/python3.10/site-packages/toil/job.py&quot;, line 2317, in _run
	    return self.run(fileStore)
	  File &quot;/home/michael/common-workflow-language/toil5.6.0/lib/python3.10/site-packages/toil/cwl/cwltoil.py&quot;, line 2054, in run
	    raise cwltool.errors.WorkflowException(status)
	cwltool.errors.WorkflowException: permanentFail
	[2022-05-12T15:17:34+0200] [MainThread] [E] [toil.worker] Exiting the worker because of a failed job on host mrc-tux
&lt;=========
</system-err>
		</testcase>
		<testcase name="symlink to file inside of working directory should be retrieved" time="6.142693" class="command_line_tool" file="symlink-to-file-in-workdir-legal" url="cwltest:conformance_tests#234">
			<system-out>{
    &quot;output_file&quot;: {
        &quot;location&quot;: &quot;file:///tmp/tmply868ets/symlink.txt&quot;,
        &quot;basename&quot;: &quot;symlink.txt&quot;,
        &quot;nameroot&quot;: &quot;symlink&quot;,
        &quot;nameext&quot;: &quot;.txt&quot;,
        &quot;class&quot;: &quot;File&quot;,
        &quot;checksum&quot;: &quot;sha1$cd28ec34f3f9425aca544b6332453708e8aaa82a&quot;,
        &quot;size&quot;: 27
    }
}</system-out>
			<system-err>[2022-05-12T15:17:28+0200] [MainThread] [I] [cwltool] Resolved 'tests/symlink-legal.cwl' to 'file:///home/michael/cwl-v1.1/tests/symlink-legal.cwl'
[2022-05-12T15:17:30+0200] [MainThread] [I] [toil.job] Saving graph of 1 jobs, 1 new
[2022-05-12T15:17:30+0200] [MainThread] [I] [toil.job] Processing job 'CWLJob' symlink-legal.cwl kind-CWLJob/instance-btip9n8c v0
[2022-05-12T15:17:30+0200] [MainThread] [I] [toil] Running Toil version 5.6.0-c34146a6437e4407a61e946e968bcce67a0ebbca on host mrc-tux.
[2022-05-12T15:17:30+0200] [MainThread] [I] [toil.leader] Issued job 'CWLJob' symlink-legal.cwl kind-CWLJob/instance-btip9n8c v1 with job batch system ID: 0 and cores: 1, disk: 3.0 Gi, and memory: 2.0 Gi
[2022-05-12T15:17:31+0200] [MainThread] [I] [toil.worker] Redirecting logging to /tmp/79a7f0608ce35ebbac0e466cf062c8bf/297b/worker_log.txt
[2022-05-12T15:17:32+0200] [MainThread] [I] [toil.leader] 0 jobs are running, 0 jobs are issued and waiting to run
[2022-05-12T15:17:33+0200] [MainThread] [I] [toil.leader] Finished toil run successfully.
[2022-05-12T15:17:33+0200] [MainThread] [I] [toil.common] Successfully deleted the job store: FileJobStore(/tmp/tmpciz42v4i)
</system-err>
		</testcase>
		<testcase name="inplace update has side effect on file content" time="17.075952" class="inplace_update, workflow" file="inplace_update_on_file_content" url="cwltest:conformance_tests#235">
			<system-out>{
    &quot;a&quot;: 4,
    &quot;b&quot;: 4
}</system-out>
			<system-err>[2022-05-12T15:17:30+0200] [MainThread] [I] [cwltool] Resolved 'tests/inp_update_wf.cwl' to 'file:///home/michael/cwl-v1.1/tests/inp_update_wf.cwl'
[2022-05-12T15:17:37+0200] [MainThread] [W] [cwltool] Workflow checker warning:
tests/inp_update_wf.cwl:26:7: 'wait' is not an input parameter of
                              file:///home/michael/cwl-v1.1/tests/parseInt-tool.cwl, expected file1
[2022-05-12T15:17:37+0200] [MainThread] [I] [toil.job] Saving graph of 2 jobs, 2 new
[2022-05-12T15:17:37+0200] [MainThread] [I] [toil.job] Processing job 'ResolveIndirect' kind-ResolveIndirect/instance-b4t01m0b v0
[2022-05-12T15:17:37+0200] [MainThread] [I] [toil.job] Processing job 'CWLWorkflow' kind-CWLWorkflow/instance-uf8pibl3 v0
[2022-05-12T15:17:37+0200] [MainThread] [I] [toil] Running Toil version 5.6.0-c34146a6437e4407a61e946e968bcce67a0ebbca on host mrc-tux.
[2022-05-12T15:17:38+0200] [MainThread] [I] [toil.worker] Redirecting logging to /tmp/833444954e655113befc8f2e3cbd9677/7536/worker_log.txt
[2022-05-12T15:17:38+0200] [MainThread] [I] [toil.leader] 0 jobs are running, 0 jobs are issued and waiting to run
[2022-05-12T15:17:38+0200] [MainThread] [I] [toil.leader] Issued job 'CWLJob' inp_update_wf.cwl.step1.echo-file-tool.cwl kind-CWLJob/instance-t6wddu4s v1 with job batch system ID: 1 and cores: 1, disk: 3.0 Gi, and memory: 2.0 Gi
[2022-05-12T15:17:38+0200] [MainThread] [I] [toil.worker] Redirecting logging to /tmp/833444954e655113befc8f2e3cbd9677/4776/worker_log.txt
[2022-05-12T15:17:39+0200] [MainThread] [I] [toil.leader] Issued job 'CWLJob' inp_update_wf.cwl.step2.updateval_inplace.cwl kind-CWLJob/instance-16alubid v1 with job batch system ID: 2 and cores: 1, disk: 3.0 Gi, and memory: 2.0 Gi
[2022-05-12T15:17:39+0200] [MainThread] [I] [toil.worker] Redirecting logging to /tmp/833444954e655113befc8f2e3cbd9677/adb6/worker_log.txt
[2022-05-12T15:17:41+0200] [MainThread] [I] [toil.leader] Issued job 'CWLJob' inp_update_wf.cwl.step4.parseInt-tool.cwl kind-CWLJob/instance-amg_mj0x v1 with job batch system ID: 3 and cores: 1, disk: 3.0 Gi, and memory: 2.0 Gi
[2022-05-12T15:17:41+0200] [MainThread] [I] [toil.leader] Issued job 'CWLJob' inp_update_wf.cwl.step3.parseInt-tool.cwl kind-CWLJob/instance-0sdagj5z v1 with job batch system ID: 4 and cores: 1, disk: 3.0 Gi, and memory: 2.0 Gi
[2022-05-12T15:17:41+0200] [MainThread] [I] [toil.worker] Redirecting logging to /tmp/833444954e655113befc8f2e3cbd9677/c175/worker_log.txt
[2022-05-12T15:17:41+0200] [MainThread] [I] [toil.worker] Redirecting logging to /tmp/833444954e655113befc8f2e3cbd9677/39a5/worker_log.txt
[2022-05-12T15:17:42+0200] [MainThread] [I] [toil.leader] Issued job 'CWLJob' inp_update_wf.cwl.step2.updateval_inplace.cwl kind-CWLJob/instance-16alubid v3 with job batch system ID: 5 and cores: 1, disk: 3.0 Gi, and memory: 2.0 Gi
[2022-05-12T15:17:42+0200] [MainThread] [I] [toil.worker] Redirecting logging to /tmp/833444954e655113befc8f2e3cbd9677/303e/worker_log.txt
[2022-05-12T15:17:43+0200] [MainThread] [I] [toil.leader] Issued job 'CWLJob' inp_update_wf.cwl.step1.echo-file-tool.cwl kind-CWLJob/instance-t6wddu4s v2 with job batch system ID: 6 and cores: 1, disk: 3.0 Gi, and memory: 2.0 Gi
[2022-05-12T15:17:43+0200] [MainThread] [I] [toil.worker] Redirecting logging to /tmp/833444954e655113befc8f2e3cbd9677/9851/worker_log.txt
[2022-05-12T15:17:44+0200] [MainThread] [I] [toil.worker] Redirecting logging to /tmp/833444954e655113befc8f2e3cbd9677/44f6/worker_log.txt
[2022-05-12T15:17:45+0200] [MainThread] [I] [toil.worker] Redirecting logging to /tmp/833444954e655113befc8f2e3cbd9677/4d99/worker_log.txt
[2022-05-12T15:17:46+0200] [MainThread] [I] [toil.leader] Finished toil run successfully.
[2022-05-12T15:17:46+0200] [MainThread] [I] [toil.common] Successfully deleted the job store: FileJobStore(/tmp/tmp6ff1g62m)
</system-err>
		</testcase>
		<testcase name="inplace update has side effect on directory content" time="13.622618" class="inplace_update, workflow" file="inplace_update_on_dir_content" url="cwltest:conformance_tests#236">
			<system-out>{
    &quot;a&quot;: [
        {
            &quot;class&quot;: &quot;File&quot;,
            &quot;location&quot;: &quot;file:///tmp/tmppy324hau/blurb&quot;,
            &quot;basename&quot;: &quot;blurb&quot;,
            &quot;nameroot&quot;: &quot;blurb&quot;,
            &quot;nameext&quot;: &quot;&quot;,
            &quot;size&quot;: 0,
            &quot;checksum&quot;: &quot;sha1$da39a3ee5e6b4b0d3255bfef95601890afd80709&quot;
        }
    ],
    &quot;b&quot;: [
        {
            &quot;class&quot;: &quot;File&quot;,
            &quot;location&quot;: &quot;file:///tmp/tmppy324hau/blurb&quot;,
            &quot;basename&quot;: &quot;blurb&quot;,
            &quot;size&quot;: 0,
            &quot;nameroot&quot;: &quot;blurb&quot;,
            &quot;nameext&quot;: &quot;&quot;,
            &quot;checksum&quot;: &quot;sha1$da39a3ee5e6b4b0d3255bfef95601890afd80709&quot;
        }
    ]
}</system-out>
			<system-err>[2022-05-12T15:17:34+0200] [MainThread] [I] [cwltool] Resolved 'tests/inpdir_update_wf.cwl' to 'file:///home/michael/cwl-v1.1/tests/inpdir_update_wf.cwl'
[2022-05-12T15:17:39+0200] [MainThread] [I] [toil.job] Saving graph of 2 jobs, 2 new
[2022-05-12T15:17:39+0200] [MainThread] [I] [toil.job] Processing job 'ResolveIndirect' kind-ResolveIndirect/instance-ef9ahzpz v0
[2022-05-12T15:17:39+0200] [MainThread] [I] [toil.job] Processing job 'CWLWorkflow' kind-CWLWorkflow/instance-lofii7bg v0
[2022-05-12T15:17:39+0200] [MainThread] [I] [toil] Running Toil version 5.6.0-c34146a6437e4407a61e946e968bcce67a0ebbca on host mrc-tux.
[2022-05-12T15:17:40+0200] [MainThread] [I] [toil.worker] Redirecting logging to /tmp/a1030ec524ec551e955d3b3edc9da1d9/a8f5/worker_log.txt
[2022-05-12T15:17:40+0200] [MainThread] [I] [toil.leader] 0 jobs are running, 0 jobs are issued and waiting to run
[2022-05-12T15:17:40+0200] [MainThread] [I] [toil.leader] Issued job 'CWLJob' inpdir_update_wf.cwl.step1.mkdir.cwl kind-CWLJob/instance-rumljz5h v1 with job batch system ID: 1 and cores: 1, disk: 3.0 Gi, and memory: 2.0 Gi
[2022-05-12T15:17:40+0200] [MainThread] [I] [toil.worker] Redirecting logging to /tmp/a1030ec524ec551e955d3b3edc9da1d9/ca07/worker_log.txt
[2022-05-12T15:17:41+0200] [MainThread] [I] [toil.leader] Issued job 'CWLJob' inpdir_update_wf.cwl.step2.updatedir_inplace.cwl kind-CWLJob/instance-l3q5uv65 v1 with job batch system ID: 2 and cores: 1, disk: 3.0 Gi, and memory: 2.0 Gi
[2022-05-12T15:17:41+0200] [MainThread] [I] [toil.worker] Redirecting logging to /tmp/a1030ec524ec551e955d3b3edc9da1d9/df84/worker_log.txt
[2022-05-12T15:17:42+0200] [MainThread] [I] [toil.leader] Issued job 'CWLJob' inpdir_update_wf.cwl.step3._:7cc81181-5c84-41d3-bb73-e2f1658054b4 kind-CWLJob/instance-xsz73c3n v1 with job batch system ID: 3 and cores: 1, disk: 3.0 Gi, and memory: 2.0 Gi
[2022-05-12T15:17:42+0200] [MainThread] [I] [toil.worker] Redirecting logging to /tmp/a1030ec524ec551e955d3b3edc9da1d9/1a2c/worker_log.txt
[2022-05-12T15:17:43+0200] [MainThread] [I] [toil.leader] Issued job 'CWLJob' inpdir_update_wf.cwl.step2.updatedir_inplace.cwl kind-CWLJob/instance-l3q5uv65 v3 with job batch system ID: 4 and cores: 1, disk: 3.0 Gi, and memory: 2.0 Gi
[2022-05-12T15:17:43+0200] [MainThread] [I] [toil.worker] Redirecting logging to /tmp/a1030ec524ec551e955d3b3edc9da1d9/027c/worker_log.txt
[2022-05-12T15:17:44+0200] [MainThread] [I] [toil.leader] Issued job 'CWLJob' inpdir_update_wf.cwl.step1.mkdir.cwl kind-CWLJob/instance-rumljz5h v2 with job batch system ID: 5 and cores: 1, disk: 3.0 Gi, and memory: 2.0 Gi
[2022-05-12T15:17:44+0200] [MainThread] [I] [toil.worker] Redirecting logging to /tmp/a1030ec524ec551e955d3b3edc9da1d9/b2a4/worker_log.txt
[2022-05-12T15:17:45+0200] [MainThread] [I] [toil.worker] Redirecting logging to /tmp/a1030ec524ec551e955d3b3edc9da1d9/c1bf/worker_log.txt
[2022-05-12T15:17:46+0200] [MainThread] [I] [toil.worker] Redirecting logging to /tmp/a1030ec524ec551e955d3b3edc9da1d9/a537/worker_log.txt
[2022-05-12T15:17:47+0200] [MainThread] [I] [toil.leader] Finished toil run successfully.
[2022-05-12T15:17:47+0200] [MainThread] [I] [toil.common] Successfully deleted the job store: FileJobStore(/tmp/tmpij3auj3l)
</system-err>
		</testcase>
		<testcase name="Test that OutputBinding.glob accepts Directories" time="4.873724" class="required, command_line_tool" file="outputbinding_glob_directory" url="cwltest:conformance_tests#237">
			<system-out>{
    &quot;directories&quot;: [
        {
            &quot;location&quot;: &quot;file:///tmp/tmp3jd1havp/a_dir&quot;,
            &quot;basename&quot;: &quot;a_dir&quot;,
            &quot;nameroot&quot;: &quot;a_dir&quot;,
            &quot;nameext&quot;: &quot;&quot;,
            &quot;class&quot;: &quot;Directory&quot;,
            &quot;listing&quot;: []
        },
        {
            &quot;location&quot;: &quot;file:///tmp/tmp3jd1havp/b_dir&quot;,
            &quot;basename&quot;: &quot;b_dir&quot;,
            &quot;nameroot&quot;: &quot;b_dir&quot;,
            &quot;nameext&quot;: &quot;&quot;,
            &quot;class&quot;: &quot;Directory&quot;,
            &quot;listing&quot;: []
        },
        {
            &quot;location&quot;: &quot;file:///tmp/tmp3jd1havp/c_dir&quot;,
            &quot;basename&quot;: &quot;c_dir&quot;,
            &quot;nameroot&quot;: &quot;c_dir&quot;,
            &quot;nameext&quot;: &quot;&quot;,
            &quot;class&quot;: &quot;Directory&quot;,
            &quot;listing&quot;: []
        }
    ]
}</system-out>
			<system-err>[2022-05-12T15:17:37+0200] [MainThread] [I] [cwltool] Resolved 'tests/glob_directory.cwl' to 'file:///home/michael/cwl-v1.1/tests/glob_directory.cwl'
[2022-05-12T15:17:39+0200] [MainThread] [I] [toil.job] Saving graph of 1 jobs, 1 new
[2022-05-12T15:17:39+0200] [MainThread] [I] [toil.job] Processing job 'CWLJob' glob_directory.cwl kind-CWLJob/instance-kuwyvx7j v0
[2022-05-12T15:17:39+0200] [MainThread] [I] [toil] Running Toil version 5.6.0-c34146a6437e4407a61e946e968bcce67a0ebbca on host mrc-tux.
[2022-05-12T15:17:39+0200] [MainThread] [I] [toil.leader] Issued job 'CWLJob' glob_directory.cwl kind-CWLJob/instance-kuwyvx7j v1 with job batch system ID: 0 and cores: 1, disk: 3.0 Gi, and memory: 2.0 Gi
[2022-05-12T15:17:39+0200] [MainThread] [I] [toil.worker] Redirecting logging to /tmp/b8a34736b4e45db7867e2cd1141e3ac2/8022/worker_log.txt
[2022-05-12T15:17:40+0200] [MainThread] [I] [toil.leader] 0 jobs are running, 0 jobs are issued and waiting to run
[2022-05-12T15:17:41+0200] [MainThread] [I] [toil.leader] Finished toil run successfully.
[2022-05-12T15:17:41+0200] [MainThread] [I] [toil.common] Successfully deleted the job store: FileJobStore(/tmp/tmponerf2p4)
</system-err>
		</testcase>
		<testcase name="Test that array of input files can be staged to directory with entryname" time="6.223236" class="required, command_line_tool" file="stage_file_array_to_dir" url="cwltest:conformance_tests#238">
			<system-out>{
    &quot;output&quot;: [
        {
            &quot;location&quot;: &quot;file:///tmp/tmpzux5jfvs/sfa-1.txt&quot;,
            &quot;basename&quot;: &quot;sfa-1.txt&quot;,
            &quot;nameroot&quot;: &quot;sfa-1&quot;,
            &quot;nameext&quot;: &quot;.txt&quot;,
            &quot;class&quot;: &quot;File&quot;,
            &quot;checksum&quot;: &quot;sha1$4c1cd0638ab3580310823fd1556d27ecb4816df6&quot;,
            &quot;size&quot;: 49
        },
        {
            &quot;location&quot;: &quot;file:///tmp/tmpzux5jfvs/sfa-1.txt.sec&quot;,
            &quot;basename&quot;: &quot;sfa-1.txt.sec&quot;,
            &quot;nameroot&quot;: &quot;sfa-1.txt&quot;,
            &quot;nameext&quot;: &quot;.sec&quot;,
            &quot;class&quot;: &quot;File&quot;,
            &quot;checksum&quot;: &quot;sha1$40f4ee1bcd1a9466fcd2e48cf7fc3798025d2f9a&quot;,
            &quot;size&quot;: 59
        },
        {
            &quot;location&quot;: &quot;file:///tmp/tmpzux5jfvs/sfa-2.txt&quot;,
            &quot;basename&quot;: &quot;sfa-2.txt&quot;,
            &quot;nameroot&quot;: &quot;sfa-2&quot;,
            &quot;nameext&quot;: &quot;.txt&quot;,
            &quot;class&quot;: &quot;File&quot;,
            &quot;checksum&quot;: &quot;sha1$4c1cd0638ab3580310823fd1556d27ecb4816df6&quot;,
            &quot;size&quot;: 49
        },
        {
            &quot;location&quot;: &quot;file:///tmp/tmpzux5jfvs/sfa-2.txt.sec&quot;,
            &quot;basename&quot;: &quot;sfa-2.txt.sec&quot;,
            &quot;nameroot&quot;: &quot;sfa-2.txt&quot;,
            &quot;nameext&quot;: &quot;.sec&quot;,
            &quot;class&quot;: &quot;File&quot;,
            &quot;checksum&quot;: &quot;sha1$40f4ee1bcd1a9466fcd2e48cf7fc3798025d2f9a&quot;,
            &quot;size&quot;: 59
        }
    ]
}</system-out>
			<system-err>[2022-05-12T15:17:38+0200] [MainThread] [I] [cwltool] Resolved 'tests/stage_file_array.cwl' to 'file:///home/michael/cwl-v1.1/tests/stage_file_array.cwl'
[2022-05-12T15:17:40+0200] [MainThread] [I] [toil.job] Saving graph of 1 jobs, 1 new
[2022-05-12T15:17:40+0200] [MainThread] [I] [toil.job] Processing job 'CWLJob' stage_file_array kind-CWLJob/instance-xkbw35zy v0
[2022-05-12T15:17:40+0200] [MainThread] [I] [toil] Running Toil version 5.6.0-c34146a6437e4407a61e946e968bcce67a0ebbca on host mrc-tux.
[2022-05-12T15:17:40+0200] [MainThread] [I] [toil.leader] Issued job 'CWLJob' stage_file_array kind-CWLJob/instance-xkbw35zy v1 with job batch system ID: 0 and cores: 1, disk: 3.0 Gi, and memory: 2.0 Gi
[2022-05-12T15:17:41+0200] [MainThread] [I] [toil.worker] Redirecting logging to /tmp/19a18d2328bc50fd940d66a492fc1923/1bc9/worker_log.txt
[2022-05-12T15:17:41+0200] [MainThread] [I] [toil.leader] 0 jobs are running, 0 jobs are issued and waiting to run
[2022-05-12T15:17:43+0200] [MainThread] [I] [toil.leader] Finished toil run successfully.
[2022-05-12T15:17:43+0200] [MainThread] [I] [toil.common] Successfully deleted the job store: FileJobStore(/tmp/tmpisaawhze)
</system-err>
		</testcase>
		<testcase name="Test that array of input files can be staged to directory with basename" time="6.006675" class="required, command_line_tool" file="stage_file_array_to_dir_basename" url="cwltest:conformance_tests#239">
			<system-out>{
    &quot;output&quot;: [
        {
            &quot;location&quot;: &quot;file:///tmp/tmpxtlnre96/sfa-1.txt&quot;,
            &quot;basename&quot;: &quot;sfa-1.txt&quot;,
            &quot;nameroot&quot;: &quot;sfa-1&quot;,
            &quot;nameext&quot;: &quot;.txt&quot;,
            &quot;class&quot;: &quot;File&quot;,
            &quot;checksum&quot;: &quot;sha1$4c1cd0638ab3580310823fd1556d27ecb4816df6&quot;,
            &quot;size&quot;: 49
        },
        {
            &quot;location&quot;: &quot;file:///tmp/tmpxtlnre96/sfa-1.txt.sec&quot;,
            &quot;basename&quot;: &quot;sfa-1.txt.sec&quot;,
            &quot;nameroot&quot;: &quot;sfa-1.txt&quot;,
            &quot;nameext&quot;: &quot;.sec&quot;,
            &quot;class&quot;: &quot;File&quot;,
            &quot;checksum&quot;: &quot;sha1$40f4ee1bcd1a9466fcd2e48cf7fc3798025d2f9a&quot;,
            &quot;size&quot;: 59
        },
        {
            &quot;location&quot;: &quot;file:///tmp/tmpxtlnre96/sfa-2.txt&quot;,
            &quot;basename&quot;: &quot;sfa-2.txt&quot;,
            &quot;nameroot&quot;: &quot;sfa-2&quot;,
            &quot;nameext&quot;: &quot;.txt&quot;,
            &quot;class&quot;: &quot;File&quot;,
            &quot;checksum&quot;: &quot;sha1$4c1cd0638ab3580310823fd1556d27ecb4816df6&quot;,
            &quot;size&quot;: 49
        },
        {
            &quot;location&quot;: &quot;file:///tmp/tmpxtlnre96/sfa-2.txt.sec&quot;,
            &quot;basename&quot;: &quot;sfa-2.txt.sec&quot;,
            &quot;nameroot&quot;: &quot;sfa-2.txt&quot;,
            &quot;nameext&quot;: &quot;.sec&quot;,
            &quot;class&quot;: &quot;File&quot;,
            &quot;checksum&quot;: &quot;sha1$40f4ee1bcd1a9466fcd2e48cf7fc3798025d2f9a&quot;,
            &quot;size&quot;: 59
        }
    ]
}</system-out>
			<system-err>[2022-05-12T15:17:42+0200] [MainThread] [I] [cwltool] Resolved 'tests/stage_file_array_basename.cwl' to 'file:///home/michael/cwl-v1.1/tests/stage_file_array_basename.cwl'
[2022-05-12T15:17:44+0200] [MainThread] [I] [toil.job] Saving graph of 1 jobs, 1 new
[2022-05-12T15:17:44+0200] [MainThread] [I] [toil.job] Processing job 'CWLJob' stage_file_array_basename kind-CWLJob/instance-ir76j7is v0
[2022-05-12T15:17:44+0200] [MainThread] [I] [toil] Running Toil version 5.6.0-c34146a6437e4407a61e946e968bcce67a0ebbca on host mrc-tux.
[2022-05-12T15:17:44+0200] [MainThread] [I] [toil.leader] Issued job 'CWLJob' stage_file_array_basename kind-CWLJob/instance-ir76j7is v1 with job batch system ID: 0 and cores: 1, disk: 3.0 Gi, and memory: 2.0 Gi
[2022-05-12T15:17:44+0200] [MainThread] [I] [toil.worker] Redirecting logging to /tmp/7ca4d09f3811586791c473df19e18ca0/8f16/worker_log.txt
[2022-05-12T15:17:45+0200] [MainThread] [I] [toil.leader] 0 jobs are running, 0 jobs are issued and waiting to run
[2022-05-12T15:17:47+0200] [MainThread] [I] [toil.leader] Finished toil run successfully.
[2022-05-12T15:17:47+0200] [MainThread] [I] [toil.common] Successfully deleted the job store: FileJobStore(/tmp/tmp4tif7rlx)
</system-err>
		</testcase>
		<testcase name="Test that if array of input files are staged to directory with basename and entryname, entryname overrides" time="4.961519" class="required, command_line_tool" file="stage_file_array_to_dir_basename_entryname" url="cwltest:conformance_tests#240">
			<system-out>{
    &quot;output&quot;: [
        {
            &quot;location&quot;: &quot;file:///tmp/tmphwboc_qd/sfa-1.txt&quot;,
            &quot;basename&quot;: &quot;sfa-1.txt&quot;,
            &quot;nameroot&quot;: &quot;sfa-1&quot;,
            &quot;nameext&quot;: &quot;.txt&quot;,
            &quot;class&quot;: &quot;File&quot;,
            &quot;checksum&quot;: &quot;sha1$4c1cd0638ab3580310823fd1556d27ecb4816df6&quot;,
            &quot;size&quot;: 49
        },
        {
            &quot;location&quot;: &quot;file:///tmp/tmphwboc_qd/sfa-1.txt.sec&quot;,
            &quot;basename&quot;: &quot;sfa-1.txt.sec&quot;,
            &quot;nameroot&quot;: &quot;sfa-1.txt&quot;,
            &quot;nameext&quot;: &quot;.sec&quot;,
            &quot;class&quot;: &quot;File&quot;,
            &quot;checksum&quot;: &quot;sha1$40f4ee1bcd1a9466fcd2e48cf7fc3798025d2f9a&quot;,
            &quot;size&quot;: 59
        },
        {
            &quot;location&quot;: &quot;file:///tmp/tmphwboc_qd/sfa-2.txt&quot;,
            &quot;basename&quot;: &quot;sfa-2.txt&quot;,
            &quot;nameroot&quot;: &quot;sfa-2&quot;,
            &quot;nameext&quot;: &quot;.txt&quot;,
            &quot;class&quot;: &quot;File&quot;,
            &quot;checksum&quot;: &quot;sha1$4c1cd0638ab3580310823fd1556d27ecb4816df6&quot;,
            &quot;size&quot;: 49
        },
        {
            &quot;location&quot;: &quot;file:///tmp/tmphwboc_qd/sfa-2.txt.sec&quot;,
            &quot;basename&quot;: &quot;sfa-2.txt.sec&quot;,
            &quot;nameroot&quot;: &quot;sfa-2.txt&quot;,
            &quot;nameext&quot;: &quot;.sec&quot;,
            &quot;class&quot;: &quot;File&quot;,
            &quot;checksum&quot;: &quot;sha1$40f4ee1bcd1a9466fcd2e48cf7fc3798025d2f9a&quot;,
            &quot;size&quot;: 59
        }
    ]
}</system-out>
			<system-err>[2022-05-12T15:17:44+0200] [MainThread] [I] [cwltool] Resolved 'tests/stage_file_array_basename_and_entryname.cwl' to 'file:///home/michael/cwl-v1.1/tests/stage_file_array_basename_and_entryname.cwl'
[2022-05-12T15:17:46+0200] [MainThread] [I] [toil.job] Saving graph of 1 jobs, 1 new
[2022-05-12T15:17:46+0200] [MainThread] [I] [toil.job] Processing job 'CWLJob' stage_file_array_basename_and_entryname kind-CWLJob/instance-zmwg2iyt v0
[2022-05-12T15:17:46+0200] [MainThread] [I] [toil] Running Toil version 5.6.0-c34146a6437e4407a61e946e968bcce67a0ebbca on host mrc-tux.
[2022-05-12T15:17:46+0200] [MainThread] [I] [toil.leader] Issued job 'CWLJob' stage_file_array_basename_and_entryname kind-CWLJob/instance-zmwg2iyt v1 with job batch system ID: 0 and cores: 1, disk: 3.0 Gi, and memory: 2.0 Gi
[2022-05-12T15:17:47+0200] [MainThread] [I] [toil.worker] Redirecting logging to /tmp/1cb32f469c3952a4a5b5f7da86a711b6/2253/worker_log.txt
[2022-05-12T15:17:47+0200] [MainThread] [I] [toil.leader] 0 jobs are running, 0 jobs are issued and waiting to run
[2022-05-12T15:17:48+0200] [MainThread] [I] [toil.leader] Finished toil run successfully.
[2022-05-12T15:17:48+0200] [MainThread] [I] [toil.common] Successfully deleted the job store: FileJobStore(/tmp/tmpw76npe41)
</system-err>
		</testcase>
		<testcase name="Test that runtime.tmpdir is not runtime.outdir" time="4.607135" class="command_line_tool" file="tmpdir_is_not_outdir" url="cwltest:conformance_tests#241">
			<system-out>{
    &quot;foo&quot;: {
        &quot;class&quot;: &quot;File&quot;,
        &quot;basename&quot;: &quot;foo&quot;,
        &quot;location&quot;: &quot;file:///tmp/tmpbm_55gvc/foo&quot;,
        &quot;nameroot&quot;: &quot;foo&quot;,
        &quot;nameext&quot;: &quot;&quot;,
        &quot;checksum&quot;: &quot;sha1$fa98d6085770a79e44853d575cd3ab40c0f1f4de&quot;,
        &quot;size&quot;: 4
    }
}</system-out>
			<system-err>[2022-05-12T15:17:47+0200] [MainThread] [I] [cwltool] Resolved 'tests/runtime-paths-distinct.cwl' to 'file:///home/michael/cwl-v1.1/tests/runtime-paths-distinct.cwl'
[2022-05-12T15:17:49+0200] [MainThread] [I] [toil.job] Saving graph of 1 jobs, 1 new
[2022-05-12T15:17:49+0200] [MainThread] [I] [toil.job] Processing job 'CWLJob' runtime-paths-distinct.cwl kind-CWLJob/instance-xa8evl4r v0
[2022-05-12T15:17:49+0200] [MainThread] [I] [toil] Running Toil version 5.6.0-c34146a6437e4407a61e946e968bcce67a0ebbca on host mrc-tux.
[2022-05-12T15:17:49+0200] [MainThread] [I] [toil.leader] Issued job 'CWLJob' runtime-paths-distinct.cwl kind-CWLJob/instance-xa8evl4r v1 with job batch system ID: 0 and cores: 1, disk: 3.0 Gi, and memory: 2.0 Gi
[2022-05-12T15:17:49+0200] [MainThread] [I] [toil.worker] Redirecting logging to /tmp/90fbaa8406ef5cfb837c7478a0186d8d/99ca/worker_log.txt
[2022-05-12T15:17:49+0200] [MainThread] [I] [toil.leader] 0 jobs are running, 0 jobs are issued and waiting to run
[2022-05-12T15:17:51+0200] [MainThread] [I] [toil.leader] Finished toil run successfully.
[2022-05-12T15:17:51+0200] [MainThread] [I] [toil.common] Successfully deleted the job store: FileJobStore(/tmp/tmp6ue42tcv)
</system-err>
		</testcase>
		<testcase name="Test that default behavior is 'no_listing' if not specified" time="6.124095" class="command_line_tool" file="listing_default_none" url="cwltest:conformance_tests#242">
			<system-out>{
    &quot;out&quot;: true
}</system-out>
			<system-err>[2022-05-12T15:17:47+0200] [MainThread] [I] [cwltool] Resolved 'tests/listing_none1.cwl' to 'file:///home/michael/cwl-v1.1/tests/listing_none1.cwl'
[2022-05-12T15:17:50+0200] [MainThread] [I] [toil.job] Saving graph of 1 jobs, 1 new
[2022-05-12T15:17:50+0200] [MainThread] [I] [toil.job] Processing job 'CWLJob' listing_none1.cwl kind-CWLJob/instance-3jm9pv2b v0
[2022-05-12T15:17:50+0200] [MainThread] [I] [toil] Running Toil version 5.6.0-c34146a6437e4407a61e946e968bcce67a0ebbca on host mrc-tux.
[2022-05-12T15:17:50+0200] [MainThread] [I] [toil.leader] Issued job 'CWLJob' listing_none1.cwl kind-CWLJob/instance-3jm9pv2b v1 with job batch system ID: 0 and cores: 1, disk: 3.0 Gi, and memory: 2.0 Gi
[2022-05-12T15:17:50+0200] [MainThread] [I] [toil.worker] Redirecting logging to /tmp/baf3ee65faf3513e8253365c98f3765c/6e3d/worker_log.txt
[2022-05-12T15:17:51+0200] [MainThread] [I] [toil.leader] 0 jobs are running, 0 jobs are issued and waiting to run
[2022-05-12T15:17:53+0200] [MainThread] [I] [toil.leader] Finished toil run successfully.
[2022-05-12T15:17:53+0200] [MainThread] [I] [toil.common] Successfully deleted the job store: FileJobStore(/tmp/tmpbu3q0k21)
</system-err>
		</testcase>
		<testcase name="Test that 'listing' is not present when LoadListingRequirement is 'no_listing'" time="6.237362" class="command_line_tool" file="listing_requirement_none" url="cwltest:conformance_tests#243">
			<system-out>{
    &quot;out&quot;: true
}</system-out>
			<system-err>[2022-05-12T15:17:48+0200] [MainThread] [I] [cwltool] Resolved 'tests/listing_none2.cwl' to 'file:///home/michael/cwl-v1.1/tests/listing_none2.cwl'
[2022-05-12T15:17:50+0200] [MainThread] [I] [toil.job] Saving graph of 1 jobs, 1 new
[2022-05-12T15:17:50+0200] [MainThread] [I] [toil.job] Processing job 'CWLJob' listing_none2.cwl kind-CWLJob/instance-s58i9fc7 v0
[2022-05-12T15:17:50+0200] [MainThread] [I] [toil] Running Toil version 5.6.0-c34146a6437e4407a61e946e968bcce67a0ebbca on host mrc-tux.
[2022-05-12T15:17:50+0200] [MainThread] [I] [toil.leader] Issued job 'CWLJob' listing_none2.cwl kind-CWLJob/instance-s58i9fc7 v1 with job batch system ID: 0 and cores: 1, disk: 3.0 Gi, and memory: 2.0 Gi
[2022-05-12T15:17:51+0200] [MainThread] [I] [toil.worker] Redirecting logging to /tmp/eed2ad8b356650518f74c25e4b0a5147/0ede/worker_log.txt
[2022-05-12T15:17:51+0200] [MainThread] [I] [toil.leader] 0 jobs are running, 0 jobs are issued and waiting to run
[2022-05-12T15:17:53+0200] [MainThread] [I] [toil.leader] Finished toil run successfully.
[2022-05-12T15:17:53+0200] [MainThread] [I] [toil.common] Successfully deleted the job store: FileJobStore(/tmp/tmpwuzjjqgb)
</system-err>
		</testcase>
		<testcase name="Test that 'listing' is not present when loadListing on input parameter is 'no_listing'" time="5.292085" class="command_line_tool" file="listing_loadListing_none" url="cwltest:conformance_tests#244">
			<system-out>{
    &quot;out&quot;: true
}</system-out>
			<system-err>[2022-05-12T15:17:49+0200] [MainThread] [I] [cwltool] Resolved 'tests/listing_none3.cwl' to 'file:///home/michael/cwl-v1.1/tests/listing_none3.cwl'
[2022-05-12T15:17:51+0200] [MainThread] [I] [toil.job] Saving graph of 1 jobs, 1 new
[2022-05-12T15:17:51+0200] [MainThread] [I] [toil.job] Processing job 'CWLJob' listing_none3.cwl kind-CWLJob/instance-zg8peopi v0
[2022-05-12T15:17:51+0200] [MainThread] [I] [toil] Running Toil version 5.6.0-c34146a6437e4407a61e946e968bcce67a0ebbca on host mrc-tux.
[2022-05-12T15:17:51+0200] [MainThread] [I] [toil.leader] Issued job 'CWLJob' listing_none3.cwl kind-CWLJob/instance-zg8peopi v1 with job batch system ID: 0 and cores: 1, disk: 3.0 Gi, and memory: 2.0 Gi
[2022-05-12T15:17:52+0200] [MainThread] [I] [toil.worker] Redirecting logging to /tmp/a5eaf9146a3d5a78a08164768784ae8d/295e/worker_log.txt
[2022-05-12T15:17:52+0200] [MainThread] [I] [toil.leader] 0 jobs are running, 0 jobs are issued and waiting to run
[2022-05-12T15:17:54+0200] [MainThread] [I] [toil.leader] Finished toil run successfully.
[2022-05-12T15:17:54+0200] [MainThread] [I] [toil.common] Successfully deleted the job store: FileJobStore(/tmp/tmpqely1rdq)
</system-err>
		</testcase>
		<testcase name="Test that 'listing' is present in top directory object but not subdirectory object when LoadListingRequirement is 'shallow_listing'" time="5.168700" class="command_line_tool" file="listing_requirement_shallow" url="cwltest:conformance_tests#245">
			<system-out>{
    &quot;out&quot;: true
}</system-out>
			<system-err>[2022-05-12T15:17:52+0200] [MainThread] [I] [cwltool] Resolved 'tests/listing_shallow1.cwl' to 'file:///home/michael/cwl-v1.1/tests/listing_shallow1.cwl'
[2022-05-12T15:17:54+0200] [MainThread] [I] [toil.job] Saving graph of 1 jobs, 1 new
[2022-05-12T15:17:54+0200] [MainThread] [I] [toil.job] Processing job 'CWLJob' listing_shallow1.cwl kind-CWLJob/instance-jw2qt0z7 v0
[2022-05-12T15:17:54+0200] [MainThread] [I] [toil] Running Toil version 5.6.0-c34146a6437e4407a61e946e968bcce67a0ebbca on host mrc-tux.
[2022-05-12T15:17:54+0200] [MainThread] [I] [toil.leader] Issued job 'CWLJob' listing_shallow1.cwl kind-CWLJob/instance-jw2qt0z7 v1 with job batch system ID: 0 and cores: 1, disk: 3.0 Gi, and memory: 2.0 Gi
[2022-05-12T15:17:54+0200] [MainThread] [I] [toil.worker] Redirecting logging to /tmp/4ef3c157012f5c2da665a529423932ab/1202/worker_log.txt
[2022-05-12T15:17:55+0200] [MainThread] [I] [toil.leader] 0 jobs are running, 0 jobs are issued and waiting to run
[2022-05-12T15:17:56+0200] [MainThread] [I] [toil.leader] Finished toil run successfully.
[2022-05-12T15:17:56+0200] [MainThread] [I] [toil.common] Successfully deleted the job store: FileJobStore(/tmp/tmpwwa3vel4)
</system-err>
		</testcase>
		<testcase name="Test that 'listing' is present in top directory object but not subdirectory object when loadListing on input parameter loadListing is 'shallow_listing'" time="6.183907" class="command_line_tool" file="listing_loadListing_shallow" url="cwltest:conformance_tests#246">
			<system-out>{
    &quot;out&quot;: true
}</system-out>
			<system-err>[2022-05-12T15:17:54+0200] [MainThread] [I] [cwltool] Resolved 'tests/listing_shallow2.cwl' to 'file:///home/michael/cwl-v1.1/tests/listing_shallow2.cwl'
[2022-05-12T15:17:56+0200] [MainThread] [I] [toil.job] Saving graph of 1 jobs, 1 new
[2022-05-12T15:17:56+0200] [MainThread] [I] [toil.job] Processing job 'CWLJob' listing_shallow2.cwl kind-CWLJob/instance-aqm9a9j1 v0
[2022-05-12T15:17:56+0200] [MainThread] [I] [toil] Running Toil version 5.6.0-c34146a6437e4407a61e946e968bcce67a0ebbca on host mrc-tux.
[2022-05-12T15:17:56+0200] [MainThread] [I] [toil.leader] Issued job 'CWLJob' listing_shallow2.cwl kind-CWLJob/instance-aqm9a9j1 v1 with job batch system ID: 0 and cores: 1, disk: 3.0 Gi, and memory: 2.0 Gi
[2022-05-12T15:17:57+0200] [MainThread] [I] [toil.worker] Redirecting logging to /tmp/66836c58240f59a8865fef7dfab12b75/0487/worker_log.txt
[2022-05-12T15:17:57+0200] [MainThread] [I] [toil.leader] 0 jobs are running, 0 jobs are issued and waiting to run
[2022-05-12T15:17:59+0200] [MainThread] [I] [toil.leader] Finished toil run successfully.
[2022-05-12T15:17:59+0200] [MainThread] [I] [toil.common] Successfully deleted the job store: FileJobStore(/tmp/tmp0q5ra9ge)
</system-err>
		</testcase>
		<testcase name="Test that 'listing' is present in top directory object and in subdirectory objects when LoadListingRequirement is 'deep_listing'" time="6.255124" class="command_line_tool" file="listing_requirement_deep" url="cwltest:conformance_tests#247">
			<system-out>{
    &quot;out&quot;: true
}</system-out>
			<system-err>[2022-05-12T15:17:54+0200] [MainThread] [I] [cwltool] Resolved 'tests/listing_deep1.cwl' to 'file:///home/michael/cwl-v1.1/tests/listing_deep1.cwl'
[2022-05-12T15:17:57+0200] [MainThread] [I] [toil.job] Saving graph of 1 jobs, 1 new
[2022-05-12T15:17:57+0200] [MainThread] [I] [toil.job] Processing job 'CWLJob' listing_deep1.cwl kind-CWLJob/instance-ccdvh2wt v0
[2022-05-12T15:17:57+0200] [MainThread] [I] [toil] Running Toil version 5.6.0-c34146a6437e4407a61e946e968bcce67a0ebbca on host mrc-tux.
[2022-05-12T15:17:57+0200] [MainThread] [I] [toil.leader] Issued job 'CWLJob' listing_deep1.cwl kind-CWLJob/instance-ccdvh2wt v1 with job batch system ID: 0 and cores: 1, disk: 3.0 Gi, and memory: 2.0 Gi
[2022-05-12T15:17:57+0200] [MainThread] [I] [toil.worker] Redirecting logging to /tmp/a8fd81c673c254d9a72803e9227ef7f9/71be/worker_log.txt
[2022-05-12T15:17:58+0200] [MainThread] [I] [toil.leader] 0 jobs are running, 0 jobs are issued and waiting to run
[2022-05-12T15:18:00+0200] [MainThread] [I] [toil.leader] Finished toil run successfully.
[2022-05-12T15:18:00+0200] [MainThread] [I] [toil.common] Successfully deleted the job store: FileJobStore(/tmp/tmpzke74ih4)
</system-err>
		</testcase>
		<testcase name="Test that 'listing' is present in top directory object and in subdirectory objects when input parameter loadListing is 'deep_listing'" time="6.262358" class="command_line_tool" file="listing_loadListing_deep" url="cwltest:conformance_tests#248">
			<system-out>{
    &quot;out&quot;: true
}</system-out>
			<system-err>[2022-05-12T15:17:54+0200] [MainThread] [I] [cwltool] Resolved 'tests/listing_deep2.cwl' to 'file:///home/michael/cwl-v1.1/tests/listing_deep2.cwl'
[2022-05-12T15:17:57+0200] [MainThread] [I] [toil.job] Saving graph of 1 jobs, 1 new
[2022-05-12T15:17:57+0200] [MainThread] [I] [toil.job] Processing job 'CWLJob' listing_deep2.cwl kind-CWLJob/instance-gsyn5isj v0
[2022-05-12T15:17:57+0200] [MainThread] [I] [toil] Running Toil version 5.6.0-c34146a6437e4407a61e946e968bcce67a0ebbca on host mrc-tux.
[2022-05-12T15:17:57+0200] [MainThread] [I] [toil.leader] Issued job 'CWLJob' listing_deep2.cwl kind-CWLJob/instance-gsyn5isj v1 with job batch system ID: 0 and cores: 1, disk: 3.0 Gi, and memory: 2.0 Gi
[2022-05-12T15:17:57+0200] [MainThread] [I] [toil.worker] Redirecting logging to /tmp/afd4c7a753c2531f89af34595acbd519/eedc/worker_log.txt
[2022-05-12T15:17:58+0200] [MainThread] [I] [toil.leader] 0 jobs are running, 0 jobs are issued and waiting to run
[2022-05-12T15:18:00+0200] [MainThread] [I] [toil.leader] Finished toil run successfully.
[2022-05-12T15:18:00+0200] [MainThread] [I] [toil.common] Successfully deleted the job store: FileJobStore(/tmp/tmp4ist4k41)
</system-err>
		</testcase>
		<testcase name="Test for expression in the InputBinding.position field; also test using emoji in CWL document and tool output" time="6.443539" class="command_line_tool, required" file="inputBinding_position_expr" url="cwltest:conformance_tests#249">
			<system-out>{
    &quot;out&quot;: &quot;\ud83d\udd7a 1 singular sensation!\n&quot;
}</system-out>
			<system-err>[2022-05-12T15:17:57+0200] [MainThread] [I] [cwltool] Resolved 'tests/echo-position-expr.cwl' to 'file:///home/michael/cwl-v1.1/tests/echo-position-expr.cwl'
[2022-05-12T15:17:59+0200] [MainThread] [I] [toil.job] Saving graph of 1 jobs, 1 new
[2022-05-12T15:17:59+0200] [MainThread] [I] [toil.job] Processing job 'CWLJob' echo-position-expr.cwl kind-CWLJob/instance-kqs9zh51 v0
[2022-05-12T15:17:59+0200] [MainThread] [I] [toil] Running Toil version 5.6.0-c34146a6437e4407a61e946e968bcce67a0ebbca on host mrc-tux.
[2022-05-12T15:17:59+0200] [MainThread] [I] [toil.leader] Issued job 'CWLJob' echo-position-expr.cwl kind-CWLJob/instance-kqs9zh51 v1 with job batch system ID: 0 and cores: 1, disk: 3.0 Gi, and memory: 2.0 Gi
[2022-05-12T15:18:00+0200] [MainThread] [I] [toil.worker] Redirecting logging to /tmp/a75ed484fbd452f990b46cfbde6ab68e/e063/worker_log.txt
[2022-05-12T15:18:00+0200] [MainThread] [I] [toil.leader] 0 jobs are running, 0 jobs are issued and waiting to run
[2022-05-12T15:18:02+0200] [MainThread] [I] [toil.leader] Finished toil run successfully.
[2022-05-12T15:18:02+0200] [MainThread] [I] [toil.common] Successfully deleted the job store: FileJobStore(/tmp/tmpnwl_k261)
</system-err>
		</testcase>
		<testcase name="Can access exit code in outputEval" time="4.577543" class="command_line_tool, required" file="outputEval_exitCode" url="cwltest:conformance_tests#250">
			<system-out>{
    &quot;code&quot;: 7
}</system-out>
			<system-err>[2022-05-12T15:18:00+0200] [MainThread] [I] [cwltool] Resolved 'tests/exitcode.cwl' to 'file:///home/michael/cwl-v1.1/tests/exitcode.cwl'
[2022-05-12T15:18:02+0200] [MainThread] [I] [toil.job] Saving graph of 1 jobs, 1 new
[2022-05-12T15:18:02+0200] [MainThread] [I] [toil.job] Processing job 'CWLJob' exitcode.cwl kind-CWLJob/instance-051bbjkj v0
[2022-05-12T15:18:02+0200] [MainThread] [I] [toil] Running Toil version 5.6.0-c34146a6437e4407a61e946e968bcce67a0ebbca on host mrc-tux.
[2022-05-12T15:18:02+0200] [MainThread] [I] [toil.leader] Issued job 'CWLJob' exitcode.cwl kind-CWLJob/instance-051bbjkj v1 with job batch system ID: 0 and cores: 1, disk: 3.0 Gi, and memory: 2.0 Gi
[2022-05-12T15:18:02+0200] [MainThread] [I] [toil.worker] Redirecting logging to /tmp/c7d6f9a456575131ab647a8715d67763/e1cc/worker_log.txt
[2022-05-12T15:18:02+0200] [MainThread] [I] [toil.leader] 0 jobs are running, 0 jobs are issued and waiting to run
[2022-05-12T15:18:04+0200] [MainThread] [I] [toil.leader] Finished toil run successfully.
[2022-05-12T15:18:04+0200] [MainThread] [I] [toil.common] Successfully deleted the job store: FileJobStore(/tmp/tmpm7w3ggyh)
</system-err>
		</testcase>
		<testcase name="Test use of $graph without specifying which process to run" time="4.659270" class="required, command_line_tool" file="any_input_param_graph_no_default" url="cwltest:conformance_tests#251">
			<system-out>{
    &quot;out&quot;: &quot;hello test env\n&quot;
}</system-out>
			<system-err>[2022-05-12T15:18:00+0200] [MainThread] [I] [cwltool] Resolved 'tests/echo-tool-packed.cwl' to 'file:///home/michael/cwl-v1.1/tests/echo-tool-packed.cwl'
[2022-05-12T15:18:02+0200] [MainThread] [I] [toil.job] Saving graph of 1 jobs, 1 new
[2022-05-12T15:18:02+0200] [MainThread] [I] [toil.job] Processing job 'CWLJob' main kind-CWLJob/instance-7xzayqcb v0
[2022-05-12T15:18:02+0200] [MainThread] [I] [toil] Running Toil version 5.6.0-c34146a6437e4407a61e946e968bcce67a0ebbca on host mrc-tux.
[2022-05-12T15:18:02+0200] [MainThread] [I] [toil.leader] Issued job 'CWLJob' main kind-CWLJob/instance-7xzayqcb v1 with job batch system ID: 0 and cores: 1, disk: 3.0 Gi, and memory: 2.0 Gi
[2022-05-12T15:18:03+0200] [MainThread] [I] [toil.worker] Redirecting logging to /tmp/3da032f695265afaa29bd45f3a17c839/6ee2/worker_log.txt
[2022-05-12T15:18:03+0200] [MainThread] [I] [toil.leader] 0 jobs are running, 0 jobs are issued and waiting to run
[2022-05-12T15:18:04+0200] [MainThread] [I] [toil.leader] Finished toil run successfully.
[2022-05-12T15:18:04+0200] [MainThread] [I] [toil.common] Successfully deleted the job store: FileJobStore(/tmp/tmpnlzm7qpi)
</system-err>
		</testcase>
		<testcase name="Test use of $graph without specifying which process to run, hash-prefixed &quot;main&quot;" time="4.756349" class="required, command_line_tool" file="any_input_param_graph_no_default_hashmain" url="cwltest:conformance_tests#252">
			<system-out>{
    &quot;out&quot;: &quot;hello test env\n&quot;
}</system-out>
			<system-err>[2022-05-12T15:18:01+0200] [MainThread] [I] [cwltool] Resolved 'tests/echo-tool-packed2.cwl' to 'file:///home/michael/cwl-v1.1/tests/echo-tool-packed2.cwl'
[2022-05-12T15:18:03+0200] [MainThread] [I] [toil.job] Saving graph of 1 jobs, 1 new
[2022-05-12T15:18:03+0200] [MainThread] [I] [toil.job] Processing job 'CWLJob' main kind-CWLJob/instance-j33_6dp2 v0
[2022-05-12T15:18:03+0200] [MainThread] [I] [toil] Running Toil version 5.6.0-c34146a6437e4407a61e946e968bcce67a0ebbca on host mrc-tux.
[2022-05-12T15:18:03+0200] [MainThread] [I] [toil.leader] Issued job 'CWLJob' main kind-CWLJob/instance-j33_6dp2 v1 with job batch system ID: 0 and cores: 1, disk: 3.0 Gi, and memory: 2.0 Gi
[2022-05-12T15:18:03+0200] [MainThread] [I] [toil.worker] Redirecting logging to /tmp/e209a46db7ab500fb000cba5ccf2c251/5441/worker_log.txt
[2022-05-12T15:18:03+0200] [MainThread] [I] [toil.leader] 0 jobs are running, 0 jobs are issued and waiting to run
[2022-05-12T15:18:05+0200] [MainThread] [I] [toil.leader] Finished toil run successfully.
[2022-05-12T15:18:05+0200] [MainThread] [I] [toil.common] Successfully deleted the job store: FileJobStore(/tmp/tmpw11ugb3u)
</system-err>
		</testcase>
		<testcase name="Test that optional number output is returned as 0, not null" time="4.728475" class="required, inline_javascript, command_line_tool" file="optional_numerical_output_returns_0_not_null" url="cwltest:conformance_tests#253">
			<system-out>{
    &quot;out&quot;: 0
}</system-out>
			<system-err>[2022-05-12T15:18:03+0200] [MainThread] [I] [cwltool] Resolved 'tests/optional-numerical-output-0.cwl' to 'file:///home/michael/cwl-v1.1/tests/optional-numerical-output-0.cwl'
[2022-05-12T15:18:05+0200] [MainThread] [I] [toil.job] Saving graph of 1 jobs, 1 new
[2022-05-12T15:18:05+0200] [MainThread] [I] [toil.job] Processing job 'CWLJob' optional-numerical-output-0.cwl kind-CWLJob/instance-2fqri7on v0
[2022-05-12T15:18:05+0200] [MainThread] [I] [toil] Running Toil version 5.6.0-c34146a6437e4407a61e946e968bcce67a0ebbca on host mrc-tux.
[2022-05-12T15:18:05+0200] [MainThread] [I] [toil.leader] Issued job 'CWLJob' optional-numerical-output-0.cwl kind-CWLJob/instance-2fqri7on v1 with job batch system ID: 0 and cores: 1, disk: 3.0 Gi, and memory: 2.0 Gi
[2022-05-12T15:18:05+0200] [MainThread] [I] [toil.worker] Redirecting logging to /tmp/757f8799073f5856853f212cc612d4dd/6e26/worker_log.txt
[2022-05-12T15:18:06+0200] [MainThread] [I] [toil.leader] 0 jobs are running, 0 jobs are issued and waiting to run
[2022-05-12T15:18:07+0200] [MainThread] [I] [toil.leader] Finished toil run successfully.
[2022-05-12T15:18:07+0200] [MainThread] [I] [toil.common] Successfully deleted the job store: FileJobStore(/tmp/tmp4ynijii9)
</system-err>
		</testcase>
	</testsuite>
</testsuites>
